+ python /workspace/rn50/multiproc.py --nnodes 1 --node_rank 0 --nproc_per_node 4 --master_addr 127.0.0.1 --master_port=29500 /workspace/rn50/main.py --data-backend dali-cpu --raport-file /workspace/rn50/raport.json -j8 -p 1 --lr 1.024 --optimizer-batch-size -1 --warmup 8 --arch resnet50 -c fanin --label-smoothing 0.1 --lr-schedule cosine --mom 0.125 --wd 3.0517578125e-05 --workspace /workspace/rn50 -b 256 --epochs 1 --prof 150 --training-only --no-checkpoints --amp --dynamic-loss-scale /data/image
=> creating model '('resnet50', 'fanin', 1000)'
Version: {'net': <class 'image_classification.resnet.ResNet'>, 'block': <class 'image_classification.resnet.Bottleneck'>, 'layers': [3, 4, 6, 3], 'widths': [64, 128, 256, 512], 'expansion': 4}
Config: {'conv': <class 'torch.nn.modules.conv.Conv2d'>, 'conv_init': 'fan_in', 'nonlinearity': 'relu', 'last_bn_0_init': False, 'activation': <function <lambda> at 0x7f71646599d8>}
Num classes: 1000
i'm distributed in dali~~~~~~~~~~~~~~~~~
rank in dali:  0
world_size in dali:  4
read 886372 files from 698 directories
read 50000 files from 1000 directories
DLL 2020-09-22 12:15:12.751778 - PARAMETER data : /data/image  data_backend : dali-cpu  arch : resnet50  model_config : fanin  num_classes : 1000  workers : 8  epochs : 1  run_epochs : -1  batch_size : 256  optimizer_batch_size : -1  lr : 1.024  lr_schedule : cosine  warmup : 8  label_smoothing : 0.1  mixup : 0.0  momentum : 0.125  weight_decay : 3.0517578125e-05  bn_weight_decay : False  nesterov : False  print_freq : 1  resume : None  pretrained_weights :   fp16 : False  static_loss_scale : 1  dynamic_loss_scale : True  prof : 150  amp : True  seed : None  gather_checkpoints : False  raport_file : /workspace/rn50/raport.json  evaluate : False  training_only : True  save_checkpoints : False  checkpoint_filename : checkpoint.pth.tar  workspace : /workspace/rn50  memory_format : nchw  distributed : True  local_rank : 0  gpu : 8  world_size : 4 
 ! Weight decay NOT applied to BN parameters 
98
63
Selected optimization level O1:  Insert automatic casts around Pytorch functions and Tensor methods.

Defaults for this optimization level are:
enabled                : True
opt_level              : O1
cast_model_type        : None
patch_torch_functions  : True
keep_batchnorm_fp32    : None
master_weights         : None
loss_scale             : dynamic
Processing user overrides (additional kwargs that are not None)...
After processing overrides, optimization options are:
enabled                : True
opt_level              : O1
cast_model_type        : None
patch_torch_functions  : True
keep_batchnorm_fp32    : None
master_weights         : None
loss_scale             : dynamic
RUNNING EPOCHS FROM 0 TO 1
DLL 2020-09-22 12:15:26.980992 - Epoch: 0 Iteration: 1  train.loss : 7.09101  train.total_ips : 79.39 img/s
DLL 2020-09-22 12:15:27.395534 - Epoch: 0 Iteration: 2  train.loss : 7.00193  train.total_ips : 2471.00 img/s
DLL 2020-09-22 12:15:27.734648 - Epoch: 0 Iteration: 3  train.loss : 6.89433  train.total_ips : 3020.49 img/s
DLL 2020-09-22 12:15:28.057719 - Epoch: 0 Iteration: 4  train.loss : 6.92162  train.total_ips : 3170.34 img/s
DLL 2020-09-22 12:15:28.381621 - Epoch: 0 Iteration: 5  train.loss : 6.87734  train.total_ips : 3162.22 img/s
DLL 2020-09-22 12:15:28.704758 - Epoch: 0 Iteration: 6  train.loss : 6.84325  train.total_ips : 3169.75 img/s
DLL 2020-09-22 12:15:29.037552 - Epoch: 0 Iteration: 7  train.loss : 6.86524  train.total_ips : 3078.13 img/s
DLL 2020-09-22 12:15:29.367358 - Epoch: 0 Iteration: 8  train.loss : 6.81254  train.total_ips : 3105.99 img/s
DLL 2020-09-22 12:15:29.690327 - Epoch: 0 Iteration: 9  train.loss : 6.82668  train.total_ips : 3171.83 img/s
DLL 2020-09-22 12:15:30.026054 - Epoch: 0 Iteration: 10  train.loss : 6.78171  train.total_ips : 3051.36 img/s
DLL 2020-09-22 12:15:30.351961 - Epoch: 0 Iteration: 11  train.loss : 6.77414  train.total_ips : 3143.80 img/s
DLL 2020-09-22 12:15:30.674760 - Epoch: 0 Iteration: 12  train.loss : 6.76217  train.total_ips : 3173.09 img/s
DLL 2020-09-22 12:15:30.999009 - Epoch: 0 Iteration: 13  train.loss : 6.70582  train.total_ips : 3158.83 img/s
DLL 2020-09-22 12:15:31.324984 - Epoch: 0 Iteration: 14  train.loss : 6.74409  train.total_ips : 3142.14 img/s
DLL 2020-09-22 12:15:31.649083 - Epoch: 0 Iteration: 15  train.loss : 6.74216  train.total_ips : 3160.32 img/s
DLL 2020-09-22 12:15:31.972155 - Epoch: 0 Iteration: 16  train.loss : 6.76393  train.total_ips : 3170.81 img/s
DLL 2020-09-22 12:15:32.300775 - Epoch: 0 Iteration: 17  train.loss : 6.72932  train.total_ips : 3117.30 img/s
DLL 2020-09-22 12:15:32.627333 - Epoch: 0 Iteration: 18  train.loss : 6.73543  train.total_ips : 3137.32 img/s
DLL 2020-09-22 12:15:32.954256 - Epoch: 0 Iteration: 19  train.loss : 6.73460  train.total_ips : 3132.89 img/s
DLL 2020-09-22 12:15:33.281691 - Epoch: 0 Iteration: 20  train.loss : 6.72402  train.total_ips : 3128.47 img/s
DLL 2020-09-22 12:15:33.604809 - Epoch: 0 Iteration: 21  train.loss : 6.71716  train.total_ips : 3169.83 img/s
DLL 2020-09-22 12:15:33.933660 - Epoch: 0 Iteration: 22  train.loss : 6.73435  train.total_ips : 3115.12 img/s
DLL 2020-09-22 12:15:34.257039 - Epoch: 0 Iteration: 23  train.loss : 6.71799  train.total_ips : 3169.13 img/s
DLL 2020-09-22 12:15:34.580890 - Epoch: 0 Iteration: 24  train.loss : 6.71475  train.total_ips : 3162.22 img/s
DLL 2020-09-22 12:15:34.910657 - Epoch: 0 Iteration: 25  train.loss : 6.71447  train.total_ips : 3106.25 img/s
DLL 2020-09-22 12:15:35.239408 - Epoch: 0 Iteration: 26  train.loss : 6.73857  train.total_ips : 3115.61 img/s
DLL 2020-09-22 12:15:35.567143 - Epoch: 0 Iteration: 27  train.loss : 6.71130  train.total_ips : 3125.21 img/s
DLL 2020-09-22 12:15:35.895513 - Epoch: 0 Iteration: 28  train.loss : 6.70463  train.total_ips : 3119.23 img/s
DLL 2020-09-22 12:15:36.226303 - Epoch: 0 Iteration: 29  train.loss : 6.71177  train.total_ips : 3096.63 img/s
DLL 2020-09-22 12:15:36.554432 - Epoch: 0 Iteration: 30  train.loss : 6.69683  train.total_ips : 3121.63 img/s
DLL 2020-09-22 12:15:36.885621 - Epoch: 0 Iteration: 31  train.loss : 6.70911  train.total_ips : 3093.11 img/s
DLL 2020-09-22 12:15:37.213403 - Epoch: 0 Iteration: 32  train.loss : 6.72642  train.total_ips : 3124.71 img/s
DLL 2020-09-22 12:15:37.542061 - Epoch: 0 Iteration: 33  train.loss : 6.69446  train.total_ips : 3116.48 img/s
DLL 2020-09-22 12:15:37.870502 - Epoch: 0 Iteration: 34  train.loss : 6.67253  train.total_ips : 3118.51 img/s
DLL 2020-09-22 12:15:38.199391 - Epoch: 0 Iteration: 35  train.loss : 6.70436  train.total_ips : 3114.37 img/s
DLL 2020-09-22 12:15:38.527054 - Epoch: 0 Iteration: 36  train.loss : 6.68586  train.total_ips : 3125.87 img/s
DLL 2020-09-22 12:15:38.854871 - Epoch: 0 Iteration: 37  train.loss : 6.71422  train.total_ips : 3124.83 img/s
DLL 2020-09-22 12:15:39.177375 - Epoch: 0 Iteration: 38  train.loss : 6.70730  train.total_ips : 3175.94 img/s
DLL 2020-09-22 12:15:39.509435 - Epoch: 0 Iteration: 39  train.loss : 6.70926  train.total_ips : 3085.61 img/s
DLL 2020-09-22 12:15:39.838329 - Epoch: 0 Iteration: 40  train.loss : 6.72437  train.total_ips : 3114.32 img/s
DLL 2020-09-22 12:15:40.161150 - Epoch: 0 Iteration: 41  train.loss : 6.67931  train.total_ips : 3172.72 img/s
DLL 2020-09-22 12:15:40.485185 - Epoch: 0 Iteration: 42  train.loss : 6.69665  train.total_ips : 3160.94 img/s
DLL 2020-09-22 12:15:40.816374 - Epoch: 0 Iteration: 43  train.loss : 6.69479  train.total_ips : 3093.04 img/s
DLL 2020-09-22 12:15:41.140279 - Epoch: 0 Iteration: 44  train.loss : 6.71976  train.total_ips : 3162.85 img/s
DLL 2020-09-22 12:15:41.468432 - Epoch: 0 Iteration: 45  train.loss : 6.69319  train.total_ips : 3121.12 img/s
DLL 2020-09-22 12:15:41.792647 - Epoch: 0 Iteration: 46  train.loss : 6.69793  train.total_ips : 3159.20 img/s
DLL 2020-09-22 12:15:42.124514 - Epoch: 0 Iteration: 47  train.loss : 6.68027  train.total_ips : 3086.21 img/s
DLL 2020-09-22 12:15:42.457134 - Epoch: 0 Iteration: 48  train.loss : 6.69807  train.total_ips : 3079.32 img/s
DLL 2020-09-22 12:15:42.780094 - Epoch: 0 Iteration: 49  train.loss : 6.67872  train.total_ips : 3171.51 img/s
DLL 2020-09-22 12:15:43.105476 - Epoch: 0 Iteration: 50  train.loss : 6.67900  train.total_ips : 3147.78 img/s
DLL 2020-09-22 12:15:43.429750 - Epoch: 0 Iteration: 51  train.loss : 6.67351  train.total_ips : 3159.32 img/s
DLL 2020-09-22 12:15:43.753490 - Epoch: 0 Iteration: 52  train.loss : 6.68461  train.total_ips : 3163.87 img/s
DLL 2020-09-22 12:15:44.077317 - Epoch: 0 Iteration: 53  train.loss : 6.68073  train.total_ips : 3162.86 img/s
DLL 2020-09-22 12:15:44.400702 - Epoch: 0 Iteration: 54  train.loss : 6.72476  train.total_ips : 3167.26 img/s
DLL 2020-09-22 12:15:44.723600 - Epoch: 0 Iteration: 55  train.loss : 6.69600  train.total_ips : 3172.06 img/s
DLL 2020-09-22 12:15:45.052276 - Epoch: 0 Iteration: 56  train.loss : 6.68724  train.total_ips : 3116.28 img/s
DLL 2020-09-22 12:15:45.389770 - Epoch: 0 Iteration: 57  train.loss : 6.67297  train.total_ips : 3035.27 img/s
DLL 2020-09-22 12:15:45.713210 - Epoch: 0 Iteration: 58  train.loss : 6.68451  train.total_ips : 3166.64 img/s
DLL 2020-09-22 12:15:46.046331 - Epoch: 0 Iteration: 59  train.loss : 6.68322  train.total_ips : 3075.05 img/s
DLL 2020-09-22 12:15:46.369149 - Epoch: 0 Iteration: 60  train.loss : 6.69853  train.total_ips : 3172.90 img/s
DLL 2020-09-22 12:15:46.697290 - Epoch: 0 Iteration: 61  train.loss : 6.68084  train.total_ips : 3121.20 img/s
DLL 2020-09-22 12:15:47.021321 - Epoch: 0 Iteration: 62  train.loss : 6.67955  train.total_ips : 3161.01 img/s
DLL 2020-09-22 12:15:47.344467 - Epoch: 0 Iteration: 63  train.loss : 6.70804  train.total_ips : 3169.55 img/s
DLL 2020-09-22 12:15:47.674969 - Epoch: 0 Iteration: 64  train.loss : 6.69636  train.total_ips : 3098.99 img/s
DLL 2020-09-22 12:15:48.001896 - Epoch: 0 Iteration: 65  train.loss : 6.69920  train.total_ips : 3132.91 img/s
DLL 2020-09-22 12:15:48.329663 - Epoch: 0 Iteration: 66  train.loss : 6.67846  train.total_ips : 3124.93 img/s
DLL 2020-09-22 12:15:48.663429 - Epoch: 0 Iteration: 67  train.loss : 6.68651  train.total_ips : 3069.29 img/s
DLL 2020-09-22 12:15:48.990129 - Epoch: 0 Iteration: 68  train.loss : 6.64641  train.total_ips : 3135.08 img/s
DLL 2020-09-22 12:15:49.321118 - Epoch: 0 Iteration: 69  train.loss : 6.71842  train.total_ips : 3094.48 img/s
DLL 2020-09-22 12:15:49.654366 - Epoch: 0 Iteration: 70  train.loss : 6.64594  train.total_ips : 3073.52 img/s
DLL 2020-09-22 12:15:49.983906 - Epoch: 0 Iteration: 71  train.loss : 6.68150  train.total_ips : 3108.04 img/s
DLL 2020-09-22 12:15:50.312855 - Epoch: 0 Iteration: 72  train.loss : 6.61495  train.total_ips : 3113.67 img/s
DLL 2020-09-22 12:15:50.636772 - Epoch: 0 Iteration: 73  train.loss : 6.63214  train.total_ips : 3162.04 img/s
DLL 2020-09-22 12:15:50.960810 - Epoch: 0 Iteration: 74  train.loss : 6.65456  train.total_ips : 3160.92 img/s
DLL 2020-09-22 12:15:51.284564 - Epoch: 0 Iteration: 75  train.loss : 6.64981  train.total_ips : 3164.12 img/s
DLL 2020-09-22 12:15:51.611109 - Epoch: 0 Iteration: 76  train.loss : 6.63311  train.total_ips : 3136.62 img/s
DLL 2020-09-22 12:15:51.934888 - Epoch: 0 Iteration: 77  train.loss : 6.67064  train.total_ips : 3163.29 img/s
DLL 2020-09-22 12:15:52.258682 - Epoch: 0 Iteration: 78  train.loss : 6.66881  train.total_ips : 3163.36 img/s
DLL 2020-09-22 12:15:52.585090 - Epoch: 0 Iteration: 79  train.loss : 6.65815  train.total_ips : 3137.89 img/s
DLL 2020-09-22 12:15:52.908250 - Epoch: 0 Iteration: 80  train.loss : 6.66259  train.total_ips : 3169.45 img/s
DLL 2020-09-22 12:15:53.236852 - Epoch: 0 Iteration: 81  train.loss : 6.66567  train.total_ips : 3116.94 img/s
DLL 2020-09-22 12:15:53.561630 - Epoch: 0 Iteration: 82  train.loss : 6.64374  train.total_ips : 3153.67 img/s
DLL 2020-09-22 12:15:53.885120 - Epoch: 0 Iteration: 83  train.loss : 6.64127  train.total_ips : 3166.15 img/s
DLL 2020-09-22 12:15:54.208685 - Epoch: 0 Iteration: 84  train.loss : 6.65233  train.total_ips : 3165.50 img/s
DLL 2020-09-22 12:15:54.532399 - Epoch: 0 Iteration: 85  train.loss : 6.65526  train.total_ips : 3164.00 img/s
DLL 2020-09-22 12:15:54.856898 - Epoch: 0 Iteration: 86  train.loss : 6.65818  train.total_ips : 3156.86 img/s
DLL 2020-09-22 12:15:55.181122 - Epoch: 0 Iteration: 87  train.loss : 6.65008  train.total_ips : 3159.36 img/s
DLL 2020-09-22 12:15:55.512428 - Epoch: 0 Iteration: 88  train.loss : 6.65438  train.total_ips : 3091.38 img/s
DLL 2020-09-22 12:15:55.836541 - Epoch: 0 Iteration: 89  train.loss : 6.66883  train.total_ips : 3160.19 img/s
DLL 2020-09-22 12:15:56.168726 - Epoch: 0 Iteration: 90  train.loss : 6.62623  train.total_ips : 3083.98 img/s
DLL 2020-09-22 12:15:56.498593 - Epoch: 0 Iteration: 91  train.loss : 6.64658  train.total_ips : 3105.22 img/s
DLL 2020-09-22 12:15:56.822110 - Epoch: 0 Iteration: 92  train.loss : 6.63259  train.total_ips : 3166.56 img/s
DLL 2020-09-22 12:15:57.152665 - Epoch: 0 Iteration: 93  train.loss : 6.62674  train.total_ips : 3098.31 img/s
DLL 2020-09-22 12:15:57.483622 - Epoch: 0 Iteration: 94  train.loss : 6.62378  train.total_ips : 3094.86 img/s
DLL 2020-09-22 12:15:57.814323 - Epoch: 0 Iteration: 95  train.loss : 6.61783  train.total_ips : 3097.19 img/s
DLL 2020-09-22 12:15:58.138168 - Epoch: 0 Iteration: 96  train.loss : 6.65546  train.total_ips : 3162.80 img/s
DLL 2020-09-22 12:15:58.464342 - Epoch: 0 Iteration: 97  train.loss : 6.64740  train.total_ips : 3140.10 img/s
DLL 2020-09-22 12:15:58.792825 - Epoch: 0 Iteration: 98  train.loss : 6.64662  train.total_ips : 3118.68 img/s
DLL 2020-09-22 12:15:59.116098 - Epoch: 0 Iteration: 99  train.loss : 6.62347  train.total_ips : 3168.69 img/s
DLL 2020-09-22 12:15:59.442370 - Epoch: 0 Iteration: 100  train.loss : 6.59507  train.total_ips : 3139.25 img/s
DLL 2020-09-22 12:15:59.769752 - Epoch: 0 Iteration: 101  train.loss : 6.58828  train.total_ips : 3128.51 img/s
DLL 2020-09-22 12:16:00.093259 - Epoch: 0 Iteration: 102  train.loss : 6.62735  train.total_ips : 3166.04 img/s
DLL 2020-09-22 12:16:00.420293 - Epoch: 0 Iteration: 103  train.loss : 6.59943  train.total_ips : 3131.90 img/s
DLL 2020-09-22 12:16:00.743483 - Epoch: 0 Iteration: 104  train.loss : 6.63054  train.total_ips : 3169.28 img/s
DLL 2020-09-22 12:16:01.071976 - Epoch: 0 Iteration: 105  train.loss : 6.61546  train.total_ips : 3118.37 img/s
DLL 2020-09-22 12:16:01.395386 - Epoch: 0 Iteration: 106  train.loss : 6.60081  train.total_ips : 3167.19 img/s
DLL 2020-09-22 12:16:01.720976 - Epoch: 0 Iteration: 107  train.loss : 6.60653  train.total_ips : 3146.69 img/s
DLL 2020-09-22 12:16:02.044468 - Epoch: 0 Iteration: 108  train.loss : 6.61605  train.total_ips : 3166.04 img/s
DLL 2020-09-22 12:16:02.376316 - Epoch: 0 Iteration: 109  train.loss : 6.59262  train.total_ips : 3086.46 img/s
DLL 2020-09-22 12:16:02.704559 - Epoch: 0 Iteration: 110  train.loss : 6.59881  train.total_ips : 3120.36 img/s
DLL 2020-09-22 12:16:03.027618 - Epoch: 0 Iteration: 111  train.loss : 6.64864  train.total_ips : 3170.48 img/s
DLL 2020-09-22 12:16:03.359873 - Epoch: 0 Iteration: 112  train.loss : 6.60964  train.total_ips : 3083.24 img/s
DLL 2020-09-22 12:16:03.690319 - Epoch: 0 Iteration: 113  train.loss : 6.63322  train.total_ips : 3099.57 img/s
DLL 2020-09-22 12:16:04.022330 - Epoch: 0 Iteration: 114  train.loss : 6.54587  train.total_ips : 3085.54 img/s
DLL 2020-09-22 12:16:04.360646 - Epoch: 0 Iteration: 115  train.loss : 6.58488  train.total_ips : 3027.66 img/s
DLL 2020-09-22 12:16:04.683983 - Epoch: 0 Iteration: 116  train.loss : 6.62569  train.total_ips : 3167.95 img/s
DLL 2020-09-22 12:16:05.009718 - Epoch: 0 Iteration: 117  train.loss : 6.56843  train.total_ips : 3144.32 img/s
DLL 2020-09-22 12:16:05.334374 - Epoch: 0 Iteration: 118  train.loss : 6.61864  train.total_ips : 3154.85 img/s
DLL 2020-09-22 12:16:05.665242 - Epoch: 0 Iteration: 119  train.loss : 6.58068  train.total_ips : 3095.62 img/s
DLL 2020-09-22 12:16:06.000952 - Epoch: 0 Iteration: 120  train.loss : 6.62269  train.total_ips : 3050.92 img/s
DLL 2020-09-22 12:16:06.340758 - Epoch: 0 Iteration: 121  train.loss : 6.60730  train.total_ips : 3014.40 img/s
DLL 2020-09-22 12:16:06.669407 - Epoch: 0 Iteration: 122  train.loss : 6.60556  train.total_ips : 3116.79 img/s
DLL 2020-09-22 12:16:06.998404 - Epoch: 0 Iteration: 123  train.loss : 6.58538  train.total_ips : 3113.45 img/s
DLL 2020-09-22 12:16:07.326812 - Epoch: 0 Iteration: 124  train.loss : 6.55578  train.total_ips : 3119.03 img/s
DLL 2020-09-22 12:16:07.655784 - Epoch: 0 Iteration: 125  train.loss : 6.59343  train.total_ips : 3114.44 img/s
DLL 2020-09-22 12:16:07.985280 - Epoch: 0 Iteration: 126  train.loss : 6.58140  train.total_ips : 3108.65 img/s
DLL 2020-09-22 12:16:08.309125 - Epoch: 0 Iteration: 127  train.loss : 6.57391  train.total_ips : 3162.67 img/s
DLL 2020-09-22 12:16:08.641787 - Epoch: 0 Iteration: 128  train.loss : 6.58041  train.total_ips : 3081.08 img/s
DLL 2020-09-22 12:16:08.965763 - Epoch: 0 Iteration: 129  train.loss : 6.57153  train.total_ips : 3162.01 img/s
DLL 2020-09-22 12:16:09.303202 - Epoch: 0 Iteration: 130  train.loss : 6.58189  train.total_ips : 3035.17 img/s
DLL 2020-09-22 12:16:09.627595 - Epoch: 0 Iteration: 131  train.loss : 6.57477  train.total_ips : 3157.35 img/s
DLL 2020-09-22 12:16:09.964433 - Epoch: 0 Iteration: 132  train.loss : 6.53714  train.total_ips : 3040.99 img/s
DLL 2020-09-22 12:16:10.288247 - Epoch: 0 Iteration: 133  train.loss : 6.56819  train.total_ips : 3163.69 img/s
DLL 2020-09-22 12:16:10.625711 - Epoch: 0 Iteration: 134  train.loss : 6.49841  train.total_ips : 3035.67 img/s
DLL 2020-09-22 12:16:10.949952 - Epoch: 0 Iteration: 135  train.loss : 6.55174  train.total_ips : 3159.14 img/s
DLL 2020-09-22 12:16:11.279548 - Epoch: 0 Iteration: 136  train.loss : 6.54393  train.total_ips : 3108.04 img/s
DLL 2020-09-22 12:16:11.609761 - Epoch: 0 Iteration: 137  train.loss : 6.50400  train.total_ips : 3102.43 img/s
DLL 2020-09-22 12:16:11.941644 - Epoch: 0 Iteration: 138  train.loss : 6.49238  train.total_ips : 3086.44 img/s
DLL 2020-09-22 12:16:12.286741 - Epoch: 0 Iteration: 139  train.loss : 6.55820  train.total_ips : 2970.09 img/s
DLL 2020-09-22 12:16:12.612690 - Epoch: 0 Iteration: 140  train.loss : 6.52957  train.total_ips : 3144.89 img/s
DLL 2020-09-22 12:16:12.940506 - Epoch: 0 Iteration: 141  train.loss : 6.52795  train.total_ips : 3126.46 img/s
DLL 2020-09-22 12:16:13.285346 - Epoch: 0 Iteration: 142  train.loss : 6.57937  train.total_ips : 2970.01 img/s
DLL 2020-09-22 12:16:13.617202 - Epoch: 0 Iteration: 143  train.loss : 6.52491  train.total_ips : 3087.08 img/s
DLL 2020-09-22 12:16:13.941558 - Epoch: 0 Iteration: 144  train.loss : 6.52058  train.total_ips : 3157.78 img/s
DLL 2020-09-22 12:16:14.268317 - Epoch: 0 Iteration: 145  train.loss : 6.48910  train.total_ips : 3135.42 img/s
DLL 2020-09-22 12:16:14.593211 - Epoch: 0 Iteration: 146  train.loss : 6.51558  train.total_ips : 3153.84 img/s
DLL 2020-09-22 12:16:14.936637 - Epoch: 0 Iteration: 147  train.loss : 6.52227  train.total_ips : 2982.57 img/s
DLL 2020-09-22 12:16:15.260390 - Epoch: 0 Iteration: 148  train.loss : 6.48491  train.total_ips : 3163.57 img/s
DLL 2020-09-22 12:16:15.600263 - Epoch: 0 Iteration: 149  train.loss : 6.48504  train.total_ips : 3014.15 img/s
DLL 2020-09-22 12:16:15.938047 - Epoch: 0  train.loss : 6.66018  train.total_ips : 3099.05 img/s
DLL 2020-09-22 12:16:15.938225 - Epoch: 0  lr : 0.128  train.compute_ips : 3111.07 img/s train.data_time : 0.00132 s train.compute_time : 0.41095 s
DLL 2020-09-22 12:16:15.938456 - Summary: train.loss : 6.66018  train.total_ips : 3099.05 img/s
DLL 2020-09-22 12:16:15.938541 - Summary: lr : 0.128  train.compute_ips : 3111.07 img/s train.data_time : 0.00132 s train.compute_time : 0.41095 s
Experiment ended
['/opt/conda/bin/python', '-u', '/workspace/rn50/main.py', '--data-backend', 'dali-cpu', '--raport-file', '/workspace/rn50/raport.json', '-j8', '-p', '1', '--lr', '1.024', '--optimizer-batch-size', '-1', '--warmup', '8', '--arch', 'resnet50', '-c', 'fanin', '--label-smoothing', '0.1', '--lr-schedule', 'cosine', '--mom', '0.125', '--wd', '3.0517578125e-05', '--workspace', '/workspace/rn50', '-b', '256', '--epochs', '1', '--prof', '150', '--training-only', '--no-checkpoints', '--amp', '--dynamic-loss-scale', '/data/image']
['/opt/conda/bin/python', '-u', '/workspace/rn50/main.py', '--data-backend', 'dali-cpu', '--raport-file', '/workspace/rn50/raport.json', '-j8', '-p', '1', '--lr', '1.024', '--optimizer-batch-size', '-1', '--warmup', '8', '--arch', 'resnet50', '-c', 'fanin', '--label-smoothing', '0.1', '--lr-schedule', 'cosine', '--mom', '0.125', '--wd', '3.0517578125e-05', '--workspace', '/workspace/rn50', '-b', '256', '--epochs', '1', '--prof', '150', '--training-only', '--no-checkpoints', '--amp', '--dynamic-loss-scale', '/data/image']
['/opt/conda/bin/python', '-u', '/workspace/rn50/main.py', '--data-backend', 'dali-cpu', '--raport-file', '/workspace/rn50/raport.json', '-j8', '-p', '1', '--lr', '1.024', '--optimizer-batch-size', '-1', '--warmup', '8', '--arch', 'resnet50', '-c', 'fanin', '--label-smoothing', '0.1', '--lr-schedule', 'cosine', '--mom', '0.125', '--wd', '3.0517578125e-05', '--workspace', '/workspace/rn50', '-b', '256', '--epochs', '1', '--prof', '150', '--training-only', '--no-checkpoints', '--amp', '--dynamic-loss-scale', '/data/image']
['/opt/conda/bin/python', '-u', '/workspace/rn50/main.py', '--data-backend', 'dali-cpu', '--raport-file', '/workspace/rn50/raport.json', '-j8', '-p', '1', '--lr', '1.024', '--optimizer-batch-size', '-1', '--warmup', '8', '--arch', 'resnet50', '-c', 'fanin', '--label-smoothing', '0.1', '--lr-schedule', 'cosine', '--mom', '0.125', '--wd', '3.0517578125e-05', '--workspace', '/workspace/rn50', '-b', '256', '--epochs', '1', '--prof', '150', '--training-only', '--no-checkpoints', '--amp', '--dynamic-loss-scale', '/data/image']
