+ python /workspace/rn50/multiproc.py --nnodes 1 --node_rank 0 --nproc_per_node 4 --master_addr 127.0.0.1 --master_port=29500 /workspace/rn50/main.py --data-backend dali-cpu --raport-file /workspace/rn50/raport.json -j5 -p 1 --lr 0.512 --optimizer-batch-size -1 --warmup 8 --arch resnet50 -c fanin --label-smoothing 0.1 --lr-schedule cosine --mom 0.125 --wd 3.0517578125e-05 --workspace /workspace/rn50 -b 128 --epochs 1 --prof 150 --training-only --no-checkpoints /data/image
=> creating model '('resnet50', 'fanin', 1000)'
Version: {'net': <class 'image_classification.resnet.ResNet'>, 'block': <class 'image_classification.resnet.Bottleneck'>, 'layers': [3, 4, 6, 3], 'widths': [64, 128, 256, 512], 'expansion': 4}
Config: {'conv': <class 'torch.nn.modules.conv.Conv2d'>, 'conv_init': 'fan_in', 'nonlinearity': 'relu', 'last_bn_0_init': False, 'activation': <function <lambda> at 0x7f70d31259d8>}
Num classes: 1000
i'm distributed in dali~~~~~~~~~~~~~~~~~
rank in dali:  0
world_size in dali:  4
read 3545488 files from 2792 directories
read 50000 files from 1000 directories
DLL 2020-10-03 23:00:57.497438 - PARAMETER data : /data/image  data_backend : dali-cpu  arch : resnet50  model_config : fanin  num_classes : 1000  workers : 5  epochs : 1  run_epochs : -1  batch_size : 128  optimizer_batch_size : -1  lr : 0.512  lr_schedule : cosine  warmup : 8  label_smoothing : 0.1  mixup : 0.0  momentum : 0.125  weight_decay : 3.0517578125e-05  bn_weight_decay : False  nesterov : False  print_freq : 1  resume : None  pretrained_weights :   fp16 : False  static_loss_scale : 1  dynamic_loss_scale : False  prof : 150  amp : False  seed : None  gather_checkpoints : False  raport_file : /workspace/rn50/raport.json  evaluate : False  training_only : True  save_checkpoints : False  checkpoint_filename : checkpoint.pth.tar  workspace : /workspace/rn50  memory_format : nchw  distributed : True  local_rank : 0  gpu : 8  world_size : 4 
 ! Weight decay NOT applied to BN parameters 
98
63
RUNNING EPOCHS FROM 0 TO 1
DLL 2020-10-03 23:01:07.629041 - Epoch: 0 Iteration: 1  train.loss : 7.05723  train.total_ips : 57.84 img/s
DLL 2020-10-03 23:01:08.079527 - Epoch: 0 Iteration: 2  train.loss : 7.03282  train.total_ips : 1136.51 img/s
DLL 2020-10-03 23:01:08.431079 - Epoch: 0 Iteration: 3  train.loss : 6.94326  train.total_ips : 1456.84 img/s
DLL 2020-10-03 23:01:08.783130 - Epoch: 0 Iteration: 4  train.loss : 7.00783  train.total_ips : 1454.68 img/s
DLL 2020-10-03 23:01:09.134780 - Epoch: 0 Iteration: 5  train.loss : 6.99504  train.total_ips : 1456.43 img/s
DLL 2020-10-03 23:01:09.486687 - Epoch: 0 Iteration: 6  train.loss : 6.89648  train.total_ips : 1455.27 img/s
DLL 2020-10-03 23:01:09.839121 - Epoch: 0 Iteration: 7  train.loss : 6.96242  train.total_ips : 1453.32 img/s
DLL 2020-10-03 23:01:10.191325 - Epoch: 0 Iteration: 8  train.loss : 6.94319  train.total_ips : 1454.24 img/s
DLL 2020-10-03 23:01:10.543431 - Epoch: 0 Iteration: 9  train.loss : 6.91614  train.total_ips : 1454.88 img/s
DLL 2020-10-03 23:01:10.895116 - Epoch: 0 Iteration: 10  train.loss : 6.94910  train.total_ips : 1456.12 img/s
DLL 2020-10-03 23:01:11.246954 - Epoch: 0 Iteration: 11  train.loss : 6.95040  train.total_ips : 1455.74 img/s
DLL 2020-10-03 23:01:11.600055 - Epoch: 0 Iteration: 12  train.loss : 6.93725  train.total_ips : 1450.37 img/s
DLL 2020-10-03 23:01:11.953178 - Epoch: 0 Iteration: 13  train.loss : 6.98036  train.total_ips : 1450.28 img/s
DLL 2020-10-03 23:01:12.303887 - Epoch: 0 Iteration: 14  train.loss : 6.90922  train.total_ips : 1460.33 img/s
DLL 2020-10-03 23:01:12.657152 - Epoch: 0 Iteration: 15  train.loss : 6.93267  train.total_ips : 1449.69 img/s
DLL 2020-10-03 23:01:13.009762 - Epoch: 0 Iteration: 16  train.loss : 6.93684  train.total_ips : 1452.85 img/s
DLL 2020-10-03 23:01:13.361837 - Epoch: 0 Iteration: 17  train.loss : 6.95928  train.total_ips : 1454.38 img/s
DLL 2020-10-03 23:01:13.714370 - Epoch: 0 Iteration: 18  train.loss : 6.89767  train.total_ips : 1452.85 img/s
DLL 2020-10-03 23:01:14.065553 - Epoch: 0 Iteration: 19  train.loss : 6.92908  train.total_ips : 1458.30 img/s
DLL 2020-10-03 23:01:14.418704 - Epoch: 0 Iteration: 20  train.loss : 6.92709  train.total_ips : 1450.32 img/s
DLL 2020-10-03 23:01:14.771316 - Epoch: 0 Iteration: 21  train.loss : 6.90398  train.total_ips : 1452.26 img/s
DLL 2020-10-03 23:01:15.123624 - Epoch: 0 Iteration: 22  train.loss : 6.94235  train.total_ips : 1453.65 img/s
DLL 2020-10-03 23:01:15.475677 - Epoch: 0 Iteration: 23  train.loss : 6.92088  train.total_ips : 1454.70 img/s
DLL 2020-10-03 23:01:15.828670 - Epoch: 0 Iteration: 24  train.loss : 6.95947  train.total_ips : 1450.82 img/s
DLL 2020-10-03 23:01:16.181494 - Epoch: 0 Iteration: 25  train.loss : 6.90106  train.total_ips : 1451.48 img/s
DLL 2020-10-03 23:01:16.534435 - Epoch: 0 Iteration: 26  train.loss : 6.89182  train.total_ips : 1451.18 img/s
DLL 2020-10-03 23:01:16.886834 - Epoch: 0 Iteration: 27  train.loss : 6.92971  train.total_ips : 1453.25 img/s
DLL 2020-10-03 23:01:17.239851 - Epoch: 0 Iteration: 28  train.loss : 6.93177  train.total_ips : 1451.03 img/s
DLL 2020-10-03 23:01:17.591911 - Epoch: 0 Iteration: 29  train.loss : 6.89734  train.total_ips : 1454.62 img/s
DLL 2020-10-03 23:01:17.944154 - Epoch: 0 Iteration: 30  train.loss : 6.92846  train.total_ips : 1453.96 img/s
DLL 2020-10-03 23:01:18.295651 - Epoch: 0 Iteration: 31  train.loss : 6.91432  train.total_ips : 1457.03 img/s
DLL 2020-10-03 23:01:18.647251 - Epoch: 0 Iteration: 32  train.loss : 6.90674  train.total_ips : 1456.51 img/s
DLL 2020-10-03 23:01:18.999525 - Epoch: 0 Iteration: 33  train.loss : 6.94112  train.total_ips : 1453.80 img/s
DLL 2020-10-03 23:01:19.353612 - Epoch: 0 Iteration: 34  train.loss : 6.90410  train.total_ips : 1446.43 img/s
DLL 2020-10-03 23:01:19.704827 - Epoch: 0 Iteration: 35  train.loss : 6.96942  train.total_ips : 1458.23 img/s
DLL 2020-10-03 23:01:20.057712 - Epoch: 0 Iteration: 36  train.loss : 6.92490  train.total_ips : 1451.24 img/s
DLL 2020-10-03 23:01:20.409826 - Epoch: 0 Iteration: 37  train.loss : 6.92788  train.total_ips : 1454.47 img/s
DLL 2020-10-03 23:01:20.762159 - Epoch: 0 Iteration: 38  train.loss : 6.97221  train.total_ips : 1453.53 img/s
DLL 2020-10-03 23:01:21.114083 - Epoch: 0 Iteration: 39  train.loss : 6.92178  train.total_ips : 1455.30 img/s
DLL 2020-10-03 23:01:21.466859 - Epoch: 0 Iteration: 40  train.loss : 6.92529  train.total_ips : 1451.69 img/s
DLL 2020-10-03 23:01:21.819491 - Epoch: 0 Iteration: 41  train.loss : 6.90697  train.total_ips : 1452.30 img/s
DLL 2020-10-03 23:01:22.173557 - Epoch: 0 Iteration: 42  train.loss : 6.89475  train.total_ips : 1446.40 img/s
DLL 2020-10-03 23:01:22.527557 - Epoch: 0 Iteration: 43  train.loss : 6.91855  train.total_ips : 1446.74 img/s
DLL 2020-10-03 23:01:22.880602 - Epoch: 0 Iteration: 44  train.loss : 6.91572  train.total_ips : 1450.67 img/s
DLL 2020-10-03 23:01:23.233566 - Epoch: 0 Iteration: 45  train.loss : 6.92457  train.total_ips : 1450.93 img/s
DLL 2020-10-03 23:01:23.585425 - Epoch: 0 Iteration: 46  train.loss : 6.91695  train.total_ips : 1455.54 img/s
DLL 2020-10-03 23:01:23.940092 - Epoch: 0 Iteration: 47  train.loss : 6.91206  train.total_ips : 1444.08 img/s
DLL 2020-10-03 23:01:24.292930 - Epoch: 0 Iteration: 48  train.loss : 6.89728  train.total_ips : 1451.50 img/s
DLL 2020-10-03 23:01:24.644531 - Epoch: 0 Iteration: 49  train.loss : 6.95527  train.total_ips : 1456.56 img/s
DLL 2020-10-03 23:01:24.997439 - Epoch: 0 Iteration: 50  train.loss : 6.93383  train.total_ips : 1451.14 img/s
DLL 2020-10-03 23:01:25.348546 - Epoch: 0 Iteration: 51  train.loss : 6.88133  train.total_ips : 1458.82 img/s
DLL 2020-10-03 23:01:25.703127 - Epoch: 0 Iteration: 52  train.loss : 6.95231  train.total_ips : 1444.30 img/s
DLL 2020-10-03 23:01:26.056134 - Epoch: 0 Iteration: 53  train.loss : 6.89902  train.total_ips : 1450.76 img/s
DLL 2020-10-03 23:01:26.408886 - Epoch: 0 Iteration: 54  train.loss : 6.91709  train.total_ips : 1451.82 img/s
DLL 2020-10-03 23:01:26.761588 - Epoch: 0 Iteration: 55  train.loss : 6.92812  train.total_ips : 1452.01 img/s
DLL 2020-10-03 23:01:27.115565 - Epoch: 0 Iteration: 56  train.loss : 6.87640  train.total_ips : 1447.02 img/s
DLL 2020-10-03 23:01:27.468587 - Epoch: 0 Iteration: 57  train.loss : 6.88511  train.total_ips : 1450.65 img/s
DLL 2020-10-03 23:01:27.820657 - Epoch: 0 Iteration: 58  train.loss : 6.92348  train.total_ips : 1454.66 img/s
DLL 2020-10-03 23:01:28.175161 - Epoch: 0 Iteration: 59  train.loss : 6.92013  train.total_ips : 1444.64 img/s
DLL 2020-10-03 23:01:28.530168 - Epoch: 0 Iteration: 60  train.loss : 6.91052  train.total_ips : 1442.60 img/s
DLL 2020-10-03 23:01:28.884443 - Epoch: 0 Iteration: 61  train.loss : 6.93530  train.total_ips : 1445.65 img/s
DLL 2020-10-03 23:01:29.237408 - Epoch: 0 Iteration: 62  train.loss : 6.93554  train.total_ips : 1450.94 img/s
DLL 2020-10-03 23:01:29.591181 - Epoch: 0 Iteration: 63  train.loss : 6.87958  train.total_ips : 1447.60 img/s
DLL 2020-10-03 23:01:29.945475 - Epoch: 0 Iteration: 64  train.loss : 6.92463  train.total_ips : 1445.46 img/s
DLL 2020-10-03 23:01:30.298436 - Epoch: 0 Iteration: 65  train.loss : 6.90461  train.total_ips : 1450.95 img/s
DLL 2020-10-03 23:01:30.652458 - Epoch: 0 Iteration: 66  train.loss : 6.92067  train.total_ips : 1446.62 img/s
DLL 2020-10-03 23:01:31.006236 - Epoch: 0 Iteration: 67  train.loss : 6.94275  train.total_ips : 1447.58 img/s
DLL 2020-10-03 23:01:31.359998 - Epoch: 0 Iteration: 68  train.loss : 6.91883  train.total_ips : 1447.67 img/s
DLL 2020-10-03 23:01:31.713686 - Epoch: 0 Iteration: 69  train.loss : 6.95362  train.total_ips : 1447.96 img/s
DLL 2020-10-03 23:01:32.065918 - Epoch: 0 Iteration: 70  train.loss : 6.87088  train.total_ips : 1453.98 img/s
DLL 2020-10-03 23:01:32.419442 - Epoch: 0 Iteration: 71  train.loss : 6.90411  train.total_ips : 1448.71 img/s
DLL 2020-10-03 23:01:32.771125 - Epoch: 0 Iteration: 72  train.loss : 6.92839  train.total_ips : 1456.22 img/s
DLL 2020-10-03 23:01:33.123886 - Epoch: 0 Iteration: 73  train.loss : 6.93751  train.total_ips : 1451.78 img/s
DLL 2020-10-03 23:01:33.478090 - Epoch: 0 Iteration: 74  train.loss : 6.95617  train.total_ips : 1446.04 img/s
DLL 2020-10-03 23:01:33.832165 - Epoch: 0 Iteration: 75  train.loss : 6.91590  train.total_ips : 1446.36 img/s
DLL 2020-10-03 23:01:34.185228 - Epoch: 0 Iteration: 76  train.loss : 6.92524  train.total_ips : 1450.50 img/s
DLL 2020-10-03 23:01:34.538102 - Epoch: 0 Iteration: 77  train.loss : 6.91207  train.total_ips : 1451.30 img/s
DLL 2020-10-03 23:01:34.891604 - Epoch: 0 Iteration: 78  train.loss : 6.93722  train.total_ips : 1448.73 img/s
DLL 2020-10-03 23:01:35.243813 - Epoch: 0 Iteration: 79  train.loss : 6.94190  train.total_ips : 1454.03 img/s
DLL 2020-10-03 23:01:35.597958 - Epoch: 0 Iteration: 80  train.loss : 6.95095  train.total_ips : 1446.09 img/s
DLL 2020-10-03 23:01:35.951411 - Epoch: 0 Iteration: 81  train.loss : 6.90651  train.total_ips : 1448.91 img/s
DLL 2020-10-03 23:01:36.304204 - Epoch: 0 Iteration: 82  train.loss : 6.94634  train.total_ips : 1451.61 img/s
DLL 2020-10-03 23:01:36.658660 - Epoch: 0 Iteration: 83  train.loss : 6.92715  train.total_ips : 1444.84 img/s
DLL 2020-10-03 23:01:37.011106 - Epoch: 0 Iteration: 84  train.loss : 6.89938  train.total_ips : 1453.20 img/s
DLL 2020-10-03 23:01:37.363571 - Epoch: 0 Iteration: 85  train.loss : 6.91503  train.total_ips : 1452.96 img/s
DLL 2020-10-03 23:01:37.717671 - Epoch: 0 Iteration: 86  train.loss : 6.95350  train.total_ips : 1446.32 img/s
DLL 2020-10-03 23:01:38.071866 - Epoch: 0 Iteration: 87  train.loss : 6.95182  train.total_ips : 1445.92 img/s
DLL 2020-10-03 23:01:38.426619 - Epoch: 0 Iteration: 88  train.loss : 6.91959  train.total_ips : 1443.60 img/s
DLL 2020-10-03 23:01:38.780381 - Epoch: 0 Iteration: 89  train.loss : 6.92783  train.total_ips : 1447.68 img/s
DLL 2020-10-03 23:01:39.134354 - Epoch: 0 Iteration: 90  train.loss : 6.90208  train.total_ips : 1446.85 img/s
DLL 2020-10-03 23:01:39.488284 - Epoch: 0 Iteration: 91  train.loss : 6.92653  train.total_ips : 1446.95 img/s
DLL 2020-10-03 23:01:39.840798 - Epoch: 0 Iteration: 92  train.loss : 6.93085  train.total_ips : 1452.79 img/s
DLL 2020-10-03 23:01:40.193757 - Epoch: 0 Iteration: 93  train.loss : 6.93035  train.total_ips : 1450.95 img/s
DLL 2020-10-03 23:01:40.547350 - Epoch: 0 Iteration: 94  train.loss : 6.90428  train.total_ips : 1448.35 img/s
DLL 2020-10-03 23:01:40.900055 - Epoch: 0 Iteration: 95  train.loss : 6.93776  train.total_ips : 1451.99 img/s
DLL 2020-10-03 23:01:41.253901 - Epoch: 0 Iteration: 96  train.loss : 6.88494  train.total_ips : 1447.30 img/s
DLL 2020-10-03 23:01:41.608461 - Epoch: 0 Iteration: 97  train.loss : 6.92221  train.total_ips : 1444.40 img/s
DLL 2020-10-03 23:01:41.962492 - Epoch: 0 Iteration: 98  train.loss : 6.90237  train.total_ips : 1446.56 img/s
DLL 2020-10-03 23:01:42.315733 - Epoch: 0 Iteration: 99  train.loss : 6.91594  train.total_ips : 1449.86 img/s
DLL 2020-10-03 23:01:42.669769 - Epoch: 0 Iteration: 100  train.loss : 6.85549  train.total_ips : 1446.59 img/s
DLL 2020-10-03 23:01:43.023481 - Epoch: 0 Iteration: 101  train.loss : 6.90483  train.total_ips : 1447.83 img/s
DLL 2020-10-03 23:01:43.376808 - Epoch: 0 Iteration: 102  train.loss : 6.94750  train.total_ips : 1449.56 img/s
DLL 2020-10-03 23:01:43.729679 - Epoch: 0 Iteration: 103  train.loss : 6.89743  train.total_ips : 1451.40 img/s
DLL 2020-10-03 23:01:44.082650 - Epoch: 0 Iteration: 104  train.loss : 6.90228  train.total_ips : 1450.83 img/s
DLL 2020-10-03 23:01:44.437298 - Epoch: 0 Iteration: 105  train.loss : 6.87114  train.total_ips : 1444.09 img/s
DLL 2020-10-03 23:01:44.790510 - Epoch: 0 Iteration: 106  train.loss : 6.95208  train.total_ips : 1449.97 img/s
DLL 2020-10-03 23:01:45.144127 - Epoch: 0 Iteration: 107  train.loss : 6.92034  train.total_ips : 1448.26 img/s
DLL 2020-10-03 23:01:45.498941 - Epoch: 0 Iteration: 108  train.loss : 6.92576  train.total_ips : 1443.36 img/s
DLL 2020-10-03 23:01:45.851627 - Epoch: 0 Iteration: 109  train.loss : 6.87023  train.total_ips : 1452.08 img/s
DLL 2020-10-03 23:01:46.207073 - Epoch: 0 Iteration: 110  train.loss : 6.86834  train.total_ips : 1440.82 img/s
DLL 2020-10-03 23:01:46.560126 - Epoch: 0 Iteration: 111  train.loss : 6.91855  train.total_ips : 1450.59 img/s
DLL 2020-10-03 23:01:46.912881 - Epoch: 0 Iteration: 112  train.loss : 6.93308  train.total_ips : 1451.77 img/s
DLL 2020-10-03 23:01:47.266785 - Epoch: 0 Iteration: 113  train.loss : 6.92047  train.total_ips : 1447.10 img/s
DLL 2020-10-03 23:01:47.620322 - Epoch: 0 Iteration: 114  train.loss : 6.88506  train.total_ips : 1448.61 img/s
DLL 2020-10-03 23:01:47.972026 - Epoch: 0 Iteration: 115  train.loss : 6.95493  train.total_ips : 1456.26 img/s
DLL 2020-10-03 23:01:48.325660 - Epoch: 0 Iteration: 116  train.loss : 6.92673  train.total_ips : 1448.19 img/s
DLL 2020-10-03 23:01:48.679485 - Epoch: 0 Iteration: 117  train.loss : 6.91566  train.total_ips : 1447.50 img/s
DLL 2020-10-03 23:01:49.034128 - Epoch: 0 Iteration: 118  train.loss : 6.92040  train.total_ips : 1444.19 img/s
DLL 2020-10-03 23:01:49.387941 - Epoch: 0 Iteration: 119  train.loss : 6.90496  train.total_ips : 1447.42 img/s
DLL 2020-10-03 23:01:49.741600 - Epoch: 0 Iteration: 120  train.loss : 6.88452  train.total_ips : 1448.06 img/s
DLL 2020-10-03 23:01:50.095061 - Epoch: 0 Iteration: 121  train.loss : 6.92787  train.total_ips : 1448.92 img/s
DLL 2020-10-03 23:01:50.449247 - Epoch: 0 Iteration: 122  train.loss : 6.93046  train.total_ips : 1445.94 img/s
DLL 2020-10-03 23:01:50.802997 - Epoch: 0 Iteration: 123  train.loss : 6.91975  train.total_ips : 1447.71 img/s
DLL 2020-10-03 23:01:51.156937 - Epoch: 0 Iteration: 124  train.loss : 6.89702  train.total_ips : 1446.91 img/s
DLL 2020-10-03 23:01:51.512439 - Epoch: 0 Iteration: 125  train.loss : 6.91367  train.total_ips : 1440.64 img/s
DLL 2020-10-03 23:01:51.867751 - Epoch: 0 Iteration: 126  train.loss : 6.88828  train.total_ips : 1441.31 img/s
DLL 2020-10-03 23:01:52.220504 - Epoch: 0 Iteration: 127  train.loss : 6.88714  train.total_ips : 1452.06 img/s
DLL 2020-10-03 23:01:52.573585 - Epoch: 0 Iteration: 128  train.loss : 6.89847  train.total_ips : 1450.53 img/s
DLL 2020-10-03 23:01:52.927004 - Epoch: 0 Iteration: 129  train.loss : 6.93057  train.total_ips : 1448.99 img/s
DLL 2020-10-03 23:01:53.280632 - Epoch: 0 Iteration: 130  train.loss : 6.89803  train.total_ips : 1448.23 img/s
DLL 2020-10-03 23:01:53.633871 - Epoch: 0 Iteration: 131  train.loss : 6.91337  train.total_ips : 1449.81 img/s
DLL 2020-10-03 23:01:53.986948 - Epoch: 0 Iteration: 132  train.loss : 6.95270  train.total_ips : 1450.44 img/s
DLL 2020-10-03 23:01:54.340501 - Epoch: 0 Iteration: 133  train.loss : 6.92975  train.total_ips : 1448.54 img/s
DLL 2020-10-03 23:01:54.694471 - Epoch: 0 Iteration: 134  train.loss : 6.91171  train.total_ips : 1446.82 img/s
DLL 2020-10-03 23:01:55.048443 - Epoch: 0 Iteration: 135  train.loss : 6.91248  train.total_ips : 1446.87 img/s
DLL 2020-10-03 23:01:55.401942 - Epoch: 0 Iteration: 136  train.loss : 6.89416  train.total_ips : 1448.73 img/s
DLL 2020-10-03 23:01:55.755328 - Epoch: 0 Iteration: 137  train.loss : 6.91997  train.total_ips : 1449.21 img/s
DLL 2020-10-03 23:01:56.109082 - Epoch: 0 Iteration: 138  train.loss : 6.90885  train.total_ips : 1447.71 img/s
DLL 2020-10-03 23:01:56.462116 - Epoch: 0 Iteration: 139  train.loss : 6.88771  train.total_ips : 1450.67 img/s
DLL 2020-10-03 23:01:56.816431 - Epoch: 0 Iteration: 140  train.loss : 6.90135  train.total_ips : 1445.52 img/s
DLL 2020-10-03 23:01:57.169082 - Epoch: 0 Iteration: 141  train.loss : 6.90804  train.total_ips : 1452.21 img/s
DLL 2020-10-03 23:01:57.522750 - Epoch: 0 Iteration: 142  train.loss : 6.89527  train.total_ips : 1448.15 img/s
DLL 2020-10-03 23:01:57.876945 - Epoch: 0 Iteration: 143  train.loss : 6.89707  train.total_ips : 1445.90 img/s
DLL 2020-10-03 23:01:58.230765 - Epoch: 0 Iteration: 144  train.loss : 6.91729  train.total_ips : 1447.49 img/s
DLL 2020-10-03 23:01:58.585019 - Epoch: 0 Iteration: 145  train.loss : 6.91884  train.total_ips : 1445.66 img/s
DLL 2020-10-03 23:01:58.937727 - Epoch: 0 Iteration: 146  train.loss : 6.90698  train.total_ips : 1452.04 img/s
DLL 2020-10-03 23:01:59.291119 - Epoch: 0 Iteration: 147  train.loss : 6.92636  train.total_ips : 1449.16 img/s
DLL 2020-10-03 23:01:59.644266 - Epoch: 0 Iteration: 148  train.loss : 6.92213  train.total_ips : 1450.20 img/s
DLL 2020-10-03 23:01:59.996937 - Epoch: 0 Iteration: 149  train.loss : 6.92145  train.total_ips : 1452.15 img/s
DLL 2020-10-03 23:02:00.350285 - Epoch: 0  train.loss : 6.92169  train.total_ips : 1438.72 img/s
DLL 2020-10-03 23:02:00.350422 - Epoch: 0  lr : 0.064  train.compute_ips : 1442.52 img/s train.data_time : 0.00096 s train.compute_time : 0.40943 s
DLL 2020-10-03 23:02:00.350532 - Summary: train.loss : 6.92169  train.total_ips : 1438.72 img/s
DLL 2020-10-03 23:02:00.350594 - Summary: lr : 0.064  train.compute_ips : 1442.52 img/s train.data_time : 0.00096 s train.compute_time : 0.40943 s
Experiment ended
['/opt/conda/bin/python', '-u', '/workspace/rn50/main.py', '--data-backend', 'dali-cpu', '--raport-file', '/workspace/rn50/raport.json', '-j5', '-p', '1', '--lr', '0.512', '--optimizer-batch-size', '-1', '--warmup', '8', '--arch', 'resnet50', '-c', 'fanin', '--label-smoothing', '0.1', '--lr-schedule', 'cosine', '--mom', '0.125', '--wd', '3.0517578125e-05', '--workspace', '/workspace/rn50', '-b', '128', '--epochs', '1', '--prof', '150', '--training-only', '--no-checkpoints', '/data/image']
['/opt/conda/bin/python', '-u', '/workspace/rn50/main.py', '--data-backend', 'dali-cpu', '--raport-file', '/workspace/rn50/raport.json', '-j5', '-p', '1', '--lr', '0.512', '--optimizer-batch-size', '-1', '--warmup', '8', '--arch', 'resnet50', '-c', 'fanin', '--label-smoothing', '0.1', '--lr-schedule', 'cosine', '--mom', '0.125', '--wd', '3.0517578125e-05', '--workspace', '/workspace/rn50', '-b', '128', '--epochs', '1', '--prof', '150', '--training-only', '--no-checkpoints', '/data/image']
['/opt/conda/bin/python', '-u', '/workspace/rn50/main.py', '--data-backend', 'dali-cpu', '--raport-file', '/workspace/rn50/raport.json', '-j5', '-p', '1', '--lr', '0.512', '--optimizer-batch-size', '-1', '--warmup', '8', '--arch', 'resnet50', '-c', 'fanin', '--label-smoothing', '0.1', '--lr-schedule', 'cosine', '--mom', '0.125', '--wd', '3.0517578125e-05', '--workspace', '/workspace/rn50', '-b', '128', '--epochs', '1', '--prof', '150', '--training-only', '--no-checkpoints', '/data/image']
['/opt/conda/bin/python', '-u', '/workspace/rn50/main.py', '--data-backend', 'dali-cpu', '--raport-file', '/workspace/rn50/raport.json', '-j5', '-p', '1', '--lr', '0.512', '--optimizer-batch-size', '-1', '--warmup', '8', '--arch', 'resnet50', '-c', 'fanin', '--label-smoothing', '0.1', '--lr-schedule', 'cosine', '--mom', '0.125', '--wd', '3.0517578125e-05', '--workspace', '/workspace/rn50', '-b', '128', '--epochs', '1', '--prof', '150', '--training-only', '--no-checkpoints', '/data/image']
