+ python /workspace/rn50/multiproc.py --nnodes 1 --node_rank 0 --nproc_per_node 4 --master_addr 127.0.0.1 --master_port=29500 /workspace/rn50/main.py --data-backend dali-cpu --raport-file /workspace/rn50/raport.json -j5 -p 1 --lr 0.512 --optimizer-batch-size -1 --warmup 8 --arch resnet50 -c fanin --label-smoothing 0.1 --lr-schedule cosine --mom 0.125 --wd 3.0517578125e-05 --workspace /workspace/rn50 -b 128 --epochs 1 --prof 150 --training-only --no-checkpoints /data/image
=> creating model '('resnet50', 'fanin', 1000)'
Version: {'net': <class 'image_classification.resnet.ResNet'>, 'block': <class 'image_classification.resnet.Bottleneck'>, 'layers': [3, 4, 6, 3], 'widths': [64, 128, 256, 512], 'expansion': 4}
Config: {'conv': <class 'torch.nn.modules.conv.Conv2d'>, 'conv_init': 'fan_in', 'nonlinearity': 'relu', 'last_bn_0_init': False, 'activation': <function <lambda> at 0x7fb1fea429d8>}
Num classes: 1000
i'm distributed in dali~~~~~~~~~~~~~~~~~
rank in dali:  0
world_size in dali:  4
read 3545488 files from 2792 directories
read 50000 files from 1000 directories
DLL 2020-10-03 23:02:43.359479 - PARAMETER data : /data/image  data_backend : dali-cpu  arch : resnet50  model_config : fanin  num_classes : 1000  workers : 5  epochs : 1  run_epochs : -1  batch_size : 128  optimizer_batch_size : -1  lr : 0.512  lr_schedule : cosine  warmup : 8  label_smoothing : 0.1  mixup : 0.0  momentum : 0.125  weight_decay : 3.0517578125e-05  bn_weight_decay : False  nesterov : False  print_freq : 1  resume : None  pretrained_weights :   fp16 : False  static_loss_scale : 1  dynamic_loss_scale : False  prof : 150  amp : False  seed : None  gather_checkpoints : False  raport_file : /workspace/rn50/raport.json  evaluate : False  training_only : True  save_checkpoints : False  checkpoint_filename : checkpoint.pth.tar  workspace : /workspace/rn50  memory_format : nchw  distributed : True  local_rank : 0  gpu : 8  world_size : 4 
 ! Weight decay NOT applied to BN parameters 
98
63
RUNNING EPOCHS FROM 0 TO 1
DLL 2020-10-03 23:02:53.305566 - Epoch: 0 Iteration: 1  train.loss : 7.03562  train.total_ips : 58.89 img/s
DLL 2020-10-03 23:02:53.864520 - Epoch: 0 Iteration: 2  train.loss : 7.05154  train.total_ips : 916.04 img/s
DLL 2020-10-03 23:02:54.215188 - Epoch: 0 Iteration: 3  train.loss : 6.98414  train.total_ips : 1460.42 img/s
DLL 2020-10-03 23:02:54.567319 - Epoch: 0 Iteration: 4  train.loss : 6.99871  train.total_ips : 1454.35 img/s
DLL 2020-10-03 23:02:54.917627 - Epoch: 0 Iteration: 5  train.loss : 6.96902  train.total_ips : 1461.91 img/s
DLL 2020-10-03 23:02:55.269622 - Epoch: 0 Iteration: 6  train.loss : 6.91850  train.total_ips : 1454.90 img/s
DLL 2020-10-03 23:02:55.622519 - Epoch: 0 Iteration: 7  train.loss : 6.95813  train.total_ips : 1451.20 img/s
DLL 2020-10-03 23:02:55.974291 - Epoch: 0 Iteration: 8  train.loss : 6.93783  train.total_ips : 1455.86 img/s
DLL 2020-10-03 23:02:56.328763 - Epoch: 0 Iteration: 9  train.loss : 6.92183  train.total_ips : 1445.06 img/s
DLL 2020-10-03 23:02:56.682670 - Epoch: 0 Iteration: 10  train.loss : 6.94649  train.total_ips : 1447.45 img/s
DLL 2020-10-03 23:02:57.034870 - Epoch: 0 Iteration: 11  train.loss : 6.94395  train.total_ips : 1454.13 img/s
DLL 2020-10-03 23:02:57.387377 - Epoch: 0 Iteration: 12  train.loss : 6.95209  train.total_ips : 1452.79 img/s
DLL 2020-10-03 23:02:57.738551 - Epoch: 0 Iteration: 13  train.loss : 6.98994  train.total_ips : 1458.29 img/s
DLL 2020-10-03 23:02:58.091261 - Epoch: 0 Iteration: 14  train.loss : 6.91194  train.total_ips : 1451.94 img/s
DLL 2020-10-03 23:02:58.442968 - Epoch: 0 Iteration: 15  train.loss : 6.93450  train.total_ips : 1456.11 img/s
DLL 2020-10-03 23:02:58.796506 - Epoch: 0 Iteration: 16  train.loss : 6.95596  train.total_ips : 1448.58 img/s
DLL 2020-10-03 23:02:59.149148 - Epoch: 0 Iteration: 17  train.loss : 6.96226  train.total_ips : 1452.25 img/s
DLL 2020-10-03 23:02:59.502160 - Epoch: 0 Iteration: 18  train.loss : 6.88820  train.total_ips : 1450.75 img/s
DLL 2020-10-03 23:02:59.855450 - Epoch: 0 Iteration: 19  train.loss : 6.92796  train.total_ips : 1449.59 img/s
DLL 2020-10-03 23:03:00.207842 - Epoch: 0 Iteration: 20  train.loss : 6.94162  train.total_ips : 1453.28 img/s
DLL 2020-10-03 23:03:00.560830 - Epoch: 0 Iteration: 21  train.loss : 6.90607  train.total_ips : 1450.83 img/s
DLL 2020-10-03 23:03:00.913539 - Epoch: 0 Iteration: 22  train.loss : 6.91788  train.total_ips : 1451.96 img/s
DLL 2020-10-03 23:03:01.267096 - Epoch: 0 Iteration: 23  train.loss : 6.92412  train.total_ips : 1448.72 img/s
DLL 2020-10-03 23:03:01.619847 - Epoch: 0 Iteration: 24  train.loss : 6.96244  train.total_ips : 1451.82 img/s
DLL 2020-10-03 23:03:01.972994 - Epoch: 0 Iteration: 25  train.loss : 6.91203  train.total_ips : 1450.29 img/s
DLL 2020-10-03 23:03:02.326231 - Epoch: 0 Iteration: 26  train.loss : 6.89157  train.total_ips : 1450.25 img/s
DLL 2020-10-03 23:03:02.678195 - Epoch: 0 Iteration: 27  train.loss : 6.93222  train.total_ips : 1455.41 img/s
DLL 2020-10-03 23:03:03.029292 - Epoch: 0 Iteration: 28  train.loss : 6.92925  train.total_ips : 1458.59 img/s
DLL 2020-10-03 23:03:03.384851 - Epoch: 0 Iteration: 29  train.loss : 6.91783  train.total_ips : 1440.59 img/s
DLL 2020-10-03 23:03:03.738718 - Epoch: 0 Iteration: 30  train.loss : 6.93202  train.total_ips : 1447.20 img/s
DLL 2020-10-03 23:03:04.091501 - Epoch: 0 Iteration: 31  train.loss : 6.91476  train.total_ips : 1451.81 img/s
DLL 2020-10-03 23:03:04.444575 - Epoch: 0 Iteration: 32  train.loss : 6.91605  train.total_ips : 1450.51 img/s
DLL 2020-10-03 23:03:04.796577 - Epoch: 0 Iteration: 33  train.loss : 6.94118  train.total_ips : 1455.21 img/s
DLL 2020-10-03 23:03:05.148560 - Epoch: 0 Iteration: 34  train.loss : 6.90096  train.total_ips : 1454.85 img/s
DLL 2020-10-03 23:03:05.501211 - Epoch: 0 Iteration: 35  train.loss : 6.96786  train.total_ips : 1452.40 img/s
DLL 2020-10-03 23:03:05.854896 - Epoch: 0 Iteration: 36  train.loss : 6.92840  train.total_ips : 1447.94 img/s
DLL 2020-10-03 23:03:06.207437 - Epoch: 0 Iteration: 37  train.loss : 6.93301  train.total_ips : 1452.68 img/s
DLL 2020-10-03 23:03:06.559977 - Epoch: 0 Iteration: 38  train.loss : 6.97076  train.total_ips : 1452.68 img/s
DLL 2020-10-03 23:03:06.912938 - Epoch: 0 Iteration: 39  train.loss : 6.90847  train.total_ips : 1450.97 img/s
DLL 2020-10-03 23:03:07.266676 - Epoch: 0 Iteration: 40  train.loss : 6.93956  train.total_ips : 1447.97 img/s
DLL 2020-10-03 23:03:07.620467 - Epoch: 0 Iteration: 41  train.loss : 6.91089  train.total_ips : 1447.50 img/s
DLL 2020-10-03 23:03:07.971909 - Epoch: 0 Iteration: 42  train.loss : 6.90839  train.total_ips : 1457.19 img/s
DLL 2020-10-03 23:03:08.325525 - Epoch: 0 Iteration: 43  train.loss : 6.92648  train.total_ips : 1448.22 img/s
DLL 2020-10-03 23:03:08.679670 - Epoch: 0 Iteration: 44  train.loss : 6.92107  train.total_ips : 1446.07 img/s
DLL 2020-10-03 23:03:09.033916 - Epoch: 0 Iteration: 45  train.loss : 6.90159  train.total_ips : 1445.96 img/s
DLL 2020-10-03 23:03:09.385946 - Epoch: 0 Iteration: 46  train.loss : 6.89344  train.total_ips : 1454.85 img/s
DLL 2020-10-03 23:03:09.741217 - Epoch: 0 Iteration: 47  train.loss : 6.90833  train.total_ips : 1441.48 img/s
DLL 2020-10-03 23:03:10.094727 - Epoch: 0 Iteration: 48  train.loss : 6.91118  train.total_ips : 1448.71 img/s
DLL 2020-10-03 23:03:10.448015 - Epoch: 0 Iteration: 49  train.loss : 6.97074  train.total_ips : 1449.61 img/s
DLL 2020-10-03 23:03:10.802333 - Epoch: 0 Iteration: 50  train.loss : 6.91623  train.total_ips : 1445.55 img/s
DLL 2020-10-03 23:03:11.153326 - Epoch: 0 Iteration: 51  train.loss : 6.89837  train.total_ips : 1459.03 img/s
DLL 2020-10-03 23:03:11.506790 - Epoch: 0 Iteration: 52  train.loss : 6.94969  train.total_ips : 1449.29 img/s
DLL 2020-10-03 23:03:11.858509 - Epoch: 0 Iteration: 53  train.loss : 6.89734  train.total_ips : 1455.92 img/s
DLL 2020-10-03 23:03:12.210609 - Epoch: 0 Iteration: 54  train.loss : 6.91951  train.total_ips : 1454.50 img/s
DLL 2020-10-03 23:03:12.563800 - Epoch: 0 Iteration: 55  train.loss : 6.91460  train.total_ips : 1449.99 img/s
DLL 2020-10-03 23:03:12.918039 - Epoch: 0 Iteration: 56  train.loss : 6.85264  train.total_ips : 1445.71 img/s
DLL 2020-10-03 23:03:13.271007 - Epoch: 0 Iteration: 57  train.loss : 6.89194  train.total_ips : 1451.10 img/s
DLL 2020-10-03 23:03:13.624797 - Epoch: 0 Iteration: 58  train.loss : 6.92822  train.total_ips : 1447.51 img/s
DLL 2020-10-03 23:03:13.979098 - Epoch: 0 Iteration: 59  train.loss : 6.93173  train.total_ips : 1445.44 img/s
DLL 2020-10-03 23:03:14.330958 - Epoch: 0 Iteration: 60  train.loss : 6.91396  train.total_ips : 1455.46 img/s
DLL 2020-10-03 23:03:14.683595 - Epoch: 0 Iteration: 61  train.loss : 6.92345  train.total_ips : 1452.30 img/s
DLL 2020-10-03 23:03:15.036647 - Epoch: 0 Iteration: 62  train.loss : 6.93073  train.total_ips : 1450.55 img/s
DLL 2020-10-03 23:03:15.390754 - Epoch: 0 Iteration: 63  train.loss : 6.89836  train.total_ips : 1446.35 img/s
DLL 2020-10-03 23:03:15.746288 - Epoch: 0 Iteration: 64  train.loss : 6.90816  train.total_ips : 1440.38 img/s
DLL 2020-10-03 23:03:16.100843 - Epoch: 0 Iteration: 65  train.loss : 6.90099  train.total_ips : 1444.41 img/s
DLL 2020-10-03 23:03:16.454432 - Epoch: 0 Iteration: 66  train.loss : 6.91418  train.total_ips : 1448.73 img/s
DLL 2020-10-03 23:03:16.806672 - Epoch: 0 Iteration: 67  train.loss : 6.93823  train.total_ips : 1453.77 img/s
DLL 2020-10-03 23:03:17.160395 - Epoch: 0 Iteration: 68  train.loss : 6.92789  train.total_ips : 1447.82 img/s
DLL 2020-10-03 23:03:17.514494 - Epoch: 0 Iteration: 69  train.loss : 6.92027  train.total_ips : 1446.25 img/s
DLL 2020-10-03 23:03:17.867971 - Epoch: 0 Iteration: 70  train.loss : 6.85051  train.total_ips : 1448.83 img/s
DLL 2020-10-03 23:03:18.222105 - Epoch: 0 Iteration: 71  train.loss : 6.91790  train.total_ips : 1446.10 img/s
DLL 2020-10-03 23:03:18.574730 - Epoch: 0 Iteration: 72  train.loss : 6.90311  train.total_ips : 1452.32 img/s
DLL 2020-10-03 23:03:18.927202 - Epoch: 0 Iteration: 73  train.loss : 6.92330  train.total_ips : 1452.95 img/s
DLL 2020-10-03 23:03:19.282127 - Epoch: 0 Iteration: 74  train.loss : 6.93983  train.total_ips : 1442.91 img/s
DLL 2020-10-03 23:03:19.635053 - Epoch: 0 Iteration: 75  train.loss : 6.92216  train.total_ips : 1451.09 img/s
DLL 2020-10-03 23:03:19.989027 - Epoch: 0 Iteration: 76  train.loss : 6.94246  train.total_ips : 1446.92 img/s
DLL 2020-10-03 23:03:20.343000 - Epoch: 0 Iteration: 77  train.loss : 6.90676  train.total_ips : 1446.77 img/s
DLL 2020-10-03 23:03:20.697096 - Epoch: 0 Iteration: 78  train.loss : 6.94282  train.total_ips : 1446.28 img/s
DLL 2020-10-03 23:03:21.050752 - Epoch: 0 Iteration: 79  train.loss : 6.92709  train.total_ips : 1448.20 img/s
DLL 2020-10-03 23:03:21.404204 - Epoch: 0 Iteration: 80  train.loss : 6.94109  train.total_ips : 1448.84 img/s
DLL 2020-10-03 23:03:21.758989 - Epoch: 0 Iteration: 81  train.loss : 6.89272  train.total_ips : 1443.45 img/s
DLL 2020-10-03 23:03:22.114166 - Epoch: 0 Iteration: 82  train.loss : 6.94297  train.total_ips : 1441.87 img/s
DLL 2020-10-03 23:03:22.467998 - Epoch: 0 Iteration: 83  train.loss : 6.91990  train.total_ips : 1447.37 img/s
DLL 2020-10-03 23:03:22.820574 - Epoch: 0 Iteration: 84  train.loss : 6.87611  train.total_ips : 1452.54 img/s
DLL 2020-10-03 23:03:23.174866 - Epoch: 0 Iteration: 85  train.loss : 6.92416  train.total_ips : 1445.48 img/s
DLL 2020-10-03 23:03:23.528164 - Epoch: 0 Iteration: 86  train.loss : 6.93759  train.total_ips : 1449.56 img/s
DLL 2020-10-03 23:03:23.881387 - Epoch: 0 Iteration: 87  train.loss : 6.95654  train.total_ips : 1449.90 img/s
DLL 2020-10-03 23:03:24.234632 - Epoch: 0 Iteration: 88  train.loss : 6.92055  train.total_ips : 1449.72 img/s
DLL 2020-10-03 23:03:24.586163 - Epoch: 0 Iteration: 89  train.loss : 6.90846  train.total_ips : 1456.84 img/s
DLL 2020-10-03 23:03:24.940354 - Epoch: 0 Iteration: 90  train.loss : 6.92187  train.total_ips : 1445.86 img/s
DLL 2020-10-03 23:03:25.294489 - Epoch: 0 Iteration: 91  train.loss : 6.94062  train.total_ips : 1446.09 img/s
DLL 2020-10-03 23:03:25.648625 - Epoch: 0 Iteration: 92  train.loss : 6.92802  train.total_ips : 1446.15 img/s
DLL 2020-10-03 23:03:26.002274 - Epoch: 0 Iteration: 93  train.loss : 6.92774  train.total_ips : 1448.21 img/s
DLL 2020-10-03 23:03:26.355293 - Epoch: 0 Iteration: 94  train.loss : 6.90935  train.total_ips : 1450.68 img/s
DLL 2020-10-03 23:03:26.709115 - Epoch: 0 Iteration: 95  train.loss : 6.95045  train.total_ips : 1447.39 img/s
DLL 2020-10-03 23:03:27.064440 - Epoch: 0 Iteration: 96  train.loss : 6.87583  train.total_ips : 1441.45 img/s
DLL 2020-10-03 23:03:27.418437 - Epoch: 0 Iteration: 97  train.loss : 6.91215  train.total_ips : 1446.75 img/s
DLL 2020-10-03 23:03:27.770062 - Epoch: 0 Iteration: 98  train.loss : 6.90413  train.total_ips : 1456.40 img/s
DLL 2020-10-03 23:03:28.123868 - Epoch: 0 Iteration: 99  train.loss : 6.92556  train.total_ips : 1447.45 img/s
DLL 2020-10-03 23:03:28.478845 - Epoch: 0 Iteration: 100  train.loss : 6.84502  train.total_ips : 1442.68 img/s
DLL 2020-10-03 23:03:28.831920 - Epoch: 0 Iteration: 101  train.loss : 6.93812  train.total_ips : 1450.46 img/s
DLL 2020-10-03 23:03:29.185911 - Epoch: 0 Iteration: 102  train.loss : 6.92985  train.total_ips : 1446.70 img/s
DLL 2020-10-03 23:03:29.539933 - Epoch: 0 Iteration: 103  train.loss : 6.95539  train.total_ips : 1446.58 img/s
DLL 2020-10-03 23:03:29.894655 - Epoch: 0 Iteration: 104  train.loss : 6.93149  train.total_ips : 1443.70 img/s
DLL 2020-10-03 23:03:30.249736 - Epoch: 0 Iteration: 105  train.loss : 6.86077  train.total_ips : 1442.24 img/s
DLL 2020-10-03 23:03:30.603571 - Epoch: 0 Iteration: 106  train.loss : 6.95672  train.total_ips : 1447.32 img/s
DLL 2020-10-03 23:03:30.960251 - Epoch: 0 Iteration: 107  train.loss : 6.90670  train.total_ips : 1435.78 img/s
DLL 2020-10-03 23:03:31.314853 - Epoch: 0 Iteration: 108  train.loss : 6.92730  train.total_ips : 1444.23 img/s
DLL 2020-10-03 23:03:31.669382 - Epoch: 0 Iteration: 109  train.loss : 6.85661  train.total_ips : 1444.61 img/s
DLL 2020-10-03 23:03:32.022191 - Epoch: 0 Iteration: 110  train.loss : 6.87837  train.total_ips : 1451.56 img/s
DLL 2020-10-03 23:03:32.375654 - Epoch: 0 Iteration: 111  train.loss : 6.88927  train.total_ips : 1448.89 img/s
DLL 2020-10-03 23:03:32.727957 - Epoch: 0 Iteration: 112  train.loss : 6.93038  train.total_ips : 1453.69 img/s
DLL 2020-10-03 23:03:33.082330 - Epoch: 0 Iteration: 113  train.loss : 6.93214  train.total_ips : 1445.17 img/s
DLL 2020-10-03 23:03:33.435575 - Epoch: 0 Iteration: 114  train.loss : 6.87040  train.total_ips : 1449.73 img/s
DLL 2020-10-03 23:03:33.790687 - Epoch: 0 Iteration: 115  train.loss : 6.93840  train.total_ips : 1442.14 img/s
DLL 2020-10-03 23:03:34.144914 - Epoch: 0 Iteration: 116  train.loss : 6.93903  train.total_ips : 1445.72 img/s
DLL 2020-10-03 23:03:34.498274 - Epoch: 0 Iteration: 117  train.loss : 6.94234  train.total_ips : 1449.27 img/s
DLL 2020-10-03 23:03:34.852552 - Epoch: 0 Iteration: 118  train.loss : 6.92473  train.total_ips : 1445.52 img/s
DLL 2020-10-03 23:03:35.205849 - Epoch: 0 Iteration: 119  train.loss : 6.88382  train.total_ips : 1449.60 img/s
DLL 2020-10-03 23:03:35.559993 - Epoch: 0 Iteration: 120  train.loss : 6.88144  train.total_ips : 1446.03 img/s
DLL 2020-10-03 23:03:35.914355 - Epoch: 0 Iteration: 121  train.loss : 6.92655  train.total_ips : 1445.21 img/s
DLL 2020-10-03 23:03:36.269409 - Epoch: 0 Iteration: 122  train.loss : 6.94313  train.total_ips : 1442.37 img/s
DLL 2020-10-03 23:03:36.624778 - Epoch: 0 Iteration: 123  train.loss : 6.93091  train.total_ips : 1441.13 img/s
DLL 2020-10-03 23:03:36.978346 - Epoch: 0 Iteration: 124  train.loss : 6.89137  train.total_ips : 1448.62 img/s
DLL 2020-10-03 23:03:37.332449 - Epoch: 0 Iteration: 125  train.loss : 6.91667  train.total_ips : 1446.16 img/s
DLL 2020-10-03 23:03:37.687350 - Epoch: 0 Iteration: 126  train.loss : 6.88606  train.total_ips : 1443.14 img/s
DLL 2020-10-03 23:03:38.040402 - Epoch: 0 Iteration: 127  train.loss : 6.88469  train.total_ips : 1450.48 img/s
DLL 2020-10-03 23:03:38.394811 - Epoch: 0 Iteration: 128  train.loss : 6.91780  train.total_ips : 1445.14 img/s
DLL 2020-10-03 23:03:38.748095 - Epoch: 0 Iteration: 129  train.loss : 6.90437  train.total_ips : 1449.57 img/s
DLL 2020-10-03 23:03:39.103883 - Epoch: 0 Iteration: 130  train.loss : 6.90232  train.total_ips : 1439.37 img/s
DLL 2020-10-03 23:03:39.458547 - Epoch: 0 Iteration: 131  train.loss : 6.89196  train.total_ips : 1443.96 img/s
DLL 2020-10-03 23:03:39.812734 - Epoch: 0 Iteration: 132  train.loss : 6.96593  train.total_ips : 1445.85 img/s
DLL 2020-10-03 23:03:40.166078 - Epoch: 0 Iteration: 133  train.loss : 6.92067  train.total_ips : 1449.34 img/s
DLL 2020-10-03 23:03:40.518482 - Epoch: 0 Iteration: 134  train.loss : 6.90735  train.total_ips : 1453.27 img/s
DLL 2020-10-03 23:03:40.871978 - Epoch: 0 Iteration: 135  train.loss : 6.91717  train.total_ips : 1448.74 img/s
DLL 2020-10-03 23:03:41.225352 - Epoch: 0 Iteration: 136  train.loss : 6.89581  train.total_ips : 1449.21 img/s
DLL 2020-10-03 23:03:41.579537 - Epoch: 0 Iteration: 137  train.loss : 6.92636  train.total_ips : 1445.90 img/s
DLL 2020-10-03 23:03:41.934326 - Epoch: 0 Iteration: 138  train.loss : 6.91483  train.total_ips : 1443.44 img/s
DLL 2020-10-03 23:03:42.290036 - Epoch: 0 Iteration: 139  train.loss : 6.88166  train.total_ips : 1439.87 img/s
DLL 2020-10-03 23:03:42.645346 - Epoch: 0 Iteration: 140  train.loss : 6.89588  train.total_ips : 1441.32 img/s
DLL 2020-10-03 23:03:42.999582 - Epoch: 0 Iteration: 141  train.loss : 6.90636  train.total_ips : 1445.69 img/s
DLL 2020-10-03 23:03:43.353182 - Epoch: 0 Iteration: 142  train.loss : 6.89843  train.total_ips : 1448.33 img/s
DLL 2020-10-03 23:03:43.706969 - Epoch: 0 Iteration: 143  train.loss : 6.87728  train.total_ips : 1447.56 img/s
DLL 2020-10-03 23:03:44.060578 - Epoch: 0 Iteration: 144  train.loss : 6.91870  train.total_ips : 1448.27 img/s
DLL 2020-10-03 23:03:44.415687 - Epoch: 0 Iteration: 145  train.loss : 6.93797  train.total_ips : 1442.19 img/s
DLL 2020-10-03 23:03:44.769845 - Epoch: 0 Iteration: 146  train.loss : 6.89708  train.total_ips : 1446.00 img/s
DLL 2020-10-03 23:03:45.124319 - Epoch: 0 Iteration: 147  train.loss : 6.91121  train.total_ips : 1444.72 img/s
DLL 2020-10-03 23:03:45.478127 - Epoch: 0 Iteration: 148  train.loss : 6.92480  train.total_ips : 1447.48 img/s
DLL 2020-10-03 23:03:45.832320 - Epoch: 0 Iteration: 149  train.loss : 6.92762  train.total_ips : 1445.90 img/s
DLL 2020-10-03 23:03:46.185174 - Epoch: 0  train.loss : 6.92159  train.total_ips : 1435.88 img/s
DLL 2020-10-03 23:03:46.185304 - Epoch: 0  lr : 0.064  train.compute_ips : 1439.56 img/s train.data_time : 0.00092 s train.compute_time : 0.40948 s
DLL 2020-10-03 23:03:46.185414 - Summary: train.loss : 6.92159  train.total_ips : 1435.88 img/s
DLL 2020-10-03 23:03:46.185475 - Summary: lr : 0.064  train.compute_ips : 1439.56 img/s train.data_time : 0.00092 s train.compute_time : 0.40948 s
Experiment ended
['/opt/conda/bin/python', '-u', '/workspace/rn50/main.py', '--data-backend', 'dali-cpu', '--raport-file', '/workspace/rn50/raport.json', '-j5', '-p', '1', '--lr', '0.512', '--optimizer-batch-size', '-1', '--warmup', '8', '--arch', 'resnet50', '-c', 'fanin', '--label-smoothing', '0.1', '--lr-schedule', 'cosine', '--mom', '0.125', '--wd', '3.0517578125e-05', '--workspace', '/workspace/rn50', '-b', '128', '--epochs', '1', '--prof', '150', '--training-only', '--no-checkpoints', '/data/image']
['/opt/conda/bin/python', '-u', '/workspace/rn50/main.py', '--data-backend', 'dali-cpu', '--raport-file', '/workspace/rn50/raport.json', '-j5', '-p', '1', '--lr', '0.512', '--optimizer-batch-size', '-1', '--warmup', '8', '--arch', 'resnet50', '-c', 'fanin', '--label-smoothing', '0.1', '--lr-schedule', 'cosine', '--mom', '0.125', '--wd', '3.0517578125e-05', '--workspace', '/workspace/rn50', '-b', '128', '--epochs', '1', '--prof', '150', '--training-only', '--no-checkpoints', '/data/image']
['/opt/conda/bin/python', '-u', '/workspace/rn50/main.py', '--data-backend', 'dali-cpu', '--raport-file', '/workspace/rn50/raport.json', '-j5', '-p', '1', '--lr', '0.512', '--optimizer-batch-size', '-1', '--warmup', '8', '--arch', 'resnet50', '-c', 'fanin', '--label-smoothing', '0.1', '--lr-schedule', 'cosine', '--mom', '0.125', '--wd', '3.0517578125e-05', '--workspace', '/workspace/rn50', '-b', '128', '--epochs', '1', '--prof', '150', '--training-only', '--no-checkpoints', '/data/image']
['/opt/conda/bin/python', '-u', '/workspace/rn50/main.py', '--data-backend', 'dali-cpu', '--raport-file', '/workspace/rn50/raport.json', '-j5', '-p', '1', '--lr', '0.512', '--optimizer-batch-size', '-1', '--warmup', '8', '--arch', 'resnet50', '-c', 'fanin', '--label-smoothing', '0.1', '--lr-schedule', 'cosine', '--mom', '0.125', '--wd', '3.0517578125e-05', '--workspace', '/workspace/rn50', '-b', '128', '--epochs', '1', '--prof', '150', '--training-only', '--no-checkpoints', '/data/image']
