+ python /workspace/rn50/multiproc.py --nnodes 1 --node_rank 0 --nproc_per_node 4 --master_addr 127.0.0.1 --master_port=29500 /workspace/rn50/main.py --data-backend dali-cpu --raport-file /workspace/rn50/raport.json -j5 -p 1 --lr 0.512 --optimizer-batch-size -1 --warmup 8 --arch resnet50 -c fanin --label-smoothing 0.1 --lr-schedule cosine --mom 0.125 --wd 3.0517578125e-05 --workspace /workspace/rn50 -b 128 --epochs 1 --prof 150 --training-only --no-checkpoints /data/image
=> creating model '('resnet50', 'fanin', 1000)'
Version: {'net': <class 'image_classification.resnet.ResNet'>, 'block': <class 'image_classification.resnet.Bottleneck'>, 'layers': [3, 4, 6, 3], 'widths': [64, 128, 256, 512], 'expansion': 4}
Config: {'conv': <class 'torch.nn.modules.conv.Conv2d'>, 'conv_init': 'fan_in', 'nonlinearity': 'relu', 'last_bn_0_init': False, 'activation': <function <lambda> at 0x7fc6da3449d8>}
Num classes: 1000
i'm distributed in dali~~~~~~~~~~~~~~~~~
rank in dali:  0
world_size in dali:  4
read 3545488 files from 2792 directories
read 50000 files from 1000 directories
DLL 2020-10-03 23:06:12.834833 - PARAMETER data : /data/image  data_backend : dali-cpu  arch : resnet50  model_config : fanin  num_classes : 1000  workers : 5  epochs : 1  run_epochs : -1  batch_size : 128  optimizer_batch_size : -1  lr : 0.512  lr_schedule : cosine  warmup : 8  label_smoothing : 0.1  mixup : 0.0  momentum : 0.125  weight_decay : 3.0517578125e-05  bn_weight_decay : False  nesterov : False  print_freq : 1  resume : None  pretrained_weights :   fp16 : False  static_loss_scale : 1  dynamic_loss_scale : False  prof : 150  amp : False  seed : None  gather_checkpoints : False  raport_file : /workspace/rn50/raport.json  evaluate : False  training_only : True  save_checkpoints : False  checkpoint_filename : checkpoint.pth.tar  workspace : /workspace/rn50  memory_format : nchw  distributed : True  local_rank : 0  gpu : 8  world_size : 4 
 ! Weight decay NOT applied to BN parameters 
98
63
RUNNING EPOCHS FROM 0 TO 1
DLL 2020-10-03 23:06:23.093648 - Epoch: 0 Iteration: 1  train.loss : 7.03196  train.total_ips : 57.71 img/s
DLL 2020-10-03 23:06:23.547229 - Epoch: 0 Iteration: 2  train.loss : 7.03721  train.total_ips : 1128.87 img/s
DLL 2020-10-03 23:06:23.898939 - Epoch: 0 Iteration: 3  train.loss : 6.97605  train.total_ips : 1456.10 img/s
DLL 2020-10-03 23:06:24.250689 - Epoch: 0 Iteration: 4  train.loss : 6.97902  train.total_ips : 1455.91 img/s
DLL 2020-10-03 23:06:24.602587 - Epoch: 0 Iteration: 5  train.loss : 6.97598  train.total_ips : 1455.31 img/s
DLL 2020-10-03 23:06:24.954538 - Epoch: 0 Iteration: 6  train.loss : 6.90786  train.total_ips : 1455.08 img/s
DLL 2020-10-03 23:06:25.307227 - Epoch: 0 Iteration: 7  train.loss : 6.94750  train.total_ips : 1452.06 img/s
DLL 2020-10-03 23:06:25.659964 - Epoch: 0 Iteration: 8  train.loss : 6.94240  train.total_ips : 1452.21 img/s
DLL 2020-10-03 23:06:26.010786 - Epoch: 0 Iteration: 9  train.loss : 6.90166  train.total_ips : 1459.62 img/s
DLL 2020-10-03 23:06:26.362723 - Epoch: 0 Iteration: 10  train.loss : 6.94212  train.total_ips : 1455.78 img/s
DLL 2020-10-03 23:06:26.714881 - Epoch: 0 Iteration: 11  train.loss : 6.92773  train.total_ips : 1454.40 img/s
DLL 2020-10-03 23:06:27.068926 - Epoch: 0 Iteration: 12  train.loss : 6.94666  train.total_ips : 1446.49 img/s
DLL 2020-10-03 23:06:27.421615 - Epoch: 0 Iteration: 13  train.loss : 6.95861  train.total_ips : 1452.03 img/s
DLL 2020-10-03 23:06:27.773635 - Epoch: 0 Iteration: 14  train.loss : 6.93041  train.total_ips : 1454.76 img/s
DLL 2020-10-03 23:06:28.125697 - Epoch: 0 Iteration: 15  train.loss : 6.93194  train.total_ips : 1454.64 img/s
DLL 2020-10-03 23:06:28.478376 - Epoch: 0 Iteration: 16  train.loss : 6.95280  train.total_ips : 1452.16 img/s
DLL 2020-10-03 23:06:28.834256 - Epoch: 0 Iteration: 17  train.loss : 6.95429  train.total_ips : 1439.16 img/s
DLL 2020-10-03 23:06:29.186550 - Epoch: 0 Iteration: 18  train.loss : 6.90299  train.total_ips : 1453.88 img/s
DLL 2020-10-03 23:06:29.538962 - Epoch: 0 Iteration: 19  train.loss : 6.91774  train.total_ips : 1453.15 img/s
DLL 2020-10-03 23:06:29.891308 - Epoch: 0 Iteration: 20  train.loss : 6.92679  train.total_ips : 1453.76 img/s
DLL 2020-10-03 23:06:30.245641 - Epoch: 0 Iteration: 21  train.loss : 6.89471  train.total_ips : 1445.29 img/s
DLL 2020-10-03 23:06:30.596801 - Epoch: 0 Iteration: 22  train.loss : 6.92595  train.total_ips : 1458.38 img/s
DLL 2020-10-03 23:06:30.950306 - Epoch: 0 Iteration: 23  train.loss : 6.94951  train.total_ips : 1448.70 img/s
DLL 2020-10-03 23:06:31.302233 - Epoch: 0 Iteration: 24  train.loss : 6.96446  train.total_ips : 1455.23 img/s
DLL 2020-10-03 23:06:31.654984 - Epoch: 0 Iteration: 25  train.loss : 6.91540  train.total_ips : 1451.79 img/s
DLL 2020-10-03 23:06:32.007353 - Epoch: 0 Iteration: 26  train.loss : 6.89248  train.total_ips : 1453.41 img/s
DLL 2020-10-03 23:06:32.360115 - Epoch: 0 Iteration: 27  train.loss : 6.91880  train.total_ips : 1451.76 img/s
DLL 2020-10-03 23:06:32.711773 - Epoch: 0 Iteration: 28  train.loss : 6.92331  train.total_ips : 1456.33 img/s
DLL 2020-10-03 23:06:33.064068 - Epoch: 0 Iteration: 29  train.loss : 6.89866  train.total_ips : 1453.70 img/s
DLL 2020-10-03 23:06:33.416042 - Epoch: 0 Iteration: 30  train.loss : 6.90931  train.total_ips : 1454.97 img/s
DLL 2020-10-03 23:06:33.767647 - Epoch: 0 Iteration: 31  train.loss : 6.90571  train.total_ips : 1456.61 img/s
DLL 2020-10-03 23:06:34.119949 - Epoch: 0 Iteration: 32  train.loss : 6.90229  train.total_ips : 1453.79 img/s
DLL 2020-10-03 23:06:34.471410 - Epoch: 0 Iteration: 33  train.loss : 6.94965  train.total_ips : 1457.06 img/s
DLL 2020-10-03 23:06:34.823735 - Epoch: 0 Iteration: 34  train.loss : 6.89036  train.total_ips : 1453.62 img/s
DLL 2020-10-03 23:06:35.176536 - Epoch: 0 Iteration: 35  train.loss : 6.96978  train.total_ips : 1451.64 img/s
DLL 2020-10-03 23:06:35.529580 - Epoch: 0 Iteration: 36  train.loss : 6.93619  train.total_ips : 1450.53 img/s
DLL 2020-10-03 23:06:35.883389 - Epoch: 0 Iteration: 37  train.loss : 6.91900  train.total_ips : 1447.42 img/s
DLL 2020-10-03 23:06:36.237025 - Epoch: 0 Iteration: 38  train.loss : 6.95439  train.total_ips : 1448.30 img/s
DLL 2020-10-03 23:06:36.587897 - Epoch: 0 Iteration: 39  train.loss : 6.91455  train.total_ips : 1459.53 img/s
DLL 2020-10-03 23:06:36.942029 - Epoch: 0 Iteration: 40  train.loss : 6.94321  train.total_ips : 1446.11 img/s
DLL 2020-10-03 23:06:37.294287 - Epoch: 0 Iteration: 41  train.loss : 6.91700  train.total_ips : 1453.82 img/s
DLL 2020-10-03 23:06:37.645426 - Epoch: 0 Iteration: 42  train.loss : 6.89716  train.total_ips : 1458.51 img/s
DLL 2020-10-03 23:06:37.997774 - Epoch: 0 Iteration: 43  train.loss : 6.92021  train.total_ips : 1453.46 img/s
DLL 2020-10-03 23:06:38.350518 - Epoch: 0 Iteration: 44  train.loss : 6.92453  train.total_ips : 1451.81 img/s
DLL 2020-10-03 23:06:38.703222 - Epoch: 0 Iteration: 45  train.loss : 6.91905  train.total_ips : 1451.99 img/s
DLL 2020-10-03 23:06:39.055591 - Epoch: 0 Iteration: 46  train.loss : 6.91285  train.total_ips : 1453.38 img/s
DLL 2020-10-03 23:06:39.409501 - Epoch: 0 Iteration: 47  train.loss : 6.90616  train.total_ips : 1447.02 img/s
DLL 2020-10-03 23:06:39.763356 - Epoch: 0 Iteration: 48  train.loss : 6.90157  train.total_ips : 1447.35 img/s
DLL 2020-10-03 23:06:40.115567 - Epoch: 0 Iteration: 49  train.loss : 6.96536  train.total_ips : 1454.00 img/s
DLL 2020-10-03 23:06:40.467292 - Epoch: 0 Iteration: 50  train.loss : 6.94459  train.total_ips : 1456.01 img/s
DLL 2020-10-03 23:06:40.820007 - Epoch: 0 Iteration: 51  train.loss : 6.89583  train.total_ips : 1451.94 img/s
DLL 2020-10-03 23:06:41.173415 - Epoch: 0 Iteration: 52  train.loss : 6.94000  train.total_ips : 1449.11 img/s
DLL 2020-10-03 23:06:41.525313 - Epoch: 0 Iteration: 53  train.loss : 6.90004  train.total_ips : 1455.48 img/s
DLL 2020-10-03 23:06:41.878112 - Epoch: 0 Iteration: 54  train.loss : 6.91298  train.total_ips : 1451.52 img/s
DLL 2020-10-03 23:06:42.230007 - Epoch: 0 Iteration: 55  train.loss : 6.92523  train.total_ips : 1455.30 img/s
DLL 2020-10-03 23:06:42.583402 - Epoch: 0 Iteration: 56  train.loss : 6.85542  train.total_ips : 1449.23 img/s
DLL 2020-10-03 23:06:42.935810 - Epoch: 0 Iteration: 57  train.loss : 6.90741  train.total_ips : 1453.22 img/s
DLL 2020-10-03 23:06:43.289721 - Epoch: 0 Iteration: 58  train.loss : 6.91764  train.total_ips : 1446.98 img/s
DLL 2020-10-03 23:06:43.641752 - Epoch: 0 Iteration: 59  train.loss : 6.92014  train.total_ips : 1454.77 img/s
DLL 2020-10-03 23:06:43.994069 - Epoch: 0 Iteration: 60  train.loss : 6.93059  train.total_ips : 1453.56 img/s
DLL 2020-10-03 23:06:44.345576 - Epoch: 0 Iteration: 61  train.loss : 6.93439  train.total_ips : 1457.03 img/s
DLL 2020-10-03 23:06:44.698942 - Epoch: 0 Iteration: 62  train.loss : 6.93200  train.total_ips : 1449.24 img/s
DLL 2020-10-03 23:06:45.051293 - Epoch: 0 Iteration: 63  train.loss : 6.89104  train.total_ips : 1453.43 img/s
DLL 2020-10-03 23:06:45.404957 - Epoch: 0 Iteration: 64  train.loss : 6.92334  train.total_ips : 1448.03 img/s
DLL 2020-10-03 23:06:45.757836 - Epoch: 0 Iteration: 65  train.loss : 6.90584  train.total_ips : 1451.25 img/s
DLL 2020-10-03 23:06:46.111128 - Epoch: 0 Iteration: 66  train.loss : 6.91627  train.total_ips : 1449.57 img/s
DLL 2020-10-03 23:06:46.464636 - Epoch: 0 Iteration: 67  train.loss : 6.94173  train.total_ips : 1448.71 img/s
DLL 2020-10-03 23:06:46.817367 - Epoch: 0 Iteration: 68  train.loss : 6.92345  train.total_ips : 1451.85 img/s
DLL 2020-10-03 23:06:47.169976 - Epoch: 0 Iteration: 69  train.loss : 6.95043  train.total_ips : 1452.39 img/s
DLL 2020-10-03 23:06:47.521199 - Epoch: 0 Iteration: 70  train.loss : 6.86702  train.total_ips : 1458.12 img/s
DLL 2020-10-03 23:06:47.874613 - Epoch: 0 Iteration: 71  train.loss : 6.90409  train.total_ips : 1449.06 img/s
DLL 2020-10-03 23:06:48.227520 - Epoch: 0 Iteration: 72  train.loss : 6.91772  train.total_ips : 1451.19 img/s
DLL 2020-10-03 23:06:48.579992 - Epoch: 0 Iteration: 73  train.loss : 6.92502  train.total_ips : 1452.99 img/s
DLL 2020-10-03 23:06:48.932562 - Epoch: 0 Iteration: 74  train.loss : 6.94598  train.total_ips : 1452.56 img/s
DLL 2020-10-03 23:06:49.286364 - Epoch: 0 Iteration: 75  train.loss : 6.92074  train.total_ips : 1447.47 img/s
DLL 2020-10-03 23:06:49.638507 - Epoch: 0 Iteration: 76  train.loss : 6.93342  train.total_ips : 1454.32 img/s
DLL 2020-10-03 23:06:49.991668 - Epoch: 0 Iteration: 77  train.loss : 6.91853  train.total_ips : 1450.29 img/s
DLL 2020-10-03 23:06:50.343591 - Epoch: 0 Iteration: 78  train.loss : 6.94115  train.total_ips : 1455.12 img/s
DLL 2020-10-03 23:06:50.696129 - Epoch: 0 Iteration: 79  train.loss : 6.92732  train.total_ips : 1452.70 img/s
DLL 2020-10-03 23:06:51.048994 - Epoch: 0 Iteration: 80  train.loss : 6.93932  train.total_ips : 1451.33 img/s
DLL 2020-10-03 23:06:51.400044 - Epoch: 0 Iteration: 81  train.loss : 6.89380  train.total_ips : 1458.82 img/s
DLL 2020-10-03 23:06:51.753073 - Epoch: 0 Iteration: 82  train.loss : 6.96301  train.total_ips : 1450.71 img/s
DLL 2020-10-03 23:06:52.106263 - Epoch: 0 Iteration: 83  train.loss : 6.91980  train.total_ips : 1450.04 img/s
DLL 2020-10-03 23:06:52.460465 - Epoch: 0 Iteration: 84  train.loss : 6.87486  train.total_ips : 1445.80 img/s
DLL 2020-10-03 23:06:52.814184 - Epoch: 0 Iteration: 85  train.loss : 6.91393  train.total_ips : 1447.82 img/s
DLL 2020-10-03 23:06:53.167706 - Epoch: 0 Iteration: 86  train.loss : 6.94041  train.total_ips : 1448.59 img/s
DLL 2020-10-03 23:06:53.521268 - Epoch: 0 Iteration: 87  train.loss : 6.95049  train.total_ips : 1448.50 img/s
DLL 2020-10-03 23:06:53.873964 - Epoch: 0 Iteration: 88  train.loss : 6.91716  train.total_ips : 1452.00 img/s
DLL 2020-10-03 23:06:54.227351 - Epoch: 0 Iteration: 89  train.loss : 6.92368  train.total_ips : 1449.18 img/s
DLL 2020-10-03 23:06:54.580715 - Epoch: 0 Iteration: 90  train.loss : 6.91984  train.total_ips : 1449.31 img/s
DLL 2020-10-03 23:06:54.935592 - Epoch: 0 Iteration: 91  train.loss : 6.93923  train.total_ips : 1443.12 img/s
DLL 2020-10-03 23:06:55.289129 - Epoch: 0 Iteration: 92  train.loss : 6.92237  train.total_ips : 1448.55 img/s
DLL 2020-10-03 23:06:55.642751 - Epoch: 0 Iteration: 93  train.loss : 6.93015  train.total_ips : 1448.37 img/s
DLL 2020-10-03 23:06:55.996591 - Epoch: 0 Iteration: 94  train.loss : 6.90926  train.total_ips : 1447.30 img/s
DLL 2020-10-03 23:06:56.348770 - Epoch: 0 Iteration: 95  train.loss : 6.92577  train.total_ips : 1454.15 img/s
DLL 2020-10-03 23:06:56.701881 - Epoch: 0 Iteration: 96  train.loss : 6.88341  train.total_ips : 1450.31 img/s
DLL 2020-10-03 23:06:57.055481 - Epoch: 0 Iteration: 97  train.loss : 6.91894  train.total_ips : 1448.30 img/s
DLL 2020-10-03 23:06:57.407816 - Epoch: 0 Iteration: 98  train.loss : 6.91677  train.total_ips : 1453.50 img/s
DLL 2020-10-03 23:06:57.761332 - Epoch: 0 Iteration: 99  train.loss : 6.92891  train.total_ips : 1448.65 img/s
DLL 2020-10-03 23:06:58.115921 - Epoch: 0 Iteration: 100  train.loss : 6.85168  train.total_ips : 1444.26 img/s
DLL 2020-10-03 23:06:58.467119 - Epoch: 0 Iteration: 101  train.loss : 6.92623  train.total_ips : 1458.27 img/s
DLL 2020-10-03 23:06:58.822275 - Epoch: 0 Iteration: 102  train.loss : 6.92758  train.total_ips : 1441.93 img/s
DLL 2020-10-03 23:06:59.175648 - Epoch: 0 Iteration: 103  train.loss : 6.92498  train.total_ips : 1449.23 img/s
DLL 2020-10-03 23:06:59.529644 - Epoch: 0 Iteration: 104  train.loss : 6.90154  train.total_ips : 1446.72 img/s
DLL 2020-10-03 23:06:59.882367 - Epoch: 0 Iteration: 105  train.loss : 6.85635  train.total_ips : 1451.89 img/s
DLL 2020-10-03 23:07:00.236588 - Epoch: 0 Iteration: 106  train.loss : 6.96109  train.total_ips : 1445.93 img/s
DLL 2020-10-03 23:07:00.590379 - Epoch: 0 Iteration: 107  train.loss : 6.89599  train.total_ips : 1447.66 img/s
DLL 2020-10-03 23:07:00.942783 - Epoch: 0 Iteration: 108  train.loss : 6.94148  train.total_ips : 1453.29 img/s
DLL 2020-10-03 23:07:01.297354 - Epoch: 0 Iteration: 109  train.loss : 6.86250  train.total_ips : 1444.30 img/s
DLL 2020-10-03 23:07:01.648825 - Epoch: 0 Iteration: 110  train.loss : 6.87204  train.total_ips : 1457.08 img/s
DLL 2020-10-03 23:07:02.002304 - Epoch: 0 Iteration: 111  train.loss : 6.87688  train.total_ips : 1448.78 img/s
DLL 2020-10-03 23:07:02.355839 - Epoch: 0 Iteration: 112  train.loss : 6.92463  train.total_ips : 1448.59 img/s
DLL 2020-10-03 23:07:02.708620 - Epoch: 0 Iteration: 113  train.loss : 6.92101  train.total_ips : 1451.65 img/s
DLL 2020-10-03 23:07:03.063028 - Epoch: 0 Iteration: 114  train.loss : 6.86264  train.total_ips : 1445.01 img/s
DLL 2020-10-03 23:07:03.417145 - Epoch: 0 Iteration: 115  train.loss : 6.92552  train.total_ips : 1446.18 img/s
DLL 2020-10-03 23:07:03.771416 - Epoch: 0 Iteration: 116  train.loss : 6.92737  train.total_ips : 1445.57 img/s
DLL 2020-10-03 23:07:04.123751 - Epoch: 0 Iteration: 117  train.loss : 6.94253  train.total_ips : 1453.49 img/s
DLL 2020-10-03 23:07:04.476935 - Epoch: 0 Iteration: 118  train.loss : 6.90506  train.total_ips : 1450.00 img/s
DLL 2020-10-03 23:07:04.829880 - Epoch: 0 Iteration: 119  train.loss : 6.90712  train.total_ips : 1451.08 img/s
DLL 2020-10-03 23:07:05.181612 - Epoch: 0 Iteration: 120  train.loss : 6.87207  train.total_ips : 1455.98 img/s
DLL 2020-10-03 23:07:05.534555 - Epoch: 0 Iteration: 121  train.loss : 6.94268  train.total_ips : 1450.99 img/s
DLL 2020-10-03 23:07:05.887501 - Epoch: 0 Iteration: 122  train.loss : 6.95841  train.total_ips : 1450.98 img/s
DLL 2020-10-03 23:07:06.241814 - Epoch: 0 Iteration: 123  train.loss : 6.93751  train.total_ips : 1445.42 img/s
DLL 2020-10-03 23:07:06.595609 - Epoch: 0 Iteration: 124  train.loss : 6.89830  train.total_ips : 1447.48 img/s
DLL 2020-10-03 23:07:06.949199 - Epoch: 0 Iteration: 125  train.loss : 6.92045  train.total_ips : 1448.35 img/s
DLL 2020-10-03 23:07:07.303320 - Epoch: 0 Iteration: 126  train.loss : 6.93050  train.total_ips : 1446.20 img/s
DLL 2020-10-03 23:07:07.657950 - Epoch: 0 Iteration: 127  train.loss : 6.89579  train.total_ips : 1444.08 img/s
DLL 2020-10-03 23:07:08.011965 - Epoch: 0 Iteration: 128  train.loss : 6.92252  train.total_ips : 1446.59 img/s
DLL 2020-10-03 23:07:08.365401 - Epoch: 0 Iteration: 129  train.loss : 6.90357  train.total_ips : 1448.97 img/s
DLL 2020-10-03 23:07:08.718659 - Epoch: 0 Iteration: 130  train.loss : 6.92404  train.total_ips : 1449.71 img/s
DLL 2020-10-03 23:07:09.071347 - Epoch: 0 Iteration: 131  train.loss : 6.90166  train.total_ips : 1452.03 img/s
DLL 2020-10-03 23:07:09.425701 - Epoch: 0 Iteration: 132  train.loss : 6.95850  train.total_ips : 1445.24 img/s
DLL 2020-10-03 23:07:09.779544 - Epoch: 0 Iteration: 133  train.loss : 6.90557  train.total_ips : 1447.32 img/s
DLL 2020-10-03 23:07:10.132803 - Epoch: 0 Iteration: 134  train.loss : 6.91154  train.total_ips : 1449.69 img/s
DLL 2020-10-03 23:07:10.487035 - Epoch: 0 Iteration: 135  train.loss : 6.90240  train.total_ips : 1445.76 img/s
DLL 2020-10-03 23:07:10.840569 - Epoch: 0 Iteration: 136  train.loss : 6.91046  train.total_ips : 1448.57 img/s
DLL 2020-10-03 23:07:11.194480 - Epoch: 0 Iteration: 137  train.loss : 6.93058  train.total_ips : 1447.04 img/s
DLL 2020-10-03 23:07:11.546939 - Epoch: 0 Iteration: 138  train.loss : 6.93452  train.total_ips : 1453.02 img/s
DLL 2020-10-03 23:07:11.901245 - Epoch: 0 Iteration: 139  train.loss : 6.88719  train.total_ips : 1445.41 img/s
DLL 2020-10-03 23:07:12.253880 - Epoch: 0 Iteration: 140  train.loss : 6.89619  train.total_ips : 1452.26 img/s
DLL 2020-10-03 23:07:12.607221 - Epoch: 0 Iteration: 141  train.loss : 6.91090  train.total_ips : 1449.35 img/s
DLL 2020-10-03 23:07:12.960711 - Epoch: 0 Iteration: 142  train.loss : 6.88779  train.total_ips : 1448.74 img/s
DLL 2020-10-03 23:07:13.315071 - Epoch: 0 Iteration: 143  train.loss : 6.87798  train.total_ips : 1445.20 img/s
DLL 2020-10-03 23:07:13.667854 - Epoch: 0 Iteration: 144  train.loss : 6.91773  train.total_ips : 1451.70 img/s
DLL 2020-10-03 23:07:14.022489 - Epoch: 0 Iteration: 145  train.loss : 6.92627  train.total_ips : 1444.01 img/s
DLL 2020-10-03 23:07:14.374868 - Epoch: 0 Iteration: 146  train.loss : 6.90580  train.total_ips : 1453.32 img/s
DLL 2020-10-03 23:07:14.728889 - Epoch: 0 Iteration: 147  train.loss : 6.96430  train.total_ips : 1446.60 img/s
DLL 2020-10-03 23:07:15.082162 - Epoch: 0 Iteration: 148  train.loss : 6.93012  train.total_ips : 1449.73 img/s
DLL 2020-10-03 23:07:15.435937 - Epoch: 0 Iteration: 149  train.loss : 6.92648  train.total_ips : 1447.53 img/s
DLL 2020-10-03 23:07:15.789650 - Epoch: 0  train.loss : 6.92163  train.total_ips : 1439.41 img/s
DLL 2020-10-03 23:07:15.789773 - Epoch: 0  lr : 0.064  train.compute_ips : 1443.18 img/s train.data_time : 0.00094 s train.compute_time : 0.40942 s
DLL 2020-10-03 23:07:15.789908 - Summary: train.loss : 6.92163  train.total_ips : 1439.41 img/s
DLL 2020-10-03 23:07:15.789954 - Summary: lr : 0.064  train.compute_ips : 1443.18 img/s train.data_time : 0.00094 s train.compute_time : 0.40942 s
Experiment ended
['/opt/conda/bin/python', '-u', '/workspace/rn50/main.py', '--data-backend', 'dali-cpu', '--raport-file', '/workspace/rn50/raport.json', '-j5', '-p', '1', '--lr', '0.512', '--optimizer-batch-size', '-1', '--warmup', '8', '--arch', 'resnet50', '-c', 'fanin', '--label-smoothing', '0.1', '--lr-schedule', 'cosine', '--mom', '0.125', '--wd', '3.0517578125e-05', '--workspace', '/workspace/rn50', '-b', '128', '--epochs', '1', '--prof', '150', '--training-only', '--no-checkpoints', '/data/image']
['/opt/conda/bin/python', '-u', '/workspace/rn50/main.py', '--data-backend', 'dali-cpu', '--raport-file', '/workspace/rn50/raport.json', '-j5', '-p', '1', '--lr', '0.512', '--optimizer-batch-size', '-1', '--warmup', '8', '--arch', 'resnet50', '-c', 'fanin', '--label-smoothing', '0.1', '--lr-schedule', 'cosine', '--mom', '0.125', '--wd', '3.0517578125e-05', '--workspace', '/workspace/rn50', '-b', '128', '--epochs', '1', '--prof', '150', '--training-only', '--no-checkpoints', '/data/image']
['/opt/conda/bin/python', '-u', '/workspace/rn50/main.py', '--data-backend', 'dali-cpu', '--raport-file', '/workspace/rn50/raport.json', '-j5', '-p', '1', '--lr', '0.512', '--optimizer-batch-size', '-1', '--warmup', '8', '--arch', 'resnet50', '-c', 'fanin', '--label-smoothing', '0.1', '--lr-schedule', 'cosine', '--mom', '0.125', '--wd', '3.0517578125e-05', '--workspace', '/workspace/rn50', '-b', '128', '--epochs', '1', '--prof', '150', '--training-only', '--no-checkpoints', '/data/image']
['/opt/conda/bin/python', '-u', '/workspace/rn50/main.py', '--data-backend', 'dali-cpu', '--raport-file', '/workspace/rn50/raport.json', '-j5', '-p', '1', '--lr', '0.512', '--optimizer-batch-size', '-1', '--warmup', '8', '--arch', 'resnet50', '-c', 'fanin', '--label-smoothing', '0.1', '--lr-schedule', 'cosine', '--mom', '0.125', '--wd', '3.0517578125e-05', '--workspace', '/workspace/rn50', '-b', '128', '--epochs', '1', '--prof', '150', '--training-only', '--no-checkpoints', '/data/image']
