+ python /workspace/rn50/multiproc.py --nnodes 1 --node_rank 0 --nproc_per_node 1 --master_addr 127.0.0.1 --master_port=29500 /workspace/rn50/main.py --data-backend dali-cpu --raport-file /workspace/rn50/raport.json -j5 -p 1 --lr 0.128 --optimizer-batch-size -1 --warmup 8 --arch resnet50 -c fanin --label-smoothing 0.1 --lr-schedule cosine --mom 0.125 --wd 3.0517578125e-05 --workspace /workspace/rn50 -b 128 --epochs 1 --prof 150 --training-only --no-checkpoints /data/image
=> creating model '('resnet50', 'fanin', 1000)'
Version: {'net': <class 'image_classification.resnet.ResNet'>, 'block': <class 'image_classification.resnet.Bottleneck'>, 'layers': [3, 4, 6, 3], 'widths': [64, 128, 256, 512], 'expansion': 4}
Config: {'conv': <class 'torch.nn.modules.conv.Conv2d'>, 'conv_init': 'fan_in', 'nonlinearity': 'relu', 'last_bn_0_init': False, 'activation': <function <lambda> at 0x7fac74cc59d8>}
Num classes: 1000
i'm not distributed in dali
read 3545488 files from 2792 directories
read 50000 files from 1000 directories
DLL 2020-09-28 20:58:07.835209 - PARAMETER data : /data/image  data_backend : dali-cpu  arch : resnet50  model_config : fanin  num_classes : 1000  workers : 5  epochs : 1  run_epochs : -1  batch_size : 128  optimizer_batch_size : -1  lr : 0.128  lr_schedule : cosine  warmup : 8  label_smoothing : 0.1  mixup : 0.0  momentum : 0.125  weight_decay : 3.0517578125e-05  bn_weight_decay : False  nesterov : False  print_freq : 1  resume : None  pretrained_weights :   fp16 : False  static_loss_scale : 1  dynamic_loss_scale : False  prof : 150  amp : False  seed : None  gather_checkpoints : False  raport_file : /workspace/rn50/raport.json  evaluate : False  training_only : True  save_checkpoints : False  checkpoint_filename : checkpoint.pth.tar  workspace : /workspace/rn50  memory_format : nchw  distributed : False  local_rank : 0  gpu : 0  world_size : 1 
 ! Weight decay NOT applied to BN parameters 
98
63
RUNNING EPOCHS FROM 0 TO 1
DLL 2020-09-28 20:58:15.812948 - Epoch: 0 Iteration: 1  train.loss : 6.98617  train.total_ips : 16.05 img/s
DLL 2020-09-28 20:58:16.162920 - Epoch: 0 Iteration: 2  train.loss : 7.07196  train.total_ips : 365.76 img/s
DLL 2020-09-28 20:58:16.508675 - Epoch: 0 Iteration: 3  train.loss : 7.01991  train.total_ips : 370.27 img/s
DLL 2020-09-28 20:58:16.856675 - Epoch: 0 Iteration: 4  train.loss : 7.02433  train.total_ips : 367.89 img/s
DLL 2020-09-28 20:58:17.204047 - Epoch: 0 Iteration: 5  train.loss : 7.06286  train.total_ips : 368.55 img/s
DLL 2020-09-28 20:58:17.550819 - Epoch: 0 Iteration: 6  train.loss : 6.95165  train.total_ips : 369.19 img/s
DLL 2020-09-28 20:58:17.896856 - Epoch: 0 Iteration: 7  train.loss : 7.02129  train.total_ips : 370.07 img/s
DLL 2020-09-28 20:58:18.246111 - Epoch: 0 Iteration: 8  train.loss : 6.96262  train.total_ips : 366.61 img/s
DLL 2020-09-28 20:58:18.593229 - Epoch: 0 Iteration: 9  train.loss : 6.95240  train.total_ips : 368.83 img/s
DLL 2020-09-28 20:58:18.941208 - Epoch: 0 Iteration: 10  train.loss : 6.99655  train.total_ips : 367.91 img/s
DLL 2020-09-28 20:58:19.289022 - Epoch: 0 Iteration: 11  train.loss : 7.05981  train.total_ips : 368.09 img/s
DLL 2020-09-28 20:58:19.638206 - Epoch: 0 Iteration: 12  train.loss : 7.07497  train.total_ips : 366.67 img/s
DLL 2020-09-28 20:58:19.985646 - Epoch: 0 Iteration: 13  train.loss : 6.95688  train.total_ips : 368.48 img/s
DLL 2020-09-28 20:58:20.334508 - Epoch: 0 Iteration: 14  train.loss : 6.97642  train.total_ips : 366.99 img/s
DLL 2020-09-28 20:58:20.683924 - Epoch: 0 Iteration: 15  train.loss : 6.86817  train.total_ips : 366.53 img/s
DLL 2020-09-28 20:58:21.033039 - Epoch: 0 Iteration: 16  train.loss : 6.94583  train.total_ips : 366.69 img/s
DLL 2020-09-28 20:58:21.378997 - Epoch: 0 Iteration: 17  train.loss : 6.98834  train.total_ips : 370.06 img/s
DLL 2020-09-28 20:58:21.728698 - Epoch: 0 Iteration: 18  train.loss : 6.90481  train.total_ips : 366.11 img/s
DLL 2020-09-28 20:58:22.075680 - Epoch: 0 Iteration: 19  train.loss : 6.93643  train.total_ips : 369.04 img/s
DLL 2020-09-28 20:58:22.423691 - Epoch: 0 Iteration: 20  train.loss : 6.93069  train.total_ips : 367.90 img/s
DLL 2020-09-28 20:58:22.774068 - Epoch: 0 Iteration: 21  train.loss : 6.88214  train.total_ips : 365.35 img/s
DLL 2020-09-28 20:58:23.122607 - Epoch: 0 Iteration: 22  train.loss : 6.94723  train.total_ips : 367.34 img/s
DLL 2020-09-28 20:58:23.470969 - Epoch: 0 Iteration: 23  train.loss : 6.91873  train.total_ips : 367.49 img/s
DLL 2020-09-28 20:58:23.820742 - Epoch: 0 Iteration: 24  train.loss : 7.00982  train.total_ips : 366.00 img/s
DLL 2020-09-28 20:58:24.166743 - Epoch: 0 Iteration: 25  train.loss : 6.90664  train.total_ips : 370.00 img/s
DLL 2020-09-28 20:58:24.515015 - Epoch: 0 Iteration: 26  train.loss : 6.96387  train.total_ips : 367.62 img/s
DLL 2020-09-28 20:58:24.864391 - Epoch: 0 Iteration: 27  train.loss : 6.85852  train.total_ips : 366.46 img/s
DLL 2020-09-28 20:58:25.213310 - Epoch: 0 Iteration: 28  train.loss : 6.97386  train.total_ips : 366.97 img/s
DLL 2020-09-28 20:58:25.560524 - Epoch: 0 Iteration: 29  train.loss : 6.88552  train.total_ips : 368.84 img/s
DLL 2020-09-28 20:58:25.911053 - Epoch: 0 Iteration: 30  train.loss : 6.95645  train.total_ips : 365.44 img/s
DLL 2020-09-28 20:58:26.259577 - Epoch: 0 Iteration: 31  train.loss : 6.95757  train.total_ips : 367.36 img/s
DLL 2020-09-28 20:58:26.609280 - Epoch: 0 Iteration: 32  train.loss : 6.96009  train.total_ips : 366.11 img/s
DLL 2020-09-28 20:58:26.956539 - Epoch: 0 Iteration: 33  train.loss : 6.93124  train.total_ips : 368.71 img/s
DLL 2020-09-28 20:58:27.304548 - Epoch: 0 Iteration: 34  train.loss : 6.90151  train.total_ips : 367.90 img/s
DLL 2020-09-28 20:58:27.651669 - Epoch: 0 Iteration: 35  train.loss : 6.97049  train.total_ips : 368.91 img/s
DLL 2020-09-28 20:58:28.001973 - Epoch: 0 Iteration: 36  train.loss : 6.94530  train.total_ips : 365.84 img/s
DLL 2020-09-28 20:58:28.350815 - Epoch: 0 Iteration: 37  train.loss : 6.96401  train.total_ips : 366.94 img/s
DLL 2020-09-28 20:58:28.700114 - Epoch: 0 Iteration: 38  train.loss : 6.89018  train.total_ips : 366.74 img/s
DLL 2020-09-28 20:58:29.048776 - Epoch: 0 Iteration: 39  train.loss : 6.87918  train.total_ips : 367.19 img/s
DLL 2020-09-28 20:58:29.397295 - Epoch: 0 Iteration: 40  train.loss : 7.00907  train.total_ips : 367.45 img/s
DLL 2020-09-28 20:58:29.745410 - Epoch: 0 Iteration: 41  train.loss : 6.97775  train.total_ips : 368.16 img/s
DLL 2020-09-28 20:58:30.097022 - Epoch: 0 Iteration: 42  train.loss : 6.92268  train.total_ips : 364.13 img/s
DLL 2020-09-28 20:58:30.444361 - Epoch: 0 Iteration: 43  train.loss : 6.86449  train.total_ips : 368.59 img/s
DLL 2020-09-28 20:58:30.793471 - Epoch: 0 Iteration: 44  train.loss : 6.90928  train.total_ips : 366.75 img/s
DLL 2020-09-28 20:58:31.141740 - Epoch: 0 Iteration: 45  train.loss : 6.96587  train.total_ips : 367.63 img/s
DLL 2020-09-28 20:58:31.490441 - Epoch: 0 Iteration: 46  train.loss : 6.89815  train.total_ips : 367.15 img/s
DLL 2020-09-28 20:58:31.837917 - Epoch: 0 Iteration: 47  train.loss : 6.91807  train.total_ips : 368.53 img/s
DLL 2020-09-28 20:58:32.189675 - Epoch: 0 Iteration: 48  train.loss : 6.97445  train.total_ips : 364.03 img/s
DLL 2020-09-28 20:58:32.538243 - Epoch: 0 Iteration: 49  train.loss : 6.97249  train.total_ips : 367.42 img/s
DLL 2020-09-28 20:58:32.888949 - Epoch: 0 Iteration: 50  train.loss : 6.91317  train.total_ips : 365.05 img/s
DLL 2020-09-28 20:58:33.236397 - Epoch: 0 Iteration: 51  train.loss : 6.86809  train.total_ips : 368.53 img/s
DLL 2020-09-28 20:58:33.585108 - Epoch: 0 Iteration: 52  train.loss : 6.88203  train.total_ips : 367.18 img/s
DLL 2020-09-28 20:58:33.933110 - Epoch: 0 Iteration: 53  train.loss : 6.88147  train.total_ips : 367.95 img/s
DLL 2020-09-28 20:58:34.281903 - Epoch: 0 Iteration: 54  train.loss : 6.91214  train.total_ips : 367.06 img/s
DLL 2020-09-28 20:58:34.628807 - Epoch: 0 Iteration: 55  train.loss : 7.00791  train.total_ips : 369.03 img/s
DLL 2020-09-28 20:58:34.979188 - Epoch: 0 Iteration: 56  train.loss : 6.93628  train.total_ips : 365.42 img/s
DLL 2020-09-28 20:58:35.327088 - Epoch: 0 Iteration: 57  train.loss : 6.90961  train.total_ips : 367.98 img/s
DLL 2020-09-28 20:58:35.676679 - Epoch: 0 Iteration: 58  train.loss : 6.97768  train.total_ips : 366.19 img/s
DLL 2020-09-28 20:58:36.025781 - Epoch: 0 Iteration: 59  train.loss : 6.91730  train.total_ips : 366.73 img/s
DLL 2020-09-28 20:58:36.374494 - Epoch: 0 Iteration: 60  train.loss : 6.94697  train.total_ips : 367.14 img/s
DLL 2020-09-28 20:58:36.722099 - Epoch: 0 Iteration: 61  train.loss : 6.91408  train.total_ips : 368.30 img/s
DLL 2020-09-28 20:58:37.072725 - Epoch: 0 Iteration: 62  train.loss : 6.91619  train.total_ips : 365.14 img/s
DLL 2020-09-28 20:58:37.420338 - Epoch: 0 Iteration: 63  train.loss : 6.91029  train.total_ips : 368.30 img/s
DLL 2020-09-28 20:58:37.770647 - Epoch: 0 Iteration: 64  train.loss : 6.93536  train.total_ips : 365.50 img/s
DLL 2020-09-28 20:58:38.119401 - Epoch: 0 Iteration: 65  train.loss : 6.90031  train.total_ips : 367.18 img/s
DLL 2020-09-28 20:58:38.469208 - Epoch: 0 Iteration: 66  train.loss : 6.90521  train.total_ips : 366.03 img/s
DLL 2020-09-28 20:58:38.821461 - Epoch: 0 Iteration: 67  train.loss : 6.98408  train.total_ips : 363.50 img/s
DLL 2020-09-28 20:58:39.172187 - Epoch: 0 Iteration: 68  train.loss : 6.88230  train.total_ips : 365.09 img/s
DLL 2020-09-28 20:58:39.522348 - Epoch: 0 Iteration: 69  train.loss : 6.95168  train.total_ips : 365.73 img/s
DLL 2020-09-28 20:58:39.873889 - Epoch: 0 Iteration: 70  train.loss : 6.84770  train.total_ips : 364.40 img/s
DLL 2020-09-28 20:58:40.225500 - Epoch: 0 Iteration: 71  train.loss : 6.82570  train.total_ips : 364.44 img/s
DLL 2020-09-28 20:58:40.576345 - Epoch: 0 Iteration: 72  train.loss : 6.87347  train.total_ips : 364.91 img/s
DLL 2020-09-28 20:58:40.927062 - Epoch: 0 Iteration: 73  train.loss : 6.80668  train.total_ips : 365.06 img/s
DLL 2020-09-28 20:58:41.280030 - Epoch: 0 Iteration: 74  train.loss : 6.94241  train.total_ips : 362.78 img/s
DLL 2020-09-28 20:58:41.630918 - Epoch: 0 Iteration: 75  train.loss : 6.98039  train.total_ips : 365.01 img/s
DLL 2020-09-28 20:58:41.981175 - Epoch: 0 Iteration: 76  train.loss : 6.94193  train.total_ips : 365.69 img/s
DLL 2020-09-28 20:58:42.329909 - Epoch: 0 Iteration: 77  train.loss : 6.92417  train.total_ips : 367.15 img/s
DLL 2020-09-28 20:58:42.681090 - Epoch: 0 Iteration: 78  train.loss : 7.01049  train.total_ips : 364.56 img/s
DLL 2020-09-28 20:58:43.029496 - Epoch: 0 Iteration: 79  train.loss : 6.93229  train.total_ips : 367.47 img/s
DLL 2020-09-28 20:58:43.379971 - Epoch: 0 Iteration: 80  train.loss : 6.93336  train.total_ips : 365.30 img/s
DLL 2020-09-28 20:58:43.729031 - Epoch: 0 Iteration: 81  train.loss : 6.93553  train.total_ips : 366.80 img/s
DLL 2020-09-28 20:58:44.079935 - Epoch: 0 Iteration: 82  train.loss : 7.00685  train.total_ips : 364.94 img/s
DLL 2020-09-28 20:58:44.429696 - Epoch: 0 Iteration: 83  train.loss : 6.98613  train.total_ips : 366.04 img/s
DLL 2020-09-28 20:58:44.778415 - Epoch: 0 Iteration: 84  train.loss : 6.92125  train.total_ips : 367.18 img/s
DLL 2020-09-28 20:58:45.127746 - Epoch: 0 Iteration: 85  train.loss : 6.89177  train.total_ips : 366.49 img/s
DLL 2020-09-28 20:58:45.479317 - Epoch: 0 Iteration: 86  train.loss : 6.99619  train.total_ips : 364.32 img/s
DLL 2020-09-28 20:58:45.828054 - Epoch: 0 Iteration: 87  train.loss : 6.94939  train.total_ips : 367.00 img/s
DLL 2020-09-28 20:58:46.176782 - Epoch: 0 Iteration: 88  train.loss : 6.89263  train.total_ips : 367.17 img/s
DLL 2020-09-28 20:58:46.524475 - Epoch: 0 Iteration: 89  train.loss : 6.96832  train.total_ips : 368.27 img/s
DLL 2020-09-28 20:58:46.873791 - Epoch: 0 Iteration: 90  train.loss : 6.91057  train.total_ips : 366.63 img/s
DLL 2020-09-28 20:58:47.222536 - Epoch: 0 Iteration: 91  train.loss : 6.96131  train.total_ips : 367.11 img/s
DLL 2020-09-28 20:58:47.575024 - Epoch: 0 Iteration: 92  train.loss : 6.87380  train.total_ips : 363.35 img/s
DLL 2020-09-28 20:58:47.925242 - Epoch: 0 Iteration: 93  train.loss : 6.92186  train.total_ips : 365.56 img/s
DLL 2020-09-28 20:58:48.276441 - Epoch: 0 Iteration: 94  train.loss : 7.00709  train.total_ips : 364.56 img/s
DLL 2020-09-28 20:58:48.625463 - Epoch: 0 Iteration: 95  train.loss : 6.93108  train.total_ips : 366.88 img/s
DLL 2020-09-28 20:58:48.977057 - Epoch: 0 Iteration: 96  train.loss : 6.87695  train.total_ips : 364.18 img/s
DLL 2020-09-28 20:58:49.326376 - Epoch: 0 Iteration: 97  train.loss : 6.89745  train.total_ips : 366.51 img/s
DLL 2020-09-28 20:58:49.677697 - Epoch: 0 Iteration: 98  train.loss : 6.95294  train.total_ips : 364.61 img/s
DLL 2020-09-28 20:58:50.029434 - Epoch: 0 Iteration: 99  train.loss : 6.95416  train.total_ips : 364.06 img/s
DLL 2020-09-28 20:58:50.380486 - Epoch: 0 Iteration: 100  train.loss : 6.80742  train.total_ips : 364.75 img/s
DLL 2020-09-28 20:58:50.730717 - Epoch: 0 Iteration: 101  train.loss : 6.92666  train.total_ips : 365.62 img/s
DLL 2020-09-28 20:58:51.081000 - Epoch: 0 Iteration: 102  train.loss : 6.95139  train.total_ips : 365.49 img/s
DLL 2020-09-28 20:58:51.431794 - Epoch: 0 Iteration: 103  train.loss : 6.93128  train.total_ips : 365.06 img/s
DLL 2020-09-28 20:58:51.782895 - Epoch: 0 Iteration: 104  train.loss : 6.90893  train.total_ips : 364.63 img/s
DLL 2020-09-28 20:58:52.132719 - Epoch: 0 Iteration: 105  train.loss : 6.85803  train.total_ips : 365.97 img/s
DLL 2020-09-28 20:58:52.484669 - Epoch: 0 Iteration: 106  train.loss : 6.90184  train.total_ips : 363.76 img/s
DLL 2020-09-28 20:58:52.833446 - Epoch: 0 Iteration: 107  train.loss : 6.90610  train.total_ips : 367.06 img/s
DLL 2020-09-28 20:58:53.183840 - Epoch: 0 Iteration: 108  train.loss : 6.91816  train.total_ips : 365.39 img/s
DLL 2020-09-28 20:58:53.535669 - Epoch: 0 Iteration: 109  train.loss : 6.84733  train.total_ips : 363.88 img/s
DLL 2020-09-28 20:58:53.885799 - Epoch: 0 Iteration: 110  train.loss : 6.85338  train.total_ips : 365.66 img/s
DLL 2020-09-28 20:58:54.235366 - Epoch: 0 Iteration: 111  train.loss : 6.83192  train.total_ips : 366.24 img/s
DLL 2020-09-28 20:58:54.585504 - Epoch: 0 Iteration: 112  train.loss : 6.94290  train.total_ips : 365.64 img/s
DLL 2020-09-28 20:58:54.934203 - Epoch: 0 Iteration: 113  train.loss : 6.90676  train.total_ips : 367.15 img/s
DLL 2020-09-28 20:58:55.284667 - Epoch: 0 Iteration: 114  train.loss : 6.97451  train.total_ips : 365.31 img/s
DLL 2020-09-28 20:58:55.635659 - Epoch: 0 Iteration: 115  train.loss : 6.90521  train.total_ips : 364.76 img/s
DLL 2020-09-28 20:58:55.986507 - Epoch: 0 Iteration: 116  train.loss : 6.92521  train.total_ips : 364.92 img/s
DLL 2020-09-28 20:58:56.335362 - Epoch: 0 Iteration: 117  train.loss : 6.89514  train.total_ips : 367.00 img/s
DLL 2020-09-28 20:58:56.684422 - Epoch: 0 Iteration: 118  train.loss : 6.93435  train.total_ips : 366.84 img/s
DLL 2020-09-28 20:58:57.035329 - Epoch: 0 Iteration: 119  train.loss : 6.87597  train.total_ips : 364.89 img/s
DLL 2020-09-28 20:58:57.387608 - Epoch: 0 Iteration: 120  train.loss : 6.88494  train.total_ips : 363.41 img/s
DLL 2020-09-28 20:58:57.737578 - Epoch: 0 Iteration: 121  train.loss : 6.97380  train.total_ips : 365.87 img/s
DLL 2020-09-28 20:58:58.087480 - Epoch: 0 Iteration: 122  train.loss : 6.94605  train.total_ips : 365.89 img/s
DLL 2020-09-28 20:58:58.438144 - Epoch: 0 Iteration: 123  train.loss : 6.83365  train.total_ips : 365.09 img/s
DLL 2020-09-28 20:58:58.788275 - Epoch: 0 Iteration: 124  train.loss : 6.95300  train.total_ips : 365.66 img/s
DLL 2020-09-28 20:58:59.136953 - Epoch: 0 Iteration: 125  train.loss : 6.93709  train.total_ips : 367.17 img/s
DLL 2020-09-28 20:58:59.488249 - Epoch: 0 Iteration: 126  train.loss : 6.86136  train.total_ips : 364.45 img/s
DLL 2020-09-28 20:58:59.838008 - Epoch: 0 Iteration: 127  train.loss : 6.85766  train.total_ips : 366.07 img/s
DLL 2020-09-28 20:59:00.191268 - Epoch: 0 Iteration: 128  train.loss : 6.86300  train.total_ips : 362.41 img/s
DLL 2020-09-28 20:59:00.540661 - Epoch: 0 Iteration: 129  train.loss : 6.90646  train.total_ips : 366.42 img/s
DLL 2020-09-28 20:59:00.890562 - Epoch: 0 Iteration: 130  train.loss : 6.86671  train.total_ips : 365.93 img/s
DLL 2020-09-28 20:59:01.239833 - Epoch: 0 Iteration: 131  train.loss : 6.91551  train.total_ips : 366.55 img/s
DLL 2020-09-28 20:59:01.587655 - Epoch: 0 Iteration: 132  train.loss : 6.99637  train.total_ips : 368.08 img/s
DLL 2020-09-28 20:59:01.938682 - Epoch: 0 Iteration: 133  train.loss : 6.84836  train.total_ips : 364.71 img/s
DLL 2020-09-28 20:59:02.287453 - Epoch: 0 Iteration: 134  train.loss : 6.93737  train.total_ips : 367.07 img/s
DLL 2020-09-28 20:59:02.637407 - Epoch: 0 Iteration: 135  train.loss : 6.85434  train.total_ips : 365.83 img/s
DLL 2020-09-28 20:59:02.987175 - Epoch: 0 Iteration: 136  train.loss : 6.79743  train.total_ips : 366.03 img/s
DLL 2020-09-28 20:59:03.336237 - Epoch: 0 Iteration: 137  train.loss : 6.88206  train.total_ips : 366.76 img/s
DLL 2020-09-28 20:59:03.686014 - Epoch: 0 Iteration: 138  train.loss : 6.89023  train.total_ips : 366.02 img/s
DLL 2020-09-28 20:59:04.036775 - Epoch: 0 Iteration: 139  train.loss : 6.88881  train.total_ips : 364.99 img/s
DLL 2020-09-28 20:59:04.385356 - Epoch: 0 Iteration: 140  train.loss : 6.94577  train.total_ips : 367.28 img/s
DLL 2020-09-28 20:59:04.736174 - Epoch: 0 Iteration: 141  train.loss : 6.97530  train.total_ips : 364.93 img/s
DLL 2020-09-28 20:59:05.084887 - Epoch: 0 Iteration: 142  train.loss : 6.88146  train.total_ips : 367.13 img/s
DLL 2020-09-28 20:59:05.433829 - Epoch: 0 Iteration: 143  train.loss : 6.94626  train.total_ips : 366.89 img/s
DLL 2020-09-28 20:59:05.781190 - Epoch: 0 Iteration: 144  train.loss : 6.99479  train.total_ips : 368.56 img/s
DLL 2020-09-28 20:59:06.131587 - Epoch: 0 Iteration: 145  train.loss : 6.88220  train.total_ips : 365.37 img/s
DLL 2020-09-28 20:59:06.481106 - Epoch: 0 Iteration: 146  train.loss : 6.86326  train.total_ips : 366.29 img/s
DLL 2020-09-28 20:59:06.832233 - Epoch: 0 Iteration: 147  train.loss : 7.01329  train.total_ips : 364.61 img/s
DLL 2020-09-28 20:59:07.181672 - Epoch: 0 Iteration: 148  train.loss : 6.98140  train.total_ips : 366.37 img/s
DLL 2020-09-28 20:59:07.530716 - Epoch: 0 Iteration: 149  train.loss : 6.91142  train.total_ips : 366.80 img/s
DLL 2020-09-28 20:59:07.879858 - Epoch: 0  train.loss : 6.92872  train.total_ips : 364.08 img/s
DLL 2020-09-28 20:59:07.879974 - Epoch: 0  lr : 0.016  train.compute_ips : 365.14 img/s train.data_time : 0.00102 s train.compute_time : 0.39915 s
DLL 2020-09-28 20:59:07.880080 - Summary: train.loss : 6.92872  train.total_ips : 364.08 img/s
DLL 2020-09-28 20:59:07.880137 - Summary: lr : 0.016  train.compute_ips : 365.14 img/s train.data_time : 0.00102 s train.compute_time : 0.39915 s
Experiment ended
['/opt/conda/bin/python', '-u', '/workspace/rn50/main.py', '--data-backend', 'dali-cpu', '--raport-file', '/workspace/rn50/raport.json', '-j5', '-p', '1', '--lr', '0.128', '--optimizer-batch-size', '-1', '--warmup', '8', '--arch', 'resnet50', '-c', 'fanin', '--label-smoothing', '0.1', '--lr-schedule', 'cosine', '--mom', '0.125', '--wd', '3.0517578125e-05', '--workspace', '/workspace/rn50', '-b', '128', '--epochs', '1', '--prof', '150', '--training-only', '--no-checkpoints', '/data/image']
