+ python /workspace/rn50/multiproc.py --nnodes 1 --node_rank 0 --nproc_per_node 1 --master_addr 127.0.0.1 --master_port=29500 /workspace/rn50/main.py --data-backend dali-cpu --raport-file /workspace/rn50/raport.json -j5 -p 1 --lr 0.128 --optimizer-batch-size -1 --warmup 8 --arch resnet50 -c fanin --label-smoothing 0.1 --lr-schedule cosine --mom 0.125 --wd 3.0517578125e-05 --workspace /workspace/rn50 -b 128 --epochs 1 --prof 150 --training-only --no-checkpoints /data/image
=> creating model '('resnet50', 'fanin', 1000)'
Version: {'net': <class 'image_classification.resnet.ResNet'>, 'block': <class 'image_classification.resnet.Bottleneck'>, 'layers': [3, 4, 6, 3], 'widths': [64, 128, 256, 512], 'expansion': 4}
Config: {'conv': <class 'torch.nn.modules.conv.Conv2d'>, 'conv_init': 'fan_in', 'nonlinearity': 'relu', 'last_bn_0_init': False, 'activation': <function <lambda> at 0x7fdefdafd9d8>}
Num classes: 1000
i'm not distributed in dali
read 3545488 files from 2792 directories
read 50000 files from 1000 directories
DLL 2020-09-28 21:01:46.291243 - PARAMETER data : /data/image  data_backend : dali-cpu  arch : resnet50  model_config : fanin  num_classes : 1000  workers : 5  epochs : 1  run_epochs : -1  batch_size : 128  optimizer_batch_size : -1  lr : 0.128  lr_schedule : cosine  warmup : 8  label_smoothing : 0.1  mixup : 0.0  momentum : 0.125  weight_decay : 3.0517578125e-05  bn_weight_decay : False  nesterov : False  print_freq : 1  resume : None  pretrained_weights :   fp16 : False  static_loss_scale : 1  dynamic_loss_scale : False  prof : 150  amp : False  seed : None  gather_checkpoints : False  raport_file : /workspace/rn50/raport.json  evaluate : False  training_only : True  save_checkpoints : False  checkpoint_filename : checkpoint.pth.tar  workspace : /workspace/rn50  memory_format : nchw  distributed : False  local_rank : 0  gpu : 0  world_size : 1 
 ! Weight decay NOT applied to BN parameters 
98
63
RUNNING EPOCHS FROM 0 TO 1
DLL 2020-09-28 21:01:54.020895 - Epoch: 0 Iteration: 1  train.loss : 7.07752  train.total_ips : 16.58 img/s
DLL 2020-09-28 21:01:54.369672 - Epoch: 0 Iteration: 2  train.loss : 7.02240  train.total_ips : 367.02 img/s
DLL 2020-09-28 21:01:54.715552 - Epoch: 0 Iteration: 3  train.loss : 7.00393  train.total_ips : 370.27 img/s
DLL 2020-09-28 21:01:55.062607 - Epoch: 0 Iteration: 4  train.loss : 7.01250  train.total_ips : 368.90 img/s
DLL 2020-09-28 21:01:55.409323 - Epoch: 0 Iteration: 5  train.loss : 7.06267  train.total_ips : 369.30 img/s
DLL 2020-09-28 21:01:55.757831 - Epoch: 0 Iteration: 6  train.loss : 6.86666  train.total_ips : 367.35 img/s
DLL 2020-09-28 21:01:56.104557 - Epoch: 0 Iteration: 7  train.loss : 7.11782  train.total_ips : 369.25 img/s
DLL 2020-09-28 21:01:56.450583 - Epoch: 0 Iteration: 8  train.loss : 6.96527  train.total_ips : 369.99 img/s
DLL 2020-09-28 21:01:56.797418 - Epoch: 0 Iteration: 9  train.loss : 6.98347  train.total_ips : 369.12 img/s
DLL 2020-09-28 21:01:57.144688 - Epoch: 0 Iteration: 10  train.loss : 6.90641  train.total_ips : 368.68 img/s
DLL 2020-09-28 21:01:57.491696 - Epoch: 0 Iteration: 11  train.loss : 7.03900  train.total_ips : 369.06 img/s
DLL 2020-09-28 21:01:57.839346 - Epoch: 0 Iteration: 12  train.loss : 6.93859  train.total_ips : 368.22 img/s
DLL 2020-09-28 21:01:58.186799 - Epoch: 0 Iteration: 13  train.loss : 7.04204  train.total_ips : 368.48 img/s
DLL 2020-09-28 21:01:58.536671 - Epoch: 0 Iteration: 14  train.loss : 6.97110  train.total_ips : 365.94 img/s
DLL 2020-09-28 21:01:58.884141 - Epoch: 0 Iteration: 15  train.loss : 6.89651  train.total_ips : 368.44 img/s
DLL 2020-09-28 21:01:59.231781 - Epoch: 0 Iteration: 16  train.loss : 6.95473  train.total_ips : 368.28 img/s
DLL 2020-09-28 21:01:59.580247 - Epoch: 0 Iteration: 17  train.loss : 6.94861  train.total_ips : 367.39 img/s
DLL 2020-09-28 21:01:59.928630 - Epoch: 0 Iteration: 18  train.loss : 6.99573  train.total_ips : 367.48 img/s
DLL 2020-09-28 21:02:00.276743 - Epoch: 0 Iteration: 19  train.loss : 6.97330  train.total_ips : 367.77 img/s
DLL 2020-09-28 21:02:00.624662 - Epoch: 0 Iteration: 20  train.loss : 6.93713  train.total_ips : 367.98 img/s
DLL 2020-09-28 21:02:00.970552 - Epoch: 0 Iteration: 21  train.loss : 6.91782  train.total_ips : 370.13 img/s
DLL 2020-09-28 21:02:01.317186 - Epoch: 0 Iteration: 22  train.loss : 6.95882  train.total_ips : 369.37 img/s
DLL 2020-09-28 21:02:01.662317 - Epoch: 0 Iteration: 23  train.loss : 6.86867  train.total_ips : 370.94 img/s
DLL 2020-09-28 21:02:02.011619 - Epoch: 0 Iteration: 24  train.loss : 7.04335  train.total_ips : 366.57 img/s
DLL 2020-09-28 21:02:02.358223 - Epoch: 0 Iteration: 25  train.loss : 6.95489  train.total_ips : 369.37 img/s
DLL 2020-09-28 21:02:02.705523 - Epoch: 0 Iteration: 26  train.loss : 6.93927  train.total_ips : 368.62 img/s
DLL 2020-09-28 21:02:03.054326 - Epoch: 0 Iteration: 27  train.loss : 6.87966  train.total_ips : 367.04 img/s
DLL 2020-09-28 21:02:03.402719 - Epoch: 0 Iteration: 28  train.loss : 6.94079  train.total_ips : 367.48 img/s
DLL 2020-09-28 21:02:03.751064 - Epoch: 0 Iteration: 29  train.loss : 6.82878  train.total_ips : 367.52 img/s
DLL 2020-09-28 21:02:04.098705 - Epoch: 0 Iteration: 30  train.loss : 6.93966  train.total_ips : 368.30 img/s
DLL 2020-09-28 21:02:04.447961 - Epoch: 0 Iteration: 31  train.loss : 7.03538  train.total_ips : 366.57 img/s
DLL 2020-09-28 21:02:04.794192 - Epoch: 0 Iteration: 32  train.loss : 6.96662  train.total_ips : 369.77 img/s
DLL 2020-09-28 21:02:05.141377 - Epoch: 0 Iteration: 33  train.loss : 6.96380  train.total_ips : 368.75 img/s
DLL 2020-09-28 21:02:05.491529 - Epoch: 0 Iteration: 34  train.loss : 6.90400  train.total_ips : 365.63 img/s
DLL 2020-09-28 21:02:05.838519 - Epoch: 0 Iteration: 35  train.loss : 6.95440  train.total_ips : 368.96 img/s
DLL 2020-09-28 21:02:06.186693 - Epoch: 0 Iteration: 36  train.loss : 6.96958  train.total_ips : 367.71 img/s
DLL 2020-09-28 21:02:06.535999 - Epoch: 0 Iteration: 37  train.loss : 6.95292  train.total_ips : 366.51 img/s
DLL 2020-09-28 21:02:06.884218 - Epoch: 0 Iteration: 38  train.loss : 6.87637  train.total_ips : 367.66 img/s
DLL 2020-09-28 21:02:07.230939 - Epoch: 0 Iteration: 39  train.loss : 6.89004  train.total_ips : 369.24 img/s
DLL 2020-09-28 21:02:07.580509 - Epoch: 0 Iteration: 40  train.loss : 7.00119  train.total_ips : 366.24 img/s
DLL 2020-09-28 21:02:07.929061 - Epoch: 0 Iteration: 41  train.loss : 6.93016  train.total_ips : 367.30 img/s
DLL 2020-09-28 21:02:08.278167 - Epoch: 0 Iteration: 42  train.loss : 6.94497  train.total_ips : 366.74 img/s
DLL 2020-09-28 21:02:08.625348 - Epoch: 0 Iteration: 43  train.loss : 6.91238  train.total_ips : 368.82 img/s
DLL 2020-09-28 21:02:08.973677 - Epoch: 0 Iteration: 44  train.loss : 6.88575  train.total_ips : 367.54 img/s
DLL 2020-09-28 21:02:09.321207 - Epoch: 0 Iteration: 45  train.loss : 6.93380  train.total_ips : 368.38 img/s
DLL 2020-09-28 21:02:09.669199 - Epoch: 0 Iteration: 46  train.loss : 6.90428  train.total_ips : 367.90 img/s
DLL 2020-09-28 21:02:10.014126 - Epoch: 0 Iteration: 47  train.loss : 6.90322  train.total_ips : 371.17 img/s
DLL 2020-09-28 21:02:10.361719 - Epoch: 0 Iteration: 48  train.loss : 6.97624  train.total_ips : 368.32 img/s
DLL 2020-09-28 21:02:10.708649 - Epoch: 0 Iteration: 49  train.loss : 6.92776  train.total_ips : 369.02 img/s
DLL 2020-09-28 21:02:11.059103 - Epoch: 0 Iteration: 50  train.loss : 6.90626  train.total_ips : 365.31 img/s
DLL 2020-09-28 21:02:11.407602 - Epoch: 0 Iteration: 51  train.loss : 6.85872  train.total_ips : 367.37 img/s
DLL 2020-09-28 21:02:11.756582 - Epoch: 0 Iteration: 52  train.loss : 6.95077  train.total_ips : 366.86 img/s
DLL 2020-09-28 21:02:12.104040 - Epoch: 0 Iteration: 53  train.loss : 6.90839  train.total_ips : 368.47 img/s
DLL 2020-09-28 21:02:12.452371 - Epoch: 0 Iteration: 54  train.loss : 6.90666  train.total_ips : 367.60 img/s
DLL 2020-09-28 21:02:12.802593 - Epoch: 0 Iteration: 55  train.loss : 7.00300  train.total_ips : 365.55 img/s
DLL 2020-09-28 21:02:13.151309 - Epoch: 0 Iteration: 56  train.loss : 6.90487  train.total_ips : 367.12 img/s
DLL 2020-09-28 21:02:13.500007 - Epoch: 0 Iteration: 57  train.loss : 6.90637  train.total_ips : 367.15 img/s
DLL 2020-09-28 21:02:13.847710 - Epoch: 0 Iteration: 58  train.loss : 6.95766  train.total_ips : 368.20 img/s
DLL 2020-09-28 21:02:14.195022 - Epoch: 0 Iteration: 59  train.loss : 6.96212  train.total_ips : 368.61 img/s
DLL 2020-09-28 21:02:14.542987 - Epoch: 0 Iteration: 60  train.loss : 6.90967  train.total_ips : 367.93 img/s
DLL 2020-09-28 21:02:14.890363 - Epoch: 0 Iteration: 61  train.loss : 6.92336  train.total_ips : 368.55 img/s
DLL 2020-09-28 21:02:15.237578 - Epoch: 0 Iteration: 62  train.loss : 6.95196  train.total_ips : 368.72 img/s
DLL 2020-09-28 21:02:15.587275 - Epoch: 0 Iteration: 63  train.loss : 6.92591  train.total_ips : 366.10 img/s
DLL 2020-09-28 21:02:15.934481 - Epoch: 0 Iteration: 64  train.loss : 6.91005  train.total_ips : 368.74 img/s
DLL 2020-09-28 21:02:16.284417 - Epoch: 0 Iteration: 65  train.loss : 6.89263  train.total_ips : 365.88 img/s
DLL 2020-09-28 21:02:16.633589 - Epoch: 0 Iteration: 66  train.loss : 6.90233  train.total_ips : 366.65 img/s
DLL 2020-09-28 21:02:16.980713 - Epoch: 0 Iteration: 67  train.loss : 6.95856  train.total_ips : 368.82 img/s
DLL 2020-09-28 21:02:17.327737 - Epoch: 0 Iteration: 68  train.loss : 6.89175  train.total_ips : 368.92 img/s
DLL 2020-09-28 21:02:17.677632 - Epoch: 0 Iteration: 69  train.loss : 6.96255  train.total_ips : 365.89 img/s
DLL 2020-09-28 21:02:18.025776 - Epoch: 0 Iteration: 70  train.loss : 6.88420  train.total_ips : 367.74 img/s
DLL 2020-09-28 21:02:18.373885 - Epoch: 0 Iteration: 71  train.loss : 6.83026  train.total_ips : 367.77 img/s
DLL 2020-09-28 21:02:18.722845 - Epoch: 0 Iteration: 72  train.loss : 6.87718  train.total_ips : 366.90 img/s
DLL 2020-09-28 21:02:19.070495 - Epoch: 0 Iteration: 73  train.loss : 6.83165  train.total_ips : 368.25 img/s
DLL 2020-09-28 21:02:19.416180 - Epoch: 0 Iteration: 74  train.loss : 6.92430  train.total_ips : 370.36 img/s
DLL 2020-09-28 21:02:19.762548 - Epoch: 0 Iteration: 75  train.loss : 6.96265  train.total_ips : 369.67 img/s
DLL 2020-09-28 21:02:20.108664 - Epoch: 0 Iteration: 76  train.loss : 6.91841  train.total_ips : 369.89 img/s
DLL 2020-09-28 21:02:20.458594 - Epoch: 0 Iteration: 77  train.loss : 6.93671  train.total_ips : 365.85 img/s
DLL 2020-09-28 21:02:20.805792 - Epoch: 0 Iteration: 78  train.loss : 7.05470  train.total_ips : 368.73 img/s
DLL 2020-09-28 21:02:21.154342 - Epoch: 0 Iteration: 79  train.loss : 6.93436  train.total_ips : 367.33 img/s
DLL 2020-09-28 21:02:21.501302 - Epoch: 0 Iteration: 80  train.loss : 6.93919  train.total_ips : 368.98 img/s
DLL 2020-09-28 21:02:21.851247 - Epoch: 0 Iteration: 81  train.loss : 6.91397  train.total_ips : 365.85 img/s
DLL 2020-09-28 21:02:22.198083 - Epoch: 0 Iteration: 82  train.loss : 7.00622  train.total_ips : 369.12 img/s
DLL 2020-09-28 21:02:22.546161 - Epoch: 0 Iteration: 83  train.loss : 6.99764  train.total_ips : 367.81 img/s
DLL 2020-09-28 21:02:22.896101 - Epoch: 0 Iteration: 84  train.loss : 6.90573  train.total_ips : 365.84 img/s
DLL 2020-09-28 21:02:23.244409 - Epoch: 0 Iteration: 85  train.loss : 6.94151  train.total_ips : 367.56 img/s
DLL 2020-09-28 21:02:23.592579 - Epoch: 0 Iteration: 86  train.loss : 6.93203  train.total_ips : 367.71 img/s
DLL 2020-09-28 21:02:23.942277 - Epoch: 0 Iteration: 87  train.loss : 6.96519  train.total_ips : 366.10 img/s
DLL 2020-09-28 21:02:24.290101 - Epoch: 0 Iteration: 88  train.loss : 6.90243  train.total_ips : 368.07 img/s
DLL 2020-09-28 21:02:24.638828 - Epoch: 0 Iteration: 89  train.loss : 6.95147  train.total_ips : 367.14 img/s
DLL 2020-09-28 21:02:24.987526 - Epoch: 0 Iteration: 90  train.loss : 6.92174  train.total_ips : 367.15 img/s
DLL 2020-09-28 21:02:25.335318 - Epoch: 0 Iteration: 91  train.loss : 6.94604  train.total_ips : 368.11 img/s
DLL 2020-09-28 21:02:25.685189 - Epoch: 0 Iteration: 92  train.loss : 6.90341  train.total_ips : 365.92 img/s
DLL 2020-09-28 21:02:26.035147 - Epoch: 0 Iteration: 93  train.loss : 6.92691  train.total_ips : 365.83 img/s
DLL 2020-09-28 21:02:26.383841 - Epoch: 0 Iteration: 94  train.loss : 6.96436  train.total_ips : 367.15 img/s
DLL 2020-09-28 21:02:26.732228 - Epoch: 0 Iteration: 95  train.loss : 6.95072  train.total_ips : 367.47 img/s
DLL 2020-09-28 21:02:27.084160 - Epoch: 0 Iteration: 96  train.loss : 6.88127  train.total_ips : 363.78 img/s
DLL 2020-09-28 21:02:27.433693 - Epoch: 0 Iteration: 97  train.loss : 6.90110  train.total_ips : 366.27 img/s
DLL 2020-09-28 21:02:27.783093 - Epoch: 0 Iteration: 98  train.loss : 6.94308  train.total_ips : 366.41 img/s
DLL 2020-09-28 21:02:28.133210 - Epoch: 0 Iteration: 99  train.loss : 6.95613  train.total_ips : 365.67 img/s
DLL 2020-09-28 21:02:28.482512 - Epoch: 0 Iteration: 100  train.loss : 6.85025  train.total_ips : 366.51 img/s
DLL 2020-09-28 21:02:28.830806 - Epoch: 0 Iteration: 101  train.loss : 6.97358  train.total_ips : 367.59 img/s
DLL 2020-09-28 21:02:29.180394 - Epoch: 0 Iteration: 102  train.loss : 6.96982  train.total_ips : 366.28 img/s
DLL 2020-09-28 21:02:29.530759 - Epoch: 0 Iteration: 103  train.loss : 6.89392  train.total_ips : 365.41 img/s
DLL 2020-09-28 21:02:29.880830 - Epoch: 0 Iteration: 104  train.loss : 6.90638  train.total_ips : 365.70 img/s
DLL 2020-09-28 21:02:30.229168 - Epoch: 0 Iteration: 105  train.loss : 6.86632  train.total_ips : 367.62 img/s
DLL 2020-09-28 21:02:30.576608 - Epoch: 0 Iteration: 106  train.loss : 6.91077  train.total_ips : 368.48 img/s
DLL 2020-09-28 21:02:30.923226 - Epoch: 0 Iteration: 107  train.loss : 6.93039  train.total_ips : 369.36 img/s
DLL 2020-09-28 21:02:31.272007 - Epoch: 0 Iteration: 108  train.loss : 6.92589  train.total_ips : 367.08 img/s
DLL 2020-09-28 21:02:31.622931 - Epoch: 0 Iteration: 109  train.loss : 6.85827  train.total_ips : 364.82 img/s
DLL 2020-09-28 21:02:31.971708 - Epoch: 0 Iteration: 110  train.loss : 6.84270  train.total_ips : 367.07 img/s
DLL 2020-09-28 21:02:32.319700 - Epoch: 0 Iteration: 111  train.loss : 6.83731  train.total_ips : 367.89 img/s
DLL 2020-09-28 21:02:32.669354 - Epoch: 0 Iteration: 112  train.loss : 6.95802  train.total_ips : 366.15 img/s
DLL 2020-09-28 21:02:33.017639 - Epoch: 0 Iteration: 113  train.loss : 6.88903  train.total_ips : 367.58 img/s
DLL 2020-09-28 21:02:33.365649 - Epoch: 0 Iteration: 114  train.loss : 6.97955  train.total_ips : 367.88 img/s
DLL 2020-09-28 21:02:33.712235 - Epoch: 0 Iteration: 115  train.loss : 6.92158  train.total_ips : 369.39 img/s
DLL 2020-09-28 21:02:34.060793 - Epoch: 0 Iteration: 116  train.loss : 6.96970  train.total_ips : 367.30 img/s
DLL 2020-09-28 21:02:34.407687 - Epoch: 0 Iteration: 117  train.loss : 6.90631  train.total_ips : 369.06 img/s
DLL 2020-09-28 21:02:34.756586 - Epoch: 0 Iteration: 118  train.loss : 6.92977  train.total_ips : 366.94 img/s
DLL 2020-09-28 21:02:35.104156 - Epoch: 0 Iteration: 119  train.loss : 6.84588  train.total_ips : 368.35 img/s
DLL 2020-09-28 21:02:35.453949 - Epoch: 0 Iteration: 120  train.loss : 6.87599  train.total_ips : 366.05 img/s
DLL 2020-09-28 21:02:35.802527 - Epoch: 0 Iteration: 121  train.loss : 6.96480  train.total_ips : 367.28 img/s
DLL 2020-09-28 21:02:36.153694 - Epoch: 0 Iteration: 122  train.loss : 6.94705  train.total_ips : 364.56 img/s
DLL 2020-09-28 21:02:36.502004 - Epoch: 0 Iteration: 123  train.loss : 6.83073  train.total_ips : 367.56 img/s
DLL 2020-09-28 21:02:36.853178 - Epoch: 0 Iteration: 124  train.loss : 6.93277  train.total_ips : 364.56 img/s
DLL 2020-09-28 21:02:37.202054 - Epoch: 0 Iteration: 125  train.loss : 6.92991  train.total_ips : 366.96 img/s
DLL 2020-09-28 21:02:37.552369 - Epoch: 0 Iteration: 126  train.loss : 6.87708  train.total_ips : 365.46 img/s
DLL 2020-09-28 21:02:37.902374 - Epoch: 0 Iteration: 127  train.loss : 6.85331  train.total_ips : 365.78 img/s
DLL 2020-09-28 21:02:38.253109 - Epoch: 0 Iteration: 128  train.loss : 6.90311  train.total_ips : 365.02 img/s
DLL 2020-09-28 21:02:38.602888 - Epoch: 0 Iteration: 129  train.loss : 6.90387  train.total_ips : 366.01 img/s
DLL 2020-09-28 21:02:38.949898 - Epoch: 0 Iteration: 130  train.loss : 6.85015  train.total_ips : 368.94 img/s
DLL 2020-09-28 21:02:39.299045 - Epoch: 0 Iteration: 131  train.loss : 6.92768  train.total_ips : 366.70 img/s
DLL 2020-09-28 21:02:39.647987 - Epoch: 0 Iteration: 132  train.loss : 7.00892  train.total_ips : 366.89 img/s
DLL 2020-09-28 21:02:39.997896 - Epoch: 0 Iteration: 133  train.loss : 6.83265  train.total_ips : 365.88 img/s
DLL 2020-09-28 21:02:40.347224 - Epoch: 0 Iteration: 134  train.loss : 6.94594  train.total_ips : 366.49 img/s
DLL 2020-09-28 21:02:40.694681 - Epoch: 0 Iteration: 135  train.loss : 6.90673  train.total_ips : 368.46 img/s
DLL 2020-09-28 21:02:41.043724 - Epoch: 0 Iteration: 136  train.loss : 6.86210  train.total_ips : 366.80 img/s
DLL 2020-09-28 21:02:41.392865 - Epoch: 0 Iteration: 137  train.loss : 6.89013  train.total_ips : 366.68 img/s
DLL 2020-09-28 21:02:41.741073 - Epoch: 0 Iteration: 138  train.loss : 6.91570  train.total_ips : 367.67 img/s
DLL 2020-09-28 21:02:42.089758 - Epoch: 0 Iteration: 139  train.loss : 6.88306  train.total_ips : 367.16 img/s
DLL 2020-09-28 21:02:42.437631 - Epoch: 0 Iteration: 140  train.loss : 6.97063  train.total_ips : 368.03 img/s
DLL 2020-09-28 21:02:42.785244 - Epoch: 0 Iteration: 141  train.loss : 6.93472  train.total_ips : 368.30 img/s
DLL 2020-09-28 21:02:43.133728 - Epoch: 0 Iteration: 142  train.loss : 6.89763  train.total_ips : 367.38 img/s
DLL 2020-09-28 21:02:43.482792 - Epoch: 0 Iteration: 143  train.loss : 6.97831  train.total_ips : 366.77 img/s
DLL 2020-09-28 21:02:43.832469 - Epoch: 0 Iteration: 144  train.loss : 6.95637  train.total_ips : 366.12 img/s
DLL 2020-09-28 21:02:44.182337 - Epoch: 0 Iteration: 145  train.loss : 6.88513  train.total_ips : 365.92 img/s
DLL 2020-09-28 21:02:44.530915 - Epoch: 0 Iteration: 146  train.loss : 6.88169  train.total_ips : 367.28 img/s
DLL 2020-09-28 21:02:44.879406 - Epoch: 0 Iteration: 147  train.loss : 7.00428  train.total_ips : 367.37 img/s
DLL 2020-09-28 21:02:45.230319 - Epoch: 0 Iteration: 148  train.loss : 6.98322  train.total_ips : 364.83 img/s
DLL 2020-09-28 21:02:45.579423 - Epoch: 0 Iteration: 149  train.loss : 6.92313  train.total_ips : 366.72 img/s
DLL 2020-09-28 21:02:45.928387 - Epoch: 0  train.loss : 6.93157  train.total_ips : 365.17 img/s
DLL 2020-09-28 21:02:45.928529 - Epoch: 0  lr : 0.016  train.compute_ips : 366.09 img/s train.data_time : 0.00089 s train.compute_time : 0.39657 s
DLL 2020-09-28 21:02:45.928629 - Summary: train.loss : 6.93157  train.total_ips : 365.17 img/s
DLL 2020-09-28 21:02:45.928671 - Summary: lr : 0.016  train.compute_ips : 366.09 img/s train.data_time : 0.00089 s train.compute_time : 0.39657 s
Experiment ended
['/opt/conda/bin/python', '-u', '/workspace/rn50/main.py', '--data-backend', 'dali-cpu', '--raport-file', '/workspace/rn50/raport.json', '-j5', '-p', '1', '--lr', '0.128', '--optimizer-batch-size', '-1', '--warmup', '8', '--arch', 'resnet50', '-c', 'fanin', '--label-smoothing', '0.1', '--lr-schedule', 'cosine', '--mom', '0.125', '--wd', '3.0517578125e-05', '--workspace', '/workspace/rn50', '-b', '128', '--epochs', '1', '--prof', '150', '--training-only', '--no-checkpoints', '/data/image']
