+ python /workspace/rn50/multiproc.py --nnodes 1 --node_rank 0 --nproc_per_node 1 --master_addr 127.0.0.1 --master_port=29500 /workspace/rn50/main.py --data-backend dali-cpu --raport-file /workspace/rn50/raport.json -j5 -p 1 --lr 0.128 --optimizer-batch-size -1 --warmup 8 --arch resnet50 -c fanin --label-smoothing 0.1 --lr-schedule cosine --mom 0.125 --wd 3.0517578125e-05 --workspace /workspace/rn50 -b 128 --epochs 1 --prof 150 --training-only --no-checkpoints /data/image
=> creating model '('resnet50', 'fanin', 1000)'
Version: {'net': <class 'image_classification.resnet.ResNet'>, 'block': <class 'image_classification.resnet.Bottleneck'>, 'layers': [3, 4, 6, 3], 'widths': [64, 128, 256, 512], 'expansion': 4}
Config: {'conv': <class 'torch.nn.modules.conv.Conv2d'>, 'conv_init': 'fan_in', 'nonlinearity': 'relu', 'last_bn_0_init': False, 'activation': <function <lambda> at 0x7f75a1ff39d8>}
Num classes: 1000
i'm not distributed in dali
read 3545488 files from 2792 directories
read 50000 files from 1000 directories
DLL 2020-09-28 20:56:20.399309 - PARAMETER data : /data/image  data_backend : dali-cpu  arch : resnet50  model_config : fanin  num_classes : 1000  workers : 5  epochs : 1  run_epochs : -1  batch_size : 128  optimizer_batch_size : -1  lr : 0.128  lr_schedule : cosine  warmup : 8  label_smoothing : 0.1  mixup : 0.0  momentum : 0.125  weight_decay : 3.0517578125e-05  bn_weight_decay : False  nesterov : False  print_freq : 1  resume : None  pretrained_weights :   fp16 : False  static_loss_scale : 1  dynamic_loss_scale : False  prof : 150  amp : False  seed : None  gather_checkpoints : False  raport_file : /workspace/rn50/raport.json  evaluate : False  training_only : True  save_checkpoints : False  checkpoint_filename : checkpoint.pth.tar  workspace : /workspace/rn50  memory_format : nchw  distributed : False  local_rank : 0  gpu : 0  world_size : 1 
 ! Weight decay NOT applied to BN parameters 
98
63
RUNNING EPOCHS FROM 0 TO 1
DLL 2020-09-28 20:56:27.802071 - Epoch: 0 Iteration: 1  train.loss : 7.00928  train.total_ips : 17.30 img/s
DLL 2020-09-28 20:56:28.152052 - Epoch: 0 Iteration: 2  train.loss : 7.07208  train.total_ips : 365.74 img/s
DLL 2020-09-28 20:56:28.498067 - Epoch: 0 Iteration: 3  train.loss : 7.06114  train.total_ips : 370.01 img/s
DLL 2020-09-28 20:56:28.845556 - Epoch: 0 Iteration: 4  train.loss : 6.98723  train.total_ips : 368.44 img/s
DLL 2020-09-28 20:56:29.192200 - Epoch: 0 Iteration: 5  train.loss : 7.09983  train.total_ips : 369.33 img/s
DLL 2020-09-28 20:56:29.538284 - Epoch: 0 Iteration: 6  train.loss : 6.95533  train.total_ips : 369.94 img/s
DLL 2020-09-28 20:56:29.884230 - Epoch: 0 Iteration: 7  train.loss : 7.05575  train.total_ips : 370.10 img/s
DLL 2020-09-28 20:56:30.233032 - Epoch: 0 Iteration: 8  train.loss : 6.92807  train.total_ips : 367.11 img/s
DLL 2020-09-28 20:56:30.580560 - Epoch: 0 Iteration: 9  train.loss : 6.92545  train.total_ips : 368.51 img/s
DLL 2020-09-28 20:56:30.928700 - Epoch: 0 Iteration: 10  train.loss : 6.98643  train.total_ips : 367.71 img/s
DLL 2020-09-28 20:56:31.276300 - Epoch: 0 Iteration: 11  train.loss : 7.05663  train.total_ips : 368.38 img/s
DLL 2020-09-28 20:56:31.623319 - Epoch: 0 Iteration: 12  train.loss : 6.97688  train.total_ips : 368.93 img/s
DLL 2020-09-28 20:56:31.970575 - Epoch: 0 Iteration: 13  train.loss : 7.01868  train.total_ips : 368.68 img/s
DLL 2020-09-28 20:56:32.319412 - Epoch: 0 Iteration: 14  train.loss : 7.00132  train.total_ips : 367.03 img/s
DLL 2020-09-28 20:56:32.666162 - Epoch: 0 Iteration: 15  train.loss : 6.88690  train.total_ips : 369.23 img/s
DLL 2020-09-28 20:56:33.013428 - Epoch: 0 Iteration: 16  train.loss : 6.91600  train.total_ips : 368.74 img/s
DLL 2020-09-28 20:56:33.361873 - Epoch: 0 Iteration: 17  train.loss : 6.93676  train.total_ips : 367.65 img/s
DLL 2020-09-28 20:56:33.709317 - Epoch: 0 Iteration: 18  train.loss : 6.96345  train.total_ips : 368.44 img/s
DLL 2020-09-28 20:56:34.056921 - Epoch: 0 Iteration: 19  train.loss : 6.95616  train.total_ips : 368.32 img/s
DLL 2020-09-28 20:56:34.406613 - Epoch: 0 Iteration: 20  train.loss : 6.95447  train.total_ips : 366.10 img/s
DLL 2020-09-28 20:56:34.753621 - Epoch: 0 Iteration: 21  train.loss : 6.90056  train.total_ips : 368.94 img/s
DLL 2020-09-28 20:56:35.101581 - Epoch: 0 Iteration: 22  train.loss : 6.95286  train.total_ips : 367.94 img/s
DLL 2020-09-28 20:56:35.449799 - Epoch: 0 Iteration: 23  train.loss : 6.86841  train.total_ips : 367.67 img/s
DLL 2020-09-28 20:56:35.796299 - Epoch: 0 Iteration: 24  train.loss : 6.99494  train.total_ips : 369.49 img/s
DLL 2020-09-28 20:56:36.143671 - Epoch: 0 Iteration: 25  train.loss : 6.88958  train.total_ips : 368.58 img/s
DLL 2020-09-28 20:56:36.490518 - Epoch: 0 Iteration: 26  train.loss : 6.94692  train.total_ips : 369.18 img/s
DLL 2020-09-28 20:56:36.839164 - Epoch: 0 Iteration: 27  train.loss : 6.86798  train.total_ips : 367.19 img/s
DLL 2020-09-28 20:56:37.185989 - Epoch: 0 Iteration: 28  train.loss : 6.98592  train.total_ips : 369.13 img/s
DLL 2020-09-28 20:56:37.534059 - Epoch: 0 Iteration: 29  train.loss : 6.83852  train.total_ips : 367.86 img/s
DLL 2020-09-28 20:56:37.879566 - Epoch: 0 Iteration: 30  train.loss : 6.91827  train.total_ips : 370.55 img/s
DLL 2020-09-28 20:56:38.227017 - Epoch: 0 Iteration: 31  train.loss : 6.93120  train.total_ips : 368.49 img/s
DLL 2020-09-28 20:56:38.573705 - Epoch: 0 Iteration: 32  train.loss : 6.94249  train.total_ips : 369.33 img/s
DLL 2020-09-28 20:56:38.922079 - Epoch: 0 Iteration: 33  train.loss : 7.00339  train.total_ips : 367.51 img/s
DLL 2020-09-28 20:56:39.268369 - Epoch: 0 Iteration: 34  train.loss : 6.89028  train.total_ips : 369.78 img/s
DLL 2020-09-28 20:56:39.615859 - Epoch: 0 Iteration: 35  train.loss : 6.99991  train.total_ips : 368.49 img/s
DLL 2020-09-28 20:56:39.963355 - Epoch: 0 Iteration: 36  train.loss : 6.97863  train.total_ips : 368.40 img/s
DLL 2020-09-28 20:56:40.312196 - Epoch: 0 Iteration: 37  train.loss : 6.98898  train.total_ips : 367.01 img/s
DLL 2020-09-28 20:56:40.659106 - Epoch: 0 Iteration: 38  train.loss : 6.91908  train.total_ips : 369.05 img/s
DLL 2020-09-28 20:56:41.007732 - Epoch: 0 Iteration: 39  train.loss : 6.90929  train.total_ips : 367.24 img/s
DLL 2020-09-28 20:56:41.355076 - Epoch: 0 Iteration: 40  train.loss : 6.98327  train.total_ips : 368.63 img/s
DLL 2020-09-28 20:56:41.702730 - Epoch: 0 Iteration: 41  train.loss : 6.94373  train.total_ips : 368.31 img/s
DLL 2020-09-28 20:56:42.048286 - Epoch: 0 Iteration: 42  train.loss : 6.95958  train.total_ips : 370.50 img/s
DLL 2020-09-28 20:56:42.395126 - Epoch: 0 Iteration: 43  train.loss : 6.90568  train.total_ips : 369.25 img/s
DLL 2020-09-28 20:56:42.743803 - Epoch: 0 Iteration: 44  train.loss : 6.88688  train.total_ips : 367.19 img/s
DLL 2020-09-28 20:56:43.090672 - Epoch: 0 Iteration: 45  train.loss : 6.94565  train.total_ips : 369.10 img/s
DLL 2020-09-28 20:56:43.436913 - Epoch: 0 Iteration: 46  train.loss : 6.89811  train.total_ips : 369.76 img/s
DLL 2020-09-28 20:56:43.784383 - Epoch: 0 Iteration: 47  train.loss : 6.89399  train.total_ips : 368.46 img/s
DLL 2020-09-28 20:56:44.131986 - Epoch: 0 Iteration: 48  train.loss : 6.99320  train.total_ips : 368.33 img/s
DLL 2020-09-28 20:56:44.481387 - Epoch: 0 Iteration: 49  train.loss : 6.95477  train.total_ips : 366.43 img/s
DLL 2020-09-28 20:56:44.828557 - Epoch: 0 Iteration: 50  train.loss : 6.94263  train.total_ips : 368.82 img/s
DLL 2020-09-28 20:56:45.179813 - Epoch: 0 Iteration: 51  train.loss : 6.91540  train.total_ips : 364.56 img/s
DLL 2020-09-28 20:56:45.527199 - Epoch: 0 Iteration: 52  train.loss : 6.90650  train.total_ips : 368.51 img/s
DLL 2020-09-28 20:56:45.875478 - Epoch: 0 Iteration: 53  train.loss : 6.86751  train.total_ips : 367.64 img/s
DLL 2020-09-28 20:56:46.226127 - Epoch: 0 Iteration: 54  train.loss : 6.93586  train.total_ips : 365.11 img/s
DLL 2020-09-28 20:56:46.574078 - Epoch: 0 Iteration: 55  train.loss : 7.04049  train.total_ips : 367.95 img/s
DLL 2020-09-28 20:56:46.920480 - Epoch: 0 Iteration: 56  train.loss : 6.95629  train.total_ips : 369.61 img/s
DLL 2020-09-28 20:56:47.268649 - Epoch: 0 Iteration: 57  train.loss : 6.90319  train.total_ips : 367.79 img/s
DLL 2020-09-28 20:56:47.614633 - Epoch: 0 Iteration: 58  train.loss : 6.94534  train.total_ips : 370.04 img/s
DLL 2020-09-28 20:56:47.963281 - Epoch: 0 Iteration: 59  train.loss : 6.93798  train.total_ips : 367.21 img/s
DLL 2020-09-28 20:56:48.308719 - Epoch: 0 Iteration: 60  train.loss : 6.93661  train.total_ips : 370.62 img/s
DLL 2020-09-28 20:56:48.656352 - Epoch: 0 Iteration: 61  train.loss : 6.90794  train.total_ips : 368.29 img/s
DLL 2020-09-28 20:56:49.003705 - Epoch: 0 Iteration: 62  train.loss : 6.92784  train.total_ips : 368.57 img/s
DLL 2020-09-28 20:56:49.351727 - Epoch: 0 Iteration: 63  train.loss : 6.95365  train.total_ips : 367.88 img/s
DLL 2020-09-28 20:56:49.701322 - Epoch: 0 Iteration: 64  train.loss : 6.89618  train.total_ips : 366.23 img/s
DLL 2020-09-28 20:56:50.049512 - Epoch: 0 Iteration: 65  train.loss : 6.91999  train.total_ips : 367.70 img/s
DLL 2020-09-28 20:56:50.396165 - Epoch: 0 Iteration: 66  train.loss : 6.91821  train.total_ips : 369.36 img/s
DLL 2020-09-28 20:56:50.746949 - Epoch: 0 Iteration: 67  train.loss : 6.96384  train.total_ips : 365.07 img/s
DLL 2020-09-28 20:56:51.093610 - Epoch: 0 Iteration: 68  train.loss : 6.86502  train.total_ips : 369.31 img/s
DLL 2020-09-28 20:56:51.441501 - Epoch: 0 Iteration: 69  train.loss : 6.93635  train.total_ips : 368.00 img/s
DLL 2020-09-28 20:56:51.786983 - Epoch: 0 Iteration: 70  train.loss : 6.87447  train.total_ips : 370.58 img/s
DLL 2020-09-28 20:56:52.133380 - Epoch: 0 Iteration: 71  train.loss : 6.91715  train.total_ips : 369.60 img/s
DLL 2020-09-28 20:56:52.479764 - Epoch: 0 Iteration: 72  train.loss : 6.90461  train.total_ips : 369.61 img/s
DLL 2020-09-28 20:56:52.827720 - Epoch: 0 Iteration: 73  train.loss : 6.84112  train.total_ips : 367.94 img/s
DLL 2020-09-28 20:56:53.174071 - Epoch: 0 Iteration: 74  train.loss : 6.96883  train.total_ips : 369.64 img/s
DLL 2020-09-28 20:56:53.522587 - Epoch: 0 Iteration: 75  train.loss : 6.94733  train.total_ips : 367.35 img/s
DLL 2020-09-28 20:56:53.870771 - Epoch: 0 Iteration: 76  train.loss : 6.93164  train.total_ips : 367.73 img/s
DLL 2020-09-28 20:56:54.219270 - Epoch: 0 Iteration: 77  train.loss : 6.92335  train.total_ips : 367.37 img/s
DLL 2020-09-28 20:56:54.566327 - Epoch: 0 Iteration: 78  train.loss : 7.00586  train.total_ips : 368.93 img/s
DLL 2020-09-28 20:56:54.914644 - Epoch: 0 Iteration: 79  train.loss : 6.90719  train.total_ips : 367.59 img/s
DLL 2020-09-28 20:56:55.261721 - Epoch: 0 Iteration: 80  train.loss : 6.97423  train.total_ips : 368.94 img/s
DLL 2020-09-28 20:56:55.611355 - Epoch: 0 Iteration: 81  train.loss : 6.90669  train.total_ips : 366.14 img/s
DLL 2020-09-28 20:56:55.958398 - Epoch: 0 Iteration: 82  train.loss : 7.00454  train.total_ips : 368.93 img/s
DLL 2020-09-28 20:56:56.306119 - Epoch: 0 Iteration: 83  train.loss : 6.99449  train.total_ips : 368.19 img/s
DLL 2020-09-28 20:56:56.652855 - Epoch: 0 Iteration: 84  train.loss : 6.87883  train.total_ips : 369.23 img/s
DLL 2020-09-28 20:56:57.002114 - Epoch: 0 Iteration: 85  train.loss : 6.95026  train.total_ips : 366.57 img/s
DLL 2020-09-28 20:56:57.348046 - Epoch: 0 Iteration: 86  train.loss : 6.93058  train.total_ips : 370.09 img/s
DLL 2020-09-28 20:56:57.696537 - Epoch: 0 Iteration: 87  train.loss : 6.97396  train.total_ips : 367.38 img/s
DLL 2020-09-28 20:56:58.043128 - Epoch: 0 Iteration: 88  train.loss : 6.96243  train.total_ips : 369.39 img/s
DLL 2020-09-28 20:56:58.391261 - Epoch: 0 Iteration: 89  train.loss : 6.93765  train.total_ips : 367.78 img/s
DLL 2020-09-28 20:56:58.736937 - Epoch: 0 Iteration: 90  train.loss : 6.92962  train.total_ips : 370.37 img/s
DLL 2020-09-28 20:56:59.086195 - Epoch: 0 Iteration: 91  train.loss : 6.95631  train.total_ips : 366.59 img/s
DLL 2020-09-28 20:56:59.433441 - Epoch: 0 Iteration: 92  train.loss : 6.89301  train.total_ips : 368.73 img/s
DLL 2020-09-28 20:56:59.781261 - Epoch: 0 Iteration: 93  train.loss : 6.91834  train.total_ips : 368.16 img/s
DLL 2020-09-28 20:57:00.128669 - Epoch: 0 Iteration: 94  train.loss : 6.97131  train.total_ips : 368.47 img/s
DLL 2020-09-28 20:57:00.478346 - Epoch: 0 Iteration: 95  train.loss : 6.97001  train.total_ips : 366.13 img/s
DLL 2020-09-28 20:57:00.825176 - Epoch: 0 Iteration: 96  train.loss : 6.86615  train.total_ips : 369.13 img/s
DLL 2020-09-28 20:57:01.174091 - Epoch: 0 Iteration: 97  train.loss : 6.92705  train.total_ips : 366.93 img/s
DLL 2020-09-28 20:57:01.521697 - Epoch: 0 Iteration: 98  train.loss : 6.95227  train.total_ips : 368.32 img/s
DLL 2020-09-28 20:57:01.869043 - Epoch: 0 Iteration: 99  train.loss : 7.00735  train.total_ips : 368.59 img/s
DLL 2020-09-28 20:57:02.216529 - Epoch: 0 Iteration: 100  train.loss : 6.81474  train.total_ips : 368.44 img/s
DLL 2020-09-28 20:57:02.566757 - Epoch: 0 Iteration: 101  train.loss : 6.96185  train.total_ips : 365.56 img/s
DLL 2020-09-28 20:57:02.914196 - Epoch: 0 Iteration: 102  train.loss : 6.94663  train.total_ips : 368.50 img/s
DLL 2020-09-28 20:57:03.263080 - Epoch: 0 Iteration: 103  train.loss : 6.89411  train.total_ips : 366.96 img/s
DLL 2020-09-28 20:57:03.612705 - Epoch: 0 Iteration: 104  train.loss : 6.92089  train.total_ips : 366.18 img/s
DLL 2020-09-28 20:57:03.960263 - Epoch: 0 Iteration: 105  train.loss : 6.86767  train.total_ips : 368.41 img/s
DLL 2020-09-28 20:57:04.307504 - Epoch: 0 Iteration: 106  train.loss : 6.92921  train.total_ips : 368.69 img/s
DLL 2020-09-28 20:57:04.657666 - Epoch: 0 Iteration: 107  train.loss : 6.91399  train.total_ips : 365.63 img/s
DLL 2020-09-28 20:57:05.007107 - Epoch: 0 Iteration: 108  train.loss : 6.90252  train.total_ips : 366.40 img/s
DLL 2020-09-28 20:57:05.356635 - Epoch: 0 Iteration: 109  train.loss : 6.84652  train.total_ips : 366.44 img/s
DLL 2020-09-28 20:57:05.703365 - Epoch: 0 Iteration: 110  train.loss : 6.83485  train.total_ips : 369.30 img/s
DLL 2020-09-28 20:57:06.052086 - Epoch: 0 Iteration: 111  train.loss : 6.85992  train.total_ips : 367.10 img/s
DLL 2020-09-28 20:57:06.402446 - Epoch: 0 Iteration: 112  train.loss : 6.97416  train.total_ips : 365.42 img/s
DLL 2020-09-28 20:57:06.751477 - Epoch: 0 Iteration: 113  train.loss : 6.91294  train.total_ips : 366.81 img/s
DLL 2020-09-28 20:57:07.098910 - Epoch: 0 Iteration: 114  train.loss : 6.98759  train.total_ips : 368.60 img/s
DLL 2020-09-28 20:57:07.448829 - Epoch: 0 Iteration: 115  train.loss : 6.92475  train.total_ips : 365.88 img/s
DLL 2020-09-28 20:57:07.796344 - Epoch: 0 Iteration: 116  train.loss : 6.98555  train.total_ips : 368.40 img/s
DLL 2020-09-28 20:57:08.144528 - Epoch: 0 Iteration: 117  train.loss : 6.92606  train.total_ips : 367.70 img/s
DLL 2020-09-28 20:57:08.492719 - Epoch: 0 Iteration: 118  train.loss : 6.89127  train.total_ips : 367.69 img/s
DLL 2020-09-28 20:57:08.842999 - Epoch: 0 Iteration: 119  train.loss : 6.84790  train.total_ips : 365.50 img/s
DLL 2020-09-28 20:57:09.191821 - Epoch: 0 Iteration: 120  train.loss : 6.88839  train.total_ips : 367.03 img/s
DLL 2020-09-28 20:57:09.542222 - Epoch: 0 Iteration: 121  train.loss : 6.98500  train.total_ips : 365.37 img/s
DLL 2020-09-28 20:57:09.890127 - Epoch: 0 Iteration: 122  train.loss : 6.94527  train.total_ips : 368.06 img/s
DLL 2020-09-28 20:57:10.239586 - Epoch: 0 Iteration: 123  train.loss : 6.86722  train.total_ips : 366.35 img/s
DLL 2020-09-28 20:57:10.591101 - Epoch: 0 Iteration: 124  train.loss : 6.88382  train.total_ips : 364.22 img/s
DLL 2020-09-28 20:57:10.940544 - Epoch: 0 Iteration: 125  train.loss : 6.91123  train.total_ips : 366.37 img/s
DLL 2020-09-28 20:57:11.290702 - Epoch: 0 Iteration: 126  train.loss : 6.90625  train.total_ips : 365.63 img/s
DLL 2020-09-28 20:57:11.640040 - Epoch: 0 Iteration: 127  train.loss : 6.86180  train.total_ips : 366.50 img/s
DLL 2020-09-28 20:57:11.987186 - Epoch: 0 Iteration: 128  train.loss : 6.86778  train.total_ips : 368.80 img/s
DLL 2020-09-28 20:57:12.338458 - Epoch: 0 Iteration: 129  train.loss : 6.93299  train.total_ips : 364.57 img/s
DLL 2020-09-28 20:57:12.684466 - Epoch: 0 Iteration: 130  train.loss : 6.89179  train.total_ips : 369.96 img/s
DLL 2020-09-28 20:57:13.032138 - Epoch: 0 Iteration: 131  train.loss : 6.93871  train.total_ips : 368.28 img/s
DLL 2020-09-28 20:57:13.379861 - Epoch: 0 Iteration: 132  train.loss : 7.03092  train.total_ips : 368.18 img/s
DLL 2020-09-28 20:57:13.727074 - Epoch: 0 Iteration: 133  train.loss : 6.83528  train.total_ips : 368.73 img/s
DLL 2020-09-28 20:57:14.074972 - Epoch: 0 Iteration: 134  train.loss : 6.90477  train.total_ips : 368.01 img/s
DLL 2020-09-28 20:57:14.423000 - Epoch: 0 Iteration: 135  train.loss : 6.89550  train.total_ips : 367.86 img/s
DLL 2020-09-28 20:57:14.771089 - Epoch: 0 Iteration: 136  train.loss : 6.85765  train.total_ips : 367.80 img/s
DLL 2020-09-28 20:57:15.118111 - Epoch: 0 Iteration: 137  train.loss : 6.87539  train.total_ips : 368.93 img/s
DLL 2020-09-28 20:57:15.467597 - Epoch: 0 Iteration: 138  train.loss : 6.92606  train.total_ips : 366.33 img/s
DLL 2020-09-28 20:57:15.814951 - Epoch: 0 Iteration: 139  train.loss : 6.88013  train.total_ips : 368.57 img/s
DLL 2020-09-28 20:57:16.162429 - Epoch: 0 Iteration: 140  train.loss : 6.93771  train.total_ips : 368.45 img/s
DLL 2020-09-28 20:57:16.512941 - Epoch: 0 Iteration: 141  train.loss : 6.90826  train.total_ips : 365.25 img/s
DLL 2020-09-28 20:57:16.863577 - Epoch: 0 Iteration: 142  train.loss : 6.88660  train.total_ips : 365.12 img/s
DLL 2020-09-28 20:57:17.211134 - Epoch: 0 Iteration: 143  train.loss : 6.97549  train.total_ips : 368.37 img/s
DLL 2020-09-28 20:57:17.560979 - Epoch: 0 Iteration: 144  train.loss : 6.97809  train.total_ips : 365.95 img/s
DLL 2020-09-28 20:57:17.907923 - Epoch: 0 Iteration: 145  train.loss : 6.88622  train.total_ips : 369.02 img/s
DLL 2020-09-28 20:57:18.255253 - Epoch: 0 Iteration: 146  train.loss : 6.90695  train.total_ips : 368.62 img/s
DLL 2020-09-28 20:57:18.601405 - Epoch: 0 Iteration: 147  train.loss : 7.02512  train.total_ips : 369.86 img/s
DLL 2020-09-28 20:57:18.951166 - Epoch: 0 Iteration: 148  train.loss : 6.96519  train.total_ips : 366.07 img/s
DLL 2020-09-28 20:57:19.297956 - Epoch: 0 Iteration: 149  train.loss : 6.91213  train.total_ips : 369.13 img/s
DLL 2020-09-28 20:57:19.647749 - Epoch: 0  train.loss : 6.93371  train.total_ips : 365.62 img/s
DLL 2020-09-28 20:57:19.647902 - Epoch: 0  lr : 0.016  train.compute_ips : 366.64 img/s train.data_time : 0.00098 s train.compute_time : 0.39389 s
DLL 2020-09-28 20:57:19.648026 - Summary: train.loss : 6.93371  train.total_ips : 365.62 img/s
DLL 2020-09-28 20:57:19.648078 - Summary: lr : 0.016  train.compute_ips : 366.64 img/s train.data_time : 0.00098 s train.compute_time : 0.39389 s
Experiment ended
['/opt/conda/bin/python', '-u', '/workspace/rn50/main.py', '--data-backend', 'dali-cpu', '--raport-file', '/workspace/rn50/raport.json', '-j5', '-p', '1', '--lr', '0.128', '--optimizer-batch-size', '-1', '--warmup', '8', '--arch', 'resnet50', '-c', 'fanin', '--label-smoothing', '0.1', '--lr-schedule', 'cosine', '--mom', '0.125', '--wd', '3.0517578125e-05', '--workspace', '/workspace/rn50', '-b', '128', '--epochs', '1', '--prof', '150', '--training-only', '--no-checkpoints', '/data/image']
