+ python /workspace/rn50/multiproc.py --nnodes 1 --node_rank 0 --nproc_per_node 8 --master_addr 127.0.0.1 --master_port=29500 /workspace/rn50/main.py --data-backend dali-cpu --raport-file /workspace/rn50/raport.json -j5 -p 1 --lr 1.024 --optimizer-batch-size -1 --warmup 8 --arch resnet50 -c fanin --label-smoothing 0.1 --lr-schedule cosine --mom 0.125 --wd 3.0517578125e-05 --workspace /workspace/rn50 -b 128 --epochs 1 --prof 150 --training-only --no-checkpoints /data/image
=> creating model '('resnet50', 'fanin', 1000)'
Version: {'net': <class 'image_classification.resnet.ResNet'>, 'block': <class 'image_classification.resnet.Bottleneck'>, 'layers': [3, 4, 6, 3], 'widths': [64, 128, 256, 512], 'expansion': 4}
Config: {'conv': <class 'torch.nn.modules.conv.Conv2d'>, 'conv_init': 'fan_in', 'nonlinearity': 'relu', 'last_bn_0_init': False, 'activation': <function <lambda> at 0x7f21709009d8>}
Num classes: 1000
i'm distributed in dali~~~~~~~~~~~~~~~~~
rank in dali:  0
world_size in dali:  8
read 3545488 files from 2792 directories
read 50000 files from 1000 directories
DLL 2020-10-03 23:08:00.517893 - PARAMETER data : /data/image  data_backend : dali-cpu  arch : resnet50  model_config : fanin  num_classes : 1000  workers : 5  epochs : 1  run_epochs : -1  batch_size : 128  optimizer_batch_size : -1  lr : 1.024  lr_schedule : cosine  warmup : 8  label_smoothing : 0.1  mixup : 0.0  momentum : 0.125  weight_decay : 3.0517578125e-05  bn_weight_decay : False  nesterov : False  print_freq : 1  resume : None  pretrained_weights :   fp16 : False  static_loss_scale : 1  dynamic_loss_scale : False  prof : 150  amp : False  seed : None  gather_checkpoints : False  raport_file : /workspace/rn50/raport.json  evaluate : False  training_only : True  save_checkpoints : False  checkpoint_filename : checkpoint.pth.tar  workspace : /workspace/rn50  memory_format : nchw  distributed : True  local_rank : 0  gpu : 8  world_size : 8 
 ! Weight decay NOT applied to BN parameters 
98
63
RUNNING EPOCHS FROM 0 TO 1
DLL 2020-10-03 23:08:15.062787 - Epoch: 0 Iteration: 1  train.loss : 7.03246  train.total_ips : 79.98 img/s
DLL 2020-10-03 23:08:15.831006 - Epoch: 0 Iteration: 2  train.loss : 7.00957  train.total_ips : 1333.00 img/s
DLL 2020-10-03 23:08:16.184073 - Epoch: 0 Iteration: 3  train.loss : 6.92883  train.total_ips : 2900.99 img/s
DLL 2020-10-03 23:08:16.535703 - Epoch: 0 Iteration: 4  train.loss : 6.95088  train.total_ips : 2913.00 img/s
DLL 2020-10-03 23:08:16.887273 - Epoch: 0 Iteration: 5  train.loss : 6.93094  train.total_ips : 2913.55 img/s
DLL 2020-10-03 23:08:17.238248 - Epoch: 0 Iteration: 6  train.loss : 6.94565  train.total_ips : 2918.39 img/s
DLL 2020-10-03 23:08:17.595018 - Epoch: 0 Iteration: 7  train.loss : 6.97639  train.total_ips : 2871.03 img/s
DLL 2020-10-03 23:08:17.946434 - Epoch: 0 Iteration: 8  train.loss : 6.92857  train.total_ips : 2915.02 img/s
DLL 2020-10-03 23:08:18.300166 - Epoch: 0 Iteration: 9  train.loss : 6.94042  train.total_ips : 2896.39 img/s
DLL 2020-10-03 23:08:18.653137 - Epoch: 0 Iteration: 10  train.loss : 6.92129  train.total_ips : 2902.45 img/s
DLL 2020-10-03 23:08:19.005372 - Epoch: 0 Iteration: 11  train.loss : 6.92644  train.total_ips : 2907.30 img/s
DLL 2020-10-03 23:08:19.358712 - Epoch: 0 Iteration: 12  train.loss : 6.88969  train.total_ips : 2899.66 img/s
DLL 2020-10-03 23:08:19.710555 - Epoch: 0 Iteration: 13  train.loss : 6.93632  train.total_ips : 2911.11 img/s
DLL 2020-10-03 23:08:20.064044 - Epoch: 0 Iteration: 14  train.loss : 6.91749  train.total_ips : 2897.70 img/s
DLL 2020-10-03 23:08:20.422657 - Epoch: 0 Iteration: 15  train.loss : 6.93840  train.total_ips : 2856.17 img/s
DLL 2020-10-03 23:08:20.775816 - Epoch: 0 Iteration: 16  train.loss : 6.92090  train.total_ips : 2900.39 img/s
DLL 2020-10-03 23:08:21.128773 - Epoch: 0 Iteration: 17  train.loss : 6.90359  train.total_ips : 2902.36 img/s
DLL 2020-10-03 23:08:21.481362 - Epoch: 0 Iteration: 18  train.loss : 6.91179  train.total_ips : 2905.05 img/s
DLL 2020-10-03 23:08:21.835389 - Epoch: 0 Iteration: 19  train.loss : 6.92983  train.total_ips : 2894.77 img/s
DLL 2020-10-03 23:08:22.187924 - Epoch: 0 Iteration: 20  train.loss : 6.91107  train.total_ips : 2905.63 img/s
DLL 2020-10-03 23:08:22.540996 - Epoch: 0 Iteration: 21  train.loss : 6.95923  train.total_ips : 2900.66 img/s
DLL 2020-10-03 23:08:22.893275 - Epoch: 0 Iteration: 22  train.loss : 6.97026  train.total_ips : 2907.66 img/s
DLL 2020-10-03 23:08:23.244990 - Epoch: 0 Iteration: 23  train.loss : 6.89778  train.total_ips : 2912.24 img/s
DLL 2020-10-03 23:08:23.599828 - Epoch: 0 Iteration: 24  train.loss : 6.91538  train.total_ips : 2886.61 img/s
DLL 2020-10-03 23:08:23.953234 - Epoch: 0 Iteration: 25  train.loss : 6.93084  train.total_ips : 2899.17 img/s
DLL 2020-10-03 23:08:24.308904 - Epoch: 0 Iteration: 26  train.loss : 6.92622  train.total_ips : 2879.70 img/s
DLL 2020-10-03 23:08:24.661876 - Epoch: 0 Iteration: 27  train.loss : 6.92082  train.total_ips : 2901.96 img/s
DLL 2020-10-03 23:08:25.036076 - Epoch: 0 Iteration: 28  train.loss : 6.92029  train.total_ips : 2737.34 img/s
DLL 2020-10-03 23:08:25.389809 - Epoch: 0 Iteration: 29  train.loss : 6.91358  train.total_ips : 2896.03 img/s
DLL 2020-10-03 23:08:25.745255 - Epoch: 0 Iteration: 30  train.loss : 6.90270  train.total_ips : 2882.19 img/s
DLL 2020-10-03 23:08:26.099344 - Epoch: 0 Iteration: 31  train.loss : 6.93434  train.total_ips : 2892.19 img/s
DLL 2020-10-03 23:08:26.453188 - Epoch: 0 Iteration: 32  train.loss : 6.95173  train.total_ips : 2894.94 img/s
DLL 2020-10-03 23:08:26.806467 - Epoch: 0 Iteration: 33  train.loss : 6.90947  train.total_ips : 2899.44 img/s
DLL 2020-10-03 23:08:27.160180 - Epoch: 0 Iteration: 34  train.loss : 6.93913  train.total_ips : 2895.87 img/s
DLL 2020-10-03 23:08:27.513680 - Epoch: 0 Iteration: 35  train.loss : 6.93213  train.total_ips : 2897.51 img/s
DLL 2020-10-03 23:08:27.869368 - Epoch: 0 Iteration: 36  train.loss : 6.90887  train.total_ips : 2879.67 img/s
DLL 2020-10-03 23:08:28.224205 - Epoch: 0 Iteration: 37  train.loss : 6.89925  train.total_ips : 2886.57 img/s
DLL 2020-10-03 23:08:28.578064 - Epoch: 0 Iteration: 38  train.loss : 6.97786  train.total_ips : 2894.61 img/s
DLL 2020-10-03 23:08:28.930420 - Epoch: 0 Iteration: 39  train.loss : 6.93487  train.total_ips : 2907.32 img/s
DLL 2020-10-03 23:08:29.283374 - Epoch: 0 Iteration: 40  train.loss : 6.92205  train.total_ips : 2901.93 img/s
DLL 2020-10-03 23:08:29.636741 - Epoch: 0 Iteration: 41  train.loss : 6.90199  train.total_ips : 2899.39 img/s
DLL 2020-10-03 23:08:29.991687 - Epoch: 0 Iteration: 42  train.loss : 6.92313  train.total_ips : 2886.29 img/s
DLL 2020-10-03 23:08:30.346800 - Epoch: 0 Iteration: 43  train.loss : 6.89355  train.total_ips : 2884.47 img/s
DLL 2020-10-03 23:08:30.703511 - Epoch: 0 Iteration: 44  train.loss : 6.93968  train.total_ips : 2871.28 img/s
DLL 2020-10-03 23:08:31.057676 - Epoch: 0 Iteration: 45  train.loss : 6.92081  train.total_ips : 2892.54 img/s
DLL 2020-10-03 23:08:31.411484 - Epoch: 0 Iteration: 46  train.loss : 6.91843  train.total_ips : 2895.03 img/s
DLL 2020-10-03 23:08:31.764159 - Epoch: 0 Iteration: 47  train.loss : 6.89278  train.total_ips : 2904.27 img/s
DLL 2020-10-03 23:08:32.120734 - Epoch: 0 Iteration: 48  train.loss : 6.92463  train.total_ips : 2872.57 img/s
DLL 2020-10-03 23:08:32.475879 - Epoch: 0 Iteration: 49  train.loss : 6.92227  train.total_ips : 2884.71 img/s
DLL 2020-10-03 23:08:32.828160 - Epoch: 0 Iteration: 50  train.loss : 6.93087  train.total_ips : 2907.53 img/s
DLL 2020-10-03 23:08:33.182120 - Epoch: 0 Iteration: 51  train.loss : 6.93876  train.total_ips : 2893.75 img/s
DLL 2020-10-03 23:08:33.534897 - Epoch: 0 Iteration: 52  train.loss : 6.92666  train.total_ips : 2903.43 img/s
DLL 2020-10-03 23:08:33.890081 - Epoch: 0 Iteration: 53  train.loss : 6.92583  train.total_ips : 2884.10 img/s
DLL 2020-10-03 23:08:34.244595 - Epoch: 0 Iteration: 54  train.loss : 6.93231  train.total_ips : 2889.33 img/s
DLL 2020-10-03 23:08:34.598721 - Epoch: 0 Iteration: 55  train.loss : 6.92620  train.total_ips : 2892.54 img/s
DLL 2020-10-03 23:08:34.952002 - Epoch: 0 Iteration: 56  train.loss : 6.91938  train.total_ips : 2899.15 img/s
DLL 2020-10-03 23:08:35.304777 - Epoch: 0 Iteration: 57  train.loss : 6.91960  train.total_ips : 2903.70 img/s
DLL 2020-10-03 23:08:35.658151 - Epoch: 0 Iteration: 58  train.loss : 6.92207  train.total_ips : 2898.96 img/s
DLL 2020-10-03 23:08:36.012320 - Epoch: 0 Iteration: 59  train.loss : 6.94477  train.total_ips : 2892.16 img/s
DLL 2020-10-03 23:08:36.365791 - Epoch: 0 Iteration: 60  train.loss : 6.94291  train.total_ips : 2897.60 img/s
DLL 2020-10-03 23:08:36.719508 - Epoch: 0 Iteration: 61  train.loss : 6.92407  train.total_ips : 2895.70 img/s
DLL 2020-10-03 23:08:37.074116 - Epoch: 0 Iteration: 62  train.loss : 6.94252  train.total_ips : 2888.52 img/s
DLL 2020-10-03 23:08:37.430076 - Epoch: 0 Iteration: 63  train.loss : 6.94099  train.total_ips : 2877.54 img/s
DLL 2020-10-03 23:08:37.786447 - Epoch: 0 Iteration: 64  train.loss : 6.88151  train.total_ips : 2874.41 img/s
DLL 2020-10-03 23:08:38.140721 - Epoch: 0 Iteration: 65  train.loss : 6.90829  train.total_ips : 2891.14 img/s
DLL 2020-10-03 23:08:38.498089 - Epoch: 0 Iteration: 66  train.loss : 6.91115  train.total_ips : 2866.42 img/s
DLL 2020-10-03 23:08:38.862102 - Epoch: 0 Iteration: 67  train.loss : 6.92994  train.total_ips : 2813.80 img/s
DLL 2020-10-03 23:08:39.215666 - Epoch: 0 Iteration: 68  train.loss : 6.93575  train.total_ips : 2897.54 img/s
DLL 2020-10-03 23:08:39.568204 - Epoch: 0 Iteration: 69  train.loss : 6.91050  train.total_ips : 2905.38 img/s
DLL 2020-10-03 23:08:39.921070 - Epoch: 0 Iteration: 70  train.loss : 6.89799  train.total_ips : 2902.71 img/s
DLL 2020-10-03 23:08:40.275677 - Epoch: 0 Iteration: 71  train.loss : 6.90024  train.total_ips : 2888.51 img/s
DLL 2020-10-03 23:08:40.628555 - Epoch: 0 Iteration: 72  train.loss : 6.96073  train.total_ips : 2902.74 img/s
DLL 2020-10-03 23:08:41.000593 - Epoch: 0 Iteration: 73  train.loss : 6.91791  train.total_ips : 2753.31 img/s
DLL 2020-10-03 23:08:41.354600 - Epoch: 0 Iteration: 74  train.loss : 6.93591  train.total_ips : 2893.96 img/s
DLL 2020-10-03 23:08:41.709251 - Epoch: 0 Iteration: 75  train.loss : 6.89260  train.total_ips : 2888.09 img/s
DLL 2020-10-03 23:08:42.065008 - Epoch: 0 Iteration: 76  train.loss : 6.91338  train.total_ips : 2879.13 img/s
DLL 2020-10-03 23:08:42.418310 - Epoch: 0 Iteration: 77  train.loss : 6.93802  train.total_ips : 2899.13 img/s
DLL 2020-10-03 23:08:42.787901 - Epoch: 0 Iteration: 78  train.loss : 6.93288  train.total_ips : 2771.57 img/s
DLL 2020-10-03 23:08:43.143177 - Epoch: 0 Iteration: 79  train.loss : 6.92101  train.total_ips : 2883.50 img/s
DLL 2020-10-03 23:08:43.497330 - Epoch: 0 Iteration: 80  train.loss : 6.95540  train.total_ips : 2892.21 img/s
DLL 2020-10-03 23:08:43.850844 - Epoch: 0 Iteration: 81  train.loss : 6.92687  train.total_ips : 2897.32 img/s
DLL 2020-10-03 23:08:44.204468 - Epoch: 0 Iteration: 82  train.loss : 6.91987  train.total_ips : 2896.51 img/s
DLL 2020-10-03 23:08:44.558118 - Epoch: 0 Iteration: 83  train.loss : 6.90703  train.total_ips : 2896.27 img/s
DLL 2020-10-03 23:08:44.912716 - Epoch: 0 Iteration: 84  train.loss : 6.91852  train.total_ips : 2888.53 img/s
DLL 2020-10-03 23:08:45.265473 - Epoch: 0 Iteration: 85  train.loss : 6.89901  train.total_ips : 2903.63 img/s
DLL 2020-10-03 23:08:45.618456 - Epoch: 0 Iteration: 86  train.loss : 6.90343  train.total_ips : 2901.80 img/s
DLL 2020-10-03 23:08:45.975777 - Epoch: 0 Iteration: 87  train.loss : 6.92864  train.total_ips : 2866.49 img/s
DLL 2020-10-03 23:08:46.329002 - Epoch: 0 Iteration: 88  train.loss : 6.92168  train.total_ips : 2899.91 img/s
DLL 2020-10-03 23:08:46.681610 - Epoch: 0 Iteration: 89  train.loss : 6.93335  train.total_ips : 2904.89 img/s
DLL 2020-10-03 23:08:47.035240 - Epoch: 0 Iteration: 90  train.loss : 6.91235  train.total_ips : 2896.50 img/s
DLL 2020-10-03 23:08:47.389016 - Epoch: 0 Iteration: 91  train.loss : 6.91227  train.total_ips : 2896.06 img/s
DLL 2020-10-03 23:08:47.743026 - Epoch: 0 Iteration: 92  train.loss : 6.92876  train.total_ips : 2893.32 img/s
DLL 2020-10-03 23:08:48.097168 - Epoch: 0 Iteration: 93  train.loss : 6.92670  train.total_ips : 2892.35 img/s
DLL 2020-10-03 23:08:48.451303 - Epoch: 0 Iteration: 94  train.loss : 6.92730  train.total_ips : 2892.30 img/s
DLL 2020-10-03 23:08:48.805626 - Epoch: 0 Iteration: 95  train.loss : 6.90560  train.total_ips : 2890.85 img/s
DLL 2020-10-03 23:08:49.161381 - Epoch: 0 Iteration: 96  train.loss : 6.89217  train.total_ips : 2879.73 img/s
DLL 2020-10-03 23:08:49.516729 - Epoch: 0 Iteration: 97  train.loss : 6.93970  train.total_ips : 2882.20 img/s
DLL 2020-10-03 23:08:49.870689 - Epoch: 0 Iteration: 98  train.loss : 6.91225  train.total_ips : 2893.67 img/s
DLL 2020-10-03 23:08:50.224863 - Epoch: 0 Iteration: 99  train.loss : 6.94087  train.total_ips : 2892.34 img/s
DLL 2020-10-03 23:08:50.578743 - Epoch: 0 Iteration: 100  train.loss : 6.92997  train.total_ips : 2894.57 img/s
DLL 2020-10-03 23:08:50.934488 - Epoch: 0 Iteration: 101  train.loss : 6.91663  train.total_ips : 2879.13 img/s
DLL 2020-10-03 23:08:51.288812 - Epoch: 0 Iteration: 102  train.loss : 6.92595  train.total_ips : 2890.90 img/s
DLL 2020-10-03 23:08:51.642749 - Epoch: 0 Iteration: 103  train.loss : 6.89702  train.total_ips : 2894.58 img/s
DLL 2020-10-03 23:08:51.997642 - Epoch: 0 Iteration: 104  train.loss : 6.91685  train.total_ips : 2886.20 img/s
DLL 2020-10-03 23:08:52.352484 - Epoch: 0 Iteration: 105  train.loss : 6.89343  train.total_ips : 2886.47 img/s
DLL 2020-10-03 23:08:52.706198 - Epoch: 0 Iteration: 106  train.loss : 6.90175  train.total_ips : 2895.71 img/s
DLL 2020-10-03 23:08:53.060406 - Epoch: 0 Iteration: 107  train.loss : 6.91979  train.total_ips : 2892.36 img/s
DLL 2020-10-03 23:08:53.414606 - Epoch: 0 Iteration: 108  train.loss : 6.91996  train.total_ips : 2891.73 img/s
DLL 2020-10-03 23:08:53.769679 - Epoch: 0 Iteration: 109  train.loss : 6.94594  train.total_ips : 2884.65 img/s
DLL 2020-10-03 23:08:54.124556 - Epoch: 0 Iteration: 110  train.loss : 6.90750  train.total_ips : 2886.49 img/s
DLL 2020-10-03 23:08:54.476921 - Epoch: 0 Iteration: 111  train.loss : 6.89155  train.total_ips : 2907.25 img/s
DLL 2020-10-03 23:08:54.831437 - Epoch: 0 Iteration: 112  train.loss : 6.93769  train.total_ips : 2889.14 img/s
DLL 2020-10-03 23:08:55.184874 - Epoch: 0 Iteration: 113  train.loss : 6.90179  train.total_ips : 2898.08 img/s
DLL 2020-10-03 23:08:55.538820 - Epoch: 0 Iteration: 114  train.loss : 6.93505  train.total_ips : 2894.06 img/s
DLL 2020-10-03 23:08:55.891448 - Epoch: 0 Iteration: 115  train.loss : 6.91961  train.total_ips : 2904.67 img/s
DLL 2020-10-03 23:08:56.250776 - Epoch: 0 Iteration: 116  train.loss : 6.90490  train.total_ips : 2850.76 img/s
DLL 2020-10-03 23:08:56.604041 - Epoch: 0 Iteration: 117  train.loss : 6.91017  train.total_ips : 2899.30 img/s
DLL 2020-10-03 23:08:56.957655 - Epoch: 0 Iteration: 118  train.loss : 6.90611  train.total_ips : 2896.53 img/s
DLL 2020-10-03 23:08:57.311238 - Epoch: 0 Iteration: 119  train.loss : 6.91011  train.total_ips : 2896.76 img/s
DLL 2020-10-03 23:08:57.665027 - Epoch: 0 Iteration: 120  train.loss : 6.90321  train.total_ips : 2895.14 img/s
DLL 2020-10-03 23:08:58.019992 - Epoch: 0 Iteration: 121  train.loss : 6.93017  train.total_ips : 2885.57 img/s
DLL 2020-10-03 23:08:58.373138 - Epoch: 0 Iteration: 122  train.loss : 6.93585  train.total_ips : 2900.47 img/s
DLL 2020-10-03 23:08:58.726528 - Epoch: 0 Iteration: 123  train.loss : 6.89025  train.total_ips : 2898.44 img/s
DLL 2020-10-03 23:08:59.081400 - Epoch: 0 Iteration: 124  train.loss : 6.89033  train.total_ips : 2886.29 img/s
DLL 2020-10-03 23:08:59.436455 - Epoch: 0 Iteration: 125  train.loss : 6.90718  train.total_ips : 2884.80 img/s
DLL 2020-10-03 23:08:59.792752 - Epoch: 0 Iteration: 126  train.loss : 6.89064  train.total_ips : 2875.13 img/s
DLL 2020-10-03 23:09:00.146681 - Epoch: 0 Iteration: 127  train.loss : 6.87810  train.total_ips : 2894.07 img/s
DLL 2020-10-03 23:09:00.499747 - Epoch: 0 Iteration: 128  train.loss : 6.92876  train.total_ips : 2900.99 img/s
DLL 2020-10-03 23:09:00.852688 - Epoch: 0 Iteration: 129  train.loss : 6.91230  train.total_ips : 2902.12 img/s
DLL 2020-10-03 23:09:01.206293 - Epoch: 0 Iteration: 130  train.loss : 6.89894  train.total_ips : 2896.71 img/s
DLL 2020-10-03 23:09:01.575295 - Epoch: 0 Iteration: 131  train.loss : 6.91608  train.total_ips : 2775.72 img/s
DLL 2020-10-03 23:09:01.929562 - Epoch: 0 Iteration: 132  train.loss : 6.92922  train.total_ips : 2891.41 img/s
DLL 2020-10-03 23:09:02.283114 - Epoch: 0 Iteration: 133  train.loss : 6.91277  train.total_ips : 2897.03 img/s
DLL 2020-10-03 23:09:02.637200 - Epoch: 0 Iteration: 134  train.loss : 6.94311  train.total_ips : 2893.23 img/s
DLL 2020-10-03 23:09:02.992146 - Epoch: 0 Iteration: 135  train.loss : 6.91226  train.total_ips : 2885.76 img/s
DLL 2020-10-03 23:09:03.345923 - Epoch: 0 Iteration: 136  train.loss : 6.89677  train.total_ips : 2895.13 img/s
DLL 2020-10-03 23:09:03.703953 - Epoch: 0 Iteration: 137  train.loss : 6.90746  train.total_ips : 2860.92 img/s
DLL 2020-10-03 23:09:04.059285 - Epoch: 0 Iteration: 138  train.loss : 6.89567  train.total_ips : 2882.58 img/s
DLL 2020-10-03 23:09:04.413489 - Epoch: 0 Iteration: 139  train.loss : 6.89944  train.total_ips : 2891.64 img/s
DLL 2020-10-03 23:09:04.768222 - Epoch: 0 Iteration: 140  train.loss : 6.93267  train.total_ips : 2887.47 img/s
DLL 2020-10-03 23:09:05.123271 - Epoch: 0 Iteration: 141  train.loss : 6.91014  train.total_ips : 2884.92 img/s
DLL 2020-10-03 23:09:05.477311 - Epoch: 0 Iteration: 142  train.loss : 6.92208  train.total_ips : 2893.07 img/s
DLL 2020-10-03 23:09:05.831429 - Epoch: 0 Iteration: 143  train.loss : 6.90305  train.total_ips : 2892.50 img/s
DLL 2020-10-03 23:09:06.183445 - Epoch: 0 Iteration: 144  train.loss : 6.92111  train.total_ips : 2909.73 img/s
DLL 2020-10-03 23:09:06.538478 - Epoch: 0 Iteration: 145  train.loss : 6.92142  train.total_ips : 2885.06 img/s
DLL 2020-10-03 23:09:06.893074 - Epoch: 0 Iteration: 146  train.loss : 6.93185  train.total_ips : 2888.60 img/s
DLL 2020-10-03 23:09:07.245417 - Epoch: 0 Iteration: 147  train.loss : 6.89827  train.total_ips : 2907.39 img/s
DLL 2020-10-03 23:09:07.603435 - Epoch: 0 Iteration: 148  train.loss : 6.92620  train.total_ips : 2860.92 img/s
DLL 2020-10-03 23:09:07.958488 - Epoch: 0 Iteration: 149  train.loss : 6.94507  train.total_ips : 2884.97 img/s
DLL 2020-10-03 23:09:08.313223 - Epoch: 0  train.loss : 6.92179  train.total_ips : 2859.71 img/s
DLL 2020-10-03 23:09:08.313424 - Epoch: 0  lr : 0.128  train.compute_ips : 2871.18 img/s train.data_time : 0.00145 s train.compute_time : 0.43880 s
DLL 2020-10-03 23:09:08.313600 - Summary: train.loss : 6.92179  train.total_ips : 2859.71 img/s
DLL 2020-10-03 23:09:08.313652 - Summary: lr : 0.128  train.compute_ips : 2871.18 img/s train.data_time : 0.00145 s train.compute_time : 0.43880 s
Experiment ended
['/opt/conda/bin/python', '-u', '/workspace/rn50/main.py', '--data-backend', 'dali-cpu', '--raport-file', '/workspace/rn50/raport.json', '-j5', '-p', '1', '--lr', '1.024', '--optimizer-batch-size', '-1', '--warmup', '8', '--arch', 'resnet50', '-c', 'fanin', '--label-smoothing', '0.1', '--lr-schedule', 'cosine', '--mom', '0.125', '--wd', '3.0517578125e-05', '--workspace', '/workspace/rn50', '-b', '128', '--epochs', '1', '--prof', '150', '--training-only', '--no-checkpoints', '/data/image']
['/opt/conda/bin/python', '-u', '/workspace/rn50/main.py', '--data-backend', 'dali-cpu', '--raport-file', '/workspace/rn50/raport.json', '-j5', '-p', '1', '--lr', '1.024', '--optimizer-batch-size', '-1', '--warmup', '8', '--arch', 'resnet50', '-c', 'fanin', '--label-smoothing', '0.1', '--lr-schedule', 'cosine', '--mom', '0.125', '--wd', '3.0517578125e-05', '--workspace', '/workspace/rn50', '-b', '128', '--epochs', '1', '--prof', '150', '--training-only', '--no-checkpoints', '/data/image']
['/opt/conda/bin/python', '-u', '/workspace/rn50/main.py', '--data-backend', 'dali-cpu', '--raport-file', '/workspace/rn50/raport.json', '-j5', '-p', '1', '--lr', '1.024', '--optimizer-batch-size', '-1', '--warmup', '8', '--arch', 'resnet50', '-c', 'fanin', '--label-smoothing', '0.1', '--lr-schedule', 'cosine', '--mom', '0.125', '--wd', '3.0517578125e-05', '--workspace', '/workspace/rn50', '-b', '128', '--epochs', '1', '--prof', '150', '--training-only', '--no-checkpoints', '/data/image']
['/opt/conda/bin/python', '-u', '/workspace/rn50/main.py', '--data-backend', 'dali-cpu', '--raport-file', '/workspace/rn50/raport.json', '-j5', '-p', '1', '--lr', '1.024', '--optimizer-batch-size', '-1', '--warmup', '8', '--arch', 'resnet50', '-c', 'fanin', '--label-smoothing', '0.1', '--lr-schedule', 'cosine', '--mom', '0.125', '--wd', '3.0517578125e-05', '--workspace', '/workspace/rn50', '-b', '128', '--epochs', '1', '--prof', '150', '--training-only', '--no-checkpoints', '/data/image']
['/opt/conda/bin/python', '-u', '/workspace/rn50/main.py', '--data-backend', 'dali-cpu', '--raport-file', '/workspace/rn50/raport.json', '-j5', '-p', '1', '--lr', '1.024', '--optimizer-batch-size', '-1', '--warmup', '8', '--arch', 'resnet50', '-c', 'fanin', '--label-smoothing', '0.1', '--lr-schedule', 'cosine', '--mom', '0.125', '--wd', '3.0517578125e-05', '--workspace', '/workspace/rn50', '-b', '128', '--epochs', '1', '--prof', '150', '--training-only', '--no-checkpoints', '/data/image']
['/opt/conda/bin/python', '-u', '/workspace/rn50/main.py', '--data-backend', 'dali-cpu', '--raport-file', '/workspace/rn50/raport.json', '-j5', '-p', '1', '--lr', '1.024', '--optimizer-batch-size', '-1', '--warmup', '8', '--arch', 'resnet50', '-c', 'fanin', '--label-smoothing', '0.1', '--lr-schedule', 'cosine', '--mom', '0.125', '--wd', '3.0517578125e-05', '--workspace', '/workspace/rn50', '-b', '128', '--epochs', '1', '--prof', '150', '--training-only', '--no-checkpoints', '/data/image']
['/opt/conda/bin/python', '-u', '/workspace/rn50/main.py', '--data-backend', 'dali-cpu', '--raport-file', '/workspace/rn50/raport.json', '-j5', '-p', '1', '--lr', '1.024', '--optimizer-batch-size', '-1', '--warmup', '8', '--arch', 'resnet50', '-c', 'fanin', '--label-smoothing', '0.1', '--lr-schedule', 'cosine', '--mom', '0.125', '--wd', '3.0517578125e-05', '--workspace', '/workspace/rn50', '-b', '128', '--epochs', '1', '--prof', '150', '--training-only', '--no-checkpoints', '/data/image']
['/opt/conda/bin/python', '-u', '/workspace/rn50/main.py', '--data-backend', 'dali-cpu', '--raport-file', '/workspace/rn50/raport.json', '-j5', '-p', '1', '--lr', '1.024', '--optimizer-batch-size', '-1', '--warmup', '8', '--arch', 'resnet50', '-c', 'fanin', '--label-smoothing', '0.1', '--lr-schedule', 'cosine', '--mom', '0.125', '--wd', '3.0517578125e-05', '--workspace', '/workspace/rn50', '-b', '128', '--epochs', '1', '--prof', '150', '--training-only', '--no-checkpoints', '/data/image']
