+ python /workspace/rn50/multiproc.py --nnodes 1 --node_rank 0 --nproc_per_node 8 --master_addr 127.0.0.1 --master_port=29500 /workspace/rn50/main.py --data-backend dali-cpu --raport-file /workspace/rn50/raport.json -j5 -p 1 --lr 1.024 --optimizer-batch-size -1 --warmup 8 --arch resnet50 -c fanin --label-smoothing 0.1 --lr-schedule cosine --mom 0.125 --wd 3.0517578125e-05 --workspace /workspace/rn50 -b 128 --epochs 1 --prof 150 --training-only --no-checkpoints /data/image
=> creating model '('resnet50', 'fanin', 1000)'
Version: {'net': <class 'image_classification.resnet.ResNet'>, 'block': <class 'image_classification.resnet.Bottleneck'>, 'layers': [3, 4, 6, 3], 'widths': [64, 128, 256, 512], 'expansion': 4}
Config: {'conv': <class 'torch.nn.modules.conv.Conv2d'>, 'conv_init': 'fan_in', 'nonlinearity': 'relu', 'last_bn_0_init': False, 'activation': <function <lambda> at 0x7f2cfc8439d8>}
Num classes: 1000
i'm distributed in dali~~~~~~~~~~~~~~~~~
rank in dali:  0
world_size in dali:  8
read 3545488 files from 2792 directories
read 50000 files from 1000 directories
DLL 2020-10-03 23:13:44.025061 - PARAMETER data : /data/image  data_backend : dali-cpu  arch : resnet50  model_config : fanin  num_classes : 1000  workers : 5  epochs : 1  run_epochs : -1  batch_size : 128  optimizer_batch_size : -1  lr : 1.024  lr_schedule : cosine  warmup : 8  label_smoothing : 0.1  mixup : 0.0  momentum : 0.125  weight_decay : 3.0517578125e-05  bn_weight_decay : False  nesterov : False  print_freq : 1  resume : None  pretrained_weights :   fp16 : False  static_loss_scale : 1  dynamic_loss_scale : False  prof : 150  amp : False  seed : None  gather_checkpoints : False  raport_file : /workspace/rn50/raport.json  evaluate : False  training_only : True  save_checkpoints : False  checkpoint_filename : checkpoint.pth.tar  workspace : /workspace/rn50  memory_format : nchw  distributed : True  local_rank : 0  gpu : 8  world_size : 8 
 ! Weight decay NOT applied to BN parameters 
98
63
RUNNING EPOCHS FROM 0 TO 1
DLL 2020-10-03 23:13:59.085301 - Epoch: 0 Iteration: 1  train.loss : 7.05495  train.total_ips : 78.34 img/s
DLL 2020-10-03 23:13:59.889626 - Epoch: 0 Iteration: 2  train.loss : 7.00326  train.total_ips : 1273.09 img/s
DLL 2020-10-03 23:14:00.249875 - Epoch: 0 Iteration: 3  train.loss : 6.93429  train.total_ips : 2843.14 img/s
DLL 2020-10-03 23:14:00.611083 - Epoch: 0 Iteration: 4  train.loss : 6.93980  train.total_ips : 2835.62 img/s
DLL 2020-10-03 23:14:00.963421 - Epoch: 0 Iteration: 5  train.loss : 6.94671  train.total_ips : 2907.01 img/s
DLL 2020-10-03 23:14:01.316289 - Epoch: 0 Iteration: 6  train.loss : 6.95557  train.total_ips : 2902.92 img/s
DLL 2020-10-03 23:14:01.668783 - Epoch: 0 Iteration: 7  train.loss : 6.96687  train.total_ips : 2905.83 img/s
DLL 2020-10-03 23:14:02.023366 - Epoch: 0 Iteration: 8  train.loss : 6.91512  train.total_ips : 2888.70 img/s
DLL 2020-10-03 23:14:02.375216 - Epoch: 0 Iteration: 9  train.loss : 6.94838  train.total_ips : 2911.30 img/s
DLL 2020-10-03 23:14:02.728712 - Epoch: 0 Iteration: 10  train.loss : 6.93320  train.total_ips : 2898.99 img/s
DLL 2020-10-03 23:14:03.081608 - Epoch: 0 Iteration: 11  train.loss : 6.92434  train.total_ips : 2902.11 img/s
DLL 2020-10-03 23:14:03.433878 - Epoch: 0 Iteration: 12  train.loss : 6.88941  train.total_ips : 2907.75 img/s
DLL 2020-10-03 23:14:03.786300 - Epoch: 0 Iteration: 13  train.loss : 6.94591  train.total_ips : 2906.43 img/s
DLL 2020-10-03 23:14:04.138569 - Epoch: 0 Iteration: 14  train.loss : 6.92360  train.total_ips : 2907.59 img/s
DLL 2020-10-03 23:14:04.489957 - Epoch: 0 Iteration: 15  train.loss : 6.93579  train.total_ips : 2915.06 img/s
DLL 2020-10-03 23:14:04.844728 - Epoch: 0 Iteration: 16  train.loss : 6.92800  train.total_ips : 2887.14 img/s
DLL 2020-10-03 23:14:05.197856 - Epoch: 0 Iteration: 17  train.loss : 6.90577  train.total_ips : 2901.27 img/s
DLL 2020-10-03 23:14:05.549837 - Epoch: 0 Iteration: 18  train.loss : 6.91035  train.total_ips : 2909.75 img/s
DLL 2020-10-03 23:14:05.903830 - Epoch: 0 Iteration: 19  train.loss : 6.94654  train.total_ips : 2893.66 img/s
DLL 2020-10-03 23:14:06.258044 - Epoch: 0 Iteration: 20  train.loss : 6.90885  train.total_ips : 2891.70 img/s
DLL 2020-10-03 23:14:06.612356 - Epoch: 0 Iteration: 21  train.loss : 6.95192  train.total_ips : 2890.90 img/s
DLL 2020-10-03 23:14:06.964486 - Epoch: 0 Iteration: 22  train.loss : 6.96451  train.total_ips : 2908.75 img/s
DLL 2020-10-03 23:14:07.317084 - Epoch: 0 Iteration: 23  train.loss : 6.89253  train.total_ips : 2904.91 img/s
DLL 2020-10-03 23:14:07.671199 - Epoch: 0 Iteration: 24  train.loss : 6.91426  train.total_ips : 2892.37 img/s
DLL 2020-10-03 23:14:08.024736 - Epoch: 0 Iteration: 25  train.loss : 6.93185  train.total_ips : 2897.18 img/s
DLL 2020-10-03 23:14:08.378339 - Epoch: 0 Iteration: 26  train.loss : 6.93758  train.total_ips : 2896.73 img/s
DLL 2020-10-03 23:14:08.730405 - Epoch: 0 Iteration: 27  train.loss : 6.92369  train.total_ips : 2909.45 img/s
DLL 2020-10-03 23:14:09.085157 - Epoch: 0 Iteration: 28  train.loss : 6.91384  train.total_ips : 2887.48 img/s
DLL 2020-10-03 23:14:09.439320 - Epoch: 0 Iteration: 29  train.loss : 6.91988  train.total_ips : 2892.76 img/s
DLL 2020-10-03 23:14:09.792751 - Epoch: 0 Iteration: 30  train.loss : 6.89642  train.total_ips : 2897.72 img/s
DLL 2020-10-03 23:14:10.146533 - Epoch: 0 Iteration: 31  train.loss : 6.92414  train.total_ips : 2895.24 img/s
DLL 2020-10-03 23:14:10.498396 - Epoch: 0 Iteration: 32  train.loss : 6.95828  train.total_ips : 2911.24 img/s
DLL 2020-10-03 23:14:10.851057 - Epoch: 0 Iteration: 33  train.loss : 6.92197  train.total_ips : 2904.45 img/s
DLL 2020-10-03 23:14:11.204449 - Epoch: 0 Iteration: 34  train.loss : 6.93910  train.total_ips : 2898.55 img/s
DLL 2020-10-03 23:14:11.560717 - Epoch: 0 Iteration: 35  train.loss : 6.92984  train.total_ips : 2874.99 img/s
DLL 2020-10-03 23:14:11.922850 - Epoch: 0 Iteration: 36  train.loss : 6.91916  train.total_ips : 2828.37 img/s
DLL 2020-10-03 23:14:12.276115 - Epoch: 0 Iteration: 37  train.loss : 6.91527  train.total_ips : 2899.58 img/s
DLL 2020-10-03 23:14:12.630058 - Epoch: 0 Iteration: 38  train.loss : 6.94395  train.total_ips : 2893.99 img/s
DLL 2020-10-03 23:14:12.982536 - Epoch: 0 Iteration: 39  train.loss : 6.92725  train.total_ips : 2905.86 img/s
DLL 2020-10-03 23:14:13.336899 - Epoch: 0 Iteration: 40  train.loss : 6.92104  train.total_ips : 2890.71 img/s
DLL 2020-10-03 23:14:13.691561 - Epoch: 0 Iteration: 41  train.loss : 6.89040  train.total_ips : 2887.92 img/s
DLL 2020-10-03 23:14:14.045708 - Epoch: 0 Iteration: 42  train.loss : 6.91068  train.total_ips : 2892.19 img/s
DLL 2020-10-03 23:14:14.400842 - Epoch: 0 Iteration: 43  train.loss : 6.89462  train.total_ips : 2884.44 img/s
DLL 2020-10-03 23:14:14.755026 - Epoch: 0 Iteration: 44  train.loss : 6.93812  train.total_ips : 2892.11 img/s
DLL 2020-10-03 23:14:15.109372 - Epoch: 0 Iteration: 45  train.loss : 6.91999  train.total_ips : 2890.44 img/s
DLL 2020-10-03 23:14:15.469895 - Epoch: 0 Iteration: 46  train.loss : 6.91715  train.total_ips : 2841.02 img/s
DLL 2020-10-03 23:14:15.827219 - Epoch: 0 Iteration: 47  train.loss : 6.89928  train.total_ips : 2866.62 img/s
DLL 2020-10-03 23:14:16.182553 - Epoch: 0 Iteration: 48  train.loss : 6.91779  train.total_ips : 2882.53 img/s
DLL 2020-10-03 23:14:16.537248 - Epoch: 0 Iteration: 49  train.loss : 6.91189  train.total_ips : 2887.87 img/s
DLL 2020-10-03 23:14:16.892171 - Epoch: 0 Iteration: 50  train.loss : 6.92992  train.total_ips : 2885.93 img/s
DLL 2020-10-03 23:14:17.247285 - Epoch: 0 Iteration: 51  train.loss : 6.92675  train.total_ips : 2884.39 img/s
DLL 2020-10-03 23:14:17.600816 - Epoch: 0 Iteration: 52  train.loss : 6.91895  train.total_ips : 2897.23 img/s
DLL 2020-10-03 23:14:17.954533 - Epoch: 0 Iteration: 53  train.loss : 6.92438  train.total_ips : 2895.71 img/s
DLL 2020-10-03 23:14:18.342448 - Epoch: 0 Iteration: 54  train.loss : 6.93557  train.total_ips : 2640.32 img/s
DLL 2020-10-03 23:14:18.697003 - Epoch: 0 Iteration: 55  train.loss : 6.92107  train.total_ips : 2888.89 img/s
DLL 2020-10-03 23:14:19.051165 - Epoch: 0 Iteration: 56  train.loss : 6.91294  train.total_ips : 2892.03 img/s
DLL 2020-10-03 23:14:19.404760 - Epoch: 0 Iteration: 57  train.loss : 6.91362  train.total_ips : 2897.14 img/s
DLL 2020-10-03 23:14:19.758284 - Epoch: 0 Iteration: 58  train.loss : 6.91754  train.total_ips : 2897.18 img/s
DLL 2020-10-03 23:14:20.112260 - Epoch: 0 Iteration: 59  train.loss : 6.95114  train.total_ips : 2893.66 img/s
DLL 2020-10-03 23:14:20.466135 - Epoch: 0 Iteration: 60  train.loss : 6.93591  train.total_ips : 2894.24 img/s
DLL 2020-10-03 23:14:20.819990 - Epoch: 0 Iteration: 61  train.loss : 6.92680  train.total_ips : 2894.52 img/s
DLL 2020-10-03 23:14:21.173078 - Epoch: 0 Iteration: 62  train.loss : 6.94138  train.total_ips : 2900.78 img/s
DLL 2020-10-03 23:14:21.529620 - Epoch: 0 Iteration: 63  train.loss : 6.92415  train.total_ips : 2872.73 img/s
DLL 2020-10-03 23:14:21.884257 - Epoch: 0 Iteration: 64  train.loss : 6.87477  train.total_ips : 2888.14 img/s
DLL 2020-10-03 23:14:22.237413 - Epoch: 0 Iteration: 65  train.loss : 6.90235  train.total_ips : 2900.31 img/s
DLL 2020-10-03 23:14:22.591438 - Epoch: 0 Iteration: 66  train.loss : 6.91464  train.total_ips : 2893.11 img/s
DLL 2020-10-03 23:14:22.944674 - Epoch: 0 Iteration: 67  train.loss : 6.90661  train.total_ips : 2899.94 img/s
DLL 2020-10-03 23:14:23.298641 - Epoch: 0 Iteration: 68  train.loss : 6.92494  train.total_ips : 2893.70 img/s
DLL 2020-10-03 23:14:23.651153 - Epoch: 0 Iteration: 69  train.loss : 6.91040  train.total_ips : 2905.78 img/s
DLL 2020-10-03 23:14:24.006483 - Epoch: 0 Iteration: 70  train.loss : 6.88775  train.total_ips : 2882.64 img/s
DLL 2020-10-03 23:14:24.360429 - Epoch: 0 Iteration: 71  train.loss : 6.89583  train.total_ips : 2893.81 img/s
DLL 2020-10-03 23:14:24.713409 - Epoch: 0 Iteration: 72  train.loss : 6.96324  train.total_ips : 2901.78 img/s
DLL 2020-10-03 23:14:25.066936 - Epoch: 0 Iteration: 73  train.loss : 6.90992  train.total_ips : 2897.35 img/s
DLL 2020-10-03 23:14:25.421325 - Epoch: 0 Iteration: 74  train.loss : 6.92597  train.total_ips : 2890.14 img/s
DLL 2020-10-03 23:14:25.775673 - Epoch: 0 Iteration: 75  train.loss : 6.90073  train.total_ips : 2890.59 img/s
DLL 2020-10-03 23:14:26.130008 - Epoch: 0 Iteration: 76  train.loss : 6.91360  train.total_ips : 2891.15 img/s
DLL 2020-10-03 23:14:26.484044 - Epoch: 0 Iteration: 77  train.loss : 6.93093  train.total_ips : 2892.92 img/s
DLL 2020-10-03 23:14:26.839123 - Epoch: 0 Iteration: 78  train.loss : 6.92857  train.total_ips : 2884.58 img/s
DLL 2020-10-03 23:14:27.193375 - Epoch: 0 Iteration: 79  train.loss : 6.91964  train.total_ips : 2891.37 img/s
DLL 2020-10-03 23:14:27.547280 - Epoch: 0 Iteration: 80  train.loss : 6.95023  train.total_ips : 2894.18 img/s
DLL 2020-10-03 23:14:27.902181 - Epoch: 0 Iteration: 81  train.loss : 6.93321  train.total_ips : 2886.00 img/s
DLL 2020-10-03 23:14:28.256873 - Epoch: 0 Iteration: 82  train.loss : 6.91672  train.total_ips : 2887.69 img/s
DLL 2020-10-03 23:14:28.611676 - Epoch: 0 Iteration: 83  train.loss : 6.91335  train.total_ips : 2886.85 img/s
DLL 2020-10-03 23:14:28.966494 - Epoch: 0 Iteration: 84  train.loss : 6.90987  train.total_ips : 2886.66 img/s
DLL 2020-10-03 23:14:29.320385 - Epoch: 0 Iteration: 85  train.loss : 6.91216  train.total_ips : 2894.24 img/s
DLL 2020-10-03 23:14:29.673927 - Epoch: 0 Iteration: 86  train.loss : 6.90079  train.total_ips : 2897.15 img/s
DLL 2020-10-03 23:14:30.027983 - Epoch: 0 Iteration: 87  train.loss : 6.91891  train.total_ips : 2893.22 img/s
DLL 2020-10-03 23:14:30.382592 - Epoch: 0 Iteration: 88  train.loss : 6.91899  train.total_ips : 2888.57 img/s
DLL 2020-10-03 23:14:30.736842 - Epoch: 0 Iteration: 89  train.loss : 6.94012  train.total_ips : 2891.41 img/s
DLL 2020-10-03 23:14:31.091370 - Epoch: 0 Iteration: 90  train.loss : 6.90269  train.total_ips : 2889.15 img/s
DLL 2020-10-03 23:14:31.445107 - Epoch: 0 Iteration: 91  train.loss : 6.90858  train.total_ips : 2895.57 img/s
DLL 2020-10-03 23:14:31.800178 - Epoch: 0 Iteration: 92  train.loss : 6.93793  train.total_ips : 2884.68 img/s
DLL 2020-10-03 23:14:32.154959 - Epoch: 0 Iteration: 93  train.loss : 6.93031  train.total_ips : 2887.08 img/s
DLL 2020-10-03 23:14:32.509040 - Epoch: 0 Iteration: 94  train.loss : 6.92104  train.total_ips : 2892.62 img/s
DLL 2020-10-03 23:14:32.862978 - Epoch: 0 Iteration: 95  train.loss : 6.90851  train.total_ips : 2894.40 img/s
DLL 2020-10-03 23:14:33.216908 - Epoch: 0 Iteration: 96  train.loss : 6.90104  train.total_ips : 2893.92 img/s
DLL 2020-10-03 23:14:33.570422 - Epoch: 0 Iteration: 97  train.loss : 6.92655  train.total_ips : 2897.25 img/s
DLL 2020-10-03 23:14:33.923469 - Epoch: 0 Iteration: 98  train.loss : 6.91116  train.total_ips : 2901.15 img/s
DLL 2020-10-03 23:14:34.276083 - Epoch: 0 Iteration: 99  train.loss : 6.93231  train.total_ips : 2904.74 img/s
DLL 2020-10-03 23:14:34.630938 - Epoch: 0 Iteration: 100  train.loss : 6.92490  train.total_ips : 2886.41 img/s
DLL 2020-10-03 23:14:34.984507 - Epoch: 0 Iteration: 101  train.loss : 6.91741  train.total_ips : 2896.92 img/s
DLL 2020-10-03 23:14:35.338139 - Epoch: 0 Iteration: 102  train.loss : 6.93642  train.total_ips : 2896.40 img/s
DLL 2020-10-03 23:14:35.692991 - Epoch: 0 Iteration: 103  train.loss : 6.89655  train.total_ips : 2886.45 img/s
DLL 2020-10-03 23:14:36.047558 - Epoch: 0 Iteration: 104  train.loss : 6.93413  train.total_ips : 2888.76 img/s
DLL 2020-10-03 23:14:36.401939 - Epoch: 0 Iteration: 105  train.loss : 6.89254  train.total_ips : 2890.24 img/s
DLL 2020-10-03 23:14:36.755278 - Epoch: 0 Iteration: 106  train.loss : 6.89400  train.total_ips : 2898.72 img/s
DLL 2020-10-03 23:14:37.108929 - Epoch: 0 Iteration: 107  train.loss : 6.91640  train.total_ips : 2896.30 img/s
DLL 2020-10-03 23:14:37.463600 - Epoch: 0 Iteration: 108  train.loss : 6.91809  train.total_ips : 2888.04 img/s
DLL 2020-10-03 23:14:37.818420 - Epoch: 0 Iteration: 109  train.loss : 6.93386  train.total_ips : 2886.79 img/s
DLL 2020-10-03 23:14:38.174501 - Epoch: 0 Iteration: 110  train.loss : 6.88980  train.total_ips : 2876.49 img/s
DLL 2020-10-03 23:14:38.528924 - Epoch: 0 Iteration: 111  train.loss : 6.88895  train.total_ips : 2889.91 img/s
DLL 2020-10-03 23:14:38.883039 - Epoch: 0 Iteration: 112  train.loss : 6.93208  train.total_ips : 2892.44 img/s
DLL 2020-10-03 23:14:39.236834 - Epoch: 0 Iteration: 113  train.loss : 6.90732  train.total_ips : 2895.04 img/s
DLL 2020-10-03 23:14:39.590902 - Epoch: 0 Iteration: 114  train.loss : 6.91552  train.total_ips : 2892.84 img/s
DLL 2020-10-03 23:14:39.945987 - Epoch: 0 Iteration: 115  train.loss : 6.92014  train.total_ips : 2884.53 img/s
DLL 2020-10-03 23:14:40.299944 - Epoch: 0 Iteration: 116  train.loss : 6.92155  train.total_ips : 2893.73 img/s
DLL 2020-10-03 23:14:40.655114 - Epoch: 0 Iteration: 117  train.loss : 6.91830  train.total_ips : 2883.81 img/s
DLL 2020-10-03 23:14:41.010810 - Epoch: 0 Iteration: 118  train.loss : 6.90195  train.total_ips : 2879.62 img/s
DLL 2020-10-03 23:14:41.365941 - Epoch: 0 Iteration: 119  train.loss : 6.91499  train.total_ips : 2884.17 img/s
DLL 2020-10-03 23:14:41.719754 - Epoch: 0 Iteration: 120  train.loss : 6.89485  train.total_ips : 2894.94 img/s
DLL 2020-10-03 23:14:42.074075 - Epoch: 0 Iteration: 121  train.loss : 6.93988  train.total_ips : 2890.81 img/s
DLL 2020-10-03 23:14:42.427484 - Epoch: 0 Iteration: 122  train.loss : 6.91555  train.total_ips : 2898.24 img/s
DLL 2020-10-03 23:14:42.782477 - Epoch: 0 Iteration: 123  train.loss : 6.88734  train.total_ips : 2885.27 img/s
DLL 2020-10-03 23:14:43.137994 - Epoch: 0 Iteration: 124  train.loss : 6.89638  train.total_ips : 2881.04 img/s
DLL 2020-10-03 23:14:43.491630 - Epoch: 0 Iteration: 125  train.loss : 6.90379  train.total_ips : 2896.38 img/s
DLL 2020-10-03 23:14:43.844400 - Epoch: 0 Iteration: 126  train.loss : 6.87488  train.total_ips : 2903.48 img/s
DLL 2020-10-03 23:14:44.199049 - Epoch: 0 Iteration: 127  train.loss : 6.86152  train.total_ips : 2888.93 img/s
DLL 2020-10-03 23:14:44.554614 - Epoch: 0 Iteration: 128  train.loss : 6.92017  train.total_ips : 2880.23 img/s
DLL 2020-10-03 23:14:44.910245 - Epoch: 0 Iteration: 129  train.loss : 6.91744  train.total_ips : 2880.09 img/s
DLL 2020-10-03 23:14:45.265121 - Epoch: 0 Iteration: 130  train.loss : 6.90892  train.total_ips : 2886.18 img/s
DLL 2020-10-03 23:14:45.619232 - Epoch: 0 Iteration: 131  train.loss : 6.91387  train.total_ips : 2892.55 img/s
DLL 2020-10-03 23:14:45.973337 - Epoch: 0 Iteration: 132  train.loss : 6.92462  train.total_ips : 2892.53 img/s
DLL 2020-10-03 23:14:46.328285 - Epoch: 0 Iteration: 133  train.loss : 6.91826  train.total_ips : 2885.63 img/s
DLL 2020-10-03 23:14:46.682727 - Epoch: 0 Iteration: 134  train.loss : 6.94523  train.total_ips : 2889.96 img/s
DLL 2020-10-03 23:14:47.038937 - Epoch: 0 Iteration: 135  train.loss : 6.91032  train.total_ips : 2875.35 img/s
DLL 2020-10-03 23:14:47.393758 - Epoch: 0 Iteration: 136  train.loss : 6.90662  train.total_ips : 2886.70 img/s
DLL 2020-10-03 23:14:47.754833 - Epoch: 0 Iteration: 137  train.loss : 6.90611  train.total_ips : 2836.86 img/s
DLL 2020-10-03 23:14:48.108714 - Epoch: 0 Iteration: 138  train.loss : 6.88171  train.total_ips : 2894.33 img/s
DLL 2020-10-03 23:14:48.462541 - Epoch: 0 Iteration: 139  train.loss : 6.90384  train.total_ips : 2895.12 img/s
DLL 2020-10-03 23:14:48.819897 - Epoch: 0 Iteration: 140  train.loss : 6.92950  train.total_ips : 2866.28 img/s
DLL 2020-10-03 23:14:49.180311 - Epoch: 0 Iteration: 141  train.loss : 6.91267  train.total_ips : 2841.90 img/s
DLL 2020-10-03 23:14:49.543028 - Epoch: 0 Iteration: 142  train.loss : 6.92509  train.total_ips : 2823.84 img/s
DLL 2020-10-03 23:14:49.905118 - Epoch: 0 Iteration: 143  train.loss : 6.89339  train.total_ips : 2828.73 img/s
DLL 2020-10-03 23:14:50.263740 - Epoch: 0 Iteration: 144  train.loss : 6.91116  train.total_ips : 2856.07 img/s
DLL 2020-10-03 23:14:50.620414 - Epoch: 0 Iteration: 145  train.loss : 6.92836  train.total_ips : 2871.67 img/s
DLL 2020-10-03 23:14:50.975713 - Epoch: 0 Iteration: 146  train.loss : 6.93263  train.total_ips : 2882.71 img/s
DLL 2020-10-03 23:14:51.329453 - Epoch: 0 Iteration: 147  train.loss : 6.89551  train.total_ips : 2895.50 img/s
DLL 2020-10-03 23:14:51.682823 - Epoch: 0 Iteration: 148  train.loss : 6.91200  train.total_ips : 2898.52 img/s
DLL 2020-10-03 23:14:52.039264 - Epoch: 0 Iteration: 149  train.loss : 6.94013  train.total_ips : 2873.56 img/s
DLL 2020-10-03 23:14:52.402752 - Epoch: 0  train.loss : 6.92016  train.total_ips : 2857.55 img/s
DLL 2020-10-03 23:14:52.402901 - Epoch: 0  lr : 0.128  train.compute_ips : 2866.19 img/s train.data_time : 0.00112 s train.compute_time : 0.44137 s
DLL 2020-10-03 23:14:52.403058 - Summary: train.loss : 6.92016  train.total_ips : 2857.55 img/s
DLL 2020-10-03 23:14:52.403126 - Summary: lr : 0.128  train.compute_ips : 2866.19 img/s train.data_time : 0.00112 s train.compute_time : 0.44137 s
Experiment ended
['/opt/conda/bin/python', '-u', '/workspace/rn50/main.py', '--data-backend', 'dali-cpu', '--raport-file', '/workspace/rn50/raport.json', '-j5', '-p', '1', '--lr', '1.024', '--optimizer-batch-size', '-1', '--warmup', '8', '--arch', 'resnet50', '-c', 'fanin', '--label-smoothing', '0.1', '--lr-schedule', 'cosine', '--mom', '0.125', '--wd', '3.0517578125e-05', '--workspace', '/workspace/rn50', '-b', '128', '--epochs', '1', '--prof', '150', '--training-only', '--no-checkpoints', '/data/image']
['/opt/conda/bin/python', '-u', '/workspace/rn50/main.py', '--data-backend', 'dali-cpu', '--raport-file', '/workspace/rn50/raport.json', '-j5', '-p', '1', '--lr', '1.024', '--optimizer-batch-size', '-1', '--warmup', '8', '--arch', 'resnet50', '-c', 'fanin', '--label-smoothing', '0.1', '--lr-schedule', 'cosine', '--mom', '0.125', '--wd', '3.0517578125e-05', '--workspace', '/workspace/rn50', '-b', '128', '--epochs', '1', '--prof', '150', '--training-only', '--no-checkpoints', '/data/image']
['/opt/conda/bin/python', '-u', '/workspace/rn50/main.py', '--data-backend', 'dali-cpu', '--raport-file', '/workspace/rn50/raport.json', '-j5', '-p', '1', '--lr', '1.024', '--optimizer-batch-size', '-1', '--warmup', '8', '--arch', 'resnet50', '-c', 'fanin', '--label-smoothing', '0.1', '--lr-schedule', 'cosine', '--mom', '0.125', '--wd', '3.0517578125e-05', '--workspace', '/workspace/rn50', '-b', '128', '--epochs', '1', '--prof', '150', '--training-only', '--no-checkpoints', '/data/image']
['/opt/conda/bin/python', '-u', '/workspace/rn50/main.py', '--data-backend', 'dali-cpu', '--raport-file', '/workspace/rn50/raport.json', '-j5', '-p', '1', '--lr', '1.024', '--optimizer-batch-size', '-1', '--warmup', '8', '--arch', 'resnet50', '-c', 'fanin', '--label-smoothing', '0.1', '--lr-schedule', 'cosine', '--mom', '0.125', '--wd', '3.0517578125e-05', '--workspace', '/workspace/rn50', '-b', '128', '--epochs', '1', '--prof', '150', '--training-only', '--no-checkpoints', '/data/image']
['/opt/conda/bin/python', '-u', '/workspace/rn50/main.py', '--data-backend', 'dali-cpu', '--raport-file', '/workspace/rn50/raport.json', '-j5', '-p', '1', '--lr', '1.024', '--optimizer-batch-size', '-1', '--warmup', '8', '--arch', 'resnet50', '-c', 'fanin', '--label-smoothing', '0.1', '--lr-schedule', 'cosine', '--mom', '0.125', '--wd', '3.0517578125e-05', '--workspace', '/workspace/rn50', '-b', '128', '--epochs', '1', '--prof', '150', '--training-only', '--no-checkpoints', '/data/image']
['/opt/conda/bin/python', '-u', '/workspace/rn50/main.py', '--data-backend', 'dali-cpu', '--raport-file', '/workspace/rn50/raport.json', '-j5', '-p', '1', '--lr', '1.024', '--optimizer-batch-size', '-1', '--warmup', '8', '--arch', 'resnet50', '-c', 'fanin', '--label-smoothing', '0.1', '--lr-schedule', 'cosine', '--mom', '0.125', '--wd', '3.0517578125e-05', '--workspace', '/workspace/rn50', '-b', '128', '--epochs', '1', '--prof', '150', '--training-only', '--no-checkpoints', '/data/image']
['/opt/conda/bin/python', '-u', '/workspace/rn50/main.py', '--data-backend', 'dali-cpu', '--raport-file', '/workspace/rn50/raport.json', '-j5', '-p', '1', '--lr', '1.024', '--optimizer-batch-size', '-1', '--warmup', '8', '--arch', 'resnet50', '-c', 'fanin', '--label-smoothing', '0.1', '--lr-schedule', 'cosine', '--mom', '0.125', '--wd', '3.0517578125e-05', '--workspace', '/workspace/rn50', '-b', '128', '--epochs', '1', '--prof', '150', '--training-only', '--no-checkpoints', '/data/image']
['/opt/conda/bin/python', '-u', '/workspace/rn50/main.py', '--data-backend', 'dali-cpu', '--raport-file', '/workspace/rn50/raport.json', '-j5', '-p', '1', '--lr', '1.024', '--optimizer-batch-size', '-1', '--warmup', '8', '--arch', 'resnet50', '-c', 'fanin', '--label-smoothing', '0.1', '--lr-schedule', 'cosine', '--mom', '0.125', '--wd', '3.0517578125e-05', '--workspace', '/workspace/rn50', '-b', '128', '--epochs', '1', '--prof', '150', '--training-only', '--no-checkpoints', '/data/image']
