+ python /workspace/rn50/multiproc.py --nnodes 1 --node_rank 0 --nproc_per_node 4 --master_addr 127.0.0.1 --master_port=29500 /workspace/rn50/main.py --data-backend dali-cpu --raport-file /workspace/rn50/raport.json -j5 -p 1 --lr 1.024 --optimizer-batch-size -1 --warmup 8 --arch resnet50 -c fanin --label-smoothing 0.1 --lr-schedule cosine --mom 0.125 --wd 3.0517578125e-05 --workspace /workspace/rn50 -b 256 --epochs 1 --prof 150 --training-only --no-checkpoints --amp --dynamic-loss-scale /data/image
world_size in env:  4
distributed in env:  True
loca_rank in env:  1
I'm distributed here!!!!!!!!!!!!!!!!!!!!!!!!!!!!!!!!!
world_size in env:  4
distributed in env:  True
loca_rank in env:  0
I'm distributed here!!!!!!!!!!!!!!!!!!!!!!!!!!!!!!!!!
world_size in env:  4
distributed in env:  True
loca_rank in env:  3
I'm distributed here!!!!!!!!!!!!!!!!!!!!!!!!!!!!!!!!!
world_size in env:  4
distributed in env:  True
loca_rank in env:  2
I'm distributed here!!!!!!!!!!!!!!!!!!!!!!!!!!!!!!!!!
args.gpu:  1
args.gpu:  0
args.gpu:  3
args.gpu:  2
world_szie in distributed:  4
world_szie in distributed:  4
=> creating model '('resnet50', 'fanin', 1000)'
Version: {'net': <class 'image_classification.resnet.ResNet'>, 'block': <class 'image_classification.resnet.Bottleneck'>, 'layers': [3, 4, 6, 3], 'widths': [64, 128, 256, 512], 'expansion': 4}
=> creating model '('resnet50', 'fanin', 1000)'
Config: {'conv': <class 'torch.nn.modules.conv.Conv2d'>, 'conv_init': 'fan_in', 'nonlinearity': 'relu', 'last_bn_0_init': False, 'activation': <function <lambda> at 0x7fe3773c39d8>}
Num classes: 1000
Version: {'net': <class 'image_classification.resnet.ResNet'>, 'block': <class 'image_classification.resnet.Bottleneck'>, 'layers': [3, 4, 6, 3], 'widths': [64, 128, 256, 512], 'expansion': 4}
Config: {'conv': <class 'torch.nn.modules.conv.Conv2d'>, 'conv_init': 'fan_in', 'nonlinearity': 'relu', 'last_bn_0_init': False, 'activation': <function <lambda> at 0x7f02e35ef9d8>}
Num classes: 1000
world_szie in distributed:  4
=> creating model '('resnet50', 'fanin', 1000)'
Version: {'net': <class 'image_classification.resnet.ResNet'>, 'block': <class 'image_classification.resnet.Bottleneck'>, 'layers': [3, 4, 6, 3], 'widths': [64, 128, 256, 512], 'expansion': 4}
Config: {'conv': <class 'torch.nn.modules.conv.Conv2d'>, 'conv_init': 'fan_in', 'nonlinearity': 'relu', 'last_bn_0_init': False, 'activation': <function <lambda> at 0x7fe2e40d19d8>}
Num classes: 1000
world_szie in distributed:  4
=> creating model '('resnet50', 'fanin', 1000)'
Version: {'net': <class 'image_classification.resnet.ResNet'>, 'block': <class 'image_classification.resnet.Bottleneck'>, 'layers': [3, 4, 6, 3], 'widths': [64, 128, 256, 512], 'expansion': 4}
Config: {'conv': <class 'torch.nn.modules.conv.Conv2d'>, 'conv_init': 'fan_in', 'nonlinearity': 'relu', 'last_bn_0_init': False, 'activation': <function <lambda> at 0x7fb94e08d9d8>}
Num classes: 1000
rank in distributed:  2
world size in dali:  4
device_count():  8
rank in dali hybrid:  2
distributed!!!!!!!!!!!!!!!!!!!!!!!!!!!!!!!!!!1
device_id:  2
rank in distributed:  3
world size in dali:  4
device_count():  8
rank in dali hybrid:  3
distributed!!!!!!!!!!!!!!!!!!!!!!!!!!!!!!!!!!1
device_id:  3
rank in distributed:  1
world size in dali:  4
device_count():  8
rank in dali hybrid:  1
distributed!!!!!!!!!!!!!!!!!!!!!!!!!!!!!!!!!!1
device_id:  1
rank in distributed:  0
world size in dali:  4
device_count():  8
rank in dali hybrid:  0
distributed!!!!!!!!!!!!!!!!!!!!!!!!!!!!!!!!!!1
device_id:  0
read 3545488 files from 2792 directories
read 3545488 files from 2792 directories
read 3545488 files from 2792 directories
read 3545488 files from 2792 directories
read 50000 files from 1000 directories
read 50000 files from 1000 directories
 ! Weight decay NOT applied to BN parameters 
98
63
 ! Weight decay NOT applied to BN parameters 
98
63
read 50000 files from 1000 directories
 ! Weight decay NOT applied to BN parameters 
98
63
read 50000 files from 1000 directories
DLL 2020-09-28 10:21:31.092855 - PARAMETER data : /data/image  data_backend : dali-cpu  arch : resnet50  model_config : fanin  num_classes : 1000  workers : 5  epochs : 1  run_epochs : -1  batch_size : 256  optimizer_batch_size : -1  lr : 1.024  lr_schedule : cosine  warmup : 8  label_smoothing : 0.1  mixup : 0.0  momentum : 0.125  weight_decay : 3.0517578125e-05  bn_weight_decay : False  nesterov : False  print_freq : 1  resume : None  pretrained_weights :   fp16 : False  static_loss_scale : 1  dynamic_loss_scale : True  prof : 150  amp : True  seed : None  gather_checkpoints : False  raport_file : /workspace/rn50/raport.json  evaluate : False  training_only : True  save_checkpoints : False  checkpoint_filename : checkpoint.pth.tar  workspace : /workspace/rn50  memory_format : nchw  distributed : True  local_rank : 0  gpu : 8  world_size : 4 
 ! Weight decay NOT applied to BN parameters 
98
63
Selected optimization level O1:  Insert automatic casts around Pytorch functions and Tensor methods.

Defaults for this optimization level are:
enabled                : True
opt_level              : O1
cast_model_type        : None
patch_torch_functions  : True
keep_batchnorm_fp32    : None
master_weights         : None
loss_scale             : dynamic
Processing user overrides (additional kwargs that are not None)...
After processing overrides, optimization options are:
enabled                : True
opt_level              : O1
cast_model_type        : None
patch_torch_functions  : True
keep_batchnorm_fp32    : None
master_weights         : None
loss_scale             : dynamic
RUNNING EPOCHS FROM 0 TO 1
RUNNING EPOCHS FROM 0 TO 1
RUNNING EPOCHS FROM 0 TO 1
RUNNING EPOCHS FROM 0 TO 1
DLL 2020-09-28 10:21:40.281542 - Epoch: 0 Iteration: 1  train.loss : 7.09158  train.total_ips : 118.02 img/s
DLL 2020-09-28 10:21:40.716387 - Epoch: 0 Iteration: 2  train.loss : 7.05552  train.total_ips : 2354.75 img/s
DLL 2020-09-28 10:21:41.049163 - Epoch: 0 Iteration: 3  train.loss : 6.97979  train.total_ips : 3078.29 img/s
DLL 2020-09-28 10:21:41.377400 - Epoch: 0 Iteration: 4  train.loss : 7.00042  train.total_ips : 3120.75 img/s
DLL 2020-09-28 10:21:41.709563 - Epoch: 0 Iteration: 5  train.loss : 6.96902  train.total_ips : 3084.16 img/s
DLL 2020-09-28 10:21:42.038177 - Epoch: 0 Iteration: 6  train.loss : 7.00324  train.total_ips : 3118.09 img/s
DLL 2020-09-28 10:21:42.365083 - Epoch: 0 Iteration: 7  train.loss : 6.96478  train.total_ips : 3133.40 img/s
DLL 2020-09-28 10:21:42.697059 - Epoch: 0 Iteration: 8  train.loss : 6.97327  train.total_ips : 3085.56 img/s
DLL 2020-09-28 10:21:43.025910 - Epoch: 0 Iteration: 9  train.loss : 6.96651  train.total_ips : 3114.81 img/s
DLL 2020-09-28 10:21:43.350222 - Epoch: 0 Iteration: 10  train.loss : 6.96970  train.total_ips : 3158.32 img/s
DLL 2020-09-28 10:21:43.674167 - Epoch: 0 Iteration: 11  train.loss : 6.98076  train.total_ips : 3161.87 img/s
DLL 2020-09-28 10:21:43.998424 - Epoch: 0 Iteration: 12  train.loss : 6.99585  train.total_ips : 3158.84 img/s
DLL 2020-09-28 10:21:44.327335 - Epoch: 0 Iteration: 13  train.loss : 6.92191  train.total_ips : 3114.45 img/s
DLL 2020-09-28 10:21:44.649892 - Epoch: 0 Iteration: 14  train.loss : 6.95623  train.total_ips : 3175.35 img/s
DLL 2020-09-28 10:21:44.972879 - Epoch: 0 Iteration: 15  train.loss : 6.93992  train.total_ips : 3171.19 img/s
DLL 2020-09-28 10:21:45.297397 - Epoch: 0 Iteration: 16  train.loss : 6.93748  train.total_ips : 3156.43 img/s
DLL 2020-09-28 10:21:45.620966 - Epoch: 0 Iteration: 17  train.loss : 6.94968  train.total_ips : 3165.51 img/s
DLL 2020-09-28 10:21:45.944922 - Epoch: 0 Iteration: 18  train.loss : 6.97697  train.total_ips : 3161.92 img/s
DLL 2020-09-28 10:21:46.271209 - Epoch: 0 Iteration: 19  train.loss : 6.98119  train.total_ips : 3140.09 img/s
DLL 2020-09-28 10:21:46.594278 - Epoch: 0 Iteration: 20  train.loss : 6.98390  train.total_ips : 3170.08 img/s
DLL 2020-09-28 10:21:46.920435 - Epoch: 0 Iteration: 21  train.loss : 6.92001  train.total_ips : 3140.50 img/s
DLL 2020-09-28 10:21:47.247093 - Epoch: 0 Iteration: 22  train.loss : 6.94160  train.total_ips : 3135.68 img/s
DLL 2020-09-28 10:21:47.570987 - Epoch: 0 Iteration: 23  train.loss : 6.95236  train.total_ips : 3163.06 img/s
DLL 2020-09-28 10:21:47.896136 - Epoch: 0 Iteration: 24  train.loss : 6.94999  train.total_ips : 3149.92 img/s
DLL 2020-09-28 10:21:48.219848 - Epoch: 0 Iteration: 25  train.loss : 6.95890  train.total_ips : 3164.17 img/s
DLL 2020-09-28 10:21:48.544681 - Epoch: 0 Iteration: 26  train.loss : 7.00223  train.total_ips : 3153.18 img/s
DLL 2020-09-28 10:21:48.869133 - Epoch: 0 Iteration: 27  train.loss : 6.96431  train.total_ips : 3156.92 img/s
DLL 2020-09-28 10:21:49.193935 - Epoch: 0 Iteration: 28  train.loss : 6.93252  train.total_ips : 3153.56 img/s
DLL 2020-09-28 10:21:49.517636 - Epoch: 0 Iteration: 29  train.loss : 6.97367  train.total_ips : 3164.23 img/s
DLL 2020-09-28 10:21:49.841632 - Epoch: 0 Iteration: 30  train.loss : 6.95910  train.total_ips : 3161.38 img/s
DLL 2020-09-28 10:21:50.167059 - Epoch: 0 Iteration: 31  train.loss : 6.97594  train.total_ips : 3147.74 img/s
DLL 2020-09-28 10:21:50.491223 - Epoch: 0 Iteration: 32  train.loss : 6.95637  train.total_ips : 3159.65 img/s
DLL 2020-09-28 10:21:50.815326 - Epoch: 0 Iteration: 33  train.loss : 6.96271  train.total_ips : 3160.17 img/s
DLL 2020-09-28 10:21:51.139046 - Epoch: 0 Iteration: 34  train.loss : 6.95121  train.total_ips : 3164.06 img/s
DLL 2020-09-28 10:21:51.462516 - Epoch: 0 Iteration: 35  train.loss : 6.91908  train.total_ips : 3166.51 img/s
DLL 2020-09-28 10:21:51.786350 - Epoch: 0 Iteration: 36  train.loss : 6.95973  train.total_ips : 3163.40 img/s
DLL 2020-09-28 10:21:52.110902 - Epoch: 0 Iteration: 37  train.loss : 6.96124  train.total_ips : 3155.93 img/s
DLL 2020-09-28 10:21:52.440896 - Epoch: 0 Iteration: 38  train.loss : 6.95531  train.total_ips : 3103.92 img/s
DLL 2020-09-28 10:21:52.776042 - Epoch: 0 Iteration: 39  train.loss : 6.95543  train.total_ips : 3056.15 img/s
DLL 2020-09-28 10:21:53.108142 - Epoch: 0 Iteration: 40  train.loss : 6.96649  train.total_ips : 3089.53 img/s
DLL 2020-09-28 10:21:53.436008 - Epoch: 0 Iteration: 41  train.loss : 6.96729  train.total_ips : 3124.26 img/s
DLL 2020-09-28 10:21:53.764371 - Epoch: 0 Iteration: 42  train.loss : 769483712.00000  train.total_ips : 3119.61 img/s
DLL 2020-09-28 10:21:54.092804 - Epoch: 0 Iteration: 43  train.loss : 6.97801  train.total_ips : 3120.71 img/s
DLL 2020-09-28 10:21:54.421329 - Epoch: 0 Iteration: 44  train.loss : 6.98722  train.total_ips : 3118.09 img/s
DLL 2020-09-28 10:21:54.748150 - Epoch: 0 Iteration: 45  train.loss : 6.97203  train.total_ips : 3134.19 img/s
DLL 2020-09-28 10:21:55.075665 - Epoch: 0 Iteration: 46  train.loss : 6.98115  train.total_ips : 3127.32 img/s
DLL 2020-09-28 10:21:55.403044 - Epoch: 0 Iteration: 47  train.loss : 6.95777  train.total_ips : 3128.64 img/s
DLL 2020-09-28 10:21:55.730394 - Epoch: 0 Iteration: 48  train.loss : 6.96254  train.total_ips : 3128.92 img/s
DLL 2020-09-28 10:21:56.058714 - Epoch: 0 Iteration: 49  train.loss : 6.97160  train.total_ips : 3119.64 img/s
DLL 2020-09-28 10:21:56.386204 - Epoch: 0 Iteration: 50  train.loss : 6.91211  train.total_ips : 3127.63 img/s
DLL 2020-09-28 10:21:56.714349 - Epoch: 0 Iteration: 51  train.loss : 6.96893  train.total_ips : 3121.99 img/s
DLL 2020-09-28 10:21:57.042237 - Epoch: 0 Iteration: 52  train.loss : 6.95973  train.total_ips : 3123.56 img/s
DLL 2020-09-28 10:21:57.365929 - Epoch: 0 Iteration: 53  train.loss : 6.94725  train.total_ips : 3164.31 img/s
DLL 2020-09-28 10:21:57.693684 - Epoch: 0 Iteration: 54  train.loss : 6.95888  train.total_ips : 3125.04 img/s
DLL 2020-09-28 10:21:58.019736 - Epoch: 0 Iteration: 55  train.loss : 6.92460  train.total_ips : 3141.36 img/s
DLL 2020-09-28 10:21:58.343474 - Epoch: 0 Iteration: 56  train.loss : 6.99199  train.total_ips : 3163.83 img/s
DLL 2020-09-28 10:21:58.673248 - Epoch: 0 Iteration: 57  train.loss : 6.93178  train.total_ips : 3105.89 img/s
DLL 2020-09-28 10:21:59.001383 - Epoch: 0 Iteration: 58  train.loss : 6.95316  train.total_ips : 3121.37 img/s
DLL 2020-09-28 10:21:59.335898 - Epoch: 0 Iteration: 59  train.loss : 6.94032  train.total_ips : 3061.91 img/s
DLL 2020-09-28 10:21:59.660076 - Epoch: 0 Iteration: 60  train.loss : 6.93990  train.total_ips : 3159.52 img/s
DLL 2020-09-28 10:21:59.989495 - Epoch: 0 Iteration: 61  train.loss : 6.96846  train.total_ips : 3109.24 img/s
DLL 2020-09-28 10:22:00.317867 - Epoch: 0 Iteration: 62  train.loss : 6.95531  train.total_ips : 3119.12 img/s
DLL 2020-09-28 10:22:00.646112 - Epoch: 0 Iteration: 63  train.loss : 6.94925  train.total_ips : 3120.34 img/s
DLL 2020-09-28 10:22:00.973453 - Epoch: 0 Iteration: 64  train.loss : 6.94668  train.total_ips : 3129.05 img/s
DLL 2020-09-28 10:22:01.301750 - Epoch: 0 Iteration: 65  train.loss : 6.93501  train.total_ips : 3119.85 img/s
DLL 2020-09-28 10:22:01.630158 - Epoch: 0 Iteration: 66  train.loss : 6.96373  train.total_ips : 3118.75 img/s
DLL 2020-09-28 10:22:01.954347 - Epoch: 0 Iteration: 67  train.loss : 6.95472  train.total_ips : 3159.40 img/s
DLL 2020-09-28 10:22:02.278356 - Epoch: 0 Iteration: 68  train.loss : 6.94964  train.total_ips : 3161.16 img/s
DLL 2020-09-28 10:22:02.602308 - Epoch: 0 Iteration: 69  train.loss : 6.96019  train.total_ips : 3161.74 img/s
DLL 2020-09-28 10:22:02.928740 - Epoch: 0 Iteration: 70  train.loss : 6.94448  train.total_ips : 3138.01 img/s
DLL 2020-09-28 10:22:03.253280 - Epoch: 0 Iteration: 71  train.loss : 6.94840  train.total_ips : 3155.92 img/s
DLL 2020-09-28 10:22:03.583494 - Epoch: 0 Iteration: 72  train.loss : 6.96292  train.total_ips : 3101.82 img/s
DLL 2020-09-28 10:22:03.914463 - Epoch: 0 Iteration: 73  train.loss : 6.95017  train.total_ips : 3095.02 img/s
DLL 2020-09-28 10:22:04.245216 - Epoch: 0 Iteration: 74  train.loss : 6.95866  train.total_ips : 3096.46 img/s
DLL 2020-09-28 10:22:04.579032 - Epoch: 0 Iteration: 75  train.loss : 6.92455  train.total_ips : 3068.23 img/s
DLL 2020-09-28 10:22:04.905329 - Epoch: 0 Iteration: 76  train.loss : 6.94028  train.total_ips : 3139.00 img/s
DLL 2020-09-28 10:22:05.229079 - Epoch: 0 Iteration: 77  train.loss : 6.95409  train.total_ips : 3163.62 img/s
DLL 2020-09-28 10:22:05.558179 - Epoch: 0 Iteration: 78  train.loss : 6.94794  train.total_ips : 3112.24 img/s
DLL 2020-09-28 10:22:05.886060 - Epoch: 0 Iteration: 79  train.loss : 6.92372  train.total_ips : 3123.75 img/s
DLL 2020-09-28 10:22:06.216163 - Epoch: 0 Iteration: 80  train.loss : 6.94141  train.total_ips : 3102.92 img/s
DLL 2020-09-28 10:22:06.540130 - Epoch: 0 Iteration: 81  train.loss : 6.92976  train.total_ips : 3161.53 img/s
DLL 2020-09-28 10:22:06.864350 - Epoch: 0 Iteration: 82  train.loss : 6.92656  train.total_ips : 3159.10 img/s
DLL 2020-09-28 10:22:07.188299 - Epoch: 0 Iteration: 83  train.loss : 6.94755  train.total_ips : 3161.71 img/s
DLL 2020-09-28 10:22:07.511882 - Epoch: 0 Iteration: 84  train.loss : 6.95598  train.total_ips : 3165.31 img/s
DLL 2020-09-28 10:22:07.837639 - Epoch: 0 Iteration: 85  train.loss : 6.94314  train.total_ips : 3144.17 img/s
DLL 2020-09-28 10:22:08.160863 - Epoch: 0 Iteration: 86  train.loss : 6.96789  train.total_ips : 3168.81 img/s
DLL 2020-09-28 10:22:08.485425 - Epoch: 0 Iteration: 87  train.loss : 6.93808  train.total_ips : 3155.79 img/s
DLL 2020-09-28 10:22:08.808675 - Epoch: 0 Iteration: 88  train.loss : 6.94142  train.total_ips : 3168.58 img/s
DLL 2020-09-28 10:22:09.133199 - Epoch: 0 Iteration: 89  train.loss : 6.95069  train.total_ips : 3156.07 img/s
DLL 2020-09-28 10:22:09.463368 - Epoch: 0 Iteration: 90  train.loss : 6.94676  train.total_ips : 3102.16 img/s
DLL 2020-09-28 10:22:09.797375 - Epoch: 0 Iteration: 91  train.loss : 6.94038  train.total_ips : 3066.59 img/s
DLL 2020-09-28 10:22:10.130932 - Epoch: 0 Iteration: 92  train.loss : 7.02179  train.total_ips : 3070.68 img/s
DLL 2020-09-28 10:22:10.454460 - Epoch: 0 Iteration: 93  train.loss : 6.98930  train.total_ips : 3165.82 img/s
DLL 2020-09-28 10:22:10.778371 - Epoch: 0 Iteration: 94  train.loss : 6.98211  train.total_ips : 3162.16 img/s
DLL 2020-09-28 10:22:11.103076 - Epoch: 0 Iteration: 95  train.loss : 6.97164  train.total_ips : 3154.31 img/s
DLL 2020-09-28 10:22:11.436965 - Epoch: 0 Iteration: 96  train.loss : 6.96945  train.total_ips : 3068.09 img/s
DLL 2020-09-28 10:22:11.767578 - Epoch: 0 Iteration: 97  train.loss : 6.92624  train.total_ips : 3097.71 img/s
DLL 2020-09-28 10:22:12.092117 - Epoch: 0 Iteration: 98  train.loss : 6.94063  train.total_ips : 3156.01 img/s
DLL 2020-09-28 10:22:12.427177 - Epoch: 0 Iteration: 99  train.loss : 6.99897  train.total_ips : 3056.91 img/s
DLL 2020-09-28 10:22:12.759689 - Epoch: 0 Iteration: 100  train.loss : 6.99240  train.total_ips : 3080.24 img/s
DLL 2020-09-28 10:22:13.106331 - Epoch: 0 Iteration: 101  train.loss : 6.96827  train.total_ips : 2954.66 img/s
DLL 2020-09-28 10:22:13.446546 - Epoch: 0 Iteration: 102  train.loss : 6.96517  train.total_ips : 3010.53 img/s
DLL 2020-09-28 10:22:13.769825 - Epoch: 0 Iteration: 103  train.loss : 6.94698  train.total_ips : 3168.29 img/s
DLL 2020-09-28 10:22:14.103448 - Epoch: 0 Iteration: 104  train.loss : 6.97040  train.total_ips : 3070.01 img/s
DLL 2020-09-28 10:22:14.426756 - Epoch: 0 Iteration: 105  train.loss : 6.92334  train.total_ips : 3168.07 img/s
DLL 2020-09-28 10:22:14.750573 - Epoch: 0 Iteration: 106  train.loss : 6.92520  train.total_ips : 3163.03 img/s
DLL 2020-09-28 10:22:15.073949 - Epoch: 0 Iteration: 107  train.loss : 6.96226  train.total_ips : 3167.30 img/s
DLL 2020-09-28 10:22:15.397461 - Epoch: 0 Iteration: 108  train.loss : 6.99485  train.total_ips : 3166.00 img/s
DLL 2020-09-28 10:22:15.721689 - Epoch: 0 Iteration: 109  train.loss : 7.00140  train.total_ips : 3159.21 img/s
DLL 2020-09-28 10:22:16.056365 - Epoch: 0 Iteration: 110  train.loss : 7.01063  train.total_ips : 3060.36 img/s
DLL 2020-09-28 10:22:16.384681 - Epoch: 0 Iteration: 111  train.loss : 6.95534  train.total_ips : 3119.61 img/s
DLL 2020-09-28 10:22:16.718804 - Epoch: 0 Iteration: 112  train.loss : 6.93210  train.total_ips : 3065.43 img/s
DLL 2020-09-28 10:22:17.042870 - Epoch: 0 Iteration: 113  train.loss : 6.97611  train.total_ips : 3161.35 img/s
DLL 2020-09-28 10:22:17.370120 - Epoch: 0 Iteration: 114  train.loss : 6.98134  train.total_ips : 3129.81 img/s
DLL 2020-09-28 10:22:17.694105 - Epoch: 0 Iteration: 115  train.loss : 6.99278  train.total_ips : 3161.35 img/s
DLL 2020-09-28 10:22:18.017841 - Epoch: 0 Iteration: 116  train.loss : 6.97489  train.total_ips : 3163.82 img/s
DLL 2020-09-28 10:22:18.342255 - Epoch: 0 Iteration: 117  train.loss : 6.98262  train.total_ips : 3157.43 img/s
DLL 2020-09-28 10:22:18.665601 - Epoch: 0 Iteration: 118  train.loss : 6.92352  train.total_ips : 3167.64 img/s
DLL 2020-09-28 10:22:18.989698 - Epoch: 0 Iteration: 119  train.loss : 6.96968  train.total_ips : 3160.96 img/s
DLL 2020-09-28 10:22:19.313801 - Epoch: 0 Iteration: 120  train.loss : 6.96768  train.total_ips : 3159.99 img/s
DLL 2020-09-28 10:22:19.638008 - Epoch: 0 Iteration: 121  train.loss : 6.98275  train.total_ips : 3159.17 img/s
DLL 2020-09-28 10:22:19.964008 - Epoch: 0 Iteration: 122  train.loss : 6.97442  train.total_ips : 3141.87 img/s
DLL 2020-09-28 10:22:20.292871 - Epoch: 0 Iteration: 123  train.loss : 6.97813  train.total_ips : 3114.41 img/s
DLL 2020-09-28 10:22:20.625514 - Epoch: 0 Iteration: 124  train.loss : 6.98238  train.total_ips : 3079.09 img/s
DLL 2020-09-28 10:22:20.950259 - Epoch: 0 Iteration: 125  train.loss : 6.95833  train.total_ips : 3153.97 img/s
DLL 2020-09-28 10:22:21.280340 - Epoch: 0 Iteration: 126  train.loss : 6.95429  train.total_ips : 3102.99 img/s
DLL 2020-09-28 10:22:21.604738 - Epoch: 0 Iteration: 127  train.loss : 6.98056  train.total_ips : 3157.32 img/s
DLL 2020-09-28 10:22:21.928448 - Epoch: 0 Iteration: 128  train.loss : 6.94708  train.total_ips : 3164.07 img/s
DLL 2020-09-28 10:22:22.252181 - Epoch: 0 Iteration: 129  train.loss : 6.98479  train.total_ips : 3163.83 img/s
DLL 2020-09-28 10:22:22.575897 - Epoch: 0 Iteration: 130  train.loss : 6.94968  train.total_ips : 3163.98 img/s
DLL 2020-09-28 10:22:22.903143 - Epoch: 0 Iteration: 131  train.loss : 6.94240  train.total_ips : 3129.92 img/s
DLL 2020-09-28 10:22:23.227122 - Epoch: 0 Iteration: 132  train.loss : 6.95511  train.total_ips : 3161.47 img/s
DLL 2020-09-28 10:22:23.551072 - Epoch: 0 Iteration: 133  train.loss : 6.97379  train.total_ips : 3161.69 img/s
DLL 2020-09-28 10:22:23.874922 - Epoch: 0 Iteration: 134  train.loss : 6.98913  train.total_ips : 3162.69 img/s
DLL 2020-09-28 10:22:24.200174 - Epoch: 0 Iteration: 135  train.loss : 6.97895  train.total_ips : 3149.05 img/s
DLL 2020-09-28 10:22:24.524075 - Epoch: 0 Iteration: 136  train.loss : 6.93810  train.total_ips : 3162.21 img/s
DLL 2020-09-28 10:22:24.847961 - Epoch: 0 Iteration: 137  train.loss : 6.94714  train.total_ips : 3162.34 img/s
DLL 2020-09-28 10:22:25.171840 - Epoch: 0 Iteration: 138  train.loss : 6.94958  train.total_ips : 3162.42 img/s
DLL 2020-09-28 10:22:25.507859 - Epoch: 0 Iteration: 139  train.loss : 6.96163  train.total_ips : 3048.14 img/s
DLL 2020-09-28 10:22:25.842617 - Epoch: 0 Iteration: 140  train.loss : 6.95794  train.total_ips : 3059.65 img/s
DLL 2020-09-28 10:22:26.176447 - Epoch: 0 Iteration: 141  train.loss : 6.95382  train.total_ips : 3068.13 img/s
DLL 2020-09-28 10:22:26.500077 - Epoch: 0 Iteration: 142  train.loss : 6.93650  train.total_ips : 3165.54 img/s
DLL 2020-09-28 10:22:26.824015 - Epoch: 0 Iteration: 143  train.loss : 6.95451  train.total_ips : 3161.58 img/s
DLL 2020-09-28 10:22:27.148083 - Epoch: 0 Iteration: 144  train.loss : 6.96824  train.total_ips : 3160.54 img/s
DLL 2020-09-28 10:22:27.472653 - Epoch: 0 Iteration: 145  train.loss : 6.95427  train.total_ips : 3155.66 img/s
DLL 2020-09-28 10:22:27.796903 - Epoch: 0 Iteration: 146  train.loss : 6.97023  train.total_ips : 3158.77 img/s
DLL 2020-09-28 10:22:28.120735 - Epoch: 0 Iteration: 147  train.loss : 6.94636  train.total_ips : 3162.88 img/s
DLL 2020-09-28 10:22:28.445854 - Epoch: 0 Iteration: 148  train.loss : 6.92425  train.total_ips : 3150.30 img/s
DLL 2020-09-28 10:22:28.770199 - Epoch: 0 Iteration: 149  train.loss : 7.02723  train.total_ips : 3157.85 img/s
Experiment ended
DLL 2020-09-28 10:22:29.094426 - Epoch: 0  train.loss : 5129898.32880  train.total_ips : 3108.68 img/s
Experiment ended
DLL 2020-09-28 10:22:29.094562 - Epoch: 0  lr : 0.128  train.compute_ips : 3119.34 img/s train.data_time : 0.00113 s train.compute_time : 0.38204 s
Experiment ended
DLL 2020-09-28 10:22:29.094680 - Summary: train.loss : 5129898.32880  train.total_ips : 3108.68 img/s
DLL 2020-09-28 10:22:29.094725 - Summary: lr : 0.128  train.compute_ips : 3119.34 img/s train.data_time : 0.00113 s train.compute_time : 0.38204 s
Experiment ended
dist_rank:  0
['/opt/conda/bin/python', '-u', '/workspace/rn50/main.py', '--data-backend', 'dali-cpu', '--raport-file', '/workspace/rn50/raport.json', '-j5', '-p', '1', '--lr', '1.024', '--optimizer-batch-size', '-1', '--warmup', '8', '--arch', 'resnet50', '-c', 'fanin', '--label-smoothing', '0.1', '--lr-schedule', 'cosine', '--mom', '0.125', '--wd', '3.0517578125e-05', '--workspace', '/workspace/rn50', '-b', '256', '--epochs', '1', '--prof', '150', '--training-only', '--no-checkpoints', '--amp', '--dynamic-loss-scale', '/data/image']
dist_rank:  1
['/opt/conda/bin/python', '-u', '/workspace/rn50/main.py', '--data-backend', 'dali-cpu', '--raport-file', '/workspace/rn50/raport.json', '-j5', '-p', '1', '--lr', '1.024', '--optimizer-batch-size', '-1', '--warmup', '8', '--arch', 'resnet50', '-c', 'fanin', '--label-smoothing', '0.1', '--lr-schedule', 'cosine', '--mom', '0.125', '--wd', '3.0517578125e-05', '--workspace', '/workspace/rn50', '-b', '256', '--epochs', '1', '--prof', '150', '--training-only', '--no-checkpoints', '--amp', '--dynamic-loss-scale', '/data/image']
dist_rank:  2
['/opt/conda/bin/python', '-u', '/workspace/rn50/main.py', '--data-backend', 'dali-cpu', '--raport-file', '/workspace/rn50/raport.json', '-j5', '-p', '1', '--lr', '1.024', '--optimizer-batch-size', '-1', '--warmup', '8', '--arch', 'resnet50', '-c', 'fanin', '--label-smoothing', '0.1', '--lr-schedule', 'cosine', '--mom', '0.125', '--wd', '3.0517578125e-05', '--workspace', '/workspace/rn50', '-b', '256', '--epochs', '1', '--prof', '150', '--training-only', '--no-checkpoints', '--amp', '--dynamic-loss-scale', '/data/image']
dist_rank:  3
['/opt/conda/bin/python', '-u', '/workspace/rn50/main.py', '--data-backend', 'dali-cpu', '--raport-file', '/workspace/rn50/raport.json', '-j5', '-p', '1', '--lr', '1.024', '--optimizer-batch-size', '-1', '--warmup', '8', '--arch', 'resnet50', '-c', 'fanin', '--label-smoothing', '0.1', '--lr-schedule', 'cosine', '--mom', '0.125', '--wd', '3.0517578125e-05', '--workspace', '/workspace/rn50', '-b', '256', '--epochs', '1', '--prof', '150', '--training-only', '--no-checkpoints', '--amp', '--dynamic-loss-scale', '/data/image']
