+ python /workspace/rn50/multiproc.py --nnodes 1 --node_rank 0 --nproc_per_node 4 --master_addr 127.0.0.1 --master_port=29500 /workspace/rn50/main.py --data-backend dali-cpu --raport-file /workspace/rn50/raport.json -j5 -p 1 --lr 1.024 --optimizer-batch-size -1 --warmup 8 --arch resnet50 -c fanin --label-smoothing 0.1 --lr-schedule cosine --mom 0.125 --wd 3.0517578125e-05 --workspace /workspace/rn50 -b 256 --epochs 1 --prof 150 --training-only --no-checkpoints --amp --dynamic-loss-scale /data/image
world_size in env:  4
distributed in env:  True
loca_rank in env:  0
I'm distributed here!!!!!!!!!!!!!!!!!!!!!!!!!!!!!!!!!
world_size in env:  4
distributed in env:  True
loca_rank in env:  2
I'm distributed here!!!!!!!!!!!!!!!!!!!!!!!!!!!!!!!!!
world_size in env:  4
distributed in env:  True
loca_rank in env:  1
I'm distributed here!!!!!!!!!!!!!!!!!!!!!!!!!!!!!!!!!
world_size in env:  4
distributed in env:  True
loca_rank in env:  3
I'm distributed here!!!!!!!!!!!!!!!!!!!!!!!!!!!!!!!!!
args.gpu:  2
args.gpu:  3
args.gpu:  1
args.gpu:  0
world_szie in distributed:  4
=> creating model '('resnet50', 'fanin', 1000)'
Version: {'net': <class 'image_classification.resnet.ResNet'>, 'block': <class 'image_classification.resnet.Bottleneck'>, 'layers': [3, 4, 6, 3], 'widths': [64, 128, 256, 512], 'expansion': 4}
Config: {'conv': <class 'torch.nn.modules.conv.Conv2d'>, 'conv_init': 'fan_in', 'nonlinearity': 'relu', 'last_bn_0_init': False, 'activation': <function <lambda> at 0x7f03bbf679d8>}
Num classes: 1000
world_szie in distributed:  4
=> creating model '('resnet50', 'fanin', 1000)'
Version: {'net': <class 'image_classification.resnet.ResNet'>, 'block': <class 'image_classification.resnet.Bottleneck'>, 'layers': [3, 4, 6, 3], 'widths': [64, 128, 256, 512], 'expansion': 4}
Config: {'conv': <class 'torch.nn.modules.conv.Conv2d'>, 'conv_init': 'fan_in', 'nonlinearity': 'relu', 'last_bn_0_init': False, 'activation': <function <lambda> at 0x7f7c34b279d8>}
Num classes: 1000
world_szie in distributed:  4
=> creating model '('resnet50', 'fanin', 1000)'
Version: {'net': <class 'image_classification.resnet.ResNet'>, 'block': <class 'image_classification.resnet.Bottleneck'>, 'layers': [3, 4, 6, 3], 'widths': [64, 128, 256, 512], 'expansion': 4}
Config: {'conv': <class 'torch.nn.modules.conv.Conv2d'>, 'conv_init': 'fan_in', 'nonlinearity': 'relu', 'last_bn_0_init': False, 'activation': <function <lambda> at 0x7ff4cfa829d8>}
Num classes: 1000
world_szie in distributed:  4
=> creating model '('resnet50', 'fanin', 1000)'
Version: {'net': <class 'image_classification.resnet.ResNet'>, 'block': <class 'image_classification.resnet.Bottleneck'>, 'layers': [3, 4, 6, 3], 'widths': [64, 128, 256, 512], 'expansion': 4}
Config: {'conv': <class 'torch.nn.modules.conv.Conv2d'>, 'conv_init': 'fan_in', 'nonlinearity': 'relu', 'last_bn_0_init': False, 'activation': <function <lambda> at 0x7f47ea79b9d8>}
Num classes: 1000
rank in distributed:  2
world size in dali:  4
device_count():  8
rank in dali hybrid:  2
distributed!!!!!!!!!!!!!!!!!!!!!!!!!!!!!!!!!!1
device_id:  2
rank in distributed:  0
world size in dali:  4
device_count():  8
rank in dali hybrid:  0
distributed!!!!!!!!!!!!!!!!!!!!!!!!!!!!!!!!!!1
device_id:  0
rank in distributed:  3
world size in dali:  4
device_count():  8
rank in dali hybrid:  3
distributed!!!!!!!!!!!!!!!!!!!!!!!!!!!!!!!!!!1
device_id:  3
rank in distributed:  1
world size in dali:  4
device_count():  8
rank in dali hybrid:  1
distributed!!!!!!!!!!!!!!!!!!!!!!!!!!!!!!!!!!1
device_id:  1
read 3545488 files from 2792 directories
read 3545488 files from 2792 directories
read 3545488 files from 2792 directories
read 3545488 files from 2792 directories
read 50000 files from 1000 directories
read 50000 files from 1000 directories
read 50000 files from 1000 directories
 ! Weight decay NOT applied to BN parameters 
98
63
read 50000 files from 1000 directories
 ! Weight decay NOT applied to BN parameters 
98
63
DLL 2020-09-28 10:24:46.707002 - PARAMETER data : /data/image  data_backend : dali-cpu  arch : resnet50  model_config : fanin  num_classes : 1000  workers : 5  epochs : 1  run_epochs : -1  batch_size : 256  optimizer_batch_size : -1  lr : 1.024  lr_schedule : cosine  warmup : 8  label_smoothing : 0.1  mixup : 0.0  momentum : 0.125  weight_decay : 3.0517578125e-05  bn_weight_decay : False  nesterov : False  print_freq : 1  resume : None  pretrained_weights :   fp16 : False  static_loss_scale : 1  dynamic_loss_scale : True  prof : 150  amp : True  seed : None  gather_checkpoints : False  raport_file : /workspace/rn50/raport.json  evaluate : False  training_only : True  save_checkpoints : False  checkpoint_filename : checkpoint.pth.tar  workspace : /workspace/rn50  memory_format : nchw  distributed : True  local_rank : 0  gpu : 8  world_size : 4 
 ! Weight decay NOT applied to BN parameters 
 ! Weight decay NOT applied to BN parameters 
98
63
98
63
Selected optimization level O1:  Insert automatic casts around Pytorch functions and Tensor methods.

Defaults for this optimization level are:
enabled                : True
opt_level              : O1
cast_model_type        : None
patch_torch_functions  : True
keep_batchnorm_fp32    : None
master_weights         : None
loss_scale             : dynamic
Processing user overrides (additional kwargs that are not None)...
After processing overrides, optimization options are:
enabled                : True
opt_level              : O1
cast_model_type        : None
patch_torch_functions  : True
keep_batchnorm_fp32    : None
master_weights         : None
loss_scale             : dynamic
RUNNING EPOCHS FROM 0 TO 1
RUNNING EPOCHS FROM 0 TO 1
RUNNING EPOCHS FROM 0 TO 1
RUNNING EPOCHS FROM 0 TO 1
DLL 2020-09-28 10:24:55.912566 - Epoch: 0 Iteration: 1  train.loss : 7.05018  train.total_ips : 117.80 img/s
DLL 2020-09-28 10:24:56.367119 - Epoch: 0 Iteration: 2  train.loss : 7.05212  train.total_ips : 2253.29 img/s
DLL 2020-09-28 10:24:56.694162 - Epoch: 0 Iteration: 3  train.loss : 6.98214  train.total_ips : 3132.47 img/s
DLL 2020-09-28 10:24:57.020368 - Epoch: 0 Iteration: 4  train.loss : 6.98339  train.total_ips : 3139.97 img/s
DLL 2020-09-28 10:24:57.344319 - Epoch: 0 Iteration: 5  train.loss : 6.95936  train.total_ips : 3161.89 img/s
DLL 2020-09-28 10:24:57.674246 - Epoch: 0 Iteration: 6  train.loss : 6.98967  train.total_ips : 3104.70 img/s
DLL 2020-09-28 10:24:58.002608 - Epoch: 0 Iteration: 7  train.loss : 6.97806  train.total_ips : 3120.46 img/s
DLL 2020-09-28 10:24:58.335678 - Epoch: 0 Iteration: 8  train.loss : 6.96969  train.total_ips : 3076.29 img/s
DLL 2020-09-28 10:24:58.665447 - Epoch: 0 Iteration: 9  train.loss : 6.95218  train.total_ips : 3105.74 img/s
DLL 2020-09-28 10:24:58.994363 - Epoch: 0 Iteration: 10  train.loss : 6.98318  train.total_ips : 3114.46 img/s
DLL 2020-09-28 10:24:59.317563 - Epoch: 0 Iteration: 11  train.loss : 6.99433  train.total_ips : 3169.12 img/s
DLL 2020-09-28 10:24:59.641937 - Epoch: 0 Iteration: 12  train.loss : 7.01267  train.total_ips : 3157.75 img/s
DLL 2020-09-28 10:24:59.967376 - Epoch: 0 Iteration: 13  train.loss : 6.93003  train.total_ips : 3147.29 img/s
DLL 2020-09-28 10:25:00.290845 - Epoch: 0 Iteration: 14  train.loss : 6.97292  train.total_ips : 3166.49 img/s
DLL 2020-09-28 10:25:00.614574 - Epoch: 0 Iteration: 15  train.loss : 6.94642  train.total_ips : 3164.42 img/s
DLL 2020-09-28 10:25:00.938534 - Epoch: 0 Iteration: 16  train.loss : 6.94855  train.total_ips : 3161.57 img/s
DLL 2020-09-28 10:25:01.263524 - Epoch: 0 Iteration: 17  train.loss : 6.94298  train.total_ips : 3151.55 img/s
DLL 2020-09-28 10:25:01.587463 - Epoch: 0 Iteration: 18  train.loss : 6.96838  train.total_ips : 3161.91 img/s
DLL 2020-09-28 10:25:01.911170 - Epoch: 0 Iteration: 19  train.loss : 6.97276  train.total_ips : 3164.14 img/s
DLL 2020-09-28 10:25:02.236443 - Epoch: 0 Iteration: 20  train.loss : 6.95883  train.total_ips : 3148.87 img/s
DLL 2020-09-28 10:25:02.559824 - Epoch: 0 Iteration: 21  train.loss : 6.94658  train.total_ips : 3167.34 img/s
DLL 2020-09-28 10:25:02.889403 - Epoch: 0 Iteration: 22  train.loss : 6.93223  train.total_ips : 3108.15 img/s
DLL 2020-09-28 10:25:03.213032 - Epoch: 0 Iteration: 23  train.loss : 6.94610  train.total_ips : 3164.96 img/s
DLL 2020-09-28 10:25:03.536715 - Epoch: 0 Iteration: 24  train.loss : 6.94274  train.total_ips : 3164.80 img/s
DLL 2020-09-28 10:25:03.860690 - Epoch: 0 Iteration: 25  train.loss : 6.97271  train.total_ips : 3161.88 img/s
DLL 2020-09-28 10:25:04.185117 - Epoch: 0 Iteration: 26  train.loss : 6.97078  train.total_ips : 3156.97 img/s
DLL 2020-09-28 10:25:04.508054 - Epoch: 0 Iteration: 27  train.loss : 6.94151  train.total_ips : 3171.61 img/s
DLL 2020-09-28 10:25:04.831295 - Epoch: 0 Iteration: 28  train.loss : 6.92933  train.total_ips : 3168.77 img/s
DLL 2020-09-28 10:25:05.154363 - Epoch: 0 Iteration: 29  train.loss : 6.97958  train.total_ips : 3170.43 img/s
DLL 2020-09-28 10:25:05.481087 - Epoch: 0 Iteration: 30  train.loss : 6.97202  train.total_ips : 3135.26 img/s
DLL 2020-09-28 10:25:05.814400 - Epoch: 0 Iteration: 31  train.loss : 6.98367  train.total_ips : 3073.68 img/s
DLL 2020-09-28 10:25:06.139114 - Epoch: 0 Iteration: 32  train.loss : 6.95358  train.total_ips : 3154.53 img/s
DLL 2020-09-28 10:25:06.462520 - Epoch: 0 Iteration: 33  train.loss : 6.98225  train.total_ips : 3166.94 img/s
DLL 2020-09-28 10:25:06.785774 - Epoch: 0 Iteration: 34  train.loss : 6.98758  train.total_ips : 3168.65 img/s
DLL 2020-09-28 10:25:07.110523 - Epoch: 0 Iteration: 35  train.loss : 6.92201  train.total_ips : 3154.01 img/s
DLL 2020-09-28 10:25:07.443395 - Epoch: 0 Iteration: 36  train.loss : 6.95795  train.total_ips : 3078.36 img/s
DLL 2020-09-28 10:25:07.772881 - Epoch: 0 Iteration: 37  train.loss : 6.97861  train.total_ips : 3108.85 img/s
DLL 2020-09-28 10:25:08.102735 - Epoch: 0 Iteration: 38  train.loss : 6.96685  train.total_ips : 3105.30 img/s
DLL 2020-09-28 10:25:08.428755 - Epoch: 0 Iteration: 39  train.loss : 6.97688  train.total_ips : 3141.56 img/s
DLL 2020-09-28 10:25:08.751795 - Epoch: 0 Iteration: 40  train.loss : 6.98895  train.total_ips : 3170.57 img/s
DLL 2020-09-28 10:25:09.077141 - Epoch: 0 Iteration: 41  train.loss : 6.97165  train.total_ips : 3148.24 img/s
DLL 2020-09-28 10:25:09.400330 - Epoch: 0 Iteration: 42  train.loss : 6.97113  train.total_ips : 3169.17 img/s
DLL 2020-09-28 10:25:09.723862 - Epoch: 0 Iteration: 43  train.loss : 7.02175  train.total_ips : 3166.21 img/s
DLL 2020-09-28 10:25:10.048246 - Epoch: 0 Iteration: 44  train.loss : 6.97855  train.total_ips : 3157.62 img/s
DLL 2020-09-28 10:25:10.372173 - Epoch: 0 Iteration: 45  train.loss : 7.00159  train.total_ips : 3161.92 img/s
DLL 2020-09-28 10:25:10.698234 - Epoch: 0 Iteration: 46  train.loss : 6.97167  train.total_ips : 3141.26 img/s
DLL 2020-09-28 10:25:11.021207 - Epoch: 0 Iteration: 47  train.loss : 6.98793  train.total_ips : 3171.23 img/s
DLL 2020-09-28 10:25:11.344813 - Epoch: 0 Iteration: 48  train.loss : 6.97411  train.total_ips : 3165.08 img/s
DLL 2020-09-28 10:25:11.668473 - Epoch: 0 Iteration: 49  train.loss : 6.96533  train.total_ips : 3164.52 img/s
DLL 2020-09-28 10:25:11.992864 - Epoch: 0 Iteration: 50  train.loss : 6.93450  train.total_ips : 3157.46 img/s
DLL 2020-09-28 10:25:12.325777 - Epoch: 0 Iteration: 51  train.loss : 6.97715  train.total_ips : 3076.62 img/s
DLL 2020-09-28 10:25:12.649299 - Epoch: 0 Iteration: 52  train.loss : 6.95957  train.total_ips : 3165.91 img/s
DLL 2020-09-28 10:25:12.975440 - Epoch: 0 Iteration: 53  train.loss : 6.96873  train.total_ips : 3141.13 img/s
DLL 2020-09-28 10:25:13.298820 - Epoch: 0 Iteration: 54  train.loss : 6.98212  train.total_ips : 3167.18 img/s
DLL 2020-09-28 10:25:13.623689 - Epoch: 0 Iteration: 55  train.loss : 6.93505  train.total_ips : 3152.79 img/s
DLL 2020-09-28 10:25:13.953479 - Epoch: 0 Iteration: 56  train.loss : 6.97635  train.total_ips : 3105.94 img/s
DLL 2020-09-28 10:25:14.276794 - Epoch: 0 Iteration: 57  train.loss : 6.95221  train.total_ips : 3167.97 img/s
DLL 2020-09-28 10:25:14.600015 - Epoch: 0 Iteration: 58  train.loss : 7.01328  train.total_ips : 3168.87 img/s
DLL 2020-09-28 10:25:14.932096 - Epoch: 0 Iteration: 59  train.loss : 6.97529  train.total_ips : 3084.32 img/s
DLL 2020-09-28 10:25:15.266152 - Epoch: 0 Iteration: 60  train.loss : 6.95676  train.total_ips : 3066.03 img/s
DLL 2020-09-28 10:25:15.606733 - Epoch: 0 Iteration: 61  train.loss : 6.98505  train.total_ips : 3007.94 img/s
DLL 2020-09-28 10:25:15.931481 - Epoch: 0 Iteration: 62  train.loss : 6.97286  train.total_ips : 3154.08 img/s
DLL 2020-09-28 10:25:16.255579 - Epoch: 0 Iteration: 63  train.loss : 6.98157  train.total_ips : 3160.41 img/s
DLL 2020-09-28 10:25:16.586071 - Epoch: 0 Iteration: 64  train.loss : 6.94628  train.total_ips : 3100.27 img/s
DLL 2020-09-28 10:25:16.915878 - Epoch: 0 Iteration: 65  train.loss : 6.94951  train.total_ips : 3105.92 img/s
DLL 2020-09-28 10:25:17.240827 - Epoch: 0 Iteration: 66  train.loss : 6.96192  train.total_ips : 3152.16 img/s
DLL 2020-09-28 10:25:17.564829 - Epoch: 0 Iteration: 67  train.loss : 6.98053  train.total_ips : 3161.12 img/s
DLL 2020-09-28 10:25:17.888933 - Epoch: 0 Iteration: 68  train.loss : 6.95728  train.total_ips : 3160.20 img/s
DLL 2020-09-28 10:25:18.221954 - Epoch: 0 Iteration: 69  train.loss : 6.98091  train.total_ips : 3076.07 img/s
DLL 2020-09-28 10:25:18.546339 - Epoch: 0 Iteration: 70  train.loss : 6.97095  train.total_ips : 3158.25 img/s
DLL 2020-09-28 10:25:18.873644 - Epoch: 0 Iteration: 71  train.loss : 6.99087  train.total_ips : 3129.33 img/s
DLL 2020-09-28 10:25:19.197733 - Epoch: 0 Iteration: 72  train.loss : 6.99080  train.total_ips : 3160.41 img/s
DLL 2020-09-28 10:25:19.521155 - Epoch: 0 Iteration: 73  train.loss : 6.98235  train.total_ips : 3166.87 img/s
DLL 2020-09-28 10:25:19.844916 - Epoch: 0 Iteration: 74  train.loss : 6.99082  train.total_ips : 3163.54 img/s
DLL 2020-09-28 10:25:20.168354 - Epoch: 0 Iteration: 75  train.loss : 6.92530  train.total_ips : 3166.87 img/s
DLL 2020-09-28 10:25:20.491530 - Epoch: 0 Iteration: 76  train.loss : 6.95964  train.total_ips : 3169.32 img/s
DLL 2020-09-28 10:25:20.815534 - Epoch: 0 Iteration: 77  train.loss : 6.97273  train.total_ips : 3161.91 img/s
DLL 2020-09-28 10:25:21.147998 - Epoch: 0 Iteration: 78  train.loss : 6.95916  train.total_ips : 3080.53 img/s
DLL 2020-09-28 10:25:21.473097 - Epoch: 0 Iteration: 79  train.loss : 6.95086  train.total_ips : 3150.90 img/s
DLL 2020-09-28 10:25:21.798027 - Epoch: 0 Iteration: 80  train.loss : 6.95698  train.total_ips : 3152.14 img/s
DLL 2020-09-28 10:25:22.121831 - Epoch: 0 Iteration: 81  train.loss : 6.96631  train.total_ips : 3163.12 img/s
DLL 2020-09-28 10:25:22.445963 - Epoch: 0 Iteration: 82  train.loss : 6.93177  train.total_ips : 3159.90 img/s
DLL 2020-09-28 10:25:22.769105 - Epoch: 0 Iteration: 83  train.loss : 6.96097  train.total_ips : 3169.63 img/s
DLL 2020-09-28 10:25:23.112442 - Epoch: 0 Iteration: 84  train.loss : 7.01957  train.total_ips : 2983.58 img/s
DLL 2020-09-28 10:25:23.450100 - Epoch: 0 Iteration: 85  train.loss : 6.98972  train.total_ips : 3034.07 img/s
DLL 2020-09-28 10:25:23.777205 - Epoch: 0 Iteration: 86  train.loss : 6.98261  train.total_ips : 3131.71 img/s
DLL 2020-09-28 10:25:24.108890 - Epoch: 0 Iteration: 87  train.loss : 6.95042  train.total_ips : 3088.86 img/s
DLL 2020-09-28 10:25:24.438874 - Epoch: 0 Iteration: 88  train.loss : 6.95393  train.total_ips : 3104.00 img/s
DLL 2020-09-28 10:25:24.771030 - Epoch: 0 Iteration: 89  train.loss : 6.96036  train.total_ips : 3083.93 img/s
DLL 2020-09-28 10:25:25.094738 - Epoch: 0 Iteration: 90  train.loss : 7.02147  train.total_ips : 3163.95 img/s
DLL 2020-09-28 10:25:25.428691 - Epoch: 0 Iteration: 91  train.loss : 6.97424  train.total_ips : 3067.44 img/s
DLL 2020-09-28 10:25:25.751964 - Epoch: 0 Iteration: 92  train.loss : 7.01615  train.total_ips : 3168.33 img/s
DLL 2020-09-28 10:25:26.075768 - Epoch: 0 Iteration: 93  train.loss : 6.98341  train.total_ips : 3163.18 img/s
DLL 2020-09-28 10:25:26.401207 - Epoch: 0 Iteration: 94  train.loss : 7.02396  train.total_ips : 3147.36 img/s
DLL 2020-09-28 10:25:26.724448 - Epoch: 0 Iteration: 95  train.loss : 6.99394  train.total_ips : 3169.25 img/s
DLL 2020-09-28 10:25:27.048975 - Epoch: 0 Iteration: 96  train.loss : 6.98777  train.total_ips : 3156.22 img/s
DLL 2020-09-28 10:25:27.372612 - Epoch: 0 Iteration: 97  train.loss : 6.92052  train.total_ips : 3164.63 img/s
DLL 2020-09-28 10:25:27.696077 - Epoch: 0 Iteration: 98  train.loss : 6.95377  train.total_ips : 3166.46 img/s
DLL 2020-09-28 10:25:28.028768 - Epoch: 0 Iteration: 99  train.loss : 6.99815  train.total_ips : 3078.61 img/s
DLL 2020-09-28 10:25:28.355318 - Epoch: 0 Iteration: 100  train.loss : 7.02236  train.total_ips : 3136.73 img/s
DLL 2020-09-28 10:25:28.678859 - Epoch: 0 Iteration: 101  train.loss : 6.96727  train.total_ips : 3166.04 img/s
DLL 2020-09-28 10:25:29.002706 - Epoch: 0 Iteration: 102  train.loss : 6.98665  train.total_ips : 3162.72 img/s
DLL 2020-09-28 10:25:29.326905 - Epoch: 0 Iteration: 103  train.loss : 6.95666  train.total_ips : 3159.23 img/s
DLL 2020-09-28 10:25:29.654236 - Epoch: 0 Iteration: 104  train.loss : 6.98306  train.total_ips : 3129.06 img/s
DLL 2020-09-28 10:25:29.982990 - Epoch: 0 Iteration: 105  train.loss : 6.95649  train.total_ips : 3115.47 img/s
DLL 2020-09-28 10:25:30.306042 - Epoch: 0 Iteration: 106  train.loss : 6.94886  train.total_ips : 3170.56 img/s
DLL 2020-09-28 10:25:30.636198 - Epoch: 0 Iteration: 107  train.loss : 6.97325  train.total_ips : 3102.51 img/s
DLL 2020-09-28 10:25:30.959436 - Epoch: 0 Iteration: 108  train.loss : 6.98578  train.total_ips : 3168.66 img/s
DLL 2020-09-28 10:25:31.288501 - Epoch: 0 Iteration: 109  train.loss : 6.99307  train.total_ips : 3112.55 img/s
DLL 2020-09-28 10:25:31.620032 - Epoch: 0 Iteration: 110  train.loss : 7.01445  train.total_ips : 3089.47 img/s
DLL 2020-09-28 10:25:31.943508 - Epoch: 0 Iteration: 111  train.loss : 7.02764  train.total_ips : 3166.27 img/s
DLL 2020-09-28 10:25:32.277122 - Epoch: 0 Iteration: 112  train.loss : 6.93357  train.total_ips : 3070.07 img/s
DLL 2020-09-28 10:25:32.600706 - Epoch: 0 Iteration: 113  train.loss : 7.00013  train.total_ips : 3165.23 img/s
DLL 2020-09-28 10:25:32.924339 - Epoch: 0 Iteration: 114  train.loss : 7.01836  train.total_ips : 3164.76 img/s
DLL 2020-09-28 10:25:33.250976 - Epoch: 0 Iteration: 115  train.loss : 6.99142  train.total_ips : 3135.66 img/s
DLL 2020-09-28 10:25:33.574491 - Epoch: 0 Iteration: 116  train.loss : 6.96202  train.total_ips : 3166.13 img/s
DLL 2020-09-28 10:25:33.898849 - Epoch: 0 Iteration: 117  train.loss : 7.01140  train.total_ips : 3157.85 img/s
DLL 2020-09-28 10:25:34.226938 - Epoch: 0 Iteration: 118  train.loss : 6.92171  train.total_ips : 3121.74 img/s
DLL 2020-09-28 10:25:34.550940 - Epoch: 0 Iteration: 119  train.loss : 6.98726  train.total_ips : 3161.18 img/s
DLL 2020-09-28 10:25:34.874563 - Epoch: 0 Iteration: 120  train.loss : 6.99695  train.total_ips : 3164.91 img/s
DLL 2020-09-28 10:25:35.202841 - Epoch: 0 Iteration: 121  train.loss : 6.97149  train.total_ips : 3120.32 img/s
DLL 2020-09-28 10:25:35.526780 - Epoch: 0 Iteration: 122  train.loss : 6.98320  train.total_ips : 3161.80 img/s
DLL 2020-09-28 10:25:35.850655 - Epoch: 0 Iteration: 123  train.loss : 6.97940  train.total_ips : 3163.17 img/s
DLL 2020-09-28 10:25:36.175712 - Epoch: 0 Iteration: 124  train.loss : 6.97181  train.total_ips : 3151.26 img/s
DLL 2020-09-28 10:25:36.513145 - Epoch: 0 Iteration: 125  train.loss : 6.95708  train.total_ips : 3035.43 img/s
DLL 2020-09-28 10:25:36.836957 - Epoch: 0 Iteration: 126  train.loss : 6.94292  train.total_ips : 3163.00 img/s
DLL 2020-09-28 10:25:37.170117 - Epoch: 0 Iteration: 127  train.loss : 6.97825  train.total_ips : 3074.24 img/s
DLL 2020-09-28 10:25:37.494851 - Epoch: 0 Iteration: 128  train.loss : 6.93993  train.total_ips : 3154.42 img/s
DLL 2020-09-28 10:25:37.824175 - Epoch: 0 Iteration: 129  train.loss : 6.95310  train.total_ips : 3110.21 img/s
DLL 2020-09-28 10:25:38.153104 - Epoch: 0 Iteration: 130  train.loss : 6.95250  train.total_ips : 3114.12 img/s
DLL 2020-09-28 10:25:38.480491 - Epoch: 0 Iteration: 131  train.loss : 6.94874  train.total_ips : 3128.49 img/s
DLL 2020-09-28 10:25:38.810472 - Epoch: 0 Iteration: 132  train.loss : 6.98577  train.total_ips : 3103.85 img/s
DLL 2020-09-28 10:25:39.141723 - Epoch: 0 Iteration: 133  train.loss : 6.97499  train.total_ips : 3092.59 img/s
DLL 2020-09-28 10:25:39.475516 - Epoch: 0 Iteration: 134  train.loss : 6.98577  train.total_ips : 3068.55 img/s
DLL 2020-09-28 10:25:39.800244 - Epoch: 0 Iteration: 135  train.loss : 6.96844  train.total_ips : 3154.16 img/s
DLL 2020-09-28 10:25:40.123385 - Epoch: 0 Iteration: 136  train.loss : 6.93847  train.total_ips : 3169.95 img/s
DLL 2020-09-28 10:25:40.454627 - Epoch: 0 Iteration: 137  train.loss : 6.93093  train.total_ips : 3093.41 img/s
DLL 2020-09-28 10:25:40.778542 - Epoch: 0 Iteration: 138  train.loss : 6.95356  train.total_ips : 3161.78 img/s
DLL 2020-09-28 10:25:41.106702 - Epoch: 0 Iteration: 139  train.loss : 6.97381  train.total_ips : 3121.09 img/s
DLL 2020-09-28 10:25:41.430257 - Epoch: 0 Iteration: 140  train.loss : 6.96056  train.total_ips : 3165.59 img/s
DLL 2020-09-28 10:25:41.755093 - Epoch: 0 Iteration: 141  train.loss : 6.94682  train.total_ips : 3153.04 img/s
DLL 2020-09-28 10:25:42.080329 - Epoch: 0 Iteration: 142  train.loss : 6.93243  train.total_ips : 3149.21 img/s
DLL 2020-09-28 10:25:42.404297 - Epoch: 0 Iteration: 143  train.loss : 6.96495  train.total_ips : 3161.50 img/s
DLL 2020-09-28 10:25:42.731634 - Epoch: 0 Iteration: 144  train.loss : 6.97227  train.total_ips : 3129.10 img/s
Gradient overflow.  Skipping step, loss scaler 0 reducing loss scale to 32768.0
Gradient overflow.  Skipping step, loss scaler 0 reducing loss scale to 32768.0
Gradient overflow.  Skipping step, loss scaler 0 reducing loss scale to 32768.0
Gradient overflow.  Skipping step, loss scaler 0 reducing loss scale to 32768.0
DLL 2020-09-28 10:25:43.057193 - Epoch: 0 Iteration: 145  train.loss : 7.01235  train.total_ips : 3145.99 img/s
DLL 2020-09-28 10:25:43.389403 - Epoch: 0 Iteration: 146  train.loss : 6.95435  train.total_ips : 3083.99 img/s
DLL 2020-09-28 10:25:43.712611 - Epoch: 0 Iteration: 147  train.loss : 6.95305  train.total_ips : 3168.83 img/s
DLL 2020-09-28 10:25:44.041945 - Epoch: 0 Iteration: 148  train.loss : 6.98741  train.total_ips : 3110.05 img/s
DLL 2020-09-28 10:25:44.373363 - Epoch: 0 Iteration: 149  train.loss : 7.06869  train.total_ips : 3090.82 img/s
Experiment ended
DLL 2020-09-28 10:25:44.696322 - Epoch: 0  train.loss : 6.97278  train.total_ips : 3111.15 img/s
DLL 2020-09-28 10:25:44.696462 - Epoch: 0  lr : 0.128  train.compute_ips : 3122.24 img/s train.data_time : 0.00117 s train.compute_time : 0.38192 s
DLL 2020-09-28 10:25:44.696642 - Summary: train.loss : 6.97278  train.total_ips : 3111.15 img/s
DLL 2020-09-28 10:25:44.696687 - Summary: lr : 0.128  train.compute_ips : 3122.24 img/s train.data_time : 0.00117 s train.compute_time : 0.38192 s
Experiment ended
Experiment ended
Experiment ended
dist_rank:  0
['/opt/conda/bin/python', '-u', '/workspace/rn50/main.py', '--data-backend', 'dali-cpu', '--raport-file', '/workspace/rn50/raport.json', '-j5', '-p', '1', '--lr', '1.024', '--optimizer-batch-size', '-1', '--warmup', '8', '--arch', 'resnet50', '-c', 'fanin', '--label-smoothing', '0.1', '--lr-schedule', 'cosine', '--mom', '0.125', '--wd', '3.0517578125e-05', '--workspace', '/workspace/rn50', '-b', '256', '--epochs', '1', '--prof', '150', '--training-only', '--no-checkpoints', '--amp', '--dynamic-loss-scale', '/data/image']
dist_rank:  1
['/opt/conda/bin/python', '-u', '/workspace/rn50/main.py', '--data-backend', 'dali-cpu', '--raport-file', '/workspace/rn50/raport.json', '-j5', '-p', '1', '--lr', '1.024', '--optimizer-batch-size', '-1', '--warmup', '8', '--arch', 'resnet50', '-c', 'fanin', '--label-smoothing', '0.1', '--lr-schedule', 'cosine', '--mom', '0.125', '--wd', '3.0517578125e-05', '--workspace', '/workspace/rn50', '-b', '256', '--epochs', '1', '--prof', '150', '--training-only', '--no-checkpoints', '--amp', '--dynamic-loss-scale', '/data/image']
dist_rank:  2
['/opt/conda/bin/python', '-u', '/workspace/rn50/main.py', '--data-backend', 'dali-cpu', '--raport-file', '/workspace/rn50/raport.json', '-j5', '-p', '1', '--lr', '1.024', '--optimizer-batch-size', '-1', '--warmup', '8', '--arch', 'resnet50', '-c', 'fanin', '--label-smoothing', '0.1', '--lr-schedule', 'cosine', '--mom', '0.125', '--wd', '3.0517578125e-05', '--workspace', '/workspace/rn50', '-b', '256', '--epochs', '1', '--prof', '150', '--training-only', '--no-checkpoints', '--amp', '--dynamic-loss-scale', '/data/image']
dist_rank:  3
['/opt/conda/bin/python', '-u', '/workspace/rn50/main.py', '--data-backend', 'dali-cpu', '--raport-file', '/workspace/rn50/raport.json', '-j5', '-p', '1', '--lr', '1.024', '--optimizer-batch-size', '-1', '--warmup', '8', '--arch', 'resnet50', '-c', 'fanin', '--label-smoothing', '0.1', '--lr-schedule', 'cosine', '--mom', '0.125', '--wd', '3.0517578125e-05', '--workspace', '/workspace/rn50', '-b', '256', '--epochs', '1', '--prof', '150', '--training-only', '--no-checkpoints', '--amp', '--dynamic-loss-scale', '/data/image']
