+ python /workspace/rn50/multiproc.py --nnodes 1 --node_rank 0 --nproc_per_node 1 --master_addr 127.0.0.1 --master_port=29500 /workspace/rn50/main.py --data-backend dali-cpu --raport-file /workspace/rn50/raport.json -j8 -p 1 --lr 0.256 --optimizer-batch-size -1 --warmup 8 --arch resnet50 -c fanin --label-smoothing 0.1 --lr-schedule cosine --mom 0.125 --wd 3.0517578125e-05 --workspace /workspace/rn50 -b 256 --epochs 1 --prof 150 --training-only --no-checkpoints --amp --dynamic-loss-scale /data/image
=> creating model '('resnet50', 'fanin', 1000)'
Version: {'net': <class 'image_classification.resnet.ResNet'>, 'block': <class 'image_classification.resnet.Bottleneck'>, 'layers': [3, 4, 6, 3], 'widths': [64, 128, 256, 512], 'expansion': 4}
Config: {'conv': <class 'torch.nn.modules.conv.Conv2d'>, 'conv_init': 'fan_in', 'nonlinearity': 'relu', 'last_bn_0_init': False, 'activation': <function <lambda> at 0x7fe6733379d8>}
Num classes: 1000
i'm not distributed in dali
read 886372 files from 698 directories
read 50000 files from 1000 directories
DLL 2020-09-22 12:10:13.053510 - PARAMETER data : /data/image  data_backend : dali-cpu  arch : resnet50  model_config : fanin  num_classes : 1000  workers : 8  epochs : 1  run_epochs : -1  batch_size : 256  optimizer_batch_size : -1  lr : 0.256  lr_schedule : cosine  warmup : 8  label_smoothing : 0.1  mixup : 0.0  momentum : 0.125  weight_decay : 3.0517578125e-05  bn_weight_decay : False  nesterov : False  print_freq : 1  resume : None  pretrained_weights :   fp16 : False  static_loss_scale : 1  dynamic_loss_scale : True  prof : 150  amp : True  seed : None  gather_checkpoints : False  raport_file : /workspace/rn50/raport.json  evaluate : False  training_only : True  save_checkpoints : False  checkpoint_filename : checkpoint.pth.tar  workspace : /workspace/rn50  memory_format : nchw  distributed : False  local_rank : 0  gpu : 0  world_size : 1 
 ! Weight decay NOT applied to BN parameters 
98
63
Selected optimization level O1:  Insert automatic casts around Pytorch functions and Tensor methods.

Defaults for this optimization level are:
enabled                : True
opt_level              : O1
cast_model_type        : None
patch_torch_functions  : True
keep_batchnorm_fp32    : None
master_weights         : None
loss_scale             : dynamic
Processing user overrides (additional kwargs that are not None)...
After processing overrides, optimization options are:
enabled                : True
opt_level              : O1
cast_model_type        : None
patch_torch_functions  : True
keep_batchnorm_fp32    : None
master_weights         : None
loss_scale             : dynamic
RUNNING EPOCHS FROM 0 TO 1
DLL 2020-09-22 12:10:25.398995 - Epoch: 0 Iteration: 1  train.loss : 7.07428  train.total_ips : 20.77 img/s
DLL 2020-09-22 12:10:25.726075 - Epoch: 0 Iteration: 2  train.loss : 7.11291  train.total_ips : 782.68 img/s
DLL 2020-09-22 12:10:26.046133 - Epoch: 0 Iteration: 3  train.loss : 6.99160  train.total_ips : 800.02 img/s
DLL 2020-09-22 12:10:26.367096 - Epoch: 0 Iteration: 4  train.loss : 6.98825  train.total_ips : 797.78 img/s
DLL 2020-09-22 12:10:26.687875 - Epoch: 0 Iteration: 5  train.loss : 6.97201  train.total_ips : 798.21 img/s
DLL 2020-09-22 12:10:27.009138 - Epoch: 0 Iteration: 6  train.loss : 6.97953  train.total_ips : 797.03 img/s
DLL 2020-09-22 12:10:27.330107 - Epoch: 0 Iteration: 7  train.loss : 6.88795  train.total_ips : 797.74 img/s
DLL 2020-09-22 12:10:27.650548 - Epoch: 0 Iteration: 8  train.loss : 6.92134  train.total_ips : 799.08 img/s
DLL 2020-09-22 12:10:27.970319 - Epoch: 0 Iteration: 9  train.loss : 6.94293  train.total_ips : 800.69 img/s
DLL 2020-09-22 12:10:28.287666 - Epoch: 0 Iteration: 10  train.loss : 6.90520  train.total_ips : 806.93 img/s
DLL 2020-09-22 12:10:28.604707 - Epoch: 0 Iteration: 11  train.loss : 6.91486  train.total_ips : 807.68 img/s
DLL 2020-09-22 12:10:28.920607 - Epoch: 0 Iteration: 12  train.loss : 6.83337  train.total_ips : 810.55 img/s
DLL 2020-09-22 12:10:29.236370 - Epoch: 0 Iteration: 13  train.loss : 6.84532  train.total_ips : 810.85 img/s
DLL 2020-09-22 12:10:29.564995 - Epoch: 0 Iteration: 14  train.loss : 6.91098  train.total_ips : 779.65 img/s
DLL 2020-09-22 12:10:29.895995 - Epoch: 0 Iteration: 15  train.loss : 6.85619  train.total_ips : 773.66 img/s
DLL 2020-09-22 12:10:30.216591 - Epoch: 0 Iteration: 16  train.loss : 6.80577  train.total_ips : 798.65 img/s
DLL 2020-09-22 12:10:30.550779 - Epoch: 0 Iteration: 17  train.loss : 6.80401  train.total_ips : 766.36 img/s
DLL 2020-09-22 12:10:30.868268 - Epoch: 0 Iteration: 18  train.loss : 6.79209  train.total_ips : 806.49 img/s
DLL 2020-09-22 12:10:31.194290 - Epoch: 0 Iteration: 19  train.loss : 6.78049  train.total_ips : 785.40 img/s
DLL 2020-09-22 12:10:31.523720 - Epoch: 0 Iteration: 20  train.loss : 6.81793  train.total_ips : 777.29 img/s
DLL 2020-09-22 12:10:31.845604 - Epoch: 0 Iteration: 21  train.loss : 6.79492  train.total_ips : 795.67 img/s
DLL 2020-09-22 12:10:32.170761 - Epoch: 0 Iteration: 22  train.loss : 6.77467  train.total_ips : 787.49 img/s
DLL 2020-09-22 12:10:32.490227 - Epoch: 0 Iteration: 23  train.loss : 6.84104  train.total_ips : 801.45 img/s
DLL 2020-09-22 12:10:32.806201 - Epoch: 0 Iteration: 24  train.loss : 6.82661  train.total_ips : 810.35 img/s
DLL 2020-09-22 12:10:33.123548 - Epoch: 0 Iteration: 25  train.loss : 6.77406  train.total_ips : 806.96 img/s
DLL 2020-09-22 12:10:33.445387 - Epoch: 0 Iteration: 26  train.loss : 6.77940  train.total_ips : 795.99 img/s
DLL 2020-09-22 12:10:33.772286 - Epoch: 0 Iteration: 27  train.loss : 6.75513  train.total_ips : 783.22 img/s
DLL 2020-09-22 12:10:34.091242 - Epoch: 0 Iteration: 28  train.loss : 6.81524  train.total_ips : 802.76 img/s
DLL 2020-09-22 12:10:34.411616 - Epoch: 0 Iteration: 29  train.loss : 6.73921  train.total_ips : 799.27 img/s
DLL 2020-09-22 12:10:34.737126 - Epoch: 0 Iteration: 30  train.loss : 6.73936  train.total_ips : 786.64 img/s
DLL 2020-09-22 12:10:35.053550 - Epoch: 0 Iteration: 31  train.loss : 6.75008  train.total_ips : 809.45 img/s
DLL 2020-09-22 12:10:35.370916 - Epoch: 0 Iteration: 32  train.loss : 6.81412  train.total_ips : 806.83 img/s
DLL 2020-09-22 12:10:35.701670 - Epoch: 0 Iteration: 33  train.loss : 6.74385  train.total_ips : 774.36 img/s
DLL 2020-09-22 12:10:36.019141 - Epoch: 0 Iteration: 34  train.loss : 6.74630  train.total_ips : 806.47 img/s
DLL 2020-09-22 12:10:36.336060 - Epoch: 0 Iteration: 35  train.loss : 6.77403  train.total_ips : 807.95 img/s
DLL 2020-09-22 12:10:36.661451 - Epoch: 0 Iteration: 36  train.loss : 6.75269  train.total_ips : 787.05 img/s
DLL 2020-09-22 12:10:36.983477 - Epoch: 0 Iteration: 37  train.loss : 6.78031  train.total_ips : 795.16 img/s
DLL 2020-09-22 12:10:37.300902 - Epoch: 0 Iteration: 38  train.loss : 6.75264  train.total_ips : 806.70 img/s
DLL 2020-09-22 12:10:37.617303 - Epoch: 0 Iteration: 39  train.loss : 6.75082  train.total_ips : 809.25 img/s
DLL 2020-09-22 12:10:37.953351 - Epoch: 0 Iteration: 40  train.loss : 6.69976  train.total_ips : 761.98 img/s
DLL 2020-09-22 12:10:38.269887 - Epoch: 0 Iteration: 41  train.loss : 6.71448  train.total_ips : 808.92 img/s
DLL 2020-09-22 12:10:38.587619 - Epoch: 0 Iteration: 42  train.loss : 6.71843  train.total_ips : 805.97 img/s
DLL 2020-09-22 12:10:38.904890 - Epoch: 0 Iteration: 43  train.loss : 6.74081  train.total_ips : 807.05 img/s
DLL 2020-09-22 12:10:39.231857 - Epoch: 0 Iteration: 44  train.loss : 6.77629  train.total_ips : 783.18 img/s
DLL 2020-09-22 12:10:39.561684 - Epoch: 0 Iteration: 45  train.loss : 6.74966  train.total_ips : 776.33 img/s
DLL 2020-09-22 12:10:39.882240 - Epoch: 0 Iteration: 46  train.loss : 6.68913  train.total_ips : 798.77 img/s
DLL 2020-09-22 12:10:40.211263 - Epoch: 0 Iteration: 47  train.loss : 6.72301  train.total_ips : 778.39 img/s
DLL 2020-09-22 12:10:40.537487 - Epoch: 0 Iteration: 48  train.loss : 6.76320  train.total_ips : 785.10 img/s
DLL 2020-09-22 12:10:40.865521 - Epoch: 0 Iteration: 49  train.loss : 6.70707  train.total_ips : 780.70 img/s
DLL 2020-09-22 12:10:41.185043 - Epoch: 0 Iteration: 50  train.loss : 6.69651  train.total_ips : 801.31 img/s
DLL 2020-09-22 12:10:41.501223 - Epoch: 0 Iteration: 51  train.loss : 6.70538  train.total_ips : 809.83 img/s
DLL 2020-09-22 12:10:41.826230 - Epoch: 0 Iteration: 52  train.loss : 6.73057  train.total_ips : 787.88 img/s
DLL 2020-09-22 12:10:42.157015 - Epoch: 0 Iteration: 53  train.loss : 6.72987  train.total_ips : 774.17 img/s
DLL 2020-09-22 12:10:42.485305 - Epoch: 0 Iteration: 54  train.loss : 6.69901  train.total_ips : 780.05 img/s
DLL 2020-09-22 12:10:42.820893 - Epoch: 0 Iteration: 55  train.loss : 6.74341  train.total_ips : 762.98 img/s
DLL 2020-09-22 12:10:43.136846 - Epoch: 0 Iteration: 56  train.loss : 6.73929  train.total_ips : 810.39 img/s
DLL 2020-09-22 12:10:43.465679 - Epoch: 0 Iteration: 57  train.loss : 6.67696  train.total_ips : 778.76 img/s
DLL 2020-09-22 12:10:43.791326 - Epoch: 0 Iteration: 58  train.loss : 6.69001  train.total_ips : 786.36 img/s
DLL 2020-09-22 12:10:44.114903 - Epoch: 0 Iteration: 59  train.loss : 6.67923  train.total_ips : 791.39 img/s
DLL 2020-09-22 12:10:44.432160 - Epoch: 0 Iteration: 60  train.loss : 6.70300  train.total_ips : 807.10 img/s
DLL 2020-09-22 12:10:44.758836 - Epoch: 0 Iteration: 61  train.loss : 6.75509  train.total_ips : 783.81 img/s
DLL 2020-09-22 12:10:45.075327 - Epoch: 0 Iteration: 62  train.loss : 6.69810  train.total_ips : 809.04 img/s
DLL 2020-09-22 12:10:45.398765 - Epoch: 0 Iteration: 63  train.loss : 6.71768  train.total_ips : 791.75 img/s
DLL 2020-09-22 12:10:45.730329 - Epoch: 0 Iteration: 64  train.loss : 6.72886  train.total_ips : 772.39 img/s
DLL 2020-09-22 12:10:46.046841 - Epoch: 0 Iteration: 65  train.loss : 6.70376  train.total_ips : 808.98 img/s
DLL 2020-09-22 12:10:46.374645 - Epoch: 0 Iteration: 66  train.loss : 6.67711  train.total_ips : 781.30 img/s
DLL 2020-09-22 12:10:46.697745 - Epoch: 0 Iteration: 67  train.loss : 6.72307  train.total_ips : 792.44 img/s
DLL 2020-09-22 12:10:47.019081 - Epoch: 0 Iteration: 68  train.loss : 6.70709  train.total_ips : 796.86 img/s
DLL 2020-09-22 12:10:47.339850 - Epoch: 0 Iteration: 69  train.loss : 6.72171  train.total_ips : 798.40 img/s
DLL 2020-09-22 12:10:47.657424 - Epoch: 0 Iteration: 70  train.loss : 6.63081  train.total_ips : 806.41 img/s
DLL 2020-09-22 12:10:47.986510 - Epoch: 0 Iteration: 71  train.loss : 6.69324  train.total_ips : 778.45 img/s
DLL 2020-09-22 12:10:48.314925 - Epoch: 0 Iteration: 72  train.loss : 6.69612  train.total_ips : 779.91 img/s
DLL 2020-09-22 12:10:48.637122 - Epoch: 0 Iteration: 73  train.loss : 6.68491  train.total_ips : 794.66 img/s
DLL 2020-09-22 12:10:48.953764 - Epoch: 0 Iteration: 74  train.loss : 6.68411  train.total_ips : 808.64 img/s
DLL 2020-09-22 12:10:49.270787 - Epoch: 0 Iteration: 75  train.loss : 6.71622  train.total_ips : 807.70 img/s
DLL 2020-09-22 12:10:49.600749 - Epoch: 0 Iteration: 76  train.loss : 6.70180  train.total_ips : 776.16 img/s
DLL 2020-09-22 12:10:49.917222 - Epoch: 0 Iteration: 77  train.loss : 6.75537  train.total_ips : 809.00 img/s
DLL 2020-09-22 12:10:50.234499 - Epoch: 0 Iteration: 78  train.loss : 6.76111  train.total_ips : 807.09 img/s
DLL 2020-09-22 12:10:50.551215 - Epoch: 0 Iteration: 79  train.loss : 6.70352  train.total_ips : 808.44 img/s
DLL 2020-09-22 12:10:50.867315 - Epoch: 0 Iteration: 80  train.loss : 6.69676  train.total_ips : 810.17 img/s
DLL 2020-09-22 12:10:51.185587 - Epoch: 0 Iteration: 81  train.loss : 6.72487  train.total_ips : 804.51 img/s
DLL 2020-09-22 12:10:51.502486 - Epoch: 0 Iteration: 82  train.loss : 6.65666  train.total_ips : 807.98 img/s
DLL 2020-09-22 12:10:51.818814 - Epoch: 0 Iteration: 83  train.loss : 6.70895  train.total_ips : 809.45 img/s
DLL 2020-09-22 12:10:52.135137 - Epoch: 0 Iteration: 84  train.loss : 6.68525  train.total_ips : 809.46 img/s
DLL 2020-09-22 12:10:52.452262 - Epoch: 0 Iteration: 85  train.loss : 6.66525  train.total_ips : 807.41 img/s
DLL 2020-09-22 12:10:52.770019 - Epoch: 0 Iteration: 86  train.loss : 6.72623  train.total_ips : 805.81 img/s
DLL 2020-09-22 12:10:53.087393 - Epoch: 0 Iteration: 87  train.loss : 6.68150  train.total_ips : 806.91 img/s
DLL 2020-09-22 12:10:53.405341 - Epoch: 0 Iteration: 88  train.loss : 6.66067  train.total_ips : 805.26 img/s
DLL 2020-09-22 12:10:53.722678 - Epoch: 0 Iteration: 89  train.loss : 6.68613  train.total_ips : 806.86 img/s
DLL 2020-09-22 12:10:54.039780 - Epoch: 0 Iteration: 90  train.loss : 6.72935  train.total_ips : 807.47 img/s
DLL 2020-09-22 12:10:54.356712 - Epoch: 0 Iteration: 91  train.loss : 6.71204  train.total_ips : 807.89 img/s
DLL 2020-09-22 12:10:54.674312 - Epoch: 0 Iteration: 92  train.loss : 6.71517  train.total_ips : 806.20 img/s
DLL 2020-09-22 12:10:54.991782 - Epoch: 0 Iteration: 93  train.loss : 6.70837  train.total_ips : 806.75 img/s
DLL 2020-09-22 12:10:55.312386 - Epoch: 0 Iteration: 94  train.loss : 6.73228  train.total_ips : 798.63 img/s
DLL 2020-09-22 12:10:55.629350 - Epoch: 0 Iteration: 95  train.loss : 6.68731  train.total_ips : 807.82 img/s
DLL 2020-09-22 12:10:55.946095 - Epoch: 0 Iteration: 96  train.loss : 6.65365  train.total_ips : 808.38 img/s
DLL 2020-09-22 12:10:56.262906 - Epoch: 0 Iteration: 97  train.loss : 6.69094  train.total_ips : 808.21 img/s
DLL 2020-09-22 12:10:56.583030 - Epoch: 0 Iteration: 98  train.loss : 6.66935  train.total_ips : 799.88 img/s
DLL 2020-09-22 12:10:56.901629 - Epoch: 0 Iteration: 99  train.loss : 6.67375  train.total_ips : 803.68 img/s
DLL 2020-09-22 12:10:57.219182 - Epoch: 0 Iteration: 100  train.loss : 6.68224  train.total_ips : 806.35 img/s
DLL 2020-09-22 12:10:57.535930 - Epoch: 0 Iteration: 101  train.loss : 6.69046  train.total_ips : 808.36 img/s
DLL 2020-09-22 12:10:57.852579 - Epoch: 0 Iteration: 102  train.loss : 6.72621  train.total_ips : 808.63 img/s
DLL 2020-09-22 12:10:58.169848 - Epoch: 0 Iteration: 103  train.loss : 6.71233  train.total_ips : 807.15 img/s
DLL 2020-09-22 12:10:58.486510 - Epoch: 0 Iteration: 104  train.loss : 6.66761  train.total_ips : 808.58 img/s
DLL 2020-09-22 12:10:58.804447 - Epoch: 0 Iteration: 105  train.loss : 6.70761  train.total_ips : 805.35 img/s
DLL 2020-09-22 12:10:59.121087 - Epoch: 0 Iteration: 106  train.loss : 6.67910  train.total_ips : 808.84 img/s
DLL 2020-09-22 12:10:59.437956 - Epoch: 0 Iteration: 107  train.loss : 6.72862  train.total_ips : 808.06 img/s
DLL 2020-09-22 12:10:59.754640 - Epoch: 0 Iteration: 108  train.loss : 6.68406  train.total_ips : 808.53 img/s
DLL 2020-09-22 12:11:00.071158 - Epoch: 0 Iteration: 109  train.loss : 6.70281  train.total_ips : 808.95 img/s
DLL 2020-09-22 12:11:00.387241 - Epoch: 0 Iteration: 110  train.loss : 6.66118  train.total_ips : 810.07 img/s
DLL 2020-09-22 12:11:00.703191 - Epoch: 0 Iteration: 111  train.loss : 6.65401  train.total_ips : 810.39 img/s
DLL 2020-09-22 12:11:01.019785 - Epoch: 0 Iteration: 112  train.loss : 6.66792  train.total_ips : 808.76 img/s
DLL 2020-09-22 12:11:01.336384 - Epoch: 0 Iteration: 113  train.loss : 6.69623  train.total_ips : 808.74 img/s
DLL 2020-09-22 12:11:01.653234 - Epoch: 0 Iteration: 114  train.loss : 6.66428  train.total_ips : 808.10 img/s
DLL 2020-09-22 12:11:01.969097 - Epoch: 0 Iteration: 115  train.loss : 6.66799  train.total_ips : 810.63 img/s
DLL 2020-09-22 12:11:02.285397 - Epoch: 0 Iteration: 116  train.loss : 6.70484  train.total_ips : 809.51 img/s
DLL 2020-09-22 12:11:02.602399 - Epoch: 0 Iteration: 117  train.loss : 6.67392  train.total_ips : 807.78 img/s
DLL 2020-09-22 12:11:02.919833 - Epoch: 0 Iteration: 118  train.loss : 6.65845  train.total_ips : 806.61 img/s
DLL 2020-09-22 12:11:03.236726 - Epoch: 0 Iteration: 119  train.loss : 6.69059  train.total_ips : 807.99 img/s
DLL 2020-09-22 12:11:03.553286 - Epoch: 0 Iteration: 120  train.loss : 6.65179  train.total_ips : 808.84 img/s
DLL 2020-09-22 12:11:03.870127 - Epoch: 0 Iteration: 121  train.loss : 6.70321  train.total_ips : 808.12 img/s
DLL 2020-09-22 12:11:04.186721 - Epoch: 0 Iteration: 122  train.loss : 6.66148  train.total_ips : 808.77 img/s
DLL 2020-09-22 12:11:04.503764 - Epoch: 0 Iteration: 123  train.loss : 6.65993  train.total_ips : 807.60 img/s
DLL 2020-09-22 12:11:04.820693 - Epoch: 0 Iteration: 124  train.loss : 6.68682  train.total_ips : 807.90 img/s
DLL 2020-09-22 12:11:05.138010 - Epoch: 0 Iteration: 125  train.loss : 6.69201  train.total_ips : 806.92 img/s
DLL 2020-09-22 12:11:05.454636 - Epoch: 0 Iteration: 126  train.loss : 6.67218  train.total_ips : 808.68 img/s
DLL 2020-09-22 12:11:05.774626 - Epoch: 0 Iteration: 127  train.loss : 6.68211  train.total_ips : 800.20 img/s
DLL 2020-09-22 12:11:06.090556 - Epoch: 0 Iteration: 128  train.loss : 6.68032  train.total_ips : 810.44 img/s
DLL 2020-09-22 12:11:06.407330 - Epoch: 0 Iteration: 129  train.loss : 6.69967  train.total_ips : 808.30 img/s
DLL 2020-09-22 12:11:06.723439 - Epoch: 0 Iteration: 130  train.loss : 6.69017  train.total_ips : 810.00 img/s
DLL 2020-09-22 12:11:07.039680 - Epoch: 0 Iteration: 131  train.loss : 6.66725  train.total_ips : 809.66 img/s
DLL 2020-09-22 12:11:07.356251 - Epoch: 0 Iteration: 132  train.loss : 6.69571  train.total_ips : 808.84 img/s
DLL 2020-09-22 12:11:07.672930 - Epoch: 0 Iteration: 133  train.loss : 6.71079  train.total_ips : 808.55 img/s
DLL 2020-09-22 12:11:07.990178 - Epoch: 0 Iteration: 134  train.loss : 6.65799  train.total_ips : 807.08 img/s
DLL 2020-09-22 12:11:08.307609 - Epoch: 0 Iteration: 135  train.loss : 6.67510  train.total_ips : 806.62 img/s
DLL 2020-09-22 12:11:08.624877 - Epoch: 0 Iteration: 136  train.loss : 6.68450  train.total_ips : 807.05 img/s
DLL 2020-09-22 12:11:08.941278 - Epoch: 0 Iteration: 137  train.loss : 6.68498  train.total_ips : 809.26 img/s
DLL 2020-09-22 12:11:09.258132 - Epoch: 0 Iteration: 138  train.loss : 6.67605  train.total_ips : 808.09 img/s
DLL 2020-09-22 12:11:09.574535 - Epoch: 0 Iteration: 139  train.loss : 6.69143  train.total_ips : 809.25 img/s
DLL 2020-09-22 12:11:09.890943 - Epoch: 0 Iteration: 140  train.loss : 6.67145  train.total_ips : 809.26 img/s
DLL 2020-09-22 12:11:10.207157 - Epoch: 0 Iteration: 141  train.loss : 6.65436  train.total_ips : 809.73 img/s
DLL 2020-09-22 12:11:10.524078 - Epoch: 0 Iteration: 142  train.loss : 6.74475  train.total_ips : 807.95 img/s
DLL 2020-09-22 12:11:10.840599 - Epoch: 0 Iteration: 143  train.loss : 6.69086  train.total_ips : 808.94 img/s
DLL 2020-09-22 12:11:11.157193 - Epoch: 0 Iteration: 144  train.loss : 6.68933  train.total_ips : 808.76 img/s
DLL 2020-09-22 12:11:11.474639 - Epoch: 0 Iteration: 145  train.loss : 6.65817  train.total_ips : 806.59 img/s
DLL 2020-09-22 12:11:11.791874 - Epoch: 0 Iteration: 146  train.loss : 6.61040  train.total_ips : 807.14 img/s
DLL 2020-09-22 12:11:12.109657 - Epoch: 0 Iteration: 147  train.loss : 6.71513  train.total_ips : 805.82 img/s
DLL 2020-09-22 12:11:12.427940 - Epoch: 0 Iteration: 148  train.loss : 6.68032  train.total_ips : 804.44 img/s
DLL 2020-09-22 12:11:12.744674 - Epoch: 0 Iteration: 149  train.loss : 6.66994  train.total_ips : 808.43 img/s
DLL 2020-09-22 12:11:13.062334 - Epoch: 0  train.loss : 6.73349  train.total_ips : 795.46 img/s
DLL 2020-09-22 12:11:13.062466 - Epoch: 0  lr : 0.032  train.compute_ips : 798.22 img/s train.data_time : 0.00110 s train.compute_time : 0.39874 s
DLL 2020-09-22 12:11:13.062597 - Summary: train.loss : 6.73349  train.total_ips : 795.46 img/s
DLL 2020-09-22 12:11:13.062646 - Summary: lr : 0.032  train.compute_ips : 798.22 img/s train.data_time : 0.00110 s train.compute_time : 0.39874 s
Experiment ended
['/opt/conda/bin/python', '-u', '/workspace/rn50/main.py', '--data-backend', 'dali-cpu', '--raport-file', '/workspace/rn50/raport.json', '-j8', '-p', '1', '--lr', '0.256', '--optimizer-batch-size', '-1', '--warmup', '8', '--arch', 'resnet50', '-c', 'fanin', '--label-smoothing', '0.1', '--lr-schedule', 'cosine', '--mom', '0.125', '--wd', '3.0517578125e-05', '--workspace', '/workspace/rn50', '-b', '256', '--epochs', '1', '--prof', '150', '--training-only', '--no-checkpoints', '--amp', '--dynamic-loss-scale', '/data/image']
