+ python /workspace/rn50/multiproc.py --nnodes 1 --node_rank 0 --nproc_per_node 1 --master_addr 127.0.0.1 --master_port=29500 /workspace/rn50/main.py --data-backend dali-cpu --raport-file /workspace/rn50/raport.json -j8 -p 1 --lr 0.256 --optimizer-batch-size -1 --warmup 8 --arch resnet50 -c fanin --label-smoothing 0.1 --lr-schedule cosine --mom 0.125 --wd 3.0517578125e-05 --workspace /workspace/rn50 -b 256 --epochs 1 --prof 150 --training-only --no-checkpoints --amp --dynamic-loss-scale /data/image
=> creating model '('resnet50', 'fanin', 1000)'
Version: {'net': <class 'image_classification.resnet.ResNet'>, 'block': <class 'image_classification.resnet.Bottleneck'>, 'layers': [3, 4, 6, 3], 'widths': [64, 128, 256, 512], 'expansion': 4}
Config: {'conv': <class 'torch.nn.modules.conv.Conv2d'>, 'conv_init': 'fan_in', 'nonlinearity': 'relu', 'last_bn_0_init': False, 'activation': <function <lambda> at 0x7fcbc1d0f9d8>}
Num classes: 1000
i'm not distributed in dali
read 886372 files from 698 directories
read 50000 files from 1000 directories
DLL 2020-09-22 12:08:38.244961 - PARAMETER data : /data/image  data_backend : dali-cpu  arch : resnet50  model_config : fanin  num_classes : 1000  workers : 8  epochs : 1  run_epochs : -1  batch_size : 256  optimizer_batch_size : -1  lr : 0.256  lr_schedule : cosine  warmup : 8  label_smoothing : 0.1  mixup : 0.0  momentum : 0.125  weight_decay : 3.0517578125e-05  bn_weight_decay : False  nesterov : False  print_freq : 1  resume : None  pretrained_weights :   fp16 : False  static_loss_scale : 1  dynamic_loss_scale : True  prof : 150  amp : True  seed : None  gather_checkpoints : False  raport_file : /workspace/rn50/raport.json  evaluate : False  training_only : True  save_checkpoints : False  checkpoint_filename : checkpoint.pth.tar  workspace : /workspace/rn50  memory_format : nchw  distributed : False  local_rank : 0  gpu : 0  world_size : 1 
 ! Weight decay NOT applied to BN parameters 
98
63
Selected optimization level O1:  Insert automatic casts around Pytorch functions and Tensor methods.

Defaults for this optimization level are:
enabled                : True
opt_level              : O1
cast_model_type        : None
patch_torch_functions  : True
keep_batchnorm_fp32    : None
master_weights         : None
loss_scale             : dynamic
Processing user overrides (additional kwargs that are not None)...
After processing overrides, optimization options are:
enabled                : True
opt_level              : O1
cast_model_type        : None
patch_torch_functions  : True
keep_batchnorm_fp32    : None
master_weights         : None
loss_scale             : dynamic
RUNNING EPOCHS FROM 0 TO 1
DLL 2020-09-22 12:08:50.608124 - Epoch: 0 Iteration: 1  train.loss : 7.10145  train.total_ips : 20.73 img/s
DLL 2020-09-22 12:08:50.939179 - Epoch: 0 Iteration: 2  train.loss : 7.04596  train.total_ips : 773.37 img/s
DLL 2020-09-22 12:08:51.256325 - Epoch: 0 Iteration: 3  train.loss : 7.02559  train.total_ips : 807.33 img/s
DLL 2020-09-22 12:08:51.573202 - Epoch: 0 Iteration: 4  train.loss : 6.97473  train.total_ips : 808.03 img/s
DLL 2020-09-22 12:08:51.890277 - Epoch: 0 Iteration: 5  train.loss : 6.94230  train.total_ips : 807.53 img/s
DLL 2020-09-22 12:08:52.207270 - Epoch: 0 Iteration: 6  train.loss : 6.99492  train.total_ips : 807.74 img/s
DLL 2020-09-22 12:08:52.527181 - Epoch: 0 Iteration: 7  train.loss : 6.92922  train.total_ips : 800.38 img/s
DLL 2020-09-22 12:08:52.843962 - Epoch: 0 Iteration: 8  train.loss : 6.89957  train.total_ips : 808.29 img/s
DLL 2020-09-22 12:08:53.166356 - Epoch: 0 Iteration: 9  train.loss : 6.94234  train.total_ips : 794.21 img/s
DLL 2020-09-22 12:08:53.486424 - Epoch: 0 Iteration: 10  train.loss : 6.90116  train.total_ips : 800.02 img/s
DLL 2020-09-22 12:08:53.803411 - Epoch: 0 Iteration: 11  train.loss : 6.91266  train.total_ips : 807.87 img/s
DLL 2020-09-22 12:08:54.120618 - Epoch: 0 Iteration: 12  train.loss : 6.89425  train.total_ips : 807.19 img/s
DLL 2020-09-22 12:08:54.441753 - Epoch: 0 Iteration: 13  train.loss : 6.82285  train.total_ips : 797.47 img/s
DLL 2020-09-22 12:08:54.764628 - Epoch: 0 Iteration: 14  train.loss : 6.84469  train.total_ips : 793.07 img/s
DLL 2020-09-22 12:08:55.086037 - Epoch: 0 Iteration: 15  train.loss : 6.84368  train.total_ips : 796.66 img/s
DLL 2020-09-22 12:08:55.407952 - Epoch: 0 Iteration: 16  train.loss : 6.87863  train.total_ips : 795.43 img/s
DLL 2020-09-22 12:08:55.729772 - Epoch: 0 Iteration: 17  train.loss : 6.85996  train.total_ips : 795.65 img/s
DLL 2020-09-22 12:08:56.047115 - Epoch: 0 Iteration: 18  train.loss : 6.78326  train.total_ips : 807.00 img/s
DLL 2020-09-22 12:08:56.367185 - Epoch: 0 Iteration: 19  train.loss : 6.80127  train.total_ips : 799.92 img/s
DLL 2020-09-22 12:08:56.686223 - Epoch: 0 Iteration: 20  train.loss : 6.81233  train.total_ips : 802.61 img/s
DLL 2020-09-22 12:08:57.003431 - Epoch: 0 Iteration: 21  train.loss : 6.81470  train.total_ips : 807.20 img/s
DLL 2020-09-22 12:08:57.321773 - Epoch: 0 Iteration: 22  train.loss : 6.83789  train.total_ips : 804.51 img/s
DLL 2020-09-22 12:08:57.638857 - Epoch: 0 Iteration: 23  train.loss : 6.80516  train.total_ips : 807.51 img/s
DLL 2020-09-22 12:08:57.956758 - Epoch: 0 Iteration: 24  train.loss : 6.82648  train.total_ips : 806.97 img/s
DLL 2020-09-22 12:08:58.273605 - Epoch: 0 Iteration: 25  train.loss : 6.75706  train.total_ips : 808.11 img/s
DLL 2020-09-22 12:08:58.590524 - Epoch: 0 Iteration: 26  train.loss : 6.78678  train.total_ips : 807.94 img/s
DLL 2020-09-22 12:08:58.908967 - Epoch: 0 Iteration: 27  train.loss : 6.77616  train.total_ips : 804.23 img/s
DLL 2020-09-22 12:08:59.226434 - Epoch: 0 Iteration: 28  train.loss : 6.80263  train.total_ips : 806.46 img/s
DLL 2020-09-22 12:08:59.547048 - Epoch: 0 Iteration: 29  train.loss : 6.75039  train.total_ips : 798.64 img/s
DLL 2020-09-22 12:08:59.864596 - Epoch: 0 Iteration: 30  train.loss : 6.73932  train.total_ips : 806.40 img/s
DLL 2020-09-22 12:09:00.185438 - Epoch: 0 Iteration: 31  train.loss : 6.75709  train.total_ips : 798.04 img/s
DLL 2020-09-22 12:09:00.505400 - Epoch: 0 Iteration: 32  train.loss : 6.79051  train.total_ips : 800.28 img/s
DLL 2020-09-22 12:09:00.822594 - Epoch: 0 Iteration: 33  train.loss : 6.74546  train.total_ips : 807.22 img/s
DLL 2020-09-22 12:09:01.143462 - Epoch: 0 Iteration: 34  train.loss : 6.72947  train.total_ips : 797.98 img/s
DLL 2020-09-22 12:09:01.461831 - Epoch: 0 Iteration: 35  train.loss : 6.75578  train.total_ips : 804.24 img/s
DLL 2020-09-22 12:09:01.779221 - Epoch: 0 Iteration: 36  train.loss : 6.75600  train.total_ips : 806.73 img/s
DLL 2020-09-22 12:09:02.096408 - Epoch: 0 Iteration: 37  train.loss : 6.80387  train.total_ips : 807.28 img/s
DLL 2020-09-22 12:09:02.413241 - Epoch: 0 Iteration: 38  train.loss : 6.75309  train.total_ips : 808.12 img/s
DLL 2020-09-22 12:09:02.731040 - Epoch: 0 Iteration: 39  train.loss : 6.76946  train.total_ips : 805.72 img/s
DLL 2020-09-22 12:09:03.048026 - Epoch: 0 Iteration: 40  train.loss : 6.73452  train.total_ips : 807.75 img/s
DLL 2020-09-22 12:09:03.365569 - Epoch: 0 Iteration: 41  train.loss : 6.71902  train.total_ips : 806.38 img/s
DLL 2020-09-22 12:09:03.686257 - Epoch: 0 Iteration: 42  train.loss : 6.72062  train.total_ips : 798.57 img/s
DLL 2020-09-22 12:09:04.003645 - Epoch: 0 Iteration: 43  train.loss : 6.74694  train.total_ips : 806.72 img/s
DLL 2020-09-22 12:09:04.324234 - Epoch: 0 Iteration: 44  train.loss : 6.76354  train.total_ips : 798.67 img/s
DLL 2020-09-22 12:09:04.641417 - Epoch: 0 Iteration: 45  train.loss : 6.73861  train.total_ips : 807.25 img/s
DLL 2020-09-22 12:09:04.958835 - Epoch: 0 Iteration: 46  train.loss : 6.71122  train.total_ips : 806.70 img/s
DLL 2020-09-22 12:09:05.277680 - Epoch: 0 Iteration: 47  train.loss : 6.70462  train.total_ips : 803.08 img/s
DLL 2020-09-22 12:09:05.594638 - Epoch: 0 Iteration: 48  train.loss : 6.77934  train.total_ips : 807.81 img/s
DLL 2020-09-22 12:09:05.911248 - Epoch: 0 Iteration: 49  train.loss : 6.68356  train.total_ips : 808.73 img/s
DLL 2020-09-22 12:09:06.231494 - Epoch: 0 Iteration: 50  train.loss : 6.69886  train.total_ips : 799.52 img/s
DLL 2020-09-22 12:09:06.550791 - Epoch: 0 Iteration: 51  train.loss : 6.70361  train.total_ips : 801.99 img/s
DLL 2020-09-22 12:09:06.867549 - Epoch: 0 Iteration: 52  train.loss : 6.71993  train.total_ips : 808.33 img/s
DLL 2020-09-22 12:09:07.184551 - Epoch: 0 Iteration: 53  train.loss : 6.76139  train.total_ips : 807.72 img/s
DLL 2020-09-22 12:09:07.501974 - Epoch: 0 Iteration: 54  train.loss : 6.68070  train.total_ips : 806.65 img/s
DLL 2020-09-22 12:09:07.819734 - Epoch: 0 Iteration: 55  train.loss : 6.76222  train.total_ips : 805.79 img/s
DLL 2020-09-22 12:09:08.137329 - Epoch: 0 Iteration: 56  train.loss : 6.74139  train.total_ips : 806.22 img/s
DLL 2020-09-22 12:09:08.454832 - Epoch: 0 Iteration: 57  train.loss : 6.69070  train.total_ips : 806.47 img/s
DLL 2020-09-22 12:09:08.771567 - Epoch: 0 Iteration: 58  train.loss : 6.72444  train.total_ips : 808.40 img/s
DLL 2020-09-22 12:09:09.088944 - Epoch: 0 Iteration: 59  train.loss : 6.68195  train.total_ips : 806.78 img/s
DLL 2020-09-22 12:09:09.406609 - Epoch: 0 Iteration: 60  train.loss : 6.71544  train.total_ips : 806.06 img/s
DLL 2020-09-22 12:09:09.723546 - Epoch: 0 Iteration: 61  train.loss : 6.72983  train.total_ips : 807.87 img/s
DLL 2020-09-22 12:09:10.040928 - Epoch: 0 Iteration: 62  train.loss : 6.69941  train.total_ips : 806.75 img/s
DLL 2020-09-22 12:09:10.358497 - Epoch: 0 Iteration: 63  train.loss : 6.70233  train.total_ips : 806.29 img/s
DLL 2020-09-22 12:09:10.676237 - Epoch: 0 Iteration: 64  train.loss : 6.72099  train.total_ips : 805.86 img/s
DLL 2020-09-22 12:09:10.993744 - Epoch: 0 Iteration: 65  train.loss : 6.69676  train.total_ips : 806.44 img/s
DLL 2020-09-22 12:09:11.314552 - Epoch: 0 Iteration: 66  train.loss : 6.67592  train.total_ips : 798.17 img/s
DLL 2020-09-22 12:09:11.632524 - Epoch: 0 Iteration: 67  train.loss : 6.72855  train.total_ips : 805.44 img/s
DLL 2020-09-22 12:09:11.950377 - Epoch: 0 Iteration: 68  train.loss : 6.69344  train.total_ips : 805.49 img/s
DLL 2020-09-22 12:09:12.268430 - Epoch: 0 Iteration: 69  train.loss : 6.72787  train.total_ips : 805.06 img/s
DLL 2020-09-22 12:09:12.588510 - Epoch: 0 Iteration: 70  train.loss : 6.63434  train.total_ips : 800.03 img/s
DLL 2020-09-22 12:09:12.910544 - Epoch: 0 Iteration: 71  train.loss : 6.69059  train.total_ips : 795.07 img/s
DLL 2020-09-22 12:09:13.232146 - Epoch: 0 Iteration: 72  train.loss : 6.68622  train.total_ips : 796.18 img/s
DLL 2020-09-22 12:09:13.550199 - Epoch: 0 Iteration: 73  train.loss : 6.66640  train.total_ips : 805.06 img/s
DLL 2020-09-22 12:09:13.867345 - Epoch: 0 Iteration: 74  train.loss : 6.65819  train.total_ips : 807.35 img/s
DLL 2020-09-22 12:09:14.184610 - Epoch: 0 Iteration: 75  train.loss : 6.72036  train.total_ips : 807.06 img/s
DLL 2020-09-22 12:09:14.502135 - Epoch: 0 Iteration: 76  train.loss : 6.71903  train.total_ips : 806.39 img/s
DLL 2020-09-22 12:09:14.819375 - Epoch: 0 Iteration: 77  train.loss : 6.74172  train.total_ips : 807.14 img/s
DLL 2020-09-22 12:09:15.137605 - Epoch: 0 Iteration: 78  train.loss : 6.74199  train.total_ips : 804.65 img/s
DLL 2020-09-22 12:09:15.454542 - Epoch: 0 Iteration: 79  train.loss : 6.68803  train.total_ips : 807.87 img/s
DLL 2020-09-22 12:09:15.771479 - Epoch: 0 Iteration: 80  train.loss : 6.67595  train.total_ips : 807.89 img/s
DLL 2020-09-22 12:09:16.091232 - Epoch: 0 Iteration: 81  train.loss : 6.71741  train.total_ips : 800.79 img/s
DLL 2020-09-22 12:09:16.408834 - Epoch: 0 Iteration: 82  train.loss : 6.65649  train.total_ips : 806.22 img/s
DLL 2020-09-22 12:09:16.728722 - Epoch: 0 Iteration: 83  train.loss : 6.68923  train.total_ips : 800.45 img/s
DLL 2020-09-22 12:09:17.045394 - Epoch: 0 Iteration: 84  train.loss : 6.66794  train.total_ips : 808.54 img/s
DLL 2020-09-22 12:09:17.362527 - Epoch: 0 Iteration: 85  train.loss : 6.62619  train.total_ips : 807.41 img/s
DLL 2020-09-22 12:09:17.680847 - Epoch: 0 Iteration: 86  train.loss : 6.70364  train.total_ips : 804.38 img/s
DLL 2020-09-22 12:09:17.997927 - Epoch: 0 Iteration: 87  train.loss : 6.69989  train.total_ips : 807.51 img/s
DLL 2020-09-22 12:09:18.315647 - Epoch: 0 Iteration: 88  train.loss : 6.64609  train.total_ips : 805.89 img/s
DLL 2020-09-22 12:09:18.633083 - Epoch: 0 Iteration: 89  train.loss : 6.64814  train.total_ips : 806.61 img/s
DLL 2020-09-22 12:09:18.954629 - Epoch: 0 Iteration: 90  train.loss : 6.68484  train.total_ips : 796.34 img/s
DLL 2020-09-22 12:09:19.271845 - Epoch: 0 Iteration: 91  train.loss : 6.68879  train.total_ips : 807.16 img/s
DLL 2020-09-22 12:09:19.589030 - Epoch: 0 Iteration: 92  train.loss : 6.70907  train.total_ips : 807.25 img/s
DLL 2020-09-22 12:09:19.906305 - Epoch: 0 Iteration: 93  train.loss : 6.71753  train.total_ips : 807.05 img/s
DLL 2020-09-22 12:09:20.223689 - Epoch: 0 Iteration: 94  train.loss : 6.71469  train.total_ips : 806.78 img/s
DLL 2020-09-22 12:09:20.548425 - Epoch: 0 Iteration: 95  train.loss : 6.65636  train.total_ips : 788.65 img/s
DLL 2020-09-22 12:09:20.874320 - Epoch: 0 Iteration: 96  train.loss : 6.64882  train.total_ips : 785.68 img/s
DLL 2020-09-22 12:09:21.199495 - Epoch: 0 Iteration: 97  train.loss : 6.68362  train.total_ips : 787.41 img/s
DLL 2020-09-22 12:09:21.524299 - Epoch: 0 Iteration: 98  train.loss : 6.65508  train.total_ips : 788.33 img/s
DLL 2020-09-22 12:09:21.841722 - Epoch: 0 Iteration: 99  train.loss : 6.66908  train.total_ips : 806.65 img/s
DLL 2020-09-22 12:09:22.159471 - Epoch: 0 Iteration: 100  train.loss : 6.69277  train.total_ips : 805.82 img/s
DLL 2020-09-22 12:09:22.477172 - Epoch: 0 Iteration: 101  train.loss : 6.68036  train.total_ips : 806.13 img/s
DLL 2020-09-22 12:09:22.795534 - Epoch: 0 Iteration: 102  train.loss : 6.69903  train.total_ips : 804.21 img/s
DLL 2020-09-22 12:09:23.116054 - Epoch: 0 Iteration: 103  train.loss : 6.69511  train.total_ips : 798.84 img/s
DLL 2020-09-22 12:09:23.433209 - Epoch: 0 Iteration: 104  train.loss : 6.66019  train.total_ips : 807.33 img/s
DLL 2020-09-22 12:09:23.753572 - Epoch: 0 Iteration: 105  train.loss : 6.69571  train.total_ips : 799.24 img/s
DLL 2020-09-22 12:09:24.070770 - Epoch: 0 Iteration: 106  train.loss : 6.69885  train.total_ips : 807.27 img/s
DLL 2020-09-22 12:09:24.388490 - Epoch: 0 Iteration: 107  train.loss : 6.74647  train.total_ips : 805.96 img/s
DLL 2020-09-22 12:09:24.705922 - Epoch: 0 Iteration: 108  train.loss : 6.66745  train.total_ips : 806.61 img/s
DLL 2020-09-22 12:09:25.022859 - Epoch: 0 Iteration: 109  train.loss : 6.69708  train.total_ips : 807.89 img/s
DLL 2020-09-22 12:09:25.339859 - Epoch: 0 Iteration: 110  train.loss : 6.64535  train.total_ips : 807.72 img/s
DLL 2020-09-22 12:09:25.656800 - Epoch: 0 Iteration: 111  train.loss : 6.66526  train.total_ips : 807.89 img/s
DLL 2020-09-22 12:09:25.974528 - Epoch: 0 Iteration: 112  train.loss : 6.64792  train.total_ips : 805.87 img/s
DLL 2020-09-22 12:09:26.291721 - Epoch: 0 Iteration: 113  train.loss : 6.69084  train.total_ips : 807.26 img/s
DLL 2020-09-22 12:09:26.608815 - Epoch: 0 Iteration: 114  train.loss : 6.65044  train.total_ips : 807.48 img/s
DLL 2020-09-22 12:09:26.929134 - Epoch: 0 Iteration: 115  train.loss : 6.67214  train.total_ips : 799.38 img/s
DLL 2020-09-22 12:09:27.247519 - Epoch: 0 Iteration: 116  train.loss : 6.69277  train.total_ips : 804.24 img/s
DLL 2020-09-22 12:09:27.565544 - Epoch: 0 Iteration: 117  train.loss : 6.65630  train.total_ips : 805.10 img/s
DLL 2020-09-22 12:09:27.883609 - Epoch: 0 Iteration: 118  train.loss : 6.64151  train.total_ips : 805.06 img/s
DLL 2020-09-22 12:09:28.204998 - Epoch: 0 Iteration: 119  train.loss : 6.65683  train.total_ips : 796.71 img/s
DLL 2020-09-22 12:09:28.522221 - Epoch: 0 Iteration: 120  train.loss : 6.64288  train.total_ips : 807.16 img/s
DLL 2020-09-22 12:09:28.840191 - Epoch: 0 Iteration: 121  train.loss : 6.66480  train.total_ips : 805.27 img/s
DLL 2020-09-22 12:09:29.157379 - Epoch: 0 Iteration: 122  train.loss : 6.64639  train.total_ips : 807.36 img/s
DLL 2020-09-22 12:09:29.477746 - Epoch: 0 Iteration: 123  train.loss : 6.66627  train.total_ips : 799.22 img/s
DLL 2020-09-22 12:09:29.797442 - Epoch: 0 Iteration: 124  train.loss : 6.65479  train.total_ips : 800.92 img/s
DLL 2020-09-22 12:09:30.115907 - Epoch: 0 Iteration: 125  train.loss : 6.67342  train.total_ips : 804.06 img/s
DLL 2020-09-22 12:09:30.432821 - Epoch: 0 Iteration: 126  train.loss : 6.64857  train.total_ips : 807.92 img/s
DLL 2020-09-22 12:09:30.751453 - Epoch: 0 Iteration: 127  train.loss : 6.69865  train.total_ips : 803.62 img/s
DLL 2020-09-22 12:09:31.072041 - Epoch: 0 Iteration: 128  train.loss : 6.65614  train.total_ips : 798.66 img/s
DLL 2020-09-22 12:09:31.391100 - Epoch: 0 Iteration: 129  train.loss : 6.69422  train.total_ips : 802.56 img/s
DLL 2020-09-22 12:09:31.708349 - Epoch: 0 Iteration: 130  train.loss : 6.70407  train.total_ips : 807.07 img/s
DLL 2020-09-22 12:09:32.025506 - Epoch: 0 Iteration: 131  train.loss : 6.65808  train.total_ips : 807.32 img/s
DLL 2020-09-22 12:09:32.342589 - Epoch: 0 Iteration: 132  train.loss : 6.67825  train.total_ips : 807.54 img/s
DLL 2020-09-22 12:09:32.662330 - Epoch: 0 Iteration: 133  train.loss : 6.69979  train.total_ips : 800.83 img/s
DLL 2020-09-22 12:09:32.979062 - Epoch: 0 Iteration: 134  train.loss : 6.65926  train.total_ips : 808.39 img/s
DLL 2020-09-22 12:09:33.297792 - Epoch: 0 Iteration: 135  train.loss : 6.65817  train.total_ips : 803.38 img/s
DLL 2020-09-22 12:09:33.615083 - Epoch: 0 Iteration: 136  train.loss : 6.68146  train.total_ips : 806.97 img/s
DLL 2020-09-22 12:09:33.932272 - Epoch: 0 Iteration: 137  train.loss : 6.67544  train.total_ips : 807.27 img/s
DLL 2020-09-22 12:09:34.252580 - Epoch: 0 Iteration: 138  train.loss : 6.67801  train.total_ips : 799.36 img/s
DLL 2020-09-22 12:09:34.571662 - Epoch: 0 Iteration: 139  train.loss : 6.67784  train.total_ips : 802.48 img/s
DLL 2020-09-22 12:09:34.889951 - Epoch: 0 Iteration: 140  train.loss : 6.63823  train.total_ips : 804.48 img/s
DLL 2020-09-22 12:09:35.207200 - Epoch: 0 Iteration: 141  train.loss : 6.64324  train.total_ips : 807.08 img/s
DLL 2020-09-22 12:09:35.525378 - Epoch: 0 Iteration: 142  train.loss : 6.72791  train.total_ips : 804.76 img/s
DLL 2020-09-22 12:09:35.842813 - Epoch: 0 Iteration: 143  train.loss : 6.67986  train.total_ips : 806.62 img/s
DLL 2020-09-22 12:09:36.160258 - Epoch: 0 Iteration: 144  train.loss : 6.64636  train.total_ips : 806.60 img/s
DLL 2020-09-22 12:09:36.480210 - Epoch: 0 Iteration: 145  train.loss : 6.63748  train.total_ips : 800.31 img/s
DLL 2020-09-22 12:09:36.797617 - Epoch: 0 Iteration: 146  train.loss : 6.60693  train.total_ips : 806.69 img/s
DLL 2020-09-22 12:09:37.119580 - Epoch: 0 Iteration: 147  train.loss : 6.70064  train.total_ips : 795.28 img/s
DLL 2020-09-22 12:09:37.438719 - Epoch: 0 Iteration: 148  train.loss : 6.66479  train.total_ips : 802.40 img/s
DLL 2020-09-22 12:09:37.756538 - Epoch: 0 Iteration: 149  train.loss : 6.63435  train.total_ips : 805.66 img/s
DLL 2020-09-22 12:09:38.073780 - Epoch: 0  train.loss : 6.72798  train.total_ips : 798.61 img/s
DLL 2020-09-22 12:09:38.073909 - Epoch: 0  lr : 0.032  train.compute_ips : 801.26 img/s train.data_time : 0.00105 s train.compute_time : 0.39763 s
DLL 2020-09-22 12:09:38.074005 - Summary: train.loss : 6.72798  train.total_ips : 798.61 img/s
DLL 2020-09-22 12:09:38.074051 - Summary: lr : 0.032  train.compute_ips : 801.26 img/s train.data_time : 0.00105 s train.compute_time : 0.39763 s
Experiment ended
['/opt/conda/bin/python', '-u', '/workspace/rn50/main.py', '--data-backend', 'dali-cpu', '--raport-file', '/workspace/rn50/raport.json', '-j8', '-p', '1', '--lr', '0.256', '--optimizer-batch-size', '-1', '--warmup', '8', '--arch', 'resnet50', '-c', 'fanin', '--label-smoothing', '0.1', '--lr-schedule', 'cosine', '--mom', '0.125', '--wd', '3.0517578125e-05', '--workspace', '/workspace/rn50', '-b', '256', '--epochs', '1', '--prof', '150', '--training-only', '--no-checkpoints', '--amp', '--dynamic-loss-scale', '/data/image']
