+ python /workspace/rn50/multiproc.py --nnodes 1 --node_rank 0 --nproc_per_node 1 --master_addr 127.0.0.1 --master_port=29500 /workspace/rn50/main.py --data-backend dali-cpu --raport-file /workspace/rn50/raport.json -j8 -p 1 --lr 0.256 --optimizer-batch-size -1 --warmup 8 --arch resnet50 -c fanin --label-smoothing 0.1 --lr-schedule cosine --mom 0.125 --wd 3.0517578125e-05 --workspace /workspace/rn50 -b 256 --epochs 1 --prof 150 --training-only --no-checkpoints --amp --dynamic-loss-scale /data/image
=> creating model '('resnet50', 'fanin', 1000)'
Version: {'net': <class 'image_classification.resnet.ResNet'>, 'block': <class 'image_classification.resnet.Bottleneck'>, 'layers': [3, 4, 6, 3], 'widths': [64, 128, 256, 512], 'expansion': 4}
Config: {'conv': <class 'torch.nn.modules.conv.Conv2d'>, 'conv_init': 'fan_in', 'nonlinearity': 'relu', 'last_bn_0_init': False, 'activation': <function <lambda> at 0x7f378756c9d8>}
Num classes: 1000
i'm not distributed in dali
read 886372 files from 698 directories
read 50000 files from 1000 directories
DLL 2020-09-22 12:05:28.743372 - PARAMETER data : /data/image  data_backend : dali-cpu  arch : resnet50  model_config : fanin  num_classes : 1000  workers : 8  epochs : 1  run_epochs : -1  batch_size : 256  optimizer_batch_size : -1  lr : 0.256  lr_schedule : cosine  warmup : 8  label_smoothing : 0.1  mixup : 0.0  momentum : 0.125  weight_decay : 3.0517578125e-05  bn_weight_decay : False  nesterov : False  print_freq : 1  resume : None  pretrained_weights :   fp16 : False  static_loss_scale : 1  dynamic_loss_scale : True  prof : 150  amp : True  seed : None  gather_checkpoints : False  raport_file : /workspace/rn50/raport.json  evaluate : False  training_only : True  save_checkpoints : False  checkpoint_filename : checkpoint.pth.tar  workspace : /workspace/rn50  memory_format : nchw  distributed : False  local_rank : 0  gpu : 0  world_size : 1 
 ! Weight decay NOT applied to BN parameters 
98
63
Selected optimization level O1:  Insert automatic casts around Pytorch functions and Tensor methods.

Defaults for this optimization level are:
enabled                : True
opt_level              : O1
cast_model_type        : None
patch_torch_functions  : True
keep_batchnorm_fp32    : None
master_weights         : None
loss_scale             : dynamic
Processing user overrides (additional kwargs that are not None)...
After processing overrides, optimization options are:
enabled                : True
opt_level              : O1
cast_model_type        : None
patch_torch_functions  : True
keep_batchnorm_fp32    : None
master_weights         : None
loss_scale             : dynamic
RUNNING EPOCHS FROM 0 TO 1
DLL 2020-09-22 12:05:40.635531 - Epoch: 0 Iteration: 1  train.loss : 7.05927  train.total_ips : 21.57 img/s
DLL 2020-09-22 12:05:41.194312 - Epoch: 0 Iteration: 2  train.loss : 7.07678  train.total_ips : 458.16 img/s
DLL 2020-09-22 12:05:41.514981 - Epoch: 0 Iteration: 3  train.loss : 6.97460  train.total_ips : 798.48 img/s
DLL 2020-09-22 12:05:41.835853 - Epoch: 0 Iteration: 4  train.loss : 7.01662  train.total_ips : 797.99 img/s
DLL 2020-09-22 12:05:42.157831 - Epoch: 0 Iteration: 5  train.loss : 6.93029  train.total_ips : 795.25 img/s
DLL 2020-09-22 12:05:42.482610 - Epoch: 0 Iteration: 6  train.loss : 6.95682  train.total_ips : 788.42 img/s
DLL 2020-09-22 12:05:42.804797 - Epoch: 0 Iteration: 7  train.loss : 6.89691  train.total_ips : 794.70 img/s
DLL 2020-09-22 12:05:43.135614 - Epoch: 0 Iteration: 8  train.loss : 6.89783  train.total_ips : 774.02 img/s
DLL 2020-09-22 12:05:43.456574 - Epoch: 0 Iteration: 9  train.loss : 6.93768  train.total_ips : 797.77 img/s
DLL 2020-09-22 12:05:43.778064 - Epoch: 0 Iteration: 10  train.loss : 6.89511  train.total_ips : 796.65 img/s
DLL 2020-09-22 12:05:44.100675 - Epoch: 0 Iteration: 11  train.loss : 6.86348  train.total_ips : 793.62 img/s
DLL 2020-09-22 12:05:44.421345 - Epoch: 0 Iteration: 12  train.loss : 6.81331  train.total_ips : 798.52 img/s
DLL 2020-09-22 12:05:44.742575 - Epoch: 0 Iteration: 13  train.loss : 6.85792  train.total_ips : 797.12 img/s
DLL 2020-09-22 12:05:45.063808 - Epoch: 0 Iteration: 14  train.loss : 6.86763  train.total_ips : 797.12 img/s
DLL 2020-09-22 12:05:45.388541 - Epoch: 0 Iteration: 15  train.loss : 6.83431  train.total_ips : 788.49 img/s
DLL 2020-09-22 12:05:45.706751 - Epoch: 0 Iteration: 16  train.loss : 6.82271  train.total_ips : 804.71 img/s
DLL 2020-09-22 12:05:46.023954 - Epoch: 0 Iteration: 17  train.loss : 6.83755  train.total_ips : 807.21 img/s
DLL 2020-09-22 12:05:46.340220 - Epoch: 0 Iteration: 18  train.loss : 6.79311  train.total_ips : 809.61 img/s
DLL 2020-09-22 12:05:46.657126 - Epoch: 0 Iteration: 19  train.loss : 6.78758  train.total_ips : 808.16 img/s
DLL 2020-09-22 12:05:46.973271 - Epoch: 0 Iteration: 20  train.loss : 6.81530  train.total_ips : 810.17 img/s
DLL 2020-09-22 12:05:47.289747 - Epoch: 0 Iteration: 21  train.loss : 6.78916  train.total_ips : 808.88 img/s
DLL 2020-09-22 12:05:47.609382 - Epoch: 0 Iteration: 22  train.loss : 6.79486  train.total_ips : 801.06 img/s
DLL 2020-09-22 12:05:47.928551 - Epoch: 0 Iteration: 23  train.loss : 6.81035  train.total_ips : 802.26 img/s
DLL 2020-09-22 12:05:48.246344 - Epoch: 0 Iteration: 24  train.loss : 6.80852  train.total_ips : 805.75 img/s
DLL 2020-09-22 12:05:48.565596 - Epoch: 0 Iteration: 25  train.loss : 6.78542  train.total_ips : 802.05 img/s
DLL 2020-09-22 12:05:48.883222 - Epoch: 0 Iteration: 26  train.loss : 6.76822  train.total_ips : 806.16 img/s
DLL 2020-09-22 12:05:49.202912 - Epoch: 0 Iteration: 27  train.loss : 6.76258  train.total_ips : 800.96 img/s
DLL 2020-09-22 12:05:49.519122 - Epoch: 0 Iteration: 28  train.loss : 6.77414  train.total_ips : 809.77 img/s
DLL 2020-09-22 12:05:49.837121 - Epoch: 0 Iteration: 29  train.loss : 6.78202  train.total_ips : 805.20 img/s
DLL 2020-09-22 12:05:50.153680 - Epoch: 0 Iteration: 30  train.loss : 6.74848  train.total_ips : 809.13 img/s
DLL 2020-09-22 12:05:50.470343 - Epoch: 0 Iteration: 31  train.loss : 6.74886  train.total_ips : 808.59 img/s
DLL 2020-09-22 12:05:50.787243 - Epoch: 0 Iteration: 32  train.loss : 6.81053  train.total_ips : 808.02 img/s
DLL 2020-09-22 12:05:51.103694 - Epoch: 0 Iteration: 33  train.loss : 6.73648  train.total_ips : 809.16 img/s
DLL 2020-09-22 12:05:51.420254 - Epoch: 0 Iteration: 34  train.loss : 6.73571  train.total_ips : 808.85 img/s
DLL 2020-09-22 12:05:51.736847 - Epoch: 0 Iteration: 35  train.loss : 6.76992  train.total_ips : 808.88 img/s
DLL 2020-09-22 12:05:52.053349 - Epoch: 0 Iteration: 36  train.loss : 6.75012  train.total_ips : 808.97 img/s
DLL 2020-09-22 12:05:52.370192 - Epoch: 0 Iteration: 37  train.loss : 6.78969  train.total_ips : 808.13 img/s
DLL 2020-09-22 12:05:52.686610 - Epoch: 0 Iteration: 38  train.loss : 6.77037  train.total_ips : 809.23 img/s
DLL 2020-09-22 12:05:53.005180 - Epoch: 0 Iteration: 39  train.loss : 6.74647  train.total_ips : 803.77 img/s
DLL 2020-09-22 12:05:53.322028 - Epoch: 0 Iteration: 40  train.loss : 6.72525  train.total_ips : 808.11 img/s
DLL 2020-09-22 12:05:53.638603 - Epoch: 0 Iteration: 41  train.loss : 6.72054  train.total_ips : 808.82 img/s
DLL 2020-09-22 12:05:53.954613 - Epoch: 0 Iteration: 42  train.loss : 6.72801  train.total_ips : 810.24 img/s
DLL 2020-09-22 12:05:54.270397 - Epoch: 0 Iteration: 43  train.loss : 6.73051  train.total_ips : 810.84 img/s
DLL 2020-09-22 12:05:54.586544 - Epoch: 0 Iteration: 44  train.loss : 6.76432  train.total_ips : 809.91 img/s
DLL 2020-09-22 12:05:54.903038 - Epoch: 0 Iteration: 45  train.loss : 6.77317  train.total_ips : 809.03 img/s
DLL 2020-09-22 12:05:55.219039 - Epoch: 0 Iteration: 46  train.loss : 6.70595  train.total_ips : 810.27 img/s
DLL 2020-09-22 12:05:55.535359 - Epoch: 0 Iteration: 47  train.loss : 6.69092  train.total_ips : 809.47 img/s
DLL 2020-09-22 12:05:55.852011 - Epoch: 0 Iteration: 48  train.loss : 6.77057  train.total_ips : 808.61 img/s
DLL 2020-09-22 12:05:56.168280 - Epoch: 0 Iteration: 49  train.loss : 6.70984  train.total_ips : 809.58 img/s
DLL 2020-09-22 12:05:56.484676 - Epoch: 0 Iteration: 50  train.loss : 6.70077  train.total_ips : 809.27 img/s
DLL 2020-09-22 12:05:56.802913 - Epoch: 0 Iteration: 51  train.loss : 6.71963  train.total_ips : 804.61 img/s
DLL 2020-09-22 12:05:57.119309 - Epoch: 0 Iteration: 52  train.loss : 6.74457  train.total_ips : 809.28 img/s
DLL 2020-09-22 12:05:57.435587 - Epoch: 0 Iteration: 53  train.loss : 6.72396  train.total_ips : 809.57 img/s
DLL 2020-09-22 12:05:57.751402 - Epoch: 0 Iteration: 54  train.loss : 6.69924  train.total_ips : 810.75 img/s
DLL 2020-09-22 12:05:58.068506 - Epoch: 0 Iteration: 55  train.loss : 6.76424  train.total_ips : 807.46 img/s
DLL 2020-09-22 12:05:58.386345 - Epoch: 0 Iteration: 56  train.loss : 6.73420  train.total_ips : 805.61 img/s
DLL 2020-09-22 12:05:58.704111 - Epoch: 0 Iteration: 57  train.loss : 6.69841  train.total_ips : 805.79 img/s
DLL 2020-09-22 12:05:59.021592 - Epoch: 0 Iteration: 58  train.loss : 6.73619  train.total_ips : 806.49 img/s
DLL 2020-09-22 12:05:59.338333 - Epoch: 0 Iteration: 59  train.loss : 6.67345  train.total_ips : 808.47 img/s
DLL 2020-09-22 12:05:59.655392 - Epoch: 0 Iteration: 60  train.loss : 6.71313  train.total_ips : 807.56 img/s
DLL 2020-09-22 12:05:59.972006 - Epoch: 0 Iteration: 61  train.loss : 6.74814  train.total_ips : 808.77 img/s
DLL 2020-09-22 12:06:00.288805 - Epoch: 0 Iteration: 62  train.loss : 6.71571  train.total_ips : 808.25 img/s
DLL 2020-09-22 12:06:00.605894 - Epoch: 0 Iteration: 63  train.loss : 6.72472  train.total_ips : 807.50 img/s
DLL 2020-09-22 12:06:00.922370 - Epoch: 0 Iteration: 64  train.loss : 6.70869  train.total_ips : 809.06 img/s
DLL 2020-09-22 12:06:01.238605 - Epoch: 0 Iteration: 65  train.loss : 6.71441  train.total_ips : 809.69 img/s
DLL 2020-09-22 12:06:01.555347 - Epoch: 0 Iteration: 66  train.loss : 6.69489  train.total_ips : 808.39 img/s
DLL 2020-09-22 12:06:01.870999 - Epoch: 0 Iteration: 67  train.loss : 6.70493  train.total_ips : 811.18 img/s
DLL 2020-09-22 12:06:02.187402 - Epoch: 0 Iteration: 68  train.loss : 6.72403  train.total_ips : 809.26 img/s
DLL 2020-09-22 12:06:02.504271 - Epoch: 0 Iteration: 69  train.loss : 6.71799  train.total_ips : 808.05 img/s
DLL 2020-09-22 12:06:02.820885 - Epoch: 0 Iteration: 70  train.loss : 6.60593  train.total_ips : 808.70 img/s
DLL 2020-09-22 12:06:03.137846 - Epoch: 0 Iteration: 71  train.loss : 6.72524  train.total_ips : 807.82 img/s
DLL 2020-09-22 12:06:03.454690 - Epoch: 0 Iteration: 72  train.loss : 6.73426  train.total_ips : 808.13 img/s
DLL 2020-09-22 12:06:03.771145 - Epoch: 0 Iteration: 73  train.loss : 6.69888  train.total_ips : 809.11 img/s
DLL 2020-09-22 12:06:04.087545 - Epoch: 0 Iteration: 74  train.loss : 6.69141  train.total_ips : 809.29 img/s
DLL 2020-09-22 12:06:04.404291 - Epoch: 0 Iteration: 75  train.loss : 6.71974  train.total_ips : 808.39 img/s
DLL 2020-09-22 12:06:04.720877 - Epoch: 0 Iteration: 76  train.loss : 6.72533  train.total_ips : 808.79 img/s
DLL 2020-09-22 12:06:05.040506 - Epoch: 0 Iteration: 77  train.loss : 6.75345  train.total_ips : 801.11 img/s
DLL 2020-09-22 12:06:05.357659 - Epoch: 0 Iteration: 78  train.loss : 6.75918  train.total_ips : 807.39 img/s
DLL 2020-09-22 12:06:05.674402 - Epoch: 0 Iteration: 79  train.loss : 6.71333  train.total_ips : 808.46 img/s
DLL 2020-09-22 12:06:05.990968 - Epoch: 0 Iteration: 80  train.loss : 6.71387  train.total_ips : 808.78 img/s
DLL 2020-09-22 12:06:06.308238 - Epoch: 0 Iteration: 81  train.loss : 6.71762  train.total_ips : 807.04 img/s
DLL 2020-09-22 12:06:06.624945 - Epoch: 0 Iteration: 82  train.loss : 6.67799  train.total_ips : 808.47 img/s
DLL 2020-09-22 12:06:06.941184 - Epoch: 0 Iteration: 83  train.loss : 6.70988  train.total_ips : 809.67 img/s
DLL 2020-09-22 12:06:07.257240 - Epoch: 0 Iteration: 84  train.loss : 6.71337  train.total_ips : 810.13 img/s
DLL 2020-09-22 12:06:07.573323 - Epoch: 0 Iteration: 85  train.loss : 6.65409  train.total_ips : 810.09 img/s
DLL 2020-09-22 12:06:07.890551 - Epoch: 0 Iteration: 86  train.loss : 6.74327  train.total_ips : 807.14 img/s
DLL 2020-09-22 12:06:08.206701 - Epoch: 0 Iteration: 87  train.loss : 6.69193  train.total_ips : 809.91 img/s
DLL 2020-09-22 12:06:08.522999 - Epoch: 0 Iteration: 88  train.loss : 6.67817  train.total_ips : 809.50 img/s
DLL 2020-09-22 12:06:08.839734 - Epoch: 0 Iteration: 89  train.loss : 6.71174  train.total_ips : 808.40 img/s
DLL 2020-09-22 12:06:09.160171 - Epoch: 0 Iteration: 90  train.loss : 6.75236  train.total_ips : 799.10 img/s
DLL 2020-09-22 12:06:09.477009 - Epoch: 0 Iteration: 91  train.loss : 6.70122  train.total_ips : 808.37 img/s
DLL 2020-09-22 12:06:09.796807 - Epoch: 0 Iteration: 92  train.loss : 6.68803  train.total_ips : 800.70 img/s
DLL 2020-09-22 12:06:10.113292 - Epoch: 0 Iteration: 93  train.loss : 6.71220  train.total_ips : 809.03 img/s
DLL 2020-09-22 12:06:10.429391 - Epoch: 0 Iteration: 94  train.loss : 6.71449  train.total_ips : 810.03 img/s
DLL 2020-09-22 12:06:10.746500 - Epoch: 0 Iteration: 95  train.loss : 6.67344  train.total_ips : 807.46 img/s
DLL 2020-09-22 12:06:11.063018 - Epoch: 0 Iteration: 96  train.loss : 6.65802  train.total_ips : 808.95 img/s
DLL 2020-09-22 12:06:11.379537 - Epoch: 0 Iteration: 97  train.loss : 6.70031  train.total_ips : 808.95 img/s
DLL 2020-09-22 12:06:11.696062 - Epoch: 0 Iteration: 98  train.loss : 6.68204  train.total_ips : 808.95 img/s
DLL 2020-09-22 12:06:12.013258 - Epoch: 0 Iteration: 99  train.loss : 6.71810  train.total_ips : 807.24 img/s
DLL 2020-09-22 12:06:12.332429 - Epoch: 0 Iteration: 100  train.loss : 6.68411  train.total_ips : 802.27 img/s
DLL 2020-09-22 12:06:12.649321 - Epoch: 0 Iteration: 101  train.loss : 6.67766  train.total_ips : 807.98 img/s
DLL 2020-09-22 12:06:12.967232 - Epoch: 0 Iteration: 102  train.loss : 6.74754  train.total_ips : 805.45 img/s
DLL 2020-09-22 12:06:13.284306 - Epoch: 0 Iteration: 103  train.loss : 6.69548  train.total_ips : 807.53 img/s
DLL 2020-09-22 12:06:13.600122 - Epoch: 0 Iteration: 104  train.loss : 6.65174  train.total_ips : 810.75 img/s
DLL 2020-09-22 12:06:13.916939 - Epoch: 0 Iteration: 105  train.loss : 6.69442  train.total_ips : 808.20 img/s
DLL 2020-09-22 12:06:14.233468 - Epoch: 0 Iteration: 106  train.loss : 6.73085  train.total_ips : 808.93 img/s
DLL 2020-09-22 12:06:14.559063 - Epoch: 0 Iteration: 107  train.loss : 6.73691  train.total_ips : 786.41 img/s
DLL 2020-09-22 12:06:14.876231 - Epoch: 0 Iteration: 108  train.loss : 6.67848  train.total_ips : 807.32 img/s
DLL 2020-09-22 12:06:15.193655 - Epoch: 0 Iteration: 109  train.loss : 6.71285  train.total_ips : 806.67 img/s
DLL 2020-09-22 12:06:15.510688 - Epoch: 0 Iteration: 110  train.loss : 6.66331  train.total_ips : 807.69 img/s
DLL 2020-09-22 12:06:15.827145 - Epoch: 0 Iteration: 111  train.loss : 6.67429  train.total_ips : 809.14 img/s
DLL 2020-09-22 12:06:16.143680 - Epoch: 0 Iteration: 112  train.loss : 6.67102  train.total_ips : 808.92 img/s
DLL 2020-09-22 12:06:16.461351 - Epoch: 0 Iteration: 113  train.loss : 6.68697  train.total_ips : 806.05 img/s
DLL 2020-09-22 12:06:16.777751 - Epoch: 0 Iteration: 114  train.loss : 6.67318  train.total_ips : 809.25 img/s
DLL 2020-09-22 12:06:17.094340 - Epoch: 0 Iteration: 115  train.loss : 6.69214  train.total_ips : 808.89 img/s
DLL 2020-09-22 12:06:17.411523 - Epoch: 0 Iteration: 116  train.loss : 6.69740  train.total_ips : 807.45 img/s
DLL 2020-09-22 12:06:17.728542 - Epoch: 0 Iteration: 117  train.loss : 6.65702  train.total_ips : 807.67 img/s
DLL 2020-09-22 12:06:18.045920 - Epoch: 0 Iteration: 118  train.loss : 6.66085  train.total_ips : 806.79 img/s
DLL 2020-09-22 12:06:18.362195 - Epoch: 0 Iteration: 119  train.loss : 6.70204  train.total_ips : 809.58 img/s
DLL 2020-09-22 12:06:18.679380 - Epoch: 0 Iteration: 120  train.loss : 6.62901  train.total_ips : 807.26 img/s
DLL 2020-09-22 12:06:18.995636 - Epoch: 0 Iteration: 121  train.loss : 6.69117  train.total_ips : 809.63 img/s
DLL 2020-09-22 12:06:19.312341 - Epoch: 0 Iteration: 122  train.loss : 6.66513  train.total_ips : 808.48 img/s
DLL 2020-09-22 12:06:19.629257 - Epoch: 0 Iteration: 123  train.loss : 6.70414  train.total_ips : 807.94 img/s
DLL 2020-09-22 12:06:19.945713 - Epoch: 0 Iteration: 124  train.loss : 6.70127  train.total_ips : 809.12 img/s
DLL 2020-09-22 12:06:20.262518 - Epoch: 0 Iteration: 125  train.loss : 6.68853  train.total_ips : 808.22 img/s
DLL 2020-09-22 12:06:20.578641 - Epoch: 0 Iteration: 126  train.loss : 6.65959  train.total_ips : 809.96 img/s
DLL 2020-09-22 12:06:20.896080 - Epoch: 0 Iteration: 127  train.loss : 6.68735  train.total_ips : 806.62 img/s
DLL 2020-09-22 12:06:21.213335 - Epoch: 0 Iteration: 128  train.loss : 6.69325  train.total_ips : 807.08 img/s
DLL 2020-09-22 12:06:21.531189 - Epoch: 0 Iteration: 129  train.loss : 6.74180  train.total_ips : 805.56 img/s
DLL 2020-09-22 12:06:21.848038 - Epoch: 0 Iteration: 130  train.loss : 6.70915  train.total_ips : 808.37 img/s
DLL 2020-09-22 12:06:22.168570 - Epoch: 0 Iteration: 131  train.loss : 6.66889  train.total_ips : 798.83 img/s
DLL 2020-09-22 12:06:22.497056 - Epoch: 0 Iteration: 132  train.loss : 6.70026  train.total_ips : 779.52 img/s
DLL 2020-09-22 12:06:22.814008 - Epoch: 0 Iteration: 133  train.loss : 6.68511  train.total_ips : 807.88 img/s
DLL 2020-09-22 12:06:23.131231 - Epoch: 0 Iteration: 134  train.loss : 6.68348  train.total_ips : 807.15 img/s
DLL 2020-09-22 12:06:23.447542 - Epoch: 0 Iteration: 135  train.loss : 6.65323  train.total_ips : 809.48 img/s
DLL 2020-09-22 12:06:23.764639 - Epoch: 0 Iteration: 136  train.loss : 6.70182  train.total_ips : 807.49 img/s
DLL 2020-09-22 12:06:24.082040 - Epoch: 0 Iteration: 137  train.loss : 6.66783  train.total_ips : 806.74 img/s
DLL 2020-09-22 12:06:24.398814 - Epoch: 0 Iteration: 138  train.loss : 6.69917  train.total_ips : 808.31 img/s
DLL 2020-09-22 12:06:24.715623 - Epoch: 0 Iteration: 139  train.loss : 6.72394  train.total_ips : 808.21 img/s
DLL 2020-09-22 12:06:25.032000 - Epoch: 0 Iteration: 140  train.loss : 6.70910  train.total_ips : 809.31 img/s
DLL 2020-09-22 12:06:25.349058 - Epoch: 0 Iteration: 141  train.loss : 6.66501  train.total_ips : 807.57 img/s
DLL 2020-09-22 12:06:25.666157 - Epoch: 0 Iteration: 142  train.loss : 6.69521  train.total_ips : 807.48 img/s
DLL 2020-09-22 12:06:25.983198 - Epoch: 0 Iteration: 143  train.loss : 6.67225  train.total_ips : 807.61 img/s
DLL 2020-09-22 12:06:26.299937 - Epoch: 0 Iteration: 144  train.loss : 6.71574  train.total_ips : 808.39 img/s
DLL 2020-09-22 12:06:26.616424 - Epoch: 0 Iteration: 145  train.loss : 6.68943  train.total_ips : 809.03 img/s
DLL 2020-09-22 12:06:26.932943 - Epoch: 0 Iteration: 146  train.loss : 6.63634  train.total_ips : 808.97 img/s
DLL 2020-09-22 12:06:27.252148 - Epoch: 0 Iteration: 147  train.loss : 6.72270  train.total_ips : 802.18 img/s
DLL 2020-09-22 12:06:27.568784 - Epoch: 0 Iteration: 148  train.loss : 6.68242  train.total_ips : 808.64 img/s
DLL 2020-09-22 12:06:27.885402 - Epoch: 0 Iteration: 149  train.loss : 6.68726  train.total_ips : 808.70 img/s
DLL 2020-09-22 12:06:28.202753 - Epoch: 0  train.loss : 6.73681  train.total_ips : 798.65 img/s
DLL 2020-09-22 12:06:28.202870 - Epoch: 0  lr : 0.032  train.compute_ips : 801.26 img/s train.data_time : 0.00104 s train.compute_time : 0.39514 s
DLL 2020-09-22 12:06:28.202983 - Summary: train.loss : 6.73681  train.total_ips : 798.65 img/s
DLL 2020-09-22 12:06:28.203025 - Summary: lr : 0.032  train.compute_ips : 801.26 img/s train.data_time : 0.00104 s train.compute_time : 0.39514 s
Experiment ended
['/opt/conda/bin/python', '-u', '/workspace/rn50/main.py', '--data-backend', 'dali-cpu', '--raport-file', '/workspace/rn50/raport.json', '-j8', '-p', '1', '--lr', '0.256', '--optimizer-batch-size', '-1', '--warmup', '8', '--arch', 'resnet50', '-c', 'fanin', '--label-smoothing', '0.1', '--lr-schedule', 'cosine', '--mom', '0.125', '--wd', '3.0517578125e-05', '--workspace', '/workspace/rn50', '-b', '256', '--epochs', '1', '--prof', '150', '--training-only', '--no-checkpoints', '--amp', '--dynamic-loss-scale', '/data/image']
