+ python /workspace/rn50/multiproc.py --nnodes 2 --node_rank 0 --nproc_per_node 8 --master_addr 10.11.0.2 --master_port=22333 /workspace/rn50/main.py --data-backend dali-cpu --raport-file /workspace/rn50/raport.json -j5 -p 1 --lr 2.048 --optimizer-batch-size -1 --warmup 8 --arch resnet50 -c fanin --label-smoothing 0.1 --lr-schedule cosine --mom 0.125 --wd 3.0517578125e-05 --workspace /workspace/rn50 -b 256 --epochs 1 --prof 150 --training-only --no-checkpoints --amp --dynamic-loss-scale /data/image
=> creating model '('resnet50', 'fanin', 1000)'
Version: {'net': <class 'image_classification.resnet.ResNet'>, 'block': <class 'image_classification.resnet.Bottleneck'>, 'layers': [3, 4, 6, 3], 'widths': [64, 128, 256, 512], 'expansion': 4}
Config: {'conv': <class 'torch.nn.modules.conv.Conv2d'>, 'conv_init': 'fan_in', 'nonlinearity': 'relu', 'last_bn_0_init': False, 'activation': <function <lambda> at 0x7f7e945699d8>}
Num classes: 1000
i'm distributed in dali~~~~~~~~~~~~~~~~~
rank in dali:  0
world_size in dali:  16
read 3545488 files from 2792 directories
read 50000 files from 1000 directories
DLL 2020-09-29 14:30:48.011380 - PARAMETER data : /data/image  data_backend : dali-cpu  arch : resnet50  model_config : fanin  num_classes : 1000  workers : 5  epochs : 1  run_epochs : -1  batch_size : 256  optimizer_batch_size : -1  lr : 2.048  lr_schedule : cosine  warmup : 8  label_smoothing : 0.1  mixup : 0.0  momentum : 0.125  weight_decay : 3.0517578125e-05  bn_weight_decay : False  nesterov : False  print_freq : 1  resume : None  pretrained_weights :   fp16 : False  static_loss_scale : 1  dynamic_loss_scale : True  prof : 150  amp : True  seed : None  gather_checkpoints : False  raport_file : /workspace/rn50/raport.json  evaluate : False  training_only : True  save_checkpoints : False  checkpoint_filename : checkpoint.pth.tar  workspace : /workspace/rn50  memory_format : nchw  distributed : True  local_rank : 0  gpu : 8  world_size : 16 
 ! Weight decay NOT applied to BN parameters 
98
63
Selected optimization level O1:  Insert automatic casts around Pytorch functions and Tensor methods.

Defaults for this optimization level are:
enabled                : True
opt_level              : O1
cast_model_type        : None
patch_torch_functions  : True
keep_batchnorm_fp32    : None
master_weights         : None
loss_scale             : dynamic
Processing user overrides (additional kwargs that are not None)...
After processing overrides, optimization options are:
enabled                : True
opt_level              : O1
cast_model_type        : None
patch_torch_functions  : True
keep_batchnorm_fp32    : None
master_weights         : None
loss_scale             : dynamic
VS002:193846:193846 [0] NCCL INFO Bootstrap : Using [0]ib0:10.11.0.2<0>
VS002:193846:193846 [0] NCCL INFO NET/Plugin : No plugin found (libnccl-net.so), using internal implementation
VS002:193846:193846 [0] NCCL INFO NET/IB : Using [0]mlx5_0:1/IB ; OOB ib0:10.11.0.2<0>
VS002:193846:193846 [0] NCCL INFO Using network IB
NCCL version 2.6.3+cuda10.2
VS002:193846:194610 [0] NCCL INFO Channel 00/02 :    0   3   2   6   7   4   5   1   8  11  10  14  15  12  13   9
VS002:193846:194610 [0] NCCL INFO Channel 01/02 :    0   3   2   6   7   4   5   1   8  11  10  14  15  12  13   9
VS002:193846:194610 [0] NCCL INFO threadThresholds 8/8/64 | 128/8/64 | 8/8/64
VS002:193846:194610 [0] NCCL INFO Trees [0] 1/-1/-1->0->-1|-1->0->1/-1/-1 [1] 1/-1/-1->0->9|9->0->1/-1/-1
VS002:193846:194610 [0] NCCL INFO Setting affinity for GPU 0 to 0f,ff000fff
VS002:193846:194610 [0] NCCL INFO Ring 00 : 9[1b000] -> 0[1a000] [receive] via NET/IB/0
VS002:193846:194610 [0] NCCL INFO Ring 00 : 0[1a000] -> 3[3e000] via P2P/IPC
VS002:193846:194610 [0] NCCL INFO Ring 00 : 0[1a000] -> 1[1b000] via P2P/IPC
VS002:193846:194610 [0] NCCL INFO Ring 01 : 9[1b000] -> 0[1a000] [receive] via NET/IB/0
VS002:193846:194610 [0] NCCL INFO Ring 01 : 0[1a000] -> 3[3e000] via P2P/IPC
VS002:193846:194610 [0] NCCL INFO Ring 01 : 0[1a000] -> 9[1b000] [send] via NET/IB/0
VS002:193846:194610 [0] NCCL INFO Ring 01 : 0[1a000] -> 1[1b000] via P2P/IPC
VS002:193846:194610 [0] NCCL INFO comm 0x7f7ce4006880 rank 0 nranks 16 cudaDev 0 busId 1a000 - Init COMPLETE
VS002:193846:193846 [0] NCCL INFO Launch mode Parallel
RUNNING EPOCHS FROM 0 TO 1
DLL 2020-09-29 14:31:08.950469 - Epoch: 0 Iteration: 1  train.loss : 7.07092  train.total_ips : 237.77 img/s
DLL 2020-09-29 14:31:09.901063 - Epoch: 0 Iteration: 2  train.loss : 6.97761  train.total_ips : 4309.10 img/s
DLL 2020-09-29 14:31:10.411613 - Epoch: 0 Iteration: 3  train.loss : 6.93953  train.total_ips : 8024.17 img/s
DLL 2020-09-29 14:31:10.753274 - Epoch: 0 Iteration: 4  train.loss : 6.95214  train.total_ips : 11991.87 img/s
DLL 2020-09-29 14:31:11.092473 - Epoch: 0 Iteration: 5  train.loss : 6.94129  train.total_ips : 12080.54 img/s
DLL 2020-09-29 14:31:11.473236 - Epoch: 0 Iteration: 6  train.loss : 6.93668  train.total_ips : 10761.26 img/s
DLL 2020-09-29 14:31:11.809595 - Epoch: 0 Iteration: 7  train.loss : 6.93795  train.total_ips : 12180.23 img/s
DLL 2020-09-29 14:31:12.148260 - Epoch: 0 Iteration: 8  train.loss : 6.92445  train.total_ips : 12098.27 img/s
DLL 2020-09-29 14:31:12.489870 - Epoch: 0 Iteration: 9  train.loss : 6.92216  train.total_ips : 11998.36 img/s
DLL 2020-09-29 14:31:12.828339 - Epoch: 0 Iteration: 10  train.loss : 6.93813  train.total_ips : 12103.85 img/s
DLL 2020-09-29 14:31:13.168623 - Epoch: 0 Iteration: 11  train.loss : 6.92730  train.total_ips : 12041.62 img/s
DLL 2020-09-29 14:31:13.513552 - Epoch: 0 Iteration: 12  train.loss : 6.93334  train.total_ips : 11877.49 img/s
DLL 2020-09-29 14:31:13.854737 - Epoch: 0 Iteration: 13  train.loss : 6.92233  train.total_ips : 12010.95 img/s
DLL 2020-09-29 14:31:14.188575 - Epoch: 0 Iteration: 14  train.loss : 6.94429  train.total_ips : 12273.04 img/s
DLL 2020-09-29 14:31:14.528795 - Epoch: 0 Iteration: 15  train.loss : 6.91996  train.total_ips : 12046.57 img/s
DLL 2020-09-29 14:31:14.866249 - Epoch: 0 Iteration: 16  train.loss : 6.91917  train.total_ips : 12140.77 img/s
DLL 2020-09-29 14:31:15.252729 - Epoch: 0 Iteration: 17  train.loss : 6.92830  train.total_ips : 10600.62 img/s
DLL 2020-09-29 14:31:15.588292 - Epoch: 0 Iteration: 18  train.loss : 6.93475  train.total_ips : 12209.26 img/s
DLL 2020-09-29 14:31:15.925594 - Epoch: 0 Iteration: 19  train.loss : 6.91758  train.total_ips : 12146.95 img/s
DLL 2020-09-29 14:31:16.291876 - Epoch: 0 Iteration: 20  train.loss : 6.92278  train.total_ips : 11190.81 img/s
DLL 2020-09-29 14:31:16.625741 - Epoch: 0 Iteration: 21  train.loss : 6.96794  train.total_ips : 12270.70 img/s
DLL 2020-09-29 14:31:16.976826 - Epoch: 0 Iteration: 22  train.loss : 6.93438  train.total_ips : 11670.81 img/s
DLL 2020-09-29 14:31:17.312258 - Epoch: 0 Iteration: 23  train.loss : 6.92545  train.total_ips : 12214.62 img/s
DLL 2020-09-29 14:31:17.664898 - Epoch: 0 Iteration: 24  train.loss : 6.91984  train.total_ips : 11617.95 img/s
DLL 2020-09-29 14:31:18.005451 - Epoch: 0 Iteration: 25  train.loss : 6.93557  train.total_ips : 12031.87 img/s
DLL 2020-09-29 14:31:18.339370 - Epoch: 0 Iteration: 26  train.loss : 6.93172  train.total_ips : 12270.13 img/s
DLL 2020-09-29 14:31:18.678999 - Epoch: 0 Iteration: 27  train.loss : 6.94182  train.total_ips : 12066.74 img/s
DLL 2020-09-29 14:31:19.034571 - Epoch: 0 Iteration: 28  train.loss : 6.93885  train.total_ips : 11521.21 img/s
Gradient overflow.  Skipping step, loss scaler 0 reducing loss scale to 32768.0
DLL 2020-09-29 14:31:19.386260 - Epoch: 0 Iteration: 29  train.loss : 6.93196  train.total_ips : 11649.06 img/s
DLL 2020-09-29 14:31:19.725926 - Epoch: 0 Iteration: 30  train.loss : 6.93522  train.total_ips : 12063.41 img/s
DLL 2020-09-29 14:31:20.068534 - Epoch: 0 Iteration: 31  train.loss : 6.93217  train.total_ips : 11959.63 img/s
DLL 2020-09-29 14:31:20.403650 - Epoch: 0 Iteration: 32  train.loss : 6.92778  train.total_ips : 12225.48 img/s
DLL 2020-09-29 14:31:20.746328 - Epoch: 0 Iteration: 33  train.loss : 6.94964  train.total_ips : 11956.25 img/s
DLL 2020-09-29 14:31:21.081000 - Epoch: 0 Iteration: 34  train.loss : 6.94416  train.total_ips : 12242.22 img/s
DLL 2020-09-29 14:31:21.438625 - Epoch: 0 Iteration: 35  train.loss : 6.91885  train.total_ips : 11462.19 img/s
DLL 2020-09-29 14:31:21.777773 - Epoch: 0 Iteration: 36  train.loss : 6.92524  train.total_ips : 12080.26 img/s
DLL 2020-09-29 14:31:22.120214 - Epoch: 0 Iteration: 37  train.loss : 6.91689  train.total_ips : 11963.66 img/s
DLL 2020-09-29 14:31:22.454741 - Epoch: 0 Iteration: 38  train.loss : 6.92026  train.total_ips : 12249.23 img/s
DLL 2020-09-29 14:31:22.794485 - Epoch: 0 Iteration: 39  train.loss : 6.93160  train.total_ips : 12058.25 img/s
DLL 2020-09-29 14:31:23.131402 - Epoch: 0 Iteration: 40  train.loss : 6.92747  train.total_ips : 12160.51 img/s
DLL 2020-09-29 14:31:23.477528 - Epoch: 0 Iteration: 41  train.loss : 6.92371  train.total_ips : 11836.29 img/s
DLL 2020-09-29 14:31:23.840098 - Epoch: 0 Iteration: 42  train.loss : 3175593541632.00000  train.total_ips : 11299.65 img/s
DLL 2020-09-29 14:31:24.253299 - Epoch: 0 Iteration: 43  train.loss : 6.91804  train.total_ips : 9917.24 img/s
DLL 2020-09-29 14:31:24.587839 - Epoch: 0 Iteration: 44  train.loss : 6.90903  train.total_ips : 12246.00 img/s
DLL 2020-09-29 14:31:24.936696 - Epoch: 0 Iteration: 45  train.loss : 6.91966  train.total_ips : 11743.88 img/s
DLL 2020-09-29 14:31:25.281409 - Epoch: 0 Iteration: 46  train.loss : 6.91952  train.total_ips : 11886.49 img/s
DLL 2020-09-29 14:31:25.628778 - Epoch: 0 Iteration: 47  train.loss : 6.92405  train.total_ips : 11802.21 img/s
DLL 2020-09-29 14:31:25.965260 - Epoch: 0 Iteration: 48  train.loss : 6.93610  train.total_ips : 12175.30 img/s
DLL 2020-09-29 14:31:26.318887 - Epoch: 0 Iteration: 49  train.loss : 6.93435  train.total_ips : 11587.05 img/s
DLL 2020-09-29 14:31:26.656071 - Epoch: 0 Iteration: 50  train.loss : 6.91757  train.total_ips : 12150.89 img/s
DLL 2020-09-29 14:31:26.998788 - Epoch: 0 Iteration: 51  train.loss : 6.93393  train.total_ips : 11957.72 img/s
DLL 2020-09-29 14:31:27.337322 - Epoch: 0 Iteration: 52  train.loss : 6.92107  train.total_ips : 12105.42 img/s
DLL 2020-09-29 14:31:27.679007 - Epoch: 0 Iteration: 53  train.loss : 6.93252  train.total_ips : 11992.18 img/s
DLL 2020-09-29 14:31:28.027241 - Epoch: 0 Iteration: 54  train.loss : 6.91641  train.total_ips : 11767.11 img/s
DLL 2020-09-29 14:31:28.363166 - Epoch: 0 Iteration: 55  train.loss : 6.91762  train.total_ips : 12195.46 img/s
DLL 2020-09-29 14:31:28.707446 - Epoch: 0 Iteration: 56  train.loss : 6.91516  train.total_ips : 11900.52 img/s
DLL 2020-09-29 14:31:29.046303 - Epoch: 0 Iteration: 57  train.loss : 6.91637  train.total_ips : 12090.81 img/s
DLL 2020-09-29 14:31:29.382607 - Epoch: 0 Iteration: 58  train.loss : 6.92433  train.total_ips : 12184.18 img/s
DLL 2020-09-29 14:31:29.747399 - Epoch: 0 Iteration: 59  train.loss : 6.91686  train.total_ips : 11236.15 img/s
DLL 2020-09-29 14:31:30.087692 - Epoch: 0 Iteration: 60  train.loss : 6.90963  train.total_ips : 12037.85 img/s
DLL 2020-09-29 14:31:30.434424 - Epoch: 0 Iteration: 61  train.loss : 6.90391  train.total_ips : 11816.16 img/s
DLL 2020-09-29 14:31:30.772029 - Epoch: 0 Iteration: 62  train.loss : 6.91677  train.total_ips : 12135.34 img/s
DLL 2020-09-29 14:31:31.129870 - Epoch: 0 Iteration: 63  train.loss : 6.92199  train.total_ips : 11449.79 img/s
DLL 2020-09-29 14:31:31.468946 - Epoch: 0 Iteration: 64  train.loss : 6.91435  train.total_ips : 12083.96 img/s
DLL 2020-09-29 14:31:31.804525 - Epoch: 0 Iteration: 65  train.loss : 6.92190  train.total_ips : 12212.12 img/s
DLL 2020-09-29 14:31:32.146499 - Epoch: 0 Iteration: 66  train.loss : 6.92964  train.total_ips : 11981.66 img/s
DLL 2020-09-29 14:31:32.483069 - Epoch: 0 Iteration: 67  train.loss : 6.92284  train.total_ips : 12172.93 img/s
DLL 2020-09-29 14:31:32.823498 - Epoch: 0 Iteration: 68  train.loss : 6.93082  train.total_ips : 12036.01 img/s
DLL 2020-09-29 14:31:33.167887 - Epoch: 0 Iteration: 69  train.loss : 6.91825  train.total_ips : 11896.63 img/s
DLL 2020-09-29 14:31:33.515787 - Epoch: 0 Iteration: 70  train.loss : 6.91462  train.total_ips : 11780.71 img/s
DLL 2020-09-29 14:31:33.859035 - Epoch: 0 Iteration: 71  train.loss : 6.91205  train.total_ips : 11940.78 img/s
DLL 2020-09-29 14:31:34.199765 - Epoch: 0 Iteration: 72  train.loss : 6.92116  train.total_ips : 12023.94 img/s
DLL 2020-09-29 14:31:34.565885 - Epoch: 0 Iteration: 73  train.loss : 6.92136  train.total_ips : 11190.09 img/s
DLL 2020-09-29 14:31:34.904392 - Epoch: 0 Iteration: 74  train.loss : 6.91811  train.total_ips : 12103.10 img/s
DLL 2020-09-29 14:31:35.280133 - Epoch: 0 Iteration: 75  train.loss : 6.92547  train.total_ips : 10906.74 img/s
DLL 2020-09-29 14:31:35.617903 - Epoch: 0 Iteration: 76  train.loss : 6.91565  train.total_ips : 12129.94 img/s
DLL 2020-09-29 14:31:35.963982 - Epoch: 0 Iteration: 77  train.loss : 6.91393  train.total_ips : 11837.96 img/s
DLL 2020-09-29 14:31:36.303171 - Epoch: 0 Iteration: 78  train.loss : 6.92139  train.total_ips : 12078.99 img/s
DLL 2020-09-29 14:31:36.638658 - Epoch: 0 Iteration: 79  train.loss : 6.91735  train.total_ips : 12212.57 img/s
DLL 2020-09-29 14:31:36.978663 - Epoch: 0 Iteration: 80  train.loss : 1358078592.00000  train.total_ips : 12049.84 img/s
DLL 2020-09-29 14:31:37.324825 - Epoch: 0 Iteration: 81  train.loss : 6.91414  train.total_ips : 11840.18 img/s
DLL 2020-09-29 14:31:37.659771 - Epoch: 0 Iteration: 82  train.loss : 6.91860  train.total_ips : 12232.04 img/s
DLL 2020-09-29 14:31:38.000565 - Epoch: 0 Iteration: 83  train.loss : 6.90905  train.total_ips : 12026.79 img/s
DLL 2020-09-29 14:31:38.340580 - Epoch: 0 Iteration: 84  train.loss : 6.91132  train.total_ips : 12048.57 img/s
DLL 2020-09-29 14:31:38.678321 - Epoch: 0 Iteration: 85  train.loss : 6.90082  train.total_ips : 12131.01 img/s
DLL 2020-09-29 14:31:39.033926 - Epoch: 0 Iteration: 86  train.loss : 6.90933  train.total_ips : 11522.46 img/s
DLL 2020-09-29 14:31:39.373291 - Epoch: 0 Iteration: 87  train.loss : 6.91274  train.total_ips : 12077.92 img/s
DLL 2020-09-29 14:31:39.712252 - Epoch: 0 Iteration: 88  train.loss : 6.90568  train.total_ips : 12087.48 img/s
DLL 2020-09-29 14:31:40.054097 - Epoch: 0 Iteration: 89  train.loss : 6.92233  train.total_ips : 11985.87 img/s
DLL 2020-09-29 14:31:40.397248 - Epoch: 0 Iteration: 90  train.loss : 6.92005  train.total_ips : 11942.30 img/s
DLL 2020-09-29 14:31:40.731192 - Epoch: 0 Iteration: 91  train.loss : 6.91057  train.total_ips : 12268.43 img/s
DLL 2020-09-29 14:31:41.089607 - Epoch: 0 Iteration: 92  train.loss : 6.93002  train.total_ips : 11432.39 img/s
DLL 2020-09-29 14:31:41.454897 - Epoch: 0 Iteration: 93  train.loss : 6.92500  train.total_ips : 11217.47 img/s
DLL 2020-09-29 14:31:41.796750 - Epoch: 0 Iteration: 94  train.loss : 6.91318  train.total_ips : 11989.08 img/s
DLL 2020-09-29 14:31:42.132750 - Epoch: 0 Iteration: 95  train.loss : 6.90713  train.total_ips : 12195.39 img/s
DLL 2020-09-29 14:31:42.491498 - Epoch: 0 Iteration: 96  train.loss : 6.91212  train.total_ips : 11419.19 img/s
DLL 2020-09-29 14:31:42.831211 - Epoch: 0 Iteration: 97  train.loss : 6.91481  train.total_ips : 12061.67 img/s
DLL 2020-09-29 14:31:43.170375 - Epoch: 0 Iteration: 98  train.loss : 6.90808  train.total_ips : 12081.90 img/s
DLL 2020-09-29 14:31:43.505332 - Epoch: 0 Iteration: 99  train.loss : 6.91728  train.total_ips : 12233.98 img/s
DLL 2020-09-29 14:31:43.840386 - Epoch: 0 Iteration: 100  train.loss : 6.91087  train.total_ips : 12232.33 img/s
DLL 2020-09-29 14:31:44.182051 - Epoch: 0 Iteration: 101  train.loss : 6.91752  train.total_ips : 11991.75 img/s
DLL 2020-09-29 14:31:44.545132 - Epoch: 0 Iteration: 102  train.loss : 6.91960  train.total_ips : 11283.47 img/s
DLL 2020-09-29 14:31:44.896103 - Epoch: 0 Iteration: 103  train.loss : 6.91530  train.total_ips : 11674.58 img/s
DLL 2020-09-29 14:31:45.230715 - Epoch: 0 Iteration: 104  train.loss : 6.91900  train.total_ips : 12244.37 img/s
DLL 2020-09-29 14:31:45.572964 - Epoch: 0 Iteration: 105  train.loss : 6.91070  train.total_ips : 11971.51 img/s
DLL 2020-09-29 14:31:45.921422 - Epoch: 0 Iteration: 106  train.loss : 6.91775  train.total_ips : 11761.36 img/s
DLL 2020-09-29 14:31:46.276009 - Epoch: 0 Iteration: 107  train.loss : 6.90558  train.total_ips : 11553.47 img/s
DLL 2020-09-29 14:31:46.620276 - Epoch: 0 Iteration: 108  train.loss : 6.90689  train.total_ips : 11902.12 img/s
DLL 2020-09-29 14:31:46.954434 - Epoch: 0 Iteration: 109  train.loss : 6.90082  train.total_ips : 12261.44 img/s
DLL 2020-09-29 14:31:47.296775 - Epoch: 0 Iteration: 110  train.loss : 153680832.00000  train.total_ips : 11967.43 img/s
DLL 2020-09-29 14:31:47.645099 - Epoch: 0 Iteration: 111  train.loss : 6.89981  train.total_ips : 11763.53 img/s
DLL 2020-09-29 14:31:47.980415 - Epoch: 0 Iteration: 112  train.loss : 6.90872  train.total_ips : 12219.16 img/s
DLL 2020-09-29 14:31:48.330245 - Epoch: 0 Iteration: 113  train.loss : 6.92004  train.total_ips : 11715.92 img/s
DLL 2020-09-29 14:31:48.674028 - Epoch: 0 Iteration: 114  train.loss : 6.90417  train.total_ips : 11920.68 img/s
DLL 2020-09-29 14:31:49.010300 - Epoch: 0 Iteration: 115  train.loss : 6.91621  train.total_ips : 12186.49 img/s
DLL 2020-09-29 14:31:49.346406 - Epoch: 0 Iteration: 116  train.loss : 6.91452  train.total_ips : 12189.91 img/s
DLL 2020-09-29 14:31:49.685903 - Epoch: 0 Iteration: 117  train.loss : 6.90585  train.total_ips : 12067.41 img/s
DLL 2020-09-29 14:31:50.025239 - Epoch: 0 Iteration: 118  train.loss : 6.89642  train.total_ips : 12073.18 img/s
DLL 2020-09-29 14:31:50.368055 - Epoch: 0 Iteration: 119  train.loss : 6.90118  train.total_ips : 11955.14 img/s
DLL 2020-09-29 14:31:50.720875 - Epoch: 0 Iteration: 120  train.loss : 6.90045  train.total_ips : 11610.55 img/s
DLL 2020-09-29 14:31:51.085220 - Epoch: 0 Iteration: 121  train.loss : 6.90329  train.total_ips : 11247.82 img/s
DLL 2020-09-29 14:31:51.425596 - Epoch: 0 Iteration: 122  train.loss : 6.91872  train.total_ips : 12036.49 img/s
DLL 2020-09-29 14:31:51.775859 - Epoch: 0 Iteration: 123  train.loss : 6.90368  train.total_ips : 11698.50 img/s
DLL 2020-09-29 14:31:52.115481 - Epoch: 0 Iteration: 124  train.loss : 6.90190  train.total_ips : 12064.26 img/s
DLL 2020-09-29 14:31:52.456631 - Epoch: 0 Iteration: 125  train.loss : 6.90442  train.total_ips : 12010.75 img/s
DLL 2020-09-29 14:31:52.795064 - Epoch: 0 Iteration: 126  train.loss : 6.89483  train.total_ips : 12106.52 img/s
DLL 2020-09-29 14:31:53.134339 - Epoch: 0 Iteration: 127  train.loss : 6.89620  train.total_ips : 12077.50 img/s
DLL 2020-09-29 14:31:53.482723 - Epoch: 0 Iteration: 128  train.loss : 6.89293  train.total_ips : 11761.06 img/s
DLL 2020-09-29 14:31:53.833302 - Epoch: 0 Iteration: 129  train.loss : 6.89206  train.total_ips : 11686.73 img/s
DLL 2020-09-29 14:31:54.169776 - Epoch: 0 Iteration: 130  train.loss : 6.89488  train.total_ips : 12176.07 img/s
DLL 2020-09-29 14:31:54.507542 - Epoch: 0 Iteration: 131  train.loss : 6.89895  train.total_ips : 12130.01 img/s
DLL 2020-09-29 14:31:54.843813 - Epoch: 0 Iteration: 132  train.loss : 6.89347  train.total_ips : 12183.73 img/s
DLL 2020-09-29 14:31:55.198992 - Epoch: 0 Iteration: 133  train.loss : 6.90687  train.total_ips : 11536.11 img/s
DLL 2020-09-29 14:31:55.532378 - Epoch: 0 Iteration: 134  train.loss : 6.89550  train.total_ips : 12289.08 img/s
DLL 2020-09-29 14:31:55.879564 - Epoch: 0 Iteration: 135  train.loss : 6.89943  train.total_ips : 11800.11 img/s
DLL 2020-09-29 14:31:56.217644 - Epoch: 0 Iteration: 136  train.loss : 6.90549  train.total_ips : 12118.49 img/s
DLL 2020-09-29 14:31:56.559354 - Epoch: 0 Iteration: 137  train.loss : 6.89311  train.total_ips : 11993.33 img/s
DLL 2020-09-29 14:31:56.904503 - Epoch: 0 Iteration: 138  train.loss : 6.90326  train.total_ips : 11870.99 img/s
DLL 2020-09-29 14:31:57.242997 - Epoch: 0 Iteration: 139  train.loss : 6.90809  train.total_ips : 12103.26 img/s
DLL 2020-09-29 14:31:57.582959 - Epoch: 0 Iteration: 140  train.loss : 6.90784  train.total_ips : 12052.12 img/s
DLL 2020-09-29 14:31:57.922992 - Epoch: 0 Iteration: 141  train.loss : 6.90472  train.total_ips : 12049.13 img/s
DLL 2020-09-29 14:31:58.286369 - Epoch: 0 Iteration: 142  train.loss : 6.90379  train.total_ips : 11274.38 img/s
DLL 2020-09-29 14:31:58.626159 - Epoch: 0 Iteration: 143  train.loss : 6.90621  train.total_ips : 12057.69 img/s
DLL 2020-09-29 14:31:58.966523 - Epoch: 0 Iteration: 144  train.loss : 6.90269  train.total_ips : 12042.94 img/s
DLL 2020-09-29 14:31:59.316994 - Epoch: 0 Iteration: 145  train.loss : 6.89676  train.total_ips : 11691.84 img/s
DLL 2020-09-29 14:31:59.692477 - Epoch: 0 Iteration: 146  train.loss : 6.89228  train.total_ips : 10911.11 img/s
DLL 2020-09-29 14:32:00.033947 - Epoch: 0 Iteration: 147  train.loss : 6.88988  train.total_ips : 11997.96 img/s
DLL 2020-09-29 14:32:00.370419 - Epoch: 0 Iteration: 148  train.loss : 6.90774  train.total_ips : 12177.16 img/s
DLL 2020-09-29 14:32:00.710948 - Epoch: 0 Iteration: 149  train.loss : 6.89706  train.total_ips : 12031.02 img/s
DLL 2020-09-29 14:32:01.050656 - Epoch: 0  train.loss : 21180702013.81999  train.total_ips : 11751.94 img/s
DLL 2020-09-29 14:32:01.050876 - Epoch: 0  lr : 0.256  train.compute_ips : 11798.18 img/s train.data_time : 0.00151 s train.compute_time : 0.46055 s
DLL 2020-09-29 14:32:01.051040 - Summary: train.loss : 21180702013.81999  train.total_ips : 11751.94 img/s
DLL 2020-09-29 14:32:01.051101 - Summary: lr : 0.256  train.compute_ips : 11798.18 img/s train.data_time : 0.00151 s train.compute_time : 0.46055 s
Experiment ended
['/opt/conda/bin/python', '-u', '/workspace/rn50/main.py', '--data-backend', 'dali-cpu', '--raport-file', '/workspace/rn50/raport.json', '-j5', '-p', '1', '--lr', '2.048', '--optimizer-batch-size', '-1', '--warmup', '8', '--arch', 'resnet50', '-c', 'fanin', '--label-smoothing', '0.1', '--lr-schedule', 'cosine', '--mom', '0.125', '--wd', '3.0517578125e-05', '--workspace', '/workspace/rn50', '-b', '256', '--epochs', '1', '--prof', '150', '--training-only', '--no-checkpoints', '--amp', '--dynamic-loss-scale', '/data/image']
['/opt/conda/bin/python', '-u', '/workspace/rn50/main.py', '--data-backend', 'dali-cpu', '--raport-file', '/workspace/rn50/raport.json', '-j5', '-p', '1', '--lr', '2.048', '--optimizer-batch-size', '-1', '--warmup', '8', '--arch', 'resnet50', '-c', 'fanin', '--label-smoothing', '0.1', '--lr-schedule', 'cosine', '--mom', '0.125', '--wd', '3.0517578125e-05', '--workspace', '/workspace/rn50', '-b', '256', '--epochs', '1', '--prof', '150', '--training-only', '--no-checkpoints', '--amp', '--dynamic-loss-scale', '/data/image']
['/opt/conda/bin/python', '-u', '/workspace/rn50/main.py', '--data-backend', 'dali-cpu', '--raport-file', '/workspace/rn50/raport.json', '-j5', '-p', '1', '--lr', '2.048', '--optimizer-batch-size', '-1', '--warmup', '8', '--arch', 'resnet50', '-c', 'fanin', '--label-smoothing', '0.1', '--lr-schedule', 'cosine', '--mom', '0.125', '--wd', '3.0517578125e-05', '--workspace', '/workspace/rn50', '-b', '256', '--epochs', '1', '--prof', '150', '--training-only', '--no-checkpoints', '--amp', '--dynamic-loss-scale', '/data/image']
['/opt/conda/bin/python', '-u', '/workspace/rn50/main.py', '--data-backend', 'dali-cpu', '--raport-file', '/workspace/rn50/raport.json', '-j5', '-p', '1', '--lr', '2.048', '--optimizer-batch-size', '-1', '--warmup', '8', '--arch', 'resnet50', '-c', 'fanin', '--label-smoothing', '0.1', '--lr-schedule', 'cosine', '--mom', '0.125', '--wd', '3.0517578125e-05', '--workspace', '/workspace/rn50', '-b', '256', '--epochs', '1', '--prof', '150', '--training-only', '--no-checkpoints', '--amp', '--dynamic-loss-scale', '/data/image']
['/opt/conda/bin/python', '-u', '/workspace/rn50/main.py', '--data-backend', 'dali-cpu', '--raport-file', '/workspace/rn50/raport.json', '-j5', '-p', '1', '--lr', '2.048', '--optimizer-batch-size', '-1', '--warmup', '8', '--arch', 'resnet50', '-c', 'fanin', '--label-smoothing', '0.1', '--lr-schedule', 'cosine', '--mom', '0.125', '--wd', '3.0517578125e-05', '--workspace', '/workspace/rn50', '-b', '256', '--epochs', '1', '--prof', '150', '--training-only', '--no-checkpoints', '--amp', '--dynamic-loss-scale', '/data/image']
['/opt/conda/bin/python', '-u', '/workspace/rn50/main.py', '--data-backend', 'dali-cpu', '--raport-file', '/workspace/rn50/raport.json', '-j5', '-p', '1', '--lr', '2.048', '--optimizer-batch-size', '-1', '--warmup', '8', '--arch', 'resnet50', '-c', 'fanin', '--label-smoothing', '0.1', '--lr-schedule', 'cosine', '--mom', '0.125', '--wd', '3.0517578125e-05', '--workspace', '/workspace/rn50', '-b', '256', '--epochs', '1', '--prof', '150', '--training-only', '--no-checkpoints', '--amp', '--dynamic-loss-scale', '/data/image']
['/opt/conda/bin/python', '-u', '/workspace/rn50/main.py', '--data-backend', 'dali-cpu', '--raport-file', '/workspace/rn50/raport.json', '-j5', '-p', '1', '--lr', '2.048', '--optimizer-batch-size', '-1', '--warmup', '8', '--arch', 'resnet50', '-c', 'fanin', '--label-smoothing', '0.1', '--lr-schedule', 'cosine', '--mom', '0.125', '--wd', '3.0517578125e-05', '--workspace', '/workspace/rn50', '-b', '256', '--epochs', '1', '--prof', '150', '--training-only', '--no-checkpoints', '--amp', '--dynamic-loss-scale', '/data/image']
['/opt/conda/bin/python', '-u', '/workspace/rn50/main.py', '--data-backend', 'dali-cpu', '--raport-file', '/workspace/rn50/raport.json', '-j5', '-p', '1', '--lr', '2.048', '--optimizer-batch-size', '-1', '--warmup', '8', '--arch', 'resnet50', '-c', 'fanin', '--label-smoothing', '0.1', '--lr-schedule', 'cosine', '--mom', '0.125', '--wd', '3.0517578125e-05', '--workspace', '/workspace/rn50', '-b', '256', '--epochs', '1', '--prof', '150', '--training-only', '--no-checkpoints', '--amp', '--dynamic-loss-scale', '/data/image']
