+ python /workspace/rn50/multiproc.py --nnodes 2 --node_rank 0 --nproc_per_node 8 --master_addr 10.11.0.2 --master_port=22333 /workspace/rn50/main.py --data-backend dali-cpu --raport-file /workspace/rn50/raport.json -j5 -p 1 --lr 2.048 --optimizer-batch-size -1 --warmup 8 --arch resnet50 -c fanin --label-smoothing 0.1 --lr-schedule cosine --mom 0.125 --wd 3.0517578125e-05 --workspace /workspace/rn50 -b 256 --epochs 1 --prof 150 --training-only --no-checkpoints --amp --dynamic-loss-scale /data/image
=> creating model '('resnet50', 'fanin', 1000)'
Version: {'net': <class 'image_classification.resnet.ResNet'>, 'block': <class 'image_classification.resnet.Bottleneck'>, 'layers': [3, 4, 6, 3], 'widths': [64, 128, 256, 512], 'expansion': 4}
Config: {'conv': <class 'torch.nn.modules.conv.Conv2d'>, 'conv_init': 'fan_in', 'nonlinearity': 'relu', 'last_bn_0_init': False, 'activation': <function <lambda> at 0x7f98e36cb9d8>}
Num classes: 1000
i'm distributed in dali~~~~~~~~~~~~~~~~~
rank in dali:  0
world_size in dali:  16
read 3545488 files from 2792 directories
read 50000 files from 1000 directories
DLL 2020-09-29 14:34:54.406389 - PARAMETER data : /data/image  data_backend : dali-cpu  arch : resnet50  model_config : fanin  num_classes : 1000  workers : 5  epochs : 1  run_epochs : -1  batch_size : 256  optimizer_batch_size : -1  lr : 2.048  lr_schedule : cosine  warmup : 8  label_smoothing : 0.1  mixup : 0.0  momentum : 0.125  weight_decay : 3.0517578125e-05  bn_weight_decay : False  nesterov : False  print_freq : 1  resume : None  pretrained_weights :   fp16 : False  static_loss_scale : 1  dynamic_loss_scale : True  prof : 150  amp : True  seed : None  gather_checkpoints : False  raport_file : /workspace/rn50/raport.json  evaluate : False  training_only : True  save_checkpoints : False  checkpoint_filename : checkpoint.pth.tar  workspace : /workspace/rn50  memory_format : nchw  distributed : True  local_rank : 0  gpu : 8  world_size : 16 
 ! Weight decay NOT applied to BN parameters 
98
63
Selected optimization level O1:  Insert automatic casts around Pytorch functions and Tensor methods.

Defaults for this optimization level are:
enabled                : True
opt_level              : O1
cast_model_type        : None
patch_torch_functions  : True
keep_batchnorm_fp32    : None
master_weights         : None
loss_scale             : dynamic
Processing user overrides (additional kwargs that are not None)...
After processing overrides, optimization options are:
enabled                : True
opt_level              : O1
cast_model_type        : None
patch_torch_functions  : True
keep_batchnorm_fp32    : None
master_weights         : None
loss_scale             : dynamic
VS002:196745:196745 [0] NCCL INFO Bootstrap : Using [0]ib0:10.11.0.2<0>
VS002:196745:196745 [0] NCCL INFO NET/Plugin : No plugin found (libnccl-net.so), using internal implementation
VS002:196745:196745 [0] NCCL INFO NET/IB : Using [0]mlx5_0:1/IB ; OOB ib0:10.11.0.2<0>
VS002:196745:196745 [0] NCCL INFO Using network IB
NCCL version 2.6.3+cuda10.2
VS002:196745:197522 [0] NCCL INFO Channel 00/02 :    0   3   2   6   7   4   5   1   8  11  10  14  15  12  13   9
VS002:196745:197522 [0] NCCL INFO Channel 01/02 :    0   3   2   6   7   4   5   1   8  11  10  14  15  12  13   9
VS002:196745:197522 [0] NCCL INFO threadThresholds 8/8/64 | 128/8/64 | 8/8/64
VS002:196745:197522 [0] NCCL INFO Trees [0] 1/-1/-1->0->-1|-1->0->1/-1/-1 [1] 1/-1/-1->0->9|9->0->1/-1/-1
VS002:196745:197522 [0] NCCL INFO Setting affinity for GPU 0 to 0f,ff000fff
VS002:196745:197522 [0] NCCL INFO Ring 00 : 9[1b000] -> 0[1a000] [receive] via NET/IB/0
VS002:196745:197522 [0] NCCL INFO Ring 00 : 0[1a000] -> 3[3e000] via P2P/IPC
VS002:196745:197522 [0] NCCL INFO Ring 00 : 0[1a000] -> 1[1b000] via P2P/IPC
VS002:196745:197522 [0] NCCL INFO Ring 01 : 9[1b000] -> 0[1a000] [receive] via NET/IB/0
VS002:196745:197522 [0] NCCL INFO Ring 01 : 0[1a000] -> 3[3e000] via P2P/IPC
VS002:196745:197522 [0] NCCL INFO Ring 01 : 0[1a000] -> 9[1b000] [send] via NET/IB/0
VS002:196745:197522 [0] NCCL INFO Ring 01 : 0[1a000] -> 1[1b000] via P2P/IPC
VS002:196745:197522 [0] NCCL INFO comm 0x7f9698006880 rank 0 nranks 16 cudaDev 0 busId 1a000 - Init COMPLETE
VS002:196745:196745 [0] NCCL INFO Launch mode Parallel
RUNNING EPOCHS FROM 0 TO 1
DLL 2020-09-29 14:35:14.659126 - Epoch: 0 Iteration: 1  train.loss : 7.06850  train.total_ips : 236.25 img/s
DLL 2020-09-29 14:35:15.368961 - Epoch: 0 Iteration: 2  train.loss : 6.96941  train.total_ips : 5770.15 img/s
DLL 2020-09-29 14:35:15.726739 - Epoch: 0 Iteration: 3  train.loss : 6.93641  train.total_ips : 11452.15 img/s
DLL 2020-09-29 14:35:16.073948 - Epoch: 0 Iteration: 4  train.loss : 6.93886  train.total_ips : 11800.96 img/s
DLL 2020-09-29 14:35:16.409437 - Epoch: 0 Iteration: 5  train.loss : 6.92258  train.total_ips : 12212.22 img/s
DLL 2020-09-29 14:35:16.750803 - Epoch: 0 Iteration: 6  train.loss : 6.93131  train.total_ips : 12003.72 img/s
DLL 2020-09-29 14:35:17.084780 - Epoch: 0 Iteration: 7  train.loss : 6.92921  train.total_ips : 12267.52 img/s
DLL 2020-09-29 14:35:17.423512 - Epoch: 0 Iteration: 8  train.loss : 6.92489  train.total_ips : 12101.98 img/s
DLL 2020-09-29 14:35:17.758972 - Epoch: 0 Iteration: 9  train.loss : 6.92034  train.total_ips : 12212.49 img/s
DLL 2020-09-29 14:35:18.100074 - Epoch: 0 Iteration: 10  train.loss : 6.92136  train.total_ips : 12013.46 img/s
DLL 2020-09-29 14:35:18.449394 - Epoch: 0 Iteration: 11  train.loss : 6.92220  train.total_ips : 11729.04 img/s
DLL 2020-09-29 14:35:18.789653 - Epoch: 0 Iteration: 12  train.loss : 6.92262  train.total_ips : 12042.35 img/s
DLL 2020-09-29 14:35:19.126261 - Epoch: 0 Iteration: 13  train.loss : 6.91030  train.total_ips : 12171.43 img/s
DLL 2020-09-29 14:35:19.469043 - Epoch: 0 Iteration: 14  train.loss : 6.93339  train.total_ips : 11952.83 img/s
DLL 2020-09-29 14:35:19.815330 - Epoch: 0 Iteration: 15  train.loss : 6.91734  train.total_ips : 11836.15 img/s
DLL 2020-09-29 14:35:20.200987 - Epoch: 0 Iteration: 16  train.loss : 6.91668  train.total_ips : 10622.04 img/s
DLL 2020-09-29 14:35:20.540309 - Epoch: 0 Iteration: 17  train.loss : 6.93088  train.total_ips : 12074.21 img/s
DLL 2020-09-29 14:35:20.892335 - Epoch: 0 Iteration: 18  train.loss : 6.93505  train.total_ips : 11639.74 img/s
DLL 2020-09-29 14:35:21.228236 - Epoch: 0 Iteration: 19  train.loss : 6.91463  train.total_ips : 12197.86 img/s
DLL 2020-09-29 14:35:21.569388 - Epoch: 0 Iteration: 20  train.loss : 6.92581  train.total_ips : 12009.52 img/s
DLL 2020-09-29 14:35:21.909225 - Epoch: 0 Iteration: 21  train.loss : 6.92165  train.total_ips : 12056.72 img/s
DLL 2020-09-29 14:35:22.280929 - Epoch: 0 Iteration: 22  train.loss : 6.93455  train.total_ips : 11022.71 img/s
DLL 2020-09-29 14:35:22.623155 - Epoch: 0 Iteration: 23  train.loss : 6.91838  train.total_ips : 11972.55 img/s
DLL 2020-09-29 14:35:22.951115 - Epoch: 0 Iteration: 24  train.loss : 6.92152  train.total_ips : 12493.32 img/s
DLL 2020-09-29 14:35:23.293427 - Epoch: 0 Iteration: 25  train.loss : 6.92926  train.total_ips : 11969.11 img/s
DLL 2020-09-29 14:35:23.642367 - Epoch: 0 Iteration: 26  train.loss : 6.92726  train.total_ips : 11747.08 img/s
DLL 2020-09-29 14:35:23.973222 - Epoch: 0 Iteration: 27  train.loss : 6.92314  train.total_ips : 12381.67 img/s
DLL 2020-09-29 14:35:24.312604 - Epoch: 0 Iteration: 28  train.loss : 6.91942  train.total_ips : 12071.91 img/s
DLL 2020-09-29 14:35:24.650587 - Epoch: 0 Iteration: 29  train.loss : 6.92427  train.total_ips : 12124.02 img/s
DLL 2020-09-29 14:35:24.983734 - Epoch: 0 Iteration: 30  train.loss : 6.91512  train.total_ips : 12297.95 img/s
DLL 2020-09-29 14:35:25.340542 - Epoch: 0 Iteration: 31  train.loss : 6.92303  train.total_ips : 11484.74 img/s
DLL 2020-09-29 14:35:25.671986 - Epoch: 0 Iteration: 32  train.loss : 6.91160  train.total_ips : 12365.13 img/s
DLL 2020-09-29 14:35:26.025997 - Epoch: 0 Iteration: 33  train.loss : 6.93634  train.total_ips : 11574.31 img/s
DLL 2020-09-29 14:35:26.360032 - Epoch: 0 Iteration: 34  train.loss : 6.93685  train.total_ips : 12265.45 img/s
DLL 2020-09-29 14:35:26.703536 - Epoch: 0 Iteration: 35  train.loss : 6.91346  train.total_ips : 11928.36 img/s
DLL 2020-09-29 14:35:27.047399 - Epoch: 0 Iteration: 36  train.loss : 6.92282  train.total_ips : 11917.23 img/s
DLL 2020-09-29 14:35:27.375253 - Epoch: 0 Iteration: 37  train.loss : 6.91097  train.total_ips : 12496.47 img/s
DLL 2020-09-29 14:35:27.710340 - Epoch: 0 Iteration: 38  train.loss : 6.91990  train.total_ips : 12229.26 img/s
DLL 2020-09-29 14:35:28.050173 - Epoch: 0 Iteration: 39  train.loss : 6.92597  train.total_ips : 12056.73 img/s
DLL 2020-09-29 14:35:28.391543 - Epoch: 0 Iteration: 40  train.loss : 6.92103  train.total_ips : 12002.60 img/s
DLL 2020-09-29 14:35:28.732872 - Epoch: 0 Iteration: 41  train.loss : 6.91327  train.total_ips : 12003.61 img/s
DLL 2020-09-29 14:35:29.074163 - Epoch: 0 Iteration: 42  train.loss : 6.91628  train.total_ips : 12007.81 img/s
DLL 2020-09-29 14:35:29.416964 - Epoch: 0 Iteration: 43  train.loss : 6.97414  train.total_ips : 11955.41 img/s
DLL 2020-09-29 14:35:29.760123 - Epoch: 0 Iteration: 44  train.loss : 6.96724  train.total_ips : 11938.71 img/s
DLL 2020-09-29 14:35:30.097298 - Epoch: 0 Iteration: 45  train.loss : 6.97801  train.total_ips : 12152.95 img/s
DLL 2020-09-29 14:35:30.449170 - Epoch: 0 Iteration: 46  train.loss : 6.96187  train.total_ips : 11646.35 img/s
DLL 2020-09-29 14:35:30.792264 - Epoch: 0 Iteration: 47  train.loss : 6.96311  train.total_ips : 11960.27 img/s
DLL 2020-09-29 14:35:31.126462 - Epoch: 0 Iteration: 48  train.loss : 6.97730  train.total_ips : 12263.22 img/s
DLL 2020-09-29 14:35:31.457638 - Epoch: 0 Iteration: 49  train.loss : 6.96484  train.total_ips : 12370.98 img/s
DLL 2020-09-29 14:35:31.794643 - Epoch: 0 Iteration: 50  train.loss : 6.94754  train.total_ips : 12157.27 img/s
Gradient overflow.  Skipping step, loss scaler 0 reducing loss scale to 32768.0
DLL 2020-09-29 14:35:32.129676 - Epoch: 0 Iteration: 51  train.loss : 6.96237  train.total_ips : 12228.32 img/s
DLL 2020-09-29 14:35:32.464946 - Epoch: 0 Iteration: 52  train.loss : 6.95312  train.total_ips : 12220.15 img/s
DLL 2020-09-29 14:35:32.810751 - Epoch: 0 Iteration: 53  train.loss : 6.95297  train.total_ips : 11850.27 img/s
DLL 2020-09-29 14:35:33.149481 - Epoch: 0 Iteration: 54  train.loss : 6.94244  train.total_ips : 12093.39 img/s
DLL 2020-09-29 14:35:33.496459 - Epoch: 0 Iteration: 55  train.loss : 6.94116  train.total_ips : 11807.58 img/s
DLL 2020-09-29 14:35:33.839425 - Epoch: 0 Iteration: 56  train.loss : 6.94410  train.total_ips : 11946.90 img/s
DLL 2020-09-29 14:35:34.176630 - Epoch: 0 Iteration: 57  train.loss : 6.94287  train.total_ips : 12149.99 img/s
DLL 2020-09-29 14:35:34.527174 - Epoch: 0 Iteration: 58  train.loss : 6.93993  train.total_ips : 11691.26 img/s
DLL 2020-09-29 14:35:34.863558 - Epoch: 0 Iteration: 59  train.loss : 6.94077  train.total_ips : 12181.32 img/s
DLL 2020-09-29 14:35:35.202660 - Epoch: 0 Iteration: 60  train.loss : 6.92419  train.total_ips : 12081.43 img/s
DLL 2020-09-29 14:35:35.548698 - Epoch: 0 Iteration: 61  train.loss : 6.92475  train.total_ips : 11841.43 img/s
DLL 2020-09-29 14:35:35.895525 - Epoch: 0 Iteration: 62  train.loss : 6.93658  train.total_ips : 11813.30 img/s
DLL 2020-09-29 14:35:36.241504 - Epoch: 0 Iteration: 63  train.loss : 6.93414  train.total_ips : 11843.62 img/s
DLL 2020-09-29 14:35:36.574240 - Epoch: 0 Iteration: 64  train.loss : 6.93621  train.total_ips : 12313.19 img/s
DLL 2020-09-29 14:35:36.943770 - Epoch: 0 Iteration: 65  train.loss : 6.93655  train.total_ips : 11090.24 img/s
DLL 2020-09-29 14:35:37.275320 - Epoch: 0 Iteration: 66  train.loss : 6.93808  train.total_ips : 12355.59 img/s
DLL 2020-09-29 14:35:37.609106 - Epoch: 0 Iteration: 67  train.loss : 6.92799  train.total_ips : 12274.39 img/s
DLL 2020-09-29 14:35:37.953457 - Epoch: 0 Iteration: 68  train.loss : 6.93142  train.total_ips : 11899.05 img/s
DLL 2020-09-29 14:35:38.287212 - Epoch: 0 Iteration: 69  train.loss : 6.93642  train.total_ips : 12277.99 img/s
DLL 2020-09-29 14:35:38.622046 - Epoch: 0 Iteration: 70  train.loss : 6.92856  train.total_ips : 12235.59 img/s
DLL 2020-09-29 14:35:38.963760 - Epoch: 0 Iteration: 71  train.loss : 6.93079  train.total_ips : 11993.35 img/s
DLL 2020-09-29 14:35:39.300688 - Epoch: 0 Iteration: 72  train.loss : 6.93750  train.total_ips : 12160.42 img/s
DLL 2020-09-29 14:35:39.639388 - Epoch: 0 Iteration: 73  train.loss : 6.93521  train.total_ips : 12095.88 img/s
DLL 2020-09-29 14:35:39.983322 - Epoch: 0 Iteration: 74  train.loss : 6.93018  train.total_ips : 11913.18 img/s
DLL 2020-09-29 14:35:40.322804 - Epoch: 0 Iteration: 75  train.loss : 6.94329  train.total_ips : 12068.38 img/s
DLL 2020-09-29 14:35:40.665502 - Epoch: 0 Iteration: 76  train.loss : 6.93298  train.total_ips : 11957.34 img/s
DLL 2020-09-29 14:35:41.008694 - Epoch: 0 Iteration: 77  train.loss : 6.92716  train.total_ips : 11940.00 img/s
DLL 2020-09-29 14:35:41.351799 - Epoch: 0 Iteration: 78  train.loss : 6.92966  train.total_ips : 11940.07 img/s
DLL 2020-09-29 14:35:41.696068 - Epoch: 0 Iteration: 79  train.loss : 6.92872  train.total_ips : 11903.85 img/s
DLL 2020-09-29 14:35:42.029370 - Epoch: 0 Iteration: 80  train.loss : 6.92187  train.total_ips : 12295.43 img/s
DLL 2020-09-29 14:35:42.363024 - Epoch: 0 Iteration: 81  train.loss : 6.93344  train.total_ips : 12278.35 img/s
DLL 2020-09-29 14:35:42.699476 - Epoch: 0 Iteration: 82  train.loss : 6.92948  train.total_ips : 12177.19 img/s
DLL 2020-09-29 14:35:43.043285 - Epoch: 0 Iteration: 83  train.loss : 6.92937  train.total_ips : 11917.74 img/s
DLL 2020-09-29 14:35:43.372407 - Epoch: 0 Iteration: 84  train.loss : 6.92735  train.total_ips : 12447.69 img/s
DLL 2020-09-29 14:35:43.712579 - Epoch: 0 Iteration: 85  train.loss : 6.91655  train.total_ips : 12045.33 img/s
DLL 2020-09-29 14:35:44.047575 - Epoch: 0 Iteration: 86  train.loss : 6.92507  train.total_ips : 12229.83 img/s
DLL 2020-09-29 14:35:44.388418 - Epoch: 0 Iteration: 87  train.loss : 6.93557  train.total_ips : 12023.27 img/s
DLL 2020-09-29 14:35:44.724322 - Epoch: 0 Iteration: 88  train.loss : 6.92023  train.total_ips : 12198.54 img/s
DLL 2020-09-29 14:35:45.085146 - Epoch: 0 Iteration: 89  train.loss : 6.93110  train.total_ips : 11355.23 img/s
DLL 2020-09-29 14:35:45.432284 - Epoch: 0 Iteration: 90  train.loss : 6.93166  train.total_ips : 11804.99 img/s
DLL 2020-09-29 14:35:45.764577 - Epoch: 0 Iteration: 91  train.loss : 6.91897  train.total_ips : 12330.03 img/s
DLL 2020-09-29 14:35:46.102454 - Epoch: 0 Iteration: 92  train.loss : 6.93783  train.total_ips : 12125.18 img/s
DLL 2020-09-29 14:35:46.449951 - Epoch: 0 Iteration: 93  train.loss : 6.93082  train.total_ips : 11789.82 img/s
DLL 2020-09-29 14:35:46.787958 - Epoch: 0 Iteration: 94  train.loss : 6.92475  train.total_ips : 12120.72 img/s
DLL 2020-09-29 14:35:47.128002 - Epoch: 0 Iteration: 95  train.loss : 6.91804  train.total_ips : 12049.06 img/s
DLL 2020-09-29 14:35:47.472982 - Epoch: 0 Iteration: 96  train.loss : 6.93153  train.total_ips : 11876.25 img/s
DLL 2020-09-29 14:35:47.812678 - Epoch: 0 Iteration: 97  train.loss : 6.92791  train.total_ips : 12060.36 img/s
DLL 2020-09-29 14:35:48.145184 - Epoch: 0 Iteration: 98  train.loss : 6.92217  train.total_ips : 12321.33 img/s
DLL 2020-09-29 14:35:48.504844 - Epoch: 0 Iteration: 99  train.loss : 6.93575  train.total_ips : 11390.88 img/s
DLL 2020-09-29 14:35:48.842899 - Epoch: 0 Iteration: 100  train.loss : 6.92892  train.total_ips : 12119.21 img/s
DLL 2020-09-29 14:35:49.181475 - Epoch: 0 Iteration: 101  train.loss : 6.93202  train.total_ips : 12100.98 img/s
DLL 2020-09-29 14:35:49.526205 - Epoch: 0 Iteration: 102  train.loss : 6.93146  train.total_ips : 11888.42 img/s
DLL 2020-09-29 14:35:49.870790 - Epoch: 0 Iteration: 103  train.loss : 6.93347  train.total_ips : 11891.16 img/s
DLL 2020-09-29 14:35:50.212314 - Epoch: 0 Iteration: 104  train.loss : 6.93426  train.total_ips : 11998.05 img/s
DLL 2020-09-29 14:35:50.546898 - Epoch: 0 Iteration: 105  train.loss : 6.92610  train.total_ips : 12245.66 img/s
DLL 2020-09-29 14:35:50.889983 - Epoch: 0 Iteration: 106  train.loss : 6.92246  train.total_ips : 11944.20 img/s
DLL 2020-09-29 14:35:51.218400 - Epoch: 0 Iteration: 107  train.loss : 6.91725  train.total_ips : 12474.74 img/s
DLL 2020-09-29 14:35:51.558126 - Epoch: 0 Iteration: 108  train.loss : 6.92516  train.total_ips : 12059.46 img/s
DLL 2020-09-29 14:35:51.901745 - Epoch: 0 Iteration: 109  train.loss : 6.91762  train.total_ips : 11925.78 img/s
DLL 2020-09-29 14:35:52.235240 - Epoch: 0 Iteration: 110  train.loss : 6.93177  train.total_ips : 12284.67 img/s
DLL 2020-09-29 14:35:52.599857 - Epoch: 0 Iteration: 111  train.loss : 6.91332  train.total_ips : 11235.84 img/s
DLL 2020-09-29 14:35:52.939893 - Epoch: 0 Iteration: 112  train.loss : 6.91787  train.total_ips : 12049.02 img/s
DLL 2020-09-29 14:35:53.293864 - Epoch: 0 Iteration: 113  train.loss : 6.93358  train.total_ips : 11575.37 img/s
DLL 2020-09-29 14:35:53.626327 - Epoch: 0 Iteration: 114  train.loss : 6.91901  train.total_ips : 12322.72 img/s
DLL 2020-09-29 14:35:53.962235 - Epoch: 0 Iteration: 115  train.loss : 6.93463  train.total_ips : 12197.18 img/s
DLL 2020-09-29 14:35:54.302004 - Epoch: 0 Iteration: 116  train.loss : 6.92501  train.total_ips : 12057.87 img/s
DLL 2020-09-29 14:35:54.640237 - Epoch: 0 Iteration: 117  train.loss : 6.92408  train.total_ips : 12112.77 img/s
DLL 2020-09-29 14:35:55.021477 - Epoch: 0 Iteration: 118  train.loss : 6.91126  train.total_ips : 10746.14 img/s
DLL 2020-09-29 14:35:55.363067 - Epoch: 0 Iteration: 119  train.loss : 6.91571  train.total_ips : 11996.86 img/s
DLL 2020-09-29 14:35:55.704573 - Epoch: 0 Iteration: 120  train.loss : 6.91234  train.total_ips : 11998.04 img/s
DLL 2020-09-29 14:35:56.055184 - Epoch: 0 Iteration: 121  train.loss : 6.91287  train.total_ips : 11687.15 img/s
DLL 2020-09-29 14:35:56.383466 - Epoch: 0 Iteration: 122  train.loss : 6.92998  train.total_ips : 12478.83 img/s
DLL 2020-09-29 14:35:56.732666 - Epoch: 0 Iteration: 123  train.loss : 6.91011  train.total_ips : 11734.51 img/s
DLL 2020-09-29 14:35:57.071358 - Epoch: 0 Iteration: 124  train.loss : 6.91598  train.total_ips : 12097.26 img/s
DLL 2020-09-29 14:35:57.400339 - Epoch: 0 Iteration: 125  train.loss : 6.90500  train.total_ips : 12453.43 img/s
DLL 2020-09-29 14:35:57.742324 - Epoch: 0 Iteration: 126  train.loss : 6.91113  train.total_ips : 11981.60 img/s
DLL 2020-09-29 14:35:58.080995 - Epoch: 0 Iteration: 127  train.loss : 6.90231  train.total_ips : 12097.94 img/s
DLL 2020-09-29 14:35:58.410013 - Epoch: 0 Iteration: 128  train.loss : 6.90510  train.total_ips : 12452.26 img/s
DLL 2020-09-29 14:35:58.746939 - Epoch: 0 Iteration: 129  train.loss : 6.91259  train.total_ips : 12160.04 img/s
DLL 2020-09-29 14:35:59.083194 - Epoch: 0 Iteration: 130  train.loss : 6.90843  train.total_ips : 12184.80 img/s
DLL 2020-09-29 14:35:59.428170 - Epoch: 0 Iteration: 131  train.loss : 6.91167  train.total_ips : 11876.17 img/s
DLL 2020-09-29 14:35:59.765583 - Epoch: 0 Iteration: 132  train.loss : 6.91140  train.total_ips : 12143.20 img/s
DLL 2020-09-29 14:36:00.100011 - Epoch: 0 Iteration: 133  train.loss : 6.92030  train.total_ips : 12249.85 img/s
DLL 2020-09-29 14:36:00.437595 - Epoch: 0 Iteration: 134  train.loss : 6.90524  train.total_ips : 12136.83 img/s
DLL 2020-09-29 14:36:00.778957 - Epoch: 0 Iteration: 135  train.loss : 6.90264  train.total_ips : 12002.08 img/s
DLL 2020-09-29 14:36:01.136340 - Epoch: 0 Iteration: 136  train.loss : 6.91130  train.total_ips : 11467.07 img/s
DLL 2020-09-29 14:36:01.467316 - Epoch: 0 Iteration: 137  train.loss : 6.90778  train.total_ips : 12376.92 img/s
DLL 2020-09-29 14:36:01.804567 - Epoch: 0 Iteration: 138  train.loss : 6.91283  train.total_ips : 12148.20 img/s
DLL 2020-09-29 14:36:02.143639 - Epoch: 0 Iteration: 139  train.loss : 6.91156  train.total_ips : 12083.07 img/s
DLL 2020-09-29 14:36:02.486432 - Epoch: 0 Iteration: 140  train.loss : 6.91481  train.total_ips : 11955.46 img/s
DLL 2020-09-29 14:36:02.817577 - Epoch: 0 Iteration: 141  train.loss : 6.91943  train.total_ips : 12375.32 img/s
DLL 2020-09-29 14:36:03.154278 - Epoch: 0 Iteration: 142  train.loss : 6.91684  train.total_ips : 12166.79 img/s
DLL 2020-09-29 14:36:03.507288 - Epoch: 0 Iteration: 143  train.loss : 6.91979  train.total_ips : 11605.88 img/s
DLL 2020-09-29 14:36:03.872341 - Epoch: 0 Iteration: 144  train.loss : 6.92178  train.total_ips : 11223.99 img/s
DLL 2020-09-29 14:36:04.210001 - Epoch: 0 Iteration: 145  train.loss : 6.91733  train.total_ips : 12132.81 img/s
DLL 2020-09-29 14:36:04.596781 - Epoch: 0 Iteration: 146  train.loss : 6.92193  train.total_ips : 10592.11 img/s
DLL 2020-09-29 14:36:04.939147 - Epoch: 0 Iteration: 147  train.loss : 6.91643  train.total_ips : 11966.80 img/s
DLL 2020-09-29 14:36:05.277471 - Epoch: 0 Iteration: 148  train.loss : 6.92415  train.total_ips : 12111.08 img/s
DLL 2020-09-29 14:36:05.613237 - Epoch: 0 Iteration: 149  train.loss : 6.91929  train.total_ips : 12202.41 img/s
DLL 2020-09-29 14:36:05.947641 - Epoch: 0  train.loss : 6.92835  train.total_ips : 11879.24 img/s
DLL 2020-09-29 14:36:05.947789 - Epoch: 0  lr : 0.256  train.compute_ips : 11927.01 img/s train.data_time : 0.00137 s train.compute_time : 0.45602 s
DLL 2020-09-29 14:36:05.947954 - Summary: train.loss : 6.92835  train.total_ips : 11879.24 img/s
DLL 2020-09-29 14:36:05.948012 - Summary: lr : 0.256  train.compute_ips : 11927.01 img/s train.data_time : 0.00137 s train.compute_time : 0.45602 s
Experiment ended
['/opt/conda/bin/python', '-u', '/workspace/rn50/main.py', '--data-backend', 'dali-cpu', '--raport-file', '/workspace/rn50/raport.json', '-j5', '-p', '1', '--lr', '2.048', '--optimizer-batch-size', '-1', '--warmup', '8', '--arch', 'resnet50', '-c', 'fanin', '--label-smoothing', '0.1', '--lr-schedule', 'cosine', '--mom', '0.125', '--wd', '3.0517578125e-05', '--workspace', '/workspace/rn50', '-b', '256', '--epochs', '1', '--prof', '150', '--training-only', '--no-checkpoints', '--amp', '--dynamic-loss-scale', '/data/image']
['/opt/conda/bin/python', '-u', '/workspace/rn50/main.py', '--data-backend', 'dali-cpu', '--raport-file', '/workspace/rn50/raport.json', '-j5', '-p', '1', '--lr', '2.048', '--optimizer-batch-size', '-1', '--warmup', '8', '--arch', 'resnet50', '-c', 'fanin', '--label-smoothing', '0.1', '--lr-schedule', 'cosine', '--mom', '0.125', '--wd', '3.0517578125e-05', '--workspace', '/workspace/rn50', '-b', '256', '--epochs', '1', '--prof', '150', '--training-only', '--no-checkpoints', '--amp', '--dynamic-loss-scale', '/data/image']
['/opt/conda/bin/python', '-u', '/workspace/rn50/main.py', '--data-backend', 'dali-cpu', '--raport-file', '/workspace/rn50/raport.json', '-j5', '-p', '1', '--lr', '2.048', '--optimizer-batch-size', '-1', '--warmup', '8', '--arch', 'resnet50', '-c', 'fanin', '--label-smoothing', '0.1', '--lr-schedule', 'cosine', '--mom', '0.125', '--wd', '3.0517578125e-05', '--workspace', '/workspace/rn50', '-b', '256', '--epochs', '1', '--prof', '150', '--training-only', '--no-checkpoints', '--amp', '--dynamic-loss-scale', '/data/image']
['/opt/conda/bin/python', '-u', '/workspace/rn50/main.py', '--data-backend', 'dali-cpu', '--raport-file', '/workspace/rn50/raport.json', '-j5', '-p', '1', '--lr', '2.048', '--optimizer-batch-size', '-1', '--warmup', '8', '--arch', 'resnet50', '-c', 'fanin', '--label-smoothing', '0.1', '--lr-schedule', 'cosine', '--mom', '0.125', '--wd', '3.0517578125e-05', '--workspace', '/workspace/rn50', '-b', '256', '--epochs', '1', '--prof', '150', '--training-only', '--no-checkpoints', '--amp', '--dynamic-loss-scale', '/data/image']
['/opt/conda/bin/python', '-u', '/workspace/rn50/main.py', '--data-backend', 'dali-cpu', '--raport-file', '/workspace/rn50/raport.json', '-j5', '-p', '1', '--lr', '2.048', '--optimizer-batch-size', '-1', '--warmup', '8', '--arch', 'resnet50', '-c', 'fanin', '--label-smoothing', '0.1', '--lr-schedule', 'cosine', '--mom', '0.125', '--wd', '3.0517578125e-05', '--workspace', '/workspace/rn50', '-b', '256', '--epochs', '1', '--prof', '150', '--training-only', '--no-checkpoints', '--amp', '--dynamic-loss-scale', '/data/image']
['/opt/conda/bin/python', '-u', '/workspace/rn50/main.py', '--data-backend', 'dali-cpu', '--raport-file', '/workspace/rn50/raport.json', '-j5', '-p', '1', '--lr', '2.048', '--optimizer-batch-size', '-1', '--warmup', '8', '--arch', 'resnet50', '-c', 'fanin', '--label-smoothing', '0.1', '--lr-schedule', 'cosine', '--mom', '0.125', '--wd', '3.0517578125e-05', '--workspace', '/workspace/rn50', '-b', '256', '--epochs', '1', '--prof', '150', '--training-only', '--no-checkpoints', '--amp', '--dynamic-loss-scale', '/data/image']
['/opt/conda/bin/python', '-u', '/workspace/rn50/main.py', '--data-backend', 'dali-cpu', '--raport-file', '/workspace/rn50/raport.json', '-j5', '-p', '1', '--lr', '2.048', '--optimizer-batch-size', '-1', '--warmup', '8', '--arch', 'resnet50', '-c', 'fanin', '--label-smoothing', '0.1', '--lr-schedule', 'cosine', '--mom', '0.125', '--wd', '3.0517578125e-05', '--workspace', '/workspace/rn50', '-b', '256', '--epochs', '1', '--prof', '150', '--training-only', '--no-checkpoints', '--amp', '--dynamic-loss-scale', '/data/image']
['/opt/conda/bin/python', '-u', '/workspace/rn50/main.py', '--data-backend', 'dali-cpu', '--raport-file', '/workspace/rn50/raport.json', '-j5', '-p', '1', '--lr', '2.048', '--optimizer-batch-size', '-1', '--warmup', '8', '--arch', 'resnet50', '-c', 'fanin', '--label-smoothing', '0.1', '--lr-schedule', 'cosine', '--mom', '0.125', '--wd', '3.0517578125e-05', '--workspace', '/workspace/rn50', '-b', '256', '--epochs', '1', '--prof', '150', '--training-only', '--no-checkpoints', '--amp', '--dynamic-loss-scale', '/data/image']
