+ python /workspace/rn50/multiproc.py --nnodes 2 --node_rank 0 --nproc_per_node 8 --master_addr 10.11.0.2 --master_port=22333 /workspace/rn50/main.py --data-backend dali-cpu --raport-file /workspace/rn50/raport.json -j5 -p 1 --lr 2.048 --optimizer-batch-size -1 --warmup 8 --arch resnet50 -c fanin --label-smoothing 0.1 --lr-schedule cosine --mom 0.125 --wd 3.0517578125e-05 --workspace /workspace/rn50 -b 256 --epochs 1 --prof 150 --training-only --no-checkpoints --amp --dynamic-loss-scale /data/image
=> creating model '('resnet50', 'fanin', 1000)'
Version: {'net': <class 'image_classification.resnet.ResNet'>, 'block': <class 'image_classification.resnet.Bottleneck'>, 'layers': [3, 4, 6, 3], 'widths': [64, 128, 256, 512], 'expansion': 4}
Config: {'conv': <class 'torch.nn.modules.conv.Conv2d'>, 'conv_init': 'fan_in', 'nonlinearity': 'relu', 'last_bn_0_init': False, 'activation': <function <lambda> at 0x7fadae3249d8>}
Num classes: 1000
i'm distributed in dali~~~~~~~~~~~~~~~~~
rank in dali:  0
world_size in dali:  16
read 3545488 files from 2792 directories
read 50000 files from 1000 directories
DLL 2020-09-29 14:36:55.311587 - PARAMETER data : /data/image  data_backend : dali-cpu  arch : resnet50  model_config : fanin  num_classes : 1000  workers : 5  epochs : 1  run_epochs : -1  batch_size : 256  optimizer_batch_size : -1  lr : 2.048  lr_schedule : cosine  warmup : 8  label_smoothing : 0.1  mixup : 0.0  momentum : 0.125  weight_decay : 3.0517578125e-05  bn_weight_decay : False  nesterov : False  print_freq : 1  resume : None  pretrained_weights :   fp16 : False  static_loss_scale : 1  dynamic_loss_scale : True  prof : 150  amp : True  seed : None  gather_checkpoints : False  raport_file : /workspace/rn50/raport.json  evaluate : False  training_only : True  save_checkpoints : False  checkpoint_filename : checkpoint.pth.tar  workspace : /workspace/rn50  memory_format : nchw  distributed : True  local_rank : 0  gpu : 8  world_size : 16 
 ! Weight decay NOT applied to BN parameters 
98
63
Selected optimization level O1:  Insert automatic casts around Pytorch functions and Tensor methods.

Defaults for this optimization level are:
enabled                : True
opt_level              : O1
cast_model_type        : None
patch_torch_functions  : True
keep_batchnorm_fp32    : None
master_weights         : None
loss_scale             : dynamic
Processing user overrides (additional kwargs that are not None)...
After processing overrides, optimization options are:
enabled                : True
opt_level              : O1
cast_model_type        : None
patch_torch_functions  : True
keep_batchnorm_fp32    : None
master_weights         : None
loss_scale             : dynamic
VS002:198181:198181 [0] NCCL INFO Bootstrap : Using [0]ib0:10.11.0.2<0>
VS002:198181:198181 [0] NCCL INFO NET/Plugin : No plugin found (libnccl-net.so), using internal implementation
VS002:198181:198181 [0] NCCL INFO NET/IB : Using [0]mlx5_0:1/IB ; OOB ib0:10.11.0.2<0>
VS002:198181:198181 [0] NCCL INFO Using network IB
NCCL version 2.6.3+cuda10.2
VS002:198181:198952 [0] NCCL INFO Channel 00/02 :    0   3   2   6   7   4   5   1   8  11  10  14  15  12  13   9
VS002:198181:198952 [0] NCCL INFO Channel 01/02 :    0   3   2   6   7   4   5   1   8  11  10  14  15  12  13   9
VS002:198181:198952 [0] NCCL INFO threadThresholds 8/8/64 | 128/8/64 | 8/8/64
VS002:198181:198952 [0] NCCL INFO Trees [0] 1/-1/-1->0->-1|-1->0->1/-1/-1 [1] 1/-1/-1->0->9|9->0->1/-1/-1
VS002:198181:198952 [0] NCCL INFO Setting affinity for GPU 0 to 0f,ff000fff
VS002:198181:198952 [0] NCCL INFO Ring 00 : 9[1b000] -> 0[1a000] [receive] via NET/IB/0
VS002:198181:198952 [0] NCCL INFO Ring 00 : 0[1a000] -> 3[3e000] via P2P/IPC
VS002:198181:198952 [0] NCCL INFO Ring 00 : 0[1a000] -> 1[1b000] via P2P/IPC
VS002:198181:198952 [0] NCCL INFO Ring 01 : 9[1b000] -> 0[1a000] [receive] via NET/IB/0
VS002:198181:198952 [0] NCCL INFO Ring 01 : 0[1a000] -> 3[3e000] via P2P/IPC
VS002:198181:198952 [0] NCCL INFO Ring 01 : 0[1a000] -> 9[1b000] [send] via NET/IB/0
VS002:198181:198952 [0] NCCL INFO Ring 01 : 0[1a000] -> 1[1b000] via P2P/IPC
VS002:198181:198952 [0] NCCL INFO comm 0x7fab1c006880 rank 0 nranks 16 cudaDev 0 busId 1a000 - Init COMPLETE
VS002:198181:198181 [0] NCCL INFO Launch mode Parallel
RUNNING EPOCHS FROM 0 TO 1
DLL 2020-09-29 14:37:16.503081 - Epoch: 0 Iteration: 1  train.loss : 7.05709  train.total_ips : 236.86 img/s
DLL 2020-09-29 14:37:17.192802 - Epoch: 0 Iteration: 2  train.loss : 6.97321  train.total_ips : 5939.04 img/s
DLL 2020-09-29 14:37:17.763902 - Epoch: 0 Iteration: 3  train.loss : 6.92893  train.total_ips : 7173.79 img/s
DLL 2020-09-29 14:37:18.099570 - Epoch: 0 Iteration: 4  train.loss : 6.93474  train.total_ips : 12206.46 img/s
DLL 2020-09-29 14:37:18.439165 - Epoch: 0 Iteration: 5  train.loss : 6.92143  train.total_ips : 12065.08 img/s
DLL 2020-09-29 14:37:18.779743 - Epoch: 0 Iteration: 6  train.loss : 6.94433  train.total_ips : 12030.87 img/s
DLL 2020-09-29 14:37:19.123576 - Epoch: 0 Iteration: 7  train.loss : 6.93838  train.total_ips : 11919.70 img/s
DLL 2020-09-29 14:37:19.462246 - Epoch: 0 Iteration: 8  train.loss : 6.92611  train.total_ips : 12097.95 img/s
DLL 2020-09-29 14:37:19.804635 - Epoch: 0 Iteration: 9  train.loss : 6.92441  train.total_ips : 11966.37 img/s
DLL 2020-09-29 14:37:20.139404 - Epoch: 0 Iteration: 10  train.loss : 6.94194  train.total_ips : 12240.59 img/s
DLL 2020-09-29 14:37:20.481280 - Epoch: 0 Iteration: 11  train.loss : 6.92651  train.total_ips : 11983.23 img/s
DLL 2020-09-29 14:37:20.820184 - Epoch: 0 Iteration: 12  train.loss : 6.94206  train.total_ips : 12090.42 img/s
DLL 2020-09-29 14:37:21.164432 - Epoch: 0 Iteration: 13  train.loss : 6.91486  train.total_ips : 11915.33 img/s
DLL 2020-09-29 14:37:21.567296 - Epoch: 0 Iteration: 14  train.loss : 6.94333  train.total_ips : 10166.81 img/s
DLL 2020-09-29 14:37:21.897837 - Epoch: 0 Iteration: 15  train.loss : 6.92052  train.total_ips : 12395.69 img/s
DLL 2020-09-29 14:37:22.236538 - Epoch: 0 Iteration: 16  train.loss : 6.92452  train.total_ips : 12095.99 img/s
DLL 2020-09-29 14:37:22.585237 - Epoch: 0 Iteration: 17  train.loss : 6.92766  train.total_ips : 11751.76 img/s
DLL 2020-09-29 14:37:22.929200 - Epoch: 0 Iteration: 18  train.loss : 6.93837  train.total_ips : 11910.41 img/s
DLL 2020-09-29 14:37:23.279048 - Epoch: 0 Iteration: 19  train.loss : 6.91299  train.total_ips : 11711.66 img/s
DLL 2020-09-29 14:37:23.607241 - Epoch: 0 Iteration: 20  train.loss : -56846297344245760.00000  train.total_ips : 12483.03 img/s
DLL 2020-09-29 14:37:23.956621 - Epoch: 0 Iteration: 21  train.loss : 6.92031  train.total_ips : 11730.06 img/s
DLL 2020-09-29 14:37:24.295599 - Epoch: 0 Iteration: 22  train.loss : 6.93017  train.total_ips : 12086.02 img/s
DLL 2020-09-29 14:37:24.667895 - Epoch: 0 Iteration: 23  train.loss : 6.91940  train.total_ips : 11004.65 img/s
DLL 2020-09-29 14:37:25.016709 - Epoch: 0 Iteration: 24  train.loss : 6.91443  train.total_ips : 11748.77 img/s
DLL 2020-09-29 14:37:25.348011 - Epoch: 0 Iteration: 25  train.loss : 6.95121  train.total_ips : 12365.02 img/s
DLL 2020-09-29 14:37:25.692202 - Epoch: 0 Iteration: 26  train.loss : 6.95599  train.total_ips : 11906.29 img/s
DLL 2020-09-29 14:37:26.027842 - Epoch: 0 Iteration: 27  train.loss : 6.95450  train.total_ips : 12205.50 img/s
Gradient overflow.  Skipping step, loss scaler 0 reducing loss scale to 32768.0
DLL 2020-09-29 14:37:26.364482 - Epoch: 0 Iteration: 28  train.loss : 6.95554  train.total_ips : 12169.82 img/s
DLL 2020-09-29 14:37:26.696994 - Epoch: 0 Iteration: 29  train.loss : 6.94334  train.total_ips : 12321.32 img/s
DLL 2020-09-29 14:37:27.042500 - Epoch: 0 Iteration: 30  train.loss : 6.93940  train.total_ips : 11858.30 img/s
DLL 2020-09-29 14:37:27.375783 - Epoch: 0 Iteration: 31  train.loss : 6.95970  train.total_ips : 12292.89 img/s
DLL 2020-09-29 14:37:27.714999 - Epoch: 0 Iteration: 32  train.loss : 6.93289  train.total_ips : 12077.75 img/s
DLL 2020-09-29 14:37:28.053708 - Epoch: 0 Iteration: 33  train.loss : 6.97181  train.total_ips : 12099.34 img/s
DLL 2020-09-29 14:37:28.394497 - Epoch: 0 Iteration: 34  train.loss : 6.96887  train.total_ips : 12024.57 img/s
DLL 2020-09-29 14:37:28.737397 - Epoch: 0 Iteration: 35  train.loss : 6.94093  train.total_ips : 11948.26 img/s
DLL 2020-09-29 14:37:29.071168 - Epoch: 0 Iteration: 36  train.loss : 6.94505  train.total_ips : 12274.39 img/s
DLL 2020-09-29 14:37:29.409594 - Epoch: 0 Iteration: 37  train.loss : 6.92841  train.total_ips : 12106.04 img/s
DLL 2020-09-29 14:37:29.748980 - Epoch: 0 Iteration: 38  train.loss : 6.93367  train.total_ips : 12071.55 img/s
DLL 2020-09-29 14:37:30.079990 - Epoch: 0 Iteration: 39  train.loss : 6.94470  train.total_ips : 12378.84 img/s
DLL 2020-09-29 14:37:30.419750 - Epoch: 0 Iteration: 40  train.loss : 6.93145  train.total_ips : 12057.97 img/s
DLL 2020-09-29 14:37:30.761200 - Epoch: 0 Iteration: 41  train.loss : 6.94289  train.total_ips : 11999.78 img/s
DLL 2020-09-29 14:37:31.096682 - Epoch: 0 Iteration: 42  train.loss : 6.92989  train.total_ips : 12211.68 img/s
DLL 2020-09-29 14:37:31.441506 - Epoch: 0 Iteration: 43  train.loss : 6.93559  train.total_ips : 11881.49 img/s
DLL 2020-09-29 14:37:31.782384 - Epoch: 0 Iteration: 44  train.loss : 6.92368  train.total_ips : 12019.09 img/s
DLL 2020-09-29 14:37:32.142591 - Epoch: 0 Iteration: 45  train.loss : 6.92740  train.total_ips : 11374.03 img/s
DLL 2020-09-29 14:37:32.488046 - Epoch: 0 Iteration: 46  train.loss : 6.93134  train.total_ips : 11860.56 img/s
DLL 2020-09-29 14:37:32.819493 - Epoch: 0 Iteration: 47  train.loss : 6.94404  train.total_ips : 12360.91 img/s
DLL 2020-09-29 14:37:33.159704 - Epoch: 0 Iteration: 48  train.loss : 6.96508  train.total_ips : 12042.19 img/s
DLL 2020-09-29 14:37:33.500159 - Epoch: 0 Iteration: 49  train.loss : 6.95171  train.total_ips : 12034.17 img/s
DLL 2020-09-29 14:37:33.845159 - Epoch: 0 Iteration: 50  train.loss : 6.94054  train.total_ips : 11875.43 img/s
DLL 2020-09-29 14:37:34.181308 - Epoch: 0 Iteration: 51  train.loss : 6.94139  train.total_ips : 12188.05 img/s
DLL 2020-09-29 14:37:34.520738 - Epoch: 0 Iteration: 52  train.loss : 6.93570  train.total_ips : 12070.72 img/s
DLL 2020-09-29 14:37:34.864662 - Epoch: 0 Iteration: 53  train.loss : 6.93315  train.total_ips : 11913.74 img/s
DLL 2020-09-29 14:37:35.205836 - Epoch: 0 Iteration: 54  train.loss : 6.93132  train.total_ips : 12008.78 img/s
DLL 2020-09-29 14:37:35.546162 - Epoch: 0 Iteration: 55  train.loss : 6.92675  train.total_ips : 12045.97 img/s
DLL 2020-09-29 14:37:35.883598 - Epoch: 0 Iteration: 56  train.loss : 6.92064  train.total_ips : 12139.13 img/s
DLL 2020-09-29 14:37:36.221416 - Epoch: 0 Iteration: 57  train.loss : 6.91866  train.total_ips : 12128.37 img/s
DLL 2020-09-29 14:37:36.554662 - Epoch: 0 Iteration: 58  train.loss : 6.93035  train.total_ips : 12293.94 img/s
DLL 2020-09-29 14:37:36.894361 - Epoch: 0 Iteration: 59  train.loss : 6.92465  train.total_ips : 12061.73 img/s
DLL 2020-09-29 14:37:37.226822 - Epoch: 0 Iteration: 60  train.loss : 6.91467  train.total_ips : 12324.82 img/s
DLL 2020-09-29 14:37:37.567230 - Epoch: 0 Iteration: 61  train.loss : 6.92762  train.total_ips : 12035.16 img/s
DLL 2020-09-29 14:37:37.906956 - Epoch: 0 Iteration: 62  train.loss : 6.94945  train.total_ips : 12062.00 img/s
DLL 2020-09-29 14:37:38.247480 - Epoch: 0 Iteration: 63  train.loss : 6.93016  train.total_ips : 12031.11 img/s
DLL 2020-09-29 14:37:38.596715 - Epoch: 0 Iteration: 64  train.loss : 6.93201  train.total_ips : 11733.32 img/s
DLL 2020-09-29 14:37:38.933872 - Epoch: 0 Iteration: 65  train.loss : 6.92349  train.total_ips : 12151.15 img/s
DLL 2020-09-29 14:37:39.273722 - Epoch: 0 Iteration: 66  train.loss : 6.93459  train.total_ips : 12055.67 img/s
DLL 2020-09-29 14:37:39.663857 - Epoch: 0 Iteration: 67  train.loss : 6.92302  train.total_ips : 10500.93 img/s
DLL 2020-09-29 14:37:39.999888 - Epoch: 0 Iteration: 68  train.loss : 6.92423  train.total_ips : 12192.93 img/s
DLL 2020-09-29 14:37:40.336156 - Epoch: 0 Iteration: 69  train.loss : 6.91942  train.total_ips : 12183.30 img/s
DLL 2020-09-29 14:37:40.675283 - Epoch: 0 Iteration: 70  train.loss : 6.91718  train.total_ips : 12080.76 img/s
DLL 2020-09-29 14:37:41.011649 - Epoch: 0 Iteration: 71  train.loss : 6.91241  train.total_ips : 12180.16 img/s
DLL 2020-09-29 14:37:41.362575 - Epoch: 0 Iteration: 72  train.loss : 6.92330  train.total_ips : 11675.67 img/s
DLL 2020-09-29 14:37:41.690350 - Epoch: 0 Iteration: 73  train.loss : 6.91569  train.total_ips : 12498.73 img/s
DLL 2020-09-29 14:37:42.037765 - Epoch: 0 Iteration: 74  train.loss : 6.90795  train.total_ips : 11793.80 img/s
DLL 2020-09-29 14:37:42.365347 - Epoch: 0 Iteration: 75  train.loss : 6.91933  train.total_ips : 12506.91 img/s
DLL 2020-09-29 14:37:42.734387 - Epoch: 0 Iteration: 76  train.loss : 6.91702  train.total_ips : 11101.18 img/s
DLL 2020-09-29 14:37:43.076288 - Epoch: 0 Iteration: 77  train.loss : 6.92150  train.total_ips : 11983.63 img/s
DLL 2020-09-29 14:37:43.406364 - Epoch: 0 Iteration: 78  train.loss : 6.92314  train.total_ips : 12412.19 img/s
DLL 2020-09-29 14:37:43.741568 - Epoch: 0 Iteration: 79  train.loss : 6.91974  train.total_ips : 12222.23 img/s
DLL 2020-09-29 14:37:44.079716 - Epoch: 0 Iteration: 80  train.loss : 6.92171  train.total_ips : 12116.00 img/s
DLL 2020-09-29 14:37:44.426135 - Epoch: 0 Iteration: 81  train.loss : 6.93358  train.total_ips : 11826.82 img/s
DLL 2020-09-29 14:37:44.786623 - Epoch: 0 Iteration: 82  train.loss : 6.92339  train.total_ips : 11364.83 img/s
DLL 2020-09-29 14:37:45.120938 - Epoch: 0 Iteration: 83  train.loss : 6.90501  train.total_ips : 12254.83 img/s
DLL 2020-09-29 14:37:45.524577 - Epoch: 0 Iteration: 84  train.loss : 6.90833  train.total_ips : 10152.58 img/s
DLL 2020-09-29 14:37:45.859141 - Epoch: 0 Iteration: 85  train.loss : 6.89809  train.total_ips : 12250.49 img/s
DLL 2020-09-29 14:37:46.191351 - Epoch: 0 Iteration: 86  train.loss : 6.91239  train.total_ips : 12332.11 img/s
DLL 2020-09-29 14:37:46.536199 - Epoch: 0 Iteration: 87  train.loss : 6.91633  train.total_ips : 11882.84 img/s
DLL 2020-09-29 14:37:46.885054 - Epoch: 0 Iteration: 88  train.loss : 6.91268  train.total_ips : 11747.71 img/s
DLL 2020-09-29 14:37:47.225193 - Epoch: 0 Iteration: 89  train.loss : 6.92924  train.total_ips : 12044.67 img/s
DLL 2020-09-29 14:37:47.556723 - Epoch: 0 Iteration: 90  train.loss : 6.92528  train.total_ips : 12357.48 img/s
DLL 2020-09-29 14:37:47.937083 - Epoch: 0 Iteration: 91  train.loss : 6.91678  train.total_ips : 10771.05 img/s
DLL 2020-09-29 14:37:48.272020 - Epoch: 0 Iteration: 92  train.loss : 6.92595  train.total_ips : 12232.11 img/s
DLL 2020-09-29 14:37:48.608009 - Epoch: 0 Iteration: 93  train.loss : 6.92341  train.total_ips : 12193.60 img/s
DLL 2020-09-29 14:37:48.946525 - Epoch: 0 Iteration: 94  train.loss : 6.91091  train.total_ips : 12103.03 img/s
DLL 2020-09-29 14:37:49.284420 - Epoch: 0 Iteration: 95  train.loss : 6.91185  train.total_ips : 12125.88 img/s
DLL 2020-09-29 14:37:49.621973 - Epoch: 0 Iteration: 96  train.loss : 6.91290  train.total_ips : 12142.89 img/s
DLL 2020-09-29 14:37:49.958741 - Epoch: 0 Iteration: 97  train.loss : 6.91833  train.total_ips : 12165.31 img/s
DLL 2020-09-29 14:37:50.295940 - Epoch: 0 Iteration: 98  train.loss : 6.91482  train.total_ips : 12149.06 img/s
DLL 2020-09-29 14:37:50.664913 - Epoch: 0 Iteration: 99  train.loss : 6.92117  train.total_ips : 11104.95 img/s
DLL 2020-09-29 14:37:51.002686 - Epoch: 0 Iteration: 100  train.loss : 6.91183  train.total_ips : 12128.79 img/s
DLL 2020-09-29 14:37:51.342291 - Epoch: 0 Iteration: 101  train.loss : 6.92715  train.total_ips : 12064.26 img/s
DLL 2020-09-29 14:37:51.708575 - Epoch: 0 Iteration: 102  train.loss : 6.91864  train.total_ips : 11184.78 img/s
DLL 2020-09-29 14:37:52.045463 - Epoch: 0 Iteration: 103  train.loss : 6.91992  train.total_ips : 12161.64 img/s
DLL 2020-09-29 14:37:52.398530 - Epoch: 0 Iteration: 104  train.loss : 6.91111  train.total_ips : 11604.95 img/s
DLL 2020-09-29 14:37:52.733133 - Epoch: 0 Iteration: 105  train.loss : 6.90697  train.total_ips : 12245.24 img/s
DLL 2020-09-29 14:37:53.076165 - Epoch: 0 Iteration: 106  train.loss : 6.90759  train.total_ips : 11942.66 img/s
DLL 2020-09-29 14:37:53.421878 - Epoch: 0 Iteration: 107  train.loss : 6.90139  train.total_ips : 11853.02 img/s
DLL 2020-09-29 14:37:53.760384 - Epoch: 0 Iteration: 108  train.loss : 6.90799  train.total_ips : 12102.27 img/s
DLL 2020-09-29 14:37:54.099060 - Epoch: 0 Iteration: 109  train.loss : 6.90346  train.total_ips : 12096.89 img/s
DLL 2020-09-29 14:37:54.441521 - Epoch: 0 Iteration: 110  train.loss : 6.91679  train.total_ips : 11962.86 img/s
DLL 2020-09-29 14:37:54.779663 - Epoch: 0 Iteration: 111  train.loss : 6.91006  train.total_ips : 12116.38 img/s
DLL 2020-09-29 14:37:55.123134 - Epoch: 0 Iteration: 112  train.loss : 6.91188  train.total_ips : 11929.19 img/s
DLL 2020-09-29 14:37:55.456584 - Epoch: 0 Iteration: 113  train.loss : 6.91241  train.total_ips : 12285.95 img/s
DLL 2020-09-29 14:37:55.794455 - Epoch: 0 Iteration: 114  train.loss : 6.90577  train.total_ips : 12125.73 img/s
DLL 2020-09-29 14:37:56.138722 - Epoch: 0 Iteration: 115  train.loss : 6.92654  train.total_ips : 11901.08 img/s
DLL 2020-09-29 14:37:56.481367 - Epoch: 0 Iteration: 116  train.loss : 6.90109  train.total_ips : 11957.64 img/s
DLL 2020-09-29 14:37:56.818048 - Epoch: 0 Iteration: 117  train.loss : 6.91328  train.total_ips : 12168.37 img/s
DLL 2020-09-29 14:37:57.168363 - Epoch: 0 Iteration: 118  train.loss : 6.89796  train.total_ips : 11697.39 img/s
DLL 2020-09-29 14:37:57.502859 - Epoch: 0 Iteration: 119  train.loss : 6.89778  train.total_ips : 12247.71 img/s
DLL 2020-09-29 14:37:57.840955 - Epoch: 0 Iteration: 120  train.loss : 6.89838  train.total_ips : 12117.79 img/s
DLL 2020-09-29 14:37:58.182885 - Epoch: 0 Iteration: 121  train.loss : 6.90457  train.total_ips : 11982.23 img/s
DLL 2020-09-29 14:37:58.524227 - Epoch: 0 Iteration: 122  train.loss : 6.91366  train.total_ips : 12002.37 img/s
DLL 2020-09-29 14:37:58.864655 - Epoch: 0 Iteration: 123  train.loss : 6.92161  train.total_ips : 12034.62 img/s
DLL 2020-09-29 14:37:59.202956 - Epoch: 0 Iteration: 124  train.loss : 6.91274  train.total_ips : 12110.87 img/s
DLL 2020-09-29 14:37:59.544552 - Epoch: 0 Iteration: 125  train.loss : 6.90266  train.total_ips : 11994.02 img/s
DLL 2020-09-29 14:37:59.887611 - Epoch: 0 Iteration: 126  train.loss : 6.90957  train.total_ips : 11942.63 img/s
DLL 2020-09-29 14:38:00.228479 - Epoch: 0 Iteration: 127  train.loss : 6.90116  train.total_ips : 12019.69 img/s
DLL 2020-09-29 14:38:00.568571 - Epoch: 0 Iteration: 128  train.loss : 6.89848  train.total_ips : 12046.40 img/s
DLL 2020-09-29 14:38:00.917602 - Epoch: 0 Iteration: 129  train.loss : 6.91167  train.total_ips : 11738.35 img/s
DLL 2020-09-29 14:38:01.249517 - Epoch: 0 Iteration: 130  train.loss : 6.90362  train.total_ips : 12343.61 img/s
DLL 2020-09-29 14:38:01.598922 - Epoch: 0 Iteration: 131  train.loss : 6.90928  train.total_ips : 11725.58 img/s
DLL 2020-09-29 14:38:01.933890 - Epoch: 0 Iteration: 132  train.loss : 6.89954  train.total_ips : 12234.74 img/s
DLL 2020-09-29 14:38:02.270893 - Epoch: 0 Iteration: 133  train.loss : 6.91345  train.total_ips : 12156.59 img/s
DLL 2020-09-29 14:38:02.606242 - Epoch: 0 Iteration: 134  train.loss : 6.89983  train.total_ips : 12218.15 img/s
DLL 2020-09-29 14:38:02.955858 - Epoch: 0 Iteration: 135  train.loss : 11609081061948121304512788099497984.00000  train.total_ips : 11719.71 img/s
DLL 2020-09-29 14:38:03.291277 - Epoch: 0 Iteration: 136  train.loss : 6.90517  train.total_ips : 12215.54 img/s
DLL 2020-09-29 14:38:03.634093 - Epoch: 0 Iteration: 137  train.loss : 6.89399  train.total_ips : 11951.37 img/s
DLL 2020-09-29 14:38:03.971597 - Epoch: 0 Iteration: 138  train.loss : 6.90241  train.total_ips : 12139.82 img/s
DLL 2020-09-29 14:38:04.308028 - Epoch: 0 Iteration: 139  train.loss : 6.90947  train.total_ips : 12177.47 img/s
DLL 2020-09-29 14:38:04.658148 - Epoch: 0 Iteration: 140  train.loss : 6.90447  train.total_ips : 11702.94 img/s
DLL 2020-09-29 14:38:04.987711 - Epoch: 0 Iteration: 141  train.loss : 6.90769  train.total_ips : 12434.03 img/s
DLL 2020-09-29 14:38:05.334177 - Epoch: 0 Iteration: 142  train.loss : 6.90690  train.total_ips : 11824.32 img/s
DLL 2020-09-29 14:38:05.697242 - Epoch: 0 Iteration: 143  train.loss : 6.90235  train.total_ips : 11284.14 img/s
DLL 2020-09-29 14:38:06.034503 - Epoch: 0 Iteration: 144  train.loss : 6.90509  train.total_ips : 12151.67 img/s
DLL 2020-09-29 14:38:06.373464 - Epoch: 0 Iteration: 145  train.loss : 6.89917  train.total_ips : 12088.90 img/s
DLL 2020-09-29 14:38:06.709524 - Epoch: 0 Iteration: 146  train.loss : 6.89488  train.total_ips : 12190.60 img/s
DLL 2020-09-29 14:38:07.054083 - Epoch: 0 Iteration: 147  train.loss : 6.89625  train.total_ips : 11891.56 img/s
DLL 2020-09-29 14:38:07.382096 - Epoch: 0 Iteration: 148  train.loss : 6.90940  train.total_ips : 12490.45 img/s
DLL 2020-09-29 14:38:07.724992 - Epoch: 0 Iteration: 149  train.loss : 6.90428  train.total_ips : 11948.20 img/s
DLL 2020-09-29 14:38:08.072946 - Epoch: 0  train.loss : 77393873746320805574256179019776.00000  train.total_ips : 11833.96 img/s
DLL 2020-09-29 14:38:08.073103 - Epoch: 0  lr : 0.256  train.compute_ips : 11879.52 img/s train.data_time : 0.00144 s train.compute_time : 0.45754 s
DLL 2020-09-29 14:38:08.073289 - Summary: train.loss : 77393873746320805574256179019776.00000  train.total_ips : 11833.96 img/s
DLL 2020-09-29 14:38:08.073349 - Summary: lr : 0.256  train.compute_ips : 11879.52 img/s train.data_time : 0.00144 s train.compute_time : 0.45754 s
Experiment ended
['/opt/conda/bin/python', '-u', '/workspace/rn50/main.py', '--data-backend', 'dali-cpu', '--raport-file', '/workspace/rn50/raport.json', '-j5', '-p', '1', '--lr', '2.048', '--optimizer-batch-size', '-1', '--warmup', '8', '--arch', 'resnet50', '-c', 'fanin', '--label-smoothing', '0.1', '--lr-schedule', 'cosine', '--mom', '0.125', '--wd', '3.0517578125e-05', '--workspace', '/workspace/rn50', '-b', '256', '--epochs', '1', '--prof', '150', '--training-only', '--no-checkpoints', '--amp', '--dynamic-loss-scale', '/data/image']
['/opt/conda/bin/python', '-u', '/workspace/rn50/main.py', '--data-backend', 'dali-cpu', '--raport-file', '/workspace/rn50/raport.json', '-j5', '-p', '1', '--lr', '2.048', '--optimizer-batch-size', '-1', '--warmup', '8', '--arch', 'resnet50', '-c', 'fanin', '--label-smoothing', '0.1', '--lr-schedule', 'cosine', '--mom', '0.125', '--wd', '3.0517578125e-05', '--workspace', '/workspace/rn50', '-b', '256', '--epochs', '1', '--prof', '150', '--training-only', '--no-checkpoints', '--amp', '--dynamic-loss-scale', '/data/image']
['/opt/conda/bin/python', '-u', '/workspace/rn50/main.py', '--data-backend', 'dali-cpu', '--raport-file', '/workspace/rn50/raport.json', '-j5', '-p', '1', '--lr', '2.048', '--optimizer-batch-size', '-1', '--warmup', '8', '--arch', 'resnet50', '-c', 'fanin', '--label-smoothing', '0.1', '--lr-schedule', 'cosine', '--mom', '0.125', '--wd', '3.0517578125e-05', '--workspace', '/workspace/rn50', '-b', '256', '--epochs', '1', '--prof', '150', '--training-only', '--no-checkpoints', '--amp', '--dynamic-loss-scale', '/data/image']
['/opt/conda/bin/python', '-u', '/workspace/rn50/main.py', '--data-backend', 'dali-cpu', '--raport-file', '/workspace/rn50/raport.json', '-j5', '-p', '1', '--lr', '2.048', '--optimizer-batch-size', '-1', '--warmup', '8', '--arch', 'resnet50', '-c', 'fanin', '--label-smoothing', '0.1', '--lr-schedule', 'cosine', '--mom', '0.125', '--wd', '3.0517578125e-05', '--workspace', '/workspace/rn50', '-b', '256', '--epochs', '1', '--prof', '150', '--training-only', '--no-checkpoints', '--amp', '--dynamic-loss-scale', '/data/image']
['/opt/conda/bin/python', '-u', '/workspace/rn50/main.py', '--data-backend', 'dali-cpu', '--raport-file', '/workspace/rn50/raport.json', '-j5', '-p', '1', '--lr', '2.048', '--optimizer-batch-size', '-1', '--warmup', '8', '--arch', 'resnet50', '-c', 'fanin', '--label-smoothing', '0.1', '--lr-schedule', 'cosine', '--mom', '0.125', '--wd', '3.0517578125e-05', '--workspace', '/workspace/rn50', '-b', '256', '--epochs', '1', '--prof', '150', '--training-only', '--no-checkpoints', '--amp', '--dynamic-loss-scale', '/data/image']
['/opt/conda/bin/python', '-u', '/workspace/rn50/main.py', '--data-backend', 'dali-cpu', '--raport-file', '/workspace/rn50/raport.json', '-j5', '-p', '1', '--lr', '2.048', '--optimizer-batch-size', '-1', '--warmup', '8', '--arch', 'resnet50', '-c', 'fanin', '--label-smoothing', '0.1', '--lr-schedule', 'cosine', '--mom', '0.125', '--wd', '3.0517578125e-05', '--workspace', '/workspace/rn50', '-b', '256', '--epochs', '1', '--prof', '150', '--training-only', '--no-checkpoints', '--amp', '--dynamic-loss-scale', '/data/image']
['/opt/conda/bin/python', '-u', '/workspace/rn50/main.py', '--data-backend', 'dali-cpu', '--raport-file', '/workspace/rn50/raport.json', '-j5', '-p', '1', '--lr', '2.048', '--optimizer-batch-size', '-1', '--warmup', '8', '--arch', 'resnet50', '-c', 'fanin', '--label-smoothing', '0.1', '--lr-schedule', 'cosine', '--mom', '0.125', '--wd', '3.0517578125e-05', '--workspace', '/workspace/rn50', '-b', '256', '--epochs', '1', '--prof', '150', '--training-only', '--no-checkpoints', '--amp', '--dynamic-loss-scale', '/data/image']
['/opt/conda/bin/python', '-u', '/workspace/rn50/main.py', '--data-backend', 'dali-cpu', '--raport-file', '/workspace/rn50/raport.json', '-j5', '-p', '1', '--lr', '2.048', '--optimizer-batch-size', '-1', '--warmup', '8', '--arch', 'resnet50', '-c', 'fanin', '--label-smoothing', '0.1', '--lr-schedule', 'cosine', '--mom', '0.125', '--wd', '3.0517578125e-05', '--workspace', '/workspace/rn50', '-b', '256', '--epochs', '1', '--prof', '150', '--training-only', '--no-checkpoints', '--amp', '--dynamic-loss-scale', '/data/image']
