+ python /workspace/rn50/multiproc.py --nnodes 1 --node_rank 0 --nproc_per_node 8 --master_addr 127.0.0.1 --master_port=29500 /workspace/rn50/main.py --data-backend dali-cpu --raport-file /workspace/rn50/raport.json -j5 -p 1 --lr 2.048 --optimizer-batch-size -1 --warmup 8 --arch resnet50 -c fanin --label-smoothing 0.1 --lr-schedule cosine --mom 0.125 --wd 3.0517578125e-05 --workspace /workspace/rn50 -b 256 --epochs 1 --prof 150 --training-only --no-checkpoints --amp --dynamic-loss-scale /data/image
world_size in env:  8
distributed in env:  True
loca_rank in env:  1
I'm distributed here!!!!!!!!!!!!!!!!!!!!!!!!!!!!!!!!!
world_size in env:  8
distributed in env:  True
loca_rank in env:  6
I'm distributed here!!!!!!!!!!!!!!!!!!!!!!!!!!!!!!!!!
world_size in env:  8
distributed in env:  True
loca_rank in env:  3
I'm distributed here!!!!!!!!!!!!!!!!!!!!!!!!!!!!!!!!!
world_size in env:  8
distributed in env:  True
loca_rank in env:  7
I'm distributed here!!!!!!!!!!!!!!!!!!!!!!!!!!!!!!!!!
world_size in env:  8
distributed in env:  True
loca_rank in env:  5
I'm distributed here!!!!!!!!!!!!!!!!!!!!!!!!!!!!!!!!!
world_size in env:  8
distributed in env:  True
loca_rank in env:  4
I'm distributed here!!!!!!!!!!!!!!!!!!!!!!!!!!!!!!!!!
world_size in env:  8
distributed in env:  True
loca_rank in env:  0
I'm distributed here!!!!!!!!!!!!!!!!!!!!!!!!!!!!!!!!!
world_size in env:  8
distributed in env:  True
loca_rank in env:  2
I'm distributed here!!!!!!!!!!!!!!!!!!!!!!!!!!!!!!!!!
args.gpu:  1
args.gpu:  6
args.gpu:  3
args.gpu:  7
args.gpu:  4
args.gpu:  5
args.gpu:  0
args.gpu:  2
world_szie in distributed:  8
=> creating model '('resnet50', 'fanin', 1000)'
Version: {'net': <class 'image_classification.resnet.ResNet'>, 'block': <class 'image_classification.resnet.Bottleneck'>, 'layers': [3, 4, 6, 3], 'widths': [64, 128, 256, 512], 'expansion': 4}
Config: {'conv': <class 'torch.nn.modules.conv.Conv2d'>, 'conv_init': 'fan_in', 'nonlinearity': 'relu', 'last_bn_0_init': False, 'activation': <function <lambda> at 0x7f70c9a7a9d8>}
Num classes: 1000
world_szie in distributed:  8
=> creating model '('resnet50', 'fanin', 1000)'
Version: {'net': <class 'image_classification.resnet.ResNet'>, 'block': <class 'image_classification.resnet.Bottleneck'>, 'layers': [3, 4, 6, 3], 'widths': [64, 128, 256, 512], 'expansion': 4}
Config: {'conv': <class 'torch.nn.modules.conv.Conv2d'>, 'conv_init': 'fan_in', 'nonlinearity': 'relu', 'last_bn_0_init': False, 'activation': <function <lambda> at 0x7f61961069d8>}
Num classes: 1000
world_szie in distributed:  8
=> creating model '('resnet50', 'fanin', 1000)'
Version: {'net': <class 'image_classification.resnet.ResNet'>, 'block': <class 'image_classification.resnet.Bottleneck'>, 'layers': [3, 4, 6, 3], 'widths': [64, 128, 256, 512], 'expansion': 4}
Config: {'conv': <class 'torch.nn.modules.conv.Conv2d'>, 'conv_init': 'fan_in', 'nonlinearity': 'relu', 'last_bn_0_init': False, 'activation': <function <lambda> at 0x7f7b33b649d8>}
Num classes: 1000
world_szie in distributed:  8
=> creating model '('resnet50', 'fanin', 1000)'
Version: {'net': <class 'image_classification.resnet.ResNet'>, 'block': <class 'image_classification.resnet.Bottleneck'>, 'layers': [3, 4, 6, 3], 'widths': [64, 128, 256, 512], 'expansion': 4}
Config: {'conv': <class 'torch.nn.modules.conv.Conv2d'>, 'conv_init': 'fan_in', 'nonlinearity': 'relu', 'last_bn_0_init': False, 'activation': <function <lambda> at 0x7f3a8a24f9d8>}
Num classes: 1000
world_szie in distributed:  8
=> creating model '('resnet50', 'fanin', 1000)'
Version: {'net': <class 'image_classification.resnet.ResNet'>, 'block': <class 'image_classification.resnet.Bottleneck'>, 'layers': [3, 4, 6, 3], 'widths': [64, 128, 256, 512], 'expansion': 4}
Config: {'conv': <class 'torch.nn.modules.conv.Conv2d'>, 'conv_init': 'fan_in', 'nonlinearity': 'relu', 'last_bn_0_init': False, 'activation': <function <lambda> at 0x7fc73e6d69d8>}
Num classes: 1000
world_szie in distributed:  8
=> creating model '('resnet50', 'fanin', 1000)'
Version: {'net': <class 'image_classification.resnet.ResNet'>, 'block': <class 'image_classification.resnet.Bottleneck'>, 'layers': [3, 4, 6, 3], 'widths': [64, 128, 256, 512], 'expansion': 4}
Config: {'conv': <class 'torch.nn.modules.conv.Conv2d'>, 'conv_init': 'fan_in', 'nonlinearity': 'relu', 'last_bn_0_init': False, 'activation': <function <lambda> at 0x7f39f56e69d8>}
Num classes: 1000
world_szie in distributed:  8
=> creating model '('resnet50', 'fanin', 1000)'
Version: {'net': <class 'image_classification.resnet.ResNet'>, 'block': <class 'image_classification.resnet.Bottleneck'>, 'layers': [3, 4, 6, 3], 'widths': [64, 128, 256, 512], 'expansion': 4}
Config: {'conv': <class 'torch.nn.modules.conv.Conv2d'>, 'conv_init': 'fan_in', 'nonlinearity': 'relu', 'last_bn_0_init': False, 'activation': <function <lambda> at 0x7fbc8b3ee9d8>}
Num classes: 1000
world_szie in distributed:  8
=> creating model '('resnet50', 'fanin', 1000)'
Version: {'net': <class 'image_classification.resnet.ResNet'>, 'block': <class 'image_classification.resnet.Bottleneck'>, 'layers': [3, 4, 6, 3], 'widths': [64, 128, 256, 512], 'expansion': 4}
Config: {'conv': <class 'torch.nn.modules.conv.Conv2d'>, 'conv_init': 'fan_in', 'nonlinearity': 'relu', 'last_bn_0_init': False, 'activation': <function <lambda> at 0x7fb0faa919d8>}
Num classes: 1000
rank in distributed:  2
world size in dali:  8
device_count():  8
rank in dali hybrid:  2
distributed!!!!!!!!!!!!!!!!!!!!!!!!!!!!!!!!!!1
device_id:  2
rank in distributed:  1
world size in dali:  8
device_count():  8
rank in dali hybrid:  1
distributed!!!!!!!!!!!!!!!!!!!!!!!!!!!!!!!!!!1
device_id:  1
rank in distributed:  6
world size in dali:  8
device_count():  8
rank in dali hybrid:  6
distributed!!!!!!!!!!!!!!!!!!!!!!!!!!!!!!!!!!1
device_id:  6
rank in distributed:  5
world size in dali:  8
device_count():  8
rank in dali hybrid:  5
distributed!!!!!!!!!!!!!!!!!!!!!!!!!!!!!!!!!!1
device_id:  5
rank in distributed:  3
world size in dali:  8
device_count():  8
rank in dali hybrid:  3
distributed!!!!!!!!!!!!!!!!!!!!!!!!!!!!!!!!!!1
device_id:  3
rank in distributed:  0
world size in dali:  8
device_count():  8
rank in dali hybrid:  0
distributed!!!!!!!!!!!!!!!!!!!!!!!!!!!!!!!!!!1
device_id:  0
rank in distributed:  4
world size in dali:  8
device_count():  8
rank in dali hybrid:  4
distributed!!!!!!!!!!!!!!!!!!!!!!!!!!!!!!!!!!1
device_id:  4
rank in distributed:  7
world size in dali:  8
device_count():  8
rank in dali hybrid:  7
distributed!!!!!!!!!!!!!!!!!!!!!!!!!!!!!!!!!!1
device_id:  7
read 3545488 files from 2792 directories
read 3545488 files from 2792 directories
read 3545488 files from 2792 directories
read 3545488 files from 2792 directories
read 50000 files from 1000 directories
read 3545488 files from 2792 directories
read 3545488 files from 2792 directories
 ! Weight decay NOT applied to BN parameters 
98
63
read 3545488 files from 2792 directories
read 3545488 files from 2792 directories
read 50000 files from 1000 directories
read 50000 files from 1000 directories
 ! Weight decay NOT applied to BN parameters 
98
63
 ! Weight decay NOT applied to BN parameters 
98
63
read 50000 files from 1000 directories
read 50000 files from 1000 directories
read 50000 files from 1000 directories
 ! Weight decay NOT applied to BN parameters 
98
63
 ! Weight decay NOT applied to BN parameters 
98
63
read 50000 files from 1000 directories
 ! Weight decay NOT applied to BN parameters 
98
63
read 50000 files from 1000 directories
DLL 2020-09-28 10:36:49.987354 - PARAMETER data : /data/image  data_backend : dali-cpu  arch : resnet50  model_config : fanin  num_classes : 1000  workers : 5  epochs : 1  run_epochs : -1  batch_size : 256  optimizer_batch_size : -1  lr : 2.048  lr_schedule : cosine  warmup : 8  label_smoothing : 0.1  mixup : 0.0  momentum : 0.125  weight_decay : 3.0517578125e-05  bn_weight_decay : False  nesterov : False  print_freq : 1  resume : None  pretrained_weights :   fp16 : False  static_loss_scale : 1  dynamic_loss_scale : True  prof : 150  amp : True  seed : None  gather_checkpoints : False  raport_file : /workspace/rn50/raport.json  evaluate : False  training_only : True  save_checkpoints : False  checkpoint_filename : checkpoint.pth.tar  workspace : /workspace/rn50  memory_format : nchw  distributed : True  local_rank : 0  gpu : 8  world_size : 8 
 ! Weight decay NOT applied to BN parameters 
98
63
Selected optimization level O1:  Insert automatic casts around Pytorch functions and Tensor methods.

Defaults for this optimization level are:
enabled                : True
opt_level              : O1
cast_model_type        : None
patch_torch_functions  : True
keep_batchnorm_fp32    : None
master_weights         : None
loss_scale             : dynamic
Processing user overrides (additional kwargs that are not None)...
After processing overrides, optimization options are:
enabled                : True
opt_level              : O1
cast_model_type        : None
patch_torch_functions  : True
keep_batchnorm_fp32    : None
master_weights         : None
loss_scale             : dynamic
 ! Weight decay NOT applied to BN parameters 
98
63
RUNNING EPOCHS FROM 0 TO 1
RUNNING EPOCHS FROM 0 TO 1
RUNNING EPOCHS FROM 0 TO 1
RUNNING EPOCHS FROM 0 TO 1
RUNNING EPOCHS FROM 0 TO 1
RUNNING EPOCHS FROM 0 TO 1
RUNNING EPOCHS FROM 0 TO 1
RUNNING EPOCHS FROM 0 TO 1
DLL 2020-09-28 10:37:04.412621 - Epoch: 0 Iteration: 1  train.loss : 7.08689  train.total_ips : 158.64 img/s
DLL 2020-09-28 10:37:05.042454 - Epoch: 0 Iteration: 2  train.loss : 6.98072  train.total_ips : 3251.72 img/s
DLL 2020-09-28 10:37:05.430629 - Epoch: 0 Iteration: 3  train.loss : 7.00708  train.total_ips : 5277.73 img/s
DLL 2020-09-28 10:37:05.753800 - Epoch: 0 Iteration: 4  train.loss : 7.00738  train.total_ips : 6338.31 img/s
DLL 2020-09-28 10:37:06.082953 - Epoch: 0 Iteration: 5  train.loss : 6.99762  train.total_ips : 6224.15 img/s
DLL 2020-09-28 10:37:06.418138 - Epoch: 0 Iteration: 6  train.loss : 6.97480  train.total_ips : 6111.99 img/s
DLL 2020-09-28 10:37:06.742059 - Epoch: 0 Iteration: 7  train.loss : 7.00378  train.total_ips : 6323.93 img/s
DLL 2020-09-28 10:37:07.077128 - Epoch: 0 Iteration: 8  train.loss : 7.00124  train.total_ips : 6114.39 img/s
DLL 2020-09-28 10:37:07.406046 - Epoch: 0 Iteration: 9  train.loss : 6.97158  train.total_ips : 6231.12 img/s
DLL 2020-09-28 10:37:07.734407 - Epoch: 0 Iteration: 10  train.loss : 6.99962  train.total_ips : 6241.43 img/s
DLL 2020-09-28 10:37:08.063839 - Epoch: 0 Iteration: 11  train.loss : 7.06121  train.total_ips : 6218.04 img/s
DLL 2020-09-28 10:37:08.391873 - Epoch: 0 Iteration: 12  train.loss : 7.00815  train.total_ips : 6246.77 img/s
DLL 2020-09-28 10:37:08.718084 - Epoch: 0 Iteration: 13  train.loss : 7.02170  train.total_ips : 6281.84 img/s
DLL 2020-09-28 10:37:09.043245 - Epoch: 0 Iteration: 14  train.loss : 7.02833  train.total_ips : 6299.97 img/s
DLL 2020-09-28 10:37:09.381772 - Epoch: 0 Iteration: 15  train.loss : 6.97825  train.total_ips : 6055.27 img/s
DLL 2020-09-28 10:37:09.710205 - Epoch: 0 Iteration: 16  train.loss : 7.02340  train.total_ips : 6235.91 img/s
DLL 2020-09-28 10:37:10.039198 - Epoch: 0 Iteration: 17  train.loss : 7.01429  train.total_ips : 6228.17 img/s
DLL 2020-09-28 10:37:10.367026 - Epoch: 0 Iteration: 18  train.loss : 6.98876  train.total_ips : 6248.62 img/s
DLL 2020-09-28 10:37:10.696183 - Epoch: 0 Iteration: 19  train.loss : 6.99418  train.total_ips : 6223.73 img/s
DLL 2020-09-28 10:37:11.026447 - Epoch: 0 Iteration: 20  train.loss : 6.98398  train.total_ips : 6202.83 img/s
DLL 2020-09-28 10:37:11.353533 - Epoch: 0 Iteration: 21  train.loss : 6.95744  train.total_ips : 6264.77 img/s
DLL 2020-09-28 10:37:11.683185 - Epoch: 0 Iteration: 22  train.loss : 7.01263  train.total_ips : 6213.57 img/s
DLL 2020-09-28 10:37:12.044234 - Epoch: 0 Iteration: 23  train.loss : 6.99634  train.total_ips : 5673.53 img/s
DLL 2020-09-28 10:37:12.373400 - Epoch: 0 Iteration: 24  train.loss : 6.98976  train.total_ips : 6223.73 img/s
DLL 2020-09-28 10:37:12.711624 - Epoch: 0 Iteration: 25  train.loss : 7.01528  train.total_ips : 6057.08 img/s
DLL 2020-09-28 10:37:13.058173 - Epoch: 0 Iteration: 26  train.loss : 7.03094  train.total_ips : 5912.30 img/s
DLL 2020-09-28 10:37:13.402006 - Epoch: 0 Iteration: 27  train.loss : 7.02597  train.total_ips : 5960.56 img/s
DLL 2020-09-28 10:37:13.736961 - Epoch: 0 Iteration: 28  train.loss : 6.96951  train.total_ips : 6118.23 img/s
DLL 2020-09-28 10:37:14.061722 - Epoch: 0 Iteration: 29  train.loss : 6.99579  train.total_ips : 6306.74 img/s
DLL 2020-09-28 10:37:14.405853 - Epoch: 0 Iteration: 30  train.loss : 6.99668  train.total_ips : 5953.14 img/s
DLL 2020-09-28 10:37:14.729825 - Epoch: 0 Iteration: 31  train.loss : 6.99560  train.total_ips : 6322.89 img/s
DLL 2020-09-28 10:37:15.063908 - Epoch: 0 Iteration: 32  train.loss : 6.97448  train.total_ips : 6136.05 img/s
DLL 2020-09-28 10:37:15.403803 - Epoch: 0 Iteration: 33  train.loss : 6.99652  train.total_ips : 6029.17 img/s
DLL 2020-09-28 10:37:15.739756 - Epoch: 0 Iteration: 34  train.loss : 6.98582  train.total_ips : 6098.31 img/s
DLL 2020-09-28 10:37:16.071293 - Epoch: 0 Iteration: 35  train.loss : 6.95459  train.total_ips : 6181.24 img/s
DLL 2020-09-28 10:37:16.401606 - Epoch: 0 Iteration: 36  train.loss : 6.97676  train.total_ips : 6203.09 img/s
DLL 2020-09-28 10:37:16.741982 - Epoch: 0 Iteration: 37  train.loss : 7.00234  train.total_ips : 6027.30 img/s
DLL 2020-09-28 10:37:17.113034 - Epoch: 0 Iteration: 38  train.loss : 6.98056  train.total_ips : 5518.53 img/s
DLL 2020-09-28 10:37:17.442974 - Epoch: 0 Iteration: 39  train.loss : 6.95944  train.total_ips : 6208.88 img/s
DLL 2020-09-28 10:37:17.777545 - Epoch: 0 Iteration: 40  train.loss : 6.98206  train.total_ips : 6123.16 img/s
DLL 2020-09-28 10:37:18.117118 - Epoch: 0 Iteration: 41  train.loss : 760622.56250  train.total_ips : 6033.44 img/s
DLL 2020-09-28 10:37:18.448461 - Epoch: 0 Iteration: 42  train.loss : 6.96268  train.total_ips : 6182.56 img/s
Gradient overflow.  Skipping step, loss scaler 0 reducing loss scale to 32768.0
Gradient overflow.  Skipping step, loss scaler 0 reducing loss scale to 32768.0
Gradient overflow.  Skipping step, loss scaler 0 reducing loss scale to 32768.0
Gradient overflow.  Skipping step, loss scaler 0 reducing loss scale to 32768.0
Gradient overflow.  Skipping step, loss scaler 0 reducing loss scale to 32768.0
Gradient overflow.  Skipping step, loss scaler 0 reducing loss scale to 32768.0
Gradient overflow.  Skipping step, loss scaler 0 reducing loss scale to 32768.0
Gradient overflow.  Skipping step, loss scaler 0 reducing loss scale to 32768.0
DLL 2020-09-28 10:37:18.774097 - Epoch: 0 Iteration: 43  train.loss : 7.08363  train.total_ips : 6291.06 img/s
DLL 2020-09-28 10:37:19.101667 - Epoch: 0 Iteration: 44  train.loss : 7.09580  train.total_ips : 6253.70 img/s
DLL 2020-09-28 10:37:19.430483 - Epoch: 0 Iteration: 45  train.loss : 7.10828  train.total_ips : 6230.16 img/s
DLL 2020-09-28 10:37:19.762500 - Epoch: 0 Iteration: 46  train.loss : 7.11601  train.total_ips : 6170.10 img/s
DLL 2020-09-28 10:37:20.095523 - Epoch: 0 Iteration: 47  train.loss : 7.08115  train.total_ips : 6151.64 img/s
DLL 2020-09-28 10:37:20.427985 - Epoch: 0 Iteration: 48  train.loss : 7.07236  train.total_ips : 6162.10 img/s
DLL 2020-09-28 10:37:20.777140 - Epoch: 0 Iteration: 49  train.loss : 7.10891  train.total_ips : 5868.16 img/s
DLL 2020-09-28 10:37:21.102052 - Epoch: 0 Iteration: 50  train.loss : 7.05733  train.total_ips : 6305.28 img/s
DLL 2020-09-28 10:37:21.432688 - Epoch: 0 Iteration: 51  train.loss : 7.06099  train.total_ips : 6197.80 img/s
DLL 2020-09-28 10:37:21.761260 - Epoch: 0 Iteration: 52  train.loss : 7.04793  train.total_ips : 6234.15 img/s
DLL 2020-09-28 10:37:22.090134 - Epoch: 0 Iteration: 53  train.loss : 7.00778  train.total_ips : 6229.24 img/s
DLL 2020-09-28 10:37:22.422935 - Epoch: 0 Iteration: 54  train.loss : 7.00684  train.total_ips : 6155.96 img/s
Gradient overflow.  Skipping step, loss scaler 0 reducing loss scale to 16384.0
Gradient overflow.  Skipping step, loss scaler 0 reducing loss scale to 16384.0
Gradient overflow.  Skipping step, loss scaler 0 reducing loss scale to 16384.0
Gradient overflow.  Skipping step, loss scaler 0 reducing loss scale to 16384.0
Gradient overflow.  Skipping step, loss scaler 0 reducing loss scale to 16384.0
Gradient overflow.  Skipping step, loss scaler 0 reducing loss scale to 16384.0
Gradient overflow.  Skipping step, loss scaler 0 reducing loss scale to 16384.0
Gradient overflow.  Skipping step, loss scaler 0 reducing loss scale to 16384.0
DLL 2020-09-28 10:37:22.747477 - Epoch: 0 Iteration: 55  train.loss : 7.02696  train.total_ips : 6311.81 img/s
Gradient overflow.  Skipping step, loss scaler 0 reducing loss scale to 8192.0
Gradient overflow.  Skipping step, loss scaler 0 reducing loss scale to 8192.0
Gradient overflow.  Skipping step, loss scaler 0 reducing loss scale to 8192.0
Gradient overflow.  Skipping step, loss scaler 0 reducing loss scale to 8192.0
Gradient overflow.  Skipping step, loss scaler 0 reducing loss scale to 8192.0
Gradient overflow.  Skipping step, loss scaler 0 reducing loss scale to 8192.0
Gradient overflow.  Skipping step, loss scaler 0 reducing loss scale to 8192.0
Gradient overflow.  Skipping step, loss scaler 0 reducing loss scale to 8192.0
DLL 2020-09-28 10:37:23.067500 - Epoch: 0 Iteration: 56  train.loss : 7.07471  train.total_ips : 6401.36 img/s
DLL 2020-09-28 10:37:23.395640 - Epoch: 0 Iteration: 57  train.loss : 7.05431  train.total_ips : 6242.86 img/s
DLL 2020-09-28 10:37:23.725737 - Epoch: 0 Iteration: 58  train.loss : 7.06827  train.total_ips : 6205.84 img/s
DLL 2020-09-28 10:37:24.057430 - Epoch: 0 Iteration: 59  train.loss : 7.02012  train.total_ips : 6176.11 img/s
DLL 2020-09-28 10:37:24.388060 - Epoch: 0 Iteration: 60  train.loss : 7.02930  train.total_ips : 6195.99 img/s
DLL 2020-09-28 10:37:24.719855 - Epoch: 0 Iteration: 61  train.loss : 7.05655  train.total_ips : 6174.31 img/s
DLL 2020-09-28 10:37:25.052954 - Epoch: 0 Iteration: 62  train.loss : 7.01283  train.total_ips : 6151.62 img/s
DLL 2020-09-28 10:37:25.386987 - Epoch: 0 Iteration: 63  train.loss : 7.01891  train.total_ips : 6134.07 img/s
DLL 2020-09-28 10:37:25.721133 - Epoch: 0 Iteration: 64  train.loss : 7.03630  train.total_ips : 6133.48 img/s
DLL 2020-09-28 10:37:26.051055 - Epoch: 0 Iteration: 65  train.loss : 7.02466  train.total_ips : 6209.52 img/s
DLL 2020-09-28 10:37:26.383855 - Epoch: 0 Iteration: 66  train.loss : 7.05583  train.total_ips : 6155.45 img/s
DLL 2020-09-28 10:37:26.711586 - Epoch: 0 Iteration: 67  train.loss : 7.06370  train.total_ips : 6252.24 img/s
DLL 2020-09-28 10:37:27.045603 - Epoch: 0 Iteration: 68  train.loss : 7.01454  train.total_ips : 6135.75 img/s
DLL 2020-09-28 10:37:27.370665 - Epoch: 0 Iteration: 69  train.loss : 7.00454  train.total_ips : 6301.45 img/s
DLL 2020-09-28 10:37:27.696208 - Epoch: 0 Iteration: 70  train.loss : 7.05643  train.total_ips : 6292.80 img/s
DLL 2020-09-28 10:37:28.028640 - Epoch: 0 Iteration: 71  train.loss : 7.00642  train.total_ips : 6162.60 img/s
DLL 2020-09-28 10:37:28.362653 - Epoch: 0 Iteration: 72  train.loss : 7.03208  train.total_ips : 6133.23 img/s
DLL 2020-09-28 10:37:28.701896 - Epoch: 0 Iteration: 73  train.loss : 7.05381  train.total_ips : 6038.59 img/s
DLL 2020-09-28 10:37:29.030224 - Epoch: 0 Iteration: 74  train.loss : 7.01877  train.total_ips : 6239.32 img/s
DLL 2020-09-28 10:37:29.365272 - Epoch: 0 Iteration: 75  train.loss : 7.02617  train.total_ips : 6118.53 img/s
DLL 2020-09-28 10:37:29.690707 - Epoch: 0 Iteration: 76  train.loss : 7.01342  train.total_ips : 6294.16 img/s
DLL 2020-09-28 10:37:30.023015 - Epoch: 0 Iteration: 77  train.loss : 7.04324  train.total_ips : 6164.34 img/s
DLL 2020-09-28 10:37:30.349817 - Epoch: 0 Iteration: 78  train.loss : 7.03168  train.total_ips : 6268.70 img/s
DLL 2020-09-28 10:37:30.681768 - Epoch: 0 Iteration: 79  train.loss : 7.02065  train.total_ips : 6171.41 img/s
DLL 2020-09-28 10:37:31.018702 - Epoch: 0 Iteration: 80  train.loss : 7.03112  train.total_ips : 6079.91 img/s
DLL 2020-09-28 10:37:31.359725 - Epoch: 0 Iteration: 81  train.loss : 7.02290  train.total_ips : 6007.59 img/s
DLL 2020-09-28 10:37:31.694614 - Epoch: 0 Iteration: 82  train.loss : 6.99691  train.total_ips : 6117.62 img/s
DLL 2020-09-28 10:37:32.018893 - Epoch: 0 Iteration: 83  train.loss : 7.00099  train.total_ips : 6319.53 img/s
DLL 2020-09-28 10:37:32.350983 - Epoch: 0 Iteration: 84  train.loss : 7.02555  train.total_ips : 6167.44 img/s
DLL 2020-09-28 10:37:32.685904 - Epoch: 0 Iteration: 85  train.loss : 6.98844  train.total_ips : 6119.59 img/s
DLL 2020-09-28 10:37:33.015255 - Epoch: 0 Iteration: 86  train.loss : 7.02103  train.total_ips : 6219.98 img/s
DLL 2020-09-28 10:37:33.346974 - Epoch: 0 Iteration: 87  train.loss : 6.98698  train.total_ips : 6178.60 img/s
DLL 2020-09-28 10:37:33.673060 - Epoch: 0 Iteration: 88  train.loss : 7.02526  train.total_ips : 6282.61 img/s
DLL 2020-09-28 10:37:34.007337 - Epoch: 0 Iteration: 89  train.loss : 7.04573  train.total_ips : 6128.07 img/s
DLL 2020-09-28 10:37:34.346270 - Epoch: 0 Iteration: 90  train.loss : 7.01737  train.total_ips : 6045.74 img/s
DLL 2020-09-28 10:37:34.686935 - Epoch: 0 Iteration: 91  train.loss : 6.99087  train.total_ips : 6013.99 img/s
DLL 2020-09-28 10:37:35.011972 - Epoch: 0 Iteration: 92  train.loss : 7.01166  train.total_ips : 6302.43 img/s
DLL 2020-09-28 10:37:35.339935 - Epoch: 0 Iteration: 93  train.loss : 7.01613  train.total_ips : 6246.79 img/s
DLL 2020-09-28 10:37:35.668242 - Epoch: 0 Iteration: 94  train.loss : 7.00369  train.total_ips : 6240.64 img/s
DLL 2020-09-28 10:37:35.996575 - Epoch: 0 Iteration: 95  train.loss : 7.01842  train.total_ips : 6238.98 img/s
DLL 2020-09-28 10:37:36.321570 - Epoch: 0 Iteration: 96  train.loss : 6.99762  train.total_ips : 6303.21 img/s
DLL 2020-09-28 10:37:36.657392 - Epoch: 0 Iteration: 97  train.loss : 6.99655  train.total_ips : 6101.10 img/s
DLL 2020-09-28 10:37:36.981972 - Epoch: 0 Iteration: 98  train.loss : 6.97452  train.total_ips : 6312.86 img/s
DLL 2020-09-28 10:37:37.308088 - Epoch: 0 Iteration: 99  train.loss : 7.02233  train.total_ips : 6283.57 img/s
DLL 2020-09-28 10:37:37.650532 - Epoch: 0 Iteration: 100  train.loss : 7.01328  train.total_ips : 5982.81 img/s
DLL 2020-09-28 10:37:37.979532 - Epoch: 0 Iteration: 101  train.loss : 6.99068  train.total_ips : 6227.60 img/s
DLL 2020-09-28 10:37:38.310350 - Epoch: 0 Iteration: 102  train.loss : 6.98666  train.total_ips : 6192.45 img/s
DLL 2020-09-28 10:37:38.645127 - Epoch: 0 Iteration: 103  train.loss : 7.02615  train.total_ips : 6119.93 img/s
DLL 2020-09-28 10:37:38.970497 - Epoch: 0 Iteration: 104  train.loss : 6.98317  train.total_ips : 6296.48 img/s
DLL 2020-09-28 10:37:39.297662 - Epoch: 0 Iteration: 105  train.loss : 6.98155  train.total_ips : 6263.04 img/s
DLL 2020-09-28 10:37:39.630054 - Epoch: 0 Iteration: 106  train.loss : 7.01390  train.total_ips : 6162.69 img/s
DLL 2020-09-28 10:37:39.959680 - Epoch: 0 Iteration: 107  train.loss : 6.99661  train.total_ips : 6216.72 img/s
DLL 2020-09-28 10:37:40.291056 - Epoch: 0 Iteration: 108  train.loss : 7.00039  train.total_ips : 6181.85 img/s
DLL 2020-09-28 10:37:40.621054 - Epoch: 0 Iteration: 109  train.loss : 7.00914  train.total_ips : 6211.52 img/s
DLL 2020-09-28 10:37:40.950557 - Epoch: 0 Iteration: 110  train.loss : 7.02843  train.total_ips : 6217.53 img/s
DLL 2020-09-28 10:37:41.283289 - Epoch: 0 Iteration: 111  train.loss : 7.01622  train.total_ips : 6161.65 img/s
DLL 2020-09-28 10:37:41.608026 - Epoch: 0 Iteration: 112  train.loss : 6.98774  train.total_ips : 6307.63 img/s
DLL 2020-09-28 10:37:41.948809 - Epoch: 0 Iteration: 113  train.loss : 7.03730  train.total_ips : 6012.14 img/s
DLL 2020-09-28 10:37:42.281690 - Epoch: 0 Iteration: 114  train.loss : 7.02748  train.total_ips : 6156.35 img/s
DLL 2020-09-28 10:37:42.608603 - Epoch: 0 Iteration: 115  train.loss : 7.00332  train.total_ips : 6265.40 img/s
DLL 2020-09-28 10:37:42.939899 - Epoch: 0 Iteration: 116  train.loss : 7.04099  train.total_ips : 6183.42 img/s
DLL 2020-09-28 10:37:43.274288 - Epoch: 0 Iteration: 117  train.loss : 6.98681  train.total_ips : 6126.28 img/s
DLL 2020-09-28 10:37:43.604194 - Epoch: 0 Iteration: 118  train.loss : 6.98806  train.total_ips : 6209.31 img/s
DLL 2020-09-28 10:37:43.938365 - Epoch: 0 Iteration: 119  train.loss : 7.00224  train.total_ips : 6130.24 img/s
DLL 2020-09-28 10:37:44.270185 - Epoch: 0 Iteration: 120  train.loss : 6.96443  train.total_ips : 6176.99 img/s
DLL 2020-09-28 10:37:44.603790 - Epoch: 0 Iteration: 121  train.loss : 7.00740  train.total_ips : 6141.88 img/s
DLL 2020-09-28 10:37:44.932611 - Epoch: 0 Iteration: 122  train.loss : 6.98959  train.total_ips : 6229.46 img/s
DLL 2020-09-28 10:37:45.260974 - Epoch: 0 Iteration: 123  train.loss : 7.00222  train.total_ips : 6238.52 img/s
DLL 2020-09-28 10:37:45.625354 - Epoch: 0 Iteration: 124  train.loss : 6.99666  train.total_ips : 5621.78 img/s
DLL 2020-09-28 10:37:45.951022 - Epoch: 0 Iteration: 125  train.loss : 7.01858  train.total_ips : 6291.07 img/s
DLL 2020-09-28 10:37:46.287617 - Epoch: 0 Iteration: 126  train.loss : 6.98848  train.total_ips : 6086.45 img/s
DLL 2020-09-28 10:37:46.616596 - Epoch: 0 Iteration: 127  train.loss : 7.01014  train.total_ips : 6228.63 img/s
DLL 2020-09-28 10:37:46.948513 - Epoch: 0 Iteration: 128  train.loss : 7.00029  train.total_ips : 6172.16 img/s
DLL 2020-09-28 10:37:47.277684 - Epoch: 0 Iteration: 129  train.loss : 6.98345  train.total_ips : 6224.38 img/s
DLL 2020-09-28 10:37:47.613920 - Epoch: 0 Iteration: 130  train.loss : 6.97354  train.total_ips : 6092.03 img/s
DLL 2020-09-28 10:37:47.950528 - Epoch: 0 Iteration: 131  train.loss : 6.97853  train.total_ips : 6086.33 img/s
DLL 2020-09-28 10:37:48.275606 - Epoch: 0 Iteration: 132  train.loss : 6.97323  train.total_ips : 6301.38 img/s
DLL 2020-09-28 10:37:48.602170 - Epoch: 0 Iteration: 133  train.loss : 6.98232  train.total_ips : 6273.27 img/s
DLL 2020-09-28 10:37:48.932362 - Epoch: 0 Iteration: 134  train.loss : 6.95633  train.total_ips : 6204.10 img/s
DLL 2020-09-28 10:37:49.261967 - Epoch: 0 Iteration: 135  train.loss : 6.98996  train.total_ips : 6215.31 img/s
DLL 2020-09-28 10:37:49.588996 - Epoch: 0 Iteration: 136  train.loss : 6.96649  train.total_ips : 6264.64 img/s
DLL 2020-09-28 10:37:49.916206 - Epoch: 0 Iteration: 137  train.loss : 6.97908  train.total_ips : 6260.45 img/s
DLL 2020-09-28 10:37:50.244790 - Epoch: 0 Iteration: 138  train.loss : 7.00098  train.total_ips : 6234.29 img/s
DLL 2020-09-28 10:37:50.570384 - Epoch: 0 Iteration: 139  train.loss : 6.97872  train.total_ips : 6291.76 img/s
DLL 2020-09-28 10:37:50.897545 - Epoch: 0 Iteration: 140  train.loss : 6.99658  train.total_ips : 6261.53 img/s
DLL 2020-09-28 10:37:51.234689 - Epoch: 0 Iteration: 141  train.loss : 6.99506  train.total_ips : 6077.62 img/s
DLL 2020-09-28 10:37:51.568556 - Epoch: 0 Iteration: 142  train.loss : 6.97028  train.total_ips : 6136.70 img/s
DLL 2020-09-28 10:37:51.899836 - Epoch: 0 Iteration: 143  train.loss : 6.96043  train.total_ips : 6184.64 img/s
DLL 2020-09-28 10:37:52.233288 - Epoch: 0 Iteration: 144  train.loss : 7.00103  train.total_ips : 6144.16 img/s
DLL 2020-09-28 10:37:52.558163 - Epoch: 0 Iteration: 145  train.loss : 6.99701  train.total_ips : 6306.81 img/s
DLL 2020-09-28 10:37:52.889509 - Epoch: 0 Iteration: 146  train.loss : 6.97807  train.total_ips : 6181.84 img/s
DLL 2020-09-28 10:37:53.222275 - Epoch: 0 Iteration: 147  train.loss : 6.96948  train.total_ips : 6156.13 img/s
DLL 2020-09-28 10:37:53.560051 - Epoch: 0 Iteration: 148  train.loss : 6.98143  train.total_ips : 6065.73 img/s
DLL 2020-09-28 10:37:53.892094 - Epoch: 0 Iteration: 149  train.loss : 6.97597  train.total_ips : 6169.94 img/s
Experiment ended
Experiment ended
Experiment ended
Experiment ended
Experiment ended
DLL 2020-09-28 10:37:54.225038 - Epoch: 0  train.loss : 5077.78010  train.total_ips : 6109.26 img/s
DLL 2020-09-28 10:37:54.225195 - Epoch: 0  lr : 0.256  train.compute_ips : 6137.98 img/s train.data_time : 0.00164 s train.compute_time : 0.41638 s
DLL 2020-09-28 10:37:54.225338 - Summary: train.loss : 5077.78010  train.total_ips : 6109.26 img/s
DLL 2020-09-28 10:37:54.225385 - Summary: lr : 0.256  train.compute_ips : 6137.98 img/s train.data_time : 0.00164 s train.compute_time : 0.41638 s
Experiment ended
Experiment ended
Experiment ended
dist_rank:  0
['/opt/conda/bin/python', '-u', '/workspace/rn50/main.py', '--data-backend', 'dali-cpu', '--raport-file', '/workspace/rn50/raport.json', '-j5', '-p', '1', '--lr', '2.048', '--optimizer-batch-size', '-1', '--warmup', '8', '--arch', 'resnet50', '-c', 'fanin', '--label-smoothing', '0.1', '--lr-schedule', 'cosine', '--mom', '0.125', '--wd', '3.0517578125e-05', '--workspace', '/workspace/rn50', '-b', '256', '--epochs', '1', '--prof', '150', '--training-only', '--no-checkpoints', '--amp', '--dynamic-loss-scale', '/data/image']
dist_rank:  1
['/opt/conda/bin/python', '-u', '/workspace/rn50/main.py', '--data-backend', 'dali-cpu', '--raport-file', '/workspace/rn50/raport.json', '-j5', '-p', '1', '--lr', '2.048', '--optimizer-batch-size', '-1', '--warmup', '8', '--arch', 'resnet50', '-c', 'fanin', '--label-smoothing', '0.1', '--lr-schedule', 'cosine', '--mom', '0.125', '--wd', '3.0517578125e-05', '--workspace', '/workspace/rn50', '-b', '256', '--epochs', '1', '--prof', '150', '--training-only', '--no-checkpoints', '--amp', '--dynamic-loss-scale', '/data/image']
dist_rank:  2
['/opt/conda/bin/python', '-u', '/workspace/rn50/main.py', '--data-backend', 'dali-cpu', '--raport-file', '/workspace/rn50/raport.json', '-j5', '-p', '1', '--lr', '2.048', '--optimizer-batch-size', '-1', '--warmup', '8', '--arch', 'resnet50', '-c', 'fanin', '--label-smoothing', '0.1', '--lr-schedule', 'cosine', '--mom', '0.125', '--wd', '3.0517578125e-05', '--workspace', '/workspace/rn50', '-b', '256', '--epochs', '1', '--prof', '150', '--training-only', '--no-checkpoints', '--amp', '--dynamic-loss-scale', '/data/image']
dist_rank:  3
['/opt/conda/bin/python', '-u', '/workspace/rn50/main.py', '--data-backend', 'dali-cpu', '--raport-file', '/workspace/rn50/raport.json', '-j5', '-p', '1', '--lr', '2.048', '--optimizer-batch-size', '-1', '--warmup', '8', '--arch', 'resnet50', '-c', 'fanin', '--label-smoothing', '0.1', '--lr-schedule', 'cosine', '--mom', '0.125', '--wd', '3.0517578125e-05', '--workspace', '/workspace/rn50', '-b', '256', '--epochs', '1', '--prof', '150', '--training-only', '--no-checkpoints', '--amp', '--dynamic-loss-scale', '/data/image']
dist_rank:  4
['/opt/conda/bin/python', '-u', '/workspace/rn50/main.py', '--data-backend', 'dali-cpu', '--raport-file', '/workspace/rn50/raport.json', '-j5', '-p', '1', '--lr', '2.048', '--optimizer-batch-size', '-1', '--warmup', '8', '--arch', 'resnet50', '-c', 'fanin', '--label-smoothing', '0.1', '--lr-schedule', 'cosine', '--mom', '0.125', '--wd', '3.0517578125e-05', '--workspace', '/workspace/rn50', '-b', '256', '--epochs', '1', '--prof', '150', '--training-only', '--no-checkpoints', '--amp', '--dynamic-loss-scale', '/data/image']
dist_rank:  5
['/opt/conda/bin/python', '-u', '/workspace/rn50/main.py', '--data-backend', 'dali-cpu', '--raport-file', '/workspace/rn50/raport.json', '-j5', '-p', '1', '--lr', '2.048', '--optimizer-batch-size', '-1', '--warmup', '8', '--arch', 'resnet50', '-c', 'fanin', '--label-smoothing', '0.1', '--lr-schedule', 'cosine', '--mom', '0.125', '--wd', '3.0517578125e-05', '--workspace', '/workspace/rn50', '-b', '256', '--epochs', '1', '--prof', '150', '--training-only', '--no-checkpoints', '--amp', '--dynamic-loss-scale', '/data/image']
dist_rank:  6
['/opt/conda/bin/python', '-u', '/workspace/rn50/main.py', '--data-backend', 'dali-cpu', '--raport-file', '/workspace/rn50/raport.json', '-j5', '-p', '1', '--lr', '2.048', '--optimizer-batch-size', '-1', '--warmup', '8', '--arch', 'resnet50', '-c', 'fanin', '--label-smoothing', '0.1', '--lr-schedule', 'cosine', '--mom', '0.125', '--wd', '3.0517578125e-05', '--workspace', '/workspace/rn50', '-b', '256', '--epochs', '1', '--prof', '150', '--training-only', '--no-checkpoints', '--amp', '--dynamic-loss-scale', '/data/image']
dist_rank:  7
['/opt/conda/bin/python', '-u', '/workspace/rn50/main.py', '--data-backend', 'dali-cpu', '--raport-file', '/workspace/rn50/raport.json', '-j5', '-p', '1', '--lr', '2.048', '--optimizer-batch-size', '-1', '--warmup', '8', '--arch', 'resnet50', '-c', 'fanin', '--label-smoothing', '0.1', '--lr-schedule', 'cosine', '--mom', '0.125', '--wd', '3.0517578125e-05', '--workspace', '/workspace/rn50', '-b', '256', '--epochs', '1', '--prof', '150', '--training-only', '--no-checkpoints', '--amp', '--dynamic-loss-scale', '/data/image']
