+ python /workspace/rn50/multiproc.py --nnodes 1 --node_rank 0 --nproc_per_node 8 --master_addr 127.0.0.1 --master_port=29500 /workspace/rn50/main.py --data-backend dali-cpu --raport-file /workspace/rn50/raport.json -j5 -p 1 --lr 2.048 --optimizer-batch-size -1 --warmup 8 --arch resnet50 -c fanin --label-smoothing 0.1 --lr-schedule cosine --mom 0.125 --wd 3.0517578125e-05 --workspace /workspace/rn50 -b 256 --epochs 1 --prof 150 --training-only --no-checkpoints --amp --dynamic-loss-scale /data/image
world_size in env:  8
distributed in env:  True
loca_rank in env:  0
I'm distributed here!!!!!!!!!!!!!!!!!!!!!!!!!!!!!!!!!
world_size in env:  8
distributed in env:  True
loca_rank in env:  2
I'm distributed here!!!!!!!!!!!!!!!!!!!!!!!!!!!!!!!!!
world_size in env:  8
distributed in env:  True
loca_rank in env:  3
I'm distributed here!!!!!!!!!!!!!!!!!!!!!!!!!!!!!!!!!
world_size in env:  8
distributed in env:  True
loca_rank in env:  5
I'm distributed here!!!!!!!!!!!!!!!!!!!!!!!!!!!!!!!!!
world_size in env:  8
distributed in env:  True
loca_rank in env:  4
I'm distributed here!!!!!!!!!!!!!!!!!!!!!!!!!!!!!!!!!
world_size in env:  8
distributed in env:  True
loca_rank in env:  1
I'm distributed here!!!!!!!!!!!!!!!!!!!!!!!!!!!!!!!!!
world_size in env:  8
distributed in env:  True
loca_rank in env:  6
I'm distributed here!!!!!!!!!!!!!!!!!!!!!!!!!!!!!!!!!
world_size in env:  8
distributed in env:  True
loca_rank in env:  7
I'm distributed here!!!!!!!!!!!!!!!!!!!!!!!!!!!!!!!!!
args.gpu:  0
args.gpu:  2
args.gpu:  4
args.gpu:  3
args.gpu:  5
args.gpu:  1
args.gpu:  6
args.gpu:  7
world_szie in distributed:  8
=> creating model '('resnet50', 'fanin', 1000)'
Version: {'net': <class 'image_classification.resnet.ResNet'>, 'block': <class 'image_classification.resnet.Bottleneck'>, 'layers': [3, 4, 6, 3], 'widths': [64, 128, 256, 512], 'expansion': 4}
Config: {'conv': <class 'torch.nn.modules.conv.Conv2d'>, 'conv_init': 'fan_in', 'nonlinearity': 'relu', 'last_bn_0_init': False, 'activation': <function <lambda> at 0x7f88d31129d8>}
Num classes: 1000
world_szie in distributed:  8
=> creating model '('resnet50', 'fanin', 1000)'
Version: {'net': <class 'image_classification.resnet.ResNet'>, 'block': <class 'image_classification.resnet.Bottleneck'>, 'layers': [3, 4, 6, 3], 'widths': [64, 128, 256, 512], 'expansion': 4}
Config: {'conv': <class 'torch.nn.modules.conv.Conv2d'>, 'conv_init': 'fan_in', 'nonlinearity': 'relu', 'last_bn_0_init': False, 'activation': <function <lambda> at 0x7fcf13e299d8>}
Num classes: 1000
world_szie in distributed:  8
=> creating model '('resnet50', 'fanin', 1000)'
Version: {'net': <class 'image_classification.resnet.ResNet'>, 'block': <class 'image_classification.resnet.Bottleneck'>, 'layers': [3, 4, 6, 3], 'widths': [64, 128, 256, 512], 'expansion': 4}
Config: {'conv': <class 'torch.nn.modules.conv.Conv2d'>, 'conv_init': 'fan_in', 'nonlinearity': 'relu', 'last_bn_0_init': False, 'activation': <function <lambda> at 0x7fb80ea6c9d8>}
Num classes: 1000
world_szie in distributed:  8
=> creating model '('resnet50', 'fanin', 1000)'
Version: {'net': <class 'image_classification.resnet.ResNet'>, 'block': <class 'image_classification.resnet.Bottleneck'>, 'layers': [3, 4, 6, 3], 'widths': [64, 128, 256, 512], 'expansion': 4}
Config: {'conv': <class 'torch.nn.modules.conv.Conv2d'>, 'conv_init': 'fan_in', 'nonlinearity': 'relu', 'last_bn_0_init': False, 'activation': <function <lambda> at 0x7f30af1719d8>}
Num classes: 1000
world_szie in distributed:  8
=> creating model '('resnet50', 'fanin', 1000)'
Version: {'net': <class 'image_classification.resnet.ResNet'>, 'block': <class 'image_classification.resnet.Bottleneck'>, 'layers': [3, 4, 6, 3], 'widths': [64, 128, 256, 512], 'expansion': 4}
Config: {'conv': <class 'torch.nn.modules.conv.Conv2d'>, 'conv_init': 'fan_in', 'nonlinearity': 'relu', 'last_bn_0_init': False, 'activation': <function <lambda> at 0x7f550c50e9d8>}
Num classes: 1000
world_szie in distributed:  8
=> creating model '('resnet50', 'fanin', 1000)'
Version: {'net': <class 'image_classification.resnet.ResNet'>, 'block': <class 'image_classification.resnet.Bottleneck'>, 'layers': [3, 4, 6, 3], 'widths': [64, 128, 256, 512], 'expansion': 4}
Config: {'conv': <class 'torch.nn.modules.conv.Conv2d'>, 'conv_init': 'fan_in', 'nonlinearity': 'relu', 'last_bn_0_init': False, 'activation': <function <lambda> at 0x7fc6d38b19d8>}
Num classes: 1000
world_szie in distributed:  8
=> creating model '('resnet50', 'fanin', 1000)'
Version: {'net': <class 'image_classification.resnet.ResNet'>, 'block': <class 'image_classification.resnet.Bottleneck'>, 'layers': [3, 4, 6, 3], 'widths': [64, 128, 256, 512], 'expansion': 4}
Config: {'conv': <class 'torch.nn.modules.conv.Conv2d'>, 'conv_init': 'fan_in', 'nonlinearity': 'relu', 'last_bn_0_init': False, 'activation': <function <lambda> at 0x7f3f2763a9d8>}
Num classes: 1000
world_szie in distributed:  8
=> creating model '('resnet50', 'fanin', 1000)'
Version: {'net': <class 'image_classification.resnet.ResNet'>, 'block': <class 'image_classification.resnet.Bottleneck'>, 'layers': [3, 4, 6, 3], 'widths': [64, 128, 256, 512], 'expansion': 4}
Config: {'conv': <class 'torch.nn.modules.conv.Conv2d'>, 'conv_init': 'fan_in', 'nonlinearity': 'relu', 'last_bn_0_init': False, 'activation': <function <lambda> at 0x7fd0b47869d8>}
Num classes: 1000
rank in distributed:  2
world size in dali:  8
device_count():  8
rank in dali hybrid:  2
distributed!!!!!!!!!!!!!!!!!!!!!!!!!!!!!!!!!!1
device_id:  2
rank in distributed:  4
world size in dali:  8
device_count():  8
rank in distributed:  7
world size in dali:  8
rank in dali hybrid:  4
device_count():  8
distributed!!!!!!!!!!!!!!!!!!!!!!!!!!!!!!!!!!1
rank in dali hybrid:  7
distributed!!!!!!!!!!!!!!!!!!!!!!!!!!!!!!!!!!1
device_id:  7
device_id:  4
rank in distributed:  6
world size in dali:  8
device_count():  8
rank in dali hybrid:  6
distributed!!!!!!!!!!!!!!!!!!!!!!!!!!!!!!!!!!1
device_id:  6
rank in distributed:  1
world size in dali:  8
device_count():  8
rank in dali hybrid:  1
distributed!!!!!!!!!!!!!!!!!!!!!!!!!!!!!!!!!!1
device_id:  1
rank in distributed:  3
world size in dali:  8
device_count():  8
rank in dali hybrid:  3
distributed!!!!!!!!!!!!!!!!!!!!!!!!!!!!!!!!!!1
device_id:  3
rank in distributed:  0
world size in dali:  8
device_count():  8
rank in dali hybrid:  0
distributed!!!!!!!!!!!!!!!!!!!!!!!!!!!!!!!!!!1
device_id:  0
rank in distributed:  5
world size in dali:  8
device_count():  8
rank in dali hybrid:  5
distributed!!!!!!!!!!!!!!!!!!!!!!!!!!!!!!!!!!1
device_id:  5
read 3545488 files from 2792 directories
read 3545488 files from 2792 directories
read 3545488 files from 2792 directories
read 3545488 files from 2792 directories
read 3545488 files from 2792 directories
read 3545488 files from 2792 directories
read 3545488 files from 2792 directories
read 3545488 files from 2792 directories
read 50000 files from 1000 directories
 ! Weight decay NOT applied to BN parameters 
98
63
read 50000 files from 1000 directories
read 50000 files from 1000 directories
 ! Weight decay NOT applied to BN parameters 
98
63
read 50000 files from 1000 directories
 ! Weight decay NOT applied to BN parameters 
98
63
read 50000 files from 1000 directories
read 50000 files from 1000 directories
read 50000 files from 1000 directories
 ! Weight decay NOT applied to BN parameters 
98
63
read 50000 files from 1000 directories
 ! Weight decay NOT applied to BN parameters 
98
63
DLL 2020-09-28 10:31:28.557789 - PARAMETER data : /data/image  data_backend : dali-cpu  arch : resnet50  model_config : fanin  num_classes : 1000  workers : 5  epochs : 1  run_epochs : -1  batch_size : 256  optimizer_batch_size : -1  lr : 2.048  lr_schedule : cosine  warmup : 8  label_smoothing : 0.1  mixup : 0.0  momentum : 0.125  weight_decay : 3.0517578125e-05  bn_weight_decay : False  nesterov : False  print_freq : 1  resume : None  pretrained_weights :   fp16 : False  static_loss_scale : 1  dynamic_loss_scale : True  prof : 150  amp : True  seed : None  gather_checkpoints : False  raport_file : /workspace/rn50/raport.json  evaluate : False  training_only : True  save_checkpoints : False  checkpoint_filename : checkpoint.pth.tar  workspace : /workspace/rn50  memory_format : nchw  distributed : True  local_rank : 0  gpu : 8  world_size : 8 
 ! Weight decay NOT applied to BN parameters 
98
63
 ! Weight decay NOT applied to BN parameters 
98
63
Selected optimization level O1:  Insert automatic casts around Pytorch functions and Tensor methods.

Defaults for this optimization level are:
enabled                : True
opt_level              : O1
cast_model_type        : None
patch_torch_functions  : True
keep_batchnorm_fp32    : None
master_weights         : None
loss_scale             : dynamic
Processing user overrides (additional kwargs that are not None)...
After processing overrides, optimization options are:
enabled                : True
opt_level              : O1
cast_model_type        : None
patch_torch_functions  : True
keep_batchnorm_fp32    : None
master_weights         : None
loss_scale             : dynamic
 ! Weight decay NOT applied to BN parameters 
98
63
RUNNING EPOCHS FROM 0 TO 1
RUNNING EPOCHS FROM 0 TO 1
RUNNING EPOCHS FROM 0 TO 1
RUNNING EPOCHS FROM 0 TO 1
RUNNING EPOCHS FROM 0 TO 1
RUNNING EPOCHS FROM 0 TO 1
RUNNING EPOCHS FROM 0 TO 1
RUNNING EPOCHS FROM 0 TO 1
DLL 2020-09-28 10:31:42.600017 - Epoch: 0 Iteration: 1  train.loss : 7.06032  train.total_ips : 162.06 img/s
DLL 2020-09-28 10:31:43.322997 - Epoch: 0 Iteration: 2  train.loss : 7.00766  train.total_ips : 2832.98 img/s
DLL 2020-09-28 10:31:43.678740 - Epoch: 0 Iteration: 3  train.loss : 6.98128  train.total_ips : 5758.54 img/s
DLL 2020-09-28 10:31:44.013627 - Epoch: 0 Iteration: 4  train.loss : 6.98409  train.total_ips : 6116.97 img/s
DLL 2020-09-28 10:31:44.346703 - Epoch: 0 Iteration: 5  train.loss : 6.99184  train.total_ips : 6150.35 img/s
DLL 2020-09-28 10:31:44.682378 - Epoch: 0 Iteration: 6  train.loss : 7.00904  train.total_ips : 6102.71 img/s
DLL 2020-09-28 10:31:45.012484 - Epoch: 0 Iteration: 7  train.loss : 7.02863  train.total_ips : 6205.62 img/s
DLL 2020-09-28 10:31:45.351429 - Epoch: 0 Iteration: 8  train.loss : 7.02026  train.total_ips : 6045.38 img/s
DLL 2020-09-28 10:31:45.688326 - Epoch: 0 Iteration: 9  train.loss : 7.00876  train.total_ips : 6082.94 img/s
DLL 2020-09-28 10:31:46.025827 - Epoch: 0 Iteration: 10  train.loss : 7.00380  train.total_ips : 6070.34 img/s
DLL 2020-09-28 10:31:46.355452 - Epoch: 0 Iteration: 11  train.loss : 7.06669  train.total_ips : 6214.31 img/s
DLL 2020-09-28 10:31:46.691364 - Epoch: 0 Iteration: 12  train.loss : 6.99520  train.total_ips : 6098.57 img/s
DLL 2020-09-28 10:31:47.028755 - Epoch: 0 Iteration: 13  train.loss : 7.01996  train.total_ips : 6071.51 img/s
DLL 2020-09-28 10:31:47.366153 - Epoch: 0 Iteration: 14  train.loss : 7.02506  train.total_ips : 6071.68 img/s
DLL 2020-09-28 10:31:47.705439 - Epoch: 0 Iteration: 15  train.loss : 6.99307  train.total_ips : 6038.47 img/s
DLL 2020-09-28 10:31:48.037614 - Epoch: 0 Iteration: 16  train.loss : 7.04798  train.total_ips : 6168.69 img/s
DLL 2020-09-28 10:31:48.368996 - Epoch: 0 Iteration: 17  train.loss : 7.01314  train.total_ips : 6181.15 img/s
DLL 2020-09-28 10:31:48.698518 - Epoch: 0 Iteration: 18  train.loss : 6.99673  train.total_ips : 6216.88 img/s
DLL 2020-09-28 10:31:49.040642 - Epoch: 0 Iteration: 19  train.loss : 7.00455  train.total_ips : 5987.60 img/s
DLL 2020-09-28 10:31:49.373121 - Epoch: 0 Iteration: 20  train.loss : 6.98704  train.total_ips : 6161.56 img/s
DLL 2020-09-28 10:31:49.714620 - Epoch: 0 Iteration: 21  train.loss : 6.98200  train.total_ips : 6000.08 img/s
DLL 2020-09-28 10:31:50.046641 - Epoch: 0 Iteration: 22  train.loss : 7.00926  train.total_ips : 6169.44 img/s
DLL 2020-09-28 10:31:50.388154 - Epoch: 0 Iteration: 23  train.loss : 7.01255  train.total_ips : 5999.42 img/s
DLL 2020-09-28 10:31:50.719034 - Epoch: 0 Iteration: 24  train.loss : 7.00996  train.total_ips : 6194.91 img/s
DLL 2020-09-28 10:31:51.048555 - Epoch: 0 Iteration: 25  train.loss : 7.05848  train.total_ips : 6216.00 img/s
DLL 2020-09-28 10:31:51.382229 - Epoch: 0 Iteration: 26  train.loss : 7.01587  train.total_ips : 6139.44 img/s
DLL 2020-09-28 10:31:51.716684 - Epoch: 0 Iteration: 27  train.loss : 7.02665  train.total_ips : 6125.55 img/s
DLL 2020-09-28 10:31:52.046037 - Epoch: 0 Iteration: 28  train.loss : 6.99917  train.total_ips : 6219.61 img/s
DLL 2020-09-28 10:31:52.379763 - Epoch: 0 Iteration: 29  train.loss : 6.98396  train.total_ips : 6138.19 img/s
Gradient overflow.  Skipping step, loss scaler 0 reducing loss scale to 32768.0
Gradient overflow.  Skipping step, loss scaler 0 reducing loss scale to 32768.0
Gradient overflow.  Skipping step, loss scaler 0 reducing loss scale to 32768.0
Gradient overflow.  Skipping step, loss scaler 0 reducing loss scale to 32768.0
Gradient overflow.  Skipping step, loss scaler 0 reducing loss scale to 32768.0
Gradient overflow.  Skipping step, loss scaler 0 reducing loss scale to 32768.0
Gradient overflow.  Skipping step, loss scaler 0 reducing loss scale to 32768.0
Gradient overflow.  Skipping step, loss scaler 0 reducing loss scale to 32768.0
DLL 2020-09-28 10:31:52.709617 - Epoch: 0 Iteration: 30  train.loss : 7.07665  train.total_ips : 6210.32 img/s
DLL 2020-09-28 10:31:53.038143 - Epoch: 0 Iteration: 31  train.loss : 7.05304  train.total_ips : 6235.47 img/s
DLL 2020-09-28 10:31:53.374045 - Epoch: 0 Iteration: 32  train.loss : 7.01941  train.total_ips : 6098.57 img/s
Gradient overflow.  Skipping step, loss scaler 0 reducing loss scale to 16384.0
Gradient overflow.  Skipping step, loss scaler 0 reducing loss scale to 16384.0
Gradient overflow.  Skipping step, loss scaler 0 reducing loss scale to 16384.0
Gradient overflow.  Skipping step, loss scaler 0 reducing loss scale to 16384.0
Gradient overflow.  Skipping step, loss scaler 0 reducing loss scale to 16384.0
Gradient overflow.  Skipping step, loss scaler 0 reducing loss scale to 16384.0
Gradient overflow.  Skipping step, loss scaler 0 reducing loss scale to 16384.0
Gradient overflow.  Skipping step, loss scaler 0 reducing loss scale to 16384.0
DLL 2020-09-28 10:31:53.696352 - Epoch: 0 Iteration: 33  train.loss : 7.02775  train.total_ips : 6355.59 img/s
DLL 2020-09-28 10:31:54.032519 - Epoch: 0 Iteration: 34  train.loss : 7.03847  train.total_ips : 6096.69 img/s
DLL 2020-09-28 10:31:54.372825 - Epoch: 0 Iteration: 35  train.loss : 7.06027  train.total_ips : 6019.08 img/s
DLL 2020-09-28 10:31:54.703274 - Epoch: 0 Iteration: 36  train.loss : 7.02400  train.total_ips : 6199.63 img/s
DLL 2020-09-28 10:31:55.051198 - Epoch: 0 Iteration: 37  train.loss : 7.05763  train.total_ips : 5888.79 img/s
DLL 2020-09-28 10:31:55.380899 - Epoch: 0 Iteration: 38  train.loss : 7.02991  train.total_ips : 6212.81 img/s
DLL 2020-09-28 10:31:55.713088 - Epoch: 0 Iteration: 39  train.loss : 7.07397  train.total_ips : 6166.65 img/s
DLL 2020-09-28 10:31:56.062780 - Epoch: 0 Iteration: 40  train.loss : 7.06965  train.total_ips : 5858.61 img/s
DLL 2020-09-28 10:31:56.391441 - Epoch: 0 Iteration: 41  train.loss : 7.07392  train.total_ips : 6232.52 img/s
DLL 2020-09-28 10:31:56.720892 - Epoch: 0 Iteration: 42  train.loss : 7.07155  train.total_ips : 6219.68 img/s
DLL 2020-09-28 10:31:57.055479 - Epoch: 0 Iteration: 43  train.loss : 7.23838  train.total_ips : 6122.03 img/s
DLL 2020-09-28 10:31:57.384542 - Epoch: 0 Iteration: 44  train.loss : 7.16157  train.total_ips : 6226.02 img/s
DLL 2020-09-28 10:31:57.713934 - Epoch: 0 Iteration: 45  train.loss : 7.11968  train.total_ips : 6218.98 img/s
DLL 2020-09-28 10:31:58.051070 - Epoch: 0 Iteration: 46  train.loss : 7.10354  train.total_ips : 6076.17 img/s
DLL 2020-09-28 10:31:58.384553 - Epoch: 0 Iteration: 47  train.loss : 7.08911  train.total_ips : 6142.67 img/s
DLL 2020-09-28 10:31:58.713180 - Epoch: 0 Iteration: 48  train.loss : 7.11216  train.total_ips : 6233.44 img/s
DLL 2020-09-28 10:31:59.048403 - Epoch: 0 Iteration: 49  train.loss : 7.11472  train.total_ips : 6111.31 img/s
DLL 2020-09-28 10:31:59.378024 - Epoch: 0 Iteration: 50  train.loss : 7.06078  train.total_ips : 6215.00 img/s
DLL 2020-09-28 10:31:59.709826 - Epoch: 0 Iteration: 51  train.loss : 7.09855  train.total_ips : 6175.15 img/s
DLL 2020-09-28 10:32:00.040279 - Epoch: 0 Iteration: 52  train.loss : 7.11462  train.total_ips : 6198.48 img/s
DLL 2020-09-28 10:32:00.371337 - Epoch: 0 Iteration: 53  train.loss : 7.19844  train.total_ips : 6187.64 img/s
DLL 2020-09-28 10:32:00.707677 - Epoch: 0 Iteration: 54  train.loss : 7.07539  train.total_ips : 6091.62 img/s
DLL 2020-09-28 10:32:01.036765 - Epoch: 0 Iteration: 55  train.loss : 7.11610  train.total_ips : 6225.40 img/s
DLL 2020-09-28 10:32:01.368383 - Epoch: 0 Iteration: 56  train.loss : 7.12590  train.total_ips : 6179.90 img/s
DLL 2020-09-28 10:32:01.699820 - Epoch: 0 Iteration: 57  train.loss : 7.06064  train.total_ips : 6180.26 img/s
DLL 2020-09-28 10:32:02.028931 - Epoch: 0 Iteration: 58  train.loss : 7.05991  train.total_ips : 6224.36 img/s
DLL 2020-09-28 10:32:02.358165 - Epoch: 0 Iteration: 59  train.loss : 7.08230  train.total_ips : 6221.91 img/s
DLL 2020-09-28 10:32:02.692956 - Epoch: 0 Iteration: 60  train.loss : 7.04944  train.total_ips : 6119.95 img/s
DLL 2020-09-28 10:32:03.027004 - Epoch: 0 Iteration: 61  train.loss : 7.08896  train.total_ips : 6133.36 img/s
DLL 2020-09-28 10:32:03.357316 - Epoch: 0 Iteration: 62  train.loss : 7.06322  train.total_ips : 6201.39 img/s
DLL 2020-09-28 10:32:03.687197 - Epoch: 0 Iteration: 63  train.loss : 7.05917  train.total_ips : 6210.32 img/s
DLL 2020-09-28 10:32:04.025103 - Epoch: 0 Iteration: 64  train.loss : 7.04231  train.total_ips : 6062.23 img/s
DLL 2020-09-28 10:32:04.355448 - Epoch: 0 Iteration: 65  train.loss : 7.14756  train.total_ips : 6201.10 img/s
DLL 2020-09-28 10:32:04.688726 - Epoch: 0 Iteration: 66  train.loss : 7.09097  train.total_ips : 6148.27 img/s
DLL 2020-09-28 10:32:05.024755 - Epoch: 0 Iteration: 67  train.loss : 7.09384  train.total_ips : 6095.95 img/s
DLL 2020-09-28 10:32:05.352936 - Epoch: 0 Iteration: 68  train.loss : 7.06848  train.total_ips : 6241.89 img/s
DLL 2020-09-28 10:32:05.683978 - Epoch: 0 Iteration: 69  train.loss : 7.01371  train.total_ips : 6188.06 img/s
DLL 2020-09-28 10:32:06.016807 - Epoch: 0 Iteration: 70  train.loss : 7.13478  train.total_ips : 6154.83 img/s
DLL 2020-09-28 10:32:06.363636 - Epoch: 0 Iteration: 71  train.loss : 7.08748  train.total_ips : 5906.86 img/s
DLL 2020-09-28 10:32:06.691349 - Epoch: 0 Iteration: 72  train.loss : 7.06122  train.total_ips : 6251.12 img/s
DLL 2020-09-28 10:32:07.033786 - Epoch: 0 Iteration: 73  train.loss : 7.12098  train.total_ips : 5982.07 img/s
DLL 2020-09-28 10:32:07.367123 - Epoch: 0 Iteration: 74  train.loss : 7.10788  train.total_ips : 6146.09 img/s
DLL 2020-09-28 10:32:07.705921 - Epoch: 0 Iteration: 75  train.loss : 7.07528  train.total_ips : 6047.03 img/s
DLL 2020-09-28 10:32:08.041413 - Epoch: 0 Iteration: 76  train.loss : 7.02137  train.total_ips : 6105.64 img/s
DLL 2020-09-28 10:32:08.375879 - Epoch: 0 Iteration: 77  train.loss : 7.09104  train.total_ips : 6125.77 img/s
DLL 2020-09-28 10:32:08.712297 - Epoch: 0 Iteration: 78  train.loss : 7.05579  train.total_ips : 6089.83 img/s
DLL 2020-09-28 10:32:09.048661 - Epoch: 0 Iteration: 79  train.loss : 7.02544  train.total_ips : 6090.72 img/s
DLL 2020-09-28 10:32:09.380010 - Epoch: 0 Iteration: 80  train.loss : 7.04572  train.total_ips : 6181.95 img/s
DLL 2020-09-28 10:32:09.719816 - Epoch: 0 Iteration: 81  train.loss : 7.04442  train.total_ips : 6029.00 img/s
DLL 2020-09-28 10:32:10.048274 - Epoch: 0 Iteration: 82  train.loss : 6.96052  train.total_ips : 6237.58 img/s
DLL 2020-09-28 10:32:10.377116 - Epoch: 0 Iteration: 83  train.loss : 6.98432  train.total_ips : 6228.93 img/s
DLL 2020-09-28 10:32:10.706309 - Epoch: 0 Iteration: 84  train.loss : 6.99323  train.total_ips : 6222.68 img/s
DLL 2020-09-28 10:32:11.041852 - Epoch: 0 Iteration: 85  train.loss : 6.98448  train.total_ips : 6104.96 img/s
DLL 2020-09-28 10:32:11.376141 - Epoch: 0 Iteration: 86  train.loss : 7.10640  train.total_ips : 6128.78 img/s
DLL 2020-09-28 10:32:11.709427 - Epoch: 0 Iteration: 87  train.loss : 6.98393  train.total_ips : 6146.14 img/s
DLL 2020-09-28 10:32:12.052134 - Epoch: 0 Iteration: 88  train.loss : 7.05693  train.total_ips : 5978.29 img/s
DLL 2020-09-28 10:32:12.395062 - Epoch: 0 Iteration: 89  train.loss : 7.00901  train.total_ips : 5974.40 img/s
DLL 2020-09-28 10:32:12.731471 - Epoch: 0 Iteration: 90  train.loss : 7.00149  train.total_ips : 6089.57 img/s
DLL 2020-09-28 10:32:13.072329 - Epoch: 0 Iteration: 91  train.loss : 7.03626  train.total_ips : 6010.63 img/s
DLL 2020-09-28 10:32:13.400389 - Epoch: 0 Iteration: 92  train.loss : 6.98110  train.total_ips : 6243.97 img/s
DLL 2020-09-28 10:32:13.730657 - Epoch: 0 Iteration: 93  train.loss : 7.02972  train.total_ips : 6203.17 img/s
DLL 2020-09-28 10:32:14.068925 - Epoch: 0 Iteration: 94  train.loss : 6.99997  train.total_ips : 6055.79 img/s
DLL 2020-09-28 10:32:14.398132 - Epoch: 0 Iteration: 95  train.loss : 7.14996  train.total_ips : 6222.48 img/s
DLL 2020-09-28 10:32:14.732083 - Epoch: 0 Iteration: 96  train.loss : 6.99388  train.total_ips : 6134.39 img/s
DLL 2020-09-28 10:32:15.065745 - Epoch: 0 Iteration: 97  train.loss : 7.00217  train.total_ips : 6139.39 img/s
DLL 2020-09-28 10:32:15.396169 - Epoch: 0 Iteration: 98  train.loss : 6.98989  train.total_ips : 6199.55 img/s
DLL 2020-09-28 10:32:15.736444 - Epoch: 0 Iteration: 99  train.loss : 7.01574  train.total_ips : 6020.11 img/s
DLL 2020-09-28 10:32:16.070110 - Epoch: 0 Iteration: 100  train.loss : 6.98496  train.total_ips : 6139.35 img/s
DLL 2020-09-28 10:32:16.404026 - Epoch: 0 Iteration: 101  train.loss : 7.03035  train.total_ips : 6134.75 img/s
DLL 2020-09-28 10:32:16.737313 - Epoch: 0 Iteration: 102  train.loss : 6.97642  train.total_ips : 6146.32 img/s
DLL 2020-09-28 10:32:17.072745 - Epoch: 0 Iteration: 103  train.loss : 7.01589  train.total_ips : 6108.62 img/s
DLL 2020-09-28 10:32:17.416663 - Epoch: 0 Iteration: 104  train.loss : 6.98559  train.total_ips : 5955.79 img/s
DLL 2020-09-28 10:32:17.751199 - Epoch: 0 Iteration: 105  train.loss : 6.93950  train.total_ips : 6123.64 img/s
DLL 2020-09-28 10:32:18.086699 - Epoch: 0 Iteration: 106  train.loss : 7.00195  train.total_ips : 6105.71 img/s
DLL 2020-09-28 10:32:18.425670 - Epoch: 0 Iteration: 107  train.loss : 6.98178  train.total_ips : 6043.25 img/s
DLL 2020-09-28 10:32:18.765400 - Epoch: 0 Iteration: 108  train.loss : 6.94193  train.total_ips : 6029.78 img/s
DLL 2020-09-28 10:32:19.104917 - Epoch: 0 Iteration: 109  train.loss : 6.95906  train.total_ips : 6033.50 img/s
DLL 2020-09-28 10:32:19.438752 - Epoch: 0 Iteration: 110  train.loss : 3402.31494  train.total_ips : 6136.19 img/s
DLL 2020-09-28 10:32:19.774349 - Epoch: 0 Iteration: 111  train.loss : 6.94016  train.total_ips : 6104.17 img/s
DLL 2020-09-28 10:32:20.106417 - Epoch: 0 Iteration: 112  train.loss : 6.93068  train.total_ips : 6168.86 img/s
DLL 2020-09-28 10:32:20.443445 - Epoch: 0 Iteration: 113  train.loss : 6.99967  train.total_ips : 6078.19 img/s
DLL 2020-09-28 10:32:20.779788 - Epoch: 0 Iteration: 114  train.loss : 7.10183  train.total_ips : 6091.08 img/s
DLL 2020-09-28 10:32:21.110732 - Epoch: 0 Iteration: 115  train.loss : 7.02813  train.total_ips : 6190.06 img/s
DLL 2020-09-28 10:32:21.445614 - Epoch: 0 Iteration: 116  train.loss : 7.00248  train.total_ips : 6117.40 img/s
DLL 2020-09-28 10:32:21.779362 - Epoch: 0 Iteration: 117  train.loss : 7.02652  train.total_ips : 6137.84 img/s
DLL 2020-09-28 10:32:22.112453 - Epoch: 0 Iteration: 118  train.loss : 7.08314  train.total_ips : 6149.99 img/s
DLL 2020-09-28 10:32:22.446001 - Epoch: 0 Iteration: 119  train.loss : 6.95014  train.total_ips : 6141.63 img/s
DLL 2020-09-28 10:32:22.778835 - Epoch: 0 Iteration: 120  train.loss : 6.97490  train.total_ips : 6154.64 img/s
DLL 2020-09-28 10:32:23.113378 - Epoch: 0 Iteration: 121  train.loss : 6.98033  train.total_ips : 6124.68 img/s
DLL 2020-09-28 10:32:23.446502 - Epoch: 0 Iteration: 122  train.loss : 7.02541  train.total_ips : 6148.89 img/s
DLL 2020-09-28 10:32:23.780695 - Epoch: 0 Iteration: 123  train.loss : 6.98439  train.total_ips : 6129.65 img/s
DLL 2020-09-28 10:32:24.128657 - Epoch: 0 Iteration: 124  train.loss : 6.93347  train.total_ips : 5888.05 img/s
DLL 2020-09-28 10:32:24.458090 - Epoch: 0 Iteration: 125  train.loss : 7.04414  train.total_ips : 6218.08 img/s
DLL 2020-09-28 10:32:24.792851 - Epoch: 0 Iteration: 126  train.loss : 6.97007  train.total_ips : 6119.76 img/s
DLL 2020-09-28 10:32:25.120665 - Epoch: 0 Iteration: 127  train.loss : 7.00112  train.total_ips : 6248.94 img/s
DLL 2020-09-28 10:32:25.451596 - Epoch: 0 Iteration: 128  train.loss : 6.98548  train.total_ips : 6190.14 img/s
DLL 2020-09-28 10:32:25.781971 - Epoch: 0 Iteration: 129  train.loss : 6.97450  train.total_ips : 6200.52 img/s
DLL 2020-09-28 10:32:26.114364 - Epoch: 0 Iteration: 130  train.loss : 6.92700  train.total_ips : 6162.85 img/s
DLL 2020-09-28 10:32:26.455066 - Epoch: 0 Iteration: 131  train.loss : 7.02910  train.total_ips : 6013.39 img/s
DLL 2020-09-28 10:32:26.783757 - Epoch: 0 Iteration: 132  train.loss : 6.97670  train.total_ips : 6232.15 img/s
DLL 2020-09-28 10:32:27.119751 - Epoch: 0 Iteration: 133  train.loss : 6.96892  train.total_ips : 6097.94 img/s
DLL 2020-09-28 10:32:27.452539 - Epoch: 0 Iteration: 134  train.loss : 6.94088  train.total_ips : 6155.36 img/s
DLL 2020-09-28 10:32:27.784676 - Epoch: 0 Iteration: 135  train.loss : 6.93223  train.total_ips : 6167.64 img/s
DLL 2020-09-28 10:32:28.115446 - Epoch: 0 Iteration: 136  train.loss : 6.98238  train.total_ips : 6193.18 img/s
DLL 2020-09-28 10:32:28.451493 - Epoch: 0 Iteration: 137  train.loss : 6.95659  train.total_ips : 6096.59 img/s
DLL 2020-09-28 10:32:28.785095 - Epoch: 0 Iteration: 138  train.loss : 6.99922  train.total_ips : 6141.19 img/s
DLL 2020-09-28 10:32:29.121986 - Epoch: 0 Iteration: 139  train.loss : 6.91849  train.total_ips : 6080.14 img/s
DLL 2020-09-28 10:32:29.460613 - Epoch: 0 Iteration: 140  train.loss : 6.93863  train.total_ips : 6049.54 img/s
DLL 2020-09-28 10:32:29.800340 - Epoch: 0 Iteration: 141  train.loss : 6.99025  train.total_ips : 6029.92 img/s
DLL 2020-09-28 10:32:30.134544 - Epoch: 0 Iteration: 142  train.loss : 6.96417  train.total_ips : 6129.51 img/s
DLL 2020-09-28 10:32:30.470482 - Epoch: 0 Iteration: 143  train.loss : 6.95828  train.total_ips : 6098.45 img/s
DLL 2020-09-28 10:32:30.825434 - Epoch: 0 Iteration: 144  train.loss : 6.96031  train.total_ips : 5771.03 img/s
DLL 2020-09-28 10:32:31.165597 - Epoch: 0 Iteration: 145  train.loss : 6.94314  train.total_ips : 6023.12 img/s
DLL 2020-09-28 10:32:31.493281 - Epoch: 0 Iteration: 146  train.loss : 6.93897  train.total_ips : 6251.20 img/s
DLL 2020-09-28 10:32:31.830625 - Epoch: 0 Iteration: 147  train.loss : 6.92926  train.total_ips : 6072.37 img/s
DLL 2020-09-28 10:32:32.165393 - Epoch: 0 Iteration: 148  train.loss : 6.95009  train.total_ips : 6119.38 img/s
DLL 2020-09-28 10:32:32.499545 - Epoch: 0 Iteration: 149  train.loss : 6.98818  train.total_ips : 6132.42 img/s
DLL 2020-09-28 10:32:32.828345 - Epoch: 0  train.loss : 29.66097  train.total_ips : 6064.18 img/s
DLL 2020-09-28 10:32:32.828486 - Epoch: 0  lr : 0.256  train.compute_ips : 6086.70 img/s train.data_time : 0.00128 s train.compute_time : 0.41772 s
DLL 2020-09-28 10:32:32.828620 - Summary: train.loss : 29.66097  train.total_ips : 6064.18 img/s
DLL 2020-09-28 10:32:32.828668 - Summary: lr : 0.256  train.compute_ips : 6086.70 img/s train.data_time : 0.00128 s train.compute_time : 0.41772 s
Experiment ended
Experiment ended
Experiment ended
Experiment ended
Experiment ended
Experiment ended
Experiment ended
Experiment ended
dist_rank:  0
['/opt/conda/bin/python', '-u', '/workspace/rn50/main.py', '--data-backend', 'dali-cpu', '--raport-file', '/workspace/rn50/raport.json', '-j5', '-p', '1', '--lr', '2.048', '--optimizer-batch-size', '-1', '--warmup', '8', '--arch', 'resnet50', '-c', 'fanin', '--label-smoothing', '0.1', '--lr-schedule', 'cosine', '--mom', '0.125', '--wd', '3.0517578125e-05', '--workspace', '/workspace/rn50', '-b', '256', '--epochs', '1', '--prof', '150', '--training-only', '--no-checkpoints', '--amp', '--dynamic-loss-scale', '/data/image']
dist_rank:  1
['/opt/conda/bin/python', '-u', '/workspace/rn50/main.py', '--data-backend', 'dali-cpu', '--raport-file', '/workspace/rn50/raport.json', '-j5', '-p', '1', '--lr', '2.048', '--optimizer-batch-size', '-1', '--warmup', '8', '--arch', 'resnet50', '-c', 'fanin', '--label-smoothing', '0.1', '--lr-schedule', 'cosine', '--mom', '0.125', '--wd', '3.0517578125e-05', '--workspace', '/workspace/rn50', '-b', '256', '--epochs', '1', '--prof', '150', '--training-only', '--no-checkpoints', '--amp', '--dynamic-loss-scale', '/data/image']
dist_rank:  2
['/opt/conda/bin/python', '-u', '/workspace/rn50/main.py', '--data-backend', 'dali-cpu', '--raport-file', '/workspace/rn50/raport.json', '-j5', '-p', '1', '--lr', '2.048', '--optimizer-batch-size', '-1', '--warmup', '8', '--arch', 'resnet50', '-c', 'fanin', '--label-smoothing', '0.1', '--lr-schedule', 'cosine', '--mom', '0.125', '--wd', '3.0517578125e-05', '--workspace', '/workspace/rn50', '-b', '256', '--epochs', '1', '--prof', '150', '--training-only', '--no-checkpoints', '--amp', '--dynamic-loss-scale', '/data/image']
dist_rank:  3
['/opt/conda/bin/python', '-u', '/workspace/rn50/main.py', '--data-backend', 'dali-cpu', '--raport-file', '/workspace/rn50/raport.json', '-j5', '-p', '1', '--lr', '2.048', '--optimizer-batch-size', '-1', '--warmup', '8', '--arch', 'resnet50', '-c', 'fanin', '--label-smoothing', '0.1', '--lr-schedule', 'cosine', '--mom', '0.125', '--wd', '3.0517578125e-05', '--workspace', '/workspace/rn50', '-b', '256', '--epochs', '1', '--prof', '150', '--training-only', '--no-checkpoints', '--amp', '--dynamic-loss-scale', '/data/image']
dist_rank:  4
['/opt/conda/bin/python', '-u', '/workspace/rn50/main.py', '--data-backend', 'dali-cpu', '--raport-file', '/workspace/rn50/raport.json', '-j5', '-p', '1', '--lr', '2.048', '--optimizer-batch-size', '-1', '--warmup', '8', '--arch', 'resnet50', '-c', 'fanin', '--label-smoothing', '0.1', '--lr-schedule', 'cosine', '--mom', '0.125', '--wd', '3.0517578125e-05', '--workspace', '/workspace/rn50', '-b', '256', '--epochs', '1', '--prof', '150', '--training-only', '--no-checkpoints', '--amp', '--dynamic-loss-scale', '/data/image']
dist_rank:  5
['/opt/conda/bin/python', '-u', '/workspace/rn50/main.py', '--data-backend', 'dali-cpu', '--raport-file', '/workspace/rn50/raport.json', '-j5', '-p', '1', '--lr', '2.048', '--optimizer-batch-size', '-1', '--warmup', '8', '--arch', 'resnet50', '-c', 'fanin', '--label-smoothing', '0.1', '--lr-schedule', 'cosine', '--mom', '0.125', '--wd', '3.0517578125e-05', '--workspace', '/workspace/rn50', '-b', '256', '--epochs', '1', '--prof', '150', '--training-only', '--no-checkpoints', '--amp', '--dynamic-loss-scale', '/data/image']
dist_rank:  6
['/opt/conda/bin/python', '-u', '/workspace/rn50/main.py', '--data-backend', 'dali-cpu', '--raport-file', '/workspace/rn50/raport.json', '-j5', '-p', '1', '--lr', '2.048', '--optimizer-batch-size', '-1', '--warmup', '8', '--arch', 'resnet50', '-c', 'fanin', '--label-smoothing', '0.1', '--lr-schedule', 'cosine', '--mom', '0.125', '--wd', '3.0517578125e-05', '--workspace', '/workspace/rn50', '-b', '256', '--epochs', '1', '--prof', '150', '--training-only', '--no-checkpoints', '--amp', '--dynamic-loss-scale', '/data/image']
dist_rank:  7
['/opt/conda/bin/python', '-u', '/workspace/rn50/main.py', '--data-backend', 'dali-cpu', '--raport-file', '/workspace/rn50/raport.json', '-j5', '-p', '1', '--lr', '2.048', '--optimizer-batch-size', '-1', '--warmup', '8', '--arch', 'resnet50', '-c', 'fanin', '--label-smoothing', '0.1', '--lr-schedule', 'cosine', '--mom', '0.125', '--wd', '3.0517578125e-05', '--workspace', '/workspace/rn50', '-b', '256', '--epochs', '1', '--prof', '150', '--training-only', '--no-checkpoints', '--amp', '--dynamic-loss-scale', '/data/image']
