+ python /workspace/rn50/multiproc.py --nnodes 4 --node_rank 0 --nproc_per_node 8 --master_addr 10.11.0.2 --master_port=22333 /workspace/rn50/main.py --data-backend dali-cpu --raport-file /workspace/rn50/raport.json -j8 -p 1 --lr 2.048 --optimizer-batch-size -1 --warmup 8 --arch resnet50 -c fanin --label-smoothing 0.1 --lr-schedule cosine --mom 0.125 --wd 3.0517578125e-05 --workspace /workspace/rn50 -b 256 --epochs 1 --prof 150 --training-only --no-checkpoints --amp --dynamic-loss-scale /data/image
=> creating model '('resnet50', 'fanin', 1000)'
Version: {'net': <class 'image_classification.resnet.ResNet'>, 'block': <class 'image_classification.resnet.Bottleneck'>, 'layers': [3, 4, 6, 3], 'widths': [64, 128, 256, 512], 'expansion': 4}
Config: {'conv': <class 'torch.nn.modules.conv.Conv2d'>, 'conv_init': 'fan_in', 'nonlinearity': 'relu', 'last_bn_0_init': False, 'activation': <function <lambda> at 0x7f69c5db59d8>}
Num classes: 1000
i'm distributed in dali~~~~~~~~~~~~~~~~~
rank in dali:  0
world_size in dali:  32
read 3545488 files from 2792 directories
read 50000 files from 1000 directories
DLL 2020-09-23 19:22:41.832420 - PARAMETER data : /data/image  data_backend : dali-cpu  arch : resnet50  model_config : fanin  num_classes : 1000  workers : 8  epochs : 1  run_epochs : -1  batch_size : 256  optimizer_batch_size : -1  lr : 2.048  lr_schedule : cosine  warmup : 8  label_smoothing : 0.1  mixup : 0.0  momentum : 0.125  weight_decay : 3.0517578125e-05  bn_weight_decay : False  nesterov : False  print_freq : 1  resume : None  pretrained_weights :   fp16 : False  static_loss_scale : 1  dynamic_loss_scale : True  prof : 150  amp : True  seed : None  gather_checkpoints : False  raport_file : /workspace/rn50/raport.json  evaluate : False  training_only : True  save_checkpoints : False  checkpoint_filename : checkpoint.pth.tar  workspace : /workspace/rn50  memory_format : nchw  distributed : True  local_rank : 0  gpu : 8  world_size : 32 
 ! Weight decay NOT applied to BN parameters 
98
63
Selected optimization level O1:  Insert automatic casts around Pytorch functions and Tensor methods.

Defaults for this optimization level are:
enabled                : True
opt_level              : O1
cast_model_type        : None
patch_torch_functions  : True
keep_batchnorm_fp32    : None
master_weights         : None
loss_scale             : dynamic
Processing user overrides (additional kwargs that are not None)...
After processing overrides, optimization options are:
enabled                : True
opt_level              : O1
cast_model_type        : None
patch_torch_functions  : True
keep_batchnorm_fp32    : None
master_weights         : None
loss_scale             : dynamic
RUNNING EPOCHS FROM 0 TO 1
DLL 2020-09-23 19:23:03.320808 - Epoch: 0 Iteration: 1  train.loss : 7.05824  train.total_ips : 473.31 img/s
DLL 2020-09-23 19:23:04.192349 - Epoch: 0 Iteration: 2  train.loss : 6.95930  train.total_ips : 9399.65 img/s
DLL 2020-09-23 19:23:04.874343 - Epoch: 0 Iteration: 3  train.loss : 6.92034  train.total_ips : 12014.00 img/s
DLL 2020-09-23 19:23:05.333147 - Epoch: 0 Iteration: 4  train.loss : 6.90572  train.total_ips : 17859.62 img/s
DLL 2020-09-23 19:23:05.851836 - Epoch: 0 Iteration: 5  train.loss : 6.90749  train.total_ips : 15797.72 img/s
DLL 2020-09-23 19:23:06.276843 - Epoch: 0 Iteration: 6  train.loss : 6.91013  train.total_ips : 19277.75 img/s
DLL 2020-09-23 19:23:06.692656 - Epoch: 0 Iteration: 7  train.loss : 6.89278  train.total_ips : 19704.70 img/s
DLL 2020-09-23 19:23:07.235726 - Epoch: 0 Iteration: 8  train.loss : 6.90436  train.total_ips : 15087.95 img/s
DLL 2020-09-23 19:23:07.680921 - Epoch: 0 Iteration: 9  train.loss : 6.89982  train.total_ips : 18404.00 img/s
DLL 2020-09-23 19:23:08.186955 - Epoch: 0 Iteration: 10  train.loss : 6.89786  train.total_ips : 16196.06 img/s
DLL 2020-09-23 19:23:08.613609 - Epoch: 0 Iteration: 11  train.loss : 6.89635  train.total_ips : 19202.63 img/s
DLL 2020-09-23 19:23:09.013585 - Epoch: 0 Iteration: 12  train.loss : 6.90009  train.total_ips : 20490.24 img/s
DLL 2020-09-23 19:23:09.444886 - Epoch: 0 Iteration: 13  train.loss : 6.89716  train.total_ips : 19000.64 img/s
DLL 2020-09-23 19:23:09.919035 - Epoch: 0 Iteration: 14  train.loss : 6.89149  train.total_ips : 17279.76 img/s
DLL 2020-09-23 19:23:10.394316 - Epoch: 0 Iteration: 15  train.loss : 6.89020  train.total_ips : 17241.59 img/s
DLL 2020-09-23 19:23:10.848685 - Epoch: 0 Iteration: 16  train.loss : 6.90650  train.total_ips : 18031.45 img/s
DLL 2020-09-23 19:23:11.302791 - Epoch: 0 Iteration: 17  train.loss : 6.89580  train.total_ips : 18043.82 img/s
DLL 2020-09-23 19:23:11.740458 - Epoch: 0 Iteration: 18  train.loss : 6.90345  train.total_ips : 18722.77 img/s
DLL 2020-09-23 19:23:12.223943 - Epoch: 0 Iteration: 19  train.loss : 6.88920  train.total_ips : 16946.32 img/s
DLL 2020-09-23 19:23:12.640676 - Epoch: 0 Iteration: 20  train.loss : -525890817250098675712.00000  train.total_ips : 19662.09 img/s
DLL 2020-09-23 19:23:13.153116 - Epoch: 0 Iteration: 21  train.loss : 6.90199  train.total_ips : 15988.73 img/s
DLL 2020-09-23 19:23:13.650371 - Epoch: 0 Iteration: 22  train.loss : 6.90064  train.total_ips : 16477.25 img/s
DLL 2020-09-23 19:23:14.078737 - Epoch: 0 Iteration: 23  train.loss : 6.89311  train.total_ips : 19130.47 img/s
DLL 2020-09-23 19:23:14.511154 - Epoch: 0 Iteration: 24  train.loss : 6.90010  train.total_ips : 18947.74 img/s
DLL 2020-09-23 19:23:14.985641 - Epoch: 0 Iteration: 25  train.loss : 6.90160  train.total_ips : 17267.79 img/s
DLL 2020-09-23 19:23:15.451691 - Epoch: 0 Iteration: 26  train.loss : 6.90363  train.total_ips : 17580.42 img/s
DLL 2020-09-23 19:23:15.931033 - Epoch: 0 Iteration: 27  train.loss : 6.90050  train.total_ips : 17093.10 img/s
DLL 2020-09-23 19:23:16.352202 - Epoch: 0 Iteration: 28  train.loss : 6.90716  train.total_ips : 19456.35 img/s
DLL 2020-09-23 19:23:16.786844 - Epoch: 0 Iteration: 29  train.loss : 6.90454  train.total_ips : 18851.51 img/s
DLL 2020-09-23 19:23:17.237141 - Epoch: 0 Iteration: 30  train.loss : 6.90449  train.total_ips : 18195.23 img/s
DLL 2020-09-23 19:23:17.689866 - Epoch: 0 Iteration: 31  train.loss : 6.89528  train.total_ips : 18097.88 img/s
DLL 2020-09-23 19:23:18.072938 - Epoch: 0 Iteration: 32  train.loss : 6.90409  train.total_ips : 21389.21 img/s
DLL 2020-09-23 19:23:18.480623 - Epoch: 0 Iteration: 33  train.loss : 6.91247  train.total_ips : 20097.69 img/s
DLL 2020-09-23 19:23:18.904080 - Epoch: 0 Iteration: 34  train.loss : 6.90673  train.total_ips : 19349.19 img/s
DLL 2020-09-23 19:23:19.322254 - Epoch: 0 Iteration: 35  train.loss : 6.90440  train.total_ips : 19593.48 img/s
DLL 2020-09-23 19:23:19.742040 - Epoch: 0 Iteration: 36  train.loss : 6.90787  train.total_ips : 19518.55 img/s
DLL 2020-09-23 19:23:20.200197 - Epoch: 0 Iteration: 37  train.loss : 6.89681  train.total_ips : 17883.20 img/s
DLL 2020-09-23 19:23:20.593016 - Epoch: 0 Iteration: 38  train.loss : 6.90612  train.total_ips : 20858.85 img/s
DLL 2020-09-23 19:23:21.053988 - Epoch: 0 Iteration: 39  train.loss : 6.90379  train.total_ips : 17773.73 img/s
DLL 2020-09-23 19:23:21.528487 - Epoch: 0 Iteration: 40  train.loss : 6.90173  train.total_ips : 17267.28 img/s
DLL 2020-09-23 19:23:22.002188 - Epoch: 0 Iteration: 41  train.loss : 6.90561  train.total_ips : 17296.46 img/s
DLL 2020-09-23 19:23:22.468126 - Epoch: 0 Iteration: 42  train.loss : 6.90611  train.total_ips : 17585.00 img/s
DLL 2020-09-23 19:23:22.963771 - Epoch: 0 Iteration: 43  train.loss : 6.91572  train.total_ips : 16530.66 img/s
DLL 2020-09-23 19:23:23.367541 - Epoch: 0 Iteration: 44  train.loss : 6.92144  train.total_ips : 20292.42 img/s
DLL 2020-09-23 19:23:23.731049 - Epoch: 0 Iteration: 45  train.loss : 6.91943  train.total_ips : 22541.40 img/s
DLL 2020-09-23 19:23:24.086294 - Epoch: 0 Iteration: 46  train.loss : 6.91380  train.total_ips : 23065.10 img/s
DLL 2020-09-23 19:23:24.431515 - Epoch: 0 Iteration: 47  train.loss : 6.91082  train.total_ips : 23734.79 img/s
DLL 2020-09-23 19:23:24.835356 - Epoch: 0 Iteration: 48  train.loss : 6.92488  train.total_ips : 20289.01 img/s
DLL 2020-09-23 19:23:25.273105 - Epoch: 0 Iteration: 49  train.loss : 6.91088  train.total_ips : 18717.39 img/s
DLL 2020-09-23 19:23:25.763771 - Epoch: 0 Iteration: 50  train.loss : 6.91352  train.total_ips : 16698.92 img/s
DLL 2020-09-23 19:23:26.153968 - Epoch: 0 Iteration: 51  train.loss : 6.90971  train.total_ips : 20998.22 img/s
DLL 2020-09-23 19:23:26.636368 - Epoch: 0 Iteration: 52  train.loss : 6.91358  train.total_ips : 16985.12 img/s
DLL 2020-09-23 19:23:27.067533 - Epoch: 0 Iteration: 53  train.loss : 6.91246  train.total_ips : 19004.97 img/s
DLL 2020-09-23 19:23:27.534010 - Epoch: 0 Iteration: 54  train.loss : 6.90218  train.total_ips : 17563.57 img/s
DLL 2020-09-23 19:23:27.925874 - Epoch: 0 Iteration: 55  train.loss : 6.90296  train.total_ips : 20910.36 img/s
DLL 2020-09-23 19:23:28.408763 - Epoch: 0 Iteration: 56  train.loss : 6.91239  train.total_ips : 16968.07 img/s
DLL 2020-09-23 19:23:28.780005 - Epoch: 0 Iteration: 57  train.loss : 6.90985  train.total_ips : 22070.39 img/s
DLL 2020-09-23 19:23:29.204667 - Epoch: 0 Iteration: 58  train.loss : 6.91551  train.total_ips : 19294.13 img/s
DLL 2020-09-23 19:23:29.648356 - Epoch: 0 Iteration: 59  train.loss : 6.90865  train.total_ips : 18466.63 img/s
DLL 2020-09-23 19:23:30.085333 - Epoch: 0 Iteration: 60  train.loss : 6.90231  train.total_ips : 18750.37 img/s
DLL 2020-09-23 19:23:30.535016 - Epoch: 0 Iteration: 61  train.loss : 6.90613  train.total_ips : 18220.45 img/s
DLL 2020-09-23 19:23:31.050921 - Epoch: 0 Iteration: 62  train.loss : 6.90245  train.total_ips : 15881.30 img/s
DLL 2020-09-23 19:23:31.501280 - Epoch: 0 Iteration: 63  train.loss : 6.91014  train.total_ips : 18193.04 img/s
DLL 2020-09-23 19:23:31.896973 - Epoch: 0 Iteration: 64  train.loss : 6.90015  train.total_ips : 20709.02 img/s
DLL 2020-09-23 19:23:32.327918 - Epoch: 0 Iteration: 65  train.loss : 6.91140  train.total_ips : 19013.05 img/s
DLL 2020-09-23 19:23:32.766573 - Epoch: 0 Iteration: 66  train.loss : 6.91784  train.total_ips : 18678.63 img/s
DLL 2020-09-23 19:23:33.235959 - Epoch: 0 Iteration: 67  train.loss : 6.91397  train.total_ips : 17455.51 img/s
DLL 2020-09-23 19:23:33.721260 - Epoch: 0 Iteration: 68  train.loss : 6.91298  train.total_ips : 16891.18 img/s
DLL 2020-09-23 19:23:34.114564 - Epoch: 0 Iteration: 69  train.loss : 6.91149  train.total_ips : 20830.03 img/s
DLL 2020-09-23 19:23:34.490433 - Epoch: 0 Iteration: 70  train.loss : 6.90406  train.total_ips : 21801.19 img/s
DLL 2020-09-23 19:23:34.865554 - Epoch: 0 Iteration: 71  train.loss : 6.90882  train.total_ips : 21842.47 img/s
DLL 2020-09-23 19:23:35.307015 - Epoch: 0 Iteration: 72  train.loss : 6.90895  train.total_ips : 18560.73 img/s
DLL 2020-09-23 19:23:35.767062 - Epoch: 0 Iteration: 73  train.loss : 6.90161  train.total_ips : 17809.83 img/s
DLL 2020-09-23 19:23:36.196966 - Epoch: 0 Iteration: 74  train.loss : 6.90712  train.total_ips : 19058.61 img/s
DLL 2020-09-23 19:23:36.607401 - Epoch: 0 Iteration: 75  train.loss : 6.90968  train.total_ips : 19963.23 img/s
DLL 2020-09-23 19:23:37.075699 - Epoch: 0 Iteration: 76  train.loss : 6.91863  train.total_ips : 17495.79 img/s
DLL 2020-09-23 19:23:37.497807 - Epoch: 0 Iteration: 77  train.loss : 6.92311  train.total_ips : 19410.94 img/s
DLL 2020-09-23 19:23:37.888783 - Epoch: 0 Iteration: 78  train.loss : 6.90824  train.total_ips : 20958.08 img/s
DLL 2020-09-23 19:23:38.336987 - Epoch: 0 Iteration: 79  train.loss : 6.90428  train.total_ips : 18279.84 img/s
DLL 2020-09-23 19:23:38.812296 - Epoch: 0 Iteration: 80  train.loss : 6.90508  train.total_ips : 17237.88 img/s
DLL 2020-09-23 19:23:39.288270 - Epoch: 0 Iteration: 81  train.loss : 6.91364  train.total_ips : 17213.91 img/s
DLL 2020-09-23 19:23:39.756636 - Epoch: 0 Iteration: 82  train.loss : 6.91861  train.total_ips : 17493.70 img/s
DLL 2020-09-23 19:23:40.184056 - Epoch: 0 Iteration: 83  train.loss : 6.91444  train.total_ips : 19173.69 img/s
Gradient overflow.  Skipping step, loss scaler 0 reducing loss scale to 32768.0
DLL 2020-09-23 19:23:40.624548 - Epoch: 0 Iteration: 84  train.loss : 6.90992  train.total_ips : 18599.32 img/s
DLL 2020-09-23 19:23:41.021117 - Epoch: 0 Iteration: 85  train.loss : 6.91401  train.total_ips : 20662.73 img/s
DLL 2020-09-23 19:23:41.489764 - Epoch: 0 Iteration: 86  train.loss : 6.92610  train.total_ips : 17483.01 img/s
DLL 2020-09-23 19:23:41.900758 - Epoch: 0 Iteration: 87  train.loss : 6.91594  train.total_ips : 19935.86 img/s
DLL 2020-09-23 19:23:42.355330 - Epoch: 0 Iteration: 88  train.loss : 6.91651  train.total_ips : 18024.38 img/s
DLL 2020-09-23 19:23:42.813644 - Epoch: 0 Iteration: 89  train.loss : 6.92257  train.total_ips : 17877.23 img/s
DLL 2020-09-23 19:23:43.208570 - Epoch: 0 Iteration: 90  train.loss : 6.89937  train.total_ips : 20750.70 img/s
DLL 2020-09-23 19:23:43.673428 - Epoch: 0 Iteration: 91  train.loss : 6.90761  train.total_ips : 17625.03 img/s
DLL 2020-09-23 19:23:44.099847 - Epoch: 0 Iteration: 92  train.loss : 6.90540  train.total_ips : 19214.19 img/s
DLL 2020-09-23 19:23:44.519575 - Epoch: 0 Iteration: 93  train.loss : 6.90911  train.total_ips : 19523.29 img/s
DLL 2020-09-23 19:23:44.950578 - Epoch: 0 Iteration: 94  train.loss : 6.90753  train.total_ips : 19011.19 img/s
DLL 2020-09-23 19:23:45.408223 - Epoch: 0 Iteration: 95  train.loss : 6.91022  train.total_ips : 17902.52 img/s
DLL 2020-09-23 19:23:45.833310 - Epoch: 0 Iteration: 96  train.loss : 6.91075  train.total_ips : 19274.66 img/s
DLL 2020-09-23 19:23:46.284702 - Epoch: 0 Iteration: 97  train.loss : 6.91568  train.total_ips : 18151.57 img/s
DLL 2020-09-23 19:23:46.693546 - Epoch: 0 Iteration: 98  train.loss : 6.90405  train.total_ips : 20049.86 img/s
DLL 2020-09-23 19:23:47.164441 - Epoch: 0 Iteration: 99  train.loss : 6.90980  train.total_ips : 17399.24 img/s
DLL 2020-09-23 19:23:47.617067 - Epoch: 0 Iteration: 100  train.loss : 6.90941  train.total_ips : 18101.87 img/s
DLL 2020-09-23 19:23:48.075369 - Epoch: 0 Iteration: 101  train.loss : 6.90151  train.total_ips : 17877.16 img/s
DLL 2020-09-23 19:23:48.529427 - Epoch: 0 Iteration: 102  train.loss : 6.90037  train.total_ips : 18044.82 img/s
DLL 2020-09-23 19:23:48.943988 - Epoch: 0 Iteration: 103  train.loss : 6.90677  train.total_ips : 19765.73 img/s
DLL 2020-09-23 19:23:49.425621 - Epoch: 0 Iteration: 104  train.loss : 6.90437  train.total_ips : 17019.37 img/s
DLL 2020-09-23 19:23:49.895718 - Epoch: 0 Iteration: 105  train.loss : 6.90052  train.total_ips : 17428.50 img/s
DLL 2020-09-23 19:23:50.331869 - Epoch: 0 Iteration: 106  train.loss : 6.90062  train.total_ips : 18785.37 img/s
DLL 2020-09-23 19:23:50.734823 - Epoch: 0 Iteration: 107  train.loss : 6.90470  train.total_ips : 20335.15 img/s
DLL 2020-09-23 19:23:51.206787 - Epoch: 0 Iteration: 108  train.loss : 6.90690  train.total_ips : 17360.43 img/s
DLL 2020-09-23 19:23:51.608903 - Epoch: 0 Iteration: 109  train.loss : 6.90730  train.total_ips : 20375.62 img/s
DLL 2020-09-23 19:23:51.994540 - Epoch: 0 Iteration: 110  train.loss : 1243598815232.00000  train.total_ips : 21249.56 img/s
DLL 2020-09-23 19:23:52.397498 - Epoch: 0 Iteration: 111  train.loss : 6.91680  train.total_ips : 20334.90 img/s
DLL 2020-09-23 19:23:52.748651 - Epoch: 0 Iteration: 112  train.loss : 6.91027  train.total_ips : 23332.40 img/s
DLL 2020-09-23 19:23:53.217293 - Epoch: 0 Iteration: 113  train.loss : 6.90773  train.total_ips : 17483.07 img/s
DLL 2020-09-23 19:23:53.670741 - Epoch: 0 Iteration: 114  train.loss : 6.90619  train.total_ips : 18069.50 img/s
DLL 2020-09-23 19:23:54.116187 - Epoch: 0 Iteration: 115  train.loss : 6.90584  train.total_ips : 18393.76 img/s
DLL 2020-09-23 19:23:54.597683 - Epoch: 0 Iteration: 116  train.loss : 6.90570  train.total_ips : 17016.33 img/s
DLL 2020-09-23 19:23:55.033009 - Epoch: 0 Iteration: 117  train.loss : 6.90439  train.total_ips : 18821.54 img/s
DLL 2020-09-23 19:23:55.468012 - Epoch: 0 Iteration: 118  train.loss : 6.89842  train.total_ips : 18839.66 img/s
DLL 2020-09-23 19:23:55.961003 - Epoch: 0 Iteration: 119  train.loss : 6.89120  train.total_ips : 16618.92 img/s
DLL 2020-09-23 19:23:56.409193 - Epoch: 0 Iteration: 120  train.loss : 6.90444  train.total_ips : 18280.63 img/s
/opt/dali/dali/image/jpeg_mem.cc:338: Premature end of JPEG data. Stopped at line 272/440
DLL 2020-09-23 19:23:56.820870 - Epoch: 0 Iteration: 121  train.loss : 6.90072  train.total_ips : 19903.33 img/s
DLL 2020-09-23 19:23:57.274804 - Epoch: 0 Iteration: 122  train.loss : 6.90737  train.total_ips : 18049.90 img/s
DLL 2020-09-23 19:23:57.686240 - Epoch: 0 Iteration: 123  train.loss : 6.89790  train.total_ips : 19914.26 img/s
DLL 2020-09-23 19:23:58.103908 - Epoch: 0 Iteration: 124  train.loss : 6.90813  train.total_ips : 19617.23 img/s
DLL 2020-09-23 19:23:58.504154 - Epoch: 0 Iteration: 125  train.loss : 6.89189  train.total_ips : 20471.32 img/s
DLL 2020-09-23 19:23:58.944690 - Epoch: 0 Iteration: 126  train.loss : 6.89841  train.total_ips : 18602.78 img/s
DLL 2020-09-23 19:23:59.439035 - Epoch: 0 Iteration: 127  train.loss : 6.89724  train.total_ips : 16573.23 img/s
DLL 2020-09-23 19:23:59.903456 - Epoch: 0 Iteration: 128  train.loss : 6.90685  train.total_ips : 17642.31 img/s
DLL 2020-09-23 19:24:00.330064 - Epoch: 0 Iteration: 129  train.loss : 6.89663  train.total_ips : 19205.99 img/s
DLL 2020-09-23 19:24:00.762860 - Epoch: 0 Iteration: 130  train.loss : 6.88781  train.total_ips : 18933.30 img/s
DLL 2020-09-23 19:24:01.189267 - Epoch: 0 Iteration: 131  train.loss : 6.89434  train.total_ips : 19213.73 img/s
DLL 2020-09-23 19:24:01.637794 - Epoch: 0 Iteration: 132  train.loss : 6.90117  train.total_ips : 18267.81 img/s
DLL 2020-09-23 19:24:02.138908 - Epoch: 0 Iteration: 133  train.loss : 6.90164  train.total_ips : 16350.03 img/s
DLL 2020-09-23 19:24:02.612271 - Epoch: 0 Iteration: 134  train.loss : 6.89304  train.total_ips : 17310.58 img/s
DLL 2020-09-23 19:24:03.028817 - Epoch: 0 Iteration: 135  train.loss : 6.89095  train.total_ips : 19669.87 img/s
DLL 2020-09-23 19:24:03.465722 - Epoch: 0 Iteration: 136  train.loss : 6.89987  train.total_ips : 18752.85 img/s
DLL 2020-09-23 19:24:03.902281 - Epoch: 0 Iteration: 137  train.loss : 6.88629  train.total_ips : 18768.14 img/s
DLL 2020-09-23 19:24:04.317116 - Epoch: 0 Iteration: 138  train.loss : 6.91004  train.total_ips : 19751.05 img/s
DLL 2020-09-23 19:24:04.775135 - Epoch: 0 Iteration: 139  train.loss : 6.89569  train.total_ips : 17889.66 img/s
DLL 2020-09-23 19:24:05.244076 - Epoch: 0 Iteration: 140  train.loss : 6.90729  train.total_ips : 17472.17 img/s
DLL 2020-09-23 19:24:05.657337 - Epoch: 0 Iteration: 141  train.loss : 6.90224  train.total_ips : 19826.61 img/s
DLL 2020-09-23 19:24:06.116015 - Epoch: 0 Iteration: 142  train.loss : 6.92225  train.total_ips : 17862.77 img/s
DLL 2020-09-23 19:24:06.539466 - Epoch: 0 Iteration: 143  train.loss : 6.90614  train.total_ips : 19349.26 img/s
DLL 2020-09-23 19:24:06.891553 - Epoch: 0 Iteration: 144  train.loss : 6.88907  train.total_ips : 23273.77 img/s
DLL 2020-09-23 19:24:07.353170 - Epoch: 0 Iteration: 145  train.loss : 6.90003  train.total_ips : 17749.54 img/s
DLL 2020-09-23 19:24:07.703377 - Epoch: 0 Iteration: 146  train.loss : 6.90507  train.total_ips : 23396.57 img/s
DLL 2020-09-23 19:24:08.098049 - Epoch: 0 Iteration: 147  train.loss : 6.90735  train.total_ips : 20760.86 img/s
DLL 2020-09-23 19:24:08.518632 - Epoch: 0 Iteration: 148  train.loss : 6.89829  train.total_ips : 19489.00 img/s
DLL 2020-09-23 19:24:09.048809 - Epoch: 0 Iteration: 149  train.loss : 6.90959  train.total_ips : 15454.43 img/s
DLL 2020-09-23 19:24:09.519398 - Epoch: 0  train.loss : -3505938773376665600.00000  train.total_ips : 18543.61 img/s
DLL 2020-09-23 19:24:09.519537 - Epoch: 0  lr : 0.256  train.compute_ips : 18602.15 img/s train.data_time : 0.00162 s train.compute_time : 0.55499 s
DLL 2020-09-23 19:24:09.519659 - Summary: train.loss : -3505938773376665600.00000  train.total_ips : 18543.61 img/s
DLL 2020-09-23 19:24:09.519716 - Summary: lr : 0.256  train.compute_ips : 18602.15 img/s train.data_time : 0.00162 s train.compute_time : 0.55499 s
Experiment ended
['/opt/conda/bin/python', '-u', '/workspace/rn50/main.py', '--data-backend', 'dali-cpu', '--raport-file', '/workspace/rn50/raport.json', '-j8', '-p', '1', '--lr', '2.048', '--optimizer-batch-size', '-1', '--warmup', '8', '--arch', 'resnet50', '-c', 'fanin', '--label-smoothing', '0.1', '--lr-schedule', 'cosine', '--mom', '0.125', '--wd', '3.0517578125e-05', '--workspace', '/workspace/rn50', '-b', '256', '--epochs', '1', '--prof', '150', '--training-only', '--no-checkpoints', '--amp', '--dynamic-loss-scale', '/data/image']
['/opt/conda/bin/python', '-u', '/workspace/rn50/main.py', '--data-backend', 'dali-cpu', '--raport-file', '/workspace/rn50/raport.json', '-j8', '-p', '1', '--lr', '2.048', '--optimizer-batch-size', '-1', '--warmup', '8', '--arch', 'resnet50', '-c', 'fanin', '--label-smoothing', '0.1', '--lr-schedule', 'cosine', '--mom', '0.125', '--wd', '3.0517578125e-05', '--workspace', '/workspace/rn50', '-b', '256', '--epochs', '1', '--prof', '150', '--training-only', '--no-checkpoints', '--amp', '--dynamic-loss-scale', '/data/image']
['/opt/conda/bin/python', '-u', '/workspace/rn50/main.py', '--data-backend', 'dali-cpu', '--raport-file', '/workspace/rn50/raport.json', '-j8', '-p', '1', '--lr', '2.048', '--optimizer-batch-size', '-1', '--warmup', '8', '--arch', 'resnet50', '-c', 'fanin', '--label-smoothing', '0.1', '--lr-schedule', 'cosine', '--mom', '0.125', '--wd', '3.0517578125e-05', '--workspace', '/workspace/rn50', '-b', '256', '--epochs', '1', '--prof', '150', '--training-only', '--no-checkpoints', '--amp', '--dynamic-loss-scale', '/data/image']
['/opt/conda/bin/python', '-u', '/workspace/rn50/main.py', '--data-backend', 'dali-cpu', '--raport-file', '/workspace/rn50/raport.json', '-j8', '-p', '1', '--lr', '2.048', '--optimizer-batch-size', '-1', '--warmup', '8', '--arch', 'resnet50', '-c', 'fanin', '--label-smoothing', '0.1', '--lr-schedule', 'cosine', '--mom', '0.125', '--wd', '3.0517578125e-05', '--workspace', '/workspace/rn50', '-b', '256', '--epochs', '1', '--prof', '150', '--training-only', '--no-checkpoints', '--amp', '--dynamic-loss-scale', '/data/image']
['/opt/conda/bin/python', '-u', '/workspace/rn50/main.py', '--data-backend', 'dali-cpu', '--raport-file', '/workspace/rn50/raport.json', '-j8', '-p', '1', '--lr', '2.048', '--optimizer-batch-size', '-1', '--warmup', '8', '--arch', 'resnet50', '-c', 'fanin', '--label-smoothing', '0.1', '--lr-schedule', 'cosine', '--mom', '0.125', '--wd', '3.0517578125e-05', '--workspace', '/workspace/rn50', '-b', '256', '--epochs', '1', '--prof', '150', '--training-only', '--no-checkpoints', '--amp', '--dynamic-loss-scale', '/data/image']
['/opt/conda/bin/python', '-u', '/workspace/rn50/main.py', '--data-backend', 'dali-cpu', '--raport-file', '/workspace/rn50/raport.json', '-j8', '-p', '1', '--lr', '2.048', '--optimizer-batch-size', '-1', '--warmup', '8', '--arch', 'resnet50', '-c', 'fanin', '--label-smoothing', '0.1', '--lr-schedule', 'cosine', '--mom', '0.125', '--wd', '3.0517578125e-05', '--workspace', '/workspace/rn50', '-b', '256', '--epochs', '1', '--prof', '150', '--training-only', '--no-checkpoints', '--amp', '--dynamic-loss-scale', '/data/image']
['/opt/conda/bin/python', '-u', '/workspace/rn50/main.py', '--data-backend', 'dali-cpu', '--raport-file', '/workspace/rn50/raport.json', '-j8', '-p', '1', '--lr', '2.048', '--optimizer-batch-size', '-1', '--warmup', '8', '--arch', 'resnet50', '-c', 'fanin', '--label-smoothing', '0.1', '--lr-schedule', 'cosine', '--mom', '0.125', '--wd', '3.0517578125e-05', '--workspace', '/workspace/rn50', '-b', '256', '--epochs', '1', '--prof', '150', '--training-only', '--no-checkpoints', '--amp', '--dynamic-loss-scale', '/data/image']
['/opt/conda/bin/python', '-u', '/workspace/rn50/main.py', '--data-backend', 'dali-cpu', '--raport-file', '/workspace/rn50/raport.json', '-j8', '-p', '1', '--lr', '2.048', '--optimizer-batch-size', '-1', '--warmup', '8', '--arch', 'resnet50', '-c', 'fanin', '--label-smoothing', '0.1', '--lr-schedule', 'cosine', '--mom', '0.125', '--wd', '3.0517578125e-05', '--workspace', '/workspace/rn50', '-b', '256', '--epochs', '1', '--prof', '150', '--training-only', '--no-checkpoints', '--amp', '--dynamic-loss-scale', '/data/image']
