+ python /workspace/rn50/multiproc.py --nnodes 4 --node_rank 0 --nproc_per_node 8 --master_addr 10.11.0.2 --master_port=22333 /workspace/rn50/main.py --data-backend dali-cpu --raport-file /workspace/rn50/raport.json -j8 -p 1 --lr 2.048 --optimizer-batch-size -1 --warmup 8 --arch resnet50 -c fanin --label-smoothing 0.1 --lr-schedule cosine --mom 0.125 --wd 3.0517578125e-05 --workspace /workspace/rn50 -b 256 --epochs 1 --prof 150 --training-only --no-checkpoints --amp --dynamic-loss-scale /data/image
=> creating model '('resnet50', 'fanin', 1000)'
Version: {'net': <class 'image_classification.resnet.ResNet'>, 'block': <class 'image_classification.resnet.Bottleneck'>, 'layers': [3, 4, 6, 3], 'widths': [64, 128, 256, 512], 'expansion': 4}
Config: {'conv': <class 'torch.nn.modules.conv.Conv2d'>, 'conv_init': 'fan_in', 'nonlinearity': 'relu', 'last_bn_0_init': False, 'activation': <function <lambda> at 0x7fc64153d9d8>}
Num classes: 1000
i'm distributed in dali~~~~~~~~~~~~~~~~~
rank in dali:  0
world_size in dali:  32
read 3545488 files from 2792 directories
read 50000 files from 1000 directories
DLL 2020-09-23 19:17:59.407624 - PARAMETER data : /data/image  data_backend : dali-cpu  arch : resnet50  model_config : fanin  num_classes : 1000  workers : 8  epochs : 1  run_epochs : -1  batch_size : 256  optimizer_batch_size : -1  lr : 2.048  lr_schedule : cosine  warmup : 8  label_smoothing : 0.1  mixup : 0.0  momentum : 0.125  weight_decay : 3.0517578125e-05  bn_weight_decay : False  nesterov : False  print_freq : 1  resume : None  pretrained_weights :   fp16 : False  static_loss_scale : 1  dynamic_loss_scale : True  prof : 150  amp : True  seed : None  gather_checkpoints : False  raport_file : /workspace/rn50/raport.json  evaluate : False  training_only : True  save_checkpoints : False  checkpoint_filename : checkpoint.pth.tar  workspace : /workspace/rn50  memory_format : nchw  distributed : True  local_rank : 0  gpu : 8  world_size : 32 
 ! Weight decay NOT applied to BN parameters 
98
63
Selected optimization level O1:  Insert automatic casts around Pytorch functions and Tensor methods.

Defaults for this optimization level are:
enabled                : True
opt_level              : O1
cast_model_type        : None
patch_torch_functions  : True
keep_batchnorm_fp32    : None
master_weights         : None
loss_scale             : dynamic
Processing user overrides (additional kwargs that are not None)...
After processing overrides, optimization options are:
enabled                : True
opt_level              : O1
cast_model_type        : None
patch_torch_functions  : True
keep_batchnorm_fp32    : None
master_weights         : None
loss_scale             : dynamic
RUNNING EPOCHS FROM 0 TO 1
DLL 2020-09-23 19:18:19.383839 - Epoch: 0 Iteration: 1  train.loss : 7.04754  train.total_ips : 480.44 img/s
DLL 2020-09-23 19:18:20.210472 - Epoch: 0 Iteration: 2  train.loss : 6.96049  train.total_ips : 9910.25 img/s
DLL 2020-09-23 19:18:20.939909 - Epoch: 0 Iteration: 3  train.loss : 6.93490  train.total_ips : 11233.45 img/s
DLL 2020-09-23 19:18:21.468985 - Epoch: 0 Iteration: 4  train.loss : 6.91219  train.total_ips : 15485.52 img/s
DLL 2020-09-23 19:18:21.961078 - Epoch: 0 Iteration: 5  train.loss : 6.91089  train.total_ips : 16650.80 img/s
DLL 2020-09-23 19:18:22.400134 - Epoch: 0 Iteration: 6  train.loss : 6.91514  train.total_ips : 18661.68 img/s
DLL 2020-09-23 19:18:22.862192 - Epoch: 0 Iteration: 7  train.loss : 6.89865  train.total_ips : 17732.62 img/s
DLL 2020-09-23 19:18:23.314855 - Epoch: 0 Iteration: 8  train.loss : 6.91163  train.total_ips : 18104.85 img/s
DLL 2020-09-23 19:18:23.713538 - Epoch: 0 Iteration: 9  train.loss : 6.90769  train.total_ips : 20551.04 img/s
DLL 2020-09-23 19:18:24.119792 - Epoch: 0 Iteration: 10  train.loss : 6.90011  train.total_ips : 20169.59 img/s
DLL 2020-09-23 19:18:24.611399 - Epoch: 0 Iteration: 11  train.loss : 6.90286  train.total_ips : 16670.36 img/s
DLL 2020-09-23 19:18:25.078262 - Epoch: 0 Iteration: 12  train.loss : 6.90462  train.total_ips : 17552.20 img/s
DLL 2020-09-23 19:18:25.477669 - Epoch: 0 Iteration: 13  train.loss : 6.90317  train.total_ips : 20514.83 img/s
DLL 2020-09-23 19:18:25.868271 - Epoch: 0 Iteration: 14  train.loss : 6.89933  train.total_ips : 20979.79 img/s
DLL 2020-09-23 19:18:26.299894 - Epoch: 0 Iteration: 15  train.loss : 6.89037  train.total_ips : 18986.79 img/s
DLL 2020-09-23 19:18:26.747803 - Epoch: 0 Iteration: 16  train.loss : 6.90707  train.total_ips : 18303.91 img/s
DLL 2020-09-23 19:18:27.227143 - Epoch: 0 Iteration: 17  train.loss : 6.90127  train.total_ips : 17093.96 img/s
DLL 2020-09-23 19:18:27.645798 - Epoch: 0 Iteration: 18  train.loss : 6.90213  train.total_ips : 19571.69 img/s
DLL 2020-09-23 19:18:28.166951 - Epoch: 0 Iteration: 19  train.loss : 6.89070  train.total_ips : 15738.00 img/s
DLL 2020-09-23 19:18:28.597109 - Epoch: 0 Iteration: 20  train.loss : -1610177234978138203619328.00000  train.total_ips : 19040.59 img/s
DLL 2020-09-23 19:18:28.971494 - Epoch: 0 Iteration: 21  train.loss : 6.87249  train.total_ips : 21886.88 img/s
DLL 2020-09-23 19:18:29.429182 - Epoch: 0 Iteration: 22  train.loss : 6.90022  train.total_ips : 17906.81 img/s
DLL 2020-09-23 19:18:29.894176 - Epoch: 0 Iteration: 23  train.loss : 6.89378  train.total_ips : 17623.79 img/s
DLL 2020-09-23 19:18:30.305574 - Epoch: 0 Iteration: 24  train.loss : 6.89929  train.total_ips : 19930.83 img/s
DLL 2020-09-23 19:18:30.730441 - Epoch: 0 Iteration: 25  train.loss : 6.90384  train.total_ips : 19283.30 img/s
DLL 2020-09-23 19:18:31.145599 - Epoch: 0 Iteration: 26  train.loss : 6.90414  train.total_ips : 19737.79 img/s
DLL 2020-09-23 19:18:31.625354 - Epoch: 0 Iteration: 27  train.loss : 6.90198  train.total_ips : 17078.33 img/s
DLL 2020-09-23 19:18:32.027918 - Epoch: 0 Iteration: 28  train.loss : 6.90601  train.total_ips : 20357.86 img/s
DLL 2020-09-23 19:18:32.518509 - Epoch: 0 Iteration: 29  train.loss : 6.90891  train.total_ips : 16700.18 img/s
DLL 2020-09-23 19:18:32.986653 - Epoch: 0 Iteration: 30  train.loss : 6.90493  train.total_ips : 17507.50 img/s
DLL 2020-09-23 19:18:33.437788 - Epoch: 0 Iteration: 31  train.loss : 6.89768  train.total_ips : 18161.27 img/s
DLL 2020-09-23 19:18:33.807995 - Epoch: 0 Iteration: 32  train.loss : 6.90180  train.total_ips : 22134.64 img/s
DLL 2020-09-23 19:18:34.204249 - Epoch: 0 Iteration: 33  train.loss : 6.90926  train.total_ips : 20677.47 img/s
DLL 2020-09-23 19:18:34.649112 - Epoch: 0 Iteration: 34  train.loss : 6.90898  train.total_ips : 18422.77 img/s
DLL 2020-09-23 19:18:35.095209 - Epoch: 0 Iteration: 35  train.loss : 6.90185  train.total_ips : 18370.93 img/s
Gradient overflow.  Skipping step, loss scaler 0 reducing loss scale to 32768.0
DLL 2020-09-23 19:18:35.534520 - Epoch: 0 Iteration: 36  train.loss : 6.91129  train.total_ips : 18648.69 img/s
DLL 2020-09-23 19:18:35.948116 - Epoch: 0 Iteration: 37  train.loss : 6.90611  train.total_ips : 19813.59 img/s
DLL 2020-09-23 19:18:36.424564 - Epoch: 0 Iteration: 38  train.loss : 6.90799  train.total_ips : 17198.68 img/s
DLL 2020-09-23 19:18:36.878852 - Epoch: 0 Iteration: 39  train.loss : 6.90956  train.total_ips : 18035.28 img/s
DLL 2020-09-23 19:18:37.368938 - Epoch: 0 Iteration: 40  train.loss : 6.90774  train.total_ips : 16718.01 img/s
DLL 2020-09-23 19:18:37.743941 - Epoch: 0 Iteration: 41  train.loss : 6.90781  train.total_ips : 21850.72 img/s
DLL 2020-09-23 19:18:38.125989 - Epoch: 0 Iteration: 42  train.loss : 6.90533  train.total_ips : 21446.54 img/s
DLL 2020-09-23 19:18:38.543791 - Epoch: 0 Iteration: 43  train.loss : 6.90582  train.total_ips : 19614.30 img/s
DLL 2020-09-23 19:18:38.979086 - Epoch: 0 Iteration: 44  train.loss : 6.90735  train.total_ips : 18822.58 img/s
DLL 2020-09-23 19:18:39.412854 - Epoch: 0 Iteration: 45  train.loss : 6.90348  train.total_ips : 18888.98 img/s
DLL 2020-09-23 19:18:39.777850 - Epoch: 0 Iteration: 46  train.loss : 6.90236  train.total_ips : 22449.36 img/s
DLL 2020-09-23 19:18:40.189436 - Epoch: 0 Iteration: 47  train.loss : 6.89806  train.total_ips : 19907.07 img/s
DLL 2020-09-23 19:18:40.628319 - Epoch: 0 Iteration: 48  train.loss : 6.90668  train.total_ips : 18669.08 img/s
DLL 2020-09-23 19:18:41.003090 - Epoch: 0 Iteration: 49  train.loss : 6.90711  train.total_ips : 21865.82 img/s
DLL 2020-09-23 19:18:41.407420 - Epoch: 0 Iteration: 50  train.loss : 6.90759  train.total_ips : 20268.05 img/s
DLL 2020-09-23 19:18:41.843604 - Epoch: 0 Iteration: 51  train.loss : 6.90330  train.total_ips : 18788.22 img/s
DLL 2020-09-23 19:18:42.305993 - Epoch: 0 Iteration: 52  train.loss : 6.91415  train.total_ips : 17719.48 img/s
DLL 2020-09-23 19:18:42.729230 - Epoch: 0 Iteration: 53  train.loss : 6.90873  train.total_ips : 19359.02 img/s
DLL 2020-09-23 19:18:43.132749 - Epoch: 0 Iteration: 54  train.loss : 6.89853  train.total_ips : 20305.33 img/s
DLL 2020-09-23 19:18:43.513992 - Epoch: 0 Iteration: 55  train.loss : 6.90019  train.total_ips : 21491.67 img/s
DLL 2020-09-23 19:18:43.912595 - Epoch: 0 Iteration: 56  train.loss : 6.91236  train.total_ips : 20556.70 img/s
DLL 2020-09-23 19:18:44.390552 - Epoch: 0 Iteration: 57  train.loss : 6.91040  train.total_ips : 17146.00 img/s
DLL 2020-09-23 19:18:44.895988 - Epoch: 0 Iteration: 58  train.loss : 6.90420  train.total_ips : 16211.35 img/s
DLL 2020-09-23 19:18:45.356807 - Epoch: 0 Iteration: 59  train.loss : 6.91420  train.total_ips : 17779.28 img/s
DLL 2020-09-23 19:18:45.750914 - Epoch: 0 Iteration: 60  train.loss : 6.90994  train.total_ips : 20797.14 img/s
DLL 2020-09-23 19:18:46.228529 - Epoch: 0 Iteration: 61  train.loss : 6.90540  train.total_ips : 17153.90 img/s
DLL 2020-09-23 19:18:46.637427 - Epoch: 0 Iteration: 62  train.loss : 6.90421  train.total_ips : 20037.85 img/s
DLL 2020-09-23 19:18:47.013856 - Epoch: 0 Iteration: 63  train.loss : 6.90493  train.total_ips : 21767.07 img/s
DLL 2020-09-23 19:18:47.482347 - Epoch: 0 Iteration: 64  train.loss : 6.90148  train.total_ips : 17488.71 img/s
DLL 2020-09-23 19:18:47.902710 - Epoch: 0 Iteration: 65  train.loss : 6.90302  train.total_ips : 19493.15 img/s
DLL 2020-09-23 19:18:48.268681 - Epoch: 0 Iteration: 66  train.loss : 6.90779  train.total_ips : 22387.51 img/s
DLL 2020-09-23 19:18:48.669482 - Epoch: 0 Iteration: 67  train.loss : 6.91072  train.total_ips : 20443.42 img/s
DLL 2020-09-23 19:18:49.070240 - Epoch: 0 Iteration: 68  train.loss : 6.90758  train.total_ips : 20450.48 img/s
DLL 2020-09-23 19:18:49.520925 - Epoch: 0 Iteration: 69  train.loss : 6.91102  train.total_ips : 18181.97 img/s
DLL 2020-09-23 19:18:49.936646 - Epoch: 0 Iteration: 70  train.loss : 6.90488  train.total_ips : 19708.70 img/s
DLL 2020-09-23 19:18:50.321000 - Epoch: 0 Iteration: 71  train.loss : 6.90213  train.total_ips : 21326.05 img/s
DLL 2020-09-23 19:18:50.716852 - Epoch: 0 Iteration: 72  train.loss : 6.90929  train.total_ips : 20696.69 img/s
DLL 2020-09-23 19:18:51.098093 - Epoch: 0 Iteration: 73  train.loss : 6.89880  train.total_ips : 21491.52 img/s
DLL 2020-09-23 19:18:51.480881 - Epoch: 0 Iteration: 74  train.loss : 6.89986  train.total_ips : 21406.07 img/s
DLL 2020-09-23 19:18:51.833908 - Epoch: 0 Iteration: 75  train.loss : -18539213750272.00000  train.total_ips : 23212.68 img/s
DLL 2020-09-23 19:18:52.270935 - Epoch: 0 Iteration: 76  train.loss : 6.91284  train.total_ips : 18747.65 img/s
DLL 2020-09-23 19:18:52.699412 - Epoch: 0 Iteration: 77  train.loss : 6.91932  train.total_ips : 19122.27 img/s
DLL 2020-09-23 19:18:53.139043 - Epoch: 0 Iteration: 78  train.loss : 6.90158  train.total_ips : 18641.05 img/s
DLL 2020-09-23 19:18:53.548237 - Epoch: 0 Iteration: 79  train.loss : 6.90428  train.total_ips : 20022.54 img/s
DLL 2020-09-23 19:18:53.976137 - Epoch: 0 Iteration: 80  train.loss : 6.90923  train.total_ips : 19149.01 img/s
DLL 2020-09-23 19:18:54.318261 - Epoch: 0 Iteration: 81  train.loss : 6.91898  train.total_ips : 23952.48 img/s
DLL 2020-09-23 19:18:54.677289 - Epoch: 0 Iteration: 82  train.loss : 6.92189  train.total_ips : 22821.81 img/s
DLL 2020-09-23 19:18:55.080909 - Epoch: 0 Iteration: 83  train.loss : 6.91493  train.total_ips : 20299.95 img/s
DLL 2020-09-23 19:18:55.533093 - Epoch: 0 Iteration: 84  train.loss : 6.90920  train.total_ips : 18119.80 img/s
DLL 2020-09-23 19:18:55.971880 - Epoch: 0 Iteration: 85  train.loss : 6.90909  train.total_ips : 18675.70 img/s
DLL 2020-09-23 19:18:56.423117 - Epoch: 0 Iteration: 86  train.loss : 6.92324  train.total_ips : 18158.80 img/s
DLL 2020-09-23 19:18:56.891607 - Epoch: 0 Iteration: 87  train.loss : 6.91766  train.total_ips : 17488.71 img/s
DLL 2020-09-23 19:18:57.311225 - Epoch: 0 Iteration: 88  train.loss : 6.91773  train.total_ips : 19525.93 img/s
DLL 2020-09-23 19:18:57.661866 - Epoch: 0 Iteration: 89  train.loss : 6.92802  train.total_ips : 23367.82 img/s
DLL 2020-09-23 19:18:58.137596 - Epoch: 0 Iteration: 90  train.loss : 6.90187  train.total_ips : 17225.54 img/s
DLL 2020-09-23 19:18:58.599069 - Epoch: 0 Iteration: 91  train.loss : 6.90986  train.total_ips : 17755.42 img/s
DLL 2020-09-23 19:18:59.080471 - Epoch: 0 Iteration: 92  train.loss : 6.90457  train.total_ips : 17019.53 img/s
DLL 2020-09-23 19:18:59.555157 - Epoch: 0 Iteration: 93  train.loss : 6.91010  train.total_ips : 17261.01 img/s
DLL 2020-09-23 19:18:59.926270 - Epoch: 0 Iteration: 94  train.loss : 6.90370  train.total_ips : 22078.96 img/s
DLL 2020-09-23 19:19:00.419091 - Epoch: 0 Iteration: 95  train.loss : 6.90376  train.total_ips : 16629.74 img/s
DLL 2020-09-23 19:19:00.768521 - Epoch: 0 Iteration: 96  train.loss : 6.90326  train.total_ips : 23449.18 img/s
DLL 2020-09-23 19:19:01.140490 - Epoch: 0 Iteration: 97  train.loss : 6.91474  train.total_ips : 22027.70 img/s
DLL 2020-09-23 19:19:01.586812 - Epoch: 0 Iteration: 98  train.loss : 6.89976  train.total_ips : 18359.04 img/s
DLL 2020-09-23 19:19:02.038454 - Epoch: 0 Iteration: 99  train.loss : 6.90462  train.total_ips : 18141.68 img/s
DLL 2020-09-23 19:19:02.450659 - Epoch: 0 Iteration: 100  train.loss : 6.90255  train.total_ips : 19877.76 img/s
DLL 2020-09-23 19:19:02.917668 - Epoch: 0 Iteration: 101  train.loss : 6.90039  train.total_ips : 17543.87 img/s
DLL 2020-09-23 19:19:03.263340 - Epoch: 0 Iteration: 102  train.loss : 6.89689  train.total_ips : 23710.02 img/s
DLL 2020-09-23 19:19:03.723266 - Epoch: 0 Iteration: 103  train.loss : 6.90500  train.total_ips : 17813.19 img/s
DLL 2020-09-23 19:19:04.246081 - Epoch: 0 Iteration: 104  train.loss : 6.90352  train.total_ips : 15671.53 img/s
DLL 2020-09-23 19:19:04.697965 - Epoch: 0 Iteration: 105  train.loss : 6.89813  train.total_ips : 18133.07 img/s
DLL 2020-09-23 19:19:05.116301 - Epoch: 0 Iteration: 106  train.loss : 6.89868  train.total_ips : 19585.94 img/s
DLL 2020-09-23 19:19:05.518196 - Epoch: 0 Iteration: 107  train.loss : 6.89854  train.total_ips : 20387.48 img/s
DLL 2020-09-23 19:19:05.969619 - Epoch: 0 Iteration: 108  train.loss : 6.90458  train.total_ips : 18150.90 img/s
DLL 2020-09-23 19:19:06.498616 - Epoch: 0 Iteration: 109  train.loss : 6.90385  train.total_ips : 15490.41 img/s
DLL 2020-09-23 19:19:07.023546 - Epoch: 0 Iteration: 110  train.loss : 6.89979  train.total_ips : 15609.55 img/s
DLL 2020-09-23 19:19:07.486031 - Epoch: 0 Iteration: 111  train.loss : 6.91325  train.total_ips : 17715.48 img/s
DLL 2020-09-23 19:19:07.947003 - Epoch: 0 Iteration: 112  train.loss : 6.90969  train.total_ips : 17774.00 img/s
DLL 2020-09-23 19:19:08.450213 - Epoch: 0 Iteration: 113  train.loss : 6.90366  train.total_ips : 16283.73 img/s
DLL 2020-09-23 19:19:08.906276 - Epoch: 0 Iteration: 114  train.loss : 6.91616  train.total_ips : 17967.08 img/s
Gradient overflow.  Skipping step, loss scaler 0 reducing loss scale to 16384.0
DLL 2020-09-23 19:19:09.376877 - Epoch: 0 Iteration: 115  train.loss : 6.90361  train.total_ips : 17409.56 img/s
DLL 2020-09-23 19:19:09.831062 - Epoch: 0 Iteration: 116  train.loss : 6.91210  train.total_ips : 18039.69 img/s
DLL 2020-09-23 19:19:10.285741 - Epoch: 0 Iteration: 117  train.loss : 6.90053  train.total_ips : 18020.42 img/s
DLL 2020-09-23 19:19:10.751887 - Epoch: 0 Iteration: 118  train.loss : 6.89749  train.total_ips : 17576.98 img/s
DLL 2020-09-23 19:19:11.148919 - Epoch: 0 Iteration: 119  train.loss : 6.88515  train.total_ips : 20637.05 img/s
DLL 2020-09-23 19:19:11.613774 - Epoch: 0 Iteration: 120  train.loss : 6.90448  train.total_ips : 17628.71 img/s
/opt/dali/dali/image/jpeg_mem.cc:338: Premature end of JPEG data. Stopped at line 272/440
DLL 2020-09-23 19:19:11.985346 - Epoch: 0 Iteration: 121  train.loss : 6.89950  train.total_ips : 22049.74 img/s
DLL 2020-09-23 19:19:12.412516 - Epoch: 0 Iteration: 122  train.loss : 6.90708  train.total_ips : 19180.79 img/s
DLL 2020-09-23 19:19:12.850681 - Epoch: 0 Iteration: 123  train.loss : 6.89613  train.total_ips : 18699.89 img/s
DLL 2020-09-23 19:19:13.260812 - Epoch: 0 Iteration: 124  train.loss : 6.89432  train.total_ips : 19977.65 img/s
DLL 2020-09-23 19:19:13.672584 - Epoch: 0 Iteration: 125  train.loss : 6.89033  train.total_ips : 19898.38 img/s
DLL 2020-09-23 19:19:14.106741 - Epoch: 0 Iteration: 126  train.loss : 6.89696  train.total_ips : 18872.76 img/s
DLL 2020-09-23 19:19:14.565351 - Epoch: 0 Iteration: 127  train.loss : 6.90000  train.total_ips : 17865.34 img/s
DLL 2020-09-23 19:19:15.021744 - Epoch: 0 Iteration: 128  train.loss : 6.90287  train.total_ips : 17952.57 img/s
DLL 2020-09-23 19:19:15.497619 - Epoch: 0 Iteration: 129  train.loss : 6.89736  train.total_ips : 17218.98 img/s
DLL 2020-09-23 19:19:15.929198 - Epoch: 0 Iteration: 130  train.loss : 6.88562  train.total_ips : 18984.60 img/s
DLL 2020-09-23 19:19:16.316696 - Epoch: 0 Iteration: 131  train.loss : 6.89091  train.total_ips : 21145.99 img/s
DLL 2020-09-23 19:19:16.733470 - Epoch: 0 Iteration: 132  train.loss : 6.89483  train.total_ips : 19661.42 img/s
DLL 2020-09-23 19:19:17.199491 - Epoch: 0 Iteration: 133  train.loss : 6.89293  train.total_ips : 17584.09 img/s
DLL 2020-09-23 19:19:17.622422 - Epoch: 0 Iteration: 134  train.loss : 6.89411  train.total_ips : 19372.80 img/s
DLL 2020-09-23 19:19:17.999861 - Epoch: 0 Iteration: 135  train.loss : 6.89183  train.total_ips : 21708.61 img/s
DLL 2020-09-23 19:19:18.457771 - Epoch: 0 Iteration: 136  train.loss : 6.88828  train.total_ips : 17893.30 img/s
DLL 2020-09-23 19:19:18.821371 - Epoch: 0 Iteration: 137  train.loss : 6.87989  train.total_ips : 22540.83 img/s
DLL 2020-09-23 19:19:19.178977 - Epoch: 0 Iteration: 138  train.loss : 6.90317  train.total_ips : 22911.17 img/s
DLL 2020-09-23 19:19:19.633078 - Epoch: 0 Iteration: 139  train.loss : 6.89468  train.total_ips : 18043.09 img/s
DLL 2020-09-23 19:19:20.089774 - Epoch: 0 Iteration: 140  train.loss : 6.89825  train.total_ips : 17940.43 img/s
DLL 2020-09-23 19:19:20.513712 - Epoch: 0 Iteration: 141  train.loss : 6.88874  train.total_ips : 19326.88 img/s
DLL 2020-09-23 19:19:20.961932 - Epoch: 0 Iteration: 142  train.loss : 6.91388  train.total_ips : 18280.67 img/s
DLL 2020-09-23 19:19:21.327145 - Epoch: 0 Iteration: 143  train.loss : 6.89519  train.total_ips : 22435.38 img/s
DLL 2020-09-23 19:19:21.794117 - Epoch: 0 Iteration: 144  train.loss : 6.88094  train.total_ips : 17545.89 img/s
DLL 2020-09-23 19:19:22.153348 - Epoch: 0 Iteration: 145  train.loss : 6.89087  train.total_ips : 22818.31 img/s
DLL 2020-09-23 19:19:22.510116 - Epoch: 0 Iteration: 146  train.loss : 6.89656  train.total_ips : 22968.09 img/s
DLL 2020-09-23 19:19:22.952725 - Epoch: 0 Iteration: 147  train.loss : 6.89310  train.total_ips : 18511.33 img/s
DLL 2020-09-23 19:19:23.408769 - Epoch: 0 Iteration: 148  train.loss : 6.89075  train.total_ips : 17966.16 img/s
DLL 2020-09-23 19:19:23.858239 - Epoch: 0 Iteration: 149  train.loss : 6.89922  train.total_ips : 18230.81 img/s
DLL 2020-09-23 19:19:24.305844 - Epoch: 0  train.loss : -10734514899977848750080.00000  train.total_ips : 18958.48 img/s
DLL 2020-09-23 19:19:24.306003 - Epoch: 0  lr : 0.256  train.compute_ips : 19035.79 img/s train.data_time : 0.00187 s train.compute_time : 0.54451 s
DLL 2020-09-23 19:19:24.306126 - Summary: train.loss : -10734514899977848750080.00000  train.total_ips : 18958.48 img/s
DLL 2020-09-23 19:19:24.306175 - Summary: lr : 0.256  train.compute_ips : 19035.79 img/s train.data_time : 0.00187 s train.compute_time : 0.54451 s
Experiment ended
['/opt/conda/bin/python', '-u', '/workspace/rn50/main.py', '--data-backend', 'dali-cpu', '--raport-file', '/workspace/rn50/raport.json', '-j8', '-p', '1', '--lr', '2.048', '--optimizer-batch-size', '-1', '--warmup', '8', '--arch', 'resnet50', '-c', 'fanin', '--label-smoothing', '0.1', '--lr-schedule', 'cosine', '--mom', '0.125', '--wd', '3.0517578125e-05', '--workspace', '/workspace/rn50', '-b', '256', '--epochs', '1', '--prof', '150', '--training-only', '--no-checkpoints', '--amp', '--dynamic-loss-scale', '/data/image']
['/opt/conda/bin/python', '-u', '/workspace/rn50/main.py', '--data-backend', 'dali-cpu', '--raport-file', '/workspace/rn50/raport.json', '-j8', '-p', '1', '--lr', '2.048', '--optimizer-batch-size', '-1', '--warmup', '8', '--arch', 'resnet50', '-c', 'fanin', '--label-smoothing', '0.1', '--lr-schedule', 'cosine', '--mom', '0.125', '--wd', '3.0517578125e-05', '--workspace', '/workspace/rn50', '-b', '256', '--epochs', '1', '--prof', '150', '--training-only', '--no-checkpoints', '--amp', '--dynamic-loss-scale', '/data/image']
['/opt/conda/bin/python', '-u', '/workspace/rn50/main.py', '--data-backend', 'dali-cpu', '--raport-file', '/workspace/rn50/raport.json', '-j8', '-p', '1', '--lr', '2.048', '--optimizer-batch-size', '-1', '--warmup', '8', '--arch', 'resnet50', '-c', 'fanin', '--label-smoothing', '0.1', '--lr-schedule', 'cosine', '--mom', '0.125', '--wd', '3.0517578125e-05', '--workspace', '/workspace/rn50', '-b', '256', '--epochs', '1', '--prof', '150', '--training-only', '--no-checkpoints', '--amp', '--dynamic-loss-scale', '/data/image']
['/opt/conda/bin/python', '-u', '/workspace/rn50/main.py', '--data-backend', 'dali-cpu', '--raport-file', '/workspace/rn50/raport.json', '-j8', '-p', '1', '--lr', '2.048', '--optimizer-batch-size', '-1', '--warmup', '8', '--arch', 'resnet50', '-c', 'fanin', '--label-smoothing', '0.1', '--lr-schedule', 'cosine', '--mom', '0.125', '--wd', '3.0517578125e-05', '--workspace', '/workspace/rn50', '-b', '256', '--epochs', '1', '--prof', '150', '--training-only', '--no-checkpoints', '--amp', '--dynamic-loss-scale', '/data/image']
['/opt/conda/bin/python', '-u', '/workspace/rn50/main.py', '--data-backend', 'dali-cpu', '--raport-file', '/workspace/rn50/raport.json', '-j8', '-p', '1', '--lr', '2.048', '--optimizer-batch-size', '-1', '--warmup', '8', '--arch', 'resnet50', '-c', 'fanin', '--label-smoothing', '0.1', '--lr-schedule', 'cosine', '--mom', '0.125', '--wd', '3.0517578125e-05', '--workspace', '/workspace/rn50', '-b', '256', '--epochs', '1', '--prof', '150', '--training-only', '--no-checkpoints', '--amp', '--dynamic-loss-scale', '/data/image']
['/opt/conda/bin/python', '-u', '/workspace/rn50/main.py', '--data-backend', 'dali-cpu', '--raport-file', '/workspace/rn50/raport.json', '-j8', '-p', '1', '--lr', '2.048', '--optimizer-batch-size', '-1', '--warmup', '8', '--arch', 'resnet50', '-c', 'fanin', '--label-smoothing', '0.1', '--lr-schedule', 'cosine', '--mom', '0.125', '--wd', '3.0517578125e-05', '--workspace', '/workspace/rn50', '-b', '256', '--epochs', '1', '--prof', '150', '--training-only', '--no-checkpoints', '--amp', '--dynamic-loss-scale', '/data/image']
['/opt/conda/bin/python', '-u', '/workspace/rn50/main.py', '--data-backend', 'dali-cpu', '--raport-file', '/workspace/rn50/raport.json', '-j8', '-p', '1', '--lr', '2.048', '--optimizer-batch-size', '-1', '--warmup', '8', '--arch', 'resnet50', '-c', 'fanin', '--label-smoothing', '0.1', '--lr-schedule', 'cosine', '--mom', '0.125', '--wd', '3.0517578125e-05', '--workspace', '/workspace/rn50', '-b', '256', '--epochs', '1', '--prof', '150', '--training-only', '--no-checkpoints', '--amp', '--dynamic-loss-scale', '/data/image']
['/opt/conda/bin/python', '-u', '/workspace/rn50/main.py', '--data-backend', 'dali-cpu', '--raport-file', '/workspace/rn50/raport.json', '-j8', '-p', '1', '--lr', '2.048', '--optimizer-batch-size', '-1', '--warmup', '8', '--arch', 'resnet50', '-c', 'fanin', '--label-smoothing', '0.1', '--lr-schedule', 'cosine', '--mom', '0.125', '--wd', '3.0517578125e-05', '--workspace', '/workspace/rn50', '-b', '256', '--epochs', '1', '--prof', '150', '--training-only', '--no-checkpoints', '--amp', '--dynamic-loss-scale', '/data/image']
