+ python /workspace/rn50/multiproc.py --nnodes 4 --node_rank 0 --nproc_per_node 8 --master_addr 10.11.0.2 --master_port=22333 /workspace/rn50/main.py --data-backend dali-cpu --raport-file /workspace/rn50/raport.json -j8 -p 1 --lr 2.048 --optimizer-batch-size -1 --warmup 8 --arch resnet50 -c fanin --label-smoothing 0.1 --lr-schedule cosine --mom 0.125 --wd 3.0517578125e-05 --workspace /workspace/rn50 -b 256 --epochs 1 --prof 150 --training-only --no-checkpoints --amp --dynamic-loss-scale /data/image
=> creating model '('resnet50', 'fanin', 1000)'
Version: {'net': <class 'image_classification.resnet.ResNet'>, 'block': <class 'image_classification.resnet.Bottleneck'>, 'layers': [3, 4, 6, 3], 'widths': [64, 128, 256, 512], 'expansion': 4}
Config: {'conv': <class 'torch.nn.modules.conv.Conv2d'>, 'conv_init': 'fan_in', 'nonlinearity': 'relu', 'last_bn_0_init': False, 'activation': <function <lambda> at 0x7f71711ad9d8>}
Num classes: 1000
i'm distributed in dali~~~~~~~~~~~~~~~~~
rank in dali:  0
world_size in dali:  32
read 3545488 files from 2792 directories
read 50000 files from 1000 directories
DLL 2020-09-23 19:20:19.649763 - PARAMETER data : /data/image  data_backend : dali-cpu  arch : resnet50  model_config : fanin  num_classes : 1000  workers : 8  epochs : 1  run_epochs : -1  batch_size : 256  optimizer_batch_size : -1  lr : 2.048  lr_schedule : cosine  warmup : 8  label_smoothing : 0.1  mixup : 0.0  momentum : 0.125  weight_decay : 3.0517578125e-05  bn_weight_decay : False  nesterov : False  print_freq : 1  resume : None  pretrained_weights :   fp16 : False  static_loss_scale : 1  dynamic_loss_scale : True  prof : 150  amp : True  seed : None  gather_checkpoints : False  raport_file : /workspace/rn50/raport.json  evaluate : False  training_only : True  save_checkpoints : False  checkpoint_filename : checkpoint.pth.tar  workspace : /workspace/rn50  memory_format : nchw  distributed : True  local_rank : 0  gpu : 8  world_size : 32 
 ! Weight decay NOT applied to BN parameters 
98
63
Selected optimization level O1:  Insert automatic casts around Pytorch functions and Tensor methods.

Defaults for this optimization level are:
enabled                : True
opt_level              : O1
cast_model_type        : None
patch_torch_functions  : True
keep_batchnorm_fp32    : None
master_weights         : None
loss_scale             : dynamic
Processing user overrides (additional kwargs that are not None)...
After processing overrides, optimization options are:
enabled                : True
opt_level              : O1
cast_model_type        : None
patch_torch_functions  : True
keep_batchnorm_fp32    : None
master_weights         : None
loss_scale             : dynamic
RUNNING EPOCHS FROM 0 TO 1
DLL 2020-09-23 19:20:40.743873 - Epoch: 0 Iteration: 1  train.loss : 7.04615  train.total_ips : 469.18 img/s
DLL 2020-09-23 19:20:41.567266 - Epoch: 0 Iteration: 2  train.loss : 6.96960  train.total_ips : 9949.19 img/s
DLL 2020-09-23 19:20:42.024501 - Epoch: 0 Iteration: 3  train.loss : 6.92872  train.total_ips : 17923.56 img/s
DLL 2020-09-23 19:20:42.422733 - Epoch: 0 Iteration: 4  train.loss : 6.91365  train.total_ips : 20575.29 img/s
DLL 2020-09-23 19:20:42.828698 - Epoch: 0 Iteration: 5  train.loss : 6.91303  train.total_ips : 20182.48 img/s
DLL 2020-09-23 19:20:43.258082 - Epoch: 0 Iteration: 6  train.loss : 6.91018  train.total_ips : 19085.12 img/s
DLL 2020-09-23 19:20:43.670762 - Epoch: 0 Iteration: 7  train.loss : 6.89413  train.total_ips : 19856.04 img/s
DLL 2020-09-23 19:20:44.105048 - Epoch: 0 Iteration: 8  train.loss : 6.90694  train.total_ips : 18867.86 img/s
DLL 2020-09-23 19:20:44.511866 - Epoch: 0 Iteration: 9  train.loss : 6.90814  train.total_ips : 20143.48 img/s
DLL 2020-09-23 19:20:45.025132 - Epoch: 0 Iteration: 10  train.loss : 6.89949  train.total_ips : 15963.45 img/s
DLL 2020-09-23 19:20:45.490047 - Epoch: 0 Iteration: 11  train.loss : 6.90000  train.total_ips : 17625.61 img/s
DLL 2020-09-23 19:20:45.920980 - Epoch: 0 Iteration: 12  train.loss : 6.90329  train.total_ips : 19019.71 img/s
DLL 2020-09-23 19:20:46.398144 - Epoch: 0 Iteration: 13  train.loss : 6.89788  train.total_ips : 17171.34 img/s
DLL 2020-09-23 19:20:46.856215 - Epoch: 0 Iteration: 14  train.loss : 6.89196  train.total_ips : 17886.59 img/s
DLL 2020-09-23 19:20:47.359838 - Epoch: 0 Iteration: 15  train.loss : 6.89479  train.total_ips : 16271.35 img/s
DLL 2020-09-23 19:20:47.786926 - Epoch: 0 Iteration: 16  train.loss : 6.90350  train.total_ips : 19186.72 img/s
DLL 2020-09-23 19:20:48.203993 - Epoch: 0 Iteration: 17  train.loss : 6.90104  train.total_ips : 19652.53 img/s
DLL 2020-09-23 19:20:48.682517 - Epoch: 0 Iteration: 18  train.loss : 6.90402  train.total_ips : 17121.94 img/s
DLL 2020-09-23 19:20:49.193462 - Epoch: 0 Iteration: 19  train.loss : 6.89311  train.total_ips : 16038.10 img/s
DLL 2020-09-23 19:20:49.580784 - Epoch: 0 Iteration: 20  train.loss : 6.90420  train.total_ips : 21161.19 img/s
Gradient overflow.  Skipping step, loss scaler 0 reducing loss scale to 32768.0
DLL 2020-09-23 19:20:50.003141 - Epoch: 0 Iteration: 21  train.loss : 6.89832  train.total_ips : 19408.11 img/s
DLL 2020-09-23 19:20:50.427723 - Epoch: 0 Iteration: 22  train.loss : 6.90012  train.total_ips : 19299.28 img/s
DLL 2020-09-23 19:20:50.932035 - Epoch: 0 Iteration: 23  train.loss : 6.89606  train.total_ips : 16247.28 img/s
DLL 2020-09-23 19:20:51.457017 - Epoch: 0 Iteration: 24  train.loss : 6.90082  train.total_ips : 15606.61 img/s
DLL 2020-09-23 19:20:51.804556 - Epoch: 0 Iteration: 25  train.loss : 6.90260  train.total_ips : 23580.52 img/s
DLL 2020-09-23 19:20:52.251700 - Epoch: 0 Iteration: 26  train.loss : 6.90111  train.total_ips : 18324.24 img/s
DLL 2020-09-23 19:20:52.658249 - Epoch: 0 Iteration: 27  train.loss : 6.89729  train.total_ips : 20157.13 img/s
DLL 2020-09-23 19:20:53.111424 - Epoch: 0 Iteration: 28  train.loss : 6.90640  train.total_ips : 18079.90 img/s
DLL 2020-09-23 19:20:53.573654 - Epoch: 0 Iteration: 29  train.loss : 6.90422  train.total_ips : 17728.81 img/s
DLL 2020-09-23 19:20:53.965188 - Epoch: 0 Iteration: 30  train.loss : 6.90220  train.total_ips : 20927.30 img/s
DLL 2020-09-23 19:20:54.400068 - Epoch: 0 Iteration: 31  train.loss : 6.89729  train.total_ips : 18841.07 img/s
DLL 2020-09-23 19:20:54.759404 - Epoch: 0 Iteration: 32  train.loss : 6.90028  train.total_ips : 22802.59 img/s
DLL 2020-09-23 19:20:55.202429 - Epoch: 0 Iteration: 33  train.loss : 6.90914  train.total_ips : 18494.37 img/s
DLL 2020-09-23 19:20:55.593143 - Epoch: 0 Iteration: 34  train.loss : 6.90016  train.total_ips : 20972.38 img/s
DLL 2020-09-23 19:20:56.024034 - Epoch: 0 Iteration: 35  train.loss : 6.89868  train.total_ips : 19014.78 img/s
DLL 2020-09-23 19:20:56.481671 - Epoch: 0 Iteration: 36  train.loss : 6.90389  train.total_ips : 17904.73 img/s
DLL 2020-09-23 19:20:56.917353 - Epoch: 0 Iteration: 37  train.loss : 6.89979  train.total_ips : 18805.43 img/s
DLL 2020-09-23 19:20:57.335659 - Epoch: 0 Iteration: 38  train.loss : 6.90282  train.total_ips : 19592.60 img/s
DLL 2020-09-23 19:20:57.800867 - Epoch: 0 Iteration: 39  train.loss : 6.90081  train.total_ips : 17612.88 img/s
DLL 2020-09-23 19:20:58.236352 - Epoch: 0 Iteration: 40  train.loss : 6.89748  train.total_ips : 18814.11 img/s
DLL 2020-09-23 19:20:58.581639 - Epoch: 0 Iteration: 41  train.loss : 6.90488  train.total_ips : 23730.99 img/s
DLL 2020-09-23 19:20:59.076198 - Epoch: 0 Iteration: 42  train.loss : 6.90514  train.total_ips : 16567.72 img/s
DLL 2020-09-23 19:20:59.628286 - Epoch: 0 Iteration: 43  train.loss : 3221248512.00000  train.total_ips : 14840.14 img/s
DLL 2020-09-23 19:21:00.073609 - Epoch: 0 Iteration: 44  train.loss : 6.90036  train.total_ips : 18399.47 img/s
DLL 2020-09-23 19:21:00.450498 - Epoch: 0 Iteration: 45  train.loss : 6.89753  train.total_ips : 21743.37 img/s
DLL 2020-09-23 19:21:00.892421 - Epoch: 0 Iteration: 46  train.loss : 6.89644  train.total_ips : 18539.35 img/s
DLL 2020-09-23 19:21:01.290940 - Epoch: 0 Iteration: 47  train.loss : 6.88951  train.total_ips : 20563.83 img/s
DLL 2020-09-23 19:21:01.718205 - Epoch: 0 Iteration: 48  train.loss : 6.90328  train.total_ips : 19176.17 img/s
DLL 2020-09-23 19:21:02.193515 - Epoch: 0 Iteration: 49  train.loss : 6.89765  train.total_ips : 17237.80 img/s
DLL 2020-09-23 19:21:02.659534 - Epoch: 0 Iteration: 50  train.loss : 6.90148  train.total_ips : 17581.92 img/s
DLL 2020-09-23 19:21:03.073610 - Epoch: 0 Iteration: 51  train.loss : 6.89628  train.total_ips : 19791.12 img/s
DLL 2020-09-23 19:21:03.538377 - Epoch: 0 Iteration: 52  train.loss : 6.90260  train.total_ips : 17629.09 img/s
DLL 2020-09-23 19:21:04.000473 - Epoch: 0 Iteration: 53  train.loss : 6.89668  train.total_ips : 17732.91 img/s
DLL 2020-09-23 19:21:04.384351 - Epoch: 0 Iteration: 54  train.loss : 6.88915  train.total_ips : 21344.05 img/s
DLL 2020-09-23 19:21:04.834153 - Epoch: 0 Iteration: 55  train.loss : 6.89157  train.total_ips : 18215.63 img/s
DLL 2020-09-23 19:21:05.312782 - Epoch: 0 Iteration: 56  train.loss : 6.90098  train.total_ips : 17118.64 img/s
DLL 2020-09-23 19:21:05.687972 - Epoch: 0 Iteration: 57  train.loss : 6.89370  train.total_ips : 21838.88 img/s
DLL 2020-09-23 19:21:06.113016 - Epoch: 0 Iteration: 58  train.loss : 6.89473  train.total_ips : 19276.79 img/s
DLL 2020-09-23 19:21:06.457670 - Epoch: 0 Iteration: 59  train.loss : 6.90045  train.total_ips : 23774.78 img/s
DLL 2020-09-23 19:21:06.959694 - Epoch: 0 Iteration: 60  train.loss : 6.90065  train.total_ips : 16322.68 img/s
DLL 2020-09-23 19:21:07.346523 - Epoch: 0 Iteration: 61  train.loss : 6.89927  train.total_ips : 21184.37 img/s
DLL 2020-09-23 19:21:07.778241 - Epoch: 0 Iteration: 62  train.loss : 6.89675  train.total_ips : 18982.84 img/s
DLL 2020-09-23 19:21:08.190460 - Epoch: 0 Iteration: 63  train.loss : 6.90215  train.total_ips : 19876.46 img/s
DLL 2020-09-23 19:21:08.604161 - Epoch: 0 Iteration: 64  train.loss : 6.88929  train.total_ips : 19808.22 img/s
DLL 2020-09-23 19:21:09.004755 - Epoch: 0 Iteration: 65  train.loss : 6.89522  train.total_ips : 20454.04 img/s
DLL 2020-09-23 19:21:09.414593 - Epoch: 0 Iteration: 66  train.loss : 6.89952  train.total_ips : 20001.09 img/s
DLL 2020-09-23 19:21:09.791210 - Epoch: 0 Iteration: 67  train.loss : 6.89692  train.total_ips : 21757.44 img/s
DLL 2020-09-23 19:21:10.165757 - Epoch: 0 Iteration: 68  train.loss : 6.89477  train.total_ips : 21878.33 img/s
DLL 2020-09-23 19:21:10.637867 - Epoch: 0 Iteration: 69  train.loss : 6.89744  train.total_ips : 17355.15 img/s
DLL 2020-09-23 19:21:11.054899 - Epoch: 0 Iteration: 70  train.loss : 6.89828  train.total_ips : 19647.27 img/s
DLL 2020-09-23 19:21:11.455672 - Epoch: 0 Iteration: 71  train.loss : 6.90219  train.total_ips : 20444.35 img/s
DLL 2020-09-23 19:21:11.901285 - Epoch: 0 Iteration: 72  train.loss : 6.91298  train.total_ips : 18387.60 img/s
DLL 2020-09-23 19:21:12.384897 - Epoch: 0 Iteration: 73  train.loss : 6.90107  train.total_ips : 16942.20 img/s
DLL 2020-09-23 19:21:12.865942 - Epoch: 0 Iteration: 74  train.loss : 6.89792  train.total_ips : 17036.15 img/s
DLL 2020-09-23 19:21:13.278849 - Epoch: 0 Iteration: 75  train.loss : 6.90109  train.total_ips : 19845.79 img/s
DLL 2020-09-23 19:21:13.657845 - Epoch: 0 Iteration: 76  train.loss : 6.90906  train.total_ips : 21619.28 img/s
DLL 2020-09-23 19:21:14.018743 - Epoch: 0 Iteration: 77  train.loss : 6.91077  train.total_ips : 22705.79 img/s
DLL 2020-09-23 19:21:14.497864 - Epoch: 0 Iteration: 78  train.loss : 6.89853  train.total_ips : 17100.59 img/s
DLL 2020-09-23 19:21:14.940017 - Epoch: 0 Iteration: 79  train.loss : 6.90033  train.total_ips : 18531.13 img/s
DLL 2020-09-23 19:21:15.410900 - Epoch: 0 Iteration: 80  train.loss : 6.90687  train.total_ips : 17402.14 img/s
DLL 2020-09-23 19:21:15.819708 - Epoch: 0 Iteration: 81  train.loss : 6.90594  train.total_ips : 20042.67 img/s
DLL 2020-09-23 19:21:16.259721 - Epoch: 0 Iteration: 82  train.loss : 6.90431  train.total_ips : 18620.27 img/s
DLL 2020-09-23 19:21:16.705485 - Epoch: 0 Iteration: 83  train.loss : 6.90762  train.total_ips : 18383.64 img/s
DLL 2020-09-23 19:21:17.145874 - Epoch: 0 Iteration: 84  train.loss : 6.89875  train.total_ips : 18604.97 img/s
DLL 2020-09-23 19:21:17.560326 - Epoch: 0 Iteration: 85  train.loss : 6.90159  train.total_ips : 19769.45 img/s
DLL 2020-09-23 19:21:18.021260 - Epoch: 0 Iteration: 86  train.loss : 6.91245  train.total_ips : 17775.71 img/s
DLL 2020-09-23 19:21:18.469154 - Epoch: 0 Iteration: 87  train.loss : 6.90889  train.total_ips : 18294.18 img/s
DLL 2020-09-23 19:21:18.858084 - Epoch: 0 Iteration: 88  train.loss : 6.90889  train.total_ips : 21066.24 img/s
DLL 2020-09-23 19:21:19.315821 - Epoch: 0 Iteration: 89  train.loss : 6.91149  train.total_ips : 17903.70 img/s
DLL 2020-09-23 19:21:19.769123 - Epoch: 0 Iteration: 90  train.loss : 6.89370  train.total_ips : 18073.11 img/s
DLL 2020-09-23 19:21:20.211330 - Epoch: 0 Iteration: 91  train.loss : 6.89560  train.total_ips : 18530.35 img/s
DLL 2020-09-23 19:21:20.618751 - Epoch: 0 Iteration: 92  train.loss : 6.89943  train.total_ips : 20111.59 img/s
DLL 2020-09-23 19:21:21.059136 - Epoch: 0 Iteration: 93  train.loss : 6.89612  train.total_ips : 18605.49 img/s
DLL 2020-09-23 19:21:21.409469 - Epoch: 0 Iteration: 94  train.loss : 6.89956  train.total_ips : 23392.37 img/s
DLL 2020-09-23 19:21:21.841279 - Epoch: 0 Iteration: 95  train.loss : 6.89580  train.total_ips : 18974.27 img/s
DLL 2020-09-23 19:21:22.235692 - Epoch: 0 Iteration: 96  train.loss : 6.89947  train.total_ips : 20776.83 img/s
DLL 2020-09-23 19:21:22.701378 - Epoch: 0 Iteration: 97  train.loss : 6.90237  train.total_ips : 17593.92 img/s
DLL 2020-09-23 19:21:23.148743 - Epoch: 0 Iteration: 98  train.loss : 6.89266  train.total_ips : 18314.69 img/s
DLL 2020-09-23 19:21:23.631963 - Epoch: 0 Iteration: 99  train.loss : 6.90009  train.total_ips : 16955.92 img/s
DLL 2020-09-23 19:21:24.087473 - Epoch: 0 Iteration: 100  train.loss : 6.89483  train.total_ips : 17987.63 img/s
DLL 2020-09-23 19:21:24.520515 - Epoch: 0 Iteration: 101  train.loss : 6.89311  train.total_ips : 18920.80 img/s
DLL 2020-09-23 19:21:24.958626 - Epoch: 0 Iteration: 102  train.loss : 6.88903  train.total_ips : 18702.09 img/s
DLL 2020-09-23 19:21:25.432409 - Epoch: 0 Iteration: 103  train.loss : 6.89584  train.total_ips : 17293.48 img/s
DLL 2020-09-23 19:21:25.862162 - Epoch: 0 Iteration: 104  train.loss : 6.89266  train.total_ips : 19065.49 img/s
DLL 2020-09-23 19:21:26.306308 - Epoch: 0 Iteration: 105  train.loss : 6.89087  train.total_ips : 18448.03 img/s
DLL 2020-09-23 19:21:26.843736 - Epoch: 0 Iteration: 106  train.loss : 6.88857  train.total_ips : 15245.25 img/s
DLL 2020-09-23 19:21:27.255650 - Epoch: 0 Iteration: 107  train.loss : 6.89329  train.total_ips : 19891.73 img/s
DLL 2020-09-23 19:21:27.685544 - Epoch: 0 Iteration: 108  train.loss : 6.89938  train.total_ips : 19059.61 img/s
DLL 2020-09-23 19:21:28.035450 - Epoch: 0 Iteration: 109  train.loss : 6.90078  train.total_ips : 23427.55 img/s
DLL 2020-09-23 19:21:28.382495 - Epoch: 0 Iteration: 110  train.loss : 6.89883  train.total_ips : 23607.48 img/s
DLL 2020-09-23 19:21:28.920571 - Epoch: 0 Iteration: 111  train.loss : 6.91087  train.total_ips : 15227.13 img/s
DLL 2020-09-23 19:21:29.349448 - Epoch: 0 Iteration: 112  train.loss : 6.89879  train.total_ips : 19104.15 img/s
DLL 2020-09-23 19:21:29.737274 - Epoch: 0 Iteration: 113  train.loss : 6.90611  train.total_ips : 21127.41 img/s
DLL 2020-09-23 19:21:30.192460 - Epoch: 0 Iteration: 114  train.loss : 6.89723  train.total_ips : 18001.27 img/s
DLL 2020-09-23 19:21:30.660920 - Epoch: 0 Iteration: 115  train.loss : 6.89835  train.total_ips : 17489.78 img/s
DLL 2020-09-23 19:21:31.121030 - Epoch: 0 Iteration: 116  train.loss : 6.89702  train.total_ips : 17807.31 img/s
DLL 2020-09-23 19:21:31.507127 - Epoch: 0 Iteration: 117  train.loss : 6.90211  train.total_ips : 21222.17 img/s
DLL 2020-09-23 19:21:31.925684 - Epoch: 0 Iteration: 118  train.loss : 6.89400  train.total_ips : 19577.54 img/s
DLL 2020-09-23 19:21:32.418044 - Epoch: 0 Iteration: 119  train.loss : 6.88371  train.total_ips : 16640.00 img/s
DLL 2020-09-23 19:21:32.891971 - Epoch: 0 Iteration: 120  train.loss : 6.90266  train.total_ips : 17288.02 img/s
/opt/dali/dali/image/jpeg_mem.cc:338: Premature end of JPEG data. Stopped at line 272/440
DLL 2020-09-23 19:21:33.270098 - Epoch: 0 Iteration: 121  train.loss : 6.89132  train.total_ips : 21669.69 img/s
DLL 2020-09-23 19:21:33.657529 - Epoch: 0 Iteration: 122  train.loss : 6.89919  train.total_ips : 21150.00 img/s
DLL 2020-09-23 19:21:34.161853 - Epoch: 0 Iteration: 123  train.loss : 6.89368  train.total_ips : 16245.70 img/s
DLL 2020-09-23 19:21:34.635188 - Epoch: 0 Iteration: 124  train.loss : 6.90099  train.total_ips : 17309.78 img/s
DLL 2020-09-23 19:21:35.104858 - Epoch: 0 Iteration: 125  train.loss : 6.88999  train.total_ips : 17448.01 img/s
DLL 2020-09-23 19:21:35.522525 - Epoch: 0 Iteration: 126  train.loss : 6.89138  train.total_ips : 19616.60 img/s
DLL 2020-09-23 19:21:35.934471 - Epoch: 0 Iteration: 127  train.loss : 6.89136  train.total_ips : 19891.81 img/s
DLL 2020-09-23 19:21:36.319327 - Epoch: 0 Iteration: 128  train.loss : 6.89554  train.total_ips : 21290.25 img/s
DLL 2020-09-23 19:21:36.792542 - Epoch: 0 Iteration: 129  train.loss : 6.89311  train.total_ips : 17313.93 img/s
DLL 2020-09-23 19:21:37.278705 - Epoch: 0 Iteration: 130  train.loss : 6.88278  train.total_ips : 16853.21 img/s
DLL 2020-09-23 19:21:37.691184 - Epoch: 0 Iteration: 131  train.loss : 6.88780  train.total_ips : 19863.98 img/s
DLL 2020-09-23 19:21:38.043476 - Epoch: 0 Iteration: 132  train.loss : 6.89269  train.total_ips : 23258.44 img/s
DLL 2020-09-23 19:21:38.450822 - Epoch: 0 Iteration: 133  train.loss : 6.89416  train.total_ips : 20114.68 img/s
DLL 2020-09-23 19:21:38.895111 - Epoch: 0 Iteration: 134  train.loss : 6.89494  train.total_ips : 18442.14 img/s
DLL 2020-09-23 19:21:39.348855 - Epoch: 0 Iteration: 135  train.loss : 6.89378  train.total_ips : 18057.50 img/s
DLL 2020-09-23 19:21:39.863541 - Epoch: 0 Iteration: 136  train.loss : 6.89081  train.total_ips : 15920.14 img/s
DLL 2020-09-23 19:21:40.286514 - Epoch: 0 Iteration: 137  train.loss : 6.87987  train.total_ips : 19375.21 img/s
DLL 2020-09-23 19:21:40.639772 - Epoch: 0 Iteration: 138  train.loss : 6.89652  train.total_ips : 23194.49 img/s
DLL 2020-09-23 19:21:41.053938 - Epoch: 0 Iteration: 139  train.loss : 6.89066  train.total_ips : 19783.64 img/s
DLL 2020-09-23 19:21:41.469294 - Epoch: 0 Iteration: 140  train.loss : 6.89038  train.total_ips : 19726.50 img/s
DLL 2020-09-23 19:21:41.906646 - Epoch: 0 Iteration: 141  train.loss : 6.88208  train.total_ips : 18734.18 img/s
DLL 2020-09-23 19:21:42.437634 - Epoch: 0 Iteration: 142  train.loss : 6.89907  train.total_ips : 15430.09 img/s
DLL 2020-09-23 19:21:42.899517 - Epoch: 0 Iteration: 143  train.loss : 6.88916  train.total_ips : 17739.14 img/s
DLL 2020-09-23 19:21:43.329179 - Epoch: 0 Iteration: 144  train.loss : 6.88571  train.total_ips : 19069.76 img/s
DLL 2020-09-23 19:21:43.750191 - Epoch: 0 Iteration: 145  train.loss : 6.88784  train.total_ips : 19461.68 img/s
DLL 2020-09-23 19:21:44.186691 - Epoch: 0 Iteration: 146  train.loss : 6.90117  train.total_ips : 18771.61 img/s
DLL 2020-09-23 19:21:44.648723 - Epoch: 0 Iteration: 147  train.loss : 6.89705  train.total_ips : 17733.33 img/s
DLL 2020-09-23 19:21:45.120467 - Epoch: 0 Iteration: 148  train.loss : 6.88708  train.total_ips : 17368.26 img/s
DLL 2020-09-23 19:21:45.536975 - Epoch: 0 Iteration: 149  train.loss : 6.89954  train.total_ips : 19671.95 img/s
DLL 2020-09-23 19:21:46.053834 - Epoch: 0  train.loss : 21474996.93406  train.total_ips : 18813.55 img/s
DLL 2020-09-23 19:21:46.053968 - Epoch: 0  lr : 0.256  train.compute_ips : 18875.89 img/s train.data_time : 0.00145 s train.compute_time : 0.55025 s
DLL 2020-09-23 19:21:46.054098 - Summary: train.loss : 21474996.93406  train.total_ips : 18813.55 img/s
DLL 2020-09-23 19:21:46.054146 - Summary: lr : 0.256  train.compute_ips : 18875.89 img/s train.data_time : 0.00145 s train.compute_time : 0.55025 s
Experiment ended
['/opt/conda/bin/python', '-u', '/workspace/rn50/main.py', '--data-backend', 'dali-cpu', '--raport-file', '/workspace/rn50/raport.json', '-j8', '-p', '1', '--lr', '2.048', '--optimizer-batch-size', '-1', '--warmup', '8', '--arch', 'resnet50', '-c', 'fanin', '--label-smoothing', '0.1', '--lr-schedule', 'cosine', '--mom', '0.125', '--wd', '3.0517578125e-05', '--workspace', '/workspace/rn50', '-b', '256', '--epochs', '1', '--prof', '150', '--training-only', '--no-checkpoints', '--amp', '--dynamic-loss-scale', '/data/image']
['/opt/conda/bin/python', '-u', '/workspace/rn50/main.py', '--data-backend', 'dali-cpu', '--raport-file', '/workspace/rn50/raport.json', '-j8', '-p', '1', '--lr', '2.048', '--optimizer-batch-size', '-1', '--warmup', '8', '--arch', 'resnet50', '-c', 'fanin', '--label-smoothing', '0.1', '--lr-schedule', 'cosine', '--mom', '0.125', '--wd', '3.0517578125e-05', '--workspace', '/workspace/rn50', '-b', '256', '--epochs', '1', '--prof', '150', '--training-only', '--no-checkpoints', '--amp', '--dynamic-loss-scale', '/data/image']
['/opt/conda/bin/python', '-u', '/workspace/rn50/main.py', '--data-backend', 'dali-cpu', '--raport-file', '/workspace/rn50/raport.json', '-j8', '-p', '1', '--lr', '2.048', '--optimizer-batch-size', '-1', '--warmup', '8', '--arch', 'resnet50', '-c', 'fanin', '--label-smoothing', '0.1', '--lr-schedule', 'cosine', '--mom', '0.125', '--wd', '3.0517578125e-05', '--workspace', '/workspace/rn50', '-b', '256', '--epochs', '1', '--prof', '150', '--training-only', '--no-checkpoints', '--amp', '--dynamic-loss-scale', '/data/image']
['/opt/conda/bin/python', '-u', '/workspace/rn50/main.py', '--data-backend', 'dali-cpu', '--raport-file', '/workspace/rn50/raport.json', '-j8', '-p', '1', '--lr', '2.048', '--optimizer-batch-size', '-1', '--warmup', '8', '--arch', 'resnet50', '-c', 'fanin', '--label-smoothing', '0.1', '--lr-schedule', 'cosine', '--mom', '0.125', '--wd', '3.0517578125e-05', '--workspace', '/workspace/rn50', '-b', '256', '--epochs', '1', '--prof', '150', '--training-only', '--no-checkpoints', '--amp', '--dynamic-loss-scale', '/data/image']
['/opt/conda/bin/python', '-u', '/workspace/rn50/main.py', '--data-backend', 'dali-cpu', '--raport-file', '/workspace/rn50/raport.json', '-j8', '-p', '1', '--lr', '2.048', '--optimizer-batch-size', '-1', '--warmup', '8', '--arch', 'resnet50', '-c', 'fanin', '--label-smoothing', '0.1', '--lr-schedule', 'cosine', '--mom', '0.125', '--wd', '3.0517578125e-05', '--workspace', '/workspace/rn50', '-b', '256', '--epochs', '1', '--prof', '150', '--training-only', '--no-checkpoints', '--amp', '--dynamic-loss-scale', '/data/image']
['/opt/conda/bin/python', '-u', '/workspace/rn50/main.py', '--data-backend', 'dali-cpu', '--raport-file', '/workspace/rn50/raport.json', '-j8', '-p', '1', '--lr', '2.048', '--optimizer-batch-size', '-1', '--warmup', '8', '--arch', 'resnet50', '-c', 'fanin', '--label-smoothing', '0.1', '--lr-schedule', 'cosine', '--mom', '0.125', '--wd', '3.0517578125e-05', '--workspace', '/workspace/rn50', '-b', '256', '--epochs', '1', '--prof', '150', '--training-only', '--no-checkpoints', '--amp', '--dynamic-loss-scale', '/data/image']
['/opt/conda/bin/python', '-u', '/workspace/rn50/main.py', '--data-backend', 'dali-cpu', '--raport-file', '/workspace/rn50/raport.json', '-j8', '-p', '1', '--lr', '2.048', '--optimizer-batch-size', '-1', '--warmup', '8', '--arch', 'resnet50', '-c', 'fanin', '--label-smoothing', '0.1', '--lr-schedule', 'cosine', '--mom', '0.125', '--wd', '3.0517578125e-05', '--workspace', '/workspace/rn50', '-b', '256', '--epochs', '1', '--prof', '150', '--training-only', '--no-checkpoints', '--amp', '--dynamic-loss-scale', '/data/image']
['/opt/conda/bin/python', '-u', '/workspace/rn50/main.py', '--data-backend', 'dali-cpu', '--raport-file', '/workspace/rn50/raport.json', '-j8', '-p', '1', '--lr', '2.048', '--optimizer-batch-size', '-1', '--warmup', '8', '--arch', 'resnet50', '-c', 'fanin', '--label-smoothing', '0.1', '--lr-schedule', 'cosine', '--mom', '0.125', '--wd', '3.0517578125e-05', '--workspace', '/workspace/rn50', '-b', '256', '--epochs', '1', '--prof', '150', '--training-only', '--no-checkpoints', '--amp', '--dynamic-loss-scale', '/data/image']
