+ python /workspace/rn50/multiproc.py --nnodes 4 --node_rank 0 --nproc_per_node 8 --master_addr 10.11.0.2 --master_port=22333 /workspace/rn50/main.py --data-backend dali-cpu --raport-file /workspace/rn50/raport.json -j8 -p 1 --lr 2.048 --optimizer-batch-size -1 --warmup 8 --arch resnet50 -c fanin --label-smoothing 0.1 --lr-schedule cosine --mom 0.125 --wd 3.0517578125e-05 --workspace /workspace/rn50 -b 256 --epochs 1 --prof 150 --training-only --no-checkpoints --amp --dynamic-loss-scale /data/image
=> creating model '('resnet50', 'fanin', 1000)'
Version: {'net': <class 'image_classification.resnet.ResNet'>, 'block': <class 'image_classification.resnet.Bottleneck'>, 'layers': [3, 4, 6, 3], 'widths': [64, 128, 256, 512], 'expansion': 4}
Config: {'conv': <class 'torch.nn.modules.conv.Conv2d'>, 'conv_init': 'fan_in', 'nonlinearity': 'relu', 'last_bn_0_init': False, 'activation': <function <lambda> at 0x7fa4fc1ae9d8>}
Num classes: 1000
i'm distributed in dali~~~~~~~~~~~~~~~~~
rank in dali:  0
world_size in dali:  32
read 3545488 files from 2792 directories
read 50000 files from 1000 directories
DLL 2020-09-23 19:25:04.126924 - PARAMETER data : /data/image  data_backend : dali-cpu  arch : resnet50  model_config : fanin  num_classes : 1000  workers : 8  epochs : 1  run_epochs : -1  batch_size : 256  optimizer_batch_size : -1  lr : 2.048  lr_schedule : cosine  warmup : 8  label_smoothing : 0.1  mixup : 0.0  momentum : 0.125  weight_decay : 3.0517578125e-05  bn_weight_decay : False  nesterov : False  print_freq : 1  resume : None  pretrained_weights :   fp16 : False  static_loss_scale : 1  dynamic_loss_scale : True  prof : 150  amp : True  seed : None  gather_checkpoints : False  raport_file : /workspace/rn50/raport.json  evaluate : False  training_only : True  save_checkpoints : False  checkpoint_filename : checkpoint.pth.tar  workspace : /workspace/rn50  memory_format : nchw  distributed : True  local_rank : 0  gpu : 8  world_size : 32 
 ! Weight decay NOT applied to BN parameters 
98
63
Selected optimization level O1:  Insert automatic casts around Pytorch functions and Tensor methods.

Defaults for this optimization level are:
enabled                : True
opt_level              : O1
cast_model_type        : None
patch_torch_functions  : True
keep_batchnorm_fp32    : None
master_weights         : None
loss_scale             : dynamic
Processing user overrides (additional kwargs that are not None)...
After processing overrides, optimization options are:
enabled                : True
opt_level              : O1
cast_model_type        : None
patch_torch_functions  : True
keep_batchnorm_fp32    : None
master_weights         : None
loss_scale             : dynamic
RUNNING EPOCHS FROM 0 TO 1
DLL 2020-09-23 19:25:25.779968 - Epoch: 0 Iteration: 1  train.loss : 7.04583  train.total_ips : 480.91 img/s
DLL 2020-09-23 19:25:26.566278 - Epoch: 0 Iteration: 2  train.loss : 6.96912  train.total_ips : 10418.82 img/s
DLL 2020-09-23 19:25:27.227587 - Epoch: 0 Iteration: 3  train.loss : 6.92285  train.total_ips : 12389.45 img/s
DLL 2020-09-23 19:25:27.645987 - Epoch: 0 Iteration: 4  train.loss : 6.90943  train.total_ips : 19583.61 img/s
DLL 2020-09-23 19:25:28.123359 - Epoch: 0 Iteration: 5  train.loss : 6.91324  train.total_ips : 17163.81 img/s
DLL 2020-09-23 19:25:28.585567 - Epoch: 0 Iteration: 6  train.loss : 6.91358  train.total_ips : 17727.03 img/s
DLL 2020-09-23 19:25:28.961220 - Epoch: 0 Iteration: 7  train.loss : 6.89652  train.total_ips : 21816.61 img/s
DLL 2020-09-23 19:25:29.384077 - Epoch: 0 Iteration: 8  train.loss : 6.90964  train.total_ips : 19379.26 img/s
DLL 2020-09-23 19:25:29.848718 - Epoch: 0 Iteration: 9  train.loss : 6.90377  train.total_ips : 17633.92 img/s
DLL 2020-09-23 19:25:30.256516 - Epoch: 0 Iteration: 10  train.loss : 6.89846  train.total_ips : 20093.56 img/s
DLL 2020-09-23 19:25:30.716066 - Epoch: 0 Iteration: 11  train.loss : 6.90084  train.total_ips : 17829.36 img/s
DLL 2020-09-23 19:25:31.077360 - Epoch: 0 Iteration: 12  train.loss : 6.90111  train.total_ips : 22688.19 img/s
DLL 2020-09-23 19:25:31.538513 - Epoch: 0 Iteration: 13  train.loss : 6.89850  train.total_ips : 17766.71 img/s
DLL 2020-09-23 19:25:31.997333 - Epoch: 0 Iteration: 14  train.loss : 6.89491  train.total_ips : 17857.64 img/s
DLL 2020-09-23 19:25:32.492630 - Epoch: 0 Iteration: 15  train.loss : 6.88944  train.total_ips : 16542.17 img/s
DLL 2020-09-23 19:25:32.936858 - Epoch: 0 Iteration: 16  train.loss : 6.90734  train.total_ips : 18446.83 img/s
DLL 2020-09-23 19:25:33.460993 - Epoch: 0 Iteration: 17  train.loss : 6.90108  train.total_ips : 15631.43 img/s
DLL 2020-09-23 19:25:33.925298 - Epoch: 0 Iteration: 18  train.loss : 6.90252  train.total_ips : 17652.84 img/s
DLL 2020-09-23 19:25:34.344309 - Epoch: 0 Iteration: 19  train.loss : 6.89278  train.total_ips : 19552.81 img/s
DLL 2020-09-23 19:25:34.773401 - Epoch: 0 Iteration: 20  train.loss : -115906900605913792512.00000  train.total_ips : 19095.16 img/s
DLL 2020-09-23 19:25:35.188344 - Epoch: 0 Iteration: 21  train.loss : 6.87315  train.total_ips : 19745.90 img/s
DLL 2020-09-23 19:25:35.600683 - Epoch: 0 Iteration: 22  train.loss : 6.90605  train.total_ips : 19871.48 img/s
DLL 2020-09-23 19:25:36.044321 - Epoch: 0 Iteration: 23  train.loss : 6.91034  train.total_ips : 18471.52 img/s
DLL 2020-09-23 19:25:36.521442 - Epoch: 0 Iteration: 24  train.loss : 6.90869  train.total_ips : 17172.09 img/s
DLL 2020-09-23 19:25:36.938989 - Epoch: 0 Iteration: 25  train.loss : 6.91196  train.total_ips : 19623.27 img/s
DLL 2020-09-23 19:25:37.360250 - Epoch: 0 Iteration: 26  train.loss : 6.91600  train.total_ips : 19450.05 img/s
DLL 2020-09-23 19:25:37.826260 - Epoch: 0 Iteration: 27  train.loss : 6.91444  train.total_ips : 17584.25 img/s
DLL 2020-09-23 19:25:38.259853 - Epoch: 0 Iteration: 28  train.loss : 6.91551  train.total_ips : 18895.99 img/s
DLL 2020-09-23 19:25:38.791045 - Epoch: 0 Iteration: 29  train.loss : 6.92686  train.total_ips : 15424.58 img/s
DLL 2020-09-23 19:25:39.260332 - Epoch: 0 Iteration: 30  train.loss : 6.92620  train.total_ips : 17459.06 img/s
DLL 2020-09-23 19:25:39.657013 - Epoch: 0 Iteration: 31  train.loss : 6.91355  train.total_ips : 20656.06 img/s
DLL 2020-09-23 19:25:40.077531 - Epoch: 0 Iteration: 32  train.loss : 6.91866  train.total_ips : 19484.37 img/s
DLL 2020-09-23 19:25:40.572483 - Epoch: 0 Iteration: 33  train.loss : 6.92618  train.total_ips : 16553.84 img/s
DLL 2020-09-23 19:25:40.966990 - Epoch: 0 Iteration: 34  train.loss : 6.91720  train.total_ips : 20773.45 img/s
DLL 2020-09-23 19:25:41.364508 - Epoch: 0 Iteration: 35  train.loss : 6.91282  train.total_ips : 20610.83 img/s
DLL 2020-09-23 19:25:41.799483 - Epoch: 0 Iteration: 36  train.loss : 6.92382  train.total_ips : 18836.83 img/s
DLL 2020-09-23 19:25:42.249419 - Epoch: 0 Iteration: 37  train.loss : 6.90727  train.total_ips : 18210.14 img/s
DLL 2020-09-23 19:25:42.777271 - Epoch: 0 Iteration: 38  train.loss : 6.91229  train.total_ips : 15524.79 img/s
DLL 2020-09-23 19:25:43.252800 - Epoch: 0 Iteration: 39  train.loss : 6.91255  train.total_ips : 17229.46 img/s
DLL 2020-09-23 19:25:43.664102 - Epoch: 0 Iteration: 40  train.loss : 6.90534  train.total_ips : 19920.63 img/s
DLL 2020-09-23 19:25:44.103892 - Epoch: 0 Iteration: 41  train.loss : 6.91341  train.total_ips : 18630.03 img/s
DLL 2020-09-23 19:25:44.498725 - Epoch: 0 Iteration: 42  train.loss : 6.91204  train.total_ips : 20753.12 img/s
DLL 2020-09-23 19:25:44.931242 - Epoch: 0 Iteration: 43  train.loss : 6.90446  train.total_ips : 18943.19 img/s
DLL 2020-09-23 19:25:45.431842 - Epoch: 0 Iteration: 44  train.loss : 6.90664  train.total_ips : 16367.20 img/s
DLL 2020-09-23 19:25:45.902001 - Epoch: 0 Iteration: 45  train.loss : 6.90789  train.total_ips : 17426.98 img/s
DLL 2020-09-23 19:25:46.301556 - Epoch: 0 Iteration: 46  train.loss : 6.90375  train.total_ips : 20512.22 img/s
DLL 2020-09-23 19:25:46.809785 - Epoch: 0 Iteration: 47  train.loss : 6.89819  train.total_ips : 16120.50 img/s
DLL 2020-09-23 19:25:47.261721 - Epoch: 0 Iteration: 48  train.loss : 6.91087  train.total_ips : 18133.88 img/s
DLL 2020-09-23 19:25:47.742015 - Epoch: 0 Iteration: 49  train.loss : 6.90453  train.total_ips : 17060.24 img/s
DLL 2020-09-23 19:25:48.254094 - Epoch: 0 Iteration: 50  train.loss : 6.90415  train.total_ips : 16000.59 img/s
DLL 2020-09-23 19:25:48.662516 - Epoch: 0 Iteration: 51  train.loss : 6.90227  train.total_ips : 20063.54 img/s
DLL 2020-09-23 19:25:49.090628 - Epoch: 0 Iteration: 52  train.loss : 6.90426  train.total_ips : 19140.56 img/s
DLL 2020-09-23 19:25:49.501213 - Epoch: 0 Iteration: 53  train.loss : 6.90382  train.total_ips : 19955.08 img/s
DLL 2020-09-23 19:25:50.000278 - Epoch: 0 Iteration: 54  train.loss : 6.89867  train.total_ips : 16417.41 img/s
DLL 2020-09-23 19:25:50.448395 - Epoch: 0 Iteration: 55  train.loss : -205231858122752.00000  train.total_ips : 18283.77 img/s
DLL 2020-09-23 19:25:50.830483 - Epoch: 0 Iteration: 56  train.loss : 6.90657  train.total_ips : 21444.83 img/s
DLL 2020-09-23 19:25:51.251076 - Epoch: 0 Iteration: 57  train.loss : 6.90373  train.total_ips : 19481.31 img/s
DLL 2020-09-23 19:25:51.661374 - Epoch: 0 Iteration: 58  train.loss : 6.89999  train.total_ips : 19969.79 img/s
DLL 2020-09-23 19:25:52.145642 - Epoch: 0 Iteration: 59  train.loss : 6.90518  train.total_ips : 16923.39 img/s
DLL 2020-09-23 19:25:52.573655 - Epoch: 0 Iteration: 60  train.loss : 6.89912  train.total_ips : 19144.30 img/s
DLL 2020-09-23 19:25:53.069988 - Epoch: 0 Iteration: 61  train.loss : 6.90698  train.total_ips : 16509.73 img/s
DLL 2020-09-23 19:25:53.575137 - Epoch: 0 Iteration: 62  train.loss : 6.89829  train.total_ips : 16218.25 img/s
DLL 2020-09-23 19:25:54.052691 - Epoch: 0 Iteration: 63  train.loss : 6.90867  train.total_ips : 17156.92 img/s
DLL 2020-09-23 19:25:54.517402 - Epoch: 0 Iteration: 64  train.loss : 6.89548  train.total_ips : 17633.74 img/s
DLL 2020-09-23 19:25:55.015072 - Epoch: 0 Iteration: 65  train.loss : 6.91194  train.total_ips : 16468.39 img/s
DLL 2020-09-23 19:25:55.433182 - Epoch: 0 Iteration: 66  train.loss : 6.91787  train.total_ips : 19594.80 img/s
DLL 2020-09-23 19:25:55.910047 - Epoch: 0 Iteration: 67  train.loss : 6.91503  train.total_ips : 17181.85 img/s
DLL 2020-09-23 19:25:56.341098 - Epoch: 0 Iteration: 68  train.loss : 6.91375  train.total_ips : 19008.37 img/s
DLL 2020-09-23 19:25:56.811464 - Epoch: 0 Iteration: 69  train.loss : 6.90874  train.total_ips : 17422.62 img/s
DLL 2020-09-23 19:25:57.239514 - Epoch: 0 Iteration: 70  train.loss : 6.90639  train.total_ips : 19141.05 img/s
DLL 2020-09-23 19:25:57.706339 - Epoch: 0 Iteration: 71  train.loss : 6.91607  train.total_ips : 17551.16 img/s
DLL 2020-09-23 19:25:58.090157 - Epoch: 0 Iteration: 72  train.loss : 6.91874  train.total_ips : 21351.86 img/s
DLL 2020-09-23 19:25:58.556134 - Epoch: 0 Iteration: 73  train.loss : 6.90800  train.total_ips : 17582.36 img/s
DLL 2020-09-23 19:25:58.987346 - Epoch: 0 Iteration: 74  train.loss : 8.54595  train.total_ips : 19001.65 img/s
DLL 2020-09-23 19:25:59.363973 - Epoch: 0 Iteration: 75  train.loss : 8.60485  train.total_ips : 21758.46 img/s
DLL 2020-09-23 19:25:59.808507 - Epoch: 0 Iteration: 76  train.loss : 8.49785  train.total_ips : 18430.60 img/s
DLL 2020-09-23 19:26:00.431185 - Epoch: 0 Iteration: 77  train.loss : 8.32940  train.total_ips : 13157.76 img/s
DLL 2020-09-23 19:26:00.885254 - Epoch: 0 Iteration: 78  train.loss : 8.12666  train.total_ips : 18045.85 img/s
Gradient overflow.  Skipping step, loss scaler 0 reducing loss scale to 32768.0
DLL 2020-09-23 19:26:01.324991 - Epoch: 0 Iteration: 79  train.loss : 7.94609  train.total_ips : 18631.67 img/s
DLL 2020-09-23 19:26:01.757948 - Epoch: 0 Iteration: 80  train.loss : 7.96870  train.total_ips : 18926.48 img/s
DLL 2020-09-23 19:26:02.174861 - Epoch: 0 Iteration: 81  train.loss : 7.69355  train.total_ips : 19652.86 img/s
DLL 2020-09-23 19:26:02.616019 - Epoch: 0 Iteration: 82  train.loss : 7.45094  train.total_ips : 18573.38 img/s
DLL 2020-09-23 19:26:03.061167 - Epoch: 0 Iteration: 83  train.loss : 7.17186  train.total_ips : 18410.23 img/s
DLL 2020-09-23 19:26:03.472466 - Epoch: 0 Iteration: 84  train.loss : 7.04339  train.total_ips : 19919.89 img/s
DLL 2020-09-23 19:26:03.903123 - Epoch: 0 Iteration: 85  train.loss : 273041408.00000  train.total_ips : 19025.56 img/s
DLL 2020-09-23 19:26:04.360128 - Epoch: 0 Iteration: 86  train.loss : 7.12482  train.total_ips : 17928.49 img/s
DLL 2020-09-23 19:26:04.786875 - Epoch: 0 Iteration: 87  train.loss : 7.07984  train.total_ips : 19200.43 img/s
DLL 2020-09-23 19:26:05.211703 - Epoch: 0 Iteration: 88  train.loss : 7.09439  train.total_ips : 19289.49 img/s
DLL 2020-09-23 19:26:05.660871 - Epoch: 0 Iteration: 89  train.loss : 7.08912  train.total_ips : 18248.17 img/s
DLL 2020-09-23 19:26:06.001586 - Epoch: 0 Iteration: 90  train.loss : 7.05582  train.total_ips : 24044.92 img/s
DLL 2020-09-23 19:26:06.449592 - Epoch: 0 Iteration: 91  train.loss : 7.06146  train.total_ips : 18289.99 img/s
DLL 2020-09-23 19:26:06.908172 - Epoch: 0 Iteration: 92  train.loss : 7.06053  train.total_ips : 17868.62 img/s
DLL 2020-09-23 19:26:07.381736 - Epoch: 0 Iteration: 93  train.loss : 7.05321  train.total_ips : 17303.38 img/s
DLL 2020-09-23 19:26:07.773348 - Epoch: 0 Iteration: 94  train.loss : 7.04929  train.total_ips : 20922.25 img/s
DLL 2020-09-23 19:26:08.250091 - Epoch: 0 Iteration: 95  train.loss : 7.04737  train.total_ips : 17185.83 img/s
DLL 2020-09-23 19:26:08.755921 - Epoch: 0 Iteration: 96  train.loss : 6.96502  train.total_ips : 16202.10 img/s
DLL 2020-09-23 19:26:09.245507 - Epoch: 0 Iteration: 97  train.loss : 7.09163  train.total_ips : 16736.58 img/s
DLL 2020-09-23 19:26:09.633580 - Epoch: 0 Iteration: 98  train.loss : 6.99746  train.total_ips : 21113.28 img/s
DLL 2020-09-23 19:26:10.040365 - Epoch: 0 Iteration: 99  train.loss : 7.04823  train.total_ips : 20141.84 img/s
DLL 2020-09-23 19:26:10.474659 - Epoch: 0 Iteration: 100  train.loss : 7.01685  train.total_ips : 18868.87 img/s
DLL 2020-09-23 19:26:10.911137 - Epoch: 0 Iteration: 101  train.loss : 7.06279  train.total_ips : 18771.63 img/s
DLL 2020-09-23 19:26:11.397749 - Epoch: 0 Iteration: 102  train.loss : 7.06890  train.total_ips : 16840.81 img/s
DLL 2020-09-23 19:26:11.807944 - Epoch: 0 Iteration: 103  train.loss : 7.08212  train.total_ips : 19973.85 img/s
DLL 2020-09-23 19:26:12.286232 - Epoch: 0 Iteration: 104  train.loss : 7.05938  train.total_ips : 17130.61 img/s
DLL 2020-09-23 19:26:12.664557 - Epoch: 0 Iteration: 105  train.loss : 7.06835  train.total_ips : 21662.58 img/s
DLL 2020-09-23 19:26:13.049983 - Epoch: 0 Iteration: 106  train.loss : 7.02853  train.total_ips : 21261.69 img/s
DLL 2020-09-23 19:26:13.528815 - Epoch: 0 Iteration: 107  train.loss : 7.03219  train.total_ips : 17111.07 img/s
DLL 2020-09-23 19:26:14.003484 - Epoch: 0 Iteration: 108  train.loss : 7.01964  train.total_ips : 17266.84 img/s
DLL 2020-09-23 19:26:14.494633 - Epoch: 0 Iteration: 109  train.loss : 7.04602  train.total_ips : 16681.53 img/s
DLL 2020-09-23 19:26:15.003585 - Epoch: 0 Iteration: 110  train.loss : 7.02319  train.total_ips : 16099.96 img/s
DLL 2020-09-23 19:26:15.427552 - Epoch: 0 Iteration: 111  train.loss : 7.02672  train.total_ips : 19325.49 img/s
DLL 2020-09-23 19:26:15.890408 - Epoch: 0 Iteration: 112  train.loss : 7.09292  train.total_ips : 17711.27 img/s
DLL 2020-09-23 19:26:16.378968 - Epoch: 0 Iteration: 113  train.loss : 7.00298  train.total_ips : 16773.27 img/s
DLL 2020-09-23 19:26:16.811618 - Epoch: 0 Iteration: 114  train.loss : 7.09535  train.total_ips : 18936.69 img/s
DLL 2020-09-23 19:26:17.223994 - Epoch: 0 Iteration: 115  train.loss : 7.02575  train.total_ips : 19868.68 img/s
DLL 2020-09-23 19:26:17.633764 - Epoch: 0 Iteration: 116  train.loss : 6.99556  train.total_ips : 19999.57 img/s
DLL 2020-09-23 19:26:18.011021 - Epoch: 0 Iteration: 117  train.loss : 7.01103  train.total_ips : 21718.38 img/s
DLL 2020-09-23 19:26:18.508349 - Epoch: 0 Iteration: 118  train.loss : 7.04172  train.total_ips : 16474.82 img/s
DLL 2020-09-23 19:26:18.940984 - Epoch: 0 Iteration: 119  train.loss : 7.04302  train.total_ips : 18949.07 img/s
DLL 2020-09-23 19:26:19.403390 - Epoch: 0 Iteration: 120  train.loss : 7.04185  train.total_ips : 17719.35 img/s
/opt/dali/dali/image/jpeg_mem.cc:338: Premature end of JPEG data. Stopped at line 272/440
DLL 2020-09-23 19:26:19.814132 - Epoch: 0 Iteration: 121  train.loss : 7.04200  train.total_ips : 19950.04 img/s
DLL 2020-09-23 19:26:20.260636 - Epoch: 0 Iteration: 122  train.loss : 117814304768.00000  train.total_ips : 18350.69 img/s
DLL 2020-09-23 19:26:20.730341 - Epoch: 0 Iteration: 123  train.loss : 7.05092  train.total_ips : 17447.34 img/s
DLL 2020-09-23 19:26:21.175034 - Epoch: 0 Iteration: 124  train.loss : 7.04001  train.total_ips : 18425.90 img/s
DLL 2020-09-23 19:26:21.603540 - Epoch: 0 Iteration: 125  train.loss : 7.04003  train.total_ips : 19122.78 img/s
DLL 2020-09-23 19:26:22.009320 - Epoch: 0 Iteration: 126  train.loss : 7.07663  train.total_ips : 20194.43 img/s
DLL 2020-09-23 19:26:22.398361 - Epoch: 0 Iteration: 127  train.loss : 7.03245  train.total_ips : 21066.08 img/s
DLL 2020-09-23 19:26:22.806676 - Epoch: 0 Iteration: 128  train.loss : 7.01361  train.total_ips : 20075.76 img/s
DLL 2020-09-23 19:26:23.273314 - Epoch: 0 Iteration: 129  train.loss : 7.07853  train.total_ips : 17562.38 img/s
DLL 2020-09-23 19:26:23.644163 - Epoch: 0 Iteration: 130  train.loss : 7.08995  train.total_ips : 22096.91 img/s
DLL 2020-09-23 19:26:24.067354 - Epoch: 0 Iteration: 131  train.loss : 6.99954  train.total_ips : 19362.07 img/s
DLL 2020-09-23 19:26:24.517466 - Epoch: 0 Iteration: 132  train.loss : 7.03574  train.total_ips : 18214.85 img/s
DLL 2020-09-23 19:26:25.005724 - Epoch: 0 Iteration: 133  train.loss : 7.04545  train.total_ips : 16785.63 img/s
DLL 2020-09-23 19:26:25.448039 - Epoch: 0 Iteration: 134  train.loss : 7.03209  train.total_ips : 18525.22 img/s
DLL 2020-09-23 19:26:25.825796 - Epoch: 0 Iteration: 135  train.loss : 7.02905  train.total_ips : 21709.87 img/s
DLL 2020-09-23 19:26:26.220020 - Epoch: 0 Iteration: 136  train.loss : 7.01125  train.total_ips : 20781.51 img/s
DLL 2020-09-23 19:26:26.675114 - Epoch: 0 Iteration: 137  train.loss : 7.06228  train.total_ips : 18003.96 img/s
DLL 2020-09-23 19:26:27.138248 - Epoch: 0 Iteration: 138  train.loss : 7.06505  train.total_ips : 17694.27 img/s
Gradient overflow.  Skipping step, loss scaler 0 reducing loss scale to 16384.0
DLL 2020-09-23 19:26:27.554533 - Epoch: 0 Iteration: 139  train.loss : 7.06364  train.total_ips : 19681.64 img/s
DLL 2020-09-23 19:26:27.986716 - Epoch: 0 Iteration: 140  train.loss : 7.00338  train.total_ips : 18963.28 img/s
DLL 2020-09-23 19:26:28.383137 - Epoch: 0 Iteration: 141  train.loss : 7.08660  train.total_ips : 20671.54 img/s
Gradient overflow.  Skipping step, loss scaler 0 reducing loss scale to 8192.0
DLL 2020-09-23 19:26:28.716033 - Epoch: 0 Iteration: 142  train.loss : 7.03853  train.total_ips : 24615.16 img/s
DLL 2020-09-23 19:26:29.120110 - Epoch: 0 Iteration: 143  train.loss : 7.02996  train.total_ips : 20281.04 img/s
DLL 2020-09-23 19:26:29.560002 - Epoch: 0 Iteration: 144  train.loss : 6.98705  train.total_ips : 18645.09 img/s
DLL 2020-09-23 19:26:29.996380 - Epoch: 0 Iteration: 145  train.loss : 6.99801  train.total_ips : 18771.22 img/s
DLL 2020-09-23 19:26:30.507708 - Epoch: 0 Iteration: 146  train.loss : 7.02482  train.total_ips : 16025.38 img/s
DLL 2020-09-23 19:26:30.956651 - Epoch: 0 Iteration: 147  train.loss : 7.01939  train.total_ips : 18251.11 img/s
DLL 2020-09-23 19:26:31.372505 - Epoch: 0 Iteration: 148  train.loss : 7.05307  train.total_ips : 19703.06 img/s
DLL 2020-09-23 19:26:31.827411 - Epoch: 0 Iteration: 149  train.loss : 7.06134  train.total_ips : 18012.02 img/s
DLL 2020-09-23 19:26:32.272390 - Epoch: 0  train.loss : -772714038131230464.00000  train.total_ips : 18462.68 img/s
DLL 2020-09-23 19:26:32.272527 - Epoch: 0  lr : 0.256  train.compute_ips : 18529.00 img/s train.data_time : 0.00169 s train.compute_time : 0.55504 s
DLL 2020-09-23 19:26:32.272661 - Summary: train.loss : -772714038131230464.00000  train.total_ips : 18462.68 img/s
DLL 2020-09-23 19:26:32.272709 - Summary: lr : 0.256  train.compute_ips : 18529.00 img/s train.data_time : 0.00169 s train.compute_time : 0.55504 s
Experiment ended
['/opt/conda/bin/python', '-u', '/workspace/rn50/main.py', '--data-backend', 'dali-cpu', '--raport-file', '/workspace/rn50/raport.json', '-j8', '-p', '1', '--lr', '2.048', '--optimizer-batch-size', '-1', '--warmup', '8', '--arch', 'resnet50', '-c', 'fanin', '--label-smoothing', '0.1', '--lr-schedule', 'cosine', '--mom', '0.125', '--wd', '3.0517578125e-05', '--workspace', '/workspace/rn50', '-b', '256', '--epochs', '1', '--prof', '150', '--training-only', '--no-checkpoints', '--amp', '--dynamic-loss-scale', '/data/image']
['/opt/conda/bin/python', '-u', '/workspace/rn50/main.py', '--data-backend', 'dali-cpu', '--raport-file', '/workspace/rn50/raport.json', '-j8', '-p', '1', '--lr', '2.048', '--optimizer-batch-size', '-1', '--warmup', '8', '--arch', 'resnet50', '-c', 'fanin', '--label-smoothing', '0.1', '--lr-schedule', 'cosine', '--mom', '0.125', '--wd', '3.0517578125e-05', '--workspace', '/workspace/rn50', '-b', '256', '--epochs', '1', '--prof', '150', '--training-only', '--no-checkpoints', '--amp', '--dynamic-loss-scale', '/data/image']
['/opt/conda/bin/python', '-u', '/workspace/rn50/main.py', '--data-backend', 'dali-cpu', '--raport-file', '/workspace/rn50/raport.json', '-j8', '-p', '1', '--lr', '2.048', '--optimizer-batch-size', '-1', '--warmup', '8', '--arch', 'resnet50', '-c', 'fanin', '--label-smoothing', '0.1', '--lr-schedule', 'cosine', '--mom', '0.125', '--wd', '3.0517578125e-05', '--workspace', '/workspace/rn50', '-b', '256', '--epochs', '1', '--prof', '150', '--training-only', '--no-checkpoints', '--amp', '--dynamic-loss-scale', '/data/image']
['/opt/conda/bin/python', '-u', '/workspace/rn50/main.py', '--data-backend', 'dali-cpu', '--raport-file', '/workspace/rn50/raport.json', '-j8', '-p', '1', '--lr', '2.048', '--optimizer-batch-size', '-1', '--warmup', '8', '--arch', 'resnet50', '-c', 'fanin', '--label-smoothing', '0.1', '--lr-schedule', 'cosine', '--mom', '0.125', '--wd', '3.0517578125e-05', '--workspace', '/workspace/rn50', '-b', '256', '--epochs', '1', '--prof', '150', '--training-only', '--no-checkpoints', '--amp', '--dynamic-loss-scale', '/data/image']
['/opt/conda/bin/python', '-u', '/workspace/rn50/main.py', '--data-backend', 'dali-cpu', '--raport-file', '/workspace/rn50/raport.json', '-j8', '-p', '1', '--lr', '2.048', '--optimizer-batch-size', '-1', '--warmup', '8', '--arch', 'resnet50', '-c', 'fanin', '--label-smoothing', '0.1', '--lr-schedule', 'cosine', '--mom', '0.125', '--wd', '3.0517578125e-05', '--workspace', '/workspace/rn50', '-b', '256', '--epochs', '1', '--prof', '150', '--training-only', '--no-checkpoints', '--amp', '--dynamic-loss-scale', '/data/image']
['/opt/conda/bin/python', '-u', '/workspace/rn50/main.py', '--data-backend', 'dali-cpu', '--raport-file', '/workspace/rn50/raport.json', '-j8', '-p', '1', '--lr', '2.048', '--optimizer-batch-size', '-1', '--warmup', '8', '--arch', 'resnet50', '-c', 'fanin', '--label-smoothing', '0.1', '--lr-schedule', 'cosine', '--mom', '0.125', '--wd', '3.0517578125e-05', '--workspace', '/workspace/rn50', '-b', '256', '--epochs', '1', '--prof', '150', '--training-only', '--no-checkpoints', '--amp', '--dynamic-loss-scale', '/data/image']
['/opt/conda/bin/python', '-u', '/workspace/rn50/main.py', '--data-backend', 'dali-cpu', '--raport-file', '/workspace/rn50/raport.json', '-j8', '-p', '1', '--lr', '2.048', '--optimizer-batch-size', '-1', '--warmup', '8', '--arch', 'resnet50', '-c', 'fanin', '--label-smoothing', '0.1', '--lr-schedule', 'cosine', '--mom', '0.125', '--wd', '3.0517578125e-05', '--workspace', '/workspace/rn50', '-b', '256', '--epochs', '1', '--prof', '150', '--training-only', '--no-checkpoints', '--amp', '--dynamic-loss-scale', '/data/image']
['/opt/conda/bin/python', '-u', '/workspace/rn50/main.py', '--data-backend', 'dali-cpu', '--raport-file', '/workspace/rn50/raport.json', '-j8', '-p', '1', '--lr', '2.048', '--optimizer-batch-size', '-1', '--warmup', '8', '--arch', 'resnet50', '-c', 'fanin', '--label-smoothing', '0.1', '--lr-schedule', 'cosine', '--mom', '0.125', '--wd', '3.0517578125e-05', '--workspace', '/workspace/rn50', '-b', '256', '--epochs', '1', '--prof', '150', '--training-only', '--no-checkpoints', '--amp', '--dynamic-loss-scale', '/data/image']
