+ python /workspace/rn50/multiproc.py --nnodes 1 --node_rank 0 --nproc_per_node 4 --master_addr 127.0.0.1 --master_port=29500 /workspace/rn50/main.py --data-backend dali-cpu --raport-file /workspace/rn50/raport.json -j8 -p 1 --lr 0.512 --optimizer-batch-size -1 --warmup 8 --arch resnet50 -c fanin --label-smoothing 0.1 --lr-schedule cosine --mom 0.125 --wd 3.0517578125e-05 --workspace /workspace/rn50 -b 128 --epochs 1 --prof 150 --training-only --no-checkpoints /data/image
=> creating model '('resnet50', 'fanin', 1000)'
Version: {'net': <class 'image_classification.resnet.ResNet'>, 'block': <class 'image_classification.resnet.Bottleneck'>, 'layers': [3, 4, 6, 3], 'widths': [64, 128, 256, 512], 'expansion': 4}
Config: {'conv': <class 'torch.nn.modules.conv.Conv2d'>, 'conv_init': 'fan_in', 'nonlinearity': 'relu', 'last_bn_0_init': False, 'activation': <function <lambda> at 0x7f4828c609d8>}
Num classes: 1000
i'm distributed in dali~~~~~~~~~~~~~~~~~
rank in dali:  0
world_size in dali:  4
read 886372 files from 698 directories
read 50000 files from 1000 directories
DLL 2020-09-22 14:44:34.132646 - PARAMETER data : /data/image  data_backend : dali-cpu  arch : resnet50  model_config : fanin  num_classes : 1000  workers : 8  epochs : 1  run_epochs : -1  batch_size : 128  optimizer_batch_size : -1  lr : 0.512  lr_schedule : cosine  warmup : 8  label_smoothing : 0.1  mixup : 0.0  momentum : 0.125  weight_decay : 3.0517578125e-05  bn_weight_decay : False  nesterov : False  print_freq : 1  resume : None  pretrained_weights :   fp16 : False  static_loss_scale : 1  dynamic_loss_scale : False  prof : 150  amp : False  seed : None  gather_checkpoints : False  raport_file : /workspace/rn50/raport.json  evaluate : False  training_only : True  save_checkpoints : False  checkpoint_filename : checkpoint.pth.tar  workspace : /workspace/rn50  memory_format : nchw  distributed : True  local_rank : 0  gpu : 8  world_size : 4 
 ! Weight decay NOT applied to BN parameters 
98
63
RUNNING EPOCHS FROM 0 TO 1
DLL 2020-09-22 14:44:45.333713 - Epoch: 0 Iteration: 1  train.loss : 7.06316  train.total_ips : 50.00 img/s
DLL 2020-09-22 14:44:45.904230 - Epoch: 0 Iteration: 2  train.loss : 6.96409  train.total_ips : 897.50 img/s
DLL 2020-09-22 14:44:46.257334 - Epoch: 0 Iteration: 3  train.loss : 6.97036  train.total_ips : 1450.40 img/s
DLL 2020-09-22 14:44:46.612182 - Epoch: 0 Iteration: 4  train.loss : 6.95827  train.total_ips : 1443.29 img/s
DLL 2020-09-22 14:44:46.965674 - Epoch: 0 Iteration: 5  train.loss : 6.83976  train.total_ips : 1448.80 img/s
DLL 2020-09-22 14:44:47.318424 - Epoch: 0 Iteration: 6  train.loss : 6.88373  train.total_ips : 1451.93 img/s
DLL 2020-09-22 14:44:47.670998 - Epoch: 0 Iteration: 7  train.loss : 6.85116  train.total_ips : 1452.62 img/s
DLL 2020-09-22 14:44:48.024454 - Epoch: 0 Iteration: 8  train.loss : 6.88945  train.total_ips : 1449.21 img/s
DLL 2020-09-22 14:44:48.382846 - Epoch: 0 Iteration: 9  train.loss : 6.81740  train.total_ips : 1429.50 img/s
DLL 2020-09-22 14:44:48.736350 - Epoch: 0 Iteration: 10  train.loss : 6.76566  train.total_ips : 1448.56 img/s
DLL 2020-09-22 14:44:49.089279 - Epoch: 0 Iteration: 11  train.loss : 6.84574  train.total_ips : 1451.11 img/s
DLL 2020-09-22 14:44:49.442574 - Epoch: 0 Iteration: 12  train.loss : 6.74399  train.total_ips : 1449.61 img/s
DLL 2020-09-22 14:44:49.796098 - Epoch: 0 Iteration: 13  train.loss : 6.77087  train.total_ips : 1448.65 img/s
DLL 2020-09-22 14:44:50.150127 - Epoch: 0 Iteration: 14  train.loss : 6.79359  train.total_ips : 1446.61 img/s
DLL 2020-09-22 14:44:50.503730 - Epoch: 0 Iteration: 15  train.loss : 6.79872  train.total_ips : 1448.34 img/s
DLL 2020-09-22 14:44:50.858061 - Epoch: 0 Iteration: 16  train.loss : 6.76264  train.total_ips : 1445.41 img/s
DLL 2020-09-22 14:44:51.210780 - Epoch: 0 Iteration: 17  train.loss : 6.80332  train.total_ips : 1451.95 img/s
DLL 2020-09-22 14:44:51.564385 - Epoch: 0 Iteration: 18  train.loss : 6.77734  train.total_ips : 1448.33 img/s
DLL 2020-09-22 14:44:51.917457 - Epoch: 0 Iteration: 19  train.loss : 6.76145  train.total_ips : 1450.53 img/s
DLL 2020-09-22 14:44:52.270206 - Epoch: 0 Iteration: 20  train.loss : 6.71791  train.total_ips : 1451.84 img/s
DLL 2020-09-22 14:44:52.624539 - Epoch: 0 Iteration: 21  train.loss : 6.76365  train.total_ips : 1445.91 img/s
DLL 2020-09-22 14:44:52.978493 - Epoch: 0 Iteration: 22  train.loss : 6.74657  train.total_ips : 1446.97 img/s
DLL 2020-09-22 14:44:53.331250 - Epoch: 0 Iteration: 23  train.loss : 6.73902  train.total_ips : 1451.88 img/s
DLL 2020-09-22 14:44:53.684881 - Epoch: 0 Iteration: 24  train.loss : 6.71573  train.total_ips : 1449.30 img/s
DLL 2020-09-22 14:44:54.038427 - Epoch: 0 Iteration: 25  train.loss : 6.67958  train.total_ips : 1448.32 img/s
DLL 2020-09-22 14:44:54.392161 - Epoch: 0 Iteration: 26  train.loss : 6.73438  train.total_ips : 1447.78 img/s
DLL 2020-09-22 14:44:54.745244 - Epoch: 0 Iteration: 27  train.loss : 6.73211  train.total_ips : 1450.66 img/s
DLL 2020-09-22 14:44:55.100582 - Epoch: 0 Iteration: 28  train.loss : 6.69373  train.total_ips : 1441.90 img/s
DLL 2020-09-22 14:44:55.454466 - Epoch: 0 Iteration: 29  train.loss : 6.70342  train.total_ips : 1447.22 img/s
DLL 2020-09-22 14:44:55.807807 - Epoch: 0 Iteration: 30  train.loss : 6.73564  train.total_ips : 1449.40 img/s
DLL 2020-09-22 14:44:56.163010 - Epoch: 0 Iteration: 31  train.loss : 6.74621  train.total_ips : 1441.76 img/s
DLL 2020-09-22 14:44:56.517888 - Epoch: 0 Iteration: 32  train.loss : 6.74155  train.total_ips : 1443.11 img/s
DLL 2020-09-22 14:44:56.873896 - Epoch: 0 Iteration: 33  train.loss : 6.71138  train.total_ips : 1438.52 img/s
DLL 2020-09-22 14:44:57.227442 - Epoch: 0 Iteration: 34  train.loss : 6.70153  train.total_ips : 1448.59 img/s
DLL 2020-09-22 14:44:57.581544 - Epoch: 0 Iteration: 35  train.loss : 6.71594  train.total_ips : 1446.31 img/s
DLL 2020-09-22 14:44:57.934797 - Epoch: 0 Iteration: 36  train.loss : 6.70559  train.total_ips : 1449.91 img/s
DLL 2020-09-22 14:44:58.287723 - Epoch: 0 Iteration: 37  train.loss : 6.71697  train.total_ips : 1451.12 img/s
DLL 2020-09-22 14:44:58.642745 - Epoch: 0 Iteration: 38  train.loss : 6.72220  train.total_ips : 1442.58 img/s
DLL 2020-09-22 14:44:58.996027 - Epoch: 0 Iteration: 39  train.loss : 6.69823  train.total_ips : 1449.84 img/s
DLL 2020-09-22 14:44:59.350338 - Epoch: 0 Iteration: 40  train.loss : 6.72542  train.total_ips : 1445.40 img/s
DLL 2020-09-22 14:44:59.704423 - Epoch: 0 Iteration: 41  train.loss : 6.70756  train.total_ips : 1446.36 img/s
DLL 2020-09-22 14:45:00.056965 - Epoch: 0 Iteration: 42  train.loss : 6.68369  train.total_ips : 1452.70 img/s
DLL 2020-09-22 14:45:00.411122 - Epoch: 0 Iteration: 43  train.loss : 6.76843  train.total_ips : 1446.11 img/s
DLL 2020-09-22 14:45:00.764297 - Epoch: 0 Iteration: 44  train.loss : 6.71843  train.total_ips : 1450.31 img/s
DLL 2020-09-22 14:45:01.116921 - Epoch: 0 Iteration: 45  train.loss : 6.71893  train.total_ips : 1452.27 img/s
DLL 2020-09-22 14:45:01.470833 - Epoch: 0 Iteration: 46  train.loss : 6.71076  train.total_ips : 1447.11 img/s
DLL 2020-09-22 14:45:01.826059 - Epoch: 0 Iteration: 47  train.loss : 6.66347  train.total_ips : 1441.76 img/s
DLL 2020-09-22 14:45:02.180264 - Epoch: 0 Iteration: 48  train.loss : 6.75973  train.total_ips : 1446.21 img/s
DLL 2020-09-22 14:45:02.533658 - Epoch: 0 Iteration: 49  train.loss : 6.70714  train.total_ips : 1449.22 img/s
DLL 2020-09-22 14:45:02.889536 - Epoch: 0 Iteration: 50  train.loss : 6.68245  train.total_ips : 1443.30 img/s
DLL 2020-09-22 14:45:03.246301 - Epoch: 0 Iteration: 51  train.loss : 6.70228  train.total_ips : 1435.89 img/s
DLL 2020-09-22 14:45:03.599781 - Epoch: 0 Iteration: 52  train.loss : 6.74055  train.total_ips : 1448.93 img/s
DLL 2020-09-22 14:45:03.954404 - Epoch: 0 Iteration: 53  train.loss : 6.71008  train.total_ips : 1444.07 img/s
DLL 2020-09-22 14:45:04.307310 - Epoch: 0 Iteration: 54  train.loss : 6.67438  train.total_ips : 1452.03 img/s
DLL 2020-09-22 14:45:04.664048 - Epoch: 0 Iteration: 55  train.loss : 6.69461  train.total_ips : 1435.29 img/s
DLL 2020-09-22 14:45:05.016651 - Epoch: 0 Iteration: 56  train.loss : 6.67863  train.total_ips : 1452.47 img/s
DLL 2020-09-22 14:45:05.371031 - Epoch: 0 Iteration: 57  train.loss : 6.69903  train.total_ips : 1445.13 img/s
DLL 2020-09-22 14:45:05.724829 - Epoch: 0 Iteration: 58  train.loss : 6.70410  train.total_ips : 1447.78 img/s
DLL 2020-09-22 14:45:06.080102 - Epoch: 0 Iteration: 59  train.loss : 6.66283  train.total_ips : 1444.11 img/s
DLL 2020-09-22 14:45:06.433730 - Epoch: 0 Iteration: 60  train.loss : 6.68551  train.total_ips : 1448.16 img/s
DLL 2020-09-22 14:45:06.788701 - Epoch: 0 Iteration: 61  train.loss : 6.70740  train.total_ips : 1442.94 img/s
DLL 2020-09-22 14:45:07.143912 - Epoch: 0 Iteration: 62  train.loss : 6.68113  train.total_ips : 1442.32 img/s
DLL 2020-09-22 14:45:07.497209 - Epoch: 0 Iteration: 63  train.loss : 6.71834  train.total_ips : 1449.49 img/s
DLL 2020-09-22 14:45:07.851365 - Epoch: 0 Iteration: 64  train.loss : 6.70988  train.total_ips : 1446.32 img/s
DLL 2020-09-22 14:45:08.205630 - Epoch: 0 Iteration: 65  train.loss : 6.68470  train.total_ips : 1446.57 img/s
DLL 2020-09-22 14:45:08.561156 - Epoch: 0 Iteration: 66  train.loss : 6.67252  train.total_ips : 1440.45 img/s
DLL 2020-09-22 14:45:08.915858 - Epoch: 0 Iteration: 67  train.loss : 6.65681  train.total_ips : 1444.01 img/s
DLL 2020-09-22 14:45:09.270156 - Epoch: 0 Iteration: 68  train.loss : 6.68050  train.total_ips : 1446.56 img/s
DLL 2020-09-22 14:45:09.626366 - Epoch: 0 Iteration: 69  train.loss : 6.67417  train.total_ips : 1437.34 img/s
DLL 2020-09-22 14:45:09.980055 - Epoch: 0 Iteration: 70  train.loss : 6.68415  train.total_ips : 1447.97 img/s
DLL 2020-09-22 14:45:10.335072 - Epoch: 0 Iteration: 71  train.loss : 6.68099  train.total_ips : 1442.57 img/s
DLL 2020-09-22 14:45:10.690528 - Epoch: 0 Iteration: 72  train.loss : 6.65651  train.total_ips : 1441.82 img/s
DLL 2020-09-22 14:45:11.052229 - Epoch: 0 Iteration: 73  train.loss : 6.67937  train.total_ips : 1415.77 img/s
DLL 2020-09-22 14:45:11.404944 - Epoch: 0 Iteration: 74  train.loss : 6.64643  train.total_ips : 1451.95 img/s
DLL 2020-09-22 14:45:11.759249 - Epoch: 0 Iteration: 75  train.loss : 6.69640  train.total_ips : 1445.41 img/s
DLL 2020-09-22 14:45:12.112125 - Epoch: 0 Iteration: 76  train.loss : 6.70494  train.total_ips : 1451.40 img/s
DLL 2020-09-22 14:45:12.465756 - Epoch: 0 Iteration: 77  train.loss : 6.68495  train.total_ips : 1448.10 img/s
DLL 2020-09-22 14:45:12.821107 - Epoch: 0 Iteration: 78  train.loss : 6.70740  train.total_ips : 1441.55 img/s
DLL 2020-09-22 14:45:13.173286 - Epoch: 0 Iteration: 79  train.loss : 6.70381  train.total_ips : 1454.30 img/s
DLL 2020-09-22 14:45:13.527591 - Epoch: 0 Iteration: 80  train.loss : 6.67405  train.total_ips : 1445.32 img/s
DLL 2020-09-22 14:45:13.880992 - Epoch: 0 Iteration: 81  train.loss : 6.64723  train.total_ips : 1449.11 img/s
DLL 2020-09-22 14:45:14.233619 - Epoch: 0 Iteration: 82  train.loss : 6.67245  train.total_ips : 1452.43 img/s
DLL 2020-09-22 14:45:14.587965 - Epoch: 0 Iteration: 83  train.loss : 6.67925  train.total_ips : 1445.34 img/s
DLL 2020-09-22 14:45:14.941137 - Epoch: 0 Iteration: 84  train.loss : 6.65507  train.total_ips : 1450.01 img/s
DLL 2020-09-22 14:45:15.294701 - Epoch: 0 Iteration: 85  train.loss : 6.69554  train.total_ips : 1448.48 img/s
DLL 2020-09-22 14:45:15.649318 - Epoch: 0 Iteration: 86  train.loss : 6.66727  train.total_ips : 1444.10 img/s
DLL 2020-09-22 14:45:16.004576 - Epoch: 0 Iteration: 87  train.loss : 6.70739  train.total_ips : 1441.51 img/s
DLL 2020-09-22 14:45:16.359348 - Epoch: 0 Iteration: 88  train.loss : 6.68263  train.total_ips : 1443.54 img/s
DLL 2020-09-22 14:45:16.714635 - Epoch: 0 Iteration: 89  train.loss : 6.65675  train.total_ips : 1441.40 img/s
DLL 2020-09-22 14:45:17.070062 - Epoch: 0 Iteration: 90  train.loss : 6.70150  train.total_ips : 1440.86 img/s
DLL 2020-09-22 14:45:17.424161 - Epoch: 0 Iteration: 91  train.loss : 6.66182  train.total_ips : 1446.25 img/s
DLL 2020-09-22 14:45:17.777562 - Epoch: 0 Iteration: 92  train.loss : 6.65691  train.total_ips : 1449.33 img/s
DLL 2020-09-22 14:45:18.131833 - Epoch: 0 Iteration: 93  train.loss : 6.64132  train.total_ips : 1445.60 img/s
DLL 2020-09-22 14:45:18.486644 - Epoch: 0 Iteration: 94  train.loss : 6.68784  train.total_ips : 1443.48 img/s
DLL 2020-09-22 14:45:18.841218 - Epoch: 0 Iteration: 95  train.loss : 6.69760  train.total_ips : 1444.84 img/s
DLL 2020-09-22 14:45:19.196465 - Epoch: 0 Iteration: 96  train.loss : 6.64475  train.total_ips : 1441.48 img/s
DLL 2020-09-22 14:45:19.551247 - Epoch: 0 Iteration: 97  train.loss : 6.65932  train.total_ips : 1443.48 img/s
DLL 2020-09-22 14:45:19.904253 - Epoch: 0 Iteration: 98  train.loss : 6.66235  train.total_ips : 1450.75 img/s
DLL 2020-09-22 14:45:20.258343 - Epoch: 0 Iteration: 99  train.loss : 6.64431  train.total_ips : 1446.26 img/s
DLL 2020-09-22 14:45:20.612885 - Epoch: 0 Iteration: 100  train.loss : 6.66815  train.total_ips : 1444.47 img/s
DLL 2020-09-22 14:45:20.967788 - Epoch: 0 Iteration: 101  train.loss : 6.64030  train.total_ips : 1442.99 img/s
DLL 2020-09-22 14:45:21.321764 - Epoch: 0 Iteration: 102  train.loss : 6.66785  train.total_ips : 1446.74 img/s
DLL 2020-09-22 14:45:21.677156 - Epoch: 0 Iteration: 103  train.loss : 6.65046  train.total_ips : 1440.99 img/s
DLL 2020-09-22 14:45:22.031791 - Epoch: 0 Iteration: 104  train.loss : 6.67945  train.total_ips : 1444.08 img/s
DLL 2020-09-22 14:45:22.387200 - Epoch: 0 Iteration: 105  train.loss : 6.64281  train.total_ips : 1440.90 img/s
DLL 2020-09-22 14:45:22.744043 - Epoch: 0 Iteration: 106  train.loss : 6.66324  train.total_ips : 1435.14 img/s
DLL 2020-09-22 14:45:23.098084 - Epoch: 0 Iteration: 107  train.loss : 6.67349  train.total_ips : 1446.52 img/s
DLL 2020-09-22 14:45:23.453063 - Epoch: 0 Iteration: 108  train.loss : 6.67618  train.total_ips : 1442.86 img/s
DLL 2020-09-22 14:45:23.807476 - Epoch: 0 Iteration: 109  train.loss : 6.64945  train.total_ips : 1444.93 img/s
DLL 2020-09-22 14:45:24.162042 - Epoch: 0 Iteration: 110  train.loss : 6.69445  train.total_ips : 1444.38 img/s
DLL 2020-09-22 14:45:24.516093 - Epoch: 0 Iteration: 111  train.loss : 6.65357  train.total_ips : 1446.44 img/s
DLL 2020-09-22 14:45:24.871593 - Epoch: 0 Iteration: 112  train.loss : 6.67592  train.total_ips : 1440.68 img/s
DLL 2020-09-22 14:45:25.226204 - Epoch: 0 Iteration: 113  train.loss : 6.62251  train.total_ips : 1444.16 img/s
DLL 2020-09-22 14:45:25.579194 - Epoch: 0 Iteration: 114  train.loss : 6.67698  train.total_ips : 1450.76 img/s
DLL 2020-09-22 14:45:25.933627 - Epoch: 0 Iteration: 115  train.loss : 6.67913  train.total_ips : 1444.91 img/s
DLL 2020-09-22 14:45:26.288960 - Epoch: 0 Iteration: 116  train.loss : 6.64371  train.total_ips : 1441.22 img/s
DLL 2020-09-22 14:45:26.642824 - Epoch: 0 Iteration: 117  train.loss : 6.67553  train.total_ips : 1447.19 img/s
DLL 2020-09-22 14:45:26.996809 - Epoch: 0 Iteration: 118  train.loss : 6.60900  train.total_ips : 1446.72 img/s
DLL 2020-09-22 14:45:27.350404 - Epoch: 0 Iteration: 119  train.loss : 6.66160  train.total_ips : 1448.30 img/s
DLL 2020-09-22 14:45:27.708050 - Epoch: 0 Iteration: 120  train.loss : 6.64912  train.total_ips : 1432.00 img/s
DLL 2020-09-22 14:45:28.062877 - Epoch: 0 Iteration: 121  train.loss : 6.65784  train.total_ips : 1443.42 img/s
DLL 2020-09-22 14:45:28.416466 - Epoch: 0 Iteration: 122  train.loss : 6.64595  train.total_ips : 1448.51 img/s
DLL 2020-09-22 14:45:28.771101 - Epoch: 0 Iteration: 123  train.loss : 6.61756  train.total_ips : 1444.41 img/s
DLL 2020-09-22 14:45:29.125216 - Epoch: 0 Iteration: 124  train.loss : 6.62728  train.total_ips : 1446.12 img/s
DLL 2020-09-22 14:45:29.480685 - Epoch: 0 Iteration: 125  train.loss : 6.65413  train.total_ips : 1440.73 img/s
DLL 2020-09-22 14:45:29.834649 - Epoch: 0 Iteration: 126  train.loss : 6.67431  train.total_ips : 1446.82 img/s
DLL 2020-09-22 14:45:30.187864 - Epoch: 0 Iteration: 127  train.loss : 6.63807  train.total_ips : 1449.87 img/s
DLL 2020-09-22 14:45:30.542338 - Epoch: 0 Iteration: 128  train.loss : 6.62697  train.total_ips : 1444.70 img/s
DLL 2020-09-22 14:45:30.896466 - Epoch: 0 Iteration: 129  train.loss : 6.68500  train.total_ips : 1446.14 img/s
DLL 2020-09-22 14:45:31.251301 - Epoch: 0 Iteration: 130  train.loss : 6.66859  train.total_ips : 1443.26 img/s
DLL 2020-09-22 14:45:31.606284 - Epoch: 0 Iteration: 131  train.loss : 6.65892  train.total_ips : 1442.64 img/s
DLL 2020-09-22 14:45:31.961423 - Epoch: 0 Iteration: 132  train.loss : 6.63634  train.total_ips : 1442.00 img/s
DLL 2020-09-22 14:45:32.316122 - Epoch: 0 Iteration: 133  train.loss : 6.67007  train.total_ips : 1443.80 img/s
DLL 2020-09-22 14:45:32.670458 - Epoch: 0 Iteration: 134  train.loss : 6.65028  train.total_ips : 1445.28 img/s
DLL 2020-09-22 14:45:33.025645 - Epoch: 0 Iteration: 135  train.loss : 6.63491  train.total_ips : 1441.80 img/s
DLL 2020-09-22 14:45:33.379947 - Epoch: 0 Iteration: 136  train.loss : 6.59522  train.total_ips : 1445.61 img/s
DLL 2020-09-22 14:45:33.734452 - Epoch: 0 Iteration: 137  train.loss : 6.67423  train.total_ips : 1444.58 img/s
DLL 2020-09-22 14:45:34.089132 - Epoch: 0 Iteration: 138  train.loss : 6.65682  train.total_ips : 1443.89 img/s
DLL 2020-09-22 14:45:34.447924 - Epoch: 0 Iteration: 139  train.loss : 6.62596  train.total_ips : 1427.47 img/s
DLL 2020-09-22 14:45:34.808815 - Epoch: 0 Iteration: 140  train.loss : 6.61371  train.total_ips : 1419.68 img/s
DLL 2020-09-22 14:45:35.167349 - Epoch: 0 Iteration: 141  train.loss : 6.65534  train.total_ips : 1428.04 img/s
DLL 2020-09-22 14:45:35.527135 - Epoch: 0 Iteration: 142  train.loss : 6.65617  train.total_ips : 1423.40 img/s
DLL 2020-09-22 14:45:35.880786 - Epoch: 0 Iteration: 143  train.loss : 6.61607  train.total_ips : 1448.08 img/s
DLL 2020-09-22 14:45:36.234952 - Epoch: 0 Iteration: 144  train.loss : 6.60623  train.total_ips : 1445.95 img/s
DLL 2020-09-22 14:45:36.589245 - Epoch: 0 Iteration: 145  train.loss : 6.62922  train.total_ips : 1445.45 img/s
DLL 2020-09-22 14:45:36.944253 - Epoch: 0 Iteration: 146  train.loss : 6.60554  train.total_ips : 1442.56 img/s
DLL 2020-09-22 14:45:37.298930 - Epoch: 0 Iteration: 147  train.loss : 6.63186  train.total_ips : 1443.88 img/s
DLL 2020-09-22 14:45:37.653788 - Epoch: 0 Iteration: 148  train.loss : 6.66959  train.total_ips : 1443.16 img/s
DLL 2020-09-22 14:45:38.007309 - Epoch: 0 Iteration: 149  train.loss : 6.62429  train.total_ips : 1448.62 img/s
DLL 2020-09-22 14:45:38.361747 - Epoch: 0  train.loss : 6.69865  train.total_ips : 1432.08 img/s
DLL 2020-09-22 14:45:38.361910 - Epoch: 0  lr : 0.064  train.compute_ips : 1436.54 img/s train.data_time : 0.00115 s train.compute_time : 0.42051 s
DLL 2020-09-22 14:45:38.362068 - Summary: train.loss : 6.69865  train.total_ips : 1432.08 img/s
DLL 2020-09-22 14:45:38.362126 - Summary: lr : 0.064  train.compute_ips : 1436.54 img/s train.data_time : 0.00115 s train.compute_time : 0.42051 s
Experiment ended
['/opt/conda/bin/python', '-u', '/workspace/rn50/main.py', '--data-backend', 'dali-cpu', '--raport-file', '/workspace/rn50/raport.json', '-j8', '-p', '1', '--lr', '0.512', '--optimizer-batch-size', '-1', '--warmup', '8', '--arch', 'resnet50', '-c', 'fanin', '--label-smoothing', '0.1', '--lr-schedule', 'cosine', '--mom', '0.125', '--wd', '3.0517578125e-05', '--workspace', '/workspace/rn50', '-b', '128', '--epochs', '1', '--prof', '150', '--training-only', '--no-checkpoints', '/data/image']
['/opt/conda/bin/python', '-u', '/workspace/rn50/main.py', '--data-backend', 'dali-cpu', '--raport-file', '/workspace/rn50/raport.json', '-j8', '-p', '1', '--lr', '0.512', '--optimizer-batch-size', '-1', '--warmup', '8', '--arch', 'resnet50', '-c', 'fanin', '--label-smoothing', '0.1', '--lr-schedule', 'cosine', '--mom', '0.125', '--wd', '3.0517578125e-05', '--workspace', '/workspace/rn50', '-b', '128', '--epochs', '1', '--prof', '150', '--training-only', '--no-checkpoints', '/data/image']
['/opt/conda/bin/python', '-u', '/workspace/rn50/main.py', '--data-backend', 'dali-cpu', '--raport-file', '/workspace/rn50/raport.json', '-j8', '-p', '1', '--lr', '0.512', '--optimizer-batch-size', '-1', '--warmup', '8', '--arch', 'resnet50', '-c', 'fanin', '--label-smoothing', '0.1', '--lr-schedule', 'cosine', '--mom', '0.125', '--wd', '3.0517578125e-05', '--workspace', '/workspace/rn50', '-b', '128', '--epochs', '1', '--prof', '150', '--training-only', '--no-checkpoints', '/data/image']
['/opt/conda/bin/python', '-u', '/workspace/rn50/main.py', '--data-backend', 'dali-cpu', '--raport-file', '/workspace/rn50/raport.json', '-j8', '-p', '1', '--lr', '0.512', '--optimizer-batch-size', '-1', '--warmup', '8', '--arch', 'resnet50', '-c', 'fanin', '--label-smoothing', '0.1', '--lr-schedule', 'cosine', '--mom', '0.125', '--wd', '3.0517578125e-05', '--workspace', '/workspace/rn50', '-b', '128', '--epochs', '1', '--prof', '150', '--training-only', '--no-checkpoints', '/data/image']
