+ python /workspace/rn50/multiproc.py --nnodes 4 --node_rank 0 --nproc_per_node 8 --master_addr 10.11.0.2 --master_port=22333 /workspace/rn50/main.py --data-backend dali-cpu --raport-file /workspace/rn50/raport.json -j5 -p 1 --lr 2.048 --optimizer-batch-size -1 --warmup 8 --arch resnet50 -c fanin --label-smoothing 0.1 --lr-schedule cosine --mom 0.125 --wd 3.0517578125e-05 --workspace /workspace/rn50 -b 256 --epochs 1 --prof 150 --training-only --no-checkpoints --amp --dynamic-loss-scale /data/image
=> creating model '('resnet50', 'fanin', 1000)'
Version: {'net': <class 'image_classification.resnet.ResNet'>, 'block': <class 'image_classification.resnet.Bottleneck'>, 'layers': [3, 4, 6, 3], 'widths': [64, 128, 256, 512], 'expansion': 4}
Config: {'conv': <class 'torch.nn.modules.conv.Conv2d'>, 'conv_init': 'fan_in', 'nonlinearity': 'relu', 'last_bn_0_init': False, 'activation': <function <lambda> at 0x7f494c8399d8>}
Num classes: 1000
i'm distributed in dali~~~~~~~~~~~~~~~~~
rank in dali:  0
world_size in dali:  32
read 3545488 files from 2792 directories
read 50000 files from 1000 directories
DLL 2020-09-29 14:03:37.290424 - PARAMETER data : /data/image  data_backend : dali-cpu  arch : resnet50  model_config : fanin  num_classes : 1000  workers : 5  epochs : 1  run_epochs : -1  batch_size : 256  optimizer_batch_size : -1  lr : 2.048  lr_schedule : cosine  warmup : 8  label_smoothing : 0.1  mixup : 0.0  momentum : 0.125  weight_decay : 3.0517578125e-05  bn_weight_decay : False  nesterov : False  print_freq : 1  resume : None  pretrained_weights :   fp16 : False  static_loss_scale : 1  dynamic_loss_scale : True  prof : 150  amp : True  seed : None  gather_checkpoints : False  raport_file : /workspace/rn50/raport.json  evaluate : False  training_only : True  save_checkpoints : False  checkpoint_filename : checkpoint.pth.tar  workspace : /workspace/rn50  memory_format : nchw  distributed : True  local_rank : 0  gpu : 8  world_size : 32 
 ! Weight decay NOT applied to BN parameters 
98
63
Selected optimization level O1:  Insert automatic casts around Pytorch functions and Tensor methods.

Defaults for this optimization level are:
enabled                : True
opt_level              : O1
cast_model_type        : None
patch_torch_functions  : True
keep_batchnorm_fp32    : None
master_weights         : None
loss_scale             : dynamic
Processing user overrides (additional kwargs that are not None)...
After processing overrides, optimization options are:
enabled                : True
opt_level              : O1
cast_model_type        : None
patch_torch_functions  : True
keep_batchnorm_fp32    : None
master_weights         : None
loss_scale             : dynamic
RUNNING EPOCHS FROM 0 TO 1
DLL 2020-09-29 14:03:58.375687 - Epoch: 0 Iteration: 1  train.loss : 7.04767  train.total_ips : 463.19 img/s
DLL 2020-09-29 14:03:59.192706 - Epoch: 0 Iteration: 2  train.loss : 6.95989  train.total_ips : 10026.71 img/s
DLL 2020-09-29 14:03:59.545635 - Epoch: 0 Iteration: 3  train.loss : 6.92223  train.total_ips : 23221.75 img/s
DLL 2020-09-29 14:03:59.897604 - Epoch: 0 Iteration: 4  train.loss : 6.91218  train.total_ips : 23291.20 img/s
DLL 2020-09-29 14:04:00.236837 - Epoch: 0 Iteration: 5  train.loss : 6.90773  train.total_ips : 24155.65 img/s
DLL 2020-09-29 14:04:00.583194 - Epoch: 0 Iteration: 6  train.loss : 6.91136  train.total_ips : 23658.21 img/s
DLL 2020-09-29 14:04:00.935598 - Epoch: 0 Iteration: 7  train.loss : 6.89548  train.total_ips : 23258.53 img/s
DLL 2020-09-29 14:04:01.279302 - Epoch: 0 Iteration: 8  train.loss : 6.91137  train.total_ips : 23843.58 img/s
DLL 2020-09-29 14:04:01.627576 - Epoch: 0 Iteration: 9  train.loss : 6.90281  train.total_ips : 23540.24 img/s
DLL 2020-09-29 14:04:01.990422 - Epoch: 0 Iteration: 10  train.loss : 6.89478  train.total_ips : 22597.20 img/s
DLL 2020-09-29 14:04:02.341683 - Epoch: 0 Iteration: 11  train.loss : 6.90020  train.total_ips : 23325.81 img/s
DLL 2020-09-29 14:04:02.689010 - Epoch: 0 Iteration: 12  train.loss : 6.89985  train.total_ips : 23593.47 img/s
DLL 2020-09-29 14:04:03.048866 - Epoch: 0 Iteration: 13  train.loss : 6.89959  train.total_ips : 22770.43 img/s
DLL 2020-09-29 14:04:03.419450 - Epoch: 0 Iteration: 14  train.loss : 6.89443  train.total_ips : 22117.26 img/s
DLL 2020-09-29 14:04:03.764208 - Epoch: 0 Iteration: 15  train.loss : 6.89405  train.total_ips : 23768.38 img/s
DLL 2020-09-29 14:04:04.106669 - Epoch: 0 Iteration: 16  train.loss : 6.91002  train.total_ips : 23927.13 img/s
DLL 2020-09-29 14:04:04.452233 - Epoch: 0 Iteration: 17  train.loss : 6.90185  train.total_ips : 23724.05 img/s
DLL 2020-09-29 14:04:04.794430 - Epoch: 0 Iteration: 18  train.loss : 6.90524  train.total_ips : 23941.28 img/s
DLL 2020-09-29 14:04:05.168725 - Epoch: 0 Iteration: 19  train.loss : 6.89349  train.total_ips : 21892.71 img/s
DLL 2020-09-29 14:04:05.515556 - Epoch: 0 Iteration: 20  train.loss : 6.90340  train.total_ips : 23632.87 img/s
DLL 2020-09-29 14:04:05.878888 - Epoch: 0 Iteration: 21  train.loss : 6.90482  train.total_ips : 22551.32 img/s
DLL 2020-09-29 14:04:06.218557 - Epoch: 0 Iteration: 22  train.loss : 6.91071  train.total_ips : 24125.45 img/s
DLL 2020-09-29 14:04:06.566518 - Epoch: 0 Iteration: 23  train.loss : 6.91594  train.total_ips : 23553.07 img/s
DLL 2020-09-29 14:04:06.940295 - Epoch: 0 Iteration: 24  train.loss : 6.91480  train.total_ips : 21920.54 img/s
DLL 2020-09-29 14:04:07.284171 - Epoch: 0 Iteration: 25  train.loss : 6.91641  train.total_ips : 23829.36 img/s
DLL 2020-09-29 14:04:07.672398 - Epoch: 0 Iteration: 26  train.loss : 6.91244  train.total_ips : 21108.04 img/s
DLL 2020-09-29 14:04:08.009796 - Epoch: 0 Iteration: 27  train.loss : 6.91478  train.total_ips : 24285.92 img/s
DLL 2020-09-29 14:04:08.355675 - Epoch: 0 Iteration: 28  train.loss : 6.91141  train.total_ips : 23692.34 img/s
DLL 2020-09-29 14:04:08.698826 - Epoch: 0 Iteration: 29  train.loss : 6.91456  train.total_ips : 23883.20 img/s
DLL 2020-09-29 14:04:09.042342 - Epoch: 0 Iteration: 30  train.loss : 6.91434  train.total_ips : 23854.24 img/s
DLL 2020-09-29 14:04:09.400951 - Epoch: 0 Iteration: 31  train.loss : 6.90312  train.total_ips : 22858.22 img/s
DLL 2020-09-29 14:04:09.816654 - Epoch: 0 Iteration: 32  train.loss : 6.90899  train.total_ips : 19708.54 img/s
DLL 2020-09-29 14:04:10.189792 - Epoch: 0 Iteration: 33  train.loss : 6.91857  train.total_ips : 21959.71 img/s
DLL 2020-09-29 14:04:10.545476 - Epoch: 0 Iteration: 34  train.loss : 6.90561  train.total_ips : 23038.15 img/s
DLL 2020-09-29 14:04:10.893381 - Epoch: 0 Iteration: 35  train.loss : 6.90362  train.total_ips : 23552.13 img/s
DLL 2020-09-29 14:04:11.250272 - Epoch: 0 Iteration: 36  train.loss : 6.90819  train.total_ips : 22969.23 img/s
DLL 2020-09-29 14:04:11.595542 - Epoch: 0 Iteration: 37  train.loss : 6.90073  train.total_ips : 23734.33 img/s
DLL 2020-09-29 14:04:11.935952 - Epoch: 0 Iteration: 38  train.loss : 6.90452  train.total_ips : 24074.10 img/s
DLL 2020-09-29 14:04:12.284904 - Epoch: 0 Iteration: 39  train.loss : 6.90419  train.total_ips : 23482.63 img/s
DLL 2020-09-29 14:04:12.622849 - Epoch: 0 Iteration: 40  train.loss : 6.89895  train.total_ips : 24246.38 img/s
DLL 2020-09-29 14:04:12.965872 - Epoch: 0 Iteration: 41  train.loss : 6.90101  train.total_ips : 23888.19 img/s
DLL 2020-09-29 14:04:13.347430 - Epoch: 0 Iteration: 42  train.loss : 6.90237  train.total_ips : 21476.46 img/s
DLL 2020-09-29 14:04:13.684939 - Epoch: 0 Iteration: 43  train.loss : 6.94728  train.total_ips : 24281.87 img/s
DLL 2020-09-29 14:04:14.034062 - Epoch: 0 Iteration: 44  train.loss : 6.97126  train.total_ips : 23473.61 img/s
DLL 2020-09-29 14:04:14.389243 - Epoch: 0 Iteration: 45  train.loss : 6.95929  train.total_ips : 23073.48 img/s
DLL 2020-09-29 14:04:14.740069 - Epoch: 0 Iteration: 46  train.loss : 6.95833  train.total_ips : 23359.94 img/s
DLL 2020-09-29 14:04:15.078494 - Epoch: 0 Iteration: 47  train.loss : 6.94021  train.total_ips : 24211.34 img/s
DLL 2020-09-29 14:04:15.424686 - Epoch: 0 Iteration: 48  train.loss : 6.95310  train.total_ips : 23676.19 img/s
DLL 2020-09-29 14:04:15.766903 - Epoch: 0 Iteration: 49  train.loss : 6.94980  train.total_ips : 23946.15 img/s
DLL 2020-09-29 14:04:16.114314 - Epoch: 0 Iteration: 50  train.loss : 6.94489  train.total_ips : 23589.03 img/s
DLL 2020-09-29 14:04:16.461408 - Epoch: 0 Iteration: 51  train.loss : 6.93825  train.total_ips : 23618.17 img/s
DLL 2020-09-29 14:04:16.850853 - Epoch: 0 Iteration: 52  train.loss : 6.93711  train.total_ips : 21046.69 img/s
DLL 2020-09-29 14:04:17.206784 - Epoch: 0 Iteration: 53  train.loss : 6.93469  train.total_ips : 23019.43 img/s
DLL 2020-09-29 14:04:17.567564 - Epoch: 0 Iteration: 54  train.loss : 6.92803  train.total_ips : 22713.82 img/s
DLL 2020-09-29 14:04:17.917431 - Epoch: 0 Iteration: 55  train.loss : -84029898752.00000  train.total_ips : 23428.35 img/s
DLL 2020-09-29 14:04:18.323668 - Epoch: 0 Iteration: 56  train.loss : 6.93110  train.total_ips : 20168.62 img/s
DLL 2020-09-29 14:04:18.670408 - Epoch: 0 Iteration: 57  train.loss : 6.92361  train.total_ips : 23631.96 img/s
DLL 2020-09-29 14:04:19.025823 - Epoch: 0 Iteration: 58  train.loss : 6.92881  train.total_ips : 23056.19 img/s
DLL 2020-09-29 14:04:19.369922 - Epoch: 0 Iteration: 59  train.loss : 6.92550  train.total_ips : 23813.55 img/s
DLL 2020-09-29 14:04:19.731098 - Epoch: 0 Iteration: 60  train.loss : 6.92366  train.total_ips : 22688.17 img/s
DLL 2020-09-29 14:04:20.121650 - Epoch: 0 Iteration: 61  train.loss : 6.91830  train.total_ips : 20983.00 img/s
DLL 2020-09-29 14:04:20.474145 - Epoch: 0 Iteration: 62  train.loss : 6.91545  train.total_ips : 23252.77 img/s
DLL 2020-09-29 14:04:20.821682 - Epoch: 0 Iteration: 63  train.loss : 6.91676  train.total_ips : 23579.37 img/s
DLL 2020-09-29 14:04:21.167597 - Epoch: 0 Iteration: 64  train.loss : 6.91085  train.total_ips : 23690.57 img/s
DLL 2020-09-29 14:04:21.521927 - Epoch: 0 Iteration: 65  train.loss : 6.92288  train.total_ips : 23128.18 img/s
DLL 2020-09-29 14:04:21.881715 - Epoch: 0 Iteration: 66  train.loss : 6.92516  train.total_ips : 22777.28 img/s
DLL 2020-09-29 14:04:22.233407 - Epoch: 0 Iteration: 67  train.loss : 6.91466  train.total_ips : 23301.96 img/s
DLL 2020-09-29 14:04:22.595985 - Epoch: 0 Iteration: 68  train.loss : 6.91491  train.total_ips : 22600.14 img/s
DLL 2020-09-29 14:04:22.943906 - Epoch: 0 Iteration: 69  train.loss : 6.90739  train.total_ips : 23554.09 img/s
DLL 2020-09-29 14:04:23.289410 - Epoch: 0 Iteration: 70  train.loss : 6.90924  train.total_ips : 23720.04 img/s
DLL 2020-09-29 14:04:23.621809 - Epoch: 0 Iteration: 71  train.loss : 6.92727  train.total_ips : 24649.99 img/s
DLL 2020-09-29 14:04:23.967417 - Epoch: 0 Iteration: 72  train.loss : 6.92328  train.total_ips : 23709.60 img/s
DLL 2020-09-29 14:04:24.313072 - Epoch: 0 Iteration: 73  train.loss : 6.91189  train.total_ips : 23705.80 img/s
DLL 2020-09-29 14:04:24.675590 - Epoch: 0 Iteration: 74  train.loss : 6.90828  train.total_ips : 22607.93 img/s
DLL 2020-09-29 14:04:25.205236 - Epoch: 0 Iteration: 75  train.loss : 6.90269  train.total_ips : 15470.15 img/s
DLL 2020-09-29 14:04:25.552526 - Epoch: 0 Iteration: 76  train.loss : 6.90962  train.total_ips : 23601.22 img/s
DLL 2020-09-29 14:04:25.918196 - Epoch: 0 Iteration: 77  train.loss : 6.91685  train.total_ips : 22410.72 img/s
DLL 2020-09-29 14:04:26.256582 - Epoch: 0 Iteration: 78  train.loss : 6.90033  train.total_ips : 24219.27 img/s
DLL 2020-09-29 14:04:26.669971 - Epoch: 0 Iteration: 79  train.loss : 6.90367  train.total_ips : 19819.24 img/s
DLL 2020-09-29 14:04:27.258112 - Epoch: 0 Iteration: 80  train.loss : 6.90199  train.total_ips : 13931.94 img/s
DLL 2020-09-29 14:04:27.608993 - Epoch: 0 Iteration: 81  train.loss : 6.90960  train.total_ips : 23353.72 img/s
DLL 2020-09-29 14:04:27.989178 - Epoch: 0 Iteration: 82  train.loss : 6.91187  train.total_ips : 21551.74 img/s
DLL 2020-09-29 14:04:28.332856 - Epoch: 0 Iteration: 83  train.loss : 6.91334  train.total_ips : 23845.73 img/s
DLL 2020-09-29 14:04:28.672619 - Epoch: 0 Iteration: 84  train.loss : 6.90303  train.total_ips : 24116.75 img/s
DLL 2020-09-29 14:04:29.057536 - Epoch: 0 Iteration: 85  train.loss : 6.90250  train.total_ips : 21286.99 img/s
DLL 2020-09-29 14:04:29.400336 - Epoch: 0 Iteration: 86  train.loss : 6.91902  train.total_ips : 23907.05 img/s
DLL 2020-09-29 14:04:29.741529 - Epoch: 0 Iteration: 87  train.loss : 6.91327  train.total_ips : 24016.96 img/s
DLL 2020-09-29 14:04:30.082228 - Epoch: 0 Iteration: 88  train.loss : 6.90868  train.total_ips : 24052.13 img/s
DLL 2020-09-29 14:04:30.434242 - Epoch: 0 Iteration: 89  train.loss : 6.91451  train.total_ips : 23278.59 img/s
DLL 2020-09-29 14:04:30.768278 - Epoch: 0 Iteration: 90  train.loss : 6.89775  train.total_ips : 24530.12 img/s
Gradient overflow.  Skipping step, loss scaler 0 reducing loss scale to 32768.0
DLL 2020-09-29 14:04:31.101769 - Epoch: 0 Iteration: 91  train.loss : 6.90254  train.total_ips : 24570.70 img/s
DLL 2020-09-29 14:04:31.455611 - Epoch: 0 Iteration: 92  train.loss : 6.90787  train.total_ips : 23159.86 img/s
DLL 2020-09-29 14:04:31.794924 - Epoch: 0 Iteration: 93  train.loss : 6.90643  train.total_ips : 24153.83 img/s
DLL 2020-09-29 14:04:32.136977 - Epoch: 0 Iteration: 94  train.loss : 6.90277  train.total_ips : 23956.04 img/s
DLL 2020-09-29 14:04:32.477921 - Epoch: 0 Iteration: 95  train.loss : 6.90311  train.total_ips : 24035.49 img/s
DLL 2020-09-29 14:04:32.817993 - Epoch: 0 Iteration: 96  train.loss : 6.90219  train.total_ips : 24094.75 img/s
DLL 2020-09-29 14:04:33.172325 - Epoch: 0 Iteration: 97  train.loss : 6.91164  train.total_ips : 23125.10 img/s
DLL 2020-09-29 14:04:33.515485 - Epoch: 0 Iteration: 98  train.loss : 6.89961  train.total_ips : 23891.17 img/s
DLL 2020-09-29 14:04:33.857010 - Epoch: 0 Iteration: 99  train.loss : 6.90573  train.total_ips : 23991.97 img/s
DLL 2020-09-29 14:04:34.206458 - Epoch: 0 Iteration: 100  train.loss : 6.90495  train.total_ips : 23450.26 img/s
DLL 2020-09-29 14:04:34.547969 - Epoch: 0 Iteration: 101  train.loss : 6.90226  train.total_ips : 23993.63 img/s
DLL 2020-09-29 14:04:34.892332 - Epoch: 0 Iteration: 102  train.loss : 6.89497  train.total_ips : 23796.89 img/s
DLL 2020-09-29 14:04:35.236575 - Epoch: 0 Iteration: 103  train.loss : 6.90042  train.total_ips : 23810.93 img/s
DLL 2020-09-29 14:04:35.580621 - Epoch: 0 Iteration: 104  train.loss : 6.90069  train.total_ips : 23816.77 img/s
DLL 2020-09-29 14:04:35.930964 - Epoch: 0 Iteration: 105  train.loss : 6.89796  train.total_ips : 23390.11 img/s
DLL 2020-09-29 14:04:36.290863 - Epoch: 0 Iteration: 106  train.loss : 6.89836  train.total_ips : 22767.47 img/s
DLL 2020-09-29 14:04:36.638439 - Epoch: 0 Iteration: 107  train.loss : 6.89736  train.total_ips : 23574.98 img/s
DLL 2020-09-29 14:04:36.979467 - Epoch: 0 Iteration: 108  train.loss : 6.90112  train.total_ips : 24029.77 img/s
DLL 2020-09-29 14:04:37.323048 - Epoch: 0 Iteration: 109  train.loss : 6.90417  train.total_ips : 23849.65 img/s
DLL 2020-09-29 14:04:37.669783 - Epoch: 0 Iteration: 110  train.loss : -43423226658816.00000  train.total_ips : 23633.49 img/s
DLL 2020-09-29 14:04:38.016394 - Epoch: 0 Iteration: 111  train.loss : 6.91163  train.total_ips : 23646.45 img/s
DLL 2020-09-29 14:04:38.361418 - Epoch: 0 Iteration: 112  train.loss : 6.89842  train.total_ips : 23756.35 img/s
DLL 2020-09-29 14:04:38.710687 - Epoch: 0 Iteration: 113  train.loss : 6.89977  train.total_ips : 23470.22 img/s
DLL 2020-09-29 14:04:39.053930 - Epoch: 0 Iteration: 114  train.loss : 6.90275  train.total_ips : 23875.98 img/s
DLL 2020-09-29 14:04:39.395324 - Epoch: 0 Iteration: 115  train.loss : 6.90809  train.total_ips : 24002.88 img/s
DLL 2020-09-29 14:04:39.742482 - Epoch: 0 Iteration: 116  train.loss : 6.90274  train.total_ips : 23602.45 img/s
DLL 2020-09-29 14:04:40.083017 - Epoch: 0 Iteration: 117  train.loss : 6.90191  train.total_ips : 24062.50 img/s
DLL 2020-09-29 14:04:40.429136 - Epoch: 0 Iteration: 118  train.loss : 6.90118  train.total_ips : 23673.81 img/s
DLL 2020-09-29 14:04:40.788653 - Epoch: 0 Iteration: 119  train.loss : 6.88967  train.total_ips : 22791.47 img/s
Gradient overflow.  Skipping step, loss scaler 0 reducing loss scale to 16384.0
DLL 2020-09-29 14:04:41.166853 - Epoch: 0 Iteration: 120  train.loss : 7.60675  train.total_ips : 21664.28 img/s
/opt/dali/dali/image/jpeg_mem.cc:338: Premature end of JPEG data. Stopped at line 272/440
Gradient overflow.  Skipping step, loss scaler 0 reducing loss scale to 8192.0
DLL 2020-09-29 14:04:41.527726 - Epoch: 0 Iteration: 121  train.loss : 7.60117  train.total_ips : 22710.71 img/s
Gradient overflow.  Skipping step, loss scaler 0 reducing loss scale to 4096.0
DLL 2020-09-29 14:04:41.857549 - Epoch: 0 Iteration: 122  train.loss : 7.61693  train.total_ips : 24841.94 img/s
Gradient overflow.  Skipping step, loss scaler 0 reducing loss scale to 2048.0
DLL 2020-09-29 14:04:42.200465 - Epoch: 0 Iteration: 123  train.loss : 7.60567  train.total_ips : 23898.95 img/s
Gradient overflow.  Skipping step, loss scaler 0 reducing loss scale to 1024.0
DLL 2020-09-29 14:04:42.764647 - Epoch: 0 Iteration: 124  train.loss : 7.60689  train.total_ips : 14521.89 img/s
DLL 2020-09-29 14:04:43.101574 - Epoch: 0 Iteration: 125  train.loss : 7.59335  train.total_ips : 24336.87 img/s
DLL 2020-09-29 14:04:43.459515 - Epoch: 0 Iteration: 126  train.loss : 7.06362  train.total_ips : 22894.30 img/s
DLL 2020-09-29 14:04:43.807749 - Epoch: 0 Iteration: 127  train.loss : 6.91643  train.total_ips : 23531.68 img/s
DLL 2020-09-29 14:04:44.139890 - Epoch: 0 Iteration: 128  train.loss : 6.92542  train.total_ips : 24669.60 img/s
DLL 2020-09-29 14:04:44.482356 - Epoch: 0 Iteration: 129  train.loss : 6.93193  train.total_ips : 23930.48 img/s
DLL 2020-09-29 14:04:44.839594 - Epoch: 0 Iteration: 130  train.loss : 6.91069  train.total_ips : 22943.60 img/s
DLL 2020-09-29 14:04:45.306201 - Epoch: 0 Iteration: 131  train.loss : 6.91373  train.total_ips : 17559.14 img/s
DLL 2020-09-29 14:04:45.646361 - Epoch: 0 Iteration: 132  train.loss : 6.92620  train.total_ips : 24089.63 img/s
DLL 2020-09-29 14:04:46.036027 - Epoch: 0 Iteration: 133  train.loss : 6.91332  train.total_ips : 21027.37 img/s
DLL 2020-09-29 14:04:46.373469 - Epoch: 0 Iteration: 134  train.loss : 6.92549  train.total_ips : 24281.99 img/s
DLL 2020-09-29 14:04:46.717347 - Epoch: 0 Iteration: 135  train.loss : 6.92137  train.total_ips : 23828.61 img/s
DLL 2020-09-29 14:04:47.053793 - Epoch: 0 Iteration: 136  train.loss : 6.91874  train.total_ips : 24355.34 img/s
DLL 2020-09-29 14:04:47.399605 - Epoch: 0 Iteration: 137  train.loss : 6.90586  train.total_ips : 23696.57 img/s
DLL 2020-09-29 14:04:47.742794 - Epoch: 0 Iteration: 138  train.loss : 6.91064  train.total_ips : 23877.05 img/s
DLL 2020-09-29 14:04:48.088625 - Epoch: 0 Iteration: 139  train.loss : 6.90440  train.total_ips : 23693.76 img/s
DLL 2020-09-29 14:04:48.434570 - Epoch: 0 Iteration: 140  train.loss : 6.90341  train.total_ips : 23691.19 img/s
DLL 2020-09-29 14:04:48.797911 - Epoch: 0 Iteration: 141  train.loss : 6.91227  train.total_ips : 22554.15 img/s
DLL 2020-09-29 14:04:49.153040 - Epoch: 0 Iteration: 142  train.loss : 6.91242  train.total_ips : 23073.42 img/s
DLL 2020-09-29 14:04:49.499341 - Epoch: 0 Iteration: 143  train.loss : 6.90669  train.total_ips : 23661.47 img/s
DLL 2020-09-29 14:04:49.850945 - Epoch: 0 Iteration: 144  train.loss : 6.90931  train.total_ips : 23319.08 img/s
DLL 2020-09-29 14:04:50.209167 - Epoch: 0 Iteration: 145  train.loss : 6.90892  train.total_ips : 22879.11 img/s
DLL 2020-09-29 14:04:50.567423 - Epoch: 0 Iteration: 146  train.loss : 6.92261  train.total_ips : 22886.12 img/s
DLL 2020-09-29 14:04:50.929273 - Epoch: 0 Iteration: 147  train.loss : 6.91284  train.total_ips : 22640.79 img/s
DLL 2020-09-29 14:04:51.277592 - Epoch: 0 Iteration: 148  train.loss : 6.89362  train.total_ips : 23524.51 img/s
DLL 2020-09-29 14:04:51.621447 - Epoch: 0 Iteration: 149  train.loss : 6.90891  train.total_ips : 23831.69 img/s
DLL 2020-09-29 14:04:51.963273 - Epoch: 0  train.loss : -290048377043.60327  train.total_ips : 22895.71 img/s
DLL 2020-09-29 14:04:51.963432 - Epoch: 0  lr : 0.256  train.compute_ips : 22986.59 img/s train.data_time : 0.00141 s train.compute_time : 0.47362 s
DLL 2020-09-29 14:04:51.963560 - Summary: train.loss : -290048377043.60327  train.total_ips : 22895.71 img/s
DLL 2020-09-29 14:04:51.963608 - Summary: lr : 0.256  train.compute_ips : 22986.59 img/s train.data_time : 0.00141 s train.compute_time : 0.47362 s
Experiment ended
['/opt/conda/bin/python', '-u', '/workspace/rn50/main.py', '--data-backend', 'dali-cpu', '--raport-file', '/workspace/rn50/raport.json', '-j5', '-p', '1', '--lr', '2.048', '--optimizer-batch-size', '-1', '--warmup', '8', '--arch', 'resnet50', '-c', 'fanin', '--label-smoothing', '0.1', '--lr-schedule', 'cosine', '--mom', '0.125', '--wd', '3.0517578125e-05', '--workspace', '/workspace/rn50', '-b', '256', '--epochs', '1', '--prof', '150', '--training-only', '--no-checkpoints', '--amp', '--dynamic-loss-scale', '/data/image']
['/opt/conda/bin/python', '-u', '/workspace/rn50/main.py', '--data-backend', 'dali-cpu', '--raport-file', '/workspace/rn50/raport.json', '-j5', '-p', '1', '--lr', '2.048', '--optimizer-batch-size', '-1', '--warmup', '8', '--arch', 'resnet50', '-c', 'fanin', '--label-smoothing', '0.1', '--lr-schedule', 'cosine', '--mom', '0.125', '--wd', '3.0517578125e-05', '--workspace', '/workspace/rn50', '-b', '256', '--epochs', '1', '--prof', '150', '--training-only', '--no-checkpoints', '--amp', '--dynamic-loss-scale', '/data/image']
['/opt/conda/bin/python', '-u', '/workspace/rn50/main.py', '--data-backend', 'dali-cpu', '--raport-file', '/workspace/rn50/raport.json', '-j5', '-p', '1', '--lr', '2.048', '--optimizer-batch-size', '-1', '--warmup', '8', '--arch', 'resnet50', '-c', 'fanin', '--label-smoothing', '0.1', '--lr-schedule', 'cosine', '--mom', '0.125', '--wd', '3.0517578125e-05', '--workspace', '/workspace/rn50', '-b', '256', '--epochs', '1', '--prof', '150', '--training-only', '--no-checkpoints', '--amp', '--dynamic-loss-scale', '/data/image']
['/opt/conda/bin/python', '-u', '/workspace/rn50/main.py', '--data-backend', 'dali-cpu', '--raport-file', '/workspace/rn50/raport.json', '-j5', '-p', '1', '--lr', '2.048', '--optimizer-batch-size', '-1', '--warmup', '8', '--arch', 'resnet50', '-c', 'fanin', '--label-smoothing', '0.1', '--lr-schedule', 'cosine', '--mom', '0.125', '--wd', '3.0517578125e-05', '--workspace', '/workspace/rn50', '-b', '256', '--epochs', '1', '--prof', '150', '--training-only', '--no-checkpoints', '--amp', '--dynamic-loss-scale', '/data/image']
['/opt/conda/bin/python', '-u', '/workspace/rn50/main.py', '--data-backend', 'dali-cpu', '--raport-file', '/workspace/rn50/raport.json', '-j5', '-p', '1', '--lr', '2.048', '--optimizer-batch-size', '-1', '--warmup', '8', '--arch', 'resnet50', '-c', 'fanin', '--label-smoothing', '0.1', '--lr-schedule', 'cosine', '--mom', '0.125', '--wd', '3.0517578125e-05', '--workspace', '/workspace/rn50', '-b', '256', '--epochs', '1', '--prof', '150', '--training-only', '--no-checkpoints', '--amp', '--dynamic-loss-scale', '/data/image']
['/opt/conda/bin/python', '-u', '/workspace/rn50/main.py', '--data-backend', 'dali-cpu', '--raport-file', '/workspace/rn50/raport.json', '-j5', '-p', '1', '--lr', '2.048', '--optimizer-batch-size', '-1', '--warmup', '8', '--arch', 'resnet50', '-c', 'fanin', '--label-smoothing', '0.1', '--lr-schedule', 'cosine', '--mom', '0.125', '--wd', '3.0517578125e-05', '--workspace', '/workspace/rn50', '-b', '256', '--epochs', '1', '--prof', '150', '--training-only', '--no-checkpoints', '--amp', '--dynamic-loss-scale', '/data/image']
['/opt/conda/bin/python', '-u', '/workspace/rn50/main.py', '--data-backend', 'dali-cpu', '--raport-file', '/workspace/rn50/raport.json', '-j5', '-p', '1', '--lr', '2.048', '--optimizer-batch-size', '-1', '--warmup', '8', '--arch', 'resnet50', '-c', 'fanin', '--label-smoothing', '0.1', '--lr-schedule', 'cosine', '--mom', '0.125', '--wd', '3.0517578125e-05', '--workspace', '/workspace/rn50', '-b', '256', '--epochs', '1', '--prof', '150', '--training-only', '--no-checkpoints', '--amp', '--dynamic-loss-scale', '/data/image']
['/opt/conda/bin/python', '-u', '/workspace/rn50/main.py', '--data-backend', 'dali-cpu', '--raport-file', '/workspace/rn50/raport.json', '-j5', '-p', '1', '--lr', '2.048', '--optimizer-batch-size', '-1', '--warmup', '8', '--arch', 'resnet50', '-c', 'fanin', '--label-smoothing', '0.1', '--lr-schedule', 'cosine', '--mom', '0.125', '--wd', '3.0517578125e-05', '--workspace', '/workspace/rn50', '-b', '256', '--epochs', '1', '--prof', '150', '--training-only', '--no-checkpoints', '--amp', '--dynamic-loss-scale', '/data/image']
