+ python /workspace/rn50/multiproc.py --nnodes 4 --node_rank 0 --nproc_per_node 8 --master_addr 10.11.0.2 --master_port=22333 /workspace/rn50/main.py --data-backend dali-cpu --raport-file /workspace/rn50/raport.json -j5 -p 1 --lr 2.048 --optimizer-batch-size -1 --warmup 8 --arch resnet50 -c fanin --label-smoothing 0.1 --lr-schedule cosine --mom 0.125 --wd 3.0517578125e-05 --workspace /workspace/rn50 -b 256 --epochs 1 --prof 150 --training-only --no-checkpoints --amp --dynamic-loss-scale /data/image
=> creating model '('resnet50', 'fanin', 1000)'
Version: {'net': <class 'image_classification.resnet.ResNet'>, 'block': <class 'image_classification.resnet.Bottleneck'>, 'layers': [3, 4, 6, 3], 'widths': [64, 128, 256, 512], 'expansion': 4}
Config: {'conv': <class 'torch.nn.modules.conv.Conv2d'>, 'conv_init': 'fan_in', 'nonlinearity': 'relu', 'last_bn_0_init': False, 'activation': <function <lambda> at 0x7fe8ffb059d8>}
Num classes: 1000
i'm distributed in dali~~~~~~~~~~~~~~~~~
rank in dali:  0
world_size in dali:  32
read 3545488 files from 2792 directories
read 50000 files from 1000 directories
DLL 2020-09-29 14:07:43.776563 - PARAMETER data : /data/image  data_backend : dali-cpu  arch : resnet50  model_config : fanin  num_classes : 1000  workers : 5  epochs : 1  run_epochs : -1  batch_size : 256  optimizer_batch_size : -1  lr : 2.048  lr_schedule : cosine  warmup : 8  label_smoothing : 0.1  mixup : 0.0  momentum : 0.125  weight_decay : 3.0517578125e-05  bn_weight_decay : False  nesterov : False  print_freq : 1  resume : None  pretrained_weights :   fp16 : False  static_loss_scale : 1  dynamic_loss_scale : True  prof : 150  amp : True  seed : None  gather_checkpoints : False  raport_file : /workspace/rn50/raport.json  evaluate : False  training_only : True  save_checkpoints : False  checkpoint_filename : checkpoint.pth.tar  workspace : /workspace/rn50  memory_format : nchw  distributed : True  local_rank : 0  gpu : 8  world_size : 32 
 ! Weight decay NOT applied to BN parameters 
98
63
Selected optimization level O1:  Insert automatic casts around Pytorch functions and Tensor methods.

Defaults for this optimization level are:
enabled                : True
opt_level              : O1
cast_model_type        : None
patch_torch_functions  : True
keep_batchnorm_fp32    : None
master_weights         : None
loss_scale             : dynamic
Processing user overrides (additional kwargs that are not None)...
After processing overrides, optimization options are:
enabled                : True
opt_level              : O1
cast_model_type        : None
patch_torch_functions  : True
keep_batchnorm_fp32    : None
master_weights         : None
loss_scale             : dynamic
RUNNING EPOCHS FROM 0 TO 1
DLL 2020-09-29 14:08:05.710159 - Epoch: 0 Iteration: 1  train.loss : 7.04636  train.total_ips : 469.52 img/s
DLL 2020-09-29 14:08:06.504146 - Epoch: 0 Iteration: 2  train.loss : 6.96719  train.total_ips : 10318.45 img/s
DLL 2020-09-29 14:08:07.169514 - Epoch: 0 Iteration: 3  train.loss : 6.92115  train.total_ips : 12316.13 img/s
DLL 2020-09-29 14:08:07.525386 - Epoch: 0 Iteration: 4  train.loss : 6.91253  train.total_ips : 23026.57 img/s
DLL 2020-09-29 14:08:07.953827 - Epoch: 0 Iteration: 5  train.loss : 6.91075  train.total_ips : 19128.66 img/s
DLL 2020-09-29 14:08:08.331400 - Epoch: 0 Iteration: 6  train.loss : 6.91102  train.total_ips : 21705.47 img/s
DLL 2020-09-29 14:08:08.701434 - Epoch: 0 Iteration: 7  train.loss : 6.89422  train.total_ips : 22145.67 img/s
DLL 2020-09-29 14:08:09.113457 - Epoch: 0 Iteration: 8  train.loss : 6.90635  train.total_ips : 19887.34 img/s
DLL 2020-09-29 14:08:09.486144 - Epoch: 0 Iteration: 9  train.loss : 6.90404  train.total_ips : 21990.25 img/s
DLL 2020-09-29 14:08:09.839945 - Epoch: 0 Iteration: 10  train.loss : 6.89766  train.total_ips : 23165.69 img/s
DLL 2020-09-29 14:08:10.219720 - Epoch: 0 Iteration: 11  train.loss : 6.90200  train.total_ips : 21579.55 img/s
DLL 2020-09-29 14:08:10.583964 - Epoch: 0 Iteration: 12  train.loss : 6.90176  train.total_ips : 22504.07 img/s
DLL 2020-09-29 14:08:10.949065 - Epoch: 0 Iteration: 13  train.loss : 6.89949  train.total_ips : 22441.15 img/s
DLL 2020-09-29 14:08:11.312606 - Epoch: 0 Iteration: 14  train.loss : 6.89197  train.total_ips : 22539.90 img/s
DLL 2020-09-29 14:08:11.689893 - Epoch: 0 Iteration: 15  train.loss : 6.88808  train.total_ips : 21717.93 img/s
DLL 2020-09-29 14:08:12.070649 - Epoch: 0 Iteration: 16  train.loss : 6.90572  train.total_ips : 21584.13 img/s
DLL 2020-09-29 14:08:12.427000 - Epoch: 0 Iteration: 17  train.loss : 6.89669  train.total_ips : 22997.45 img/s
DLL 2020-09-29 14:08:12.790708 - Epoch: 0 Iteration: 18  train.loss : 6.90251  train.total_ips : 22533.87 img/s
DLL 2020-09-29 14:08:13.213642 - Epoch: 0 Iteration: 19  train.loss : 6.89224  train.total_ips : 19431.11 img/s
DLL 2020-09-29 14:08:13.574936 - Epoch: 0 Iteration: 20  train.loss : 6.90176  train.total_ips : 22676.34 img/s
DLL 2020-09-29 14:08:13.940513 - Epoch: 0 Iteration: 21  train.loss : 6.89744  train.total_ips : 22416.86 img/s
DLL 2020-09-29 14:08:14.306682 - Epoch: 0 Iteration: 22  train.loss : 6.90016  train.total_ips : 22380.36 img/s
DLL 2020-09-29 14:08:14.671095 - Epoch: 0 Iteration: 23  train.loss : 6.89095  train.total_ips : 22485.74 img/s
DLL 2020-09-29 14:08:15.040115 - Epoch: 0 Iteration: 24  train.loss : 6.89632  train.total_ips : 22249.16 img/s
DLL 2020-09-29 14:08:15.401176 - Epoch: 0 Iteration: 25  train.loss : 6.90720  train.total_ips : 22682.81 img/s
DLL 2020-09-29 14:08:15.769424 - Epoch: 0 Iteration: 26  train.loss : 6.90621  train.total_ips : 22251.51 img/s
DLL 2020-09-29 14:08:16.134539 - Epoch: 0 Iteration: 27  train.loss : 6.90118  train.total_ips : 22441.09 img/s
DLL 2020-09-29 14:08:16.500052 - Epoch: 0 Iteration: 28  train.loss : 6.91301  train.total_ips : 22420.33 img/s
DLL 2020-09-29 14:08:17.006141 - Epoch: 0 Iteration: 29  train.loss : 6.90970  train.total_ips : 16190.21 img/s
DLL 2020-09-29 14:08:17.377655 - Epoch: 0 Iteration: 30  train.loss : 6.90719  train.total_ips : 22054.77 img/s
DLL 2020-09-29 14:08:17.747447 - Epoch: 0 Iteration: 31  train.loss : 6.89932  train.total_ips : 22160.58 img/s
DLL 2020-09-29 14:08:18.127158 - Epoch: 0 Iteration: 32  train.loss : 6.90334  train.total_ips : 21585.75 img/s
DLL 2020-09-29 14:08:18.529973 - Epoch: 0 Iteration: 33  train.loss : 6.91241  train.total_ips : 20339.50 img/s
DLL 2020-09-29 14:08:18.890902 - Epoch: 0 Iteration: 34  train.loss : 6.90455  train.total_ips : 22701.95 img/s
DLL 2020-09-29 14:08:19.273707 - Epoch: 0 Iteration: 35  train.loss : 6.89938  train.total_ips : 21404.63 img/s
DLL 2020-09-29 14:08:19.656930 - Epoch: 0 Iteration: 36  train.loss : 6.91025  train.total_ips : 21380.64 img/s
DLL 2020-09-29 14:08:20.022119 - Epoch: 0 Iteration: 37  train.loss : 6.90548  train.total_ips : 22437.58 img/s
DLL 2020-09-29 14:08:20.404064 - Epoch: 0 Iteration: 38  train.loss : 6.90534  train.total_ips : 21452.45 img/s
DLL 2020-09-29 14:08:20.767223 - Epoch: 0 Iteration: 39  train.loss : 6.90782  train.total_ips : 22565.60 img/s
DLL 2020-09-29 14:08:21.139461 - Epoch: 0 Iteration: 40  train.loss : 6.89954  train.total_ips : 22015.11 img/s
DLL 2020-09-29 14:08:21.508644 - Epoch: 0 Iteration: 41  train.loss : 6.90136  train.total_ips : 22198.55 img/s
DLL 2020-09-29 14:08:21.881227 - Epoch: 0 Iteration: 42  train.loss : 6.90568  train.total_ips : 21990.75 img/s
DLL 2020-09-29 14:08:22.245719 - Epoch: 0 Iteration: 43  train.loss : 6.97284  train.total_ips : 22490.45 img/s
DLL 2020-09-29 14:08:22.621714 - Epoch: 0 Iteration: 44  train.loss : 6.98912  train.total_ips : 21790.72 img/s
DLL 2020-09-29 14:08:22.995095 - Epoch: 0 Iteration: 45  train.loss : 6.98637  train.total_ips : 21947.12 img/s
DLL 2020-09-29 14:08:23.360914 - Epoch: 0 Iteration: 46  train.loss : 6.97463  train.total_ips : 22397.24 img/s
DLL 2020-09-29 14:08:23.776933 - Epoch: 0 Iteration: 47  train.loss : 6.95927  train.total_ips : 19696.34 img/s
DLL 2020-09-29 14:08:24.141729 - Epoch: 0 Iteration: 48  train.loss : 6.97358  train.total_ips : 22460.93 img/s
DLL 2020-09-29 14:08:24.511047 - Epoch: 0 Iteration: 49  train.loss : 6.96358  train.total_ips : 22186.38 img/s
DLL 2020-09-29 14:08:24.879529 - Epoch: 0 Iteration: 50  train.loss : 6.95735  train.total_ips : 22236.65 img/s
DLL 2020-09-29 14:08:25.244650 - Epoch: 0 Iteration: 51  train.loss : 6.95099  train.total_ips : 22441.59 img/s
DLL 2020-09-29 14:08:25.611055 - Epoch: 0 Iteration: 52  train.loss : 6.95572  train.total_ips : 22362.40 img/s
DLL 2020-09-29 14:08:25.973774 - Epoch: 0 Iteration: 53  train.loss : 6.95305  train.total_ips : 22590.01 img/s
DLL 2020-09-29 14:08:26.348022 - Epoch: 0 Iteration: 54  train.loss : 6.95138  train.total_ips : 21899.24 img/s
DLL 2020-09-29 14:08:26.707185 - Epoch: 0 Iteration: 55  train.loss : -58354323947520.00000  train.total_ips : 22816.94 img/s
DLL 2020-09-29 14:08:27.072091 - Epoch: 0 Iteration: 56  train.loss : 6.94691  train.total_ips : 22456.13 img/s
DLL 2020-09-29 14:08:27.430954 - Epoch: 0 Iteration: 57  train.loss : 6.94355  train.total_ips : 22837.22 img/s
DLL 2020-09-29 14:08:27.810251 - Epoch: 0 Iteration: 58  train.loss : 6.94360  train.total_ips : 21607.40 img/s
DLL 2020-09-29 14:08:28.177610 - Epoch: 0 Iteration: 59  train.loss : 6.93642  train.total_ips : 22303.96 img/s
DLL 2020-09-29 14:08:28.542445 - Epoch: 0 Iteration: 60  train.loss : 6.93673  train.total_ips : 22459.49 img/s
DLL 2020-09-29 14:08:28.909415 - Epoch: 0 Iteration: 61  train.loss : 6.93084  train.total_ips : 22335.75 img/s
DLL 2020-09-29 14:08:29.278902 - Epoch: 0 Iteration: 62  train.loss : 6.92857  train.total_ips : 22175.84 img/s
DLL 2020-09-29 14:08:29.649346 - Epoch: 0 Iteration: 63  train.loss : 6.93805  train.total_ips : 22123.63 img/s
DLL 2020-09-29 14:08:30.013442 - Epoch: 0 Iteration: 64  train.loss : 6.92659  train.total_ips : 22513.76 img/s
DLL 2020-09-29 14:08:30.370712 - Epoch: 0 Iteration: 65  train.loss : 6.93452  train.total_ips : 22935.96 img/s
DLL 2020-09-29 14:08:30.737701 - Epoch: 0 Iteration: 66  train.loss : 6.93179  train.total_ips : 22326.58 img/s
DLL 2020-09-29 14:08:31.104914 - Epoch: 0 Iteration: 67  train.loss : 6.92289  train.total_ips : 22313.16 img/s
DLL 2020-09-29 14:08:31.470796 - Epoch: 0 Iteration: 68  train.loss : 6.91619  train.total_ips : 22396.63 img/s
DLL 2020-09-29 14:08:31.836213 - Epoch: 0 Iteration: 69  train.loss : 6.91468  train.total_ips : 22423.11 img/s
DLL 2020-09-29 14:08:32.201603 - Epoch: 0 Iteration: 70  train.loss : 6.91820  train.total_ips : 22424.97 img/s
DLL 2020-09-29 14:08:32.565124 - Epoch: 0 Iteration: 71  train.loss : 6.92006  train.total_ips : 22539.99 img/s
DLL 2020-09-29 14:08:32.927947 - Epoch: 0 Iteration: 72  train.loss : 6.92591  train.total_ips : 22583.95 img/s
DLL 2020-09-29 14:08:33.290589 - Epoch: 0 Iteration: 73  train.loss : 6.91275  train.total_ips : 22595.56 img/s
Gradient overflow.  Skipping step, loss scaler 0 reducing loss scale to 32768.0
DLL 2020-09-29 14:08:33.645807 - Epoch: 0 Iteration: 74  train.loss : 6.91503  train.total_ips : 23065.51 img/s
DLL 2020-09-29 14:08:34.013602 - Epoch: 0 Iteration: 75  train.loss : 6.91480  train.total_ips : 22284.96 img/s
DLL 2020-09-29 14:08:34.398915 - Epoch: 0 Iteration: 76  train.loss : 6.91839  train.total_ips : 21268.97 img/s
DLL 2020-09-29 14:08:34.760765 - Epoch: 0 Iteration: 77  train.loss : 6.92180  train.total_ips : 22645.54 img/s
DLL 2020-09-29 14:08:35.122786 - Epoch: 0 Iteration: 78  train.loss : 6.90961  train.total_ips : 22634.72 img/s
DLL 2020-09-29 14:08:35.499187 - Epoch: 0 Iteration: 79  train.loss : 6.90593  train.total_ips : 21769.36 img/s
DLL 2020-09-29 14:08:35.941847 - Epoch: 0 Iteration: 80  train.loss : 6.90337  train.total_ips : 18509.52 img/s
DLL 2020-09-29 14:08:36.307718 - Epoch: 0 Iteration: 81  train.loss : 6.91370  train.total_ips : 22394.32 img/s
DLL 2020-09-29 14:08:36.680607 - Epoch: 0 Iteration: 82  train.loss : 6.91417  train.total_ips : 21980.39 img/s
DLL 2020-09-29 14:08:37.057018 - Epoch: 0 Iteration: 83  train.loss : 6.91098  train.total_ips : 21769.90 img/s
DLL 2020-09-29 14:08:37.416476 - Epoch: 0 Iteration: 84  train.loss : 6.90990  train.total_ips : 22796.14 img/s
DLL 2020-09-29 14:08:37.793334 - Epoch: 0 Iteration: 85  train.loss : 6.91062  train.total_ips : 21744.15 img/s
DLL 2020-09-29 14:08:38.161308 - Epoch: 0 Iteration: 86  train.loss : 6.92014  train.total_ips : 22269.94 img/s
DLL 2020-09-29 14:08:38.535883 - Epoch: 0 Iteration: 87  train.loss : 6.91005  train.total_ips : 21877.20 img/s
DLL 2020-09-29 14:08:38.904620 - Epoch: 0 Iteration: 88  train.loss : 6.91411  train.total_ips : 22222.57 img/s
DLL 2020-09-29 14:08:39.289795 - Epoch: 0 Iteration: 89  train.loss : 6.92595  train.total_ips : 21275.62 img/s
DLL 2020-09-29 14:08:39.646227 - Epoch: 0 Iteration: 90  train.loss : 6.90292  train.total_ips : 22995.45 img/s
DLL 2020-09-29 14:08:40.005564 - Epoch: 0 Iteration: 91  train.loss : 6.90724  train.total_ips : 22801.30 img/s
DLL 2020-09-29 14:08:40.366538 - Epoch: 0 Iteration: 92  train.loss : 6.90371  train.total_ips : 22716.30 img/s
DLL 2020-09-29 14:08:40.735144 - Epoch: 0 Iteration: 93  train.loss : 6.90056  train.total_ips : 22224.51 img/s
DLL 2020-09-29 14:08:41.108703 - Epoch: 0 Iteration: 94  train.loss : 6.90326  train.total_ips : 21934.33 img/s
DLL 2020-09-29 14:08:41.469143 - Epoch: 0 Iteration: 95  train.loss : 6.90016  train.total_ips : 22734.72 img/s
DLL 2020-09-29 14:08:41.833429 - Epoch: 0 Iteration: 96  train.loss : 6.90528  train.total_ips : 22491.72 img/s
DLL 2020-09-29 14:08:42.197646 - Epoch: 0 Iteration: 97  train.loss : 6.90666  train.total_ips : 22496.34 img/s
DLL 2020-09-29 14:08:42.564736 - Epoch: 0 Iteration: 98  train.loss : 6.89989  train.total_ips : 22320.95 img/s
DLL 2020-09-29 14:08:42.931728 - Epoch: 0 Iteration: 99  train.loss : 6.90855  train.total_ips : 22326.41 img/s
DLL 2020-09-29 14:08:43.296042 - Epoch: 0 Iteration: 100  train.loss : 6.90805  train.total_ips : 22490.79 img/s
DLL 2020-09-29 14:08:43.705058 - Epoch: 0 Iteration: 101  train.loss : 6.90360  train.total_ips : 20032.23 img/s
DLL 2020-09-29 14:08:44.066893 - Epoch: 0 Iteration: 102  train.loss : 6.90040  train.total_ips : 22645.48 img/s
DLL 2020-09-29 14:08:44.434692 - Epoch: 0 Iteration: 103  train.loss : 6.90796  train.total_ips : 22281.16 img/s
DLL 2020-09-29 14:08:44.803864 - Epoch: 0 Iteration: 104  train.loss : 6.90461  train.total_ips : 22198.65 img/s
DLL 2020-09-29 14:08:45.172770 - Epoch: 0 Iteration: 105  train.loss : 6.89490  train.total_ips : 22208.95 img/s
DLL 2020-09-29 14:08:45.543898 - Epoch: 0 Iteration: 106  train.loss : 6.90268  train.total_ips : 22077.95 img/s
DLL 2020-09-29 14:08:45.903286 - Epoch: 0 Iteration: 107  train.loss : 6.90076  train.total_ips : 22799.50 img/s
DLL 2020-09-29 14:08:46.271329 - Epoch: 0 Iteration: 108  train.loss : 6.90171  train.total_ips : 22269.06 img/s
DLL 2020-09-29 14:08:46.631193 - Epoch: 0 Iteration: 109  train.loss : 6.90524  train.total_ips : 22767.62 img/s
DLL 2020-09-29 14:08:46.999083 - Epoch: 0 Iteration: 110  train.loss : -7515008430768128.00000  train.total_ips : 22272.08 img/s
DLL 2020-09-29 14:08:47.363823 - Epoch: 0 Iteration: 111  train.loss : 6.91694  train.total_ips : 22465.17 img/s
DLL 2020-09-29 14:08:47.742299 - Epoch: 0 Iteration: 112  train.loss : 6.89917  train.total_ips : 21648.84 img/s
DLL 2020-09-29 14:08:48.102895 - Epoch: 0 Iteration: 113  train.loss : 6.90287  train.total_ips : 22723.01 img/s
DLL 2020-09-29 14:08:48.470679 - Epoch: 0 Iteration: 114  train.loss : 6.90121  train.total_ips : 22278.20 img/s
DLL 2020-09-29 14:08:48.850367 - Epoch: 0 Iteration: 115  train.loss : 6.90244  train.total_ips : 21580.85 img/s
DLL 2020-09-29 14:08:49.216701 - Epoch: 0 Iteration: 116  train.loss : 6.90088  train.total_ips : 22372.91 img/s
DLL 2020-09-29 14:08:49.586664 - Epoch: 0 Iteration: 117  train.loss : 6.90162  train.total_ips : 22148.68 img/s
DLL 2020-09-29 14:08:49.955808 - Epoch: 0 Iteration: 118  train.loss : 6.89564  train.total_ips : 22197.00 img/s
DLL 2020-09-29 14:08:50.317729 - Epoch: 0 Iteration: 119  train.loss : 6.88656  train.total_ips : 22640.47 img/s
DLL 2020-09-29 14:08:50.720160 - Epoch: 0 Iteration: 120  train.loss : 6.90484  train.total_ips : 20361.99 img/s
/opt/dali/dali/image/jpeg_mem.cc:338: Premature end of JPEG data. Stopped at line 272/440
DLL 2020-09-29 14:08:51.075707 - Epoch: 0 Iteration: 121  train.loss : 6.89967  train.total_ips : 23044.95 img/s
DLL 2020-09-29 14:08:51.446085 - Epoch: 0 Iteration: 122  train.loss : 6.90818  train.total_ips : 22130.22 img/s
DLL 2020-09-29 14:08:51.836665 - Epoch: 0 Iteration: 123  train.loss : 6.89906  train.total_ips : 20976.19 img/s
DLL 2020-09-29 14:08:52.209998 - Epoch: 0 Iteration: 124  train.loss : 6.90416  train.total_ips : 21947.22 img/s
DLL 2020-09-29 14:08:52.575564 - Epoch: 0 Iteration: 125  train.loss : 6.89411  train.total_ips : 22414.96 img/s
DLL 2020-09-29 14:08:52.983600 - Epoch: 0 Iteration: 126  train.loss : 6.89813  train.total_ips : 20080.25 img/s
DLL 2020-09-29 14:08:53.348084 - Epoch: 0 Iteration: 127  train.loss : 6.90151  train.total_ips : 22481.13 img/s
DLL 2020-09-29 14:08:53.710856 - Epoch: 0 Iteration: 128  train.loss : 6.90443  train.total_ips : 22586.65 img/s
DLL 2020-09-29 14:08:54.078271 - Epoch: 0 Iteration: 129  train.loss : 6.89686  train.total_ips : 22301.01 img/s
DLL 2020-09-29 14:08:54.476884 - Epoch: 0 Iteration: 130  train.loss : 6.88436  train.total_ips : 20556.24 img/s
DLL 2020-09-29 14:08:54.841441 - Epoch: 0 Iteration: 131  train.loss : 6.89233  train.total_ips : 22475.40 img/s
DLL 2020-09-29 14:08:55.207432 - Epoch: 0 Iteration: 132  train.loss : 6.90425  train.total_ips : 22387.39 img/s
DLL 2020-09-29 14:08:55.571464 - Epoch: 0 Iteration: 133  train.loss : 6.89709  train.total_ips : 22508.87 img/s
DLL 2020-09-29 14:08:55.978896 - Epoch: 0 Iteration: 134  train.loss : 6.89971  train.total_ips : 20114.87 img/s
DLL 2020-09-29 14:08:56.344149 - Epoch: 0 Iteration: 135  train.loss : 6.89716  train.total_ips : 22435.73 img/s
DLL 2020-09-29 14:08:56.711532 - Epoch: 0 Iteration: 136  train.loss : 6.89513  train.total_ips : 22301.56 img/s
DLL 2020-09-29 14:08:57.079502 - Epoch: 0 Iteration: 137  train.loss : 6.88356  train.total_ips : 22267.30 img/s
DLL 2020-09-29 14:08:57.445327 - Epoch: 0 Iteration: 138  train.loss : 6.89895  train.total_ips : 22398.95 img/s
DLL 2020-09-29 14:08:57.819802 - Epoch: 0 Iteration: 139  train.loss : 6.89386  train.total_ips : 21880.56 img/s
DLL 2020-09-29 14:08:58.200131 - Epoch: 0 Iteration: 140  train.loss : 6.90353  train.total_ips : 21544.84 img/s
DLL 2020-09-29 14:08:58.569335 - Epoch: 0 Iteration: 141  train.loss : 6.89369  train.total_ips : 22197.48 img/s
DLL 2020-09-29 14:08:58.926799 - Epoch: 0 Iteration: 142  train.loss : 6.90599  train.total_ips : 22942.51 img/s
DLL 2020-09-29 14:08:59.298910 - Epoch: 0 Iteration: 143  train.loss : 6.90373  train.total_ips : 22014.69 img/s
DLL 2020-09-29 14:08:59.669201 - Epoch: 0 Iteration: 144  train.loss : 6.89296  train.total_ips : 22128.73 img/s
DLL 2020-09-29 14:09:00.032544 - Epoch: 0 Iteration: 145  train.loss : 6.89961  train.total_ips : 22550.78 img/s
DLL 2020-09-29 14:09:00.403252 - Epoch: 0 Iteration: 146  train.loss : 6.90639  train.total_ips : 22102.55 img/s
DLL 2020-09-29 14:09:00.769912 - Epoch: 0 Iteration: 147  train.loss : 6.90527  train.total_ips : 22350.47 img/s
DLL 2020-09-29 14:09:01.140392 - Epoch: 0 Iteration: 148  train.loss : 6.89554  train.total_ips : 22116.95 img/s
DLL 2020-09-29 14:09:01.506762 - Epoch: 0 Iteration: 149  train.loss : 6.90614  train.total_ips : 22365.70 img/s
DLL 2020-09-29 14:09:01.869920 - Epoch: 0  train.loss : -50489085031430.80469  train.total_ips : 21778.79 img/s
DLL 2020-09-29 14:09:01.870064 - Epoch: 0  lr : 0.256  train.compute_ips : 21864.13 img/s train.data_time : 0.00272 s train.compute_time : 0.48787 s
DLL 2020-09-29 14:09:01.870198 - Summary: train.loss : -50489085031430.80469  train.total_ips : 21778.79 img/s
DLL 2020-09-29 14:09:01.870252 - Summary: lr : 0.256  train.compute_ips : 21864.13 img/s train.data_time : 0.00272 s train.compute_time : 0.48787 s
Experiment ended
['/opt/conda/bin/python', '-u', '/workspace/rn50/main.py', '--data-backend', 'dali-cpu', '--raport-file', '/workspace/rn50/raport.json', '-j5', '-p', '1', '--lr', '2.048', '--optimizer-batch-size', '-1', '--warmup', '8', '--arch', 'resnet50', '-c', 'fanin', '--label-smoothing', '0.1', '--lr-schedule', 'cosine', '--mom', '0.125', '--wd', '3.0517578125e-05', '--workspace', '/workspace/rn50', '-b', '256', '--epochs', '1', '--prof', '150', '--training-only', '--no-checkpoints', '--amp', '--dynamic-loss-scale', '/data/image']
['/opt/conda/bin/python', '-u', '/workspace/rn50/main.py', '--data-backend', 'dali-cpu', '--raport-file', '/workspace/rn50/raport.json', '-j5', '-p', '1', '--lr', '2.048', '--optimizer-batch-size', '-1', '--warmup', '8', '--arch', 'resnet50', '-c', 'fanin', '--label-smoothing', '0.1', '--lr-schedule', 'cosine', '--mom', '0.125', '--wd', '3.0517578125e-05', '--workspace', '/workspace/rn50', '-b', '256', '--epochs', '1', '--prof', '150', '--training-only', '--no-checkpoints', '--amp', '--dynamic-loss-scale', '/data/image']
['/opt/conda/bin/python', '-u', '/workspace/rn50/main.py', '--data-backend', 'dali-cpu', '--raport-file', '/workspace/rn50/raport.json', '-j5', '-p', '1', '--lr', '2.048', '--optimizer-batch-size', '-1', '--warmup', '8', '--arch', 'resnet50', '-c', 'fanin', '--label-smoothing', '0.1', '--lr-schedule', 'cosine', '--mom', '0.125', '--wd', '3.0517578125e-05', '--workspace', '/workspace/rn50', '-b', '256', '--epochs', '1', '--prof', '150', '--training-only', '--no-checkpoints', '--amp', '--dynamic-loss-scale', '/data/image']
['/opt/conda/bin/python', '-u', '/workspace/rn50/main.py', '--data-backend', 'dali-cpu', '--raport-file', '/workspace/rn50/raport.json', '-j5', '-p', '1', '--lr', '2.048', '--optimizer-batch-size', '-1', '--warmup', '8', '--arch', 'resnet50', '-c', 'fanin', '--label-smoothing', '0.1', '--lr-schedule', 'cosine', '--mom', '0.125', '--wd', '3.0517578125e-05', '--workspace', '/workspace/rn50', '-b', '256', '--epochs', '1', '--prof', '150', '--training-only', '--no-checkpoints', '--amp', '--dynamic-loss-scale', '/data/image']
['/opt/conda/bin/python', '-u', '/workspace/rn50/main.py', '--data-backend', 'dali-cpu', '--raport-file', '/workspace/rn50/raport.json', '-j5', '-p', '1', '--lr', '2.048', '--optimizer-batch-size', '-1', '--warmup', '8', '--arch', 'resnet50', '-c', 'fanin', '--label-smoothing', '0.1', '--lr-schedule', 'cosine', '--mom', '0.125', '--wd', '3.0517578125e-05', '--workspace', '/workspace/rn50', '-b', '256', '--epochs', '1', '--prof', '150', '--training-only', '--no-checkpoints', '--amp', '--dynamic-loss-scale', '/data/image']
['/opt/conda/bin/python', '-u', '/workspace/rn50/main.py', '--data-backend', 'dali-cpu', '--raport-file', '/workspace/rn50/raport.json', '-j5', '-p', '1', '--lr', '2.048', '--optimizer-batch-size', '-1', '--warmup', '8', '--arch', 'resnet50', '-c', 'fanin', '--label-smoothing', '0.1', '--lr-schedule', 'cosine', '--mom', '0.125', '--wd', '3.0517578125e-05', '--workspace', '/workspace/rn50', '-b', '256', '--epochs', '1', '--prof', '150', '--training-only', '--no-checkpoints', '--amp', '--dynamic-loss-scale', '/data/image']
['/opt/conda/bin/python', '-u', '/workspace/rn50/main.py', '--data-backend', 'dali-cpu', '--raport-file', '/workspace/rn50/raport.json', '-j5', '-p', '1', '--lr', '2.048', '--optimizer-batch-size', '-1', '--warmup', '8', '--arch', 'resnet50', '-c', 'fanin', '--label-smoothing', '0.1', '--lr-schedule', 'cosine', '--mom', '0.125', '--wd', '3.0517578125e-05', '--workspace', '/workspace/rn50', '-b', '256', '--epochs', '1', '--prof', '150', '--training-only', '--no-checkpoints', '--amp', '--dynamic-loss-scale', '/data/image']
['/opt/conda/bin/python', '-u', '/workspace/rn50/main.py', '--data-backend', 'dali-cpu', '--raport-file', '/workspace/rn50/raport.json', '-j5', '-p', '1', '--lr', '2.048', '--optimizer-batch-size', '-1', '--warmup', '8', '--arch', 'resnet50', '-c', 'fanin', '--label-smoothing', '0.1', '--lr-schedule', 'cosine', '--mom', '0.125', '--wd', '3.0517578125e-05', '--workspace', '/workspace/rn50', '-b', '256', '--epochs', '1', '--prof', '150', '--training-only', '--no-checkpoints', '--amp', '--dynamic-loss-scale', '/data/image']
