+ python /workspace/rn50/multiproc.py --nnodes 4 --node_rank 0 --nproc_per_node 8 --master_addr 10.11.0.2 --master_port=22333 /workspace/rn50/main.py --data-backend dali-cpu --raport-file /workspace/rn50/raport.json -j5 -p 1 --lr 2.048 --optimizer-batch-size -1 --warmup 8 --arch resnet50 -c fanin --label-smoothing 0.1 --lr-schedule cosine --mom 0.125 --wd 3.0517578125e-05 --workspace /workspace/rn50 -b 256 --epochs 1 --prof 150 --training-only --no-checkpoints --amp --dynamic-loss-scale /data/image
=> creating model '('resnet50', 'fanin', 1000)'
Version: {'net': <class 'image_classification.resnet.ResNet'>, 'block': <class 'image_classification.resnet.Bottleneck'>, 'layers': [3, 4, 6, 3], 'widths': [64, 128, 256, 512], 'expansion': 4}
Config: {'conv': <class 'torch.nn.modules.conv.Conv2d'>, 'conv_init': 'fan_in', 'nonlinearity': 'relu', 'last_bn_0_init': False, 'activation': <function <lambda> at 0x7fdac619d9d8>}
Num classes: 1000
i'm distributed in dali~~~~~~~~~~~~~~~~~
rank in dali:  0
world_size in dali:  32
read 3545488 files from 2792 directories
read 50000 files from 1000 directories
DLL 2020-09-29 13:59:26.610820 - PARAMETER data : /data/image  data_backend : dali-cpu  arch : resnet50  model_config : fanin  num_classes : 1000  workers : 5  epochs : 1  run_epochs : -1  batch_size : 256  optimizer_batch_size : -1  lr : 2.048  lr_schedule : cosine  warmup : 8  label_smoothing : 0.1  mixup : 0.0  momentum : 0.125  weight_decay : 3.0517578125e-05  bn_weight_decay : False  nesterov : False  print_freq : 1  resume : None  pretrained_weights :   fp16 : False  static_loss_scale : 1  dynamic_loss_scale : True  prof : 150  amp : True  seed : None  gather_checkpoints : False  raport_file : /workspace/rn50/raport.json  evaluate : False  training_only : True  save_checkpoints : False  checkpoint_filename : checkpoint.pth.tar  workspace : /workspace/rn50  memory_format : nchw  distributed : True  local_rank : 0  gpu : 8  world_size : 32 
 ! Weight decay NOT applied to BN parameters 
98
63
Selected optimization level O1:  Insert automatic casts around Pytorch functions and Tensor methods.

Defaults for this optimization level are:
enabled                : True
opt_level              : O1
cast_model_type        : None
patch_torch_functions  : True
keep_batchnorm_fp32    : None
master_weights         : None
loss_scale             : dynamic
Processing user overrides (additional kwargs that are not None)...
After processing overrides, optimization options are:
enabled                : True
opt_level              : O1
cast_model_type        : None
patch_torch_functions  : True
keep_batchnorm_fp32    : None
master_weights         : None
loss_scale             : dynamic
RUNNING EPOCHS FROM 0 TO 1
DLL 2020-09-29 13:59:47.870401 - Epoch: 0 Iteration: 1  train.loss : 7.06701  train.total_ips : 467.06 img/s
DLL 2020-09-29 13:59:48.695804 - Epoch: 0 Iteration: 2  train.loss : 6.97233  train.total_ips : 9924.47 img/s
DLL 2020-09-29 13:59:49.207172 - Epoch: 0 Iteration: 3  train.loss : 6.93037  train.total_ips : 16022.53 img/s
DLL 2020-09-29 13:59:49.563955 - Epoch: 0 Iteration: 4  train.loss : 6.91483  train.total_ips : 22968.58 img/s
DLL 2020-09-29 13:59:49.901969 - Epoch: 0 Iteration: 5  train.loss : 6.91184  train.total_ips : 24241.04 img/s
DLL 2020-09-29 13:59:50.264034 - Epoch: 0 Iteration: 6  train.loss : 6.90915  train.total_ips : 22633.96 img/s
DLL 2020-09-29 13:59:50.608130 - Epoch: 0 Iteration: 7  train.loss : 6.89444  train.total_ips : 23812.56 img/s
DLL 2020-09-29 13:59:50.965648 - Epoch: 0 Iteration: 8  train.loss : 6.90923  train.total_ips : 22929.10 img/s
DLL 2020-09-29 13:59:51.314662 - Epoch: 0 Iteration: 9  train.loss : 6.90435  train.total_ips : 23478.33 img/s
DLL 2020-09-29 13:59:51.662775 - Epoch: 0 Iteration: 10  train.loss : 6.89624  train.total_ips : 23547.23 img/s
DLL 2020-09-29 13:59:52.083061 - Epoch: 0 Iteration: 11  train.loss : 6.89850  train.total_ips : 19495.47 img/s
DLL 2020-09-29 13:59:52.427707 - Epoch: 0 Iteration: 12  train.loss : 6.90099  train.total_ips : 23774.91 img/s
DLL 2020-09-29 13:59:52.777768 - Epoch: 0 Iteration: 13  train.loss : 6.89815  train.total_ips : 23412.34 img/s
DLL 2020-09-29 13:59:53.130270 - Epoch: 0 Iteration: 14  train.loss : 6.89289  train.total_ips : 23243.92 img/s
DLL 2020-09-29 13:59:53.478656 - Epoch: 0 Iteration: 15  train.loss : 6.89172  train.total_ips : 23524.53 img/s
DLL 2020-09-29 13:59:53.838612 - Epoch: 0 Iteration: 16  train.loss : 6.90499  train.total_ips : 22765.77 img/s
DLL 2020-09-29 13:59:54.183410 - Epoch: 0 Iteration: 17  train.loss : 6.90043  train.total_ips : 23767.46 img/s
DLL 2020-09-29 13:59:54.546289 - Epoch: 0 Iteration: 18  train.loss : 6.90377  train.total_ips : 22582.40 img/s
DLL 2020-09-29 13:59:54.895024 - Epoch: 0 Iteration: 19  train.loss : 6.89083  train.total_ips : 23495.46 img/s
DLL 2020-09-29 13:59:55.248993 - Epoch: 0 Iteration: 20  train.loss : 6.89966  train.total_ips : 23149.24 img/s
DLL 2020-09-29 13:59:55.664782 - Epoch: 0 Iteration: 21  train.loss : 6.89428  train.total_ips : 19710.12 img/s
DLL 2020-09-29 13:59:56.011847 - Epoch: 0 Iteration: 22  train.loss : 6.90298  train.total_ips : 23618.53 img/s
DLL 2020-09-29 13:59:56.357334 - Epoch: 0 Iteration: 23  train.loss : 6.89285  train.total_ips : 23718.29 img/s
DLL 2020-09-29 13:59:56.704193 - Epoch: 0 Iteration: 24  train.loss : 6.89944  train.total_ips : 23627.22 img/s
DLL 2020-09-29 13:59:57.058323 - Epoch: 0 Iteration: 25  train.loss : 6.90203  train.total_ips : 23153.29 img/s
DLL 2020-09-29 13:59:57.446391 - Epoch: 0 Iteration: 26  train.loss : 6.90492  train.total_ips : 21113.83 img/s
DLL 2020-09-29 13:59:57.830282 - Epoch: 0 Iteration: 27  train.loss : 6.90022  train.total_ips : 21344.63 img/s
DLL 2020-09-29 13:59:58.175502 - Epoch: 0 Iteration: 28  train.loss : 6.91181  train.total_ips : 23747.31 img/s
Gradient overflow.  Skipping step, loss scaler 0 reducing loss scale to 32768.0
DLL 2020-09-29 13:59:58.520253 - Epoch: 0 Iteration: 29  train.loss : 6.91370  train.total_ips : 23770.07 img/s
DLL 2020-09-29 13:59:58.858434 - Epoch: 0 Iteration: 30  train.loss : 6.90687  train.total_ips : 24230.89 img/s
DLL 2020-09-29 13:59:59.210189 - Epoch: 0 Iteration: 31  train.loss : 6.89989  train.total_ips : 23302.19 img/s
DLL 2020-09-29 13:59:59.576384 - Epoch: 0 Iteration: 32  train.loss : 6.91167  train.total_ips : 22376.96 img/s
DLL 2020-09-29 13:59:59.934053 - Epoch: 0 Iteration: 33  train.loss : 6.91010  train.total_ips : 22918.68 img/s
DLL 2020-09-29 14:00:00.280636 - Epoch: 0 Iteration: 34  train.loss : 6.90629  train.total_ips : 23652.17 img/s
DLL 2020-09-29 14:00:00.629858 - Epoch: 0 Iteration: 35  train.loss : 6.90162  train.total_ips : 23468.07 img/s
DLL 2020-09-29 14:00:00.986582 - Epoch: 0 Iteration: 36  train.loss : 6.91696  train.total_ips : 22973.94 img/s
DLL 2020-09-29 14:00:01.327029 - Epoch: 0 Iteration: 37  train.loss : 6.91406  train.total_ips : 24069.31 img/s
DLL 2020-09-29 14:00:01.704925 - Epoch: 0 Iteration: 38  train.loss : 6.90853  train.total_ips : 21687.35 img/s
DLL 2020-09-29 14:00:02.045889 - Epoch: 0 Iteration: 39  train.loss : 6.91735  train.total_ips : 24031.45 img/s
DLL 2020-09-29 14:00:02.395850 - Epoch: 0 Iteration: 40  train.loss : 6.90371  train.total_ips : 23419.33 img/s
DLL 2020-09-29 14:00:02.745582 - Epoch: 0 Iteration: 41  train.loss : 6.90866  train.total_ips : 23430.04 img/s
DLL 2020-09-29 14:00:03.099873 - Epoch: 0 Iteration: 42  train.loss : 33281924915003392.00000  train.total_ips : 23135.83 img/s
DLL 2020-09-29 14:00:03.500229 - Epoch: 0 Iteration: 43  train.loss : 6.90295  train.total_ips : 20488.84 img/s
DLL 2020-09-29 14:00:03.875461 - Epoch: 0 Iteration: 44  train.loss : 6.91481  train.total_ips : 21830.59 img/s
DLL 2020-09-29 14:00:04.262168 - Epoch: 0 Iteration: 45  train.loss : 6.90629  train.total_ips : 21191.69 img/s
DLL 2020-09-29 14:00:04.607671 - Epoch: 0 Iteration: 46  train.loss : 6.90570  train.total_ips : 23719.60 img/s
DLL 2020-09-29 14:00:04.959833 - Epoch: 0 Iteration: 47  train.loss : 6.90504  train.total_ips : 23268.60 img/s
DLL 2020-09-29 14:00:05.315065 - Epoch: 0 Iteration: 48  train.loss : 6.91350  train.total_ips : 23066.85 img/s
DLL 2020-09-29 14:00:05.782294 - Epoch: 0 Iteration: 49  train.loss : 6.90922  train.total_ips : 17537.88 img/s
DLL 2020-09-29 14:00:06.164059 - Epoch: 0 Iteration: 50  train.loss : 6.91091  train.total_ips : 21465.70 img/s
DLL 2020-09-29 14:00:06.509708 - Epoch: 0 Iteration: 51  train.loss : 6.91043  train.total_ips : 23707.91 img/s
DLL 2020-09-29 14:00:06.874801 - Epoch: 0 Iteration: 52  train.loss : 6.91727  train.total_ips : 22457.80 img/s
DLL 2020-09-29 14:00:07.220456 - Epoch: 0 Iteration: 53  train.loss : 6.90627  train.total_ips : 23702.86 img/s
DLL 2020-09-29 14:00:07.591517 - Epoch: 0 Iteration: 54  train.loss : 6.89887  train.total_ips : 22083.27 img/s
DLL 2020-09-29 14:00:07.945344 - Epoch: 0 Iteration: 55  train.loss : 6.89747  train.total_ips : 23173.45 img/s
DLL 2020-09-29 14:00:08.372532 - Epoch: 0 Iteration: 56  train.loss : 6.90473  train.total_ips : 19182.81 img/s
DLL 2020-09-29 14:00:08.721677 - Epoch: 0 Iteration: 57  train.loss : 6.90408  train.total_ips : 23470.87 img/s
DLL 2020-09-29 14:00:09.110781 - Epoch: 0 Iteration: 58  train.loss : 6.90572  train.total_ips : 21058.64 img/s
DLL 2020-09-29 14:00:09.801626 - Epoch: 0 Iteration: 59  train.loss : 6.90332  train.total_ips : 11859.46 img/s
DLL 2020-09-29 14:00:10.150833 - Epoch: 0 Iteration: 60  train.loss : 6.90510  train.total_ips : 23466.21 img/s
DLL 2020-09-29 14:00:10.500918 - Epoch: 0 Iteration: 61  train.loss : 6.90058  train.total_ips : 23406.69 img/s
DLL 2020-09-29 14:00:10.944065 - Epoch: 0 Iteration: 62  train.loss : 6.90162  train.total_ips : 18490.65 img/s
DLL 2020-09-29 14:00:11.325196 - Epoch: 0 Iteration: 63  train.loss : 6.90947  train.total_ips : 21499.64 img/s
DLL 2020-09-29 14:00:11.687050 - Epoch: 0 Iteration: 64  train.loss : 6.89669  train.total_ips : 22644.23 img/s
DLL 2020-09-29 14:00:12.089382 - Epoch: 0 Iteration: 65  train.loss : 6.90461  train.total_ips : 20371.60 img/s
DLL 2020-09-29 14:00:12.448235 - Epoch: 0 Iteration: 66  train.loss : 6.90366  train.total_ips : 22836.40 img/s
DLL 2020-09-29 14:00:12.795008 - Epoch: 0 Iteration: 67  train.loss : 6.90188  train.total_ips : 23628.84 img/s
DLL 2020-09-29 14:00:13.140325 - Epoch: 0 Iteration: 68  train.loss : 6.89930  train.total_ips : 23729.67 img/s
DLL 2020-09-29 14:00:13.488949 - Epoch: 0 Iteration: 69  train.loss : 6.90392  train.total_ips : 23506.26 img/s
DLL 2020-09-29 14:00:13.836897 - Epoch: 0 Iteration: 70  train.loss : 6.89753  train.total_ips : 23556.88 img/s
DLL 2020-09-29 14:00:14.187408 - Epoch: 0 Iteration: 71  train.loss : 6.89844  train.total_ips : 23410.12 img/s
DLL 2020-09-29 14:00:14.572431 - Epoch: 0 Iteration: 72  train.loss : 6.90465  train.total_ips : 21276.86 img/s
DLL 2020-09-29 14:00:14.927025 - Epoch: 0 Iteration: 73  train.loss : 6.89449  train.total_ips : 23109.86 img/s
DLL 2020-09-29 14:00:15.281320 - Epoch: 0 Iteration: 74  train.loss : 6.89619  train.total_ips : 23129.24 img/s
DLL 2020-09-29 14:00:15.618209 - Epoch: 0 Iteration: 75  train.loss : 6.90381  train.total_ips : 24325.31 img/s
DLL 2020-09-29 14:00:15.966114 - Epoch: 0 Iteration: 76  train.loss : 6.90799  train.total_ips : 23552.86 img/s
DLL 2020-09-29 14:00:16.511071 - Epoch: 0 Iteration: 77  train.loss : 6.91646  train.total_ips : 15035.26 img/s
DLL 2020-09-29 14:00:16.848331 - Epoch: 0 Iteration: 78  train.loss : 6.90361  train.total_ips : 24302.87 img/s
DLL 2020-09-29 14:00:17.205840 - Epoch: 0 Iteration: 79  train.loss : 6.90453  train.total_ips : 22922.92 img/s
DLL 2020-09-29 14:00:17.548128 - Epoch: 0 Iteration: 80  train.loss : 6.90659  train.total_ips : 23938.40 img/s
DLL 2020-09-29 14:00:17.905730 - Epoch: 0 Iteration: 81  train.loss : 6.91409  train.total_ips : 22914.24 img/s
DLL 2020-09-29 14:00:18.259962 - Epoch: 0 Iteration: 82  train.loss : 6.90670  train.total_ips : 23134.55 img/s
DLL 2020-09-29 14:00:18.611117 - Epoch: 0 Iteration: 83  train.loss : 6.90548  train.total_ips : 23339.74 img/s
DLL 2020-09-29 14:00:18.960158 - Epoch: 0 Iteration: 84  train.loss : 6.90574  train.total_ips : 23473.57 img/s
DLL 2020-09-29 14:00:19.318340 - Epoch: 0 Iteration: 85  train.loss : 6.90338  train.total_ips : 22882.02 img/s
DLL 2020-09-29 14:00:19.695869 - Epoch: 0 Iteration: 86  train.loss : 6.91517  train.total_ips : 21707.58 img/s
DLL 2020-09-29 14:00:20.043125 - Epoch: 0 Iteration: 87  train.loss : 6.89937  train.total_ips : 23599.43 img/s
DLL 2020-09-29 14:00:20.429301 - Epoch: 0 Iteration: 88  train.loss : 6.91066  train.total_ips : 21217.40 img/s
DLL 2020-09-29 14:00:20.779049 - Epoch: 0 Iteration: 89  train.loss : 6.90058  train.total_ips : 23427.78 img/s
DLL 2020-09-29 14:00:21.123983 - Epoch: 0 Iteration: 90  train.loss : 6.89424  train.total_ips : 23755.42 img/s
DLL 2020-09-29 14:00:21.483786 - Epoch: 0 Iteration: 91  train.loss : 6.90125  train.total_ips : 22785.94 img/s
DLL 2020-09-29 14:00:21.826798 - Epoch: 0 Iteration: 92  train.loss : 6.90564  train.total_ips : 23888.10 img/s
DLL 2020-09-29 14:00:22.183707 - Epoch: 0 Iteration: 93  train.loss : 6.90054  train.total_ips : 22957.17 img/s
DLL 2020-09-29 14:00:22.559334 - Epoch: 0 Iteration: 94  train.loss : 6.90187  train.total_ips : 21815.39 img/s
DLL 2020-09-29 14:00:22.963650 - Epoch: 0 Iteration: 95  train.loss : 6.90171  train.total_ips : 20266.21 img/s
DLL 2020-09-29 14:00:23.311992 - Epoch: 0 Iteration: 96  train.loss : 6.90427  train.total_ips : 23523.85 img/s
DLL 2020-09-29 14:00:23.702784 - Epoch: 0 Iteration: 97  train.loss : 6.91169  train.total_ips : 20974.57 img/s
DLL 2020-09-29 14:00:24.045641 - Epoch: 0 Iteration: 98  train.loss : 6.90091  train.total_ips : 23897.79 img/s
DLL 2020-09-29 14:00:24.401804 - Epoch: 0 Iteration: 99  train.loss : 6.90217  train.total_ips : 23009.79 img/s
DLL 2020-09-29 14:00:24.765363 - Epoch: 0 Iteration: 100  train.loss : 6.90037  train.total_ips : 22541.01 img/s
DLL 2020-09-29 14:00:25.110358 - Epoch: 0 Iteration: 101  train.loss : 6.89851  train.total_ips : 23756.40 img/s
DLL 2020-09-29 14:00:25.453108 - Epoch: 0 Iteration: 102  train.loss : 6.89384  train.total_ips : 23911.39 img/s
DLL 2020-09-29 14:00:25.805749 - Epoch: 0 Iteration: 103  train.loss : 6.90204  train.total_ips : 23235.19 img/s
DLL 2020-09-29 14:00:26.169503 - Epoch: 0 Iteration: 104  train.loss : 6.89494  train.total_ips : 22534.55 img/s
Gradient overflow.  Skipping step, loss scaler 0 reducing loss scale to 16384.0
DLL 2020-09-29 14:00:26.527595 - Epoch: 0 Iteration: 105  train.loss : 6.89967  train.total_ips : 22879.68 img/s
DLL 2020-09-29 14:00:26.883392 - Epoch: 0 Iteration: 106  train.loss : 6.90255  train.total_ips : 23034.73 img/s
DLL 2020-09-29 14:00:27.220174 - Epoch: 0 Iteration: 107  train.loss : 6.89473  train.total_ips : 24330.97 img/s
DLL 2020-09-29 14:00:27.567756 - Epoch: 0 Iteration: 108  train.loss : 6.90045  train.total_ips : 23575.42 img/s
DLL 2020-09-29 14:00:27.917434 - Epoch: 0 Iteration: 109  train.loss : 6.91704  train.total_ips : 23434.93 img/s
DLL 2020-09-29 14:00:28.272801 - Epoch: 0 Iteration: 110  train.loss : 33581388.00000  train.total_ips : 23064.70 img/s
DLL 2020-09-29 14:00:28.627169 - Epoch: 0 Iteration: 111  train.loss : 6.91179  train.total_ips : 23122.70 img/s
DLL 2020-09-29 14:00:28.972372 - Epoch: 0 Iteration: 112  train.loss : 6.91138  train.total_ips : 23738.28 img/s
DLL 2020-09-29 14:00:29.328844 - Epoch: 0 Iteration: 113  train.loss : 6.90595  train.total_ips : 22989.02 img/s
DLL 2020-09-29 14:00:29.704469 - Epoch: 0 Iteration: 114  train.loss : 6.93168  train.total_ips : 21814.50 img/s
DLL 2020-09-29 14:00:30.054779 - Epoch: 0 Iteration: 115  train.loss : 6.91335  train.total_ips : 23393.75 img/s
DLL 2020-09-29 14:00:30.399222 - Epoch: 0 Iteration: 116  train.loss : 6.92730  train.total_ips : 23790.86 img/s
DLL 2020-09-29 14:00:30.749192 - Epoch: 0 Iteration: 117  train.loss : 6.91412  train.total_ips : 23419.70 img/s
DLL 2020-09-29 14:00:31.120787 - Epoch: 0 Iteration: 118  train.loss : 6.90531  train.total_ips : 22052.46 img/s
DLL 2020-09-29 14:00:31.465638 - Epoch: 0 Iteration: 119  train.loss : 6.88805  train.total_ips : 23762.40 img/s
DLL 2020-09-29 14:00:31.879075 - Epoch: 0 Iteration: 120  train.loss : 6.90940  train.total_ips : 19818.23 img/s
/opt/dali/dali/image/jpeg_mem.cc:338: Premature end of JPEG data. Stopped at line 272/440
DLL 2020-09-29 14:00:32.228053 - Epoch: 0 Iteration: 121  train.loss : 6.89863  train.total_ips : 23479.89 img/s
DLL 2020-09-29 14:00:32.623955 - Epoch: 0 Iteration: 122  train.loss : 6.90601  train.total_ips : 20696.34 img/s
DLL 2020-09-29 14:00:32.997777 - Epoch: 0 Iteration: 123  train.loss : 6.89746  train.total_ips : 21919.31 img/s
DLL 2020-09-29 14:00:33.477117 - Epoch: 0 Iteration: 124  train.loss : 6.90055  train.total_ips : 17093.10 img/s
DLL 2020-09-29 14:00:33.826279 - Epoch: 0 Iteration: 125  train.loss : 6.89872  train.total_ips : 23468.90 img/s
DLL 2020-09-29 14:00:34.175592 - Epoch: 0 Iteration: 126  train.loss : 6.89948  train.total_ips : 23462.22 img/s
DLL 2020-09-29 14:00:34.551936 - Epoch: 0 Iteration: 127  train.loss : 6.90052  train.total_ips : 21772.18 img/s
DLL 2020-09-29 14:00:34.906663 - Epoch: 0 Iteration: 128  train.loss : 6.91204  train.total_ips : 23105.73 img/s
DLL 2020-09-29 14:00:35.307076 - Epoch: 0 Iteration: 129  train.loss : 6.90573  train.total_ips : 20470.50 img/s
DLL 2020-09-29 14:00:35.655760 - Epoch: 0 Iteration: 130  train.loss : 6.89472  train.total_ips : 23499.33 img/s
DLL 2020-09-29 14:00:36.003730 - Epoch: 0 Iteration: 131  train.loss : 6.90007  train.total_ips : 23556.37 img/s
DLL 2020-09-29 14:00:36.465746 - Epoch: 0 Iteration: 132  train.loss : 6.90032  train.total_ips : 17734.99 img/s
DLL 2020-09-29 14:00:36.887251 - Epoch: 0 Iteration: 133  train.loss : 6.90060  train.total_ips : 19440.78 img/s
DLL 2020-09-29 14:00:37.263808 - Epoch: 0 Iteration: 134  train.loss : 6.89403  train.total_ips : 21760.18 img/s
DLL 2020-09-29 14:00:37.624102 - Epoch: 0 Iteration: 135  train.loss : 6.89559  train.total_ips : 22741.65 img/s
DLL 2020-09-29 14:00:37.984540 - Epoch: 0 Iteration: 136  train.loss : 6.89256  train.total_ips : 22733.82 img/s
DLL 2020-09-29 14:00:38.336698 - Epoch: 0 Iteration: 137  train.loss : 6.88520  train.total_ips : 23270.13 img/s
DLL 2020-09-29 14:00:38.683042 - Epoch: 0 Iteration: 138  train.loss : 6.91420  train.total_ips : 23658.09 img/s
DLL 2020-09-29 14:00:39.053808 - Epoch: 0 Iteration: 139  train.loss : 6.90419  train.total_ips : 22100.13 img/s
DLL 2020-09-29 14:00:39.402734 - Epoch: 0 Iteration: 140  train.loss : 6.90876  train.total_ips : 23483.99 img/s
DLL 2020-09-29 14:00:39.760751 - Epoch: 0 Iteration: 141  train.loss : 6.90263  train.total_ips : 22890.36 img/s
DLL 2020-09-29 14:00:40.134574 - Epoch: 0 Iteration: 142  train.loss : 6.92721  train.total_ips : 21919.28 img/s
DLL 2020-09-29 14:00:40.480460 - Epoch: 0 Iteration: 143  train.loss : 6.89867  train.total_ips : 23690.47 img/s
DLL 2020-09-29 14:00:41.080143 - Epoch: 0 Iteration: 144  train.loss : 6.89436  train.total_ips : 13662.84 img/s
DLL 2020-09-29 14:00:41.442529 - Epoch: 0 Iteration: 145  train.loss : 6.90511  train.total_ips : 22613.90 img/s
DLL 2020-09-29 14:00:41.787546 - Epoch: 0 Iteration: 146  train.loss : 6.90131  train.total_ips : 23754.40 img/s
DLL 2020-09-29 14:00:42.136407 - Epoch: 0 Iteration: 147  train.loss : 6.90669  train.total_ips : 23498.48 img/s
Gradient overflow.  Skipping step, loss scaler 0 reducing loss scale to 8192.0
DLL 2020-09-29 14:00:42.478494 - Epoch: 0 Iteration: 148  train.loss : 6.91287  train.total_ips : 23959.68 img/s
DLL 2020-09-29 14:00:42.838101 - Epoch: 0 Iteration: 149  train.loss : 6.92099  train.total_ips : 22788.12 img/s
DLL 2020-09-29 14:00:43.207694 - Epoch: 0  train.loss : 221879499657239.46875  train.total_ips : 22255.41 img/s
DLL 2020-09-29 14:00:43.207852 - Epoch: 0  lr : 0.256  train.compute_ips : 22383.96 img/s train.data_time : 0.00242 s train.compute_time : 0.48330 s
DLL 2020-09-29 14:00:43.207958 - Summary: train.loss : 221879499657239.46875  train.total_ips : 22255.41 img/s
DLL 2020-09-29 14:00:43.208003 - Summary: lr : 0.256  train.compute_ips : 22383.96 img/s train.data_time : 0.00242 s train.compute_time : 0.48330 s
Experiment ended
['/opt/conda/bin/python', '-u', '/workspace/rn50/main.py', '--data-backend', 'dali-cpu', '--raport-file', '/workspace/rn50/raport.json', '-j5', '-p', '1', '--lr', '2.048', '--optimizer-batch-size', '-1', '--warmup', '8', '--arch', 'resnet50', '-c', 'fanin', '--label-smoothing', '0.1', '--lr-schedule', 'cosine', '--mom', '0.125', '--wd', '3.0517578125e-05', '--workspace', '/workspace/rn50', '-b', '256', '--epochs', '1', '--prof', '150', '--training-only', '--no-checkpoints', '--amp', '--dynamic-loss-scale', '/data/image']
['/opt/conda/bin/python', '-u', '/workspace/rn50/main.py', '--data-backend', 'dali-cpu', '--raport-file', '/workspace/rn50/raport.json', '-j5', '-p', '1', '--lr', '2.048', '--optimizer-batch-size', '-1', '--warmup', '8', '--arch', 'resnet50', '-c', 'fanin', '--label-smoothing', '0.1', '--lr-schedule', 'cosine', '--mom', '0.125', '--wd', '3.0517578125e-05', '--workspace', '/workspace/rn50', '-b', '256', '--epochs', '1', '--prof', '150', '--training-only', '--no-checkpoints', '--amp', '--dynamic-loss-scale', '/data/image']
['/opt/conda/bin/python', '-u', '/workspace/rn50/main.py', '--data-backend', 'dali-cpu', '--raport-file', '/workspace/rn50/raport.json', '-j5', '-p', '1', '--lr', '2.048', '--optimizer-batch-size', '-1', '--warmup', '8', '--arch', 'resnet50', '-c', 'fanin', '--label-smoothing', '0.1', '--lr-schedule', 'cosine', '--mom', '0.125', '--wd', '3.0517578125e-05', '--workspace', '/workspace/rn50', '-b', '256', '--epochs', '1', '--prof', '150', '--training-only', '--no-checkpoints', '--amp', '--dynamic-loss-scale', '/data/image']
['/opt/conda/bin/python', '-u', '/workspace/rn50/main.py', '--data-backend', 'dali-cpu', '--raport-file', '/workspace/rn50/raport.json', '-j5', '-p', '1', '--lr', '2.048', '--optimizer-batch-size', '-1', '--warmup', '8', '--arch', 'resnet50', '-c', 'fanin', '--label-smoothing', '0.1', '--lr-schedule', 'cosine', '--mom', '0.125', '--wd', '3.0517578125e-05', '--workspace', '/workspace/rn50', '-b', '256', '--epochs', '1', '--prof', '150', '--training-only', '--no-checkpoints', '--amp', '--dynamic-loss-scale', '/data/image']
['/opt/conda/bin/python', '-u', '/workspace/rn50/main.py', '--data-backend', 'dali-cpu', '--raport-file', '/workspace/rn50/raport.json', '-j5', '-p', '1', '--lr', '2.048', '--optimizer-batch-size', '-1', '--warmup', '8', '--arch', 'resnet50', '-c', 'fanin', '--label-smoothing', '0.1', '--lr-schedule', 'cosine', '--mom', '0.125', '--wd', '3.0517578125e-05', '--workspace', '/workspace/rn50', '-b', '256', '--epochs', '1', '--prof', '150', '--training-only', '--no-checkpoints', '--amp', '--dynamic-loss-scale', '/data/image']
['/opt/conda/bin/python', '-u', '/workspace/rn50/main.py', '--data-backend', 'dali-cpu', '--raport-file', '/workspace/rn50/raport.json', '-j5', '-p', '1', '--lr', '2.048', '--optimizer-batch-size', '-1', '--warmup', '8', '--arch', 'resnet50', '-c', 'fanin', '--label-smoothing', '0.1', '--lr-schedule', 'cosine', '--mom', '0.125', '--wd', '3.0517578125e-05', '--workspace', '/workspace/rn50', '-b', '256', '--epochs', '1', '--prof', '150', '--training-only', '--no-checkpoints', '--amp', '--dynamic-loss-scale', '/data/image']
['/opt/conda/bin/python', '-u', '/workspace/rn50/main.py', '--data-backend', 'dali-cpu', '--raport-file', '/workspace/rn50/raport.json', '-j5', '-p', '1', '--lr', '2.048', '--optimizer-batch-size', '-1', '--warmup', '8', '--arch', 'resnet50', '-c', 'fanin', '--label-smoothing', '0.1', '--lr-schedule', 'cosine', '--mom', '0.125', '--wd', '3.0517578125e-05', '--workspace', '/workspace/rn50', '-b', '256', '--epochs', '1', '--prof', '150', '--training-only', '--no-checkpoints', '--amp', '--dynamic-loss-scale', '/data/image']
['/opt/conda/bin/python', '-u', '/workspace/rn50/main.py', '--data-backend', 'dali-cpu', '--raport-file', '/workspace/rn50/raport.json', '-j5', '-p', '1', '--lr', '2.048', '--optimizer-batch-size', '-1', '--warmup', '8', '--arch', 'resnet50', '-c', 'fanin', '--label-smoothing', '0.1', '--lr-schedule', 'cosine', '--mom', '0.125', '--wd', '3.0517578125e-05', '--workspace', '/workspace/rn50', '-b', '256', '--epochs', '1', '--prof', '150', '--training-only', '--no-checkpoints', '--amp', '--dynamic-loss-scale', '/data/image']
