+ python /workspace/rn50/multiproc.py --nnodes 4 --node_rank 0 --nproc_per_node 8 --master_addr 10.11.0.2 --master_port=22333 /workspace/rn50/main.py --data-backend dali-cpu --raport-file /workspace/rn50/raport.json -j5 -p 1 --lr 2.048 --optimizer-batch-size -1 --warmup 8 --arch resnet50 -c fanin --label-smoothing 0.1 --lr-schedule cosine --mom 0.125 --wd 3.0517578125e-05 --workspace /workspace/rn50 -b 256 --epochs 1 --prof 150 --training-only --no-checkpoints --amp --dynamic-loss-scale /data/image
=> creating model '('resnet50', 'fanin', 1000)'
Version: {'net': <class 'image_classification.resnet.ResNet'>, 'block': <class 'image_classification.resnet.Bottleneck'>, 'layers': [3, 4, 6, 3], 'widths': [64, 128, 256, 512], 'expansion': 4}
Config: {'conv': <class 'torch.nn.modules.conv.Conv2d'>, 'conv_init': 'fan_in', 'nonlinearity': 'relu', 'last_bn_0_init': False, 'activation': <function <lambda> at 0x7fa9fa34b9d8>}
Num classes: 1000
i'm distributed in dali~~~~~~~~~~~~~~~~~
rank in dali:  0
world_size in dali:  32
read 3545488 files from 2792 directories
read 50000 files from 1000 directories
DLL 2020-09-29 14:01:32.628633 - PARAMETER data : /data/image  data_backend : dali-cpu  arch : resnet50  model_config : fanin  num_classes : 1000  workers : 5  epochs : 1  run_epochs : -1  batch_size : 256  optimizer_batch_size : -1  lr : 2.048  lr_schedule : cosine  warmup : 8  label_smoothing : 0.1  mixup : 0.0  momentum : 0.125  weight_decay : 3.0517578125e-05  bn_weight_decay : False  nesterov : False  print_freq : 1  resume : None  pretrained_weights :   fp16 : False  static_loss_scale : 1  dynamic_loss_scale : True  prof : 150  amp : True  seed : None  gather_checkpoints : False  raport_file : /workspace/rn50/raport.json  evaluate : False  training_only : True  save_checkpoints : False  checkpoint_filename : checkpoint.pth.tar  workspace : /workspace/rn50  memory_format : nchw  distributed : True  local_rank : 0  gpu : 8  world_size : 32 
 ! Weight decay NOT applied to BN parameters 
98
63
Selected optimization level O1:  Insert automatic casts around Pytorch functions and Tensor methods.

Defaults for this optimization level are:
enabled                : True
opt_level              : O1
cast_model_type        : None
patch_torch_functions  : True
keep_batchnorm_fp32    : None
master_weights         : None
loss_scale             : dynamic
Processing user overrides (additional kwargs that are not None)...
After processing overrides, optimization options are:
enabled                : True
opt_level              : O1
cast_model_type        : None
patch_torch_functions  : True
keep_batchnorm_fp32    : None
master_weights         : None
loss_scale             : dynamic
RUNNING EPOCHS FROM 0 TO 1
DLL 2020-09-29 14:01:53.259189 - Epoch: 0 Iteration: 1  train.loss : 7.05731  train.total_ips : 476.66 img/s
DLL 2020-09-29 14:01:53.895654 - Epoch: 0 Iteration: 2  train.loss : 6.95826  train.total_ips : 12871.51 img/s
DLL 2020-09-29 14:01:54.249207 - Epoch: 0 Iteration: 3  train.loss : 6.92236  train.total_ips : 23176.23 img/s
DLL 2020-09-29 14:01:54.599925 - Epoch: 0 Iteration: 4  train.loss : 6.91254  train.total_ips : 23365.45 img/s
DLL 2020-09-29 14:01:54.947216 - Epoch: 0 Iteration: 5  train.loss : 6.91130  train.total_ips : 23594.12 img/s
DLL 2020-09-29 14:01:55.310312 - Epoch: 0 Iteration: 6  train.loss : 6.90937  train.total_ips : 22568.15 img/s
DLL 2020-09-29 14:01:55.654686 - Epoch: 0 Iteration: 7  train.loss : 6.89604  train.total_ips : 23793.75 img/s
DLL 2020-09-29 14:01:55.998076 - Epoch: 0 Iteration: 8  train.loss : 6.90782  train.total_ips : 23862.37 img/s
DLL 2020-09-29 14:01:56.347531 - Epoch: 0 Iteration: 9  train.loss : 6.90075  train.total_ips : 23454.74 img/s
DLL 2020-09-29 14:01:56.695536 - Epoch: 0 Iteration: 10  train.loss : 6.90081  train.total_ips : 23546.86 img/s
DLL 2020-09-29 14:01:57.058832 - Epoch: 0 Iteration: 11  train.loss : 6.89887  train.total_ips : 22554.63 img/s
DLL 2020-09-29 14:01:57.414581 - Epoch: 0 Iteration: 12  train.loss : 6.90359  train.total_ips : 23032.29 img/s
DLL 2020-09-29 14:01:57.775470 - Epoch: 0 Iteration: 13  train.loss : 6.89728  train.total_ips : 22707.08 img/s
DLL 2020-09-29 14:01:58.125734 - Epoch: 0 Iteration: 14  train.loss : 6.89416  train.total_ips : 23395.94 img/s
DLL 2020-09-29 14:01:58.472653 - Epoch: 0 Iteration: 15  train.loss : 6.89101  train.total_ips : 23628.45 img/s
DLL 2020-09-29 14:01:58.849352 - Epoch: 0 Iteration: 16  train.loss : 6.90653  train.total_ips : 21749.78 img/s
DLL 2020-09-29 14:01:59.192970 - Epoch: 0 Iteration: 17  train.loss : 6.89629  train.total_ips : 23848.21 img/s
DLL 2020-09-29 14:01:59.571946 - Epoch: 0 Iteration: 18  train.loss : 6.90304  train.total_ips : 21621.36 img/s
DLL 2020-09-29 14:01:59.926640 - Epoch: 0 Iteration: 19  train.loss : 6.89087  train.total_ips : 23102.88 img/s
DLL 2020-09-29 14:02:00.262090 - Epoch: 0 Iteration: 20  train.loss : 6.90402  train.total_ips : 24426.23 img/s
Gradient overflow.  Skipping step, loss scaler 0 reducing loss scale to 32768.0
DLL 2020-09-29 14:02:00.605343 - Epoch: 0 Iteration: 21  train.loss : 6.87711  train.total_ips : 23871.04 img/s
DLL 2020-09-29 14:02:00.948484 - Epoch: 0 Iteration: 22  train.loss : 6.90202  train.total_ips : 23878.77 img/s
DLL 2020-09-29 14:02:01.303940 - Epoch: 0 Iteration: 23  train.loss : 6.89468  train.total_ips : 23053.91 img/s
DLL 2020-09-29 14:02:01.644996 - Epoch: 0 Iteration: 24  train.loss : 6.90301  train.total_ips : 24024.29 img/s
DLL 2020-09-29 14:02:02.001590 - Epoch: 0 Iteration: 25  train.loss : 6.90253  train.total_ips : 22978.54 img/s
DLL 2020-09-29 14:02:02.349643 - Epoch: 0 Iteration: 26  train.loss : 6.90213  train.total_ips : 23542.84 img/s
DLL 2020-09-29 14:02:02.699087 - Epoch: 0 Iteration: 27  train.loss : 6.89871  train.total_ips : 23457.51 img/s
DLL 2020-09-29 14:02:03.049502 - Epoch: 0 Iteration: 28  train.loss : 6.90537  train.total_ips : 23380.19 img/s
DLL 2020-09-29 14:02:03.656401 - Epoch: 0 Iteration: 29  train.loss : 6.90601  train.total_ips : 13499.90 img/s
DLL 2020-09-29 14:02:04.020618 - Epoch: 0 Iteration: 30  train.loss : 6.90428  train.total_ips : 22499.83 img/s
DLL 2020-09-29 14:02:04.373068 - Epoch: 0 Iteration: 31  train.loss : 6.89676  train.total_ips : 23250.71 img/s
DLL 2020-09-29 14:02:04.714017 - Epoch: 0 Iteration: 32  train.loss : 6.90132  train.total_ips : 24033.15 img/s
DLL 2020-09-29 14:02:05.071092 - Epoch: 0 Iteration: 33  train.loss : 6.92091  train.total_ips : 22950.24 img/s
DLL 2020-09-29 14:02:05.405490 - Epoch: 0 Iteration: 34  train.loss : 6.90796  train.total_ips : 24504.41 img/s
DLL 2020-09-29 14:02:05.758707 - Epoch: 0 Iteration: 35  train.loss : 6.90767  train.total_ips : 23198.34 img/s
DLL 2020-09-29 14:02:06.108301 - Epoch: 0 Iteration: 36  train.loss : 6.92114  train.total_ips : 23440.03 img/s
DLL 2020-09-29 14:02:06.455656 - Epoch: 0 Iteration: 37  train.loss : 6.90364  train.total_ips : 23601.85 img/s
DLL 2020-09-29 14:02:06.802423 - Epoch: 0 Iteration: 38  train.loss : 6.91547  train.total_ips : 23625.01 img/s
DLL 2020-09-29 14:02:07.200853 - Epoch: 0 Iteration: 39  train.loss : 6.91137  train.total_ips : 20565.65 img/s
DLL 2020-09-29 14:02:07.546008 - Epoch: 0 Iteration: 40  train.loss : 6.90590  train.total_ips : 23739.94 img/s
DLL 2020-09-29 14:02:07.893064 - Epoch: 0 Iteration: 41  train.loss : 6.91710  train.total_ips : 23610.06 img/s
DLL 2020-09-29 14:02:08.250285 - Epoch: 0 Iteration: 42  train.loss : 6.90761  train.total_ips : 22940.80 img/s
DLL 2020-09-29 14:02:08.621004 - Epoch: 0 Iteration: 43  train.loss : -356301701120.00000  train.total_ips : 22101.85 img/s
DLL 2020-09-29 14:02:08.972470 - Epoch: 0 Iteration: 44  train.loss : 6.91519  train.total_ips : 23317.00 img/s
DLL 2020-09-29 14:02:09.330963 - Epoch: 0 Iteration: 45  train.loss : 6.90748  train.total_ips : 22858.11 img/s
DLL 2020-09-29 14:02:09.723555 - Epoch: 0 Iteration: 46  train.loss : 6.91042  train.total_ips : 20870.73 img/s
DLL 2020-09-29 14:02:10.111762 - Epoch: 0 Iteration: 47  train.loss : 6.90295  train.total_ips : 21106.48 img/s
DLL 2020-09-29 14:02:10.468592 - Epoch: 0 Iteration: 48  train.loss : 6.91548  train.total_ips : 22962.23 img/s
DLL 2020-09-29 14:02:10.816552 - Epoch: 0 Iteration: 49  train.loss : 6.90842  train.total_ips : 23548.76 img/s
DLL 2020-09-29 14:02:11.184167 - Epoch: 0 Iteration: 50  train.loss : 6.90918  train.total_ips : 22290.43 img/s
DLL 2020-09-29 14:02:11.522245 - Epoch: 0 Iteration: 51  train.loss : 6.90337  train.total_ips : 24237.61 img/s
DLL 2020-09-29 14:02:11.874109 - Epoch: 0 Iteration: 52  train.loss : 6.90882  train.total_ips : 23287.63 img/s
DLL 2020-09-29 14:02:12.239430 - Epoch: 0 Iteration: 53  train.loss : 6.90359  train.total_ips : 22428.86 img/s
DLL 2020-09-29 14:02:12.585056 - Epoch: 0 Iteration: 54  train.loss : 6.89393  train.total_ips : 23707.29 img/s
DLL 2020-09-29 14:02:12.941736 - Epoch: 0 Iteration: 55  train.loss : 6.90124  train.total_ips : 22983.59 img/s
DLL 2020-09-29 14:02:13.289641 - Epoch: 0 Iteration: 56  train.loss : 6.90913  train.total_ips : 23548.44 img/s
DLL 2020-09-29 14:02:13.637853 - Epoch: 0 Iteration: 57  train.loss : 6.90982  train.total_ips : 23531.92 img/s
DLL 2020-09-29 14:02:13.988760 - Epoch: 0 Iteration: 58  train.loss : 6.90961  train.total_ips : 23352.53 img/s
DLL 2020-09-29 14:02:14.705007 - Epoch: 0 Iteration: 59  train.loss : 6.90870  train.total_ips : 11438.55 img/s
DLL 2020-09-29 14:02:15.072935 - Epoch: 0 Iteration: 60  train.loss : 6.90683  train.total_ips : 22270.65 img/s
DLL 2020-09-29 14:02:15.429388 - Epoch: 0 Iteration: 61  train.loss : 6.90713  train.total_ips : 22986.19 img/s
DLL 2020-09-29 14:02:15.777639 - Epoch: 0 Iteration: 62  train.loss : 6.90261  train.total_ips : 23531.15 img/s
DLL 2020-09-29 14:02:16.140941 - Epoch: 0 Iteration: 63  train.loss : 6.90972  train.total_ips : 22558.03 img/s
DLL 2020-09-29 14:02:16.483763 - Epoch: 0 Iteration: 64  train.loss : 6.89843  train.total_ips : 23899.83 img/s
DLL 2020-09-29 14:02:16.835620 - Epoch: 0 Iteration: 65  train.loss : 6.90457  train.total_ips : 23288.20 img/s
DLL 2020-09-29 14:02:17.189080 - Epoch: 0 Iteration: 66  train.loss : 6.90473  train.total_ips : 23183.66 img/s
DLL 2020-09-29 14:02:17.525505 - Epoch: 0 Iteration: 67  train.loss : 6.90544  train.total_ips : 24355.53 img/s
DLL 2020-09-29 14:02:17.883190 - Epoch: 0 Iteration: 68  train.loss : 6.90804  train.total_ips : 22908.71 img/s
DLL 2020-09-29 14:02:18.233529 - Epoch: 0 Iteration: 69  train.loss : 6.90702  train.total_ips : 23391.38 img/s
DLL 2020-09-29 14:02:18.579708 - Epoch: 0 Iteration: 70  train.loss : 6.90262  train.total_ips : 23672.27 img/s
DLL 2020-09-29 14:02:19.081204 - Epoch: 0 Iteration: 71  train.loss : 6.90661  train.total_ips : 16338.93 img/s
DLL 2020-09-29 14:02:19.424871 - Epoch: 0 Iteration: 72  train.loss : 6.91066  train.total_ips : 23843.20 img/s
DLL 2020-09-29 14:02:19.824064 - Epoch: 0 Iteration: 73  train.loss : 6.89985  train.total_ips : 20526.97 img/s
DLL 2020-09-29 14:02:20.169336 - Epoch: 0 Iteration: 74  train.loss : 6.90460  train.total_ips : 23733.22 img/s
DLL 2020-09-29 14:02:20.521469 - Epoch: 0 Iteration: 75  train.loss : 6.89968  train.total_ips : 23272.30 img/s
DLL 2020-09-29 14:02:20.855953 - Epoch: 0 Iteration: 76  train.loss : 6.90336  train.total_ips : 24495.87 img/s
DLL 2020-09-29 14:02:21.200957 - Epoch: 0 Iteration: 77  train.loss : 6.91765  train.total_ips : 23749.93 img/s
DLL 2020-09-29 14:02:21.547002 - Epoch: 0 Iteration: 78  train.loss : 6.89714  train.total_ips : 23678.93 img/s
DLL 2020-09-29 14:02:21.949438 - Epoch: 0 Iteration: 79  train.loss : 7.59863  train.total_ips : 20360.43 img/s
DLL 2020-09-29 14:02:22.330886 - Epoch: 0 Iteration: 80  train.loss : 7.35473  train.total_ips : 21479.87 img/s
DLL 2020-09-29 14:02:22.675534 - Epoch: 0 Iteration: 81  train.loss : 7.04262  train.total_ips : 23775.24 img/s
DLL 2020-09-29 14:02:23.042929 - Epoch: 0 Iteration: 82  train.loss : 7.00294  train.total_ips : 22302.50 img/s
DLL 2020-09-29 14:02:23.391896 - Epoch: 0 Iteration: 83  train.loss : 6.98404  train.total_ips : 23482.12 img/s
DLL 2020-09-29 14:02:23.742263 - Epoch: 0 Iteration: 84  train.loss : 6.94740  train.total_ips : 23388.85 img/s
DLL 2020-09-29 14:02:24.144219 - Epoch: 0 Iteration: 85  train.loss : 6.93793  train.total_ips : 20385.41 img/s
DLL 2020-09-29 14:02:24.505312 - Epoch: 0 Iteration: 86  train.loss : 6.93994  train.total_ips : 22694.93 img/s
DLL 2020-09-29 14:02:24.853421 - Epoch: 0 Iteration: 87  train.loss : 6.94149  train.total_ips : 23540.60 img/s
DLL 2020-09-29 14:02:25.194875 - Epoch: 0 Iteration: 88  train.loss : 6.97767  train.total_ips : 24006.49 img/s
DLL 2020-09-29 14:02:25.554836 - Epoch: 0 Iteration: 89  train.loss : 3467999.75000  train.total_ips : 22763.36 img/s
DLL 2020-09-29 14:02:25.890763 - Epoch: 0 Iteration: 90  train.loss : 6.93666  train.total_ips : 24393.43 img/s
DLL 2020-09-29 14:02:26.235848 - Epoch: 0 Iteration: 91  train.loss : 6.94788  train.total_ips : 23744.60 img/s
DLL 2020-09-29 14:02:26.582011 - Epoch: 0 Iteration: 92  train.loss : 6.94063  train.total_ips : 23670.63 img/s
DLL 2020-09-29 14:02:26.932624 - Epoch: 0 Iteration: 93  train.loss : 6.93611  train.total_ips : 23370.46 img/s
DLL 2020-09-29 14:02:27.277479 - Epoch: 0 Iteration: 94  train.loss : 6.95915  train.total_ips : 23760.34 img/s
DLL 2020-09-29 14:02:27.629663 - Epoch: 0 Iteration: 95  train.loss : 6.95503  train.total_ips : 23266.38 img/s
DLL 2020-09-29 14:02:28.009424 - Epoch: 0 Iteration: 96  train.loss : 6.93025  train.total_ips : 21578.93 img/s
DLL 2020-09-29 14:02:28.353002 - Epoch: 0 Iteration: 97  train.loss : 6.93172  train.total_ips : 23849.73 img/s
DLL 2020-09-29 14:02:28.717194 - Epoch: 0 Iteration: 98  train.loss : 6.94641  train.total_ips : 22502.19 img/s
DLL 2020-09-29 14:02:29.066030 - Epoch: 0 Iteration: 99  train.loss : 6.92820  train.total_ips : 23490.11 img/s
DLL 2020-09-29 14:02:29.409971 - Epoch: 0 Iteration: 100  train.loss : 6.94507  train.total_ips : 23827.52 img/s
DLL 2020-09-29 14:02:29.747736 - Epoch: 0 Iteration: 101  train.loss : 6.93528  train.total_ips : 24259.39 img/s
DLL 2020-09-29 14:02:30.140355 - Epoch: 0 Iteration: 102  train.loss : 6.92849  train.total_ips : 20873.42 img/s
DLL 2020-09-29 14:02:30.621227 - Epoch: 0 Iteration: 103  train.loss : 6.93250  train.total_ips : 17038.45 img/s
DLL 2020-09-29 14:02:30.965304 - Epoch: 0 Iteration: 104  train.loss : 6.93967  train.total_ips : 23813.98 img/s
DLL 2020-09-29 14:02:31.317540 - Epoch: 0 Iteration: 105  train.loss : 6.92709  train.total_ips : 23264.75 img/s
DLL 2020-09-29 14:02:31.657619 - Epoch: 0 Iteration: 106  train.loss : 6.90818  train.total_ips : 24093.06 img/s
DLL 2020-09-29 14:02:32.004177 - Epoch: 0 Iteration: 107  train.loss : 6.94333  train.total_ips : 23644.03 img/s
DLL 2020-09-29 14:02:32.346572 - Epoch: 0 Iteration: 108  train.loss : 6.94708  train.total_ips : 23939.00 img/s
DLL 2020-09-29 14:02:32.697023 - Epoch: 0 Iteration: 109  train.loss : 6.94031  train.total_ips : 23382.37 img/s
DLL 2020-09-29 14:02:33.040977 - Epoch: 0 Iteration: 110  train.loss : 6.93008  train.total_ips : 23822.02 img/s
DLL 2020-09-29 14:02:33.398573 - Epoch: 0 Iteration: 111  train.loss : 6.93383  train.total_ips : 22915.70 img/s
DLL 2020-09-29 14:02:33.733575 - Epoch: 0 Iteration: 112  train.loss : 6.96581  train.total_ips : 24458.76 img/s
DLL 2020-09-29 14:02:34.082049 - Epoch: 0 Iteration: 113  train.loss : 6.94759  train.total_ips : 23516.27 img/s
DLL 2020-09-29 14:02:34.423827 - Epoch: 0 Iteration: 114  train.loss : 6.93818  train.total_ips : 23974.44 img/s
DLL 2020-09-29 14:02:34.845739 - Epoch: 0 Iteration: 115  train.loss : 6.94827  train.total_ips : 19420.21 img/s
DLL 2020-09-29 14:02:35.202239 - Epoch: 0 Iteration: 116  train.loss : 6.93501  train.total_ips : 22989.65 img/s
DLL 2020-09-29 14:02:35.558124 - Epoch: 0 Iteration: 117  train.loss : 6.93782  train.total_ips : 23025.60 img/s
DLL 2020-09-29 14:02:35.893817 - Epoch: 0 Iteration: 118  train.loss : 6.93536  train.total_ips : 24410.19 img/s
DLL 2020-09-29 14:02:36.240997 - Epoch: 0 Iteration: 119  train.loss : 6.94132  train.total_ips : 23601.61 img/s
DLL 2020-09-29 14:02:36.588385 - Epoch: 0 Iteration: 120  train.loss : 6.94833  train.total_ips : 23586.47 img/s
/opt/dali/dali/image/jpeg_mem.cc:338: Premature end of JPEG data. Stopped at line 272/440
DLL 2020-09-29 14:02:36.938416 - Epoch: 0 Iteration: 121  train.loss : 6.93758  train.total_ips : 23408.85 img/s
DLL 2020-09-29 14:02:37.288688 - Epoch: 0 Iteration: 122  train.loss : 6.94404  train.total_ips : 23397.96 img/s
DLL 2020-09-29 14:02:37.639910 - Epoch: 0 Iteration: 123  train.loss : 6.91520  train.total_ips : 23334.79 img/s
DLL 2020-09-29 14:02:38.001742 - Epoch: 0 Iteration: 124  train.loss : 6.95268  train.total_ips : 22644.97 img/s
DLL 2020-09-29 14:02:38.381294 - Epoch: 0 Iteration: 125  train.loss : 6.94603  train.total_ips : 21587.67 img/s
DLL 2020-09-29 14:02:38.724201 - Epoch: 0 Iteration: 126  train.loss : 6.96436  train.total_ips : 23895.53 img/s
DLL 2020-09-29 14:02:39.100145 - Epoch: 0 Iteration: 127  train.loss : 6.93099  train.total_ips : 21795.63 img/s
DLL 2020-09-29 14:02:39.448380 - Epoch: 0 Iteration: 128  train.loss : 6.93602  train.total_ips : 23531.55 img/s
DLL 2020-09-29 14:02:39.830772 - Epoch: 0 Iteration: 129  train.loss : 6.94178  train.total_ips : 21428.30 img/s
DLL 2020-09-29 14:02:40.175899 - Epoch: 0 Iteration: 130  train.loss : 6.91437  train.total_ips : 23742.48 img/s
DLL 2020-09-29 14:02:40.552938 - Epoch: 0 Iteration: 131  train.loss : 6.93198  train.total_ips : 21734.21 img/s
DLL 2020-09-29 14:02:40.893953 - Epoch: 0 Iteration: 132  train.loss : 6.95930  train.total_ips : 24026.88 img/s
DLL 2020-09-29 14:02:41.241957 - Epoch: 0 Iteration: 133  train.loss : 6.95147  train.total_ips : 23545.66 img/s
DLL 2020-09-29 14:02:41.584001 - Epoch: 0 Iteration: 134  train.loss : 6.94747  train.total_ips : 23955.49 img/s
DLL 2020-09-29 14:02:41.933084 - Epoch: 0 Iteration: 135  train.loss : 6.95957  train.total_ips : 23472.76 img/s
DLL 2020-09-29 14:02:42.280322 - Epoch: 0 Iteration: 136  train.loss : 6.92483  train.total_ips : 23597.98 img/s
DLL 2020-09-29 14:02:42.636458 - Epoch: 0 Iteration: 137  train.loss : 6.94147  train.total_ips : 23010.48 img/s
DLL 2020-09-29 14:02:42.983919 - Epoch: 0 Iteration: 138  train.loss : 6.92424  train.total_ips : 23583.69 img/s
DLL 2020-09-29 14:02:43.578157 - Epoch: 0 Iteration: 139  train.loss : 6.93275  train.total_ips : 13787.97 img/s
DLL 2020-09-29 14:02:43.925007 - Epoch: 0 Iteration: 140  train.loss : 6.93917  train.total_ips : 23630.87 img/s
DLL 2020-09-29 14:02:44.271777 - Epoch: 0 Iteration: 141  train.loss : 6.92893  train.total_ips : 23632.42 img/s
DLL 2020-09-29 14:02:44.617012 - Epoch: 0 Iteration: 142  train.loss : 6.93194  train.total_ips : 23732.77 img/s
DLL 2020-09-29 14:02:44.964268 - Epoch: 0 Iteration: 143  train.loss : 6.92721  train.total_ips : 23601.72 img/s
DLL 2020-09-29 14:02:45.325417 - Epoch: 0 Iteration: 144  train.loss : 6.92933  train.total_ips : 22689.49 img/s
DLL 2020-09-29 14:02:45.668879 - Epoch: 0 Iteration: 145  train.loss : 6.91403  train.total_ips : 23853.91 img/s
DLL 2020-09-29 14:02:46.014031 - Epoch: 0 Iteration: 146  train.loss : 6.93796  train.total_ips : 23746.60 img/s
DLL 2020-09-29 14:02:46.372563 - Epoch: 0 Iteration: 147  train.loss : 6.94246  train.total_ips : 22853.06 img/s
DLL 2020-09-29 14:02:46.719049 - Epoch: 0 Iteration: 148  train.loss : 6.92533  train.total_ips : 23649.07 img/s
DLL 2020-09-29 14:02:47.067562 - Epoch: 0 Iteration: 149  train.loss : 6.94592  train.total_ips : 23510.88 img/s
DLL 2020-09-29 14:02:47.478715 - Epoch: 0  train.loss : -2375321547.29598  train.total_ips : 22651.05 img/s
DLL 2020-09-29 14:02:47.478856 - Epoch: 0  lr : 0.256  train.compute_ips : 22734.18 img/s train.data_time : 0.00151 s train.compute_time : 0.47443 s
DLL 2020-09-29 14:02:47.478974 - Summary: train.loss : -2375321547.29598  train.total_ips : 22651.05 img/s
DLL 2020-09-29 14:02:47.479027 - Summary: lr : 0.256  train.compute_ips : 22734.18 img/s train.data_time : 0.00151 s train.compute_time : 0.47443 s
Experiment ended
['/opt/conda/bin/python', '-u', '/workspace/rn50/main.py', '--data-backend', 'dali-cpu', '--raport-file', '/workspace/rn50/raport.json', '-j5', '-p', '1', '--lr', '2.048', '--optimizer-batch-size', '-1', '--warmup', '8', '--arch', 'resnet50', '-c', 'fanin', '--label-smoothing', '0.1', '--lr-schedule', 'cosine', '--mom', '0.125', '--wd', '3.0517578125e-05', '--workspace', '/workspace/rn50', '-b', '256', '--epochs', '1', '--prof', '150', '--training-only', '--no-checkpoints', '--amp', '--dynamic-loss-scale', '/data/image']
['/opt/conda/bin/python', '-u', '/workspace/rn50/main.py', '--data-backend', 'dali-cpu', '--raport-file', '/workspace/rn50/raport.json', '-j5', '-p', '1', '--lr', '2.048', '--optimizer-batch-size', '-1', '--warmup', '8', '--arch', 'resnet50', '-c', 'fanin', '--label-smoothing', '0.1', '--lr-schedule', 'cosine', '--mom', '0.125', '--wd', '3.0517578125e-05', '--workspace', '/workspace/rn50', '-b', '256', '--epochs', '1', '--prof', '150', '--training-only', '--no-checkpoints', '--amp', '--dynamic-loss-scale', '/data/image']
['/opt/conda/bin/python', '-u', '/workspace/rn50/main.py', '--data-backend', 'dali-cpu', '--raport-file', '/workspace/rn50/raport.json', '-j5', '-p', '1', '--lr', '2.048', '--optimizer-batch-size', '-1', '--warmup', '8', '--arch', 'resnet50', '-c', 'fanin', '--label-smoothing', '0.1', '--lr-schedule', 'cosine', '--mom', '0.125', '--wd', '3.0517578125e-05', '--workspace', '/workspace/rn50', '-b', '256', '--epochs', '1', '--prof', '150', '--training-only', '--no-checkpoints', '--amp', '--dynamic-loss-scale', '/data/image']
['/opt/conda/bin/python', '-u', '/workspace/rn50/main.py', '--data-backend', 'dali-cpu', '--raport-file', '/workspace/rn50/raport.json', '-j5', '-p', '1', '--lr', '2.048', '--optimizer-batch-size', '-1', '--warmup', '8', '--arch', 'resnet50', '-c', 'fanin', '--label-smoothing', '0.1', '--lr-schedule', 'cosine', '--mom', '0.125', '--wd', '3.0517578125e-05', '--workspace', '/workspace/rn50', '-b', '256', '--epochs', '1', '--prof', '150', '--training-only', '--no-checkpoints', '--amp', '--dynamic-loss-scale', '/data/image']
['/opt/conda/bin/python', '-u', '/workspace/rn50/main.py', '--data-backend', 'dali-cpu', '--raport-file', '/workspace/rn50/raport.json', '-j5', '-p', '1', '--lr', '2.048', '--optimizer-batch-size', '-1', '--warmup', '8', '--arch', 'resnet50', '-c', 'fanin', '--label-smoothing', '0.1', '--lr-schedule', 'cosine', '--mom', '0.125', '--wd', '3.0517578125e-05', '--workspace', '/workspace/rn50', '-b', '256', '--epochs', '1', '--prof', '150', '--training-only', '--no-checkpoints', '--amp', '--dynamic-loss-scale', '/data/image']
['/opt/conda/bin/python', '-u', '/workspace/rn50/main.py', '--data-backend', 'dali-cpu', '--raport-file', '/workspace/rn50/raport.json', '-j5', '-p', '1', '--lr', '2.048', '--optimizer-batch-size', '-1', '--warmup', '8', '--arch', 'resnet50', '-c', 'fanin', '--label-smoothing', '0.1', '--lr-schedule', 'cosine', '--mom', '0.125', '--wd', '3.0517578125e-05', '--workspace', '/workspace/rn50', '-b', '256', '--epochs', '1', '--prof', '150', '--training-only', '--no-checkpoints', '--amp', '--dynamic-loss-scale', '/data/image']
['/opt/conda/bin/python', '-u', '/workspace/rn50/main.py', '--data-backend', 'dali-cpu', '--raport-file', '/workspace/rn50/raport.json', '-j5', '-p', '1', '--lr', '2.048', '--optimizer-batch-size', '-1', '--warmup', '8', '--arch', 'resnet50', '-c', 'fanin', '--label-smoothing', '0.1', '--lr-schedule', 'cosine', '--mom', '0.125', '--wd', '3.0517578125e-05', '--workspace', '/workspace/rn50', '-b', '256', '--epochs', '1', '--prof', '150', '--training-only', '--no-checkpoints', '--amp', '--dynamic-loss-scale', '/data/image']
['/opt/conda/bin/python', '-u', '/workspace/rn50/main.py', '--data-backend', 'dali-cpu', '--raport-file', '/workspace/rn50/raport.json', '-j5', '-p', '1', '--lr', '2.048', '--optimizer-batch-size', '-1', '--warmup', '8', '--arch', 'resnet50', '-c', 'fanin', '--label-smoothing', '0.1', '--lr-schedule', 'cosine', '--mom', '0.125', '--wd', '3.0517578125e-05', '--workspace', '/workspace/rn50', '-b', '256', '--epochs', '1', '--prof', '150', '--training-only', '--no-checkpoints', '--amp', '--dynamic-loss-scale', '/data/image']
