+ python /workspace/rn50/multiproc.py --nnodes 1 --node_rank 0 --nproc_per_node 8 --master_addr 127.0.0.1 --master_port=29500 /workspace/rn50/main.py --data-backend dali-cpu --raport-file /workspace/rn50/raport.json -j8 -p 1 --lr 1.024 --optimizer-batch-size -1 --warmup 8 --arch resnet50 -c fanin --label-smoothing 0.1 --lr-schedule cosine --mom 0.125 --wd 3.0517578125e-05 --workspace /workspace/rn50 -b 128 --epochs 1 --prof 150 --training-only --no-checkpoints /data/image
=> creating model '('resnet50', 'fanin', 1000)'
Version: {'net': <class 'image_classification.resnet.ResNet'>, 'block': <class 'image_classification.resnet.Bottleneck'>, 'layers': [3, 4, 6, 3], 'widths': [64, 128, 256, 512], 'expansion': 4}
Config: {'conv': <class 'torch.nn.modules.conv.Conv2d'>, 'conv_init': 'fan_in', 'nonlinearity': 'relu', 'last_bn_0_init': False, 'activation': <function <lambda> at 0x7fc64fd4f9d8>}
Num classes: 1000
i'm distributed in dali~~~~~~~~~~~~~~~~~
rank in dali:  0
world_size in dali:  8
read 886372 files from 698 directories
read 50000 files from 1000 directories
DLL 2020-09-22 14:50:01.966367 - PARAMETER data : /data/image  data_backend : dali-cpu  arch : resnet50  model_config : fanin  num_classes : 1000  workers : 8  epochs : 1  run_epochs : -1  batch_size : 128  optimizer_batch_size : -1  lr : 1.024  lr_schedule : cosine  warmup : 8  label_smoothing : 0.1  mixup : 0.0  momentum : 0.125  weight_decay : 3.0517578125e-05  bn_weight_decay : False  nesterov : False  print_freq : 1  resume : None  pretrained_weights :   fp16 : False  static_loss_scale : 1  dynamic_loss_scale : False  prof : 150  amp : False  seed : None  gather_checkpoints : False  raport_file : /workspace/rn50/raport.json  evaluate : False  training_only : True  save_checkpoints : False  checkpoint_filename : checkpoint.pth.tar  workspace : /workspace/rn50  memory_format : nchw  distributed : True  local_rank : 0  gpu : 8  world_size : 8 
 ! Weight decay NOT applied to BN parameters 
98
63
RUNNING EPOCHS FROM 0 TO 1
DLL 2020-09-22 14:50:17.980048 - Epoch: 0 Iteration: 1  train.loss : 7.08386  train.total_ips : 75.51 img/s
/opt/dali/dali/image/jpeg_mem.cc:338: Premature end of JPEG data. Stopped at line 272/440
DLL 2020-09-22 14:50:19.112268 - Epoch: 0 Iteration: 2  train.loss : 6.97426  train.total_ips : 904.46 img/s
DLL 2020-09-22 14:50:19.462266 - Epoch: 0 Iteration: 3  train.loss : 6.87196  train.total_ips : 2926.46 img/s
DLL 2020-09-22 14:50:19.814378 - Epoch: 0 Iteration: 4  train.loss : 6.87919  train.total_ips : 2908.94 img/s
DLL 2020-09-22 14:50:20.165755 - Epoch: 0 Iteration: 5  train.loss : 6.83774  train.total_ips : 2915.08 img/s
DLL 2020-09-22 14:50:20.517581 - Epoch: 0 Iteration: 6  train.loss : 6.84203  train.total_ips : 2911.27 img/s
DLL 2020-09-22 14:50:20.902469 - Epoch: 0 Iteration: 7  train.loss : 6.83973  train.total_ips : 2661.23 img/s
DLL 2020-09-22 14:50:21.254675 - Epoch: 0 Iteration: 8  train.loss : 6.80936  train.total_ips : 2908.59 img/s
DLL 2020-09-22 14:50:21.670964 - Epoch: 0 Iteration: 9  train.loss : 6.80291  train.total_ips : 2460.60 img/s
DLL 2020-09-22 14:50:22.031138 - Epoch: 0 Iteration: 10  train.loss : 6.82139  train.total_ips : 2843.86 img/s
DLL 2020-09-22 14:50:22.390674 - Epoch: 0 Iteration: 11  train.loss : 6.75600  train.total_ips : 2848.79 img/s
DLL 2020-09-22 14:50:22.773052 - Epoch: 0 Iteration: 12  train.loss : 6.79751  train.total_ips : 2678.60 img/s
DLL 2020-09-22 14:50:23.173610 - Epoch: 0 Iteration: 13  train.loss : 6.79569  train.total_ips : 2557.08 img/s
DLL 2020-09-22 14:50:23.583297 - Epoch: 0 Iteration: 14  train.loss : 6.79026  train.total_ips : 2500.10 img/s
DLL 2020-09-22 14:50:23.935296 - Epoch: 0 Iteration: 15  train.loss : 6.75467  train.total_ips : 2910.22 img/s
DLL 2020-09-22 14:50:24.311968 - Epoch: 0 Iteration: 16  train.loss : 6.76930  train.total_ips : 2719.14 img/s
DLL 2020-09-22 14:50:24.663301 - Epoch: 0 Iteration: 17  train.loss : 6.76146  train.total_ips : 2915.64 img/s
DLL 2020-09-22 14:50:25.048363 - Epoch: 0 Iteration: 18  train.loss : 6.74918  train.total_ips : 2659.93 img/s
DLL 2020-09-22 14:50:25.401056 - Epoch: 0 Iteration: 19  train.loss : 6.78434  train.total_ips : 2904.36 img/s
DLL 2020-09-22 14:50:25.765659 - Epoch: 0 Iteration: 20  train.loss : 6.76031  train.total_ips : 2809.25 img/s
DLL 2020-09-22 14:50:26.117391 - Epoch: 0 Iteration: 21  train.loss : 6.75940  train.total_ips : 2912.89 img/s
DLL 2020-09-22 14:50:26.494760 - Epoch: 0 Iteration: 22  train.loss : 6.69813  train.total_ips : 2714.27 img/s
DLL 2020-09-22 14:50:26.850405 - Epoch: 0 Iteration: 23  train.loss : 6.74871  train.total_ips : 2879.97 img/s
DLL 2020-09-22 14:50:27.202779 - Epoch: 0 Iteration: 24  train.loss : 6.76985  train.total_ips : 2906.66 img/s
DLL 2020-09-22 14:50:27.581940 - Epoch: 0 Iteration: 25  train.loss : 6.73109  train.total_ips : 2701.31 img/s
DLL 2020-09-22 14:50:27.934068 - Epoch: 0 Iteration: 26  train.loss : 6.73543  train.total_ips : 2908.83 img/s
DLL 2020-09-22 14:50:28.286999 - Epoch: 0 Iteration: 27  train.loss : 6.72538  train.total_ips : 2902.04 img/s
DLL 2020-09-22 14:50:28.641534 - Epoch: 0 Iteration: 28  train.loss : 6.72366  train.total_ips : 2890.26 img/s
DLL 2020-09-22 14:50:29.023207 - Epoch: 0 Iteration: 29  train.loss : 6.72686  train.total_ips : 2683.80 img/s
DLL 2020-09-22 14:50:29.401424 - Epoch: 0 Iteration: 30  train.loss : 6.71074  train.total_ips : 2708.06 img/s
DLL 2020-09-22 14:50:29.764492 - Epoch: 0 Iteration: 31  train.loss : 6.72178  train.total_ips : 2821.01 img/s
DLL 2020-09-22 14:50:30.119762 - Epoch: 0 Iteration: 32  train.loss : 6.72696  train.total_ips : 2883.20 img/s
DLL 2020-09-22 14:50:30.472117 - Epoch: 0 Iteration: 33  train.loss : 6.71024  train.total_ips : 2907.01 img/s
DLL 2020-09-22 14:50:30.846200 - Epoch: 0 Iteration: 34  train.loss : 6.70340  train.total_ips : 2738.41 img/s
DLL 2020-09-22 14:50:31.198801 - Epoch: 0 Iteration: 35  train.loss : 6.69112  train.total_ips : 2904.82 img/s
DLL 2020-09-22 14:50:31.551779 - Epoch: 0 Iteration: 36  train.loss : 6.69348  train.total_ips : 2901.73 img/s
DLL 2020-09-22 14:50:31.926157 - Epoch: 0 Iteration: 37  train.loss : 6.71924  train.total_ips : 2736.18 img/s
DLL 2020-09-22 14:50:32.278784 - Epoch: 0 Iteration: 38  train.loss : 6.68570  train.total_ips : 2904.50 img/s
DLL 2020-09-22 14:50:32.646753 - Epoch: 0 Iteration: 39  train.loss : 6.68665  train.total_ips : 2784.20 img/s
DLL 2020-09-22 14:50:33.003230 - Epoch: 0 Iteration: 40  train.loss : 6.68769  train.total_ips : 2873.21 img/s
DLL 2020-09-22 14:50:33.358528 - Epoch: 0 Iteration: 41  train.loss : 6.68139  train.total_ips : 2882.76 img/s
DLL 2020-09-22 14:50:33.710935 - Epoch: 0 Iteration: 42  train.loss : 6.66673  train.total_ips : 2906.61 img/s
DLL 2020-09-22 14:50:34.072803 - Epoch: 0 Iteration: 43  train.loss : 6.69603  train.total_ips : 2831.08 img/s
DLL 2020-09-22 14:50:34.432968 - Epoch: 0 Iteration: 44  train.loss : 6.68037  train.total_ips : 2843.71 img/s
DLL 2020-09-22 14:50:34.788449 - Epoch: 0 Iteration: 45  train.loss : 6.68544  train.total_ips : 2881.60 img/s
DLL 2020-09-22 14:50:35.142978 - Epoch: 0 Iteration: 46  train.loss : 6.68459  train.total_ips : 2889.12 img/s
DLL 2020-09-22 14:50:35.496619 - Epoch: 0 Iteration: 47  train.loss : 6.68939  train.total_ips : 2897.03 img/s
DLL 2020-09-22 14:50:35.848415 - Epoch: 0 Iteration: 48  train.loss : 6.70176  train.total_ips : 2912.08 img/s
DLL 2020-09-22 14:50:36.228883 - Epoch: 0 Iteration: 49  train.loss : 6.67881  train.total_ips : 2691.94 img/s
DLL 2020-09-22 14:50:36.581835 - Epoch: 0 Iteration: 50  train.loss : 6.66988  train.total_ips : 2902.33 img/s
DLL 2020-09-22 14:50:36.953775 - Epoch: 0 Iteration: 51  train.loss : 6.68975  train.total_ips : 2753.70 img/s
DLL 2020-09-22 14:50:37.306580 - Epoch: 0 Iteration: 52  train.loss : 6.67438  train.total_ips : 2903.44 img/s
DLL 2020-09-22 14:50:37.679151 - Epoch: 0 Iteration: 53  train.loss : 6.67468  train.total_ips : 2749.86 img/s
DLL 2020-09-22 14:50:38.032975 - Epoch: 0 Iteration: 54  train.loss : 6.67299  train.total_ips : 2894.47 img/s
DLL 2020-09-22 14:50:38.386597 - Epoch: 0 Iteration: 55  train.loss : 6.66970  train.total_ips : 2896.85 img/s
DLL 2020-09-22 14:50:38.743294 - Epoch: 0 Iteration: 56  train.loss : 6.65464  train.total_ips : 2871.47 img/s
DLL 2020-09-22 14:50:39.098587 - Epoch: 0 Iteration: 57  train.loss : 6.66455  train.total_ips : 2883.03 img/s
DLL 2020-09-22 14:50:39.451958 - Epoch: 0 Iteration: 58  train.loss : 6.67342  train.total_ips : 2898.47 img/s
DLL 2020-09-22 14:50:39.803533 - Epoch: 0 Iteration: 59  train.loss : 6.68293  train.total_ips : 2913.88 img/s
DLL 2020-09-22 14:50:40.156391 - Epoch: 0 Iteration: 60  train.loss : 6.66699  train.total_ips : 2902.62 img/s
DLL 2020-09-22 14:50:40.532742 - Epoch: 0 Iteration: 61  train.loss : 6.64159  train.total_ips : 2721.48 img/s
DLL 2020-09-22 14:50:40.888137 - Epoch: 0 Iteration: 62  train.loss : 6.66877  train.total_ips : 2882.54 img/s
DLL 2020-09-22 14:50:41.240708 - Epoch: 0 Iteration: 63  train.loss : 6.67380  train.total_ips : 2905.26 img/s
DLL 2020-09-22 14:50:41.593118 - Epoch: 0 Iteration: 64  train.loss : 6.66916  train.total_ips : 2906.79 img/s
DLL 2020-09-22 14:50:41.947717 - Epoch: 0 Iteration: 65  train.loss : 6.65965  train.total_ips : 2888.43 img/s
DLL 2020-09-22 14:50:42.311168 - Epoch: 0 Iteration: 66  train.loss : 6.65759  train.total_ips : 2818.92 img/s
DLL 2020-09-22 14:50:42.663366 - Epoch: 0 Iteration: 67  train.loss : 6.64725  train.total_ips : 2907.87 img/s
DLL 2020-09-22 14:50:43.016015 - Epoch: 0 Iteration: 68  train.loss : 6.67382  train.total_ips : 2904.41 img/s
DLL 2020-09-22 14:50:43.369894 - Epoch: 0 Iteration: 69  train.loss : 6.66203  train.total_ips : 2894.36 img/s
DLL 2020-09-22 14:50:43.721742 - Epoch: 0 Iteration: 70  train.loss : 6.68159  train.total_ips : 2911.07 img/s
DLL 2020-09-22 14:50:44.074650 - Epoch: 0 Iteration: 71  train.loss : 6.65171  train.total_ips : 2902.74 img/s
DLL 2020-09-22 14:50:44.428144 - Epoch: 0 Iteration: 72  train.loss : 6.65638  train.total_ips : 2897.44 img/s
DLL 2020-09-22 14:50:44.781289 - Epoch: 0 Iteration: 73  train.loss : 6.63473  train.total_ips : 2900.37 img/s
DLL 2020-09-22 14:50:45.133925 - Epoch: 0 Iteration: 74  train.loss : 6.66082  train.total_ips : 2904.62 img/s
DLL 2020-09-22 14:50:45.487776 - Epoch: 0 Iteration: 75  train.loss : 6.66521  train.total_ips : 2894.67 img/s
DLL 2020-09-22 14:50:45.840068 - Epoch: 0 Iteration: 76  train.loss : 6.65558  train.total_ips : 2908.20 img/s
DLL 2020-09-22 14:50:46.213216 - Epoch: 0 Iteration: 77  train.loss : 6.64885  train.total_ips : 2745.15 img/s
DLL 2020-09-22 14:50:46.565540 - Epoch: 0 Iteration: 78  train.loss : 6.66989  train.total_ips : 2906.99 img/s
DLL 2020-09-22 14:50:46.919036 - Epoch: 0 Iteration: 79  train.loss : 6.64823  train.total_ips : 2897.61 img/s
DLL 2020-09-22 14:50:47.272882 - Epoch: 0 Iteration: 80  train.loss : 6.67053  train.total_ips : 2894.78 img/s
DLL 2020-09-22 14:50:47.625256 - Epoch: 0 Iteration: 81  train.loss : 6.63586  train.total_ips : 2906.74 img/s
DLL 2020-09-22 14:50:48.002686 - Epoch: 0 Iteration: 82  train.loss : 6.63890  train.total_ips : 2713.79 img/s
DLL 2020-09-22 14:50:48.356867 - Epoch: 0 Iteration: 83  train.loss : 6.65790  train.total_ips : 2891.93 img/s
DLL 2020-09-22 14:50:48.708747 - Epoch: 0 Iteration: 84  train.loss : 6.66335  train.total_ips : 2910.75 img/s
DLL 2020-09-22 14:50:49.063235 - Epoch: 0 Iteration: 85  train.loss : 6.62797  train.total_ips : 2889.31 img/s
DLL 2020-09-22 14:50:49.417241 - Epoch: 0 Iteration: 86  train.loss : 6.69680  train.total_ips : 2893.34 img/s
DLL 2020-09-22 14:50:49.771236 - Epoch: 0 Iteration: 87  train.loss : 6.66523  train.total_ips : 2893.39 img/s
DLL 2020-09-22 14:50:50.125149 - Epoch: 0 Iteration: 88  train.loss : 6.67964  train.total_ips : 2894.60 img/s
DLL 2020-09-22 14:50:50.479634 - Epoch: 0 Iteration: 89  train.loss : 6.66510  train.total_ips : 2889.23 img/s
DLL 2020-09-22 14:50:50.832880 - Epoch: 0 Iteration: 90  train.loss : 6.63818  train.total_ips : 2900.07 img/s
DLL 2020-09-22 14:50:51.191692 - Epoch: 0 Iteration: 91  train.loss : 6.64672  train.total_ips : 2854.74 img/s
DLL 2020-09-22 14:50:51.544665 - Epoch: 0 Iteration: 92  train.loss : 6.62731  train.total_ips : 2901.74 img/s
DLL 2020-09-22 14:50:51.898772 - Epoch: 0 Iteration: 93  train.loss : 6.62647  train.total_ips : 2892.54 img/s
DLL 2020-09-22 14:50:52.254155 - Epoch: 0 Iteration: 94  train.loss : 6.63598  train.total_ips : 2882.22 img/s
DLL 2020-09-22 14:50:52.605537 - Epoch: 0 Iteration: 95  train.loss : 6.62454  train.total_ips : 2915.64 img/s
DLL 2020-09-22 14:50:52.959093 - Epoch: 0 Iteration: 96  train.loss : 6.64835  train.total_ips : 2896.69 img/s
DLL 2020-09-22 14:50:53.311444 - Epoch: 0 Iteration: 97  train.loss : 6.62385  train.total_ips : 2907.23 img/s
DLL 2020-09-22 14:50:53.664167 - Epoch: 0 Iteration: 98  train.loss : 6.65802  train.total_ips : 2903.88 img/s
DLL 2020-09-22 14:50:54.016796 - Epoch: 0 Iteration: 99  train.loss : 6.62280  train.total_ips : 2904.84 img/s
DLL 2020-09-22 14:50:54.369804 - Epoch: 0 Iteration: 100  train.loss : 6.63504  train.total_ips : 2901.40 img/s
DLL 2020-09-22 14:50:54.728498 - Epoch: 0 Iteration: 101  train.loss : 6.60488  train.total_ips : 2856.25 img/s
DLL 2020-09-22 14:50:55.092165 - Epoch: 0 Iteration: 102  train.loss : 6.61990  train.total_ips : 2816.62 img/s
DLL 2020-09-22 14:50:55.445219 - Epoch: 0 Iteration: 103  train.loss : 6.63335  train.total_ips : 2901.05 img/s
DLL 2020-09-22 14:50:55.813839 - Epoch: 0 Iteration: 104  train.loss : 6.64782  train.total_ips : 2778.61 img/s
DLL 2020-09-22 14:50:56.165501 - Epoch: 0 Iteration: 105  train.loss : 6.67527  train.total_ips : 2912.81 img/s
DLL 2020-09-22 14:50:56.520193 - Epoch: 0 Iteration: 106  train.loss : 6.64457  train.total_ips : 2888.41 img/s
DLL 2020-09-22 14:50:56.876610 - Epoch: 0 Iteration: 107  train.loss : 6.65472  train.total_ips : 2873.77 img/s
DLL 2020-09-22 14:50:57.230981 - Epoch: 0 Iteration: 108  train.loss : 6.62410  train.total_ips : 2890.49 img/s
DLL 2020-09-22 14:50:57.585534 - Epoch: 0 Iteration: 109  train.loss : 6.62439  train.total_ips : 2888.92 img/s
DLL 2020-09-22 14:50:57.939592 - Epoch: 0 Iteration: 110  train.loss : 6.60157  train.total_ips : 2892.95 img/s
DLL 2020-09-22 14:50:58.293066 - Epoch: 0 Iteration: 111  train.loss : 6.63181  train.total_ips : 2897.68 img/s
DLL 2020-09-22 14:50:58.646821 - Epoch: 0 Iteration: 112  train.loss : 6.63945  train.total_ips : 2895.57 img/s
DLL 2020-09-22 14:50:59.044130 - Epoch: 0 Iteration: 113  train.loss : 6.61736  train.total_ips : 2577.89 img/s
DLL 2020-09-22 14:50:59.395906 - Epoch: 0 Iteration: 114  train.loss : 6.63018  train.total_ips : 2911.60 img/s
DLL 2020-09-22 14:50:59.751365 - Epoch: 0 Iteration: 115  train.loss : 6.59647  train.total_ips : 2881.57 img/s
DLL 2020-09-22 14:51:00.103549 - Epoch: 0 Iteration: 116  train.loss : 6.60519  train.total_ips : 2908.31 img/s
DLL 2020-09-22 14:51:00.456040 - Epoch: 0 Iteration: 117  train.loss : 6.62383  train.total_ips : 2905.77 img/s
DLL 2020-09-22 14:51:00.811112 - Epoch: 0 Iteration: 118  train.loss : 6.59827  train.total_ips : 2885.05 img/s
DLL 2020-09-22 14:51:01.165467 - Epoch: 0 Iteration: 119  train.loss : 6.58222  train.total_ips : 2890.44 img/s
DLL 2020-09-22 14:51:01.520067 - Epoch: 0 Iteration: 120  train.loss : 6.63213  train.total_ips : 2888.60 img/s
DLL 2020-09-22 14:51:01.873082 - Epoch: 0 Iteration: 121  train.loss : 6.58186  train.total_ips : 2901.59 img/s
DLL 2020-09-22 14:51:02.226644 - Epoch: 0 Iteration: 122  train.loss : 6.58692  train.total_ips : 2897.76 img/s
DLL 2020-09-22 14:51:02.585502 - Epoch: 0 Iteration: 123  train.loss : 6.59581  train.total_ips : 2854.21 img/s
DLL 2020-09-22 14:51:02.938730 - Epoch: 0 Iteration: 124  train.loss : 6.60918  train.total_ips : 2899.65 img/s
DLL 2020-09-22 14:51:03.293257 - Epoch: 0 Iteration: 125  train.loss : 6.59814  train.total_ips : 2889.02 img/s
DLL 2020-09-22 14:51:03.646504 - Epoch: 0 Iteration: 126  train.loss : 6.60870  train.total_ips : 2899.53 img/s
DLL 2020-09-22 14:51:04.000093 - Epoch: 0 Iteration: 127  train.loss : 6.62426  train.total_ips : 2896.69 img/s
DLL 2020-09-22 14:51:04.353408 - Epoch: 0 Iteration: 128  train.loss : 6.60287  train.total_ips : 2898.93 img/s
DLL 2020-09-22 14:51:04.719131 - Epoch: 0 Iteration: 129  train.loss : 6.58258  train.total_ips : 2800.61 img/s
DLL 2020-09-22 14:51:05.071112 - Epoch: 0 Iteration: 130  train.loss : 6.58756  train.total_ips : 2909.96 img/s
DLL 2020-09-22 14:51:05.424928 - Epoch: 0 Iteration: 131  train.loss : 6.59431  train.total_ips : 2894.80 img/s
DLL 2020-09-22 14:51:05.782808 - Epoch: 0 Iteration: 132  train.loss : 6.63586  train.total_ips : 2862.00 img/s
DLL 2020-09-22 14:51:06.136693 - Epoch: 0 Iteration: 133  train.loss : 6.54132  train.total_ips : 2894.24 img/s
DLL 2020-09-22 14:51:06.533070 - Epoch: 0 Iteration: 134  train.loss : 6.58046  train.total_ips : 2584.30 img/s
DLL 2020-09-22 14:51:06.886365 - Epoch: 0 Iteration: 135  train.loss : 6.57008  train.total_ips : 2899.18 img/s
DLL 2020-09-22 14:51:07.257806 - Epoch: 0 Iteration: 136  train.loss : 6.59920  train.total_ips : 2757.48 img/s
DLL 2020-09-22 14:51:07.610014 - Epoch: 0 Iteration: 137  train.loss : 6.54845  train.total_ips : 2908.36 img/s
DLL 2020-09-22 14:51:07.962895 - Epoch: 0 Iteration: 138  train.loss : 6.58182  train.total_ips : 2902.92 img/s
DLL 2020-09-22 14:51:08.316237 - Epoch: 0 Iteration: 139  train.loss : 6.55747  train.total_ips : 2899.01 img/s
DLL 2020-09-22 14:51:08.671714 - Epoch: 0 Iteration: 140  train.loss : 6.57225  train.total_ips : 2881.86 img/s
DLL 2020-09-22 14:51:09.025718 - Epoch: 0 Iteration: 141  train.loss : 6.56573  train.total_ips : 2893.32 img/s
DLL 2020-09-22 14:51:09.378574 - Epoch: 0 Iteration: 142  train.loss : 6.60945  train.total_ips : 2903.07 img/s
DLL 2020-09-22 14:51:09.756727 - Epoch: 0 Iteration: 143  train.loss : 6.54928  train.total_ips : 2708.43 img/s
DLL 2020-09-22 14:51:10.111168 - Epoch: 0 Iteration: 144  train.loss : 6.57424  train.total_ips : 2890.83 img/s
DLL 2020-09-22 14:51:10.477653 - Epoch: 0 Iteration: 145  train.loss : 6.54426  train.total_ips : 2794.68 img/s
DLL 2020-09-22 14:51:10.830031 - Epoch: 0 Iteration: 146  train.loss : 6.52415  train.total_ips : 2906.79 img/s
DLL 2020-09-22 14:51:11.183294 - Epoch: 0 Iteration: 147  train.loss : 6.55934  train.total_ips : 2899.43 img/s
DLL 2020-09-22 14:51:11.540963 - Epoch: 0 Iteration: 148  train.loss : 6.53245  train.total_ips : 2863.75 img/s
DLL 2020-09-22 14:51:11.894316 - Epoch: 0 Iteration: 149  train.loss : 6.51584  train.total_ips : 2899.14 img/s
DLL 2020-09-22 14:51:12.247270 - Epoch: 0  train.loss : 6.66854  train.total_ips : 2824.41 img/s
DLL 2020-09-22 14:51:12.247420 - Epoch: 0  lr : 0.128  train.compute_ips : 2834.81 img/s train.data_time : 0.00136 s train.compute_time : 0.45072 s
DLL 2020-09-22 14:51:12.247617 - Summary: train.loss : 6.66854  train.total_ips : 2824.41 img/s
DLL 2020-09-22 14:51:12.247667 - Summary: lr : 0.128  train.compute_ips : 2834.81 img/s train.data_time : 0.00136 s train.compute_time : 0.45072 s
Experiment ended
['/opt/conda/bin/python', '-u', '/workspace/rn50/main.py', '--data-backend', 'dali-cpu', '--raport-file', '/workspace/rn50/raport.json', '-j8', '-p', '1', '--lr', '1.024', '--optimizer-batch-size', '-1', '--warmup', '8', '--arch', 'resnet50', '-c', 'fanin', '--label-smoothing', '0.1', '--lr-schedule', 'cosine', '--mom', '0.125', '--wd', '3.0517578125e-05', '--workspace', '/workspace/rn50', '-b', '128', '--epochs', '1', '--prof', '150', '--training-only', '--no-checkpoints', '/data/image']
['/opt/conda/bin/python', '-u', '/workspace/rn50/main.py', '--data-backend', 'dali-cpu', '--raport-file', '/workspace/rn50/raport.json', '-j8', '-p', '1', '--lr', '1.024', '--optimizer-batch-size', '-1', '--warmup', '8', '--arch', 'resnet50', '-c', 'fanin', '--label-smoothing', '0.1', '--lr-schedule', 'cosine', '--mom', '0.125', '--wd', '3.0517578125e-05', '--workspace', '/workspace/rn50', '-b', '128', '--epochs', '1', '--prof', '150', '--training-only', '--no-checkpoints', '/data/image']
['/opt/conda/bin/python', '-u', '/workspace/rn50/main.py', '--data-backend', 'dali-cpu', '--raport-file', '/workspace/rn50/raport.json', '-j8', '-p', '1', '--lr', '1.024', '--optimizer-batch-size', '-1', '--warmup', '8', '--arch', 'resnet50', '-c', 'fanin', '--label-smoothing', '0.1', '--lr-schedule', 'cosine', '--mom', '0.125', '--wd', '3.0517578125e-05', '--workspace', '/workspace/rn50', '-b', '128', '--epochs', '1', '--prof', '150', '--training-only', '--no-checkpoints', '/data/image']
['/opt/conda/bin/python', '-u', '/workspace/rn50/main.py', '--data-backend', 'dali-cpu', '--raport-file', '/workspace/rn50/raport.json', '-j8', '-p', '1', '--lr', '1.024', '--optimizer-batch-size', '-1', '--warmup', '8', '--arch', 'resnet50', '-c', 'fanin', '--label-smoothing', '0.1', '--lr-schedule', 'cosine', '--mom', '0.125', '--wd', '3.0517578125e-05', '--workspace', '/workspace/rn50', '-b', '128', '--epochs', '1', '--prof', '150', '--training-only', '--no-checkpoints', '/data/image']
['/opt/conda/bin/python', '-u', '/workspace/rn50/main.py', '--data-backend', 'dali-cpu', '--raport-file', '/workspace/rn50/raport.json', '-j8', '-p', '1', '--lr', '1.024', '--optimizer-batch-size', '-1', '--warmup', '8', '--arch', 'resnet50', '-c', 'fanin', '--label-smoothing', '0.1', '--lr-schedule', 'cosine', '--mom', '0.125', '--wd', '3.0517578125e-05', '--workspace', '/workspace/rn50', '-b', '128', '--epochs', '1', '--prof', '150', '--training-only', '--no-checkpoints', '/data/image']
['/opt/conda/bin/python', '-u', '/workspace/rn50/main.py', '--data-backend', 'dali-cpu', '--raport-file', '/workspace/rn50/raport.json', '-j8', '-p', '1', '--lr', '1.024', '--optimizer-batch-size', '-1', '--warmup', '8', '--arch', 'resnet50', '-c', 'fanin', '--label-smoothing', '0.1', '--lr-schedule', 'cosine', '--mom', '0.125', '--wd', '3.0517578125e-05', '--workspace', '/workspace/rn50', '-b', '128', '--epochs', '1', '--prof', '150', '--training-only', '--no-checkpoints', '/data/image']
['/opt/conda/bin/python', '-u', '/workspace/rn50/main.py', '--data-backend', 'dali-cpu', '--raport-file', '/workspace/rn50/raport.json', '-j8', '-p', '1', '--lr', '1.024', '--optimizer-batch-size', '-1', '--warmup', '8', '--arch', 'resnet50', '-c', 'fanin', '--label-smoothing', '0.1', '--lr-schedule', 'cosine', '--mom', '0.125', '--wd', '3.0517578125e-05', '--workspace', '/workspace/rn50', '-b', '128', '--epochs', '1', '--prof', '150', '--training-only', '--no-checkpoints', '/data/image']
['/opt/conda/bin/python', '-u', '/workspace/rn50/main.py', '--data-backend', 'dali-cpu', '--raport-file', '/workspace/rn50/raport.json', '-j8', '-p', '1', '--lr', '1.024', '--optimizer-batch-size', '-1', '--warmup', '8', '--arch', 'resnet50', '-c', 'fanin', '--label-smoothing', '0.1', '--lr-schedule', 'cosine', '--mom', '0.125', '--wd', '3.0517578125e-05', '--workspace', '/workspace/rn50', '-b', '128', '--epochs', '1', '--prof', '150', '--training-only', '--no-checkpoints', '/data/image']
