+ python /workspace/rn50/multiproc.py --nnodes 1 --node_rank 0 --nproc_per_node 8 --master_addr 127.0.0.1 --master_port=29500 /workspace/rn50/main.py --data-backend dali-cpu --raport-file /workspace/rn50/raport.json -j8 -p 1 --lr 1.024 --optimizer-batch-size -1 --warmup 8 --arch resnet50 -c fanin --label-smoothing 0.1 --lr-schedule cosine --mom 0.125 --wd 3.0517578125e-05 --workspace /workspace/rn50 -b 128 --epochs 1 --prof 150 --training-only --no-checkpoints /data/image
=> creating model '('resnet50', 'fanin', 1000)'
Version: {'net': <class 'image_classification.resnet.ResNet'>, 'block': <class 'image_classification.resnet.Bottleneck'>, 'layers': [3, 4, 6, 3], 'widths': [64, 128, 256, 512], 'expansion': 4}
Config: {'conv': <class 'torch.nn.modules.conv.Conv2d'>, 'conv_init': 'fan_in', 'nonlinearity': 'relu', 'last_bn_0_init': False, 'activation': <function <lambda> at 0x7f0f881659d8>}
Num classes: 1000
i'm distributed in dali~~~~~~~~~~~~~~~~~
rank in dali:  0
world_size in dali:  8
read 886372 files from 698 directories
read 50000 files from 1000 directories
DLL 2020-09-22 14:53:46.163631 - PARAMETER data : /data/image  data_backend : dali-cpu  arch : resnet50  model_config : fanin  num_classes : 1000  workers : 8  epochs : 1  run_epochs : -1  batch_size : 128  optimizer_batch_size : -1  lr : 1.024  lr_schedule : cosine  warmup : 8  label_smoothing : 0.1  mixup : 0.0  momentum : 0.125  weight_decay : 3.0517578125e-05  bn_weight_decay : False  nesterov : False  print_freq : 1  resume : None  pretrained_weights :   fp16 : False  static_loss_scale : 1  dynamic_loss_scale : False  prof : 150  amp : False  seed : None  gather_checkpoints : False  raport_file : /workspace/rn50/raport.json  evaluate : False  training_only : True  save_checkpoints : False  checkpoint_filename : checkpoint.pth.tar  workspace : /workspace/rn50  memory_format : nchw  distributed : True  local_rank : 0  gpu : 8  world_size : 8 
 ! Weight decay NOT applied to BN parameters 
98
63
RUNNING EPOCHS FROM 0 TO 1
DLL 2020-09-22 14:54:02.233072 - Epoch: 0 Iteration: 1  train.loss : 7.04021  train.total_ips : 74.09 img/s
/opt/dali/dali/image/jpeg_mem.cc:338: Premature end of JPEG data. Stopped at line 272/440
DLL 2020-09-22 14:54:03.057710 - Epoch: 0 Iteration: 2  train.loss : 6.97418  train.total_ips : 1241.76 img/s
DLL 2020-09-22 14:54:03.413820 - Epoch: 0 Iteration: 3  train.loss : 6.87829  train.total_ips : 2876.26 img/s
DLL 2020-09-22 14:54:03.766999 - Epoch: 0 Iteration: 4  train.loss : 6.91356  train.total_ips : 2900.11 img/s
DLL 2020-09-22 14:54:04.119072 - Epoch: 0 Iteration: 5  train.loss : 6.87792  train.total_ips : 2909.25 img/s
DLL 2020-09-22 14:54:04.471091 - Epoch: 0 Iteration: 6  train.loss : 6.78041  train.total_ips : 2909.89 img/s
DLL 2020-09-22 14:54:04.823223 - Epoch: 0 Iteration: 7  train.loss : 6.85015  train.total_ips : 2909.09 img/s
DLL 2020-09-22 14:54:05.179273 - Epoch: 0 Iteration: 8  train.loss : 6.85033  train.total_ips : 2877.41 img/s
DLL 2020-09-22 14:54:05.536185 - Epoch: 0 Iteration: 9  train.loss : 6.80836  train.total_ips : 2869.98 img/s
DLL 2020-09-22 14:54:05.890643 - Epoch: 0 Iteration: 10  train.loss : 6.84490  train.total_ips : 2889.68 img/s
DLL 2020-09-22 14:54:06.263759 - Epoch: 0 Iteration: 11  train.loss : 6.80269  train.total_ips : 2745.25 img/s
DLL 2020-09-22 14:54:06.618205 - Epoch: 0 Iteration: 12  train.loss : 6.87208  train.total_ips : 2890.25 img/s
DLL 2020-09-22 14:54:06.971288 - Epoch: 0 Iteration: 13  train.loss : 6.76489  train.total_ips : 2900.55 img/s
DLL 2020-09-22 14:54:07.324960 - Epoch: 0 Iteration: 14  train.loss : 6.79139  train.total_ips : 2896.29 img/s
DLL 2020-09-22 14:54:07.681194 - Epoch: 0 Iteration: 15  train.loss : 6.75928  train.total_ips : 2875.36 img/s
DLL 2020-09-22 14:54:08.035533 - Epoch: 0 Iteration: 16  train.loss : 6.77246  train.total_ips : 2890.61 img/s
DLL 2020-09-22 14:54:08.409504 - Epoch: 0 Iteration: 17  train.loss : 6.73972  train.total_ips : 2739.06 img/s
DLL 2020-09-22 14:54:08.764181 - Epoch: 0 Iteration: 18  train.loss : 6.72918  train.total_ips : 2888.61 img/s
DLL 2020-09-22 14:54:09.140552 - Epoch: 0 Iteration: 19  train.loss : 6.74971  train.total_ips : 2721.58 img/s
DLL 2020-09-22 14:54:09.529788 - Epoch: 0 Iteration: 20  train.loss : 6.73626  train.total_ips : 2631.57 img/s
DLL 2020-09-22 14:54:09.894444 - Epoch: 0 Iteration: 21  train.loss : 6.75798  train.total_ips : 2809.22 img/s
DLL 2020-09-22 14:54:10.248235 - Epoch: 0 Iteration: 22  train.loss : 6.67469  train.total_ips : 2895.06 img/s
DLL 2020-09-22 14:54:10.602795 - Epoch: 0 Iteration: 23  train.loss : 6.81817  train.total_ips : 2889.02 img/s
DLL 2020-09-22 14:54:10.960401 - Epoch: 0 Iteration: 24  train.loss : 6.78629  train.total_ips : 2865.32 img/s
DLL 2020-09-22 14:54:11.323394 - Epoch: 0 Iteration: 25  train.loss : 6.71453  train.total_ips : 2828.33 img/s
DLL 2020-09-22 14:54:11.678570 - Epoch: 0 Iteration: 26  train.loss : 6.73255  train.total_ips : 2882.94 img/s
DLL 2020-09-22 14:54:12.043738 - Epoch: 0 Iteration: 27  train.loss : 6.74206  train.total_ips : 2805.49 img/s
DLL 2020-09-22 14:54:12.413512 - Epoch: 0 Iteration: 28  train.loss : 6.72763  train.total_ips : 2770.47 img/s
DLL 2020-09-22 14:54:12.768978 - Epoch: 0 Iteration: 29  train.loss : 6.71763  train.total_ips : 2883.35 img/s
DLL 2020-09-22 14:54:13.123932 - Epoch: 0 Iteration: 30  train.loss : 6.70779  train.total_ips : 2885.51 img/s
DLL 2020-09-22 14:54:13.509260 - Epoch: 0 Iteration: 31  train.loss : 6.74139  train.total_ips : 2658.10 img/s
DLL 2020-09-22 14:54:13.863777 - Epoch: 0 Iteration: 32  train.loss : 6.74645  train.total_ips : 2889.19 img/s
DLL 2020-09-22 14:54:14.242615 - Epoch: 0 Iteration: 33  train.loss : 6.69513  train.total_ips : 2706.77 img/s
DLL 2020-09-22 14:54:14.637672 - Epoch: 0 Iteration: 34  train.loss : 6.74094  train.total_ips : 2592.06 img/s
DLL 2020-09-22 14:54:15.000317 - Epoch: 0 Iteration: 35  train.loss : 6.72137  train.total_ips : 2825.74 img/s
DLL 2020-09-22 14:54:15.360996 - Epoch: 0 Iteration: 36  train.loss : 6.70117  train.total_ips : 2839.55 img/s
DLL 2020-09-22 14:54:15.715797 - Epoch: 0 Iteration: 37  train.loss : 6.74723  train.total_ips : 2887.18 img/s
DLL 2020-09-22 14:54:16.094153 - Epoch: 0 Iteration: 38  train.loss : 6.70844  train.total_ips : 2707.83 img/s
DLL 2020-09-22 14:54:16.449844 - Epoch: 0 Iteration: 39  train.loss : 6.67533  train.total_ips : 2879.69 img/s
DLL 2020-09-22 14:54:16.806316 - Epoch: 0 Iteration: 40  train.loss : 6.68840  train.total_ips : 2873.25 img/s
DLL 2020-09-22 14:54:17.171401 - Epoch: 0 Iteration: 41  train.loss : 6.67150  train.total_ips : 2805.59 img/s
DLL 2020-09-22 14:54:17.526120 - Epoch: 0 Iteration: 42  train.loss : 6.66608  train.total_ips : 2887.90 img/s
DLL 2020-09-22 14:54:17.881615 - Epoch: 0 Iteration: 43  train.loss : 6.71918  train.total_ips : 2881.68 img/s
DLL 2020-09-22 14:54:18.234403 - Epoch: 0 Iteration: 44  train.loss : 6.69954  train.total_ips : 2903.32 img/s
DLL 2020-09-22 14:54:18.589479 - Epoch: 0 Iteration: 45  train.loss : 6.69488  train.total_ips : 2884.52 img/s
DLL 2020-09-22 14:54:18.946445 - Epoch: 0 Iteration: 46  train.loss : 6.66130  train.total_ips : 2869.31 img/s
DLL 2020-09-22 14:54:19.300798 - Epoch: 0 Iteration: 47  train.loss : 6.68242  train.total_ips : 2890.73 img/s
DLL 2020-09-22 14:54:19.686436 - Epoch: 0 Iteration: 48  train.loss : 6.68546  train.total_ips : 2655.98 img/s
DLL 2020-09-22 14:54:20.041504 - Epoch: 0 Iteration: 49  train.loss : 6.69036  train.total_ips : 2885.57 img/s
DLL 2020-09-22 14:54:20.419486 - Epoch: 0 Iteration: 50  train.loss : 6.67178  train.total_ips : 2709.76 img/s
DLL 2020-09-22 14:54:20.775342 - Epoch: 0 Iteration: 51  train.loss : 6.68735  train.total_ips : 2878.23 img/s
DLL 2020-09-22 14:54:21.168575 - Epoch: 0 Iteration: 52  train.loss : 6.68762  train.total_ips : 2604.65 img/s
DLL 2020-09-22 14:54:21.523592 - Epoch: 0 Iteration: 53  train.loss : 6.65847  train.total_ips : 2885.06 img/s
DLL 2020-09-22 14:54:21.878932 - Epoch: 0 Iteration: 54  train.loss : 6.68161  train.total_ips : 2882.62 img/s
DLL 2020-09-22 14:54:22.232127 - Epoch: 0 Iteration: 55  train.loss : 6.67709  train.total_ips : 2899.87 img/s
DLL 2020-09-22 14:54:22.601773 - Epoch: 0 Iteration: 56  train.loss : 6.64168  train.total_ips : 2771.61 img/s
DLL 2020-09-22 14:54:22.956646 - Epoch: 0 Iteration: 57  train.loss : 6.66055  train.total_ips : 2885.93 img/s
DLL 2020-09-22 14:54:23.328141 - Epoch: 0 Iteration: 58  train.loss : 6.65673  train.total_ips : 2757.28 img/s
DLL 2020-09-22 14:54:23.747388 - Epoch: 0 Iteration: 59  train.loss : 6.67193  train.total_ips : 2442.98 img/s
DLL 2020-09-22 14:54:24.101699 - Epoch: 0 Iteration: 60  train.loss : 6.67568  train.total_ips : 2890.99 img/s
DLL 2020-09-22 14:54:24.456235 - Epoch: 0 Iteration: 61  train.loss : 6.65015  train.total_ips : 2889.49 img/s
DLL 2020-09-22 14:54:24.809947 - Epoch: 0 Iteration: 62  train.loss : 6.65345  train.total_ips : 2895.89 img/s
DLL 2020-09-22 14:54:25.165284 - Epoch: 0 Iteration: 63  train.loss : 6.65408  train.total_ips : 2882.42 img/s
DLL 2020-09-22 14:54:25.520911 - Epoch: 0 Iteration: 64  train.loss : 6.67486  train.total_ips : 2880.19 img/s
DLL 2020-09-22 14:54:25.918193 - Epoch: 0 Iteration: 65  train.loss : 6.66347  train.total_ips : 2578.16 img/s
DLL 2020-09-22 14:54:26.287714 - Epoch: 0 Iteration: 66  train.loss : 6.66983  train.total_ips : 2772.48 img/s
DLL 2020-09-22 14:54:26.641231 - Epoch: 0 Iteration: 67  train.loss : 6.64808  train.total_ips : 2897.45 img/s
DLL 2020-09-22 14:54:26.994311 - Epoch: 0 Iteration: 68  train.loss : 6.69486  train.total_ips : 2900.99 img/s
DLL 2020-09-22 14:54:27.348941 - Epoch: 0 Iteration: 69  train.loss : 6.66315  train.total_ips : 2888.17 img/s
DLL 2020-09-22 14:54:27.703665 - Epoch: 0 Iteration: 70  train.loss : 6.68734  train.total_ips : 2887.49 img/s
DLL 2020-09-22 14:54:28.057747 - Epoch: 0 Iteration: 71  train.loss : 6.65376  train.total_ips : 2892.63 img/s
DLL 2020-09-22 14:54:28.425196 - Epoch: 0 Iteration: 72  train.loss : 6.65161  train.total_ips : 2787.65 img/s
DLL 2020-09-22 14:54:28.779000 - Epoch: 0 Iteration: 73  train.loss : 6.62964  train.total_ips : 2895.50 img/s
DLL 2020-09-22 14:54:29.133521 - Epoch: 0 Iteration: 74  train.loss : 6.64307  train.total_ips : 2889.97 img/s
DLL 2020-09-22 14:54:29.531460 - Epoch: 0 Iteration: 75  train.loss : 6.66656  train.total_ips : 2573.68 img/s
DLL 2020-09-22 14:54:29.885402 - Epoch: 0 Iteration: 76  train.loss : 6.62808  train.total_ips : 2893.86 img/s
DLL 2020-09-22 14:54:30.240576 - Epoch: 0 Iteration: 77  train.loss : 6.62952  train.total_ips : 2884.01 img/s
DLL 2020-09-22 14:54:30.608729 - Epoch: 0 Iteration: 78  train.loss : 6.64023  train.total_ips : 2783.02 img/s
DLL 2020-09-22 14:54:30.973008 - Epoch: 0 Iteration: 79  train.loss : 6.64726  train.total_ips : 2811.91 img/s
DLL 2020-09-22 14:54:31.325924 - Epoch: 0 Iteration: 80  train.loss : 6.63340  train.total_ips : 2902.26 img/s
DLL 2020-09-22 14:54:31.680082 - Epoch: 0 Iteration: 81  train.loss : 6.63400  train.total_ips : 2892.14 img/s
DLL 2020-09-22 14:54:32.044213 - Epoch: 0 Iteration: 82  train.loss : 6.60784  train.total_ips : 2812.89 img/s
DLL 2020-09-22 14:54:32.400340 - Epoch: 0 Iteration: 83  train.loss : 6.63164  train.total_ips : 2876.30 img/s
DLL 2020-09-22 14:54:32.775463 - Epoch: 0 Iteration: 84  train.loss : 6.62352  train.total_ips : 2730.52 img/s
DLL 2020-09-22 14:54:33.143772 - Epoch: 0 Iteration: 85  train.loss : 6.61851  train.total_ips : 2781.10 img/s
DLL 2020-09-22 14:54:33.516825 - Epoch: 0 Iteration: 86  train.loss : 6.62346  train.total_ips : 2745.54 img/s
DLL 2020-09-22 14:54:33.871792 - Epoch: 0 Iteration: 87  train.loss : 6.61626  train.total_ips : 2886.21 img/s
DLL 2020-09-22 14:54:34.254154 - Epoch: 0 Iteration: 88  train.loss : 6.60882  train.total_ips : 2678.69 img/s
DLL 2020-09-22 14:54:34.635466 - Epoch: 0 Iteration: 89  train.loss : 6.61262  train.total_ips : 2685.95 img/s
DLL 2020-09-22 14:54:34.998209 - Epoch: 0 Iteration: 90  train.loss : 6.62010  train.total_ips : 2823.73 img/s
DLL 2020-09-22 14:54:35.355622 - Epoch: 0 Iteration: 91  train.loss : 6.60664  train.total_ips : 2865.65 img/s
DLL 2020-09-22 14:54:35.804327 - Epoch: 0 Iteration: 92  train.loss : 6.60084  train.total_ips : 2282.72 img/s
DLL 2020-09-22 14:54:36.169952 - Epoch: 0 Iteration: 93  train.loss : 6.62258  train.total_ips : 2801.71 img/s
DLL 2020-09-22 14:54:36.523618 - Epoch: 0 Iteration: 94  train.loss : 6.60205  train.total_ips : 2896.18 img/s
DLL 2020-09-22 14:54:36.889262 - Epoch: 0 Iteration: 95  train.loss : 6.59068  train.total_ips : 2801.18 img/s
DLL 2020-09-22 14:54:37.243488 - Epoch: 0 Iteration: 96  train.loss : 6.58334  train.total_ips : 2891.50 img/s
DLL 2020-09-22 14:54:37.610864 - Epoch: 0 Iteration: 97  train.loss : 6.57428  train.total_ips : 2787.98 img/s
DLL 2020-09-22 14:54:37.965958 - Epoch: 0 Iteration: 98  train.loss : 6.59612  train.total_ips : 2884.53 img/s
DLL 2020-09-22 14:54:38.367073 - Epoch: 0 Iteration: 99  train.loss : 6.57397  train.total_ips : 2553.49 img/s
DLL 2020-09-22 14:54:38.724154 - Epoch: 0 Iteration: 100  train.loss : 6.56016  train.total_ips : 2868.78 img/s
DLL 2020-09-22 14:54:39.079839 - Epoch: 0 Iteration: 101  train.loss : 6.58108  train.total_ips : 2879.63 img/s
DLL 2020-09-22 14:54:39.434676 - Epoch: 0 Iteration: 102  train.loss : 6.58365  train.total_ips : 2886.67 img/s
DLL 2020-09-22 14:54:39.788409 - Epoch: 0 Iteration: 103  train.loss : 6.59123  train.total_ips : 2895.50 img/s
DLL 2020-09-22 14:54:40.143272 - Epoch: 0 Iteration: 104  train.loss : 6.57825  train.total_ips : 2886.34 img/s
DLL 2020-09-22 14:54:40.498740 - Epoch: 0 Iteration: 105  train.loss : 6.59781  train.total_ips : 2881.40 img/s
DLL 2020-09-22 14:54:40.853796 - Epoch: 0 Iteration: 106  train.loss : 6.61793  train.total_ips : 2884.83 img/s
DLL 2020-09-22 14:54:41.213231 - Epoch: 0 Iteration: 107  train.loss : 6.59110  train.total_ips : 2849.55 img/s
DLL 2020-09-22 14:54:41.569785 - Epoch: 0 Iteration: 108  train.loss : 6.56427  train.total_ips : 2872.63 img/s
DLL 2020-09-22 14:54:41.924918 - Epoch: 0 Iteration: 109  train.loss : 6.57801  train.total_ips : 2884.13 img/s
DLL 2020-09-22 14:54:42.279117 - Epoch: 0 Iteration: 110  train.loss : 6.53218  train.total_ips : 2891.80 img/s
DLL 2020-09-22 14:54:42.633588 - Epoch: 0 Iteration: 111  train.loss : 6.57011  train.total_ips : 2889.45 img/s
DLL 2020-09-22 14:54:42.989491 - Epoch: 0 Iteration: 112  train.loss : 6.58851  train.total_ips : 2878.27 img/s
DLL 2020-09-22 14:54:43.351438 - Epoch: 0 Iteration: 113  train.loss : 6.57345  train.total_ips : 2829.75 img/s
DLL 2020-09-22 14:54:43.707367 - Epoch: 0 Iteration: 114  train.loss : 6.56498  train.total_ips : 2877.59 img/s
DLL 2020-09-22 14:54:44.063405 - Epoch: 0 Iteration: 115  train.loss : 6.59380  train.total_ips : 2876.72 img/s
DLL 2020-09-22 14:54:44.418055 - Epoch: 0 Iteration: 116  train.loss : 6.54777  train.total_ips : 2888.19 img/s
DLL 2020-09-22 14:54:44.774641 - Epoch: 0 Iteration: 117  train.loss : 6.57755  train.total_ips : 2872.42 img/s
DLL 2020-09-22 14:54:45.129024 - Epoch: 0 Iteration: 118  train.loss : 6.54305  train.total_ips : 2890.29 img/s
DLL 2020-09-22 14:54:45.484350 - Epoch: 0 Iteration: 119  train.loss : 6.53836  train.total_ips : 2882.54 img/s
DLL 2020-09-22 14:54:45.839284 - Epoch: 0 Iteration: 120  train.loss : 6.58220  train.total_ips : 2885.80 img/s
DLL 2020-09-22 14:54:46.216050 - Epoch: 0 Iteration: 121  train.loss : 6.53381  train.total_ips : 2718.52 img/s
DLL 2020-09-22 14:54:46.569584 - Epoch: 0 Iteration: 122  train.loss : 6.53271  train.total_ips : 2897.20 img/s
DLL 2020-09-22 14:54:46.923977 - Epoch: 0 Iteration: 123  train.loss : 6.54825  train.total_ips : 2890.05 img/s
DLL 2020-09-22 14:54:47.277746 - Epoch: 0 Iteration: 124  train.loss : 6.54949  train.total_ips : 2895.26 img/s
DLL 2020-09-22 14:54:47.639409 - Epoch: 0 Iteration: 125  train.loss : 6.52680  train.total_ips : 2832.15 img/s
DLL 2020-09-22 14:54:47.992959 - Epoch: 0 Iteration: 126  train.loss : 6.55405  train.total_ips : 2897.16 img/s
DLL 2020-09-22 14:54:48.403711 - Epoch: 0 Iteration: 127  train.loss : 6.57557  train.total_ips : 2493.80 img/s
DLL 2020-09-22 14:54:48.838949 - Epoch: 0 Iteration: 128  train.loss : 6.56980  train.total_ips : 2353.09 img/s
DLL 2020-09-22 14:54:49.193719 - Epoch: 0 Iteration: 129  train.loss : 6.53864  train.total_ips : 2887.08 img/s
DLL 2020-09-22 14:54:49.550635 - Epoch: 0 Iteration: 130  train.loss : 6.54058  train.total_ips : 2869.69 img/s
DLL 2020-09-22 14:54:49.920494 - Epoch: 0 Iteration: 131  train.loss : 6.52332  train.total_ips : 2769.24 img/s
DLL 2020-09-22 14:54:50.291074 - Epoch: 0 Iteration: 132  train.loss : 6.57710  train.total_ips : 2764.01 img/s
DLL 2020-09-22 14:54:50.645730 - Epoch: 0 Iteration: 133  train.loss : 6.47389  train.total_ips : 2887.96 img/s
DLL 2020-09-22 14:54:51.002108 - Epoch: 0 Iteration: 134  train.loss : 6.51900  train.total_ips : 2874.10 img/s
DLL 2020-09-22 14:54:51.357849 - Epoch: 0 Iteration: 135  train.loss : 6.52211  train.total_ips : 2879.10 img/s
DLL 2020-09-22 14:54:51.714245 - Epoch: 0 Iteration: 136  train.loss : 6.54240  train.total_ips : 2873.88 img/s
DLL 2020-09-22 14:54:52.069910 - Epoch: 0 Iteration: 137  train.loss : 6.49186  train.total_ips : 2879.81 img/s
DLL 2020-09-22 14:54:52.425177 - Epoch: 0 Iteration: 138  train.loss : 6.54961  train.total_ips : 2882.99 img/s
DLL 2020-09-22 14:54:52.781834 - Epoch: 0 Iteration: 139  train.loss : 6.53754  train.total_ips : 2871.81 img/s
DLL 2020-09-22 14:54:53.137626 - Epoch: 0 Iteration: 140  train.loss : 6.53725  train.total_ips : 2878.78 img/s
DLL 2020-09-22 14:54:53.493329 - Epoch: 0 Iteration: 141  train.loss : 6.51217  train.total_ips : 2879.52 img/s
DLL 2020-09-22 14:54:53.848162 - Epoch: 0 Iteration: 142  train.loss : 6.53841  train.total_ips : 2886.61 img/s
DLL 2020-09-22 14:54:54.202600 - Epoch: 0 Iteration: 143  train.loss : 6.47193  train.total_ips : 2889.78 img/s
DLL 2020-09-22 14:54:54.559814 - Epoch: 0 Iteration: 144  train.loss : 6.49797  train.total_ips : 2867.58 img/s
DLL 2020-09-22 14:54:54.916630 - Epoch: 0 Iteration: 145  train.loss : 6.46931  train.total_ips : 2870.32 img/s
DLL 2020-09-22 14:54:55.272414 - Epoch: 0 Iteration: 146  train.loss : 6.45712  train.total_ips : 2878.91 img/s
DLL 2020-09-22 14:54:55.629766 - Epoch: 0 Iteration: 147  train.loss : 6.51884  train.total_ips : 2866.16 img/s
DLL 2020-09-22 14:54:55.984733 - Epoch: 0 Iteration: 148  train.loss : 6.47935  train.total_ips : 2885.47 img/s
DLL 2020-09-22 14:54:56.338947 - Epoch: 0 Iteration: 149  train.loss : 6.45797  train.total_ips : 2891.70 img/s
DLL 2020-09-22 14:54:56.713859 - Epoch: 0  train.loss : 6.64645  train.total_ips : 2800.97 img/s
DLL 2020-09-22 14:54:56.714003 - Epoch: 0  lr : 0.128  train.compute_ips : 2810.44 img/s train.data_time : 0.00128 s train.compute_time : 0.45395 s
DLL 2020-09-22 14:54:56.714131 - Summary: train.loss : 6.64645  train.total_ips : 2800.97 img/s
DLL 2020-09-22 14:54:56.714177 - Summary: lr : 0.128  train.compute_ips : 2810.44 img/s train.data_time : 0.00128 s train.compute_time : 0.45395 s
Experiment ended
['/opt/conda/bin/python', '-u', '/workspace/rn50/main.py', '--data-backend', 'dali-cpu', '--raport-file', '/workspace/rn50/raport.json', '-j8', '-p', '1', '--lr', '1.024', '--optimizer-batch-size', '-1', '--warmup', '8', '--arch', 'resnet50', '-c', 'fanin', '--label-smoothing', '0.1', '--lr-schedule', 'cosine', '--mom', '0.125', '--wd', '3.0517578125e-05', '--workspace', '/workspace/rn50', '-b', '128', '--epochs', '1', '--prof', '150', '--training-only', '--no-checkpoints', '/data/image']
['/opt/conda/bin/python', '-u', '/workspace/rn50/main.py', '--data-backend', 'dali-cpu', '--raport-file', '/workspace/rn50/raport.json', '-j8', '-p', '1', '--lr', '1.024', '--optimizer-batch-size', '-1', '--warmup', '8', '--arch', 'resnet50', '-c', 'fanin', '--label-smoothing', '0.1', '--lr-schedule', 'cosine', '--mom', '0.125', '--wd', '3.0517578125e-05', '--workspace', '/workspace/rn50', '-b', '128', '--epochs', '1', '--prof', '150', '--training-only', '--no-checkpoints', '/data/image']
['/opt/conda/bin/python', '-u', '/workspace/rn50/main.py', '--data-backend', 'dali-cpu', '--raport-file', '/workspace/rn50/raport.json', '-j8', '-p', '1', '--lr', '1.024', '--optimizer-batch-size', '-1', '--warmup', '8', '--arch', 'resnet50', '-c', 'fanin', '--label-smoothing', '0.1', '--lr-schedule', 'cosine', '--mom', '0.125', '--wd', '3.0517578125e-05', '--workspace', '/workspace/rn50', '-b', '128', '--epochs', '1', '--prof', '150', '--training-only', '--no-checkpoints', '/data/image']
['/opt/conda/bin/python', '-u', '/workspace/rn50/main.py', '--data-backend', 'dali-cpu', '--raport-file', '/workspace/rn50/raport.json', '-j8', '-p', '1', '--lr', '1.024', '--optimizer-batch-size', '-1', '--warmup', '8', '--arch', 'resnet50', '-c', 'fanin', '--label-smoothing', '0.1', '--lr-schedule', 'cosine', '--mom', '0.125', '--wd', '3.0517578125e-05', '--workspace', '/workspace/rn50', '-b', '128', '--epochs', '1', '--prof', '150', '--training-only', '--no-checkpoints', '/data/image']
['/opt/conda/bin/python', '-u', '/workspace/rn50/main.py', '--data-backend', 'dali-cpu', '--raport-file', '/workspace/rn50/raport.json', '-j8', '-p', '1', '--lr', '1.024', '--optimizer-batch-size', '-1', '--warmup', '8', '--arch', 'resnet50', '-c', 'fanin', '--label-smoothing', '0.1', '--lr-schedule', 'cosine', '--mom', '0.125', '--wd', '3.0517578125e-05', '--workspace', '/workspace/rn50', '-b', '128', '--epochs', '1', '--prof', '150', '--training-only', '--no-checkpoints', '/data/image']
['/opt/conda/bin/python', '-u', '/workspace/rn50/main.py', '--data-backend', 'dali-cpu', '--raport-file', '/workspace/rn50/raport.json', '-j8', '-p', '1', '--lr', '1.024', '--optimizer-batch-size', '-1', '--warmup', '8', '--arch', 'resnet50', '-c', 'fanin', '--label-smoothing', '0.1', '--lr-schedule', 'cosine', '--mom', '0.125', '--wd', '3.0517578125e-05', '--workspace', '/workspace/rn50', '-b', '128', '--epochs', '1', '--prof', '150', '--training-only', '--no-checkpoints', '/data/image']
['/opt/conda/bin/python', '-u', '/workspace/rn50/main.py', '--data-backend', 'dali-cpu', '--raport-file', '/workspace/rn50/raport.json', '-j8', '-p', '1', '--lr', '1.024', '--optimizer-batch-size', '-1', '--warmup', '8', '--arch', 'resnet50', '-c', 'fanin', '--label-smoothing', '0.1', '--lr-schedule', 'cosine', '--mom', '0.125', '--wd', '3.0517578125e-05', '--workspace', '/workspace/rn50', '-b', '128', '--epochs', '1', '--prof', '150', '--training-only', '--no-checkpoints', '/data/image']
['/opt/conda/bin/python', '-u', '/workspace/rn50/main.py', '--data-backend', 'dali-cpu', '--raport-file', '/workspace/rn50/raport.json', '-j8', '-p', '1', '--lr', '1.024', '--optimizer-batch-size', '-1', '--warmup', '8', '--arch', 'resnet50', '-c', 'fanin', '--label-smoothing', '0.1', '--lr-schedule', 'cosine', '--mom', '0.125', '--wd', '3.0517578125e-05', '--workspace', '/workspace/rn50', '-b', '128', '--epochs', '1', '--prof', '150', '--training-only', '--no-checkpoints', '/data/image']
