+ python /workspace/rn50/multiproc.py --nnodes 1 --node_rank 0 --nproc_per_node 8 --master_addr 127.0.0.1 --master_port=29500 /workspace/rn50/main.py --data-backend dali-cpu --raport-file /workspace/rn50/raport.json -j8 -p 1 --lr 1.024 --optimizer-batch-size -1 --warmup 8 --arch resnet50 -c fanin --label-smoothing 0.1 --lr-schedule cosine --mom 0.125 --wd 3.0517578125e-05 --workspace /workspace/rn50 -b 128 --epochs 1 --prof 150 --training-only --no-checkpoints /data/image
=> creating model '('resnet50', 'fanin', 1000)'
Version: {'net': <class 'image_classification.resnet.ResNet'>, 'block': <class 'image_classification.resnet.Bottleneck'>, 'layers': [3, 4, 6, 3], 'widths': [64, 128, 256, 512], 'expansion': 4}
Config: {'conv': <class 'torch.nn.modules.conv.Conv2d'>, 'conv_init': 'fan_in', 'nonlinearity': 'relu', 'last_bn_0_init': False, 'activation': <function <lambda> at 0x7fb55369c9d8>}
Num classes: 1000
i'm distributed in dali~~~~~~~~~~~~~~~~~
rank in dali:  0
world_size in dali:  8
read 886372 files from 698 directories
read 50000 files from 1000 directories
DLL 2020-09-22 14:46:18.957507 - PARAMETER data : /data/image  data_backend : dali-cpu  arch : resnet50  model_config : fanin  num_classes : 1000  workers : 8  epochs : 1  run_epochs : -1  batch_size : 128  optimizer_batch_size : -1  lr : 1.024  lr_schedule : cosine  warmup : 8  label_smoothing : 0.1  mixup : 0.0  momentum : 0.125  weight_decay : 3.0517578125e-05  bn_weight_decay : False  nesterov : False  print_freq : 1  resume : None  pretrained_weights :   fp16 : False  static_loss_scale : 1  dynamic_loss_scale : False  prof : 150  amp : False  seed : None  gather_checkpoints : False  raport_file : /workspace/rn50/raport.json  evaluate : False  training_only : True  save_checkpoints : False  checkpoint_filename : checkpoint.pth.tar  workspace : /workspace/rn50  memory_format : nchw  distributed : True  local_rank : 0  gpu : 8  world_size : 8 
 ! Weight decay NOT applied to BN parameters 
98
63
RUNNING EPOCHS FROM 0 TO 1
DLL 2020-09-22 14:46:34.975225 - Epoch: 0 Iteration: 1  train.loss : 7.07895  train.total_ips : 73.91 img/s
/opt/dali/dali/image/jpeg_mem.cc:338: Premature end of JPEG data. Stopped at line 272/440
DLL 2020-09-22 14:46:35.851980 - Epoch: 0 Iteration: 2  train.loss : 6.99076  train.total_ips : 1168.12 img/s
DLL 2020-09-22 14:46:36.204227 - Epoch: 0 Iteration: 3  train.loss : 6.86202  train.total_ips : 2908.28 img/s
DLL 2020-09-22 14:46:36.556374 - Epoch: 0 Iteration: 4  train.loss : 6.87083  train.total_ips : 2908.97 img/s
DLL 2020-09-22 14:46:36.908302 - Epoch: 0 Iteration: 5  train.loss : 6.85694  train.total_ips : 2910.51 img/s
DLL 2020-09-22 14:46:37.261201 - Epoch: 0 Iteration: 6  train.loss : 6.81564  train.total_ips : 2902.40 img/s
DLL 2020-09-22 14:46:37.616373 - Epoch: 0 Iteration: 7  train.loss : 6.88614  train.total_ips : 2884.61 img/s
DLL 2020-09-22 14:46:37.968516 - Epoch: 0 Iteration: 8  train.loss : 6.87572  train.total_ips : 2908.79 img/s
DLL 2020-09-22 14:46:38.321643 - Epoch: 0 Iteration: 9  train.loss : 6.84954  train.total_ips : 2901.13 img/s
DLL 2020-09-22 14:46:38.679729 - Epoch: 0 Iteration: 10  train.loss : 6.79421  train.total_ips : 2860.43 img/s
DLL 2020-09-22 14:46:39.032549 - Epoch: 0 Iteration: 11  train.loss : 6.78427  train.total_ips : 2903.17 img/s
DLL 2020-09-22 14:46:39.386456 - Epoch: 0 Iteration: 12  train.loss : 6.87623  train.total_ips : 2894.17 img/s
DLL 2020-09-22 14:46:39.801201 - Epoch: 0 Iteration: 13  train.loss : 6.81414  train.total_ips : 2470.15 img/s
DLL 2020-09-22 14:46:40.179032 - Epoch: 0 Iteration: 14  train.loss : 6.78827  train.total_ips : 2710.74 img/s
DLL 2020-09-22 14:46:40.531446 - Epoch: 0 Iteration: 15  train.loss : 6.77516  train.total_ips : 2906.51 img/s
DLL 2020-09-22 14:46:40.884613 - Epoch: 0 Iteration: 16  train.loss : 6.78444  train.total_ips : 2900.85 img/s
DLL 2020-09-22 14:46:41.286679 - Epoch: 0 Iteration: 17  train.loss : 6.79110  train.total_ips : 2547.39 img/s
DLL 2020-09-22 14:46:41.695049 - Epoch: 0 Iteration: 18  train.loss : 6.78664  train.total_ips : 2508.16 img/s
DLL 2020-09-22 14:46:42.054095 - Epoch: 0 Iteration: 19  train.loss : 6.76308  train.total_ips : 2852.72 img/s
DLL 2020-09-22 14:46:42.409620 - Epoch: 0 Iteration: 20  train.loss : 6.74221  train.total_ips : 2880.93 img/s
DLL 2020-09-22 14:46:42.788626 - Epoch: 0 Iteration: 21  train.loss : 6.76870  train.total_ips : 2702.40 img/s
DLL 2020-09-22 14:46:43.141426 - Epoch: 0 Iteration: 22  train.loss : 6.71898  train.total_ips : 2903.36 img/s
DLL 2020-09-22 14:46:43.495644 - Epoch: 0 Iteration: 23  train.loss : 6.73422  train.total_ips : 2891.82 img/s
DLL 2020-09-22 14:46:43.849719 - Epoch: 0 Iteration: 24  train.loss : 6.76051  train.total_ips : 2893.34 img/s
DLL 2020-09-22 14:46:44.237785 - Epoch: 0 Iteration: 25  train.loss : 6.73330  train.total_ips : 2639.18 img/s
DLL 2020-09-22 14:46:44.590812 - Epoch: 0 Iteration: 26  train.loss : 6.73374  train.total_ips : 2901.50 img/s
DLL 2020-09-22 14:46:44.946361 - Epoch: 0 Iteration: 27  train.loss : 6.72660  train.total_ips : 2880.74 img/s
DLL 2020-09-22 14:46:45.304363 - Epoch: 0 Iteration: 28  train.loss : 6.73487  train.total_ips : 2861.05 img/s
DLL 2020-09-22 14:46:45.657788 - Epoch: 0 Iteration: 29  train.loss : 6.74402  train.total_ips : 2898.09 img/s
DLL 2020-09-22 14:46:46.011035 - Epoch: 0 Iteration: 30  train.loss : 6.74238  train.total_ips : 2899.58 img/s
DLL 2020-09-22 14:46:46.387267 - Epoch: 0 Iteration: 31  train.loss : 6.73191  train.total_ips : 2722.56 img/s
DLL 2020-09-22 14:46:46.760690 - Epoch: 0 Iteration: 32  train.loss : 6.74757  train.total_ips : 2742.83 img/s
DLL 2020-09-22 14:46:47.160443 - Epoch: 0 Iteration: 33  train.loss : 6.72389  train.total_ips : 2562.74 img/s
DLL 2020-09-22 14:46:47.529057 - Epoch: 0 Iteration: 34  train.loss : 6.71267  train.total_ips : 2778.75 img/s
DLL 2020-09-22 14:46:47.881099 - Epoch: 0 Iteration: 35  train.loss : 6.69235  train.total_ips : 2909.43 img/s
DLL 2020-09-22 14:46:48.234012 - Epoch: 0 Iteration: 36  train.loss : 6.71748  train.total_ips : 2902.21 img/s
DLL 2020-09-22 14:46:48.599614 - Epoch: 0 Iteration: 37  train.loss : 6.73137  train.total_ips : 2801.47 img/s
DLL 2020-09-22 14:46:48.961561 - Epoch: 0 Iteration: 38  train.loss : 6.68952  train.total_ips : 2829.83 img/s
DLL 2020-09-22 14:46:49.315184 - Epoch: 0 Iteration: 39  train.loss : 6.70086  train.total_ips : 2896.48 img/s
DLL 2020-09-22 14:46:49.668384 - Epoch: 0 Iteration: 40  train.loss : 6.69538  train.total_ips : 2899.93 img/s
DLL 2020-09-22 14:46:50.025316 - Epoch: 0 Iteration: 41  train.loss : 6.68974  train.total_ips : 2869.59 img/s
DLL 2020-09-22 14:46:50.378503 - Epoch: 0 Iteration: 42  train.loss : 6.67781  train.total_ips : 2899.97 img/s
DLL 2020-09-22 14:46:50.732857 - Epoch: 0 Iteration: 43  train.loss : 6.71147  train.total_ips : 2891.46 img/s
DLL 2020-09-22 14:46:51.085060 - Epoch: 0 Iteration: 44  train.loss : 6.69905  train.total_ips : 2908.16 img/s
DLL 2020-09-22 14:46:51.439454 - Epoch: 0 Iteration: 45  train.loss : 6.70994  train.total_ips : 2890.17 img/s
DLL 2020-09-22 14:46:51.792807 - Epoch: 0 Iteration: 46  train.loss : 6.68791  train.total_ips : 2898.72 img/s
DLL 2020-09-22 14:46:52.167103 - Epoch: 0 Iteration: 47  train.loss : 6.68555  train.total_ips : 2737.31 img/s
DLL 2020-09-22 14:46:52.541693 - Epoch: 0 Iteration: 48  train.loss : 6.70009  train.total_ips : 2734.29 img/s
DLL 2020-09-22 14:46:52.894868 - Epoch: 0 Iteration: 49  train.loss : 6.69121  train.total_ips : 2900.11 img/s
DLL 2020-09-22 14:46:53.263754 - Epoch: 0 Iteration: 50  train.loss : 6.67170  train.total_ips : 2776.57 img/s
DLL 2020-09-22 14:46:53.617574 - Epoch: 0 Iteration: 51  train.loss : 6.69234  train.total_ips : 2894.86 img/s
DLL 2020-09-22 14:46:54.062752 - Epoch: 0 Iteration: 52  train.loss : 6.66684  train.total_ips : 2300.67 img/s
DLL 2020-09-22 14:46:54.416871 - Epoch: 0 Iteration: 53  train.loss : 6.66312  train.total_ips : 2892.35 img/s
DLL 2020-09-22 14:46:54.772696 - Epoch: 0 Iteration: 54  train.loss : 6.69000  train.total_ips : 2878.57 img/s
DLL 2020-09-22 14:46:55.126570 - Epoch: 0 Iteration: 55  train.loss : 6.68517  train.total_ips : 2894.34 img/s
DLL 2020-09-22 14:46:55.491113 - Epoch: 0 Iteration: 56  train.loss : 6.64634  train.total_ips : 2809.65 img/s
DLL 2020-09-22 14:46:55.847272 - Epoch: 0 Iteration: 57  train.loss : 6.66672  train.total_ips : 2875.83 img/s
DLL 2020-09-22 14:46:56.201845 - Epoch: 0 Iteration: 58  train.loss : 6.67805  train.total_ips : 2888.62 img/s
DLL 2020-09-22 14:46:56.555202 - Epoch: 0 Iteration: 59  train.loss : 6.68083  train.total_ips : 2898.60 img/s
DLL 2020-09-22 14:46:56.912776 - Epoch: 0 Iteration: 60  train.loss : 6.67699  train.total_ips : 2864.48 img/s
DLL 2020-09-22 14:46:57.267249 - Epoch: 0 Iteration: 61  train.loss : 6.65113  train.total_ips : 2889.52 img/s
DLL 2020-09-22 14:46:57.651280 - Epoch: 0 Iteration: 62  train.loss : 6.66498  train.total_ips : 2667.07 img/s
DLL 2020-09-22 14:46:58.036817 - Epoch: 0 Iteration: 63  train.loss : 6.66642  train.total_ips : 2657.09 img/s
DLL 2020-09-22 14:46:58.433111 - Epoch: 0 Iteration: 64  train.loss : 6.68255  train.total_ips : 2584.57 img/s
DLL 2020-09-22 14:46:58.828866 - Epoch: 0 Iteration: 65  train.loss : 6.67647  train.total_ips : 2587.98 img/s
DLL 2020-09-22 14:46:59.183113 - Epoch: 0 Iteration: 66  train.loss : 6.65751  train.total_ips : 2891.35 img/s
DLL 2020-09-22 14:46:59.537382 - Epoch: 0 Iteration: 67  train.loss : 6.65295  train.total_ips : 2891.26 img/s
DLL 2020-09-22 14:46:59.896982 - Epoch: 0 Iteration: 68  train.loss : 6.68265  train.total_ips : 2848.29 img/s
DLL 2020-09-22 14:47:00.251009 - Epoch: 0 Iteration: 69  train.loss : 6.66237  train.total_ips : 2893.18 img/s
DLL 2020-09-22 14:47:00.632866 - Epoch: 0 Iteration: 70  train.loss : 6.69238  train.total_ips : 2682.27 img/s
DLL 2020-09-22 14:47:00.985669 - Epoch: 0 Iteration: 71  train.loss : 6.66496  train.total_ips : 2903.15 img/s
DLL 2020-09-22 14:47:01.375176 - Epoch: 0 Iteration: 72  train.loss : 6.67134  train.total_ips : 2629.59 img/s
DLL 2020-09-22 14:47:01.730372 - Epoch: 0 Iteration: 73  train.loss : 6.64662  train.total_ips : 2883.65 img/s
DLL 2020-09-22 14:47:02.083620 - Epoch: 0 Iteration: 74  train.loss : 6.66331  train.total_ips : 2899.48 img/s
DLL 2020-09-22 14:47:02.437812 - Epoch: 0 Iteration: 75  train.loss : 6.67097  train.total_ips : 2891.76 img/s
DLL 2020-09-22 14:47:02.791249 - Epoch: 0 Iteration: 76  train.loss : 6.64916  train.total_ips : 2898.21 img/s
DLL 2020-09-22 14:47:03.144201 - Epoch: 0 Iteration: 77  train.loss : 6.65287  train.total_ips : 2902.00 img/s
DLL 2020-09-22 14:47:03.498380 - Epoch: 0 Iteration: 78  train.loss : 6.65933  train.total_ips : 2891.87 img/s
DLL 2020-09-22 14:47:03.852811 - Epoch: 0 Iteration: 79  train.loss : 6.65107  train.total_ips : 2889.85 img/s
DLL 2020-09-22 14:47:04.205464 - Epoch: 0 Iteration: 80  train.loss : 6.66782  train.total_ips : 2904.55 img/s
DLL 2020-09-22 14:47:04.587242 - Epoch: 0 Iteration: 81  train.loss : 6.64272  train.total_ips : 2683.09 img/s
DLL 2020-09-22 14:47:04.942817 - Epoch: 0 Iteration: 82  train.loss : 6.63803  train.total_ips : 2880.56 img/s
DLL 2020-09-22 14:47:05.296644 - Epoch: 0 Iteration: 83  train.loss : 6.64763  train.total_ips : 2895.35 img/s
DLL 2020-09-22 14:47:05.679575 - Epoch: 0 Iteration: 84  train.loss : 6.64606  train.total_ips : 2674.52 img/s
DLL 2020-09-22 14:47:06.043535 - Epoch: 0 Iteration: 85  train.loss : 6.63072  train.total_ips : 2814.38 img/s
DLL 2020-09-22 14:47:06.398047 - Epoch: 0 Iteration: 86  train.loss : 6.65583  train.total_ips : 2889.21 img/s
DLL 2020-09-22 14:47:06.773495 - Epoch: 0 Iteration: 87  train.loss : 6.63587  train.total_ips : 2728.03 img/s
DLL 2020-09-22 14:47:07.126510 - Epoch: 0 Iteration: 88  train.loss : 6.64924  train.total_ips : 2901.36 img/s
DLL 2020-09-22 14:47:07.481628 - Epoch: 0 Iteration: 89  train.loss : 6.60741  train.total_ips : 2884.26 img/s
DLL 2020-09-22 14:47:07.841305 - Epoch: 0 Iteration: 90  train.loss : 6.63108  train.total_ips : 2847.72 img/s
DLL 2020-09-22 14:47:08.199369 - Epoch: 0 Iteration: 91  train.loss : 6.65736  train.total_ips : 2860.44 img/s
DLL 2020-09-22 14:47:08.552416 - Epoch: 0 Iteration: 92  train.loss : 6.62565  train.total_ips : 2901.22 img/s
DLL 2020-09-22 14:47:08.975635 - Epoch: 0 Iteration: 93  train.loss : 6.62435  train.total_ips : 2420.02 img/s
DLL 2020-09-22 14:47:09.329675 - Epoch: 0 Iteration: 94  train.loss : 6.62510  train.total_ips : 2893.06 img/s
DLL 2020-09-22 14:47:09.682381 - Epoch: 0 Iteration: 95  train.loss : 6.60121  train.total_ips : 2904.32 img/s
DLL 2020-09-22 14:47:10.048812 - Epoch: 0 Iteration: 96  train.loss : 6.62883  train.total_ips : 2795.14 img/s
DLL 2020-09-22 14:47:10.402648 - Epoch: 0 Iteration: 97  train.loss : 6.61288  train.total_ips : 2894.81 img/s
DLL 2020-09-22 14:47:10.786745 - Epoch: 0 Iteration: 98  train.loss : 6.63284  train.total_ips : 2667.43 img/s
DLL 2020-09-22 14:47:11.140752 - Epoch: 0 Iteration: 99  train.loss : 6.60277  train.total_ips : 2893.00 img/s
DLL 2020-09-22 14:47:11.494102 - Epoch: 0 Iteration: 100  train.loss : 6.62006  train.total_ips : 2898.76 img/s
DLL 2020-09-22 14:47:11.847058 - Epoch: 0 Iteration: 101  train.loss : 6.61359  train.total_ips : 2901.93 img/s
DLL 2020-09-22 14:47:12.200583 - Epoch: 0 Iteration: 102  train.loss : 6.60781  train.total_ips : 2897.24 img/s
DLL 2020-09-22 14:47:12.556265 - Epoch: 0 Iteration: 103  train.loss : 6.61876  train.total_ips : 2879.64 img/s
DLL 2020-09-22 14:47:12.910441 - Epoch: 0 Iteration: 104  train.loss : 6.63035  train.total_ips : 2891.92 img/s
DLL 2020-09-22 14:47:13.264391 - Epoch: 0 Iteration: 105  train.loss : 6.63957  train.total_ips : 2893.76 img/s
DLL 2020-09-22 14:47:13.647826 - Epoch: 0 Iteration: 106  train.loss : 6.64152  train.total_ips : 2671.23 img/s
DLL 2020-09-22 14:47:14.004799 - Epoch: 0 Iteration: 107  train.loss : 6.64263  train.total_ips : 2869.13 img/s
DLL 2020-09-22 14:47:14.357396 - Epoch: 0 Iteration: 108  train.loss : 6.61430  train.total_ips : 2904.87 img/s
DLL 2020-09-22 14:47:14.768756 - Epoch: 0 Iteration: 109  train.loss : 6.60782  train.total_ips : 2489.80 img/s
DLL 2020-09-22 14:47:15.123398 - Epoch: 0 Iteration: 110  train.loss : 6.58917  train.total_ips : 2888.76 img/s
DLL 2020-09-22 14:47:15.483138 - Epoch: 0 Iteration: 111  train.loss : 6.62597  train.total_ips : 2847.27 img/s
DLL 2020-09-22 14:47:15.838242 - Epoch: 0 Iteration: 112  train.loss : 6.62738  train.total_ips : 2884.43 img/s
DLL 2020-09-22 14:47:16.217103 - Epoch: 0 Iteration: 113  train.loss : 6.61792  train.total_ips : 2703.63 img/s
DLL 2020-09-22 14:47:16.571246 - Epoch: 0 Iteration: 114  train.loss : 6.61564  train.total_ips : 2892.78 img/s
DLL 2020-09-22 14:47:16.958038 - Epoch: 0 Iteration: 115  train.loss : 6.60001  train.total_ips : 2647.81 img/s
DLL 2020-09-22 14:47:17.311183 - Epoch: 0 Iteration: 116  train.loss : 6.60656  train.total_ips : 2900.36 img/s
DLL 2020-09-22 14:47:17.665964 - Epoch: 0 Iteration: 117  train.loss : 6.61147  train.total_ips : 2886.98 img/s
DLL 2020-09-22 14:47:18.019150 - Epoch: 0 Iteration: 118  train.loss : 6.58349  train.total_ips : 2900.03 img/s
DLL 2020-09-22 14:47:18.376672 - Epoch: 0 Iteration: 119  train.loss : 6.57039  train.total_ips : 2864.79 img/s
DLL 2020-09-22 14:47:18.733783 - Epoch: 0 Iteration: 120  train.loss : 6.61628  train.total_ips : 2868.22 img/s
DLL 2020-09-22 14:47:19.087158 - Epoch: 0 Iteration: 121  train.loss : 6.57045  train.total_ips : 2898.53 img/s
DLL 2020-09-22 14:47:19.500967 - Epoch: 0 Iteration: 122  train.loss : 6.57680  train.total_ips : 2475.05 img/s
DLL 2020-09-22 14:47:19.855105 - Epoch: 0 Iteration: 123  train.loss : 6.57336  train.total_ips : 2892.27 img/s
DLL 2020-09-22 14:47:20.208839 - Epoch: 0 Iteration: 124  train.loss : 6.58013  train.total_ips : 2895.51 img/s
DLL 2020-09-22 14:47:20.564962 - Epoch: 0 Iteration: 125  train.loss : 6.55420  train.total_ips : 2876.26 img/s
DLL 2020-09-22 14:47:20.919127 - Epoch: 0 Iteration: 126  train.loss : 6.60738  train.total_ips : 2892.40 img/s
DLL 2020-09-22 14:47:21.274488 - Epoch: 0 Iteration: 127  train.loss : 6.60527  train.total_ips : 2882.17 img/s
DLL 2020-09-22 14:47:21.628880 - Epoch: 0 Iteration: 128  train.loss : 6.59313  train.total_ips : 2890.24 img/s
DLL 2020-09-22 14:47:21.984433 - Epoch: 0 Iteration: 129  train.loss : 6.55671  train.total_ips : 2880.89 img/s
DLL 2020-09-22 14:47:22.339170 - Epoch: 0 Iteration: 130  train.loss : 6.55550  train.total_ips : 2888.11 img/s
DLL 2020-09-22 14:47:22.705187 - Epoch: 0 Iteration: 131  train.loss : 6.55759  train.total_ips : 2798.10 img/s
DLL 2020-09-22 14:47:23.063402 - Epoch: 0 Iteration: 132  train.loss : 6.58392  train.total_ips : 2859.32 img/s
DLL 2020-09-22 14:47:23.418376 - Epoch: 0 Iteration: 133  train.loss : 6.51782  train.total_ips : 2885.46 img/s
DLL 2020-09-22 14:47:23.771554 - Epoch: 0 Iteration: 134  train.loss : 6.56404  train.total_ips : 2900.11 img/s
DLL 2020-09-22 14:47:24.200062 - Epoch: 0 Iteration: 135  train.loss : 6.56954  train.total_ips : 2390.14 img/s
DLL 2020-09-22 14:47:24.553529 - Epoch: 0 Iteration: 136  train.loss : 6.56213  train.total_ips : 2897.74 img/s
DLL 2020-09-22 14:47:24.906044 - Epoch: 0 Iteration: 137  train.loss : 6.53500  train.total_ips : 2905.64 img/s
DLL 2020-09-22 14:47:25.276390 - Epoch: 0 Iteration: 138  train.loss : 6.56412  train.total_ips : 2765.59 img/s
DLL 2020-09-22 14:47:25.660054 - Epoch: 0 Iteration: 139  train.loss : 6.54401  train.total_ips : 2669.69 img/s
DLL 2020-09-22 14:47:26.015140 - Epoch: 0 Iteration: 140  train.loss : 6.55073  train.total_ips : 2884.44 img/s
DLL 2020-09-22 14:47:26.371084 - Epoch: 0 Iteration: 141  train.loss : 6.54450  train.total_ips : 2877.52 img/s
DLL 2020-09-22 14:47:26.726635 - Epoch: 0 Iteration: 142  train.loss : 6.58824  train.total_ips : 2881.36 img/s
DLL 2020-09-22 14:47:27.079807 - Epoch: 0 Iteration: 143  train.loss : 6.53123  train.total_ips : 2900.10 img/s
DLL 2020-09-22 14:47:27.443729 - Epoch: 0 Iteration: 144  train.loss : 6.54468  train.total_ips : 2814.45 img/s
DLL 2020-09-22 14:47:27.796748 - Epoch: 0 Iteration: 145  train.loss : 6.50393  train.total_ips : 2901.48 img/s
DLL 2020-09-22 14:47:28.152215 - Epoch: 0 Iteration: 146  train.loss : 6.49402  train.total_ips : 2881.48 img/s
DLL 2020-09-22 14:47:28.505642 - Epoch: 0 Iteration: 147  train.loss : 6.53118  train.total_ips : 2898.07 img/s
DLL 2020-09-22 14:47:28.860475 - Epoch: 0 Iteration: 148  train.loss : 6.51024  train.total_ips : 2886.70 img/s
DLL 2020-09-22 14:47:29.236007 - Epoch: 0 Iteration: 149  train.loss : 6.48190  train.total_ips : 2728.36 img/s
DLL 2020-09-22 14:47:29.593698 - Epoch: 0  train.loss : 6.66514  train.total_ips : 2797.22 img/s
DLL 2020-09-22 14:47:29.593828 - Epoch: 0  lr : 0.128  train.compute_ips : 2805.61 img/s train.data_time : 0.00110 s train.compute_time : 0.45529 s
DLL 2020-09-22 14:47:29.593951 - Summary: train.loss : 6.66514  train.total_ips : 2797.22 img/s
DLL 2020-09-22 14:47:29.594006 - Summary: lr : 0.128  train.compute_ips : 2805.61 img/s train.data_time : 0.00110 s train.compute_time : 0.45529 s
Experiment ended
['/opt/conda/bin/python', '-u', '/workspace/rn50/main.py', '--data-backend', 'dali-cpu', '--raport-file', '/workspace/rn50/raport.json', '-j8', '-p', '1', '--lr', '1.024', '--optimizer-batch-size', '-1', '--warmup', '8', '--arch', 'resnet50', '-c', 'fanin', '--label-smoothing', '0.1', '--lr-schedule', 'cosine', '--mom', '0.125', '--wd', '3.0517578125e-05', '--workspace', '/workspace/rn50', '-b', '128', '--epochs', '1', '--prof', '150', '--training-only', '--no-checkpoints', '/data/image']
['/opt/conda/bin/python', '-u', '/workspace/rn50/main.py', '--data-backend', 'dali-cpu', '--raport-file', '/workspace/rn50/raport.json', '-j8', '-p', '1', '--lr', '1.024', '--optimizer-batch-size', '-1', '--warmup', '8', '--arch', 'resnet50', '-c', 'fanin', '--label-smoothing', '0.1', '--lr-schedule', 'cosine', '--mom', '0.125', '--wd', '3.0517578125e-05', '--workspace', '/workspace/rn50', '-b', '128', '--epochs', '1', '--prof', '150', '--training-only', '--no-checkpoints', '/data/image']
['/opt/conda/bin/python', '-u', '/workspace/rn50/main.py', '--data-backend', 'dali-cpu', '--raport-file', '/workspace/rn50/raport.json', '-j8', '-p', '1', '--lr', '1.024', '--optimizer-batch-size', '-1', '--warmup', '8', '--arch', 'resnet50', '-c', 'fanin', '--label-smoothing', '0.1', '--lr-schedule', 'cosine', '--mom', '0.125', '--wd', '3.0517578125e-05', '--workspace', '/workspace/rn50', '-b', '128', '--epochs', '1', '--prof', '150', '--training-only', '--no-checkpoints', '/data/image']
['/opt/conda/bin/python', '-u', '/workspace/rn50/main.py', '--data-backend', 'dali-cpu', '--raport-file', '/workspace/rn50/raport.json', '-j8', '-p', '1', '--lr', '1.024', '--optimizer-batch-size', '-1', '--warmup', '8', '--arch', 'resnet50', '-c', 'fanin', '--label-smoothing', '0.1', '--lr-schedule', 'cosine', '--mom', '0.125', '--wd', '3.0517578125e-05', '--workspace', '/workspace/rn50', '-b', '128', '--epochs', '1', '--prof', '150', '--training-only', '--no-checkpoints', '/data/image']
['/opt/conda/bin/python', '-u', '/workspace/rn50/main.py', '--data-backend', 'dali-cpu', '--raport-file', '/workspace/rn50/raport.json', '-j8', '-p', '1', '--lr', '1.024', '--optimizer-batch-size', '-1', '--warmup', '8', '--arch', 'resnet50', '-c', 'fanin', '--label-smoothing', '0.1', '--lr-schedule', 'cosine', '--mom', '0.125', '--wd', '3.0517578125e-05', '--workspace', '/workspace/rn50', '-b', '128', '--epochs', '1', '--prof', '150', '--training-only', '--no-checkpoints', '/data/image']
['/opt/conda/bin/python', '-u', '/workspace/rn50/main.py', '--data-backend', 'dali-cpu', '--raport-file', '/workspace/rn50/raport.json', '-j8', '-p', '1', '--lr', '1.024', '--optimizer-batch-size', '-1', '--warmup', '8', '--arch', 'resnet50', '-c', 'fanin', '--label-smoothing', '0.1', '--lr-schedule', 'cosine', '--mom', '0.125', '--wd', '3.0517578125e-05', '--workspace', '/workspace/rn50', '-b', '128', '--epochs', '1', '--prof', '150', '--training-only', '--no-checkpoints', '/data/image']
['/opt/conda/bin/python', '-u', '/workspace/rn50/main.py', '--data-backend', 'dali-cpu', '--raport-file', '/workspace/rn50/raport.json', '-j8', '-p', '1', '--lr', '1.024', '--optimizer-batch-size', '-1', '--warmup', '8', '--arch', 'resnet50', '-c', 'fanin', '--label-smoothing', '0.1', '--lr-schedule', 'cosine', '--mom', '0.125', '--wd', '3.0517578125e-05', '--workspace', '/workspace/rn50', '-b', '128', '--epochs', '1', '--prof', '150', '--training-only', '--no-checkpoints', '/data/image']
['/opt/conda/bin/python', '-u', '/workspace/rn50/main.py', '--data-backend', 'dali-cpu', '--raport-file', '/workspace/rn50/raport.json', '-j8', '-p', '1', '--lr', '1.024', '--optimizer-batch-size', '-1', '--warmup', '8', '--arch', 'resnet50', '-c', 'fanin', '--label-smoothing', '0.1', '--lr-schedule', 'cosine', '--mom', '0.125', '--wd', '3.0517578125e-05', '--workspace', '/workspace/rn50', '-b', '128', '--epochs', '1', '--prof', '150', '--training-only', '--no-checkpoints', '/data/image']
