+ python /workspace/rn50/multiproc.py --nnodes 4 --node_rank 0 --nproc_per_node 8 --master_addr 10.11.0.2 --master_port=22333 /workspace/rn50/main.py --data-backend dali-cpu --raport-file /workspace/rn50/raport.json -j8 -p 1 --lr 1.024 --optimizer-batch-size -1 --warmup 8 --arch resnet50 -c fanin --label-smoothing 0.1 --lr-schedule cosine --mom 0.125 --wd 3.0517578125e-05 --workspace /workspace/rn50 -b 128 --epochs 1 --prof 150 --training-only --no-checkpoints /data/image
=> creating model '('resnet50', 'fanin', 1000)'
Version: {'net': <class 'image_classification.resnet.ResNet'>, 'block': <class 'image_classification.resnet.Bottleneck'>, 'layers': [3, 4, 6, 3], 'widths': [64, 128, 256, 512], 'expansion': 4}
Config: {'conv': <class 'torch.nn.modules.conv.Conv2d'>, 'conv_init': 'fan_in', 'nonlinearity': 'relu', 'last_bn_0_init': False, 'activation': <function <lambda> at 0x7f026e7cc9d8>}
Num classes: 1000
i'm distributed in dali~~~~~~~~~~~~~~~~~
rank in dali:  0
world_size in dali:  32
read 886372 files from 698 directories
read 50000 files from 1000 directories
DLL 2020-09-22 16:35:36.217531 - PARAMETER data : /data/image  data_backend : dali-cpu  arch : resnet50  model_config : fanin  num_classes : 1000  workers : 8  epochs : 1  run_epochs : -1  batch_size : 128  optimizer_batch_size : -1  lr : 1.024  lr_schedule : cosine  warmup : 8  label_smoothing : 0.1  mixup : 0.0  momentum : 0.125  weight_decay : 3.0517578125e-05  bn_weight_decay : False  nesterov : False  print_freq : 1  resume : None  pretrained_weights :   fp16 : False  static_loss_scale : 1  dynamic_loss_scale : False  prof : 150  amp : False  seed : None  gather_checkpoints : False  raport_file : /workspace/rn50/raport.json  evaluate : False  training_only : True  save_checkpoints : False  checkpoint_filename : checkpoint.pth.tar  workspace : /workspace/rn50  memory_format : nchw  distributed : True  local_rank : 0  gpu : 8  world_size : 32 
 ! Weight decay NOT applied to BN parameters 
98
63
RUNNING EPOCHS FROM 0 TO 1
DLL 2020-09-22 16:35:53.133092 - Epoch: 0 Iteration: 1  train.loss : 7.08783  train.total_ips : 272.21 img/s
DLL 2020-09-22 16:35:54.126228 - Epoch: 0 Iteration: 2  train.loss : 6.92862  train.total_ips : 4124.52 img/s
DLL 2020-09-22 16:35:54.486144 - Epoch: 0 Iteration: 3  train.loss : 6.86665  train.total_ips : 11383.42 img/s
DLL 2020-09-22 16:35:54.847996 - Epoch: 0 Iteration: 4  train.loss : 6.79765  train.total_ips : 11322.31 img/s
DLL 2020-09-22 16:35:55.214913 - Epoch: 0 Iteration: 5  train.loss : 6.76043  train.total_ips : 11165.96 img/s
DLL 2020-09-22 16:35:55.636972 - Epoch: 0 Iteration: 6  train.loss : 6.73895  train.total_ips : 9707.14 img/s
DLL 2020-09-22 16:35:56.021319 - Epoch: 0 Iteration: 7  train.loss : 6.72557  train.total_ips : 10661.26 img/s
DLL 2020-09-22 16:35:56.406147 - Epoch: 0 Iteration: 8  train.loss : 6.70497  train.total_ips : 10650.61 img/s
DLL 2020-09-22 16:35:56.779466 - Epoch: 0 Iteration: 9  train.loss : 6.69758  train.total_ips : 10975.07 img/s
DLL 2020-09-22 16:35:57.208029 - Epoch: 0 Iteration: 10  train.loss : 6.69662  train.total_ips : 9559.57 img/s
DLL 2020-09-22 16:35:57.585413 - Epoch: 0 Iteration: 11  train.loss : 6.69329  train.total_ips : 10857.34 img/s
DLL 2020-09-22 16:35:57.947702 - Epoch: 0 Iteration: 12  train.loss : 6.67436  train.total_ips : 11308.58 img/s
DLL 2020-09-22 16:35:58.380354 - Epoch: 0 Iteration: 13  train.loss : 6.67023  train.total_ips : 9469.77 img/s
DLL 2020-09-22 16:35:58.744125 - Epoch: 0 Iteration: 14  train.loss : 6.66049  train.total_ips : 11265.45 img/s
DLL 2020-09-22 16:35:59.132597 - Epoch: 0 Iteration: 15  train.loss : 6.65934  train.total_ips : 10546.37 img/s
DLL 2020-09-22 16:35:59.509034 - Epoch: 0 Iteration: 16  train.loss : 6.66522  train.total_ips : 10886.01 img/s
DLL 2020-09-22 16:35:59.890505 - Epoch: 0 Iteration: 17  train.loss : 6.65622  train.total_ips : 10740.34 img/s
DLL 2020-09-22 16:36:00.298023 - Epoch: 0 Iteration: 18  train.loss : 6.65562  train.total_ips : 10053.05 img/s
DLL 2020-09-22 16:36:00.688772 - Epoch: 0 Iteration: 19  train.loss : 6.65050  train.total_ips : 10484.92 img/s
DLL 2020-09-22 16:36:01.082801 - Epoch: 0 Iteration: 20  train.loss : 6.65104  train.total_ips : 10398.38 img/s
DLL 2020-09-22 16:36:01.474578 - Epoch: 0 Iteration: 21  train.loss : 6.65625  train.total_ips : 10456.92 img/s
DLL 2020-09-22 16:36:01.872283 - Epoch: 0 Iteration: 22  train.loss : 6.65068  train.total_ips : 10302.71 img/s
DLL 2020-09-22 16:36:02.282680 - Epoch: 0 Iteration: 23  train.loss : 6.64221  train.total_ips : 9983.21 img/s
DLL 2020-09-22 16:36:02.706534 - Epoch: 0 Iteration: 24  train.loss : 6.64605  train.total_ips : 9666.60 img/s
DLL 2020-09-22 16:36:03.096532 - Epoch: 0 Iteration: 25  train.loss : 6.65054  train.total_ips : 10504.69 img/s
DLL 2020-09-22 16:36:03.487325 - Epoch: 0 Iteration: 26  train.loss : 6.63904  train.total_ips : 10483.69 img/s
DLL 2020-09-22 16:36:03.878838 - Epoch: 0 Iteration: 27  train.loss : 6.64049  train.total_ips : 10464.60 img/s
DLL 2020-09-22 16:36:04.260279 - Epoch: 0 Iteration: 28  train.loss : 6.63295  train.total_ips : 10741.11 img/s
DLL 2020-09-22 16:36:04.669853 - Epoch: 0 Iteration: 29  train.loss : 6.63610  train.total_ips : 10002.25 img/s
DLL 2020-09-22 16:36:05.062225 - Epoch: 0 Iteration: 30  train.loss : 6.64013  train.total_ips : 10442.02 img/s
DLL 2020-09-22 16:36:05.426530 - Epoch: 0 Iteration: 31  train.loss : 6.63553  train.total_ips : 11246.12 img/s
DLL 2020-09-22 16:36:05.820416 - Epoch: 0 Iteration: 32  train.loss : 6.63968  train.total_ips : 10403.44 img/s
DLL 2020-09-22 16:36:06.222448 - Epoch: 0 Iteration: 33  train.loss : 6.62815  train.total_ips : 10190.43 img/s
DLL 2020-09-22 16:36:06.620935 - Epoch: 0 Iteration: 34  train.loss : 6.62894  train.total_ips : 10282.38 img/s
DLL 2020-09-22 16:36:06.994310 - Epoch: 0 Iteration: 35  train.loss : 6.62267  train.total_ips : 10972.50 img/s
DLL 2020-09-22 16:36:07.382160 - Epoch: 0 Iteration: 36  train.loss : 6.63196  train.total_ips : 10563.44 img/s
DLL 2020-09-22 16:36:07.751774 - Epoch: 0 Iteration: 37  train.loss : 6.62508  train.total_ips : 11084.65 img/s
DLL 2020-09-22 16:36:08.113873 - Epoch: 0 Iteration: 38  train.loss : 6.62969  train.total_ips : 11314.37 img/s
DLL 2020-09-22 16:36:08.567883 - Epoch: 0 Iteration: 39  train.loss : 6.62312  train.total_ips : 9023.76 img/s
DLL 2020-09-22 16:36:08.931256 - Epoch: 0 Iteration: 40  train.loss : 6.62174  train.total_ips : 11276.74 img/s
DLL 2020-09-22 16:36:09.299622 - Epoch: 0 Iteration: 41  train.loss : 6.62688  train.total_ips : 11122.15 img/s
DLL 2020-09-22 16:36:09.708522 - Epoch: 0 Iteration: 42  train.loss : 6.62309  train.total_ips : 10019.38 img/s
DLL 2020-09-22 16:36:10.082418 - Epoch: 0 Iteration: 43  train.loss : 6.62430  train.total_ips : 10957.81 img/s
DLL 2020-09-22 16:36:10.483905 - Epoch: 0 Iteration: 44  train.loss : 6.61624  train.total_ips : 10204.36 img/s
DLL 2020-09-22 16:36:10.856507 - Epoch: 0 Iteration: 45  train.loss : 6.61990  train.total_ips : 10996.52 img/s
DLL 2020-09-22 16:36:11.239446 - Epoch: 0 Iteration: 46  train.loss : 6.61302  train.total_ips : 10698.48 img/s
DLL 2020-09-22 16:36:11.605659 - Epoch: 0 Iteration: 47  train.loss : 6.63190  train.total_ips : 11190.35 img/s
DLL 2020-09-22 16:36:11.986329 - Epoch: 0 Iteration: 48  train.loss : 6.62424  train.total_ips : 10762.10 img/s
DLL 2020-09-22 16:36:12.372165 - Epoch: 0 Iteration: 49  train.loss : 6.62663  train.total_ips : 10617.88 img/s
DLL 2020-09-22 16:36:12.747647 - Epoch: 0 Iteration: 50  train.loss : 6.61278  train.total_ips : 10912.79 img/s
DLL 2020-09-22 16:36:13.153531 - Epoch: 0 Iteration: 51  train.loss : 6.60647  train.total_ips : 10093.68 img/s
DLL 2020-09-22 16:36:13.515715 - Epoch: 0 Iteration: 52  train.loss : 6.60988  train.total_ips : 11312.24 img/s
DLL 2020-09-22 16:36:13.937777 - Epoch: 0 Iteration: 53  train.loss : 6.61371  train.total_ips : 9706.71 img/s
DLL 2020-09-22 16:36:14.334093 - Epoch: 0 Iteration: 54  train.loss : 6.61181  train.total_ips : 10337.31 img/s
DLL 2020-09-22 16:36:14.709955 - Epoch: 0 Iteration: 55  train.loss : 6.61811  train.total_ips : 10900.40 img/s
DLL 2020-09-22 16:36:15.085992 - Epoch: 0 Iteration: 56  train.loss : 6.60318  train.total_ips : 10895.36 img/s
DLL 2020-09-22 16:36:15.464395 - Epoch: 0 Iteration: 57  train.loss : 6.60981  train.total_ips : 10826.80 img/s
DLL 2020-09-22 16:36:15.824658 - Epoch: 0 Iteration: 58  train.loss : 6.60605  train.total_ips : 11372.44 img/s
DLL 2020-09-22 16:36:16.247584 - Epoch: 0 Iteration: 59  train.loss : 6.60270  train.total_ips : 9688.95 img/s
DLL 2020-09-22 16:36:16.633763 - Epoch: 0 Iteration: 60  train.loss : 6.60889  train.total_ips : 10608.01 img/s
DLL 2020-09-22 16:36:16.994378 - Epoch: 0 Iteration: 61  train.loss : 6.60525  train.total_ips : 11361.05 img/s
DLL 2020-09-22 16:36:17.366885 - Epoch: 0 Iteration: 62  train.loss : 6.60722  train.total_ips : 10998.61 img/s
DLL 2020-09-22 16:36:17.747367 - Epoch: 0 Iteration: 63  train.loss : 6.61139  train.total_ips : 10770.76 img/s
DLL 2020-09-22 16:36:18.170791 - Epoch: 0 Iteration: 64  train.loss : 6.60189  train.total_ips : 9675.73 img/s
DLL 2020-09-22 16:36:18.534268 - Epoch: 0 Iteration: 65  train.loss : 6.59876  train.total_ips : 11271.92 img/s
DLL 2020-09-22 16:36:18.902116 - Epoch: 0 Iteration: 66  train.loss : 6.60256  train.total_ips : 11137.56 img/s
DLL 2020-09-22 16:36:19.266112 - Epoch: 0 Iteration: 67  train.loss : 6.59968  train.total_ips : 11256.32 img/s
DLL 2020-09-22 16:36:19.657757 - Epoch: 0 Iteration: 68  train.loss : 6.59669  train.total_ips : 10460.90 img/s
DLL 2020-09-22 16:36:20.064565 - Epoch: 0 Iteration: 69  train.loss : 6.59195  train.total_ips : 10070.94 img/s
DLL 2020-09-22 16:36:20.441590 - Epoch: 0 Iteration: 70  train.loss : 6.59839  train.total_ips : 10866.61 img/s
DLL 2020-09-22 16:36:20.829256 - Epoch: 0 Iteration: 71  train.loss : 6.57883  train.total_ips : 10568.99 img/s
DLL 2020-09-22 16:36:21.233443 - Epoch: 0 Iteration: 72  train.loss : 6.59627  train.total_ips : 10135.81 img/s
DLL 2020-09-22 16:36:21.594434 - Epoch: 0 Iteration: 73  train.loss : 6.58928  train.total_ips : 11349.56 img/s
DLL 2020-09-22 16:36:21.966775 - Epoch: 0 Iteration: 74  train.loss : 6.58369  train.total_ips : 11003.54 img/s
DLL 2020-09-22 16:36:22.365365 - Epoch: 0 Iteration: 75  train.loss : 6.58805  train.total_ips : 10278.76 img/s
DLL 2020-09-22 16:36:22.758058 - Epoch: 0 Iteration: 76  train.loss : 6.58947  train.total_ips : 10432.77 img/s
DLL 2020-09-22 16:36:23.165637 - Epoch: 0 Iteration: 77  train.loss : 6.58770  train.total_ips : 10053.13 img/s
DLL 2020-09-22 16:36:23.564066 - Epoch: 0 Iteration: 78  train.loss : 6.58292  train.total_ips : 10282.62 img/s
DLL 2020-09-22 16:36:23.926950 - Epoch: 0 Iteration: 79  train.loss : 6.57311  train.total_ips : 11290.54 img/s
DLL 2020-09-22 16:36:24.292377 - Epoch: 0 Iteration: 80  train.loss : 6.58932  train.total_ips : 11211.36 img/s
DLL 2020-09-22 16:36:24.811674 - Epoch: 0 Iteration: 81  train.loss : 6.58343  train.total_ips : 7889.00 img/s
DLL 2020-09-22 16:36:25.197131 - Epoch: 0 Iteration: 82  train.loss : 6.59141  train.total_ips : 10629.29 img/s
DLL 2020-09-22 16:36:25.559883 - Epoch: 0 Iteration: 83  train.loss : 6.58051  train.total_ips : 11294.51 img/s
DLL 2020-09-22 16:36:25.950884 - Epoch: 0 Iteration: 84  train.loss : 6.57436  train.total_ips : 10478.03 img/s
DLL 2020-09-22 16:36:26.327937 - Epoch: 0 Iteration: 85  train.loss : 6.56818  train.total_ips : 10866.18 img/s
DLL 2020-09-22 16:36:26.689712 - Epoch: 0 Iteration: 86  train.loss : 6.57821  train.total_ips : 11324.96 img/s
DLL 2020-09-22 16:36:27.111941 - Epoch: 0 Iteration: 87  train.loss : 6.58359  train.total_ips : 9704.86 img/s
DLL 2020-09-22 16:36:27.482800 - Epoch: 0 Iteration: 88  train.loss : 6.58195  train.total_ips : 11048.89 img/s
DLL 2020-09-22 16:36:27.861776 - Epoch: 0 Iteration: 89  train.loss : 6.58847  train.total_ips : 10810.43 img/s
DLL 2020-09-22 16:36:28.236621 - Epoch: 0 Iteration: 90  train.loss : 6.57542  train.total_ips : 10929.96 img/s
DLL 2020-09-22 16:36:28.617977 - Epoch: 0 Iteration: 91  train.loss : 6.57826  train.total_ips : 10744.04 img/s
DLL 2020-09-22 16:36:29.017531 - Epoch: 0 Iteration: 92  train.loss : 6.57029  train.total_ips : 10254.01 img/s
DLL 2020-09-22 16:36:29.424403 - Epoch: 0 Iteration: 93  train.loss : 6.56640  train.total_ips : 10069.41 img/s
DLL 2020-09-22 16:36:29.806669 - Epoch: 0 Iteration: 94  train.loss : 6.56278  train.total_ips : 10718.27 img/s
DLL 2020-09-22 16:36:30.192834 - Epoch: 0 Iteration: 95  train.loss : 6.56263  train.total_ips : 10609.68 img/s
DLL 2020-09-22 16:36:30.570673 - Epoch: 0 Iteration: 96  train.loss : 6.56485  train.total_ips : 10843.97 img/s
DLL 2020-09-22 16:36:30.934168 - Epoch: 0 Iteration: 97  train.loss : 6.56877  train.total_ips : 11273.07 img/s
DLL 2020-09-22 16:36:31.296531 - Epoch: 0 Iteration: 98  train.loss : 6.55907  train.total_ips : 11306.33 img/s
DLL 2020-09-22 16:36:31.675031 - Epoch: 0 Iteration: 99  train.loss : 6.56785  train.total_ips : 10825.41 img/s
DLL 2020-09-22 16:36:32.073470 - Epoch: 0 Iteration: 100  train.loss : 6.55744  train.total_ips : 10282.44 img/s
DLL 2020-09-22 16:36:32.470058 - Epoch: 0 Iteration: 101  train.loss : 6.57685  train.total_ips : 10330.56 img/s
DLL 2020-09-22 16:36:32.876479 - Epoch: 0 Iteration: 102  train.loss : 6.55770  train.total_ips : 10080.53 img/s
DLL 2020-09-22 16:36:33.238694 - Epoch: 0 Iteration: 103  train.loss : 6.54808  train.total_ips : 11310.87 img/s
DLL 2020-09-22 16:36:33.623777 - Epoch: 0 Iteration: 104  train.loss : 6.57528  train.total_ips : 10639.32 img/s
DLL 2020-09-22 16:36:34.025967 - Epoch: 0 Iteration: 105  train.loss : 6.58011  train.total_ips : 10186.54 img/s
DLL 2020-09-22 16:36:34.426708 - Epoch: 0 Iteration: 106  train.loss : 6.55020  train.total_ips : 10223.71 img/s
DLL 2020-09-22 16:36:34.810701 - Epoch: 0 Iteration: 107  train.loss : 6.55214  train.total_ips : 10669.32 img/s
DLL 2020-09-22 16:36:35.209356 - Epoch: 0 Iteration: 108  train.loss : 6.54997  train.total_ips : 10276.61 img/s
DLL 2020-09-22 16:36:35.590485 - Epoch: 0 Iteration: 109  train.loss : 6.54483  train.total_ips : 10749.24 img/s
DLL 2020-09-22 16:36:35.994178 - Epoch: 0 Iteration: 110  train.loss : 6.54110  train.total_ips : 10149.46 img/s
DLL 2020-09-22 16:36:36.412066 - Epoch: 0 Iteration: 111  train.loss : 6.54688  train.total_ips : 9803.88 img/s
DLL 2020-09-22 16:36:36.809561 - Epoch: 0 Iteration: 112  train.loss : 6.54629  train.total_ips : 10308.99 img/s
DLL 2020-09-22 16:36:37.176047 - Epoch: 0 Iteration: 113  train.loss : 6.54301  train.total_ips : 11180.55 img/s
DLL 2020-09-22 16:36:37.537878 - Epoch: 0 Iteration: 114  train.loss : 6.54247  train.total_ips : 11325.19 img/s
DLL 2020-09-22 16:36:37.939594 - Epoch: 0 Iteration: 115  train.loss : 6.54653  train.total_ips : 10198.63 img/s
DLL 2020-09-22 16:36:38.306054 - Epoch: 0 Iteration: 116  train.loss : 6.53927  train.total_ips : 11179.80 img/s
DLL 2020-09-22 16:36:38.679222 - Epoch: 0 Iteration: 117  train.loss : 6.52631  train.total_ips : 10979.42 img/s
DLL 2020-09-22 16:36:39.043045 - Epoch: 0 Iteration: 118  train.loss : 6.52287  train.total_ips : 11261.69 img/s
DLL 2020-09-22 16:36:39.404050 - Epoch: 0 Iteration: 119  train.loss : 6.53291  train.total_ips : 11348.67 img/s
DLL 2020-09-22 16:36:39.794255 - Epoch: 0 Iteration: 120  train.loss : 6.53866  train.total_ips : 10499.47 img/s
DLL 2020-09-22 16:36:40.155360 - Epoch: 0 Iteration: 121  train.loss : 6.52731  train.total_ips : 11348.46 img/s
DLL 2020-09-22 16:36:40.535344 - Epoch: 0 Iteration: 122  train.loss : 6.52257  train.total_ips : 10783.98 img/s
DLL 2020-09-22 16:36:40.897419 - Epoch: 0 Iteration: 123  train.loss : 6.52042  train.total_ips : 11314.91 img/s
DLL 2020-09-22 16:36:41.259695 - Epoch: 0 Iteration: 124  train.loss : 6.52146  train.total_ips : 11309.34 img/s
DLL 2020-09-22 16:36:41.621073 - Epoch: 0 Iteration: 125  train.loss : 6.52295  train.total_ips : 11337.20 img/s
DLL 2020-09-22 16:36:41.984808 - Epoch: 0 Iteration: 126  train.loss : 6.53690  train.total_ips : 11263.95 img/s
DLL 2020-09-22 16:36:42.407476 - Epoch: 0 Iteration: 127  train.loss : 6.52370  train.total_ips : 9692.81 img/s
DLL 2020-09-22 16:36:42.803957 - Epoch: 0 Iteration: 128  train.loss : 6.52070  train.total_ips : 10333.33 img/s
DLL 2020-09-22 16:36:43.166586 - Epoch: 0 Iteration: 129  train.loss : 6.52420  train.total_ips : 11298.37 img/s
DLL 2020-09-22 16:36:43.541347 - Epoch: 0 Iteration: 130  train.loss : 6.51728  train.total_ips : 10932.58 img/s
DLL 2020-09-22 16:36:43.954198 - Epoch: 0 Iteration: 131  train.loss : 6.50729  train.total_ips : 9923.68 img/s
DLL 2020-09-22 16:36:44.323322 - Epoch: 0 Iteration: 132  train.loss : 6.49502  train.total_ips : 11099.76 img/s
DLL 2020-09-22 16:36:44.686904 - Epoch: 0 Iteration: 133  train.loss : 6.51048  train.total_ips : 11268.95 img/s
DLL 2020-09-22 16:36:45.079630 - Epoch: 0 Iteration: 134  train.loss : 6.51311  train.total_ips : 10433.48 img/s
DLL 2020-09-22 16:36:45.441467 - Epoch: 0 Iteration: 135  train.loss : 6.49591  train.total_ips : 11322.77 img/s
DLL 2020-09-22 16:36:45.832031 - Epoch: 0 Iteration: 136  train.loss : 6.50808  train.total_ips : 10490.62 img/s
DLL 2020-09-22 16:36:46.193462 - Epoch: 0 Iteration: 137  train.loss : 6.50033  train.total_ips : 11335.25 img/s
DLL 2020-09-22 16:36:46.581684 - Epoch: 0 Iteration: 138  train.loss : 6.51962  train.total_ips : 10553.30 img/s
DLL 2020-09-22 16:36:46.964627 - Epoch: 0 Iteration: 139  train.loss : 6.48612  train.total_ips : 10698.66 img/s
DLL 2020-09-22 16:36:47.330553 - Epoch: 0 Iteration: 140  train.loss : 6.51175  train.total_ips : 11196.40 img/s
DLL 2020-09-22 16:36:47.754103 - Epoch: 0 Iteration: 141  train.loss : 6.49671  train.total_ips : 9672.59 img/s
DLL 2020-09-22 16:36:48.191123 - Epoch: 0 Iteration: 142  train.loss : 6.49584  train.total_ips : 9374.40 img/s
DLL 2020-09-22 16:36:48.553378 - Epoch: 0 Iteration: 143  train.loss : 6.48912  train.total_ips : 11309.65 img/s
DLL 2020-09-22 16:36:48.929920 - Epoch: 0 Iteration: 144  train.loss : 6.49091  train.total_ips : 10880.22 img/s
DLL 2020-09-22 16:36:49.291044 - Epoch: 0 Iteration: 145  train.loss : 6.48979  train.total_ips : 11346.15 img/s
DLL 2020-09-22 16:36:49.678873 - Epoch: 0 Iteration: 146  train.loss : 6.47392  train.total_ips : 10563.57 img/s
DLL 2020-09-22 16:36:50.050082 - Epoch: 0 Iteration: 147  train.loss : 6.48585  train.total_ips : 11036.56 img/s
DLL 2020-09-22 16:36:50.455282 - Epoch: 0 Iteration: 148  train.loss : 6.46684  train.total_ips : 10111.30 img/s
DLL 2020-09-22 16:36:50.847497 - Epoch: 0 Iteration: 149  train.loss : 6.48765  train.total_ips : 10445.80 img/s
DLL 2020-09-22 16:36:51.230117 - Epoch: 0  train.loss : 6.59407  train.total_ips : 10539.55 img/s
DLL 2020-09-22 16:36:51.230274 - Epoch: 0  lr : 0.128  train.compute_ips : 10571.95 img/s train.data_time : 0.00139 s train.compute_time : 0.48613 s
DLL 2020-09-22 16:36:51.230398 - Summary: train.loss : 6.59407  train.total_ips : 10539.55 img/s
DLL 2020-09-22 16:36:51.230443 - Summary: lr : 0.128  train.compute_ips : 10571.95 img/s train.data_time : 0.00139 s train.compute_time : 0.48613 s
Experiment ended
['/opt/conda/bin/python', '-u', '/workspace/rn50/main.py', '--data-backend', 'dali-cpu', '--raport-file', '/workspace/rn50/raport.json', '-j8', '-p', '1', '--lr', '1.024', '--optimizer-batch-size', '-1', '--warmup', '8', '--arch', 'resnet50', '-c', 'fanin', '--label-smoothing', '0.1', '--lr-schedule', 'cosine', '--mom', '0.125', '--wd', '3.0517578125e-05', '--workspace', '/workspace/rn50', '-b', '128', '--epochs', '1', '--prof', '150', '--training-only', '--no-checkpoints', '/data/image']
['/opt/conda/bin/python', '-u', '/workspace/rn50/main.py', '--data-backend', 'dali-cpu', '--raport-file', '/workspace/rn50/raport.json', '-j8', '-p', '1', '--lr', '1.024', '--optimizer-batch-size', '-1', '--warmup', '8', '--arch', 'resnet50', '-c', 'fanin', '--label-smoothing', '0.1', '--lr-schedule', 'cosine', '--mom', '0.125', '--wd', '3.0517578125e-05', '--workspace', '/workspace/rn50', '-b', '128', '--epochs', '1', '--prof', '150', '--training-only', '--no-checkpoints', '/data/image']
['/opt/conda/bin/python', '-u', '/workspace/rn50/main.py', '--data-backend', 'dali-cpu', '--raport-file', '/workspace/rn50/raport.json', '-j8', '-p', '1', '--lr', '1.024', '--optimizer-batch-size', '-1', '--warmup', '8', '--arch', 'resnet50', '-c', 'fanin', '--label-smoothing', '0.1', '--lr-schedule', 'cosine', '--mom', '0.125', '--wd', '3.0517578125e-05', '--workspace', '/workspace/rn50', '-b', '128', '--epochs', '1', '--prof', '150', '--training-only', '--no-checkpoints', '/data/image']
['/opt/conda/bin/python', '-u', '/workspace/rn50/main.py', '--data-backend', 'dali-cpu', '--raport-file', '/workspace/rn50/raport.json', '-j8', '-p', '1', '--lr', '1.024', '--optimizer-batch-size', '-1', '--warmup', '8', '--arch', 'resnet50', '-c', 'fanin', '--label-smoothing', '0.1', '--lr-schedule', 'cosine', '--mom', '0.125', '--wd', '3.0517578125e-05', '--workspace', '/workspace/rn50', '-b', '128', '--epochs', '1', '--prof', '150', '--training-only', '--no-checkpoints', '/data/image']
['/opt/conda/bin/python', '-u', '/workspace/rn50/main.py', '--data-backend', 'dali-cpu', '--raport-file', '/workspace/rn50/raport.json', '-j8', '-p', '1', '--lr', '1.024', '--optimizer-batch-size', '-1', '--warmup', '8', '--arch', 'resnet50', '-c', 'fanin', '--label-smoothing', '0.1', '--lr-schedule', 'cosine', '--mom', '0.125', '--wd', '3.0517578125e-05', '--workspace', '/workspace/rn50', '-b', '128', '--epochs', '1', '--prof', '150', '--training-only', '--no-checkpoints', '/data/image']
['/opt/conda/bin/python', '-u', '/workspace/rn50/main.py', '--data-backend', 'dali-cpu', '--raport-file', '/workspace/rn50/raport.json', '-j8', '-p', '1', '--lr', '1.024', '--optimizer-batch-size', '-1', '--warmup', '8', '--arch', 'resnet50', '-c', 'fanin', '--label-smoothing', '0.1', '--lr-schedule', 'cosine', '--mom', '0.125', '--wd', '3.0517578125e-05', '--workspace', '/workspace/rn50', '-b', '128', '--epochs', '1', '--prof', '150', '--training-only', '--no-checkpoints', '/data/image']
['/opt/conda/bin/python', '-u', '/workspace/rn50/main.py', '--data-backend', 'dali-cpu', '--raport-file', '/workspace/rn50/raport.json', '-j8', '-p', '1', '--lr', '1.024', '--optimizer-batch-size', '-1', '--warmup', '8', '--arch', 'resnet50', '-c', 'fanin', '--label-smoothing', '0.1', '--lr-schedule', 'cosine', '--mom', '0.125', '--wd', '3.0517578125e-05', '--workspace', '/workspace/rn50', '-b', '128', '--epochs', '1', '--prof', '150', '--training-only', '--no-checkpoints', '/data/image']
['/opt/conda/bin/python', '-u', '/workspace/rn50/main.py', '--data-backend', 'dali-cpu', '--raport-file', '/workspace/rn50/raport.json', '-j8', '-p', '1', '--lr', '1.024', '--optimizer-batch-size', '-1', '--warmup', '8', '--arch', 'resnet50', '-c', 'fanin', '--label-smoothing', '0.1', '--lr-schedule', 'cosine', '--mom', '0.125', '--wd', '3.0517578125e-05', '--workspace', '/workspace/rn50', '-b', '128', '--epochs', '1', '--prof', '150', '--training-only', '--no-checkpoints', '/data/image']
