+ python /workspace/rn50/multiproc.py --nnodes 4 --node_rank 0 --nproc_per_node 8 --master_addr 10.11.0.2 --master_port=22333 /workspace/rn50/main.py --data-backend dali-cpu --raport-file /workspace/rn50/raport.json -j8 -p 1 --lr 1.024 --optimizer-batch-size -1 --warmup 8 --arch resnet50 -c fanin --label-smoothing 0.1 --lr-schedule cosine --mom 0.125 --wd 3.0517578125e-05 --workspace /workspace/rn50 -b 128 --epochs 1 --prof 150 --training-only --no-checkpoints /data/image
=> creating model '('resnet50', 'fanin', 1000)'
Version: {'net': <class 'image_classification.resnet.ResNet'>, 'block': <class 'image_classification.resnet.Bottleneck'>, 'layers': [3, 4, 6, 3], 'widths': [64, 128, 256, 512], 'expansion': 4}
Config: {'conv': <class 'torch.nn.modules.conv.Conv2d'>, 'conv_init': 'fan_in', 'nonlinearity': 'relu', 'last_bn_0_init': False, 'activation': <function <lambda> at 0x7fdb8ea249d8>}
Num classes: 1000
i'm distributed in dali~~~~~~~~~~~~~~~~~
rank in dali:  0
world_size in dali:  32
read 886372 files from 698 directories
read 50000 files from 1000 directories
DLL 2020-09-22 16:29:30.289035 - PARAMETER data : /data/image  data_backend : dali-cpu  arch : resnet50  model_config : fanin  num_classes : 1000  workers : 8  epochs : 1  run_epochs : -1  batch_size : 128  optimizer_batch_size : -1  lr : 1.024  lr_schedule : cosine  warmup : 8  label_smoothing : 0.1  mixup : 0.0  momentum : 0.125  weight_decay : 3.0517578125e-05  bn_weight_decay : False  nesterov : False  print_freq : 1  resume : None  pretrained_weights :   fp16 : False  static_loss_scale : 1  dynamic_loss_scale : False  prof : 150  amp : False  seed : None  gather_checkpoints : False  raport_file : /workspace/rn50/raport.json  evaluate : False  training_only : True  save_checkpoints : False  checkpoint_filename : checkpoint.pth.tar  workspace : /workspace/rn50  memory_format : nchw  distributed : True  local_rank : 0  gpu : 8  world_size : 32 
 ! Weight decay NOT applied to BN parameters 
98
63
RUNNING EPOCHS FROM 0 TO 1
DLL 2020-09-22 16:29:46.786155 - Epoch: 0 Iteration: 1  train.loss : 7.10031  train.total_ips : 278.93 img/s
DLL 2020-09-22 16:29:47.686239 - Epoch: 0 Iteration: 2  train.loss : 6.94473  train.total_ips : 4550.97 img/s
DLL 2020-09-22 16:29:48.061875 - Epoch: 0 Iteration: 3  train.loss : 6.85837  train.total_ips : 10907.92 img/s
DLL 2020-09-22 16:29:48.441332 - Epoch: 0 Iteration: 4  train.loss : 6.79505  train.total_ips : 10797.15 img/s
DLL 2020-09-22 16:29:48.838398 - Epoch: 0 Iteration: 5  train.loss : 6.75974  train.total_ips : 10318.57 img/s
DLL 2020-09-22 16:29:49.294517 - Epoch: 0 Iteration: 6  train.loss : 6.73560  train.total_ips : 8981.83 img/s
DLL 2020-09-22 16:29:49.660842 - Epoch: 0 Iteration: 7  train.loss : 6.71552  train.total_ips : 11184.88 img/s
DLL 2020-09-22 16:29:50.054115 - Epoch: 0 Iteration: 8  train.loss : 6.71320  train.total_ips : 10418.05 img/s
DLL 2020-09-22 16:29:50.480362 - Epoch: 0 Iteration: 9  train.loss : 6.69860  train.total_ips : 9613.60 img/s
DLL 2020-09-22 16:29:50.848029 - Epoch: 0 Iteration: 10  train.loss : 6.69510  train.total_ips : 11144.07 img/s
DLL 2020-09-22 16:29:51.206839 - Epoch: 0 Iteration: 11  train.loss : 6.69269  train.total_ips : 11419.36 img/s
DLL 2020-09-22 16:29:51.602951 - Epoch: 0 Iteration: 12  train.loss : 6.67706  train.total_ips : 10342.90 img/s
DLL 2020-09-22 16:29:51.999383 - Epoch: 0 Iteration: 13  train.loss : 6.66211  train.total_ips : 10335.24 img/s
DLL 2020-09-22 16:29:52.375092 - Epoch: 0 Iteration: 14  train.loss : 6.66099  train.total_ips : 10907.65 img/s
DLL 2020-09-22 16:29:52.766118 - Epoch: 0 Iteration: 15  train.loss : 6.65845  train.total_ips : 10476.58 img/s
DLL 2020-09-22 16:29:53.143472 - Epoch: 0 Iteration: 16  train.loss : 6.66464  train.total_ips : 10858.30 img/s
DLL 2020-09-22 16:29:53.517472 - Epoch: 0 Iteration: 17  train.loss : 6.65228  train.total_ips : 10955.01 img/s
DLL 2020-09-22 16:29:53.884059 - Epoch: 0 Iteration: 18  train.loss : 6.64606  train.total_ips : 11176.34 img/s
DLL 2020-09-22 16:29:54.258838 - Epoch: 0 Iteration: 19  train.loss : 6.64813  train.total_ips : 10932.58 img/s
DLL 2020-09-22 16:29:54.621303 - Epoch: 0 Iteration: 20  train.loss : 6.64742  train.total_ips : 11304.87 img/s
DLL 2020-09-22 16:29:55.026208 - Epoch: 0 Iteration: 21  train.loss : 6.64837  train.total_ips : 10118.95 img/s
DLL 2020-09-22 16:29:55.402310 - Epoch: 0 Iteration: 22  train.loss : 6.65156  train.total_ips : 10892.94 img/s
DLL 2020-09-22 16:29:55.801291 - Epoch: 0 Iteration: 23  train.loss : 6.63936  train.total_ips : 10270.24 img/s
DLL 2020-09-22 16:29:56.178379 - Epoch: 0 Iteration: 24  train.loss : 6.64364  train.total_ips : 10864.85 img/s
DLL 2020-09-22 16:29:56.585449 - Epoch: 0 Iteration: 25  train.loss : 6.64395  train.total_ips : 10064.39 img/s
DLL 2020-09-22 16:29:56.953104 - Epoch: 0 Iteration: 26  train.loss : 6.63016  train.total_ips : 11143.43 img/s
DLL 2020-09-22 16:29:57.340113 - Epoch: 0 Iteration: 27  train.loss : 6.62805  train.total_ips : 10586.67 img/s
DLL 2020-09-22 16:29:57.732156 - Epoch: 0 Iteration: 28  train.loss : 6.62461  train.total_ips : 10450.30 img/s
DLL 2020-09-22 16:29:58.100318 - Epoch: 0 Iteration: 29  train.loss : 6.61999  train.total_ips : 11129.80 img/s
DLL 2020-09-22 16:29:58.469643 - Epoch: 0 Iteration: 30  train.loss : 6.62642  train.total_ips : 11093.91 img/s
DLL 2020-09-22 16:29:58.896158 - Epoch: 0 Iteration: 31  train.loss : 6.62194  train.total_ips : 9605.25 img/s
DLL 2020-09-22 16:29:59.283935 - Epoch: 0 Iteration: 32  train.loss : 6.62750  train.total_ips : 10565.60 img/s
DLL 2020-09-22 16:29:59.662031 - Epoch: 0 Iteration: 33  train.loss : 6.62437  train.total_ips : 10835.75 img/s
DLL 2020-09-22 16:30:00.048110 - Epoch: 0 Iteration: 34  train.loss : 6.62707  train.total_ips : 10613.58 img/s
DLL 2020-09-22 16:30:00.434191 - Epoch: 0 Iteration: 35  train.loss : 6.61307  train.total_ips : 10611.49 img/s
DLL 2020-09-22 16:30:00.832592 - Epoch: 0 Iteration: 36  train.loss : 6.62563  train.total_ips : 10283.47 img/s
DLL 2020-09-22 16:30:01.208859 - Epoch: 0 Iteration: 37  train.loss : 6.61669  train.total_ips : 10888.49 img/s
DLL 2020-09-22 16:30:01.569305 - Epoch: 0 Iteration: 38  train.loss : 6.62048  train.total_ips : 11367.20 img/s
DLL 2020-09-22 16:30:01.933577 - Epoch: 0 Iteration: 39  train.loss : 6.61495  train.total_ips : 11246.84 img/s
DLL 2020-09-22 16:30:02.352810 - Epoch: 0 Iteration: 40  train.loss : 6.62489  train.total_ips : 9772.53 img/s
DLL 2020-09-22 16:30:02.723108 - Epoch: 0 Iteration: 41  train.loss : 6.62666  train.total_ips : 11064.71 img/s
DLL 2020-09-22 16:30:03.155800 - Epoch: 0 Iteration: 42  train.loss : 6.61613  train.total_ips : 9468.22 img/s
DLL 2020-09-22 16:30:03.549185 - Epoch: 0 Iteration: 43  train.loss : 6.61361  train.total_ips : 10414.91 img/s
DLL 2020-09-22 16:30:03.933551 - Epoch: 0 Iteration: 44  train.loss : 6.61230  train.total_ips : 10659.37 img/s
DLL 2020-09-22 16:30:04.317667 - Epoch: 0 Iteration: 45  train.loss : 6.61081  train.total_ips : 10667.43 img/s
DLL 2020-09-22 16:30:04.715704 - Epoch: 0 Iteration: 46  train.loss : 6.60327  train.total_ips : 10293.45 img/s
DLL 2020-09-22 16:30:05.081143 - Epoch: 0 Iteration: 47  train.loss : 6.61835  train.total_ips : 11211.09 img/s
DLL 2020-09-22 16:30:05.451275 - Epoch: 0 Iteration: 48  train.loss : 6.60581  train.total_ips : 11068.99 img/s
DLL 2020-09-22 16:30:05.900591 - Epoch: 0 Iteration: 49  train.loss : 6.61785  train.total_ips : 9117.92 img/s
DLL 2020-09-22 16:30:06.293619 - Epoch: 0 Iteration: 50  train.loss : 6.60101  train.total_ips : 10424.37 img/s
DLL 2020-09-22 16:30:06.654664 - Epoch: 0 Iteration: 51  train.loss : 6.59203  train.total_ips : 11347.46 img/s
DLL 2020-09-22 16:30:07.051953 - Epoch: 0 Iteration: 52  train.loss : 6.59671  train.total_ips : 10312.33 img/s
DLL 2020-09-22 16:30:07.445237 - Epoch: 0 Iteration: 53  train.loss : 6.59802  train.total_ips : 10417.14 img/s
DLL 2020-09-22 16:30:07.833184 - Epoch: 0 Iteration: 54  train.loss : 6.59674  train.total_ips : 10560.47 img/s
DLL 2020-09-22 16:30:08.244196 - Epoch: 0 Iteration: 55  train.loss : 6.59804  train.total_ips : 9968.74 img/s
DLL 2020-09-22 16:30:08.615088 - Epoch: 0 Iteration: 56  train.loss : 6.58916  train.total_ips : 11046.11 img/s
DLL 2020-09-22 16:30:09.009747 - Epoch: 0 Iteration: 57  train.loss : 6.58910  train.total_ips : 10381.01 img/s
DLL 2020-09-22 16:30:09.403718 - Epoch: 0 Iteration: 58  train.loss : 6.58193  train.total_ips : 10399.07 img/s
DLL 2020-09-22 16:30:09.771003 - Epoch: 0 Iteration: 59  train.loss : 6.58643  train.total_ips : 11154.70 img/s
DLL 2020-09-22 16:30:10.132448 - Epoch: 0 Iteration: 60  train.loss : 6.59579  train.total_ips : 11335.07 img/s
DLL 2020-09-22 16:30:10.508771 - Epoch: 0 Iteration: 61  train.loss : 6.58360  train.total_ips : 10887.30 img/s
DLL 2020-09-22 16:30:10.916419 - Epoch: 0 Iteration: 62  train.loss : 6.59254  train.total_ips : 10049.92 img/s
DLL 2020-09-22 16:30:11.330386 - Epoch: 0 Iteration: 63  train.loss : 6.58522  train.total_ips : 9896.68 img/s
DLL 2020-09-22 16:30:11.691141 - Epoch: 0 Iteration: 64  train.loss : 6.57966  train.total_ips : 11357.32 img/s
DLL 2020-09-22 16:30:12.055953 - Epoch: 0 Iteration: 65  train.loss : 6.57725  train.total_ips : 11230.95 img/s
DLL 2020-09-22 16:30:12.430502 - Epoch: 0 Iteration: 66  train.loss : 6.57543  train.total_ips : 10937.81 img/s
DLL 2020-09-22 16:30:12.820623 - Epoch: 0 Iteration: 67  train.loss : 6.58248  train.total_ips : 10502.04 img/s
DLL 2020-09-22 16:30:13.198960 - Epoch: 0 Iteration: 68  train.loss : 6.57813  train.total_ips : 10829.13 img/s
DLL 2020-09-22 16:30:13.575161 - Epoch: 0 Iteration: 69  train.loss : 6.57096  train.total_ips : 10890.68 img/s
DLL 2020-09-22 16:30:13.986472 - Epoch: 0 Iteration: 70  train.loss : 6.58639  train.total_ips : 9960.49 img/s
DLL 2020-09-22 16:30:14.415416 - Epoch: 0 Iteration: 71  train.loss : 6.56263  train.total_ips : 9552.12 img/s
DLL 2020-09-22 16:30:14.843491 - Epoch: 0 Iteration: 72  train.loss : 6.57804  train.total_ips : 9571.38 img/s
DLL 2020-09-22 16:30:15.216301 - Epoch: 0 Iteration: 73  train.loss : 6.56512  train.total_ips : 10988.95 img/s
DLL 2020-09-22 16:30:15.581309 - Epoch: 0 Iteration: 74  train.loss : 6.56208  train.total_ips : 11224.48 img/s
DLL 2020-09-22 16:30:15.954574 - Epoch: 0 Iteration: 75  train.loss : 6.56332  train.total_ips : 10975.64 img/s
DLL 2020-09-22 16:30:16.358513 - Epoch: 0 Iteration: 76  train.loss : 6.56386  train.total_ips : 10142.61 img/s
DLL 2020-09-22 16:30:16.746109 - Epoch: 0 Iteration: 77  train.loss : 6.56668  train.total_ips : 10569.99 img/s
DLL 2020-09-22 16:30:17.107974 - Epoch: 0 Iteration: 78  train.loss : 6.55947  train.total_ips : 11322.29 img/s
DLL 2020-09-22 16:30:17.469959 - Epoch: 0 Iteration: 79  train.loss : 6.54815  train.total_ips : 11318.00 img/s
DLL 2020-09-22 16:30:17.847150 - Epoch: 0 Iteration: 80  train.loss : 6.56699  train.total_ips : 10861.94 img/s
DLL 2020-09-22 16:30:18.315762 - Epoch: 0 Iteration: 81  train.loss : 6.56120  train.total_ips : 8742.38 img/s
DLL 2020-09-22 16:30:18.678344 - Epoch: 0 Iteration: 82  train.loss : 6.56298  train.total_ips : 11299.56 img/s
DLL 2020-09-22 16:30:19.063568 - Epoch: 0 Iteration: 83  train.loss : 6.55403  train.total_ips : 10635.54 img/s
DLL 2020-09-22 16:30:19.425842 - Epoch: 0 Iteration: 84  train.loss : 6.55499  train.total_ips : 11310.63 img/s
DLL 2020-09-22 16:30:19.819003 - Epoch: 0 Iteration: 85  train.loss : 6.54498  train.total_ips : 10420.49 img/s
DLL 2020-09-22 16:30:20.218214 - Epoch: 0 Iteration: 86  train.loss : 6.55807  train.total_ips : 10262.42 img/s
DLL 2020-09-22 16:30:20.592793 - Epoch: 0 Iteration: 87  train.loss : 6.55118  train.total_ips : 10937.38 img/s
DLL 2020-09-22 16:30:20.952912 - Epoch: 0 Iteration: 88  train.loss : 6.55320  train.total_ips : 11376.76 img/s
DLL 2020-09-22 16:30:21.345782 - Epoch: 0 Iteration: 89  train.loss : 6.55379  train.total_ips : 10428.39 img/s
DLL 2020-09-22 16:30:21.746227 - Epoch: 0 Iteration: 90  train.loss : 6.53803  train.total_ips : 10231.69 img/s
DLL 2020-09-22 16:30:22.109502 - Epoch: 0 Iteration: 91  train.loss : 6.54535  train.total_ips : 11278.02 img/s
DLL 2020-09-22 16:30:22.499229 - Epoch: 0 Iteration: 92  train.loss : 6.53828  train.total_ips : 10513.24 img/s
DLL 2020-09-22 16:30:22.907716 - Epoch: 0 Iteration: 93  train.loss : 6.52915  train.total_ips : 10029.35 img/s
DLL 2020-09-22 16:30:23.284642 - Epoch: 0 Iteration: 94  train.loss : 6.53927  train.total_ips : 10870.86 img/s
DLL 2020-09-22 16:30:23.645475 - Epoch: 0 Iteration: 95  train.loss : 6.53132  train.total_ips : 11354.60 img/s
DLL 2020-09-22 16:30:24.006113 - Epoch: 0 Iteration: 96  train.loss : 6.53272  train.total_ips : 11360.60 img/s
DLL 2020-09-22 16:30:24.367665 - Epoch: 0 Iteration: 97  train.loss : 6.53562  train.total_ips : 11331.97 img/s
DLL 2020-09-22 16:30:24.739029 - Epoch: 0 Iteration: 98  train.loss : 6.52837  train.total_ips : 11032.29 img/s
DLL 2020-09-22 16:30:25.103706 - Epoch: 0 Iteration: 99  train.loss : 6.52341  train.total_ips : 11234.55 img/s
DLL 2020-09-22 16:30:25.464116 - Epoch: 0 Iteration: 100  train.loss : 6.52062  train.total_ips : 11367.66 img/s
DLL 2020-09-22 16:30:25.828473 - Epoch: 0 Iteration: 101  train.loss : 6.54018  train.total_ips : 11244.55 img/s
DLL 2020-09-22 16:30:26.198610 - Epoch: 0 Iteration: 102  train.loss : 6.52321  train.total_ips : 11068.93 img/s
DLL 2020-09-22 16:30:26.572141 - Epoch: 0 Iteration: 103  train.loss : 6.50662  train.total_ips : 10968.21 img/s
DLL 2020-09-22 16:30:26.949674 - Epoch: 0 Iteration: 104  train.loss : 6.52850  train.total_ips : 10852.46 img/s
DLL 2020-09-22 16:30:27.348075 - Epoch: 0 Iteration: 105  train.loss : 6.53528  train.total_ips : 10283.38 img/s
DLL 2020-09-22 16:30:27.713429 - Epoch: 0 Iteration: 106  train.loss : 6.50355  train.total_ips : 11214.39 img/s
DLL 2020-09-22 16:30:28.104582 - Epoch: 0 Iteration: 107  train.loss : 6.51451  train.total_ips : 10474.67 img/s
DLL 2020-09-22 16:30:28.484792 - Epoch: 0 Iteration: 108  train.loss : 6.50840  train.total_ips : 10775.74 img/s
DLL 2020-09-22 16:30:28.875087 - Epoch: 0 Iteration: 109  train.loss : 6.50275  train.total_ips : 10497.37 img/s
DLL 2020-09-22 16:30:29.281793 - Epoch: 0 Iteration: 110  train.loss : 6.49861  train.total_ips : 10073.58 img/s
DLL 2020-09-22 16:30:29.686244 - Epoch: 0 Iteration: 111  train.loss : 6.50090  train.total_ips : 10130.03 img/s
DLL 2020-09-22 16:30:30.075854 - Epoch: 0 Iteration: 112  train.loss : 6.48932  train.total_ips : 10515.18 img/s
DLL 2020-09-22 16:30:30.437279 - Epoch: 0 Iteration: 113  train.loss : 6.49436  train.total_ips : 11335.86 img/s
DLL 2020-09-22 16:30:30.798262 - Epoch: 0 Iteration: 114  train.loss : 6.50054  train.total_ips : 11349.47 img/s
DLL 2020-09-22 16:30:31.200892 - Epoch: 0 Iteration: 115  train.loss : 6.49397  train.total_ips : 10175.25 img/s
DLL 2020-09-22 16:30:31.567599 - Epoch: 0 Iteration: 116  train.loss : 6.48653  train.total_ips : 11174.15 img/s
DLL 2020-09-22 16:30:31.957008 - Epoch: 0 Iteration: 117  train.loss : 6.47065  train.total_ips : 10520.98 img/s
DLL 2020-09-22 16:30:32.351897 - Epoch: 0 Iteration: 118  train.loss : 6.47065  train.total_ips : 10374.89 img/s
DLL 2020-09-22 16:30:32.725848 - Epoch: 0 Iteration: 119  train.loss : 6.47736  train.total_ips : 10955.78 img/s
DLL 2020-09-22 16:30:33.088542 - Epoch: 0 Iteration: 120  train.loss : 6.48703  train.total_ips : 11296.33 img/s
DLL 2020-09-22 16:30:33.461238 - Epoch: 0 Iteration: 121  train.loss : 6.46717  train.total_ips : 10992.44 img/s
DLL 2020-09-22 16:30:33.901532 - Epoch: 0 Iteration: 122  train.loss : 6.46761  train.total_ips : 9304.74 img/s
DLL 2020-09-22 16:30:34.294388 - Epoch: 0 Iteration: 123  train.loss : 6.45908  train.total_ips : 10429.18 img/s
DLL 2020-09-22 16:30:34.678153 - Epoch: 0 Iteration: 124  train.loss : 6.47053  train.total_ips : 10675.74 img/s
DLL 2020-09-22 16:30:35.046072 - Epoch: 0 Iteration: 125  train.loss : 6.46839  train.total_ips : 11135.56 img/s
DLL 2020-09-22 16:30:35.422468 - Epoch: 0 Iteration: 126  train.loss : 6.48625  train.total_ips : 10884.72 img/s
DLL 2020-09-22 16:30:35.826485 - Epoch: 0 Iteration: 127  train.loss : 6.46340  train.total_ips : 10142.47 img/s
DLL 2020-09-22 16:30:36.200117 - Epoch: 0 Iteration: 128  train.loss : 6.46965  train.total_ips : 10964.71 img/s
DLL 2020-09-22 16:30:36.571417 - Epoch: 0 Iteration: 129  train.loss : 6.47142  train.total_ips : 11034.60 img/s
DLL 2020-09-22 16:30:36.959004 - Epoch: 0 Iteration: 130  train.loss : 6.46038  train.total_ips : 10570.22 img/s
DLL 2020-09-22 16:30:37.361518 - Epoch: 0 Iteration: 131  train.loss : 6.44005  train.total_ips : 10178.41 img/s
DLL 2020-09-22 16:30:37.763940 - Epoch: 0 Iteration: 132  train.loss : 6.43378  train.total_ips : 10180.75 img/s
DLL 2020-09-22 16:30:38.126186 - Epoch: 0 Iteration: 133  train.loss : 6.44779  train.total_ips : 11309.93 img/s
DLL 2020-09-22 16:30:38.518068 - Epoch: 0 Iteration: 134  train.loss : 6.44803  train.total_ips : 10454.88 img/s
DLL 2020-09-22 16:30:38.902612 - Epoch: 0 Iteration: 135  train.loss : 6.42745  train.total_ips : 10653.91 img/s
DLL 2020-09-22 16:30:39.284972 - Epoch: 0 Iteration: 136  train.loss : 6.43648  train.total_ips : 10715.16 img/s
DLL 2020-09-22 16:30:39.660394 - Epoch: 0 Iteration: 137  train.loss : 6.43678  train.total_ips : 10912.88 img/s
DLL 2020-09-22 16:30:40.046553 - Epoch: 0 Iteration: 138  train.loss : 6.44369  train.total_ips : 10609.42 img/s
DLL 2020-09-22 16:30:40.417698 - Epoch: 0 Iteration: 139  train.loss : 6.42128  train.total_ips : 11039.02 img/s
DLL 2020-09-22 16:30:40.787544 - Epoch: 0 Iteration: 140  train.loss : 6.44568  train.total_ips : 11077.58 img/s
DLL 2020-09-22 16:30:41.148092 - Epoch: 0 Iteration: 141  train.loss : 6.42413  train.total_ips : 11363.26 img/s
DLL 2020-09-22 16:30:41.509400 - Epoch: 0 Iteration: 142  train.loss : 6.42718  train.total_ips : 11339.35 img/s
DLL 2020-09-22 16:30:41.888316 - Epoch: 0 Iteration: 143  train.loss : 6.42022  train.total_ips : 10812.14 img/s
DLL 2020-09-22 16:30:42.251019 - Epoch: 0 Iteration: 144  train.loss : 6.41480  train.total_ips : 11296.61 img/s
DLL 2020-09-22 16:30:42.681901 - Epoch: 0 Iteration: 145  train.loss : 6.40705  train.total_ips : 9507.97 img/s
DLL 2020-09-22 16:30:43.068288 - Epoch: 0 Iteration: 146  train.loss : 6.39972  train.total_ips : 10603.59 img/s
DLL 2020-09-22 16:30:43.458458 - Epoch: 0 Iteration: 147  train.loss : 6.41015  train.total_ips : 10500.17 img/s
DLL 2020-09-22 16:30:43.826885 - Epoch: 0 Iteration: 148  train.loss : 6.40027  train.total_ips : 11120.75 img/s
DLL 2020-09-22 16:30:44.221105 - Epoch: 0 Iteration: 149  train.loss : 6.41572  train.total_ips : 10392.86 img/s
DLL 2020-09-22 16:30:44.587737 - Epoch: 0  train.loss : 6.56517  train.total_ips : 10575.83 img/s
DLL 2020-09-22 16:30:44.587949 - Epoch: 0  lr : 0.128  train.compute_ips : 10607.99 img/s train.data_time : 0.00137 s train.compute_time : 0.48177 s
DLL 2020-09-22 16:30:44.588087 - Summary: train.loss : 6.56517  train.total_ips : 10575.83 img/s
DLL 2020-09-22 16:30:44.588135 - Summary: lr : 0.128  train.compute_ips : 10607.99 img/s train.data_time : 0.00137 s train.compute_time : 0.48177 s
Experiment ended
['/opt/conda/bin/python', '-u', '/workspace/rn50/main.py', '--data-backend', 'dali-cpu', '--raport-file', '/workspace/rn50/raport.json', '-j8', '-p', '1', '--lr', '1.024', '--optimizer-batch-size', '-1', '--warmup', '8', '--arch', 'resnet50', '-c', 'fanin', '--label-smoothing', '0.1', '--lr-schedule', 'cosine', '--mom', '0.125', '--wd', '3.0517578125e-05', '--workspace', '/workspace/rn50', '-b', '128', '--epochs', '1', '--prof', '150', '--training-only', '--no-checkpoints', '/data/image']
['/opt/conda/bin/python', '-u', '/workspace/rn50/main.py', '--data-backend', 'dali-cpu', '--raport-file', '/workspace/rn50/raport.json', '-j8', '-p', '1', '--lr', '1.024', '--optimizer-batch-size', '-1', '--warmup', '8', '--arch', 'resnet50', '-c', 'fanin', '--label-smoothing', '0.1', '--lr-schedule', 'cosine', '--mom', '0.125', '--wd', '3.0517578125e-05', '--workspace', '/workspace/rn50', '-b', '128', '--epochs', '1', '--prof', '150', '--training-only', '--no-checkpoints', '/data/image']
['/opt/conda/bin/python', '-u', '/workspace/rn50/main.py', '--data-backend', 'dali-cpu', '--raport-file', '/workspace/rn50/raport.json', '-j8', '-p', '1', '--lr', '1.024', '--optimizer-batch-size', '-1', '--warmup', '8', '--arch', 'resnet50', '-c', 'fanin', '--label-smoothing', '0.1', '--lr-schedule', 'cosine', '--mom', '0.125', '--wd', '3.0517578125e-05', '--workspace', '/workspace/rn50', '-b', '128', '--epochs', '1', '--prof', '150', '--training-only', '--no-checkpoints', '/data/image']
['/opt/conda/bin/python', '-u', '/workspace/rn50/main.py', '--data-backend', 'dali-cpu', '--raport-file', '/workspace/rn50/raport.json', '-j8', '-p', '1', '--lr', '1.024', '--optimizer-batch-size', '-1', '--warmup', '8', '--arch', 'resnet50', '-c', 'fanin', '--label-smoothing', '0.1', '--lr-schedule', 'cosine', '--mom', '0.125', '--wd', '3.0517578125e-05', '--workspace', '/workspace/rn50', '-b', '128', '--epochs', '1', '--prof', '150', '--training-only', '--no-checkpoints', '/data/image']
['/opt/conda/bin/python', '-u', '/workspace/rn50/main.py', '--data-backend', 'dali-cpu', '--raport-file', '/workspace/rn50/raport.json', '-j8', '-p', '1', '--lr', '1.024', '--optimizer-batch-size', '-1', '--warmup', '8', '--arch', 'resnet50', '-c', 'fanin', '--label-smoothing', '0.1', '--lr-schedule', 'cosine', '--mom', '0.125', '--wd', '3.0517578125e-05', '--workspace', '/workspace/rn50', '-b', '128', '--epochs', '1', '--prof', '150', '--training-only', '--no-checkpoints', '/data/image']
['/opt/conda/bin/python', '-u', '/workspace/rn50/main.py', '--data-backend', 'dali-cpu', '--raport-file', '/workspace/rn50/raport.json', '-j8', '-p', '1', '--lr', '1.024', '--optimizer-batch-size', '-1', '--warmup', '8', '--arch', 'resnet50', '-c', 'fanin', '--label-smoothing', '0.1', '--lr-schedule', 'cosine', '--mom', '0.125', '--wd', '3.0517578125e-05', '--workspace', '/workspace/rn50', '-b', '128', '--epochs', '1', '--prof', '150', '--training-only', '--no-checkpoints', '/data/image']
['/opt/conda/bin/python', '-u', '/workspace/rn50/main.py', '--data-backend', 'dali-cpu', '--raport-file', '/workspace/rn50/raport.json', '-j8', '-p', '1', '--lr', '1.024', '--optimizer-batch-size', '-1', '--warmup', '8', '--arch', 'resnet50', '-c', 'fanin', '--label-smoothing', '0.1', '--lr-schedule', 'cosine', '--mom', '0.125', '--wd', '3.0517578125e-05', '--workspace', '/workspace/rn50', '-b', '128', '--epochs', '1', '--prof', '150', '--training-only', '--no-checkpoints', '/data/image']
['/opt/conda/bin/python', '-u', '/workspace/rn50/main.py', '--data-backend', 'dali-cpu', '--raport-file', '/workspace/rn50/raport.json', '-j8', '-p', '1', '--lr', '1.024', '--optimizer-batch-size', '-1', '--warmup', '8', '--arch', 'resnet50', '-c', 'fanin', '--label-smoothing', '0.1', '--lr-schedule', 'cosine', '--mom', '0.125', '--wd', '3.0517578125e-05', '--workspace', '/workspace/rn50', '-b', '128', '--epochs', '1', '--prof', '150', '--training-only', '--no-checkpoints', '/data/image']
