+ python /workspace/rn50/multiproc.py --nnodes 4 --node_rank 0 --nproc_per_node 8 --master_addr 10.11.0.2 --master_port=22333 /workspace/rn50/main.py --data-backend dali-cpu --raport-file /workspace/rn50/raport.json -j8 -p 1 --lr 1.024 --optimizer-batch-size -1 --warmup 8 --arch resnet50 -c fanin --label-smoothing 0.1 --lr-schedule cosine --mom 0.125 --wd 3.0517578125e-05 --workspace /workspace/rn50 -b 128 --epochs 1 --prof 150 --training-only --no-checkpoints /data/image
=> creating model '('resnet50', 'fanin', 1000)'
Version: {'net': <class 'image_classification.resnet.ResNet'>, 'block': <class 'image_classification.resnet.Bottleneck'>, 'layers': [3, 4, 6, 3], 'widths': [64, 128, 256, 512], 'expansion': 4}
Config: {'conv': <class 'torch.nn.modules.conv.Conv2d'>, 'conv_init': 'fan_in', 'nonlinearity': 'relu', 'last_bn_0_init': False, 'activation': <function <lambda> at 0x7f4a91cad9d8>}
Num classes: 1000
i'm distributed in dali~~~~~~~~~~~~~~~~~
rank in dali:  0
world_size in dali:  32
read 886372 files from 698 directories
read 50000 files from 1000 directories
DLL 2020-09-22 16:33:34.868580 - PARAMETER data : /data/image  data_backend : dali-cpu  arch : resnet50  model_config : fanin  num_classes : 1000  workers : 8  epochs : 1  run_epochs : -1  batch_size : 128  optimizer_batch_size : -1  lr : 1.024  lr_schedule : cosine  warmup : 8  label_smoothing : 0.1  mixup : 0.0  momentum : 0.125  weight_decay : 3.0517578125e-05  bn_weight_decay : False  nesterov : False  print_freq : 1  resume : None  pretrained_weights :   fp16 : False  static_loss_scale : 1  dynamic_loss_scale : False  prof : 150  amp : False  seed : None  gather_checkpoints : False  raport_file : /workspace/rn50/raport.json  evaluate : False  training_only : True  save_checkpoints : False  checkpoint_filename : checkpoint.pth.tar  workspace : /workspace/rn50  memory_format : nchw  distributed : True  local_rank : 0  gpu : 8  world_size : 32 
 ! Weight decay NOT applied to BN parameters 
98
63
RUNNING EPOCHS FROM 0 TO 1
DLL 2020-09-22 16:33:51.310813 - Epoch: 0 Iteration: 1  train.loss : 7.10999  train.total_ips : 278.31 img/s
DLL 2020-09-22 16:33:52.602645 - Epoch: 0 Iteration: 2  train.loss : 6.94035  train.total_ips : 3170.76 img/s
DLL 2020-09-22 16:33:52.960129 - Epoch: 0 Iteration: 3  train.loss : 6.85619  train.total_ips : 11461.35 img/s
DLL 2020-09-22 16:33:53.344324 - Epoch: 0 Iteration: 4  train.loss : 6.80652  train.total_ips : 10666.80 img/s
DLL 2020-09-22 16:33:53.703341 - Epoch: 0 Iteration: 5  train.loss : 6.76997  train.total_ips : 11413.85 img/s
DLL 2020-09-22 16:33:54.086249 - Epoch: 0 Iteration: 6  train.loss : 6.73538  train.total_ips : 10697.50 img/s
DLL 2020-09-22 16:33:54.474785 - Epoch: 0 Iteration: 7  train.loss : 6.72788  train.total_ips : 10545.25 img/s
DLL 2020-09-22 16:33:54.834768 - Epoch: 0 Iteration: 8  train.loss : 6.71368  train.total_ips : 11381.12 img/s
DLL 2020-09-22 16:33:55.219402 - Epoch: 0 Iteration: 9  train.loss : 6.69700  train.total_ips : 10651.67 img/s
DLL 2020-09-22 16:33:55.622623 - Epoch: 0 Iteration: 10  train.loss : 6.70006  train.total_ips : 10160.46 img/s
DLL 2020-09-22 16:33:55.982430 - Epoch: 0 Iteration: 11  train.loss : 6.69237  train.total_ips : 11386.34 img/s
DLL 2020-09-22 16:33:56.343537 - Epoch: 0 Iteration: 12  train.loss : 6.67286  train.total_ips : 11345.78 img/s
DLL 2020-09-22 16:33:56.729890 - Epoch: 0 Iteration: 13  train.loss : 6.66352  train.total_ips : 10610.06 img/s
DLL 2020-09-22 16:33:57.104869 - Epoch: 0 Iteration: 14  train.loss : 6.66340  train.total_ips : 10925.58 img/s
DLL 2020-09-22 16:33:57.482141 - Epoch: 0 Iteration: 15  train.loss : 6.65737  train.total_ips : 10859.53 img/s
DLL 2020-09-22 16:33:57.852381 - Epoch: 0 Iteration: 16  train.loss : 6.65923  train.total_ips : 11065.77 img/s
DLL 2020-09-22 16:33:58.218671 - Epoch: 0 Iteration: 17  train.loss : 6.65075  train.total_ips : 11186.01 img/s
DLL 2020-09-22 16:33:58.604012 - Epoch: 0 Iteration: 18  train.loss : 6.65073  train.total_ips : 10632.24 img/s
DLL 2020-09-22 16:33:58.964742 - Epoch: 0 Iteration: 19  train.loss : 6.64633  train.total_ips : 11357.59 img/s
DLL 2020-09-22 16:33:59.356976 - Epoch: 0 Iteration: 20  train.loss : 6.64695  train.total_ips : 10445.09 img/s
DLL 2020-09-22 16:33:59.739945 - Epoch: 0 Iteration: 21  train.loss : 6.65112  train.total_ips : 10698.48 img/s
DLL 2020-09-22 16:34:00.106491 - Epoch: 0 Iteration: 22  train.loss : 6.65002  train.total_ips : 11177.66 img/s
DLL 2020-09-22 16:34:00.488543 - Epoch: 0 Iteration: 23  train.loss : 6.63566  train.total_ips : 10723.49 img/s
DLL 2020-09-22 16:34:00.857715 - Epoch: 0 Iteration: 24  train.loss : 6.64391  train.total_ips : 11098.04 img/s
DLL 2020-09-22 16:34:01.231708 - Epoch: 0 Iteration: 25  train.loss : 6.63731  train.total_ips : 10954.65 img/s
DLL 2020-09-22 16:34:01.613079 - Epoch: 0 Iteration: 26  train.loss : 6.63098  train.total_ips : 10745.41 img/s
DLL 2020-09-22 16:34:02.010763 - Epoch: 0 Iteration: 27  train.loss : 6.62850  train.total_ips : 10301.98 img/s
DLL 2020-09-22 16:34:02.393722 - Epoch: 0 Iteration: 28  train.loss : 6.62527  train.total_ips : 10698.13 img/s
DLL 2020-09-22 16:34:02.784909 - Epoch: 0 Iteration: 29  train.loss : 6.62291  train.total_ips : 10474.18 img/s
DLL 2020-09-22 16:34:03.179768 - Epoch: 0 Iteration: 30  train.loss : 6.62802  train.total_ips : 10378.00 img/s
DLL 2020-09-22 16:34:03.565881 - Epoch: 0 Iteration: 31  train.loss : 6.62282  train.total_ips : 10612.74 img/s
DLL 2020-09-22 16:34:03.942987 - Epoch: 0 Iteration: 32  train.loss : 6.62719  train.total_ips : 10864.35 img/s
DLL 2020-09-22 16:34:04.344543 - Epoch: 0 Iteration: 33  train.loss : 6.62822  train.total_ips : 10202.50 img/s
DLL 2020-09-22 16:34:04.727371 - Epoch: 0 Iteration: 34  train.loss : 6.62613  train.total_ips : 10702.61 img/s
DLL 2020-09-22 16:34:05.117300 - Epoch: 0 Iteration: 35  train.loss : 6.61188  train.total_ips : 10509.00 img/s
DLL 2020-09-22 16:34:05.492428 - Epoch: 0 Iteration: 36  train.loss : 6.62305  train.total_ips : 10922.61 img/s
DLL 2020-09-22 16:34:05.877888 - Epoch: 0 Iteration: 37  train.loss : 6.61826  train.total_ips : 10628.59 img/s
DLL 2020-09-22 16:34:06.251250 - Epoch: 0 Iteration: 38  train.loss : 6.62791  train.total_ips : 10973.13 img/s
DLL 2020-09-22 16:34:06.652026 - Epoch: 0 Iteration: 39  train.loss : 6.61672  train.total_ips : 10222.58 img/s
DLL 2020-09-22 16:34:07.017491 - Epoch: 0 Iteration: 40  train.loss : 6.61832  train.total_ips : 11211.62 img/s
DLL 2020-09-22 16:34:07.405345 - Epoch: 0 Iteration: 41  train.loss : 6.62144  train.total_ips : 10563.44 img/s
DLL 2020-09-22 16:34:07.777428 - Epoch: 0 Iteration: 42  train.loss : 6.61494  train.total_ips : 11011.52 img/s
DLL 2020-09-22 16:34:08.174527 - Epoch: 0 Iteration: 43  train.loss : 6.61676  train.total_ips : 10318.22 img/s
DLL 2020-09-22 16:34:08.581693 - Epoch: 0 Iteration: 44  train.loss : 6.61212  train.total_ips : 10061.33 img/s
DLL 2020-09-22 16:34:08.971094 - Epoch: 0 Iteration: 45  train.loss : 6.61246  train.total_ips : 10523.26 img/s
DLL 2020-09-22 16:34:09.347018 - Epoch: 0 Iteration: 46  train.loss : 6.60907  train.total_ips : 10898.03 img/s
DLL 2020-09-22 16:34:09.708261 - Epoch: 0 Iteration: 47  train.loss : 6.61810  train.total_ips : 11341.52 img/s
DLL 2020-09-22 16:34:10.095723 - Epoch: 0 Iteration: 48  train.loss : 6.61197  train.total_ips : 10573.53 img/s
DLL 2020-09-22 16:34:10.479087 - Epoch: 0 Iteration: 49  train.loss : 6.61567  train.total_ips : 10686.84 img/s
DLL 2020-09-22 16:34:10.854465 - Epoch: 0 Iteration: 50  train.loss : 6.60032  train.total_ips : 10915.16 img/s
DLL 2020-09-22 16:34:11.214205 - Epoch: 0 Iteration: 51  train.loss : 6.60253  train.total_ips : 11389.10 img/s
DLL 2020-09-22 16:34:11.576309 - Epoch: 0 Iteration: 52  train.loss : 6.60538  train.total_ips : 11315.26 img/s
DLL 2020-09-22 16:34:11.937210 - Epoch: 0 Iteration: 53  train.loss : 6.61302  train.total_ips : 11351.96 img/s
DLL 2020-09-22 16:34:12.329270 - Epoch: 0 Iteration: 54  train.loss : 6.60572  train.total_ips : 10450.38 img/s
DLL 2020-09-22 16:34:12.713901 - Epoch: 0 Iteration: 55  train.loss : 6.61044  train.total_ips : 10653.80 img/s
DLL 2020-09-22 16:34:13.106566 - Epoch: 0 Iteration: 56  train.loss : 6.59732  train.total_ips : 10432.85 img/s
DLL 2020-09-22 16:34:13.479455 - Epoch: 0 Iteration: 57  train.loss : 6.60096  train.total_ips : 10987.11 img/s
DLL 2020-09-22 16:34:13.875688 - Epoch: 0 Iteration: 58  train.loss : 6.59724  train.total_ips : 10339.43 img/s
DLL 2020-09-22 16:34:14.236350 - Epoch: 0 Iteration: 59  train.loss : 6.60406  train.total_ips : 11362.27 img/s
DLL 2020-09-22 16:34:14.666756 - Epoch: 0 Iteration: 60  train.loss : 6.60573  train.total_ips : 9518.83 img/s
DLL 2020-09-22 16:34:15.038446 - Epoch: 0 Iteration: 61  train.loss : 6.59618  train.total_ips : 11022.55 img/s
DLL 2020-09-22 16:34:15.417507 - Epoch: 0 Iteration: 62  train.loss : 6.59922  train.total_ips : 10808.85 img/s
DLL 2020-09-22 16:34:15.797657 - Epoch: 0 Iteration: 63  train.loss : 6.60277  train.total_ips : 10777.21 img/s
DLL 2020-09-22 16:34:16.197367 - Epoch: 0 Iteration: 64  train.loss : 6.59487  train.total_ips : 10249.98 img/s
DLL 2020-09-22 16:34:16.565949 - Epoch: 0 Iteration: 65  train.loss : 6.59391  train.total_ips : 11115.94 img/s
DLL 2020-09-22 16:34:16.959523 - Epoch: 0 Iteration: 66  train.loss : 6.59661  train.total_ips : 10410.92 img/s
DLL 2020-09-22 16:34:17.348591 - Epoch: 0 Iteration: 67  train.loss : 6.59437  train.total_ips : 10530.40 img/s
DLL 2020-09-22 16:34:17.715822 - Epoch: 0 Iteration: 68  train.loss : 6.59666  train.total_ips : 11155.97 img/s
DLL 2020-09-22 16:34:18.130232 - Epoch: 0 Iteration: 69  train.loss : 6.58958  train.total_ips : 9885.94 img/s
DLL 2020-09-22 16:34:18.514251 - Epoch: 0 Iteration: 70  train.loss : 6.59331  train.total_ips : 10668.59 img/s
DLL 2020-09-22 16:34:18.907230 - Epoch: 0 Iteration: 71  train.loss : 6.57248  train.total_ips : 10425.18 img/s
DLL 2020-09-22 16:34:19.268376 - Epoch: 0 Iteration: 72  train.loss : 6.59749  train.total_ips : 11344.30 img/s
DLL 2020-09-22 16:34:19.660152 - Epoch: 0 Iteration: 73  train.loss : 6.57936  train.total_ips : 10457.38 img/s
DLL 2020-09-22 16:34:20.048143 - Epoch: 0 Iteration: 74  train.loss : 6.57985  train.total_ips : 10559.17 img/s
DLL 2020-09-22 16:34:20.432267 - Epoch: 0 Iteration: 75  train.loss : 6.58089  train.total_ips : 10666.76 img/s
DLL 2020-09-22 16:34:20.816073 - Epoch: 0 Iteration: 76  train.loss : 6.57843  train.total_ips : 10674.37 img/s
DLL 2020-09-22 16:34:21.206886 - Epoch: 0 Iteration: 77  train.loss : 6.58931  train.total_ips : 10483.16 img/s
DLL 2020-09-22 16:34:21.569677 - Epoch: 0 Iteration: 78  train.loss : 6.57748  train.total_ips : 11292.78 img/s
DLL 2020-09-22 16:34:21.957986 - Epoch: 0 Iteration: 79  train.loss : 6.56187  train.total_ips : 10550.57 img/s
DLL 2020-09-22 16:34:22.323142 - Epoch: 0 Iteration: 80  train.loss : 6.57993  train.total_ips : 11220.00 img/s
DLL 2020-09-22 16:34:22.798188 - Epoch: 0 Iteration: 81  train.loss : 6.57875  train.total_ips : 8623.77 img/s
DLL 2020-09-22 16:34:23.226005 - Epoch: 0 Iteration: 82  train.loss : 6.58056  train.total_ips : 9576.07 img/s
DLL 2020-09-22 16:34:23.635835 - Epoch: 0 Iteration: 83  train.loss : 6.57998  train.total_ips : 9997.21 img/s
DLL 2020-09-22 16:34:24.047841 - Epoch: 0 Iteration: 84  train.loss : 6.57502  train.total_ips : 9943.79 img/s
DLL 2020-09-22 16:34:24.548760 - Epoch: 0 Iteration: 85  train.loss : 6.56387  train.total_ips : 8178.30 img/s
DLL 2020-09-22 16:34:24.924209 - Epoch: 0 Iteration: 86  train.loss : 6.56992  train.total_ips : 10913.65 img/s
DLL 2020-09-22 16:34:25.305292 - Epoch: 0 Iteration: 87  train.loss : 6.57575  train.total_ips : 10750.88 img/s
DLL 2020-09-22 16:34:25.696184 - Epoch: 0 Iteration: 88  train.loss : 6.57204  train.total_ips : 10481.01 img/s
DLL 2020-09-22 16:34:26.082306 - Epoch: 0 Iteration: 89  train.loss : 6.58236  train.total_ips : 10610.99 img/s
DLL 2020-09-22 16:34:26.492990 - Epoch: 0 Iteration: 90  train.loss : 6.57073  train.total_ips : 9977.45 img/s
DLL 2020-09-22 16:34:26.882893 - Epoch: 0 Iteration: 91  train.loss : 6.56734  train.total_ips : 10509.36 img/s
DLL 2020-09-22 16:34:27.271166 - Epoch: 0 Iteration: 92  train.loss : 6.56828  train.total_ips : 10551.59 img/s
DLL 2020-09-22 16:34:27.640799 - Epoch: 0 Iteration: 93  train.loss : 6.55468  train.total_ips : 11084.04 img/s
DLL 2020-09-22 16:34:28.008520 - Epoch: 0 Iteration: 94  train.loss : 6.56046  train.total_ips : 11141.17 img/s
DLL 2020-09-22 16:34:28.383017 - Epoch: 0 Iteration: 95  train.loss : 6.55967  train.total_ips : 10939.80 img/s
DLL 2020-09-22 16:34:28.744570 - Epoch: 0 Iteration: 96  train.loss : 6.55710  train.total_ips : 11331.87 img/s
DLL 2020-09-22 16:34:29.114151 - Epoch: 0 Iteration: 97  train.loss : 6.55956  train.total_ips : 11085.55 img/s
DLL 2020-09-22 16:34:29.475256 - Epoch: 0 Iteration: 98  train.loss : 6.55208  train.total_ips : 11345.44 img/s
DLL 2020-09-22 16:34:29.907008 - Epoch: 0 Iteration: 99  train.loss : 6.55337  train.total_ips : 9488.81 img/s
DLL 2020-09-22 16:34:30.267296 - Epoch: 0 Iteration: 100  train.loss : 6.55601  train.total_ips : 11371.27 img/s
DLL 2020-09-22 16:34:30.629070 - Epoch: 0 Iteration: 101  train.loss : 6.56505  train.total_ips : 11324.61 img/s
DLL 2020-09-22 16:34:31.043707 - Epoch: 0 Iteration: 102  train.loss : 6.55359  train.total_ips : 9880.51 img/s
DLL 2020-09-22 16:34:31.404441 - Epoch: 0 Iteration: 103  train.loss : 6.54275  train.total_ips : 11357.55 img/s
DLL 2020-09-22 16:34:31.777419 - Epoch: 0 Iteration: 104  train.loss : 6.56130  train.total_ips : 10984.28 img/s
DLL 2020-09-22 16:34:32.214357 - Epoch: 0 Iteration: 105  train.loss : 6.57060  train.total_ips : 9376.05 img/s
DLL 2020-09-22 16:34:32.583482 - Epoch: 0 Iteration: 106  train.loss : 6.54184  train.total_ips : 11099.98 img/s
DLL 2020-09-22 16:34:32.968617 - Epoch: 0 Iteration: 107  train.loss : 6.55212  train.total_ips : 10637.49 img/s
DLL 2020-09-22 16:34:33.330444 - Epoch: 0 Iteration: 108  train.loss : 6.55102  train.total_ips : 11322.83 img/s
DLL 2020-09-22 16:34:33.754574 - Epoch: 0 Iteration: 109  train.loss : 6.53956  train.total_ips : 9659.34 img/s
DLL 2020-09-22 16:34:34.117980 - Epoch: 0 Iteration: 110  train.loss : 6.54155  train.total_ips : 11273.69 img/s
DLL 2020-09-22 16:34:34.500933 - Epoch: 0 Iteration: 111  train.loss : 6.54182  train.total_ips : 10698.39 img/s
DLL 2020-09-22 16:34:34.888453 - Epoch: 0 Iteration: 112  train.loss : 6.53428  train.total_ips : 10572.28 img/s
DLL 2020-09-22 16:34:35.311727 - Epoch: 0 Iteration: 113  train.loss : 6.53811  train.total_ips : 9678.77 img/s
DLL 2020-09-22 16:34:35.689121 - Epoch: 0 Iteration: 114  train.loss : 6.54143  train.total_ips : 10856.13 img/s
DLL 2020-09-22 16:34:36.051467 - Epoch: 0 Iteration: 115  train.loss : 6.53945  train.total_ips : 11306.82 img/s
DLL 2020-09-22 16:34:36.430464 - Epoch: 0 Iteration: 116  train.loss : 6.53842  train.total_ips : 10810.33 img/s
DLL 2020-09-22 16:34:36.792448 - Epoch: 0 Iteration: 117  train.loss : 6.52525  train.total_ips : 11317.67 img/s
DLL 2020-09-22 16:34:37.153467 - Epoch: 0 Iteration: 118  train.loss : 6.51861  train.total_ips : 11349.78 img/s
DLL 2020-09-22 16:34:37.524827 - Epoch: 0 Iteration: 119  train.loss : 6.52528  train.total_ips : 11034.90 img/s
DLL 2020-09-22 16:34:37.917469 - Epoch: 0 Iteration: 120  train.loss : 6.53440  train.total_ips : 10434.51 img/s
DLL 2020-09-22 16:34:38.287595 - Epoch: 0 Iteration: 121  train.loss : 6.52576  train.total_ips : 11068.97 img/s
DLL 2020-09-22 16:34:38.696145 - Epoch: 0 Iteration: 122  train.loss : 6.51756  train.total_ips : 10027.72 img/s
DLL 2020-09-22 16:34:39.056737 - Epoch: 0 Iteration: 123  train.loss : 6.51384  train.total_ips : 11363.01 img/s
DLL 2020-09-22 16:34:39.446826 - Epoch: 0 Iteration: 124  train.loss : 6.52120  train.total_ips : 10502.79 img/s
DLL 2020-09-22 16:34:39.809660 - Epoch: 0 Iteration: 125  train.loss : 6.51131  train.total_ips : 11291.42 img/s
DLL 2020-09-22 16:34:40.196725 - Epoch: 0 Iteration: 126  train.loss : 6.52877  train.total_ips : 10584.34 img/s
DLL 2020-09-22 16:34:40.563156 - Epoch: 0 Iteration: 127  train.loss : 6.50986  train.total_ips : 11180.55 img/s
DLL 2020-09-22 16:34:40.941565 - Epoch: 0 Iteration: 128  train.loss : 6.51198  train.total_ips : 10826.58 img/s
DLL 2020-09-22 16:34:41.304965 - Epoch: 0 Iteration: 129  train.loss : 6.51391  train.total_ips : 11274.06 img/s
DLL 2020-09-22 16:34:41.665647 - Epoch: 0 Iteration: 130  train.loss : 6.50471  train.total_ips : 11358.88 img/s
DLL 2020-09-22 16:34:42.050904 - Epoch: 0 Iteration: 131  train.loss : 6.48950  train.total_ips : 10638.43 img/s
DLL 2020-09-22 16:34:42.435296 - Epoch: 0 Iteration: 132  train.loss : 6.48667  train.total_ips : 10658.43 img/s
DLL 2020-09-22 16:34:42.796475 - Epoch: 0 Iteration: 133  train.loss : 6.49967  train.total_ips : 11343.43 img/s
DLL 2020-09-22 16:34:43.178978 - Epoch: 0 Iteration: 134  train.loss : 6.49965  train.total_ips : 10710.92 img/s
DLL 2020-09-22 16:34:43.556963 - Epoch: 0 Iteration: 135  train.loss : 6.48672  train.total_ips : 10838.75 img/s
DLL 2020-09-22 16:34:43.937652 - Epoch: 0 Iteration: 136  train.loss : 6.48688  train.total_ips : 10761.73 img/s
DLL 2020-09-22 16:34:44.312436 - Epoch: 0 Iteration: 137  train.loss : 6.48244  train.total_ips : 10931.49 img/s
DLL 2020-09-22 16:34:44.692676 - Epoch: 0 Iteration: 138  train.loss : 6.49685  train.total_ips : 10775.21 img/s
DLL 2020-09-22 16:34:45.073804 - Epoch: 0 Iteration: 139  train.loss : 6.47710  train.total_ips : 10749.69 img/s
DLL 2020-09-22 16:34:45.463492 - Epoch: 0 Iteration: 140  train.loss : 6.49885  train.total_ips : 10513.03 img/s
DLL 2020-09-22 16:34:45.830512 - Epoch: 0 Iteration: 141  train.loss : 6.47491  train.total_ips : 11162.66 img/s
DLL 2020-09-22 16:34:46.266830 - Epoch: 0 Iteration: 142  train.loss : 6.48590  train.total_ips : 9393.22 img/s
DLL 2020-09-22 16:34:46.638486 - Epoch: 0 Iteration: 143  train.loss : 6.47480  train.total_ips : 11025.01 img/s
DLL 2020-09-22 16:34:47.006528 - Epoch: 0 Iteration: 144  train.loss : 6.47295  train.total_ips : 11132.16 img/s
DLL 2020-09-22 16:34:47.375736 - Epoch: 0 Iteration: 145  train.loss : 6.46588  train.total_ips : 11098.72 img/s
DLL 2020-09-22 16:34:47.785817 - Epoch: 0 Iteration: 146  train.loss : 6.45446  train.total_ips : 9989.50 img/s
DLL 2020-09-22 16:34:48.170397 - Epoch: 0 Iteration: 147  train.loss : 6.46751  train.total_ips : 10653.11 img/s
DLL 2020-09-22 16:34:48.531418 - Epoch: 0 Iteration: 148  train.loss : 6.44329  train.total_ips : 11348.31 img/s
DLL 2020-09-22 16:34:48.894026 - Epoch: 0 Iteration: 149  train.loss : 6.47276  train.total_ips : 11298.48 img/s
DLL 2020-09-22 16:34:49.294274 - Epoch: 0  train.loss : 6.58728  train.total_ips : 10606.34 img/s
DLL 2020-09-22 16:34:49.294409 - Epoch: 0  lr : 0.128  train.compute_ips : 10641.68 img/s train.data_time : 0.00182 s train.compute_time : 0.48275 s
DLL 2020-09-22 16:34:49.294555 - Summary: train.loss : 6.58728  train.total_ips : 10606.34 img/s
DLL 2020-09-22 16:34:49.294602 - Summary: lr : 0.128  train.compute_ips : 10641.68 img/s train.data_time : 0.00182 s train.compute_time : 0.48275 s
Experiment ended
['/opt/conda/bin/python', '-u', '/workspace/rn50/main.py', '--data-backend', 'dali-cpu', '--raport-file', '/workspace/rn50/raport.json', '-j8', '-p', '1', '--lr', '1.024', '--optimizer-batch-size', '-1', '--warmup', '8', '--arch', 'resnet50', '-c', 'fanin', '--label-smoothing', '0.1', '--lr-schedule', 'cosine', '--mom', '0.125', '--wd', '3.0517578125e-05', '--workspace', '/workspace/rn50', '-b', '128', '--epochs', '1', '--prof', '150', '--training-only', '--no-checkpoints', '/data/image']
['/opt/conda/bin/python', '-u', '/workspace/rn50/main.py', '--data-backend', 'dali-cpu', '--raport-file', '/workspace/rn50/raport.json', '-j8', '-p', '1', '--lr', '1.024', '--optimizer-batch-size', '-1', '--warmup', '8', '--arch', 'resnet50', '-c', 'fanin', '--label-smoothing', '0.1', '--lr-schedule', 'cosine', '--mom', '0.125', '--wd', '3.0517578125e-05', '--workspace', '/workspace/rn50', '-b', '128', '--epochs', '1', '--prof', '150', '--training-only', '--no-checkpoints', '/data/image']
['/opt/conda/bin/python', '-u', '/workspace/rn50/main.py', '--data-backend', 'dali-cpu', '--raport-file', '/workspace/rn50/raport.json', '-j8', '-p', '1', '--lr', '1.024', '--optimizer-batch-size', '-1', '--warmup', '8', '--arch', 'resnet50', '-c', 'fanin', '--label-smoothing', '0.1', '--lr-schedule', 'cosine', '--mom', '0.125', '--wd', '3.0517578125e-05', '--workspace', '/workspace/rn50', '-b', '128', '--epochs', '1', '--prof', '150', '--training-only', '--no-checkpoints', '/data/image']
['/opt/conda/bin/python', '-u', '/workspace/rn50/main.py', '--data-backend', 'dali-cpu', '--raport-file', '/workspace/rn50/raport.json', '-j8', '-p', '1', '--lr', '1.024', '--optimizer-batch-size', '-1', '--warmup', '8', '--arch', 'resnet50', '-c', 'fanin', '--label-smoothing', '0.1', '--lr-schedule', 'cosine', '--mom', '0.125', '--wd', '3.0517578125e-05', '--workspace', '/workspace/rn50', '-b', '128', '--epochs', '1', '--prof', '150', '--training-only', '--no-checkpoints', '/data/image']
['/opt/conda/bin/python', '-u', '/workspace/rn50/main.py', '--data-backend', 'dali-cpu', '--raport-file', '/workspace/rn50/raport.json', '-j8', '-p', '1', '--lr', '1.024', '--optimizer-batch-size', '-1', '--warmup', '8', '--arch', 'resnet50', '-c', 'fanin', '--label-smoothing', '0.1', '--lr-schedule', 'cosine', '--mom', '0.125', '--wd', '3.0517578125e-05', '--workspace', '/workspace/rn50', '-b', '128', '--epochs', '1', '--prof', '150', '--training-only', '--no-checkpoints', '/data/image']
['/opt/conda/bin/python', '-u', '/workspace/rn50/main.py', '--data-backend', 'dali-cpu', '--raport-file', '/workspace/rn50/raport.json', '-j8', '-p', '1', '--lr', '1.024', '--optimizer-batch-size', '-1', '--warmup', '8', '--arch', 'resnet50', '-c', 'fanin', '--label-smoothing', '0.1', '--lr-schedule', 'cosine', '--mom', '0.125', '--wd', '3.0517578125e-05', '--workspace', '/workspace/rn50', '-b', '128', '--epochs', '1', '--prof', '150', '--training-only', '--no-checkpoints', '/data/image']
['/opt/conda/bin/python', '-u', '/workspace/rn50/main.py', '--data-backend', 'dali-cpu', '--raport-file', '/workspace/rn50/raport.json', '-j8', '-p', '1', '--lr', '1.024', '--optimizer-batch-size', '-1', '--warmup', '8', '--arch', 'resnet50', '-c', 'fanin', '--label-smoothing', '0.1', '--lr-schedule', 'cosine', '--mom', '0.125', '--wd', '3.0517578125e-05', '--workspace', '/workspace/rn50', '-b', '128', '--epochs', '1', '--prof', '150', '--training-only', '--no-checkpoints', '/data/image']
['/opt/conda/bin/python', '-u', '/workspace/rn50/main.py', '--data-backend', 'dali-cpu', '--raport-file', '/workspace/rn50/raport.json', '-j8', '-p', '1', '--lr', '1.024', '--optimizer-batch-size', '-1', '--warmup', '8', '--arch', 'resnet50', '-c', 'fanin', '--label-smoothing', '0.1', '--lr-schedule', 'cosine', '--mom', '0.125', '--wd', '3.0517578125e-05', '--workspace', '/workspace/rn50', '-b', '128', '--epochs', '1', '--prof', '150', '--training-only', '--no-checkpoints', '/data/image']
