+ python /workspace/rn50/multiproc.py --nnodes 4 --node_rank 0 --nproc_per_node 8 --master_addr 10.11.0.2 --master_port=22333 /workspace/rn50/main.py --data-backend dali-cpu --raport-file /workspace/rn50/raport.json -j8 -p 1 --lr 1.024 --optimizer-batch-size -1 --warmup 8 --arch resnet50 -c fanin --label-smoothing 0.1 --lr-schedule cosine --mom 0.125 --wd 3.0517578125e-05 --workspace /workspace/rn50 -b 128 --epochs 1 --prof 150 --training-only --no-checkpoints /data/image
=> creating model '('resnet50', 'fanin', 1000)'
Version: {'net': <class 'image_classification.resnet.ResNet'>, 'block': <class 'image_classification.resnet.Bottleneck'>, 'layers': [3, 4, 6, 3], 'widths': [64, 128, 256, 512], 'expansion': 4}
Config: {'conv': <class 'torch.nn.modules.conv.Conv2d'>, 'conv_init': 'fan_in', 'nonlinearity': 'relu', 'last_bn_0_init': False, 'activation': <function <lambda> at 0x7fdbf4cc49d8>}
Num classes: 1000
i'm distributed in dali~~~~~~~~~~~~~~~~~
rank in dali:  0
world_size in dali:  32
read 886372 files from 698 directories
read 50000 files from 1000 directories
DLL 2020-09-22 16:31:32.746728 - PARAMETER data : /data/image  data_backend : dali-cpu  arch : resnet50  model_config : fanin  num_classes : 1000  workers : 8  epochs : 1  run_epochs : -1  batch_size : 128  optimizer_batch_size : -1  lr : 1.024  lr_schedule : cosine  warmup : 8  label_smoothing : 0.1  mixup : 0.0  momentum : 0.125  weight_decay : 3.0517578125e-05  bn_weight_decay : False  nesterov : False  print_freq : 1  resume : None  pretrained_weights :   fp16 : False  static_loss_scale : 1  dynamic_loss_scale : False  prof : 150  amp : False  seed : None  gather_checkpoints : False  raport_file : /workspace/rn50/raport.json  evaluate : False  training_only : True  save_checkpoints : False  checkpoint_filename : checkpoint.pth.tar  workspace : /workspace/rn50  memory_format : nchw  distributed : True  local_rank : 0  gpu : 8  world_size : 32 
 ! Weight decay NOT applied to BN parameters 
98
63
RUNNING EPOCHS FROM 0 TO 1
DLL 2020-09-22 16:31:49.793135 - Epoch: 0 Iteration: 1  train.loss : 7.08915  train.total_ips : 281.36 img/s
DLL 2020-09-22 16:31:50.762439 - Epoch: 0 Iteration: 2  train.loss : 6.94746  train.total_ips : 4225.85 img/s
DLL 2020-09-22 16:31:51.122092 - Epoch: 0 Iteration: 3  train.loss : 6.85648  train.total_ips : 11392.43 img/s
DLL 2020-09-22 16:31:51.486840 - Epoch: 0 Iteration: 4  train.loss : 6.80479  train.total_ips : 11232.90 img/s
DLL 2020-09-22 16:31:51.874607 - Epoch: 0 Iteration: 5  train.loss : 6.76418  train.total_ips : 10565.56 img/s
DLL 2020-09-22 16:31:52.235001 - Epoch: 0 Iteration: 6  train.loss : 6.73838  train.total_ips : 11368.96 img/s
DLL 2020-09-22 16:31:52.647069 - Epoch: 0 Iteration: 7  train.loss : 6.73463  train.total_ips : 9944.10 img/s
DLL 2020-09-22 16:31:53.053431 - Epoch: 0 Iteration: 8  train.loss : 6.71553  train.total_ips : 10083.05 img/s
DLL 2020-09-22 16:31:53.439856 - Epoch: 0 Iteration: 9  train.loss : 6.69294  train.total_ips : 10605.79 img/s
DLL 2020-09-22 16:31:53.811966 - Epoch: 0 Iteration: 10  train.loss : 6.69218  train.total_ips : 11010.70 img/s
DLL 2020-09-22 16:31:54.234459 - Epoch: 0 Iteration: 11  train.loss : 6.69614  train.total_ips : 9697.53 img/s
DLL 2020-09-22 16:31:54.601912 - Epoch: 0 Iteration: 12  train.loss : 6.67514  train.total_ips : 11155.68 img/s
DLL 2020-09-22 16:31:55.013714 - Epoch: 0 Iteration: 13  train.loss : 6.66405  train.total_ips : 9949.80 img/s
DLL 2020-09-22 16:31:55.386821 - Epoch: 0 Iteration: 14  train.loss : 6.66052  train.total_ips : 10985.81 img/s
DLL 2020-09-22 16:31:55.763077 - Epoch: 0 Iteration: 15  train.loss : 6.65625  train.total_ips : 10895.48 img/s
DLL 2020-09-22 16:31:56.160144 - Epoch: 0 Iteration: 16  train.loss : 6.66308  train.total_ips : 10317.55 img/s
DLL 2020-09-22 16:31:56.569984 - Epoch: 0 Iteration: 17  train.loss : 6.64976  train.total_ips : 10026.14 img/s
DLL 2020-09-22 16:31:56.962275 - Epoch: 0 Iteration: 18  train.loss : 6.65236  train.total_ips : 10443.91 img/s
DLL 2020-09-22 16:31:57.333789 - Epoch: 0 Iteration: 19  train.loss : 6.65402  train.total_ips : 11029.59 img/s
DLL 2020-09-22 16:31:57.718177 - Epoch: 0 Iteration: 20  train.loss : 6.64814  train.total_ips : 10663.11 img/s
DLL 2020-09-22 16:31:58.108295 - Epoch: 0 Iteration: 21  train.loss : 6.64453  train.total_ips : 10504.24 img/s
DLL 2020-09-22 16:31:58.509824 - Epoch: 0 Iteration: 22  train.loss : 6.64866  train.total_ips : 10203.33 img/s
DLL 2020-09-22 16:31:58.906049 - Epoch: 0 Iteration: 23  train.loss : 6.63197  train.total_ips : 10339.70 img/s
DLL 2020-09-22 16:31:59.288729 - Epoch: 0 Iteration: 24  train.loss : 6.64420  train.total_ips : 10705.76 img/s
DLL 2020-09-22 16:31:59.683735 - Epoch: 0 Iteration: 25  train.loss : 6.64019  train.total_ips : 10371.85 img/s
DLL 2020-09-22 16:32:00.097889 - Epoch: 0 Iteration: 26  train.loss : 6.63014  train.total_ips : 9892.13 img/s
DLL 2020-09-22 16:32:00.461217 - Epoch: 0 Iteration: 27  train.loss : 6.63257  train.total_ips : 11276.45 img/s
DLL 2020-09-22 16:32:00.854036 - Epoch: 0 Iteration: 28  train.loss : 6.62818  train.total_ips : 10429.69 img/s
DLL 2020-09-22 16:32:01.261861 - Epoch: 0 Iteration: 29  train.loss : 6.62381  train.total_ips : 10045.71 img/s
DLL 2020-09-22 16:32:01.628766 - Epoch: 0 Iteration: 30  train.loss : 6.63241  train.total_ips : 11166.41 img/s
DLL 2020-09-22 16:32:02.005822 - Epoch: 0 Iteration: 31  train.loss : 6.62839  train.total_ips : 10865.58 img/s
DLL 2020-09-22 16:32:02.393908 - Epoch: 0 Iteration: 32  train.loss : 6.63011  train.total_ips : 10558.06 img/s
DLL 2020-09-22 16:32:02.812164 - Epoch: 0 Iteration: 33  train.loss : 6.62936  train.total_ips : 9794.94 img/s
DLL 2020-09-22 16:32:03.174262 - Epoch: 0 Iteration: 34  train.loss : 6.62848  train.total_ips : 11315.29 img/s
DLL 2020-09-22 16:32:03.571919 - Epoch: 0 Iteration: 35  train.loss : 6.61449  train.total_ips : 10305.20 img/s
DLL 2020-09-22 16:32:04.023841 - Epoch: 0 Iteration: 36  train.loss : 6.62894  train.total_ips : 9065.14 img/s
DLL 2020-09-22 16:32:04.410538 - Epoch: 0 Iteration: 37  train.loss : 6.61708  train.total_ips : 10594.22 img/s
DLL 2020-09-22 16:32:04.793488 - Epoch: 0 Iteration: 38  train.loss : 6.62240  train.total_ips : 10699.27 img/s
DLL 2020-09-22 16:32:05.188805 - Epoch: 0 Iteration: 39  train.loss : 6.61324  train.total_ips : 10363.78 img/s
DLL 2020-09-22 16:32:05.570616 - Epoch: 0 Iteration: 40  train.loss : 6.61918  train.total_ips : 10732.70 img/s
DLL 2020-09-22 16:32:05.959784 - Epoch: 0 Iteration: 41  train.loss : 6.61972  train.total_ips : 10528.23 img/s
DLL 2020-09-22 16:32:06.379082 - Epoch: 0 Iteration: 42  train.loss : 6.61507  train.total_ips : 9769.92 img/s
DLL 2020-09-22 16:32:06.741004 - Epoch: 0 Iteration: 43  train.loss : 6.61991  train.total_ips : 11320.00 img/s
DLL 2020-09-22 16:32:07.157257 - Epoch: 0 Iteration: 44  train.loss : 6.60908  train.total_ips : 9842.22 img/s
DLL 2020-09-22 16:32:07.535788 - Epoch: 0 Iteration: 45  train.loss : 6.61248  train.total_ips : 10823.31 img/s
DLL 2020-09-22 16:32:07.897323 - Epoch: 0 Iteration: 46  train.loss : 6.60313  train.total_ips : 11332.33 img/s
DLL 2020-09-22 16:32:08.298979 - Epoch: 0 Iteration: 47  train.loss : 6.61660  train.total_ips : 10200.27 img/s
DLL 2020-09-22 16:32:08.698474 - Epoch: 0 Iteration: 48  train.loss : 6.60623  train.total_ips : 10254.88 img/s
DLL 2020-09-22 16:32:09.076196 - Epoch: 0 Iteration: 49  train.loss : 6.61484  train.total_ips : 10846.36 img/s
DLL 2020-09-22 16:32:09.439306 - Epoch: 0 Iteration: 50  train.loss : 6.60027  train.total_ips : 11282.96 img/s
DLL 2020-09-22 16:32:09.830537 - Epoch: 0 Iteration: 51  train.loss : 6.60065  train.total_ips : 10471.85 img/s
DLL 2020-09-22 16:32:10.223161 - Epoch: 0 Iteration: 52  train.loss : 6.59284  train.total_ips : 10434.76 img/s
DLL 2020-09-22 16:32:10.617861 - Epoch: 0 Iteration: 53  train.loss : 6.60274  train.total_ips : 10380.36 img/s
DLL 2020-09-22 16:32:10.979035 - Epoch: 0 Iteration: 54  train.loss : 6.59783  train.total_ips : 11343.51 img/s
DLL 2020-09-22 16:32:11.388091 - Epoch: 0 Iteration: 55  train.loss : 6.60528  train.total_ips : 10015.35 img/s
DLL 2020-09-22 16:32:11.809475 - Epoch: 0 Iteration: 56  train.loss : 6.59372  train.total_ips : 9722.51 img/s
DLL 2020-09-22 16:32:12.204527 - Epoch: 0 Iteration: 57  train.loss : 6.59218  train.total_ips : 10370.85 img/s
DLL 2020-09-22 16:32:12.597192 - Epoch: 0 Iteration: 58  train.loss : 6.58490  train.total_ips : 10436.53 img/s
DLL 2020-09-22 16:32:12.957524 - Epoch: 0 Iteration: 59  train.loss : 6.59341  train.total_ips : 11371.32 img/s
DLL 2020-09-22 16:32:13.329869 - Epoch: 0 Iteration: 60  train.loss : 6.60094  train.total_ips : 11002.92 img/s
DLL 2020-09-22 16:32:13.738773 - Epoch: 0 Iteration: 61  train.loss : 6.58546  train.total_ips : 10018.95 img/s
DLL 2020-09-22 16:32:14.124088 - Epoch: 0 Iteration: 62  train.loss : 6.59654  train.total_ips : 10632.48 img/s
DLL 2020-09-22 16:32:14.558226 - Epoch: 0 Iteration: 63  train.loss : 6.59145  train.total_ips : 9436.57 img/s
DLL 2020-09-22 16:32:14.965232 - Epoch: 0 Iteration: 64  train.loss : 6.58168  train.total_ips : 10065.80 img/s
DLL 2020-09-22 16:32:15.350333 - Epoch: 0 Iteration: 65  train.loss : 6.57909  train.total_ips : 10638.70 img/s
DLL 2020-09-22 16:32:15.731913 - Epoch: 0 Iteration: 66  train.loss : 6.58259  train.total_ips : 10736.94 img/s
DLL 2020-09-22 16:32:16.094005 - Epoch: 0 Iteration: 67  train.loss : 6.58334  train.total_ips : 11314.77 img/s
DLL 2020-09-22 16:32:16.491062 - Epoch: 0 Iteration: 68  train.loss : 6.57989  train.total_ips : 10319.34 img/s
DLL 2020-09-22 16:32:16.852846 - Epoch: 0 Iteration: 69  train.loss : 6.58048  train.total_ips : 11324.70 img/s
DLL 2020-09-22 16:32:17.238179 - Epoch: 0 Iteration: 70  train.loss : 6.58813  train.total_ips : 10633.60 img/s
DLL 2020-09-22 16:32:17.630926 - Epoch: 0 Iteration: 71  train.loss : 6.56182  train.total_ips : 10431.65 img/s
DLL 2020-09-22 16:32:18.018975 - Epoch: 0 Iteration: 72  train.loss : 6.57839  train.total_ips : 10560.28 img/s
DLL 2020-09-22 16:32:18.381050 - Epoch: 0 Iteration: 73  train.loss : 6.56689  train.total_ips : 11316.02 img/s
DLL 2020-09-22 16:32:18.784010 - Epoch: 0 Iteration: 74  train.loss : 6.55849  train.total_ips : 10167.20 img/s
DLL 2020-09-22 16:32:19.172951 - Epoch: 0 Iteration: 75  train.loss : 6.56036  train.total_ips : 10533.72 img/s
DLL 2020-09-22 16:32:19.589599 - Epoch: 0 Iteration: 76  train.loss : 6.56696  train.total_ips : 9833.49 img/s
DLL 2020-09-22 16:32:19.969790 - Epoch: 0 Iteration: 77  train.loss : 6.57197  train.total_ips : 10778.61 img/s
DLL 2020-09-22 16:32:20.369929 - Epoch: 0 Iteration: 78  train.loss : 6.55522  train.total_ips : 10239.80 img/s
DLL 2020-09-22 16:32:20.733506 - Epoch: 0 Iteration: 79  train.loss : 6.54456  train.total_ips : 11268.42 img/s
DLL 2020-09-22 16:32:21.149728 - Epoch: 0 Iteration: 80  train.loss : 6.56370  train.total_ips : 9842.72 img/s
DLL 2020-09-22 16:32:21.537240 - Epoch: 0 Iteration: 81  train.loss : 6.56217  train.total_ips : 10572.27 img/s
DLL 2020-09-22 16:32:21.900594 - Epoch: 0 Iteration: 82  train.loss : 6.56264  train.total_ips : 11275.49 img/s
DLL 2020-09-22 16:32:22.287120 - Epoch: 0 Iteration: 83  train.loss : 6.54964  train.total_ips : 10599.28 img/s
DLL 2020-09-22 16:32:22.678021 - Epoch: 0 Iteration: 84  train.loss : 6.55210  train.total_ips : 10480.66 img/s
DLL 2020-09-22 16:32:23.091875 - Epoch: 0 Iteration: 85  train.loss : 6.54570  train.total_ips : 9899.12 img/s
DLL 2020-09-22 16:32:23.460772 - Epoch: 0 Iteration: 86  train.loss : 6.55198  train.total_ips : 11105.96 img/s
DLL 2020-09-22 16:32:23.827084 - Epoch: 0 Iteration: 87  train.loss : 6.55304  train.total_ips : 11184.27 img/s
DLL 2020-09-22 16:32:24.189299 - Epoch: 0 Iteration: 88  train.loss : 6.55123  train.total_ips : 11311.07 img/s
DLL 2020-09-22 16:32:24.573396 - Epoch: 0 Iteration: 89  train.loss : 6.55465  train.total_ips : 10667.17 img/s
DLL 2020-09-22 16:32:24.959906 - Epoch: 0 Iteration: 90  train.loss : 6.53952  train.total_ips : 10599.49 img/s
DLL 2020-09-22 16:32:25.322922 - Epoch: 0 Iteration: 91  train.loss : 6.54392  train.total_ips : 11286.33 img/s
DLL 2020-09-22 16:32:25.716664 - Epoch: 0 Iteration: 92  train.loss : 6.54070  train.total_ips : 10406.67 img/s
DLL 2020-09-22 16:32:26.107221 - Epoch: 0 Iteration: 93  train.loss : 6.52170  train.total_ips : 10492.01 img/s
DLL 2020-09-22 16:32:26.471366 - Epoch: 0 Iteration: 94  train.loss : 6.52969  train.total_ips : 11252.69 img/s
DLL 2020-09-22 16:32:26.889747 - Epoch: 0 Iteration: 95  train.loss : 6.52494  train.total_ips : 9792.29 img/s
DLL 2020-09-22 16:32:27.258931 - Epoch: 0 Iteration: 96  train.loss : 6.53411  train.total_ips : 11098.13 img/s
DLL 2020-09-22 16:32:27.630451 - Epoch: 0 Iteration: 97  train.loss : 6.53901  train.total_ips : 11029.65 img/s
DLL 2020-09-22 16:32:28.027285 - Epoch: 0 Iteration: 98  train.loss : 6.52418  train.total_ips : 10326.43 img/s
DLL 2020-09-22 16:32:28.412780 - Epoch: 0 Iteration: 99  train.loss : 6.52688  train.total_ips : 10626.78 img/s
DLL 2020-09-22 16:32:28.777995 - Epoch: 0 Iteration: 100  train.loss : 6.52225  train.total_ips : 11218.03 img/s
DLL 2020-09-22 16:32:29.152151 - Epoch: 0 Iteration: 101  train.loss : 6.53233  train.total_ips : 10950.82 img/s
DLL 2020-09-22 16:32:29.555382 - Epoch: 0 Iteration: 102  train.loss : 6.52526  train.total_ips : 10162.60 img/s
DLL 2020-09-22 16:32:29.953362 - Epoch: 0 Iteration: 103  train.loss : 6.50642  train.total_ips : 10293.06 img/s
DLL 2020-09-22 16:32:30.360147 - Epoch: 0 Iteration: 104  train.loss : 6.52716  train.total_ips : 10072.12 img/s
DLL 2020-09-22 16:32:30.727368 - Epoch: 0 Iteration: 105  train.loss : 6.52556  train.total_ips : 11156.47 img/s
DLL 2020-09-22 16:32:31.103879 - Epoch: 0 Iteration: 106  train.loss : 6.49861  train.total_ips : 10882.03 img/s
DLL 2020-09-22 16:32:31.489707 - Epoch: 0 Iteration: 107  train.loss : 6.51079  train.total_ips : 10621.26 img/s
DLL 2020-09-22 16:32:31.902852 - Epoch: 0 Iteration: 108  train.loss : 6.51183  train.total_ips : 9915.50 img/s
DLL 2020-09-22 16:32:32.266366 - Epoch: 0 Iteration: 109  train.loss : 6.50171  train.total_ips : 11272.10 img/s
DLL 2020-09-22 16:32:32.714170 - Epoch: 0 Iteration: 110  train.loss : 6.49205  train.total_ips : 9148.39 img/s
DLL 2020-09-22 16:32:33.090520 - Epoch: 0 Iteration: 111  train.loss : 6.49576  train.total_ips : 10887.02 img/s
DLL 2020-09-22 16:32:33.451817 - Epoch: 0 Iteration: 112  train.loss : 6.48673  train.total_ips : 11342.75 img/s
DLL 2020-09-22 16:32:33.841477 - Epoch: 0 Iteration: 113  train.loss : 6.48894  train.total_ips : 10514.20 img/s
DLL 2020-09-22 16:32:34.224035 - Epoch: 0 Iteration: 114  train.loss : 6.49710  train.total_ips : 10709.67 img/s
DLL 2020-09-22 16:32:34.593889 - Epoch: 0 Iteration: 115  train.loss : 6.48056  train.total_ips : 11077.27 img/s
DLL 2020-09-22 16:32:34.971621 - Epoch: 0 Iteration: 116  train.loss : 6.48597  train.total_ips : 10846.38 img/s
DLL 2020-09-22 16:32:35.334237 - Epoch: 0 Iteration: 117  train.loss : 6.47181  train.total_ips : 11298.97 img/s
DLL 2020-09-22 16:32:35.697465 - Epoch: 0 Iteration: 118  train.loss : 6.46630  train.total_ips : 11281.33 img/s
DLL 2020-09-22 16:32:36.059211 - Epoch: 0 Iteration: 119  train.loss : 6.47779  train.total_ips : 11325.54 img/s
DLL 2020-09-22 16:32:36.438465 - Epoch: 0 Iteration: 120  train.loss : 6.48479  train.total_ips : 10802.29 img/s
DLL 2020-09-22 16:32:36.801189 - Epoch: 0 Iteration: 121  train.loss : 6.47184  train.total_ips : 11294.96 img/s
DLL 2020-09-22 16:32:37.162632 - Epoch: 0 Iteration: 122  train.loss : 6.46727  train.total_ips : 11336.01 img/s
DLL 2020-09-22 16:32:37.557181 - Epoch: 0 Iteration: 123  train.loss : 6.46603  train.total_ips : 10384.02 img/s
DLL 2020-09-22 16:32:37.954365 - Epoch: 0 Iteration: 124  train.loss : 6.46525  train.total_ips : 10314.70 img/s
DLL 2020-09-22 16:32:38.405918 - Epoch: 0 Iteration: 125  train.loss : 6.47009  train.total_ips : 9072.53 img/s
DLL 2020-09-22 16:32:38.768310 - Epoch: 0 Iteration: 126  train.loss : 6.48541  train.total_ips : 11305.18 img/s
DLL 2020-09-22 16:32:39.149115 - Epoch: 0 Iteration: 127  train.loss : 6.47242  train.total_ips : 10760.74 img/s
DLL 2020-09-22 16:32:39.551582 - Epoch: 0 Iteration: 128  train.loss : 6.47089  train.total_ips : 10179.81 img/s
DLL 2020-09-22 16:32:39.928400 - Epoch: 0 Iteration: 129  train.loss : 6.46572  train.total_ips : 10872.81 img/s
DLL 2020-09-22 16:32:40.306897 - Epoch: 0 Iteration: 130  train.loss : 6.45589  train.total_ips : 10825.18 img/s
DLL 2020-09-22 16:32:40.713181 - Epoch: 0 Iteration: 131  train.loss : 6.44108  train.total_ips : 10085.56 img/s
DLL 2020-09-22 16:32:41.093677 - Epoch: 0 Iteration: 132  train.loss : 6.43201  train.total_ips : 10766.12 img/s
DLL 2020-09-22 16:32:41.513033 - Epoch: 0 Iteration: 133  train.loss : 6.44416  train.total_ips : 9770.02 img/s
DLL 2020-09-22 16:32:41.874315 - Epoch: 0 Iteration: 134  train.loss : 6.44803  train.total_ips : 11341.55 img/s
DLL 2020-09-22 16:32:42.291030 - Epoch: 0 Iteration: 135  train.loss : 6.42638  train.total_ips : 9831.57 img/s
DLL 2020-09-22 16:32:42.722737 - Epoch: 0 Iteration: 136  train.loss : 6.43426  train.total_ips : 9490.57 img/s
DLL 2020-09-22 16:32:43.124499 - Epoch: 0 Iteration: 137  train.loss : 6.43028  train.total_ips : 10198.22 img/s
DLL 2020-09-22 16:32:43.528716 - Epoch: 0 Iteration: 138  train.loss : 6.43882  train.total_ips : 10137.57 img/s
DLL 2020-09-22 16:32:43.935276 - Epoch: 0 Iteration: 139  train.loss : 6.41733  train.total_ips : 10077.78 img/s
DLL 2020-09-22 16:32:44.350631 - Epoch: 0 Iteration: 140  train.loss : 6.44285  train.total_ips : 9863.23 img/s
DLL 2020-09-22 16:32:44.775386 - Epoch: 0 Iteration: 141  train.loss : 6.42173  train.total_ips : 9645.25 img/s
DLL 2020-09-22 16:32:45.146250 - Epoch: 0 Iteration: 142  train.loss : 6.42974  train.total_ips : 11047.24 img/s
DLL 2020-09-22 16:32:45.541817 - Epoch: 0 Iteration: 143  train.loss : 6.42257  train.total_ips : 10357.33 img/s
DLL 2020-09-22 16:32:45.953799 - Epoch: 0 Iteration: 144  train.loss : 6.41370  train.total_ips : 9946.19 img/s
DLL 2020-09-22 16:32:46.326070 - Epoch: 0 Iteration: 145  train.loss : 6.41598  train.total_ips : 11005.65 img/s
DLL 2020-09-22 16:32:46.687736 - Epoch: 0 Iteration: 146  train.loss : 6.40000  train.total_ips : 11328.17 img/s
DLL 2020-09-22 16:32:47.088110 - Epoch: 0 Iteration: 147  train.loss : 6.42191  train.total_ips : 10232.71 img/s
DLL 2020-09-22 16:32:47.455469 - Epoch: 0 Iteration: 148  train.loss : 6.40167  train.total_ips : 11153.06 img/s
DLL 2020-09-22 16:32:47.876858 - Epoch: 0 Iteration: 149  train.loss : 6.42763  train.total_ips : 9724.35 img/s
DLL 2020-09-22 16:32:48.253267 - Epoch: 0  train.loss : 6.56539  train.total_ips : 10466.45 img/s
DLL 2020-09-22 16:32:48.253395 - Epoch: 0  lr : 0.128  train.compute_ips : 10504.31 img/s train.data_time : 0.00156 s train.compute_time : 0.48511 s
DLL 2020-09-22 16:32:48.253534 - Summary: train.loss : 6.56539  train.total_ips : 10466.45 img/s
DLL 2020-09-22 16:32:48.253596 - Summary: lr : 0.128  train.compute_ips : 10504.31 img/s train.data_time : 0.00156 s train.compute_time : 0.48511 s
Experiment ended
['/opt/conda/bin/python', '-u', '/workspace/rn50/main.py', '--data-backend', 'dali-cpu', '--raport-file', '/workspace/rn50/raport.json', '-j8', '-p', '1', '--lr', '1.024', '--optimizer-batch-size', '-1', '--warmup', '8', '--arch', 'resnet50', '-c', 'fanin', '--label-smoothing', '0.1', '--lr-schedule', 'cosine', '--mom', '0.125', '--wd', '3.0517578125e-05', '--workspace', '/workspace/rn50', '-b', '128', '--epochs', '1', '--prof', '150', '--training-only', '--no-checkpoints', '/data/image']
['/opt/conda/bin/python', '-u', '/workspace/rn50/main.py', '--data-backend', 'dali-cpu', '--raport-file', '/workspace/rn50/raport.json', '-j8', '-p', '1', '--lr', '1.024', '--optimizer-batch-size', '-1', '--warmup', '8', '--arch', 'resnet50', '-c', 'fanin', '--label-smoothing', '0.1', '--lr-schedule', 'cosine', '--mom', '0.125', '--wd', '3.0517578125e-05', '--workspace', '/workspace/rn50', '-b', '128', '--epochs', '1', '--prof', '150', '--training-only', '--no-checkpoints', '/data/image']
['/opt/conda/bin/python', '-u', '/workspace/rn50/main.py', '--data-backend', 'dali-cpu', '--raport-file', '/workspace/rn50/raport.json', '-j8', '-p', '1', '--lr', '1.024', '--optimizer-batch-size', '-1', '--warmup', '8', '--arch', 'resnet50', '-c', 'fanin', '--label-smoothing', '0.1', '--lr-schedule', 'cosine', '--mom', '0.125', '--wd', '3.0517578125e-05', '--workspace', '/workspace/rn50', '-b', '128', '--epochs', '1', '--prof', '150', '--training-only', '--no-checkpoints', '/data/image']
['/opt/conda/bin/python', '-u', '/workspace/rn50/main.py', '--data-backend', 'dali-cpu', '--raport-file', '/workspace/rn50/raport.json', '-j8', '-p', '1', '--lr', '1.024', '--optimizer-batch-size', '-1', '--warmup', '8', '--arch', 'resnet50', '-c', 'fanin', '--label-smoothing', '0.1', '--lr-schedule', 'cosine', '--mom', '0.125', '--wd', '3.0517578125e-05', '--workspace', '/workspace/rn50', '-b', '128', '--epochs', '1', '--prof', '150', '--training-only', '--no-checkpoints', '/data/image']
['/opt/conda/bin/python', '-u', '/workspace/rn50/main.py', '--data-backend', 'dali-cpu', '--raport-file', '/workspace/rn50/raport.json', '-j8', '-p', '1', '--lr', '1.024', '--optimizer-batch-size', '-1', '--warmup', '8', '--arch', 'resnet50', '-c', 'fanin', '--label-smoothing', '0.1', '--lr-schedule', 'cosine', '--mom', '0.125', '--wd', '3.0517578125e-05', '--workspace', '/workspace/rn50', '-b', '128', '--epochs', '1', '--prof', '150', '--training-only', '--no-checkpoints', '/data/image']
['/opt/conda/bin/python', '-u', '/workspace/rn50/main.py', '--data-backend', 'dali-cpu', '--raport-file', '/workspace/rn50/raport.json', '-j8', '-p', '1', '--lr', '1.024', '--optimizer-batch-size', '-1', '--warmup', '8', '--arch', 'resnet50', '-c', 'fanin', '--label-smoothing', '0.1', '--lr-schedule', 'cosine', '--mom', '0.125', '--wd', '3.0517578125e-05', '--workspace', '/workspace/rn50', '-b', '128', '--epochs', '1', '--prof', '150', '--training-only', '--no-checkpoints', '/data/image']
['/opt/conda/bin/python', '-u', '/workspace/rn50/main.py', '--data-backend', 'dali-cpu', '--raport-file', '/workspace/rn50/raport.json', '-j8', '-p', '1', '--lr', '1.024', '--optimizer-batch-size', '-1', '--warmup', '8', '--arch', 'resnet50', '-c', 'fanin', '--label-smoothing', '0.1', '--lr-schedule', 'cosine', '--mom', '0.125', '--wd', '3.0517578125e-05', '--workspace', '/workspace/rn50', '-b', '128', '--epochs', '1', '--prof', '150', '--training-only', '--no-checkpoints', '/data/image']
['/opt/conda/bin/python', '-u', '/workspace/rn50/main.py', '--data-backend', 'dali-cpu', '--raport-file', '/workspace/rn50/raport.json', '-j8', '-p', '1', '--lr', '1.024', '--optimizer-batch-size', '-1', '--warmup', '8', '--arch', 'resnet50', '-c', 'fanin', '--label-smoothing', '0.1', '--lr-schedule', 'cosine', '--mom', '0.125', '--wd', '3.0517578125e-05', '--workspace', '/workspace/rn50', '-b', '128', '--epochs', '1', '--prof', '150', '--training-only', '--no-checkpoints', '/data/image']
