+ python /workspace/rn50/multiproc.py --nnodes 4 --node_rank 0 --nproc_per_node 8 --master_addr 10.11.0.2 --master_port=22333 /workspace/rn50/main.py --data-backend dali-cpu --raport-file /workspace/rn50/raport.json -j5 -p 1 --lr 1.024 --optimizer-batch-size -1 --warmup 8 --arch resnet50 -c fanin --label-smoothing 0.1 --lr-schedule cosine --mom 0.125 --wd 3.0517578125e-05 --workspace /workspace/rn50 -b 128 --epochs 1 --prof 150 --training-only --no-checkpoints /data/image
=> creating model '('resnet50', 'fanin', 1000)'
Version: {'net': <class 'image_classification.resnet.ResNet'>, 'block': <class 'image_classification.resnet.Bottleneck'>, 'layers': [3, 4, 6, 3], 'widths': [64, 128, 256, 512], 'expansion': 4}
Config: {'conv': <class 'torch.nn.modules.conv.Conv2d'>, 'conv_init': 'fan_in', 'nonlinearity': 'relu', 'last_bn_0_init': False, 'activation': <function <lambda> at 0x7fe02926f9d8>}
Num classes: 1000
i'm distributed in dali~~~~~~~~~~~~~~~~~
rank in dali:  0
world_size in dali:  32
read 3545488 files from 2792 directories
read 50000 files from 1000 directories
DLL 2020-10-04 14:40:54.462773 - PARAMETER data : /data/image  data_backend : dali-cpu  arch : resnet50  model_config : fanin  num_classes : 1000  workers : 5  epochs : 1  run_epochs : -1  batch_size : 128  optimizer_batch_size : -1  lr : 1.024  lr_schedule : cosine  warmup : 8  label_smoothing : 0.1  mixup : 0.0  momentum : 0.125  weight_decay : 3.0517578125e-05  bn_weight_decay : False  nesterov : False  print_freq : 1  resume : None  pretrained_weights :   fp16 : False  static_loss_scale : 1  dynamic_loss_scale : False  prof : 150  amp : False  seed : None  gather_checkpoints : False  raport_file : /workspace/rn50/raport.json  evaluate : False  training_only : True  save_checkpoints : False  checkpoint_filename : checkpoint.pth.tar  workspace : /workspace/rn50  memory_format : nchw  distributed : True  local_rank : 0  gpu : 8  world_size : 32 
 ! Weight decay NOT applied to BN parameters 
98
63
RUNNING EPOCHS FROM 0 TO 1
DLL 2020-10-04 14:41:11.866574 - Epoch: 0 Iteration: 1  train.loss : 7.01718  train.total_ips : 268.89 img/s
DLL 2020-10-04 14:41:12.671251 - Epoch: 0 Iteration: 2  train.loss : 6.96620  train.total_ips : 5090.50 img/s
DLL 2020-10-04 14:41:13.029493 - Epoch: 0 Iteration: 3  train.loss : 6.93419  train.total_ips : 11436.31 img/s
DLL 2020-10-04 14:41:13.386281 - Epoch: 0 Iteration: 4  train.loss : 6.92000  train.total_ips : 11482.83 img/s
DLL 2020-10-04 14:41:13.744066 - Epoch: 0 Iteration: 5  train.loss : 6.91733  train.total_ips : 11451.43 img/s
DLL 2020-10-04 14:41:14.102655 - Epoch: 0 Iteration: 6  train.loss : 6.88823  train.total_ips : 11426.71 img/s
DLL 2020-10-04 14:41:14.468363 - Epoch: 0 Iteration: 7  train.loss : 6.89021  train.total_ips : 11202.47 img/s
DLL 2020-10-04 14:41:14.851264 - Epoch: 0 Iteration: 8  train.loss : 6.87908  train.total_ips : 10699.58 img/s
DLL 2020-10-04 14:41:15.210097 - Epoch: 0 Iteration: 9  train.loss : 6.88606  train.total_ips : 11417.43 img/s
DLL 2020-10-04 14:41:15.571177 - Epoch: 0 Iteration: 10  train.loss : 6.88257  train.total_ips : 11346.56 img/s
DLL 2020-10-04 14:41:15.931006 - Epoch: 0 Iteration: 11  train.loss : 6.87863  train.total_ips : 11385.70 img/s
DLL 2020-10-04 14:41:16.314445 - Epoch: 0 Iteration: 12  train.loss : 6.88206  train.total_ips : 10684.50 img/s
DLL 2020-10-04 14:41:16.675138 - Epoch: 0 Iteration: 13  train.loss : 6.87283  train.total_ips : 11358.45 img/s
DLL 2020-10-04 14:41:17.033288 - Epoch: 0 Iteration: 14  train.loss : 6.86231  train.total_ips : 11439.05 img/s
DLL 2020-10-04 14:41:17.391418 - Epoch: 0 Iteration: 15  train.loss : 6.88419  train.total_ips : 11441.39 img/s
DLL 2020-10-04 14:41:17.752494 - Epoch: 0 Iteration: 16  train.loss : 6.88114  train.total_ips : 11346.43 img/s
DLL 2020-10-04 14:41:18.111047 - Epoch: 0 Iteration: 17  train.loss : 6.88256  train.total_ips : 11425.97 img/s
DLL 2020-10-04 14:41:18.472258 - Epoch: 0 Iteration: 18  train.loss : 6.87693  train.total_ips : 11345.64 img/s
DLL 2020-10-04 14:41:18.835365 - Epoch: 0 Iteration: 19  train.loss : 6.87979  train.total_ips : 11282.93 img/s
DLL 2020-10-04 14:41:19.195220 - Epoch: 0 Iteration: 20  train.loss : 6.86723  train.total_ips : 11385.22 img/s
DLL 2020-10-04 14:41:19.554610 - Epoch: 0 Iteration: 21  train.loss : 6.87505  train.total_ips : 11400.05 img/s
DLL 2020-10-04 14:41:19.916143 - Epoch: 0 Iteration: 22  train.loss : 6.86719  train.total_ips : 11336.59 img/s
DLL 2020-10-04 14:41:20.274256 - Epoch: 0 Iteration: 23  train.loss : 6.87923  train.total_ips : 11440.53 img/s
DLL 2020-10-04 14:41:20.650081 - Epoch: 0 Iteration: 24  train.loss : 6.86839  train.total_ips : 10901.17 img/s
DLL 2020-10-04 14:41:21.016139 - Epoch: 0 Iteration: 25  train.loss : 6.86841  train.total_ips : 11193.87 img/s
DLL 2020-10-04 14:41:21.375289 - Epoch: 0 Iteration: 26  train.loss : 6.86976  train.total_ips : 11407.98 img/s
DLL 2020-10-04 14:41:21.734435 - Epoch: 0 Iteration: 27  train.loss : 6.87078  train.total_ips : 11410.86 img/s
DLL 2020-10-04 14:41:22.093332 - Epoch: 0 Iteration: 28  train.loss : 6.86304  train.total_ips : 11416.42 img/s
DLL 2020-10-04 14:41:22.452944 - Epoch: 0 Iteration: 29  train.loss : 6.86995  train.total_ips : 11392.61 img/s
DLL 2020-10-04 14:41:22.812499 - Epoch: 0 Iteration: 30  train.loss : 6.86424  train.total_ips : 11394.25 img/s
DLL 2020-10-04 14:41:23.172225 - Epoch: 0 Iteration: 31  train.loss : 6.86789  train.total_ips : 11389.17 img/s
DLL 2020-10-04 14:41:23.530302 - Epoch: 0 Iteration: 32  train.loss : 6.88508  train.total_ips : 11441.64 img/s
DLL 2020-10-04 14:41:23.892251 - Epoch: 0 Iteration: 33  train.loss : 6.86180  train.total_ips : 11319.44 img/s
DLL 2020-10-04 14:41:24.251199 - Epoch: 0 Iteration: 34  train.loss : 6.86631  train.total_ips : 11418.37 img/s
DLL 2020-10-04 14:41:24.609931 - Epoch: 0 Iteration: 35  train.loss : 6.87885  train.total_ips : 11418.95 img/s
DLL 2020-10-04 14:41:24.970229 - Epoch: 0 Iteration: 36  train.loss : 6.87827  train.total_ips : 11370.85 img/s
DLL 2020-10-04 14:41:25.330494 - Epoch: 0 Iteration: 37  train.loss : 6.87140  train.total_ips : 11371.91 img/s
DLL 2020-10-04 14:41:25.693191 - Epoch: 0 Iteration: 38  train.loss : 6.85955  train.total_ips : 11295.81 img/s
DLL 2020-10-04 14:41:26.053067 - Epoch: 0 Iteration: 39  train.loss : 6.87381  train.total_ips : 11386.33 img/s
DLL 2020-10-04 14:41:26.411469 - Epoch: 0 Iteration: 40  train.loss : 6.87387  train.total_ips : 11430.68 img/s
DLL 2020-10-04 14:41:26.770131 - Epoch: 0 Iteration: 41  train.loss : 6.86352  train.total_ips : 11422.87 img/s
DLL 2020-10-04 14:41:27.134587 - Epoch: 0 Iteration: 42  train.loss : 6.87566  train.total_ips : 11241.08 img/s
DLL 2020-10-04 14:41:27.493203 - Epoch: 0 Iteration: 43  train.loss : 6.86390  train.total_ips : 11424.39 img/s
DLL 2020-10-04 14:41:27.851563 - Epoch: 0 Iteration: 44  train.loss : 6.87477  train.total_ips : 11432.57 img/s
DLL 2020-10-04 14:41:28.219363 - Epoch: 0 Iteration: 45  train.loss : 6.87127  train.total_ips : 11139.35 img/s
DLL 2020-10-04 14:41:28.582159 - Epoch: 0 Iteration: 46  train.loss : 6.86667  train.total_ips : 11295.46 img/s
DLL 2020-10-04 14:41:28.943766 - Epoch: 0 Iteration: 47  train.loss : 6.86244  train.total_ips : 11329.71 img/s
DLL 2020-10-04 14:41:29.315659 - Epoch: 0 Iteration: 48  train.loss : 6.87120  train.total_ips : 11016.18 img/s
DLL 2020-10-04 14:41:29.674138 - Epoch: 0 Iteration: 49  train.loss : 6.87249  train.total_ips : 11430.51 img/s
DLL 2020-10-04 14:41:30.034320 - Epoch: 0 Iteration: 50  train.loss : 6.86803  train.total_ips : 11373.82 img/s
DLL 2020-10-04 14:41:30.396043 - Epoch: 0 Iteration: 51  train.loss : 6.86373  train.total_ips : 11326.12 img/s
DLL 2020-10-04 14:41:30.794367 - Epoch: 0 Iteration: 52  train.loss : 6.87650  train.total_ips : 10285.52 img/s
DLL 2020-10-04 14:41:31.153932 - Epoch: 0 Iteration: 53  train.loss : 6.87351  train.total_ips : 11397.04 img/s
DLL 2020-10-04 14:41:31.546978 - Epoch: 0 Iteration: 54  train.loss : 6.85917  train.total_ips : 10423.08 img/s
DLL 2020-10-04 14:41:31.905167 - Epoch: 0 Iteration: 55  train.loss : 6.87183  train.total_ips : 11438.42 img/s
DLL 2020-10-04 14:41:32.265864 - Epoch: 0 Iteration: 56  train.loss : 6.86986  train.total_ips : 11358.54 img/s
DLL 2020-10-04 14:41:32.630339 - Epoch: 0 Iteration: 57  train.loss : 6.88283  train.total_ips : 11240.44 img/s
DLL 2020-10-04 14:41:32.988528 - Epoch: 0 Iteration: 58  train.loss : 6.86964  train.total_ips : 11438.06 img/s
DLL 2020-10-04 14:41:33.348604 - Epoch: 0 Iteration: 59  train.loss : 6.85581  train.total_ips : 11378.40 img/s
DLL 2020-10-04 14:41:33.707968 - Epoch: 0 Iteration: 60  train.loss : 6.87374  train.total_ips : 11401.18 img/s
DLL 2020-10-04 14:41:34.066829 - Epoch: 0 Iteration: 61  train.loss : 6.85920  train.total_ips : 11416.50 img/s
DLL 2020-10-04 14:41:34.426479 - Epoch: 0 Iteration: 62  train.loss : 6.86536  train.total_ips : 11392.09 img/s
DLL 2020-10-04 14:41:34.795737 - Epoch: 0 Iteration: 63  train.loss : 6.87351  train.total_ips : 11096.34 img/s
DLL 2020-10-04 14:41:35.158524 - Epoch: 0 Iteration: 64  train.loss : 6.86537  train.total_ips : 11291.94 img/s
DLL 2020-10-04 14:41:35.517902 - Epoch: 0 Iteration: 65  train.loss : 6.87089  train.total_ips : 11400.14 img/s
DLL 2020-10-04 14:41:35.876763 - Epoch: 0 Iteration: 66  train.loss : 6.88248  train.total_ips : 11416.41 img/s
DLL 2020-10-04 14:41:36.236088 - Epoch: 0 Iteration: 67  train.loss : 6.86977  train.total_ips : 11401.72 img/s
DLL 2020-10-04 14:41:36.597556 - Epoch: 0 Iteration: 68  train.loss : 6.86975  train.total_ips : 11334.09 img/s
DLL 2020-10-04 14:41:36.962486 - Epoch: 0 Iteration: 69  train.loss : 6.86402  train.total_ips : 11226.43 img/s
DLL 2020-10-04 14:41:37.321619 - Epoch: 0 Iteration: 70  train.loss : 6.85836  train.total_ips : 11407.98 img/s
DLL 2020-10-04 14:41:37.702401 - Epoch: 0 Iteration: 71  train.loss : 6.87914  train.total_ips : 10758.88 img/s
DLL 2020-10-04 14:41:38.062010 - Epoch: 0 Iteration: 72  train.loss : 6.86907  train.total_ips : 11392.81 img/s
DLL 2020-10-04 14:41:38.458994 - Epoch: 0 Iteration: 73  train.loss : 6.86194  train.total_ips : 10320.10 img/s
DLL 2020-10-04 14:41:38.830570 - Epoch: 0 Iteration: 74  train.loss : 6.86803  train.total_ips : 11026.60 img/s
DLL 2020-10-04 14:41:39.206203 - Epoch: 0 Iteration: 75  train.loss : 6.87375  train.total_ips : 10906.88 img/s
DLL 2020-10-04 14:41:39.565252 - Epoch: 0 Iteration: 76  train.loss : 6.86680  train.total_ips : 11410.40 img/s
DLL 2020-10-04 14:41:39.924440 - Epoch: 0 Iteration: 77  train.loss : 6.88320  train.total_ips : 11405.86 img/s
DLL 2020-10-04 14:41:40.285133 - Epoch: 0 Iteration: 78  train.loss : 6.86329  train.total_ips : 11358.43 img/s
DLL 2020-10-04 14:41:40.644791 - Epoch: 0 Iteration: 79  train.loss : 6.86709  train.total_ips : 11390.98 img/s
DLL 2020-10-04 14:41:41.003304 - Epoch: 0 Iteration: 80  train.loss : 6.87409  train.total_ips : 11427.69 img/s
DLL 2020-10-04 14:41:41.361511 - Epoch: 0 Iteration: 81  train.loss : 6.87333  train.total_ips : 11437.95 img/s
DLL 2020-10-04 14:41:41.721051 - Epoch: 0 Iteration: 82  train.loss : 6.87842  train.total_ips : 11394.78 img/s
DLL 2020-10-04 14:41:42.080857 - Epoch: 0 Iteration: 83  train.loss : 6.86565  train.total_ips : 11386.66 img/s
DLL 2020-10-04 14:41:42.440028 - Epoch: 0 Iteration: 84  train.loss : 6.86996  train.total_ips : 11406.83 img/s
DLL 2020-10-04 14:41:42.854039 - Epoch: 0 Iteration: 85  train.loss : 6.86682  train.total_ips : 9896.08 img/s
DLL 2020-10-04 14:41:43.216266 - Epoch: 0 Iteration: 86  train.loss : 6.86446  train.total_ips : 11310.89 img/s
DLL 2020-10-04 14:41:43.575826 - Epoch: 0 Iteration: 87  train.loss : 6.86269  train.total_ips : 11396.16 img/s
DLL 2020-10-04 14:41:43.934750 - Epoch: 0 Iteration: 88  train.loss : 6.87289  train.total_ips : 11416.93 img/s
DLL 2020-10-04 14:41:44.296110 - Epoch: 0 Iteration: 89  train.loss : 6.86072  train.total_ips : 11336.46 img/s
DLL 2020-10-04 14:41:44.654868 - Epoch: 0 Iteration: 90  train.loss : 6.86867  train.total_ips : 11419.92 img/s
DLL 2020-10-04 14:41:45.043864 - Epoch: 0 Iteration: 91  train.loss : 6.86522  train.total_ips : 10531.87 img/s
DLL 2020-10-04 14:41:45.402438 - Epoch: 0 Iteration: 92  train.loss : 6.86262  train.total_ips : 11426.04 img/s
DLL 2020-10-04 14:41:45.810447 - Epoch: 0 Iteration: 93  train.loss : 6.86772  train.total_ips : 10040.89 img/s
DLL 2020-10-04 14:41:46.169829 - Epoch: 0 Iteration: 94  train.loss : 6.85328  train.total_ips : 11399.92 img/s
DLL 2020-10-04 14:41:46.529535 - Epoch: 0 Iteration: 95  train.loss : 6.87039  train.total_ips : 11389.61 img/s
DLL 2020-10-04 14:41:46.889631 - Epoch: 0 Iteration: 96  train.loss : 6.86953  train.total_ips : 11377.40 img/s
DLL 2020-10-04 14:41:47.287118 - Epoch: 0 Iteration: 97  train.loss : 6.86027  train.total_ips : 10306.95 img/s
DLL 2020-10-04 14:41:47.646441 - Epoch: 0 Iteration: 98  train.loss : 6.87098  train.total_ips : 11401.61 img/s
DLL 2020-10-04 14:41:48.018912 - Epoch: 0 Iteration: 99  train.loss : 6.86781  train.total_ips : 11000.22 img/s
DLL 2020-10-04 14:41:48.379258 - Epoch: 0 Iteration: 100  train.loss : 6.85937  train.total_ips : 11369.82 img/s
DLL 2020-10-04 14:41:48.739061 - Epoch: 0 Iteration: 101  train.loss : 6.85433  train.total_ips : 11386.90 img/s
DLL 2020-10-04 14:41:49.098200 - Epoch: 0 Iteration: 102  train.loss : 6.86806  train.total_ips : 11407.67 img/s
DLL 2020-10-04 14:41:49.458726 - Epoch: 0 Iteration: 103  train.loss : 6.86696  train.total_ips : 11366.98 img/s
DLL 2020-10-04 14:41:49.823035 - Epoch: 0 Iteration: 104  train.loss : 6.86714  train.total_ips : 11244.46 img/s
DLL 2020-10-04 14:41:50.182273 - Epoch: 0 Iteration: 105  train.loss : 6.86475  train.total_ips : 11404.40 img/s
DLL 2020-10-04 14:41:50.540818 - Epoch: 0 Iteration: 106  train.loss : 6.85976  train.total_ips : 11427.65 img/s
DLL 2020-10-04 14:41:50.900968 - Epoch: 0 Iteration: 107  train.loss : 6.87186  train.total_ips : 11375.53 img/s
DLL 2020-10-04 14:41:51.304302 - Epoch: 0 Iteration: 108  train.loss : 6.85867  train.total_ips : 10157.57 img/s
DLL 2020-10-04 14:41:51.662972 - Epoch: 0 Iteration: 109  train.loss : 6.86986  train.total_ips : 11422.63 img/s
DLL 2020-10-04 14:41:52.022876 - Epoch: 0 Iteration: 110  train.loss : 6.85736  train.total_ips : 11383.53 img/s
DLL 2020-10-04 14:41:52.382862 - Epoch: 0 Iteration: 111  train.loss : 6.86019  train.total_ips : 11381.18 img/s
DLL 2020-10-04 14:41:52.742883 - Epoch: 0 Iteration: 112  train.loss : 6.87198  train.total_ips : 11379.54 img/s
DLL 2020-10-04 14:41:53.105259 - Epoch: 0 Iteration: 113  train.loss : 6.87651  train.total_ips : 11306.37 img/s
DLL 2020-10-04 14:41:53.464583 - Epoch: 0 Iteration: 114  train.loss : 6.86517  train.total_ips : 11404.52 img/s
DLL 2020-10-04 14:41:53.826633 - Epoch: 0 Iteration: 115  train.loss : 6.85692  train.total_ips : 11315.29 img/s
DLL 2020-10-04 14:41:54.186322 - Epoch: 0 Iteration: 116  train.loss : 6.87422  train.total_ips : 11389.95 img/s
DLL 2020-10-04 14:41:54.546518 - Epoch: 0 Iteration: 117  train.loss : 6.85951  train.total_ips : 11374.04 img/s
DLL 2020-10-04 14:41:55.090945 - Epoch: 0 Iteration: 118  train.loss : 6.86952  train.total_ips : 7524.65 img/s
DLL 2020-10-04 14:41:55.451289 - Epoch: 0 Iteration: 119  train.loss : 6.88055  train.total_ips : 11369.30 img/s
DLL 2020-10-04 14:41:55.811900 - Epoch: 0 Iteration: 120  train.loss : 6.86535  train.total_ips : 11361.29 img/s
DLL 2020-10-04 14:41:56.181743 - Epoch: 0 Iteration: 121  train.loss : 6.86823  train.total_ips : 11077.78 img/s
DLL 2020-10-04 14:41:56.542846 - Epoch: 0 Iteration: 122  train.loss : 6.86936  train.total_ips : 11345.52 img/s
DLL 2020-10-04 14:41:56.922803 - Epoch: 0 Iteration: 123  train.loss : 6.85991  train.total_ips : 10783.04 img/s
DLL 2020-10-04 14:41:57.283776 - Epoch: 0 Iteration: 124  train.loss : 6.86701  train.total_ips : 11349.53 img/s
DLL 2020-10-04 14:41:57.643731 - Epoch: 0 Iteration: 125  train.loss : 6.87863  train.total_ips : 11382.41 img/s
DLL 2020-10-04 14:41:58.008270 - Epoch: 0 Iteration: 126  train.loss : 6.86414  train.total_ips : 11238.60 img/s
DLL 2020-10-04 14:41:58.368345 - Epoch: 0 Iteration: 127  train.loss : 6.87001  train.total_ips : 11377.92 img/s
DLL 2020-10-04 14:41:58.731417 - Epoch: 0 Iteration: 128  train.loss : 6.85805  train.total_ips : 11284.57 img/s
DLL 2020-10-04 14:41:59.091252 - Epoch: 0 Iteration: 129  train.loss : 6.87233  train.total_ips : 11386.11 img/s
DLL 2020-10-04 14:41:59.452338 - Epoch: 0 Iteration: 130  train.loss : 6.87262  train.total_ips : 11346.40 img/s
DLL 2020-10-04 14:41:59.842052 - Epoch: 0 Iteration: 131  train.loss : 6.85833  train.total_ips : 10512.63 img/s
DLL 2020-10-04 14:42:00.202146 - Epoch: 0 Iteration: 132  train.loss : 6.86485  train.total_ips : 11377.83 img/s
DLL 2020-10-04 14:42:00.582789 - Epoch: 0 Iteration: 133  train.loss : 6.84821  train.total_ips : 10765.41 img/s
DLL 2020-10-04 14:42:00.942806 - Epoch: 0 Iteration: 134  train.loss : 6.86592  train.total_ips : 11380.95 img/s
DLL 2020-10-04 14:42:01.307996 - Epoch: 0 Iteration: 135  train.loss : 6.86486  train.total_ips : 11219.10 img/s
DLL 2020-10-04 14:42:01.668244 - Epoch: 0 Iteration: 136  train.loss : 6.86732  train.total_ips : 11372.34 img/s
DLL 2020-10-04 14:42:02.030012 - Epoch: 0 Iteration: 137  train.loss : 6.86979  train.total_ips : 11324.98 img/s
DLL 2020-10-04 14:42:02.392559 - Epoch: 0 Iteration: 138  train.loss : 6.86343  train.total_ips : 11300.45 img/s
DLL 2020-10-04 14:42:02.756593 - Epoch: 0 Iteration: 139  train.loss : 6.86435  train.total_ips : 11254.63 img/s
DLL 2020-10-04 14:42:03.117105 - Epoch: 0 Iteration: 140  train.loss : 6.85767  train.total_ips : 11365.99 img/s
DLL 2020-10-04 14:42:03.478505 - Epoch: 0 Iteration: 141  train.loss : 6.86849  train.total_ips : 11337.94 img/s
DLL 2020-10-04 14:42:03.838861 - Epoch: 0 Iteration: 142  train.loss : 6.86775  train.total_ips : 11368.66 img/s
DLL 2020-10-04 14:42:04.199153 - Epoch: 0 Iteration: 143  train.loss : 6.86549  train.total_ips : 11372.67 img/s
DLL 2020-10-04 14:42:04.560361 - Epoch: 0 Iteration: 144  train.loss : 6.87175  train.total_ips : 11342.31 img/s
DLL 2020-10-04 14:42:04.921803 - Epoch: 0 Iteration: 145  train.loss : 6.86789  train.total_ips : 11338.85 img/s
DLL 2020-10-04 14:42:05.320454 - Epoch: 0 Iteration: 146  train.loss : 6.85179  train.total_ips : 10276.21 img/s
DLL 2020-10-04 14:42:05.680166 - Epoch: 0 Iteration: 147  train.loss : 6.85968  train.total_ips : 11389.87 img/s
DLL 2020-10-04 14:42:06.039110 - Epoch: 0 Iteration: 148  train.loss : 6.85910  train.total_ips : 11414.06 img/s
DLL 2020-10-04 14:42:06.400063 - Epoch: 0 Iteration: 149  train.loss : 6.86195  train.total_ips : 11350.52 img/s
DLL 2020-10-04 14:42:06.762708 - Epoch: 0  train.loss : 6.87149  train.total_ips : 11117.33 img/s
DLL 2020-10-04 14:42:06.762935 - Epoch: 0  lr : 0.128  train.compute_ips : 11161.40 img/s train.data_time : 0.00159 s train.compute_time : 0.46585 s
DLL 2020-10-04 14:42:06.763148 - Summary: train.loss : 6.87149  train.total_ips : 11117.33 img/s
DLL 2020-10-04 14:42:06.763195 - Summary: lr : 0.128  train.compute_ips : 11161.40 img/s train.data_time : 0.00159 s train.compute_time : 0.46585 s
Experiment ended
['/opt/conda/bin/python', '-u', '/workspace/rn50/main.py', '--data-backend', 'dali-cpu', '--raport-file', '/workspace/rn50/raport.json', '-j5', '-p', '1', '--lr', '1.024', '--optimizer-batch-size', '-1', '--warmup', '8', '--arch', 'resnet50', '-c', 'fanin', '--label-smoothing', '0.1', '--lr-schedule', 'cosine', '--mom', '0.125', '--wd', '3.0517578125e-05', '--workspace', '/workspace/rn50', '-b', '128', '--epochs', '1', '--prof', '150', '--training-only', '--no-checkpoints', '/data/image']
['/opt/conda/bin/python', '-u', '/workspace/rn50/main.py', '--data-backend', 'dali-cpu', '--raport-file', '/workspace/rn50/raport.json', '-j5', '-p', '1', '--lr', '1.024', '--optimizer-batch-size', '-1', '--warmup', '8', '--arch', 'resnet50', '-c', 'fanin', '--label-smoothing', '0.1', '--lr-schedule', 'cosine', '--mom', '0.125', '--wd', '3.0517578125e-05', '--workspace', '/workspace/rn50', '-b', '128', '--epochs', '1', '--prof', '150', '--training-only', '--no-checkpoints', '/data/image']
['/opt/conda/bin/python', '-u', '/workspace/rn50/main.py', '--data-backend', 'dali-cpu', '--raport-file', '/workspace/rn50/raport.json', '-j5', '-p', '1', '--lr', '1.024', '--optimizer-batch-size', '-1', '--warmup', '8', '--arch', 'resnet50', '-c', 'fanin', '--label-smoothing', '0.1', '--lr-schedule', 'cosine', '--mom', '0.125', '--wd', '3.0517578125e-05', '--workspace', '/workspace/rn50', '-b', '128', '--epochs', '1', '--prof', '150', '--training-only', '--no-checkpoints', '/data/image']
['/opt/conda/bin/python', '-u', '/workspace/rn50/main.py', '--data-backend', 'dali-cpu', '--raport-file', '/workspace/rn50/raport.json', '-j5', '-p', '1', '--lr', '1.024', '--optimizer-batch-size', '-1', '--warmup', '8', '--arch', 'resnet50', '-c', 'fanin', '--label-smoothing', '0.1', '--lr-schedule', 'cosine', '--mom', '0.125', '--wd', '3.0517578125e-05', '--workspace', '/workspace/rn50', '-b', '128', '--epochs', '1', '--prof', '150', '--training-only', '--no-checkpoints', '/data/image']
['/opt/conda/bin/python', '-u', '/workspace/rn50/main.py', '--data-backend', 'dali-cpu', '--raport-file', '/workspace/rn50/raport.json', '-j5', '-p', '1', '--lr', '1.024', '--optimizer-batch-size', '-1', '--warmup', '8', '--arch', 'resnet50', '-c', 'fanin', '--label-smoothing', '0.1', '--lr-schedule', 'cosine', '--mom', '0.125', '--wd', '3.0517578125e-05', '--workspace', '/workspace/rn50', '-b', '128', '--epochs', '1', '--prof', '150', '--training-only', '--no-checkpoints', '/data/image']
['/opt/conda/bin/python', '-u', '/workspace/rn50/main.py', '--data-backend', 'dali-cpu', '--raport-file', '/workspace/rn50/raport.json', '-j5', '-p', '1', '--lr', '1.024', '--optimizer-batch-size', '-1', '--warmup', '8', '--arch', 'resnet50', '-c', 'fanin', '--label-smoothing', '0.1', '--lr-schedule', 'cosine', '--mom', '0.125', '--wd', '3.0517578125e-05', '--workspace', '/workspace/rn50', '-b', '128', '--epochs', '1', '--prof', '150', '--training-only', '--no-checkpoints', '/data/image']
['/opt/conda/bin/python', '-u', '/workspace/rn50/main.py', '--data-backend', 'dali-cpu', '--raport-file', '/workspace/rn50/raport.json', '-j5', '-p', '1', '--lr', '1.024', '--optimizer-batch-size', '-1', '--warmup', '8', '--arch', 'resnet50', '-c', 'fanin', '--label-smoothing', '0.1', '--lr-schedule', 'cosine', '--mom', '0.125', '--wd', '3.0517578125e-05', '--workspace', '/workspace/rn50', '-b', '128', '--epochs', '1', '--prof', '150', '--training-only', '--no-checkpoints', '/data/image']
['/opt/conda/bin/python', '-u', '/workspace/rn50/main.py', '--data-backend', 'dali-cpu', '--raport-file', '/workspace/rn50/raport.json', '-j5', '-p', '1', '--lr', '1.024', '--optimizer-batch-size', '-1', '--warmup', '8', '--arch', 'resnet50', '-c', 'fanin', '--label-smoothing', '0.1', '--lr-schedule', 'cosine', '--mom', '0.125', '--wd', '3.0517578125e-05', '--workspace', '/workspace/rn50', '-b', '128', '--epochs', '1', '--prof', '150', '--training-only', '--no-checkpoints', '/data/image']
