+ python /workspace/rn50/multiproc.py --nnodes 2 --node_rank 0 --nproc_per_node 8 --master_addr 10.11.0.2 --master_port=22333 /workspace/rn50/main.py --data-backend dali-cpu --raport-file /workspace/rn50/raport.json -j5 -p 1 --lr 1.024 --optimizer-batch-size -1 --warmup 8 --arch resnet50 -c fanin --label-smoothing 0.1 --lr-schedule cosine --mom 0.125 --wd 3.0517578125e-05 --workspace /workspace/rn50 -b 128 --epochs 1 --prof 150 --training-only --no-checkpoints /data/image
=> creating model '('resnet50', 'fanin', 1000)'
Version: {'net': <class 'image_classification.resnet.ResNet'>, 'block': <class 'image_classification.resnet.Bottleneck'>, 'layers': [3, 4, 6, 3], 'widths': [64, 128, 256, 512], 'expansion': 4}
Config: {'conv': <class 'torch.nn.modules.conv.Conv2d'>, 'conv_init': 'fan_in', 'nonlinearity': 'relu', 'last_bn_0_init': False, 'activation': <function <lambda> at 0x7f1adb1629d8>}
Num classes: 1000
i'm distributed in dali~~~~~~~~~~~~~~~~~
rank in dali:  0
world_size in dali:  16
read 3545488 files from 2792 directories
read 50000 files from 1000 directories
DLL 2020-09-29 14:44:30.357312 - PARAMETER data : /data/image  data_backend : dali-cpu  arch : resnet50  model_config : fanin  num_classes : 1000  workers : 5  epochs : 1  run_epochs : -1  batch_size : 128  optimizer_batch_size : -1  lr : 1.024  lr_schedule : cosine  warmup : 8  label_smoothing : 0.1  mixup : 0.0  momentum : 0.125  weight_decay : 3.0517578125e-05  bn_weight_decay : False  nesterov : False  print_freq : 1  resume : None  pretrained_weights :   fp16 : False  static_loss_scale : 1  dynamic_loss_scale : False  prof : 150  amp : False  seed : None  gather_checkpoints : False  raport_file : /workspace/rn50/raport.json  evaluate : False  training_only : True  save_checkpoints : False  checkpoint_filename : checkpoint.pth.tar  workspace : /workspace/rn50  memory_format : nchw  distributed : True  local_rank : 0  gpu : 8  world_size : 16 
 ! Weight decay NOT applied to BN parameters 
98
63
VS002:202909:202909 [0] NCCL INFO Bootstrap : Using [0]ib0:10.11.0.2<0>
VS002:202909:202909 [0] NCCL INFO NET/Plugin : No plugin found (libnccl-net.so), using internal implementation
VS002:202909:202909 [0] NCCL INFO NET/IB : Using [0]mlx5_0:1/IB ; OOB ib0:10.11.0.2<0>
VS002:202909:202909 [0] NCCL INFO Using network IB
NCCL version 2.6.3+cuda10.2
VS002:202909:203686 [0] NCCL INFO Channel 00/02 :    0   3   2   6   7   4   5   1   8  11  10  14  15  12  13   9
VS002:202909:203686 [0] NCCL INFO Channel 01/02 :    0   3   2   6   7   4   5   1   8  11  10  14  15  12  13   9
VS002:202909:203686 [0] NCCL INFO threadThresholds 8/8/64 | 128/8/64 | 8/8/64
VS002:202909:203686 [0] NCCL INFO Trees [0] 1/-1/-1->0->-1|-1->0->1/-1/-1 [1] 1/-1/-1->0->9|9->0->1/-1/-1
VS002:202909:203686 [0] NCCL INFO Setting affinity for GPU 0 to 0f,ff000fff
VS002:202909:203686 [0] NCCL INFO Ring 00 : 9[1b000] -> 0[1a000] [receive] via NET/IB/0
VS002:202909:203686 [0] NCCL INFO Ring 00 : 0[1a000] -> 3[3e000] via P2P/IPC
VS002:202909:203686 [0] NCCL INFO Ring 00 : 0[1a000] -> 1[1b000] via P2P/IPC
VS002:202909:203686 [0] NCCL INFO Ring 01 : 9[1b000] -> 0[1a000] [receive] via NET/IB/0
VS002:202909:203686 [0] NCCL INFO Ring 01 : 0[1a000] -> 3[3e000] via P2P/IPC
VS002:202909:203686 [0] NCCL INFO Ring 01 : 0[1a000] -> 9[1b000] [send] via NET/IB/0
VS002:202909:203686 [0] NCCL INFO Ring 01 : 0[1a000] -> 1[1b000] via P2P/IPC
VS002:202909:203686 [0] NCCL INFO comm 0x7f18d8006880 rank 0 nranks 16 cudaDev 0 busId 1a000 - Init COMPLETE
VS002:202909:202909 [0] NCCL INFO Launch mode Parallel
RUNNING EPOCHS FROM 0 TO 1
DLL 2020-09-29 14:44:49.003902 - Epoch: 0 Iteration: 1  train.loss : 7.04182  train.total_ips : 136.94 img/s
DLL 2020-09-29 14:44:49.994443 - Epoch: 0 Iteration: 2  train.loss : 6.95515  train.total_ips : 2067.33 img/s
DLL 2020-09-29 14:44:50.349877 - Epoch: 0 Iteration: 3  train.loss : 6.95472  train.total_ips : 5763.60 img/s
DLL 2020-09-29 14:44:50.706161 - Epoch: 0 Iteration: 4  train.loss : 6.91901  train.total_ips : 5749.50 img/s
DLL 2020-09-29 14:44:51.065611 - Epoch: 0 Iteration: 5  train.loss : 6.92650  train.total_ips : 5699.04 img/s
DLL 2020-09-29 14:44:51.421252 - Epoch: 0 Iteration: 6  train.loss : 6.88389  train.total_ips : 5760.05 img/s
DLL 2020-09-29 14:44:51.780133 - Epoch: 0 Iteration: 7  train.loss : 6.92044  train.total_ips : 5708.17 img/s
DLL 2020-09-29 14:44:52.136482 - Epoch: 0 Iteration: 8  train.loss : 6.90355  train.total_ips : 5749.37 img/s
DLL 2020-09-29 14:44:52.492294 - Epoch: 0 Iteration: 9  train.loss : 6.88289  train.total_ips : 5758.83 img/s
DLL 2020-09-29 14:44:52.849354 - Epoch: 0 Iteration: 10  train.loss : 6.88860  train.total_ips : 5739.74 img/s
DLL 2020-09-29 14:44:53.208090 - Epoch: 0 Iteration: 11  train.loss : 6.90479  train.total_ips : 5710.85 img/s
DLL 2020-09-29 14:44:53.565790 - Epoch: 0 Iteration: 12  train.loss : 6.90652  train.total_ips : 5726.41 img/s
DLL 2020-09-29 14:44:53.922831 - Epoch: 0 Iteration: 13  train.loss : 6.90894  train.total_ips : 5738.46 img/s
DLL 2020-09-29 14:44:54.287099 - Epoch: 0 Iteration: 14  train.loss : 6.90173  train.total_ips : 5625.17 img/s
DLL 2020-09-29 14:44:54.644816 - Epoch: 0 Iteration: 15  train.loss : 6.91338  train.total_ips : 5725.97 img/s
DLL 2020-09-29 14:44:55.002733 - Epoch: 0 Iteration: 16  train.loss : 6.88367  train.total_ips : 5725.15 img/s
DLL 2020-09-29 14:44:55.361669 - Epoch: 0 Iteration: 17  train.loss : 6.89215  train.total_ips : 5706.93 img/s
DLL 2020-09-29 14:44:55.718466 - Epoch: 0 Iteration: 18  train.loss : 6.87847  train.total_ips : 5741.45 img/s
DLL 2020-09-29 14:44:56.074118 - Epoch: 0 Iteration: 19  train.loss : 6.88734  train.total_ips : 5760.52 img/s
DLL 2020-09-29 14:44:56.431085 - Epoch: 0 Iteration: 20  train.loss : 6.89479  train.total_ips : 5739.94 img/s
DLL 2020-09-29 14:44:56.789014 - Epoch: 0 Iteration: 21  train.loss : 6.91314  train.total_ips : 5722.65 img/s
DLL 2020-09-29 14:44:57.144874 - Epoch: 0 Iteration: 22  train.loss : 6.89552  train.total_ips : 5756.71 img/s
DLL 2020-09-29 14:44:57.500366 - Epoch: 0 Iteration: 23  train.loss : 6.87641  train.total_ips : 5762.12 img/s
DLL 2020-09-29 14:44:57.857737 - Epoch: 0 Iteration: 24  train.loss : 6.89789  train.total_ips : 5732.41 img/s
DLL 2020-09-29 14:44:58.216457 - Epoch: 0 Iteration: 25  train.loss : 6.88606  train.total_ips : 5711.49 img/s
DLL 2020-09-29 14:44:58.574343 - Epoch: 0 Iteration: 26  train.loss : 6.88550  train.total_ips : 5723.69 img/s
DLL 2020-09-29 14:44:58.930019 - Epoch: 0 Iteration: 27  train.loss : 6.89773  train.total_ips : 5759.54 img/s
DLL 2020-09-29 14:44:59.293587 - Epoch: 0 Iteration: 28  train.loss : 6.89542  train.total_ips : 5634.95 img/s
DLL 2020-09-29 14:44:59.650003 - Epoch: 0 Iteration: 29  train.loss : 6.88795  train.total_ips : 5750.60 img/s
DLL 2020-09-29 14:45:00.006475 - Epoch: 0 Iteration: 30  train.loss : 6.88423  train.total_ips : 5744.85 img/s
DLL 2020-09-29 14:45:00.363570 - Epoch: 0 Iteration: 31  train.loss : 6.88647  train.total_ips : 5736.44 img/s
DLL 2020-09-29 14:45:00.719516 - Epoch: 0 Iteration: 32  train.loss : 6.88847  train.total_ips : 5755.06 img/s
DLL 2020-09-29 14:45:01.079637 - Epoch: 0 Iteration: 33  train.loss : 6.87244  train.total_ips : 5688.30 img/s
DLL 2020-09-29 14:45:01.436433 - Epoch: 0 Iteration: 34  train.loss : 6.89237  train.total_ips : 5741.28 img/s
DLL 2020-09-29 14:45:01.793004 - Epoch: 0 Iteration: 35  train.loss : 6.88555  train.total_ips : 5746.85 img/s
DLL 2020-09-29 14:45:02.150363 - Epoch: 0 Iteration: 36  train.loss : 6.89869  train.total_ips : 5732.22 img/s
DLL 2020-09-29 14:45:02.506596 - Epoch: 0 Iteration: 37  train.loss : 6.88374  train.total_ips : 5751.00 img/s
DLL 2020-09-29 14:45:02.863434 - Epoch: 0 Iteration: 38  train.loss : 6.87098  train.total_ips : 5742.91 img/s
DLL 2020-09-29 14:45:03.221961 - Epoch: 0 Iteration: 39  train.loss : 6.87793  train.total_ips : 5717.45 img/s
DLL 2020-09-29 14:45:03.578916 - Epoch: 0 Iteration: 40  train.loss : 6.89328  train.total_ips : 5738.25 img/s
DLL 2020-09-29 14:45:03.935534 - Epoch: 0 Iteration: 41  train.loss : 6.90217  train.total_ips : 5744.23 img/s
DLL 2020-09-29 14:45:04.292470 - Epoch: 0 Iteration: 42  train.loss : 6.87814  train.total_ips : 5739.18 img/s
DLL 2020-09-29 14:45:04.648893 - Epoch: 0 Iteration: 43  train.loss : 6.88029  train.total_ips : 5749.28 img/s
DLL 2020-09-29 14:45:05.006651 - Epoch: 0 Iteration: 44  train.loss : 6.88795  train.total_ips : 5726.18 img/s
DLL 2020-09-29 14:45:05.366407 - Epoch: 0 Iteration: 45  train.loss : 6.89273  train.total_ips : 5693.77 img/s
DLL 2020-09-29 14:45:05.722839 - Epoch: 0 Iteration: 46  train.loss : 6.88156  train.total_ips : 5747.99 img/s
DLL 2020-09-29 14:45:06.079019 - Epoch: 0 Iteration: 47  train.loss : 6.88043  train.total_ips : 5751.27 img/s
DLL 2020-09-29 14:45:06.441540 - Epoch: 0 Iteration: 48  train.loss : 6.88101  train.total_ips : 5651.11 img/s
DLL 2020-09-29 14:45:06.798128 - Epoch: 0 Iteration: 49  train.loss : 6.89167  train.total_ips : 5745.48 img/s
DLL 2020-09-29 14:45:07.155136 - Epoch: 0 Iteration: 50  train.loss : 6.89468  train.total_ips : 5741.13 img/s
DLL 2020-09-29 14:45:07.511594 - Epoch: 0 Iteration: 51  train.loss : 6.87553  train.total_ips : 5746.10 img/s
DLL 2020-09-29 14:45:07.868865 - Epoch: 0 Iteration: 52  train.loss : 6.89218  train.total_ips : 5735.26 img/s
DLL 2020-09-29 14:45:08.226302 - Epoch: 0 Iteration: 53  train.loss : 6.88403  train.total_ips : 5731.57 img/s
DLL 2020-09-29 14:45:08.587536 - Epoch: 0 Iteration: 54  train.loss : 6.88838  train.total_ips : 5672.56 img/s
DLL 2020-09-29 14:45:08.946656 - Epoch: 0 Iteration: 55  train.loss : 6.89340  train.total_ips : 5705.85 img/s
DLL 2020-09-29 14:45:09.304335 - Epoch: 0 Iteration: 56  train.loss : 6.89801  train.total_ips : 5736.43 img/s
DLL 2020-09-29 14:45:09.662521 - Epoch: 0 Iteration: 57  train.loss : 6.89301  train.total_ips : 5714.99 img/s
DLL 2020-09-29 14:45:10.022744 - Epoch: 0 Iteration: 58  train.loss : 6.87570  train.total_ips : 5699.44 img/s
DLL 2020-09-29 14:45:10.383009 - Epoch: 0 Iteration: 59  train.loss : 6.87747  train.total_ips : 5684.77 img/s
DLL 2020-09-29 14:45:10.742213 - Epoch: 0 Iteration: 60  train.loss : 6.88546  train.total_ips : 5702.58 img/s
DLL 2020-09-29 14:45:11.099233 - Epoch: 0 Iteration: 61  train.loss : 6.87157  train.total_ips : 5739.19 img/s
DLL 2020-09-29 14:45:11.456352 - Epoch: 0 Iteration: 62  train.loss : 6.89045  train.total_ips : 5737.54 img/s
DLL 2020-09-29 14:45:11.811811 - Epoch: 0 Iteration: 63  train.loss : 6.86437  train.total_ips : 5762.70 img/s
DLL 2020-09-29 14:45:12.169184 - Epoch: 0 Iteration: 64  train.loss : 6.87226  train.total_ips : 5732.04 img/s
DLL 2020-09-29 14:45:12.526610 - Epoch: 0 Iteration: 65  train.loss : 6.88254  train.total_ips : 5731.16 img/s
DLL 2020-09-29 14:45:12.896110 - Epoch: 0 Iteration: 66  train.loss : 6.90168  train.total_ips : 5544.19 img/s
DLL 2020-09-29 14:45:13.253714 - Epoch: 0 Iteration: 67  train.loss : 6.89326  train.total_ips : 5728.33 img/s
DLL 2020-09-29 14:45:13.610520 - Epoch: 0 Iteration: 68  train.loss : 6.89459  train.total_ips : 5741.47 img/s
DLL 2020-09-29 14:45:13.967496 - Epoch: 0 Iteration: 69  train.loss : 6.87403  train.total_ips : 5738.41 img/s
DLL 2020-09-29 14:45:14.324534 - Epoch: 0 Iteration: 70  train.loss : 6.86599  train.total_ips : 5737.81 img/s
DLL 2020-09-29 14:45:14.699954 - Epoch: 0 Iteration: 71  train.loss : 6.87563  train.total_ips : 5456.61 img/s
DLL 2020-09-29 14:45:15.057708 - Epoch: 0 Iteration: 72  train.loss : 6.87537  train.total_ips : 5726.84 img/s
DLL 2020-09-29 14:45:15.417044 - Epoch: 0 Iteration: 73  train.loss : 6.89068  train.total_ips : 5700.34 img/s
DLL 2020-09-29 14:45:15.776137 - Epoch: 0 Iteration: 74  train.loss : 6.86257  train.total_ips : 5704.98 img/s
DLL 2020-09-29 14:45:16.132319 - Epoch: 0 Iteration: 75  train.loss : 6.86994  train.total_ips : 5751.73 img/s
DLL 2020-09-29 14:45:16.489725 - Epoch: 0 Iteration: 76  train.loss : 6.88389  train.total_ips : 5732.73 img/s
DLL 2020-09-29 14:45:16.847185 - Epoch: 0 Iteration: 77  train.loss : 6.87753  train.total_ips : 5730.22 img/s
DLL 2020-09-29 14:45:17.204968 - Epoch: 0 Iteration: 78  train.loss : 6.90793  train.total_ips : 5725.45 img/s
DLL 2020-09-29 14:45:17.562983 - Epoch: 0 Iteration: 79  train.loss : 6.87096  train.total_ips : 5721.77 img/s
DLL 2020-09-29 14:45:17.920044 - Epoch: 0 Iteration: 80  train.loss : 6.88944  train.total_ips : 5737.14 img/s
DLL 2020-09-29 14:45:18.276674 - Epoch: 0 Iteration: 81  train.loss : 6.88015  train.total_ips : 5743.99 img/s
DLL 2020-09-29 14:45:18.634617 - Epoch: 0 Iteration: 82  train.loss : 6.87134  train.total_ips : 5723.00 img/s
DLL 2020-09-29 14:45:18.990712 - Epoch: 0 Iteration: 83  train.loss : 6.87228  train.total_ips : 5752.60 img/s
DLL 2020-09-29 14:45:19.347480 - Epoch: 0 Iteration: 84  train.loss : 6.90768  train.total_ips : 5741.69 img/s
DLL 2020-09-29 14:45:19.704814 - Epoch: 0 Iteration: 85  train.loss : 6.88136  train.total_ips : 5733.14 img/s
DLL 2020-09-29 14:45:20.062139 - Epoch: 0 Iteration: 86  train.loss : 6.87377  train.total_ips : 5732.93 img/s
DLL 2020-09-29 14:45:20.419960 - Epoch: 0 Iteration: 87  train.loss : 6.89079  train.total_ips : 5725.00 img/s
DLL 2020-09-29 14:45:20.775855 - Epoch: 0 Iteration: 88  train.loss : 6.89150  train.total_ips : 5757.94 img/s
DLL 2020-09-29 14:45:21.132703 - Epoch: 0 Iteration: 89  train.loss : 6.87486  train.total_ips : 5740.30 img/s
DLL 2020-09-29 14:45:21.491128 - Epoch: 0 Iteration: 90  train.loss : 6.88206  train.total_ips : 5715.03 img/s
DLL 2020-09-29 14:45:21.850285 - Epoch: 0 Iteration: 91  train.loss : 6.88411  train.total_ips : 5703.52 img/s
DLL 2020-09-29 14:45:22.206923 - Epoch: 0 Iteration: 92  train.loss : 6.86903  train.total_ips : 5743.89 img/s
DLL 2020-09-29 14:45:22.564289 - Epoch: 0 Iteration: 93  train.loss : 6.89939  train.total_ips : 5732.22 img/s
DLL 2020-09-29 14:45:22.921867 - Epoch: 0 Iteration: 94  train.loss : 6.89107  train.total_ips : 5728.71 img/s
DLL 2020-09-29 14:45:23.279968 - Epoch: 0 Iteration: 95  train.loss : 6.88981  train.total_ips : 5720.29 img/s
DLL 2020-09-29 14:45:23.637931 - Epoch: 0 Iteration: 96  train.loss : 6.91101  train.total_ips : 5722.82 img/s
DLL 2020-09-29 14:45:23.995810 - Epoch: 0 Iteration: 97  train.loss : 6.88639  train.total_ips : 5724.08 img/s
DLL 2020-09-29 14:45:24.353079 - Epoch: 0 Iteration: 98  train.loss : 6.88092  train.total_ips : 5733.59 img/s
DLL 2020-09-29 14:45:24.710763 - Epoch: 0 Iteration: 99  train.loss : 6.88745  train.total_ips : 5727.18 img/s
DLL 2020-09-29 14:45:25.068635 - Epoch: 0 Iteration: 100  train.loss : 6.86968  train.total_ips : 5725.55 img/s
DLL 2020-09-29 14:45:25.425692 - Epoch: 0 Iteration: 101  train.loss : 6.88793  train.total_ips : 5737.07 img/s
DLL 2020-09-29 14:45:25.786950 - Epoch: 0 Iteration: 102  train.loss : 6.89193  train.total_ips : 5670.47 img/s
DLL 2020-09-29 14:45:26.144907 - Epoch: 0 Iteration: 103  train.loss : 6.87467  train.total_ips : 5722.76 img/s
DLL 2020-09-29 14:45:26.502092 - Epoch: 0 Iteration: 104  train.loss : 6.86665  train.total_ips : 5735.41 img/s
DLL 2020-09-29 14:45:26.859568 - Epoch: 0 Iteration: 105  train.loss : 6.87337  train.total_ips : 5730.63 img/s
DLL 2020-09-29 14:45:27.216498 - Epoch: 0 Iteration: 106  train.loss : 6.87647  train.total_ips : 5738.95 img/s
DLL 2020-09-29 14:45:27.572741 - Epoch: 0 Iteration: 107  train.loss : 6.85013  train.total_ips : 5751.37 img/s
DLL 2020-09-29 14:45:27.945901 - Epoch: 0 Iteration: 108  train.loss : 6.87701  train.total_ips : 5489.44 img/s
DLL 2020-09-29 14:45:28.303456 - Epoch: 0 Iteration: 109  train.loss : 6.89157  train.total_ips : 5729.42 img/s
DLL 2020-09-29 14:45:28.663181 - Epoch: 0 Iteration: 110  train.loss : 6.87310  train.total_ips : 5695.25 img/s
DLL 2020-09-29 14:45:29.021124 - Epoch: 0 Iteration: 111  train.loss : 6.86283  train.total_ips : 5722.87 img/s
DLL 2020-09-29 14:45:29.379277 - Epoch: 0 Iteration: 112  train.loss : 6.87176  train.total_ips : 5719.72 img/s
DLL 2020-09-29 14:45:29.736211 - Epoch: 0 Iteration: 113  train.loss : 6.87295  train.total_ips : 5739.21 img/s
DLL 2020-09-29 14:45:30.092347 - Epoch: 0 Iteration: 114  train.loss : 6.87404  train.total_ips : 5752.12 img/s
DLL 2020-09-29 14:45:30.449886 - Epoch: 0 Iteration: 115  train.loss : 6.88554  train.total_ips : 5729.46 img/s
DLL 2020-09-29 14:45:30.808442 - Epoch: 0 Iteration: 116  train.loss : 6.88708  train.total_ips : 5713.33 img/s
DLL 2020-09-29 14:45:31.166588 - Epoch: 0 Iteration: 117  train.loss : 6.89575  train.total_ips : 5719.45 img/s
DLL 2020-09-29 14:45:31.525476 - Epoch: 0 Iteration: 118  train.loss : 6.86806  train.total_ips : 5708.51 img/s
DLL 2020-09-29 14:45:31.882872 - Epoch: 0 Iteration: 119  train.loss : 6.87731  train.total_ips : 5731.62 img/s
DLL 2020-09-29 14:45:32.240142 - Epoch: 0 Iteration: 120  train.loss : 6.85983  train.total_ips : 5733.71 img/s
DLL 2020-09-29 14:45:32.597321 - Epoch: 0 Iteration: 121  train.loss : 6.88028  train.total_ips : 5735.16 img/s
DLL 2020-09-29 14:45:32.954949 - Epoch: 0 Iteration: 122  train.loss : 6.85764  train.total_ips : 5728.17 img/s
DLL 2020-09-29 14:45:33.311285 - Epoch: 0 Iteration: 123  train.loss : 6.89116  train.total_ips : 5748.76 img/s
DLL 2020-09-29 14:45:33.668254 - Epoch: 0 Iteration: 124  train.loss : 6.88002  train.total_ips : 5738.46 img/s
DLL 2020-09-29 14:45:34.026615 - Epoch: 0 Iteration: 125  train.loss : 6.89735  train.total_ips : 5716.23 img/s
DLL 2020-09-29 14:45:34.384496 - Epoch: 0 Iteration: 126  train.loss : 6.88175  train.total_ips : 5723.94 img/s
DLL 2020-09-29 14:45:34.741500 - Epoch: 0 Iteration: 127  train.loss : 6.86781  train.total_ips : 5737.95 img/s
DLL 2020-09-29 14:45:35.099640 - Epoch: 0 Iteration: 128  train.loss : 6.89018  train.total_ips : 5720.41 img/s
DLL 2020-09-29 14:45:35.457194 - Epoch: 0 Iteration: 129  train.loss : 6.87478  train.total_ips : 5729.04 img/s
DLL 2020-09-29 14:45:35.815160 - Epoch: 0 Iteration: 130  train.loss : 6.88592  train.total_ips : 5723.66 img/s
DLL 2020-09-29 14:45:36.173981 - Epoch: 0 Iteration: 131  train.loss : 6.87920  train.total_ips : 5709.08 img/s
DLL 2020-09-29 14:45:36.529885 - Epoch: 0 Iteration: 132  train.loss : 6.88609  train.total_ips : 5756.43 img/s
DLL 2020-09-29 14:45:36.887518 - Epoch: 0 Iteration: 133  train.loss : 6.87702  train.total_ips : 5729.09 img/s
DLL 2020-09-29 14:45:37.292393 - Epoch: 0 Iteration: 134  train.loss : 6.87845  train.total_ips : 5059.41 img/s
DLL 2020-09-29 14:45:37.649771 - Epoch: 0 Iteration: 135  train.loss : 6.86782  train.total_ips : 5731.88 img/s
DLL 2020-09-29 14:45:38.008493 - Epoch: 0 Iteration: 136  train.loss : 6.87608  train.total_ips : 5711.41 img/s
DLL 2020-09-29 14:45:38.365350 - Epoch: 0 Iteration: 137  train.loss : 6.87635  train.total_ips : 5740.18 img/s
DLL 2020-09-29 14:45:38.722039 - Epoch: 0 Iteration: 138  train.loss : 6.88061  train.total_ips : 5744.20 img/s
DLL 2020-09-29 14:45:39.079366 - Epoch: 0 Iteration: 139  train.loss : 6.86562  train.total_ips : 5732.37 img/s
DLL 2020-09-29 14:45:39.435889 - Epoch: 0 Iteration: 140  train.loss : 6.87677  train.total_ips : 5745.73 img/s
DLL 2020-09-29 14:45:39.793750 - Epoch: 0 Iteration: 141  train.loss : 6.88046  train.total_ips : 5724.31 img/s
DLL 2020-09-29 14:45:40.151998 - Epoch: 0 Iteration: 142  train.loss : 6.86353  train.total_ips : 5718.59 img/s
DLL 2020-09-29 14:45:40.509499 - Epoch: 0 Iteration: 143  train.loss : 6.86956  train.total_ips : 5730.26 img/s
DLL 2020-09-29 14:45:40.865794 - Epoch: 0 Iteration: 144  train.loss : 6.89033  train.total_ips : 5749.44 img/s
DLL 2020-09-29 14:45:41.222192 - Epoch: 0 Iteration: 145  train.loss : 6.88664  train.total_ips : 5747.69 img/s
DLL 2020-09-29 14:45:41.579664 - Epoch: 0 Iteration: 146  train.loss : 6.88373  train.total_ips : 5730.57 img/s
DLL 2020-09-29 14:45:41.938812 - Epoch: 0 Iteration: 147  train.loss : 6.85879  train.total_ips : 5703.72 img/s
DLL 2020-09-29 14:45:42.296940 - Epoch: 0 Iteration: 148  train.loss : 6.87255  train.total_ips : 5720.07 img/s
DLL 2020-09-29 14:45:42.654694 - Epoch: 0 Iteration: 149  train.loss : 6.90334  train.total_ips : 5726.51 img/s
DLL 2020-09-29 14:45:43.013032 - Epoch: 0  train.loss : 6.88625  train.total_ips : 5658.07 img/s
DLL 2020-09-29 14:45:43.013169 - Epoch: 0  lr : 0.128  train.compute_ips : 5678.84 img/s train.data_time : 0.00136 s train.compute_time : 0.45829 s
DLL 2020-09-29 14:45:43.013316 - Summary: train.loss : 6.88625  train.total_ips : 5658.07 img/s
DLL 2020-09-29 14:45:43.013361 - Summary: lr : 0.128  train.compute_ips : 5678.84 img/s train.data_time : 0.00136 s train.compute_time : 0.45829 s
Experiment ended
['/opt/conda/bin/python', '-u', '/workspace/rn50/main.py', '--data-backend', 'dali-cpu', '--raport-file', '/workspace/rn50/raport.json', '-j5', '-p', '1', '--lr', '1.024', '--optimizer-batch-size', '-1', '--warmup', '8', '--arch', 'resnet50', '-c', 'fanin', '--label-smoothing', '0.1', '--lr-schedule', 'cosine', '--mom', '0.125', '--wd', '3.0517578125e-05', '--workspace', '/workspace/rn50', '-b', '128', '--epochs', '1', '--prof', '150', '--training-only', '--no-checkpoints', '/data/image']
['/opt/conda/bin/python', '-u', '/workspace/rn50/main.py', '--data-backend', 'dali-cpu', '--raport-file', '/workspace/rn50/raport.json', '-j5', '-p', '1', '--lr', '1.024', '--optimizer-batch-size', '-1', '--warmup', '8', '--arch', 'resnet50', '-c', 'fanin', '--label-smoothing', '0.1', '--lr-schedule', 'cosine', '--mom', '0.125', '--wd', '3.0517578125e-05', '--workspace', '/workspace/rn50', '-b', '128', '--epochs', '1', '--prof', '150', '--training-only', '--no-checkpoints', '/data/image']
['/opt/conda/bin/python', '-u', '/workspace/rn50/main.py', '--data-backend', 'dali-cpu', '--raport-file', '/workspace/rn50/raport.json', '-j5', '-p', '1', '--lr', '1.024', '--optimizer-batch-size', '-1', '--warmup', '8', '--arch', 'resnet50', '-c', 'fanin', '--label-smoothing', '0.1', '--lr-schedule', 'cosine', '--mom', '0.125', '--wd', '3.0517578125e-05', '--workspace', '/workspace/rn50', '-b', '128', '--epochs', '1', '--prof', '150', '--training-only', '--no-checkpoints', '/data/image']
['/opt/conda/bin/python', '-u', '/workspace/rn50/main.py', '--data-backend', 'dali-cpu', '--raport-file', '/workspace/rn50/raport.json', '-j5', '-p', '1', '--lr', '1.024', '--optimizer-batch-size', '-1', '--warmup', '8', '--arch', 'resnet50', '-c', 'fanin', '--label-smoothing', '0.1', '--lr-schedule', 'cosine', '--mom', '0.125', '--wd', '3.0517578125e-05', '--workspace', '/workspace/rn50', '-b', '128', '--epochs', '1', '--prof', '150', '--training-only', '--no-checkpoints', '/data/image']
['/opt/conda/bin/python', '-u', '/workspace/rn50/main.py', '--data-backend', 'dali-cpu', '--raport-file', '/workspace/rn50/raport.json', '-j5', '-p', '1', '--lr', '1.024', '--optimizer-batch-size', '-1', '--warmup', '8', '--arch', 'resnet50', '-c', 'fanin', '--label-smoothing', '0.1', '--lr-schedule', 'cosine', '--mom', '0.125', '--wd', '3.0517578125e-05', '--workspace', '/workspace/rn50', '-b', '128', '--epochs', '1', '--prof', '150', '--training-only', '--no-checkpoints', '/data/image']
['/opt/conda/bin/python', '-u', '/workspace/rn50/main.py', '--data-backend', 'dali-cpu', '--raport-file', '/workspace/rn50/raport.json', '-j5', '-p', '1', '--lr', '1.024', '--optimizer-batch-size', '-1', '--warmup', '8', '--arch', 'resnet50', '-c', 'fanin', '--label-smoothing', '0.1', '--lr-schedule', 'cosine', '--mom', '0.125', '--wd', '3.0517578125e-05', '--workspace', '/workspace/rn50', '-b', '128', '--epochs', '1', '--prof', '150', '--training-only', '--no-checkpoints', '/data/image']
['/opt/conda/bin/python', '-u', '/workspace/rn50/main.py', '--data-backend', 'dali-cpu', '--raport-file', '/workspace/rn50/raport.json', '-j5', '-p', '1', '--lr', '1.024', '--optimizer-batch-size', '-1', '--warmup', '8', '--arch', 'resnet50', '-c', 'fanin', '--label-smoothing', '0.1', '--lr-schedule', 'cosine', '--mom', '0.125', '--wd', '3.0517578125e-05', '--workspace', '/workspace/rn50', '-b', '128', '--epochs', '1', '--prof', '150', '--training-only', '--no-checkpoints', '/data/image']
['/opt/conda/bin/python', '-u', '/workspace/rn50/main.py', '--data-backend', 'dali-cpu', '--raport-file', '/workspace/rn50/raport.json', '-j5', '-p', '1', '--lr', '1.024', '--optimizer-batch-size', '-1', '--warmup', '8', '--arch', 'resnet50', '-c', 'fanin', '--label-smoothing', '0.1', '--lr-schedule', 'cosine', '--mom', '0.125', '--wd', '3.0517578125e-05', '--workspace', '/workspace/rn50', '-b', '128', '--epochs', '1', '--prof', '150', '--training-only', '--no-checkpoints', '/data/image']
