+ python /workspace/rn50/multiproc.py --nnodes 2 --node_rank 0 --nproc_per_node 8 --master_addr 10.11.0.2 --master_port=22333 /workspace/rn50/main.py --data-backend dali-cpu --raport-file /workspace/rn50/raport.json -j8 -p 1 --lr 1.024 --optimizer-batch-size -1 --warmup 8 --arch resnet50 -c fanin --label-smoothing 0.1 --lr-schedule cosine --mom 0.125 --wd 3.0517578125e-05 --workspace /workspace/rn50 -b 128 --epochs 1 --prof 150 --training-only --no-checkpoints /data/image
=> creating model '('resnet50', 'fanin', 1000)'
Version: {'net': <class 'image_classification.resnet.ResNet'>, 'block': <class 'image_classification.resnet.Bottleneck'>, 'layers': [3, 4, 6, 3], 'widths': [64, 128, 256, 512], 'expansion': 4}
Config: {'conv': <class 'torch.nn.modules.conv.Conv2d'>, 'conv_init': 'fan_in', 'nonlinearity': 'relu', 'last_bn_0_init': False, 'activation': <function <lambda> at 0x7f158ce5d9d8>}
Num classes: 1000
i'm distributed in dali~~~~~~~~~~~~~~~~~
rank in dali:  0
world_size in dali:  16
read 886372 files from 698 directories
read 50000 files from 1000 directories
DLL 2020-09-22 15:11:52.549971 - PARAMETER data : /data/image  data_backend : dali-cpu  arch : resnet50  model_config : fanin  num_classes : 1000  workers : 8  epochs : 1  run_epochs : -1  batch_size : 128  optimizer_batch_size : -1  lr : 1.024  lr_schedule : cosine  warmup : 8  label_smoothing : 0.1  mixup : 0.0  momentum : 0.125  weight_decay : 3.0517578125e-05  bn_weight_decay : False  nesterov : False  print_freq : 1  resume : None  pretrained_weights :   fp16 : False  static_loss_scale : 1  dynamic_loss_scale : False  prof : 150  amp : False  seed : None  gather_checkpoints : False  raport_file : /workspace/rn50/raport.json  evaluate : False  training_only : True  save_checkpoints : False  checkpoint_filename : checkpoint.pth.tar  workspace : /workspace/rn50  memory_format : nchw  distributed : True  local_rank : 0  gpu : 8  world_size : 16 
 ! Weight decay NOT applied to BN parameters 
98
63
VS002:87941:87941 [0] NCCL INFO Bootstrap : Using [0]ib0:10.11.0.2<0>
VS002:87941:87941 [0] NCCL INFO NET/Plugin : No plugin found (libnccl-net.so), using internal implementation
VS002:87941:87941 [0] NCCL INFO NET/IB : Using [0]mlx5_0:1/IB ; OOB ib0:10.11.0.2<0>
VS002:87941:87941 [0] NCCL INFO Using network IB
NCCL version 2.6.3+cuda10.2
VS002:87941:88734 [0] NCCL INFO Channel 00/02 :    0   3   2   6   7   4   5   1   8  11  10  14  15  12  13   9
VS002:87941:88734 [0] NCCL INFO Channel 01/02 :    0   3   2   6   7   4   5   1   8  11  10  14  15  12  13   9
VS002:87941:88734 [0] NCCL INFO threadThresholds 8/8/64 | 128/8/64 | 8/8/64
VS002:87941:88734 [0] NCCL INFO Trees [0] 1/-1/-1->0->-1|-1->0->1/-1/-1 [1] 1/-1/-1->0->9|9->0->1/-1/-1
VS002:87941:88734 [0] NCCL INFO Setting affinity for GPU 0 to 0f,ff000fff
VS002:87941:88734 [0] NCCL INFO Ring 00 : 9[1b000] -> 0[1a000] [receive] via NET/IB/0
VS002:87941:88734 [0] NCCL INFO Ring 00 : 0[1a000] -> 3[3e000] via P2P/IPC
VS002:87941:88734 [0] NCCL INFO Ring 00 : 0[1a000] -> 1[1b000] via P2P/IPC
VS002:87941:88734 [0] NCCL INFO Ring 01 : 9[1b000] -> 0[1a000] [receive] via NET/IB/0
VS002:87941:88734 [0] NCCL INFO Ring 01 : 0[1a000] -> 3[3e000] via P2P/IPC
VS002:87941:88734 [0] NCCL INFO Ring 01 : 0[1a000] -> 9[1b000] [send] via NET/IB/0
VS002:87941:88734 [0] NCCL INFO Ring 01 : 0[1a000] -> 1[1b000] via P2P/IPC
VS002:87941:88734 [0] NCCL INFO comm 0x7f1318006880 rank 0 nranks 16 cudaDev 0 busId 1a000 - Init COMPLETE
VS002:87941:87941 [0] NCCL INFO Launch mode Parallel
RUNNING EPOCHS FROM 0 TO 1
DLL 2020-09-22 15:12:11.357831 - Epoch: 0 Iteration: 1  train.loss : 7.11260  train.total_ips : 135.07 img/s
DLL 2020-09-22 15:12:12.419183 - Epoch: 0 Iteration: 2  train.loss : 6.96247  train.total_ips : 1929.63 img/s
DLL 2020-09-22 15:12:12.777633 - Epoch: 0 Iteration: 3  train.loss : 6.86695  train.total_ips : 5715.23 img/s
DLL 2020-09-22 15:12:13.132694 - Epoch: 0 Iteration: 4  train.loss : 6.81157  train.total_ips : 5769.61 img/s
DLL 2020-09-22 15:12:13.487924 - Epoch: 0 Iteration: 5  train.loss : 6.79443  train.total_ips : 5769.98 img/s
DLL 2020-09-22 15:12:13.859415 - Epoch: 0 Iteration: 6  train.loss : 6.77428  train.total_ips : 5514.82 img/s
DLL 2020-09-22 15:12:14.217154 - Epoch: 0 Iteration: 7  train.loss : 6.77552  train.total_ips : 5726.15 img/s
DLL 2020-09-22 15:12:14.598067 - Epoch: 0 Iteration: 8  train.loss : 6.77213  train.total_ips : 5377.77 img/s
DLL 2020-09-22 15:12:15.004682 - Epoch: 0 Iteration: 9  train.loss : 6.71737  train.total_ips : 5037.91 img/s
DLL 2020-09-22 15:12:15.361123 - Epoch: 0 Iteration: 10  train.loss : 6.72048  train.total_ips : 5747.09 img/s
DLL 2020-09-22 15:12:15.728110 - Epoch: 0 Iteration: 11  train.loss : 6.72852  train.total_ips : 5581.79 img/s
DLL 2020-09-22 15:12:16.090441 - Epoch: 0 Iteration: 12  train.loss : 6.71954  train.total_ips : 5653.74 img/s
DLL 2020-09-22 15:12:16.448233 - Epoch: 0 Iteration: 13  train.loss : 6.70610  train.total_ips : 5725.32 img/s
DLL 2020-09-22 15:12:16.820016 - Epoch: 0 Iteration: 14  train.loss : 6.70783  train.total_ips : 5509.83 img/s
DLL 2020-09-22 15:12:17.196547 - Epoch: 0 Iteration: 15  train.loss : 6.68390  train.total_ips : 5440.45 img/s
DLL 2020-09-22 15:12:17.565516 - Epoch: 0 Iteration: 16  train.loss : 6.67857  train.total_ips : 5551.88 img/s
DLL 2020-09-22 15:12:17.921972 - Epoch: 0 Iteration: 17  train.loss : 6.68709  train.total_ips : 5746.77 img/s
DLL 2020-09-22 15:12:18.278715 - Epoch: 0 Iteration: 18  train.loss : 6.66777  train.total_ips : 5743.30 img/s
DLL 2020-09-22 15:12:18.648401 - Epoch: 0 Iteration: 19  train.loss : 6.67882  train.total_ips : 5541.59 img/s
DLL 2020-09-22 15:12:19.036201 - Epoch: 0 Iteration: 20  train.loss : 6.67349  train.total_ips : 5284.03 img/s
DLL 2020-09-22 15:12:19.490739 - Epoch: 0 Iteration: 21  train.loss : 6.67433  train.total_ips : 4510.91 img/s
DLL 2020-09-22 15:12:19.849323 - Epoch: 0 Iteration: 22  train.loss : 6.65536  train.total_ips : 5708.75 img/s
DLL 2020-09-22 15:12:20.207544 - Epoch: 0 Iteration: 23  train.loss : 6.66898  train.total_ips : 5718.58 img/s
DLL 2020-09-22 15:12:20.564361 - Epoch: 0 Iteration: 24  train.loss : 6.66253  train.total_ips : 5740.96 img/s
DLL 2020-09-22 15:12:20.937109 - Epoch: 0 Iteration: 25  train.loss : 6.65788  train.total_ips : 5495.53 img/s
DLL 2020-09-22 15:12:21.321905 - Epoch: 0 Iteration: 26  train.loss : 6.66043  train.total_ips : 5323.43 img/s
DLL 2020-09-22 15:12:21.679245 - Epoch: 0 Iteration: 27  train.loss : 6.66482  train.total_ips : 5732.72 img/s
DLL 2020-09-22 15:12:22.044654 - Epoch: 0 Iteration: 28  train.loss : 6.65898  train.total_ips : 5605.95 img/s
DLL 2020-09-22 15:12:22.402233 - Epoch: 0 Iteration: 29  train.loss : 6.66350  train.total_ips : 5728.81 img/s
DLL 2020-09-22 15:12:22.778242 - Epoch: 0 Iteration: 30  train.loss : 6.64590  train.total_ips : 5447.95 img/s
DLL 2020-09-22 15:12:23.180604 - Epoch: 0 Iteration: 31  train.loss : 6.64449  train.total_ips : 5091.08 img/s
DLL 2020-09-22 15:12:23.536472 - Epoch: 0 Iteration: 32  train.loss : 6.65737  train.total_ips : 5756.29 img/s
DLL 2020-09-22 15:12:23.893947 - Epoch: 0 Iteration: 33  train.loss : 6.65474  train.total_ips : 5732.24 img/s
DLL 2020-09-22 15:12:24.283386 - Epoch: 0 Iteration: 34  train.loss : 6.64459  train.total_ips : 5259.99 img/s
DLL 2020-09-22 15:12:24.640286 - Epoch: 0 Iteration: 35  train.loss : 6.64672  train.total_ips : 5740.04 img/s
DLL 2020-09-22 15:12:25.039919 - Epoch: 0 Iteration: 36  train.loss : 6.65481  train.total_ips : 5127.30 img/s
DLL 2020-09-22 15:12:25.400308 - Epoch: 0 Iteration: 37  train.loss : 6.65133  train.total_ips : 5683.78 img/s
DLL 2020-09-22 15:12:25.762272 - Epoch: 0 Iteration: 38  train.loss : 6.66112  train.total_ips : 5659.08 img/s
DLL 2020-09-22 15:12:26.117891 - Epoch: 0 Iteration: 39  train.loss : 6.62782  train.total_ips : 5760.38 img/s
DLL 2020-09-22 15:12:26.513644 - Epoch: 0 Iteration: 40  train.loss : 6.64054  train.total_ips : 5176.18 img/s
DLL 2020-09-22 15:12:26.884481 - Epoch: 0 Iteration: 41  train.loss : 6.65267  train.total_ips : 5523.79 img/s
DLL 2020-09-22 15:12:27.252420 - Epoch: 0 Iteration: 42  train.loss : 6.62853  train.total_ips : 5567.34 img/s
DLL 2020-09-22 15:12:27.663278 - Epoch: 0 Iteration: 43  train.loss : 6.63910  train.total_ips : 4985.70 img/s
DLL 2020-09-22 15:12:28.029485 - Epoch: 0 Iteration: 44  train.loss : 6.65059  train.total_ips : 5593.75 img/s
DLL 2020-09-22 15:12:28.401443 - Epoch: 0 Iteration: 45  train.loss : 6.64642  train.total_ips : 5507.38 img/s
DLL 2020-09-22 15:12:28.780823 - Epoch: 0 Iteration: 46  train.loss : 6.64132  train.total_ips : 5399.39 img/s
DLL 2020-09-22 15:12:29.148235 - Epoch: 0 Iteration: 47  train.loss : 6.65748  train.total_ips : 5575.46 img/s
DLL 2020-09-22 15:12:29.505439 - Epoch: 0 Iteration: 48  train.loss : 6.63485  train.total_ips : 5734.75 img/s
DLL 2020-09-22 15:12:29.873011 - Epoch: 0 Iteration: 49  train.loss : 6.64255  train.total_ips : 5573.40 img/s
DLL 2020-09-22 15:12:30.230810 - Epoch: 0 Iteration: 50  train.loss : 6.64848  train.total_ips : 5725.79 img/s
DLL 2020-09-22 15:12:30.592443 - Epoch: 0 Iteration: 51  train.loss : 6.62684  train.total_ips : 5664.87 img/s
DLL 2020-09-22 15:12:30.966657 - Epoch: 0 Iteration: 52  train.loss : 6.66182  train.total_ips : 5475.26 img/s
DLL 2020-09-22 15:12:31.323030 - Epoch: 0 Iteration: 53  train.loss : 6.62766  train.total_ips : 5748.25 img/s
DLL 2020-09-22 15:12:31.679841 - Epoch: 0 Iteration: 54  train.loss : 6.66440  train.total_ips : 5740.99 img/s
DLL 2020-09-22 15:12:32.036351 - Epoch: 0 Iteration: 55  train.loss : 6.63987  train.total_ips : 5745.80 img/s
DLL 2020-09-22 15:12:32.393112 - Epoch: 0 Iteration: 56  train.loss : 6.62450  train.total_ips : 5741.87 img/s
DLL 2020-09-22 15:12:32.755890 - Epoch: 0 Iteration: 57  train.loss : 6.65866  train.total_ips : 5646.61 img/s
DLL 2020-09-22 15:12:33.137312 - Epoch: 0 Iteration: 58  train.loss : 6.67726  train.total_ips : 5370.49 img/s
DLL 2020-09-22 15:12:33.511673 - Epoch: 0 Iteration: 59  train.loss : 6.62955  train.total_ips : 5471.83 img/s
DLL 2020-09-22 15:12:33.869358 - Epoch: 0 Iteration: 60  train.loss : 6.63985  train.total_ips : 5727.08 img/s
DLL 2020-09-22 15:12:34.225680 - Epoch: 0 Iteration: 61  train.loss : 6.62716  train.total_ips : 5749.37 img/s
DLL 2020-09-22 15:12:34.586670 - Epoch: 0 Iteration: 62  train.loss : 6.63528  train.total_ips : 5674.54 img/s
DLL 2020-09-22 15:12:34.991276 - Epoch: 0 Iteration: 63  train.loss : 6.63540  train.total_ips : 5062.72 img/s
DLL 2020-09-22 15:12:35.366233 - Epoch: 0 Iteration: 64  train.loss : 6.63826  train.total_ips : 5463.19 img/s
DLL 2020-09-22 15:12:35.724113 - Epoch: 0 Iteration: 65  train.loss : 6.62438  train.total_ips : 5724.87 img/s
DLL 2020-09-22 15:12:36.080697 - Epoch: 0 Iteration: 66  train.loss : 6.63019  train.total_ips : 5744.93 img/s
DLL 2020-09-22 15:12:36.438056 - Epoch: 0 Iteration: 67  train.loss : 6.60874  train.total_ips : 5732.16 img/s
DLL 2020-09-22 15:12:36.818013 - Epoch: 0 Iteration: 68  train.loss : 6.62977  train.total_ips : 5391.71 img/s
DLL 2020-09-22 15:12:37.241448 - Epoch: 0 Iteration: 69  train.loss : 6.63038  train.total_ips : 4838.56 img/s
DLL 2020-09-22 15:12:37.597853 - Epoch: 0 Iteration: 70  train.loss : 6.61602  train.total_ips : 5748.98 img/s
DLL 2020-09-22 15:12:37.985498 - Epoch: 0 Iteration: 71  train.loss : 6.61962  train.total_ips : 5284.02 img/s
DLL 2020-09-22 15:12:38.347292 - Epoch: 0 Iteration: 72  train.loss : 6.59729  train.total_ips : 5661.96 img/s
DLL 2020-09-22 15:12:38.703727 - Epoch: 0 Iteration: 73  train.loss : 6.62611  train.total_ips : 5748.49 img/s
DLL 2020-09-22 15:12:39.060393 - Epoch: 0 Iteration: 74  train.loss : 6.61383  train.total_ips : 5743.22 img/s
DLL 2020-09-22 15:12:39.464320 - Epoch: 0 Iteration: 75  train.loss : 6.60158  train.total_ips : 5071.27 img/s
DLL 2020-09-22 15:12:39.889943 - Epoch: 0 Iteration: 76  train.loss : 6.61024  train.total_ips : 4812.97 img/s
DLL 2020-09-22 15:12:40.272764 - Epoch: 0 Iteration: 77  train.loss : 6.59937  train.total_ips : 5351.25 img/s
DLL 2020-09-22 15:12:40.630265 - Epoch: 0 Iteration: 78  train.loss : 6.60396  train.total_ips : 5730.52 img/s
DLL 2020-09-22 15:12:41.002656 - Epoch: 0 Iteration: 79  train.loss : 6.60041  train.total_ips : 5502.05 img/s
DLL 2020-09-22 15:12:41.371431 - Epoch: 0 Iteration: 80  train.loss : 6.59149  train.total_ips : 5554.26 img/s
DLL 2020-09-22 15:12:41.730039 - Epoch: 0 Iteration: 81  train.loss : 6.59726  train.total_ips : 5712.27 img/s
DLL 2020-09-22 15:12:42.099097 - Epoch: 0 Iteration: 82  train.loss : 6.57700  train.total_ips : 5550.60 img/s
DLL 2020-09-22 15:12:42.476359 - Epoch: 0 Iteration: 83  train.loss : 6.61831  train.total_ips : 5429.78 img/s
DLL 2020-09-22 15:12:42.841222 - Epoch: 0 Iteration: 84  train.loss : 6.60034  train.total_ips : 5614.30 img/s
DLL 2020-09-22 15:12:43.198857 - Epoch: 0 Iteration: 85  train.loss : 6.60417  train.total_ips : 5728.20 img/s
DLL 2020-09-22 15:12:43.590699 - Epoch: 0 Iteration: 86  train.loss : 6.59550  train.total_ips : 5228.07 img/s
DLL 2020-09-22 15:12:43.949054 - Epoch: 0 Iteration: 87  train.loss : 6.60190  train.total_ips : 5716.30 img/s
DLL 2020-09-22 15:12:44.311219 - Epoch: 0 Iteration: 88  train.loss : 6.58451  train.total_ips : 5656.18 img/s
DLL 2020-09-22 15:12:44.689994 - Epoch: 0 Iteration: 89  train.loss : 6.59188  train.total_ips : 5408.21 img/s
DLL 2020-09-22 15:12:45.089076 - Epoch: 0 Iteration: 90  train.loss : 6.57532  train.total_ips : 5133.06 img/s
DLL 2020-09-22 15:12:45.447099 - Epoch: 0 Iteration: 91  train.loss : 6.60302  train.total_ips : 5721.69 img/s
DLL 2020-09-22 15:12:45.806367 - Epoch: 0 Iteration: 92  train.loss : 6.57457  train.total_ips : 5703.15 img/s
DLL 2020-09-22 15:12:46.222511 - Epoch: 0 Iteration: 93  train.loss : 6.56539  train.total_ips : 4922.21 img/s
DLL 2020-09-22 15:12:46.589204 - Epoch: 0 Iteration: 94  train.loss : 6.59302  train.total_ips : 5586.59 img/s
DLL 2020-09-22 15:12:46.983755 - Epoch: 0 Iteration: 95  train.loss : 6.56671  train.total_ips : 5191.64 img/s
DLL 2020-09-22 15:12:47.376422 - Epoch: 0 Iteration: 96  train.loss : 6.57559  train.total_ips : 5217.02 img/s
DLL 2020-09-22 15:12:47.809890 - Epoch: 0 Iteration: 97  train.loss : 6.57262  train.total_ips : 4725.63 img/s
DLL 2020-09-22 15:12:48.166713 - Epoch: 0 Iteration: 98  train.loss : 6.57372  train.total_ips : 5741.00 img/s
DLL 2020-09-22 15:12:48.525350 - Epoch: 0 Iteration: 99  train.loss : 6.57346  train.total_ips : 5711.92 img/s
DLL 2020-09-22 15:12:48.888264 - Epoch: 0 Iteration: 100  train.loss : 6.57802  train.total_ips : 5644.41 img/s
DLL 2020-09-22 15:12:49.264168 - Epoch: 0 Iteration: 101  train.loss : 6.58303  train.total_ips : 5449.40 img/s
DLL 2020-09-22 15:12:49.622088 - Epoch: 0 Iteration: 102  train.loss : 6.57524  train.total_ips : 5724.35 img/s
DLL 2020-09-22 15:12:49.992773 - Epoch: 0 Iteration: 103  train.loss : 6.55043  train.total_ips : 5526.15 img/s
DLL 2020-09-22 15:12:50.380949 - Epoch: 0 Iteration: 104  train.loss : 6.57456  train.total_ips : 5277.04 img/s
DLL 2020-09-22 15:12:50.746033 - Epoch: 0 Iteration: 105  train.loss : 6.57006  train.total_ips : 5611.00 img/s
DLL 2020-09-22 15:12:51.144817 - Epoch: 0 Iteration: 106  train.loss : 6.60835  train.total_ips : 5136.59 img/s
DLL 2020-09-22 15:12:51.530822 - Epoch: 0 Iteration: 107  train.loss : 6.55809  train.total_ips : 5306.77 img/s
DLL 2020-09-22 15:12:51.907398 - Epoch: 0 Iteration: 108  train.loss : 6.58625  train.total_ips : 5439.69 img/s
DLL 2020-09-22 15:12:52.283365 - Epoch: 0 Iteration: 109  train.loss : 6.55197  train.total_ips : 5448.72 img/s
DLL 2020-09-22 15:12:52.640545 - Epoch: 0 Iteration: 110  train.loss : 6.54499  train.total_ips : 5735.07 img/s
DLL 2020-09-22 15:12:52.997790 - Epoch: 0 Iteration: 111  train.loss : 6.55622  train.total_ips : 5734.08 img/s
DLL 2020-09-22 15:12:53.354988 - Epoch: 0 Iteration: 112  train.loss : 6.56895  train.total_ips : 5734.84 img/s
DLL 2020-09-22 15:12:53.711856 - Epoch: 0 Iteration: 113  train.loss : 6.55286  train.total_ips : 5740.20 img/s
DLL 2020-09-22 15:12:54.068505 - Epoch: 0 Iteration: 114  train.loss : 6.54840  train.total_ips : 5743.84 img/s
DLL 2020-09-22 15:12:54.427198 - Epoch: 0 Iteration: 115  train.loss : 6.55355  train.total_ips : 5710.97 img/s
DLL 2020-09-22 15:12:54.811429 - Epoch: 0 Iteration: 116  train.loss : 6.52720  train.total_ips : 5331.32 img/s
DLL 2020-09-22 15:12:55.204428 - Epoch: 0 Iteration: 117  train.loss : 6.54594  train.total_ips : 5212.55 img/s
DLL 2020-09-22 15:12:55.562357 - Epoch: 0 Iteration: 118  train.loss : 6.54307  train.total_ips : 5723.07 img/s
DLL 2020-09-22 15:12:55.950764 - Epoch: 0 Iteration: 119  train.loss : 6.54864  train.total_ips : 5274.01 img/s
DLL 2020-09-22 15:12:56.324963 - Epoch: 0 Iteration: 120  train.loss : 6.53686  train.total_ips : 5474.24 img/s
DLL 2020-09-22 15:12:56.682259 - Epoch: 0 Iteration: 121  train.loss : 6.54123  train.total_ips : 5733.35 img/s
DLL 2020-09-22 15:12:57.042509 - Epoch: 0 Iteration: 122  train.loss : 6.53014  train.total_ips : 5686.15 img/s
DLL 2020-09-22 15:12:57.433023 - Epoch: 0 Iteration: 123  train.loss : 6.51792  train.total_ips : 5245.73 img/s
DLL 2020-09-22 15:12:57.791860 - Epoch: 0 Iteration: 124  train.loss : 6.53544  train.total_ips : 5708.38 img/s
DLL 2020-09-22 15:12:58.158163 - Epoch: 0 Iteration: 125  train.loss : 6.51414  train.total_ips : 5592.31 img/s
DLL 2020-09-22 15:12:58.516484 - Epoch: 0 Iteration: 126  train.loss : 6.53899  train.total_ips : 5716.97 img/s
DLL 2020-09-22 15:12:58.889186 - Epoch: 0 Iteration: 127  train.loss : 6.53582  train.total_ips : 5496.43 img/s
DLL 2020-09-22 15:12:59.248075 - Epoch: 0 Iteration: 128  train.loss : 6.52679  train.total_ips : 5708.16 img/s
DLL 2020-09-22 15:12:59.609322 - Epoch: 0 Iteration: 129  train.loss : 6.52069  train.total_ips : 5670.53 img/s
DLL 2020-09-22 15:12:59.967641 - Epoch: 0 Iteration: 130  train.loss : 6.51397  train.total_ips : 5717.00 img/s
DLL 2020-09-22 15:13:00.334245 - Epoch: 0 Iteration: 131  train.loss : 6.52387  train.total_ips : 5587.99 img/s
DLL 2020-09-22 15:13:00.691751 - Epoch: 0 Iteration: 132  train.loss : 6.52278  train.total_ips : 5729.70 img/s
DLL 2020-09-22 15:13:01.078424 - Epoch: 0 Iteration: 133  train.loss : 6.52256  train.total_ips : 5298.40 img/s
DLL 2020-09-22 15:13:01.483731 - Epoch: 0 Iteration: 134  train.loss : 6.52161  train.total_ips : 5053.76 img/s
DLL 2020-09-22 15:13:01.845159 - Epoch: 0 Iteration: 135  train.loss : 6.51496  train.total_ips : 5667.72 img/s
DLL 2020-09-22 15:13:02.202842 - Epoch: 0 Iteration: 136  train.loss : 6.51248  train.total_ips : 5727.06 img/s
DLL 2020-09-22 15:13:02.560914 - Epoch: 0 Iteration: 137  train.loss : 6.51515  train.total_ips : 5720.78 img/s
DLL 2020-09-22 15:13:02.928637 - Epoch: 0 Iteration: 138  train.loss : 6.51898  train.total_ips : 5570.62 img/s
DLL 2020-09-22 15:13:03.340076 - Epoch: 0 Iteration: 139  train.loss : 6.49616  train.total_ips : 4978.66 img/s
DLL 2020-09-22 15:13:03.733693 - Epoch: 0 Iteration: 140  train.loss : 6.52320  train.total_ips : 5204.15 img/s
DLL 2020-09-22 15:13:04.091647 - Epoch: 0 Iteration: 141  train.loss : 6.51418  train.total_ips : 5722.85 img/s
DLL 2020-09-22 15:13:04.449820 - Epoch: 0 Iteration: 142  train.loss : 6.48881  train.total_ips : 5720.64 img/s
DLL 2020-09-22 15:13:04.816915 - Epoch: 0 Iteration: 143  train.loss : 6.47802  train.total_ips : 5580.15 img/s
DLL 2020-09-22 15:13:05.202995 - Epoch: 0 Iteration: 144  train.loss : 6.50549  train.total_ips : 5306.15 img/s
DLL 2020-09-22 15:13:05.577173 - Epoch: 0 Iteration: 145  train.loss : 6.46518  train.total_ips : 5474.55 img/s
DLL 2020-09-22 15:13:05.934892 - Epoch: 0 Iteration: 146  train.loss : 6.47199  train.total_ips : 5726.71 img/s
DLL 2020-09-22 15:13:06.318312 - Epoch: 0 Iteration: 147  train.loss : 6.47240  train.total_ips : 5342.53 img/s
DLL 2020-09-22 15:13:06.674786 - Epoch: 0 Iteration: 148  train.loss : 6.48218  train.total_ips : 5746.67 img/s
DLL 2020-09-22 15:13:07.065921 - Epoch: 0 Iteration: 149  train.loss : 6.45191  train.total_ips : 5237.38 img/s
DLL 2020-09-22 15:13:07.438857 - Epoch: 0  train.loss : 6.61155  train.total_ips : 5463.03 img/s
DLL 2020-09-22 15:13:07.439022 - Epoch: 0  lr : 0.128  train.compute_ips : 5481.31 img/s train.data_time : 0.00128 s train.compute_time : 0.47358 s
DLL 2020-09-22 15:13:07.439149 - Summary: train.loss : 6.61155  train.total_ips : 5463.03 img/s
DLL 2020-09-22 15:13:07.439205 - Summary: lr : 0.128  train.compute_ips : 5481.31 img/s train.data_time : 0.00128 s train.compute_time : 0.47358 s
Experiment ended
['/opt/conda/bin/python', '-u', '/workspace/rn50/main.py', '--data-backend', 'dali-cpu', '--raport-file', '/workspace/rn50/raport.json', '-j8', '-p', '1', '--lr', '1.024', '--optimizer-batch-size', '-1', '--warmup', '8', '--arch', 'resnet50', '-c', 'fanin', '--label-smoothing', '0.1', '--lr-schedule', 'cosine', '--mom', '0.125', '--wd', '3.0517578125e-05', '--workspace', '/workspace/rn50', '-b', '128', '--epochs', '1', '--prof', '150', '--training-only', '--no-checkpoints', '/data/image']
['/opt/conda/bin/python', '-u', '/workspace/rn50/main.py', '--data-backend', 'dali-cpu', '--raport-file', '/workspace/rn50/raport.json', '-j8', '-p', '1', '--lr', '1.024', '--optimizer-batch-size', '-1', '--warmup', '8', '--arch', 'resnet50', '-c', 'fanin', '--label-smoothing', '0.1', '--lr-schedule', 'cosine', '--mom', '0.125', '--wd', '3.0517578125e-05', '--workspace', '/workspace/rn50', '-b', '128', '--epochs', '1', '--prof', '150', '--training-only', '--no-checkpoints', '/data/image']
['/opt/conda/bin/python', '-u', '/workspace/rn50/main.py', '--data-backend', 'dali-cpu', '--raport-file', '/workspace/rn50/raport.json', '-j8', '-p', '1', '--lr', '1.024', '--optimizer-batch-size', '-1', '--warmup', '8', '--arch', 'resnet50', '-c', 'fanin', '--label-smoothing', '0.1', '--lr-schedule', 'cosine', '--mom', '0.125', '--wd', '3.0517578125e-05', '--workspace', '/workspace/rn50', '-b', '128', '--epochs', '1', '--prof', '150', '--training-only', '--no-checkpoints', '/data/image']
['/opt/conda/bin/python', '-u', '/workspace/rn50/main.py', '--data-backend', 'dali-cpu', '--raport-file', '/workspace/rn50/raport.json', '-j8', '-p', '1', '--lr', '1.024', '--optimizer-batch-size', '-1', '--warmup', '8', '--arch', 'resnet50', '-c', 'fanin', '--label-smoothing', '0.1', '--lr-schedule', 'cosine', '--mom', '0.125', '--wd', '3.0517578125e-05', '--workspace', '/workspace/rn50', '-b', '128', '--epochs', '1', '--prof', '150', '--training-only', '--no-checkpoints', '/data/image']
['/opt/conda/bin/python', '-u', '/workspace/rn50/main.py', '--data-backend', 'dali-cpu', '--raport-file', '/workspace/rn50/raport.json', '-j8', '-p', '1', '--lr', '1.024', '--optimizer-batch-size', '-1', '--warmup', '8', '--arch', 'resnet50', '-c', 'fanin', '--label-smoothing', '0.1', '--lr-schedule', 'cosine', '--mom', '0.125', '--wd', '3.0517578125e-05', '--workspace', '/workspace/rn50', '-b', '128', '--epochs', '1', '--prof', '150', '--training-only', '--no-checkpoints', '/data/image']
['/opt/conda/bin/python', '-u', '/workspace/rn50/main.py', '--data-backend', 'dali-cpu', '--raport-file', '/workspace/rn50/raport.json', '-j8', '-p', '1', '--lr', '1.024', '--optimizer-batch-size', '-1', '--warmup', '8', '--arch', 'resnet50', '-c', 'fanin', '--label-smoothing', '0.1', '--lr-schedule', 'cosine', '--mom', '0.125', '--wd', '3.0517578125e-05', '--workspace', '/workspace/rn50', '-b', '128', '--epochs', '1', '--prof', '150', '--training-only', '--no-checkpoints', '/data/image']
['/opt/conda/bin/python', '-u', '/workspace/rn50/main.py', '--data-backend', 'dali-cpu', '--raport-file', '/workspace/rn50/raport.json', '-j8', '-p', '1', '--lr', '1.024', '--optimizer-batch-size', '-1', '--warmup', '8', '--arch', 'resnet50', '-c', 'fanin', '--label-smoothing', '0.1', '--lr-schedule', 'cosine', '--mom', '0.125', '--wd', '3.0517578125e-05', '--workspace', '/workspace/rn50', '-b', '128', '--epochs', '1', '--prof', '150', '--training-only', '--no-checkpoints', '/data/image']
['/opt/conda/bin/python', '-u', '/workspace/rn50/main.py', '--data-backend', 'dali-cpu', '--raport-file', '/workspace/rn50/raport.json', '-j8', '-p', '1', '--lr', '1.024', '--optimizer-batch-size', '-1', '--warmup', '8', '--arch', 'resnet50', '-c', 'fanin', '--label-smoothing', '0.1', '--lr-schedule', 'cosine', '--mom', '0.125', '--wd', '3.0517578125e-05', '--workspace', '/workspace/rn50', '-b', '128', '--epochs', '1', '--prof', '150', '--training-only', '--no-checkpoints', '/data/image']
