+ python /workspace/rn50/multiproc.py --nnodes 2 --node_rank 0 --nproc_per_node 8 --master_addr 10.11.0.2 --master_port=22333 /workspace/rn50/main.py --data-backend dali-cpu --raport-file /workspace/rn50/raport.json -j8 -p 1 --lr 1.024 --optimizer-batch-size -1 --warmup 8 --arch resnet50 -c fanin --label-smoothing 0.1 --lr-schedule cosine --mom 0.125 --wd 3.0517578125e-05 --workspace /workspace/rn50 -b 128 --epochs 1 --prof 150 --training-only --no-checkpoints /data/image
=> creating model '('resnet50', 'fanin', 1000)'
Version: {'net': <class 'image_classification.resnet.ResNet'>, 'block': <class 'image_classification.resnet.Bottleneck'>, 'layers': [3, 4, 6, 3], 'widths': [64, 128, 256, 512], 'expansion': 4}
Config: {'conv': <class 'torch.nn.modules.conv.Conv2d'>, 'conv_init': 'fan_in', 'nonlinearity': 'relu', 'last_bn_0_init': False, 'activation': <function <lambda> at 0x7f4fe184b9d8>}
Num classes: 1000
i'm distributed in dali~~~~~~~~~~~~~~~~~
rank in dali:  0
world_size in dali:  16
read 886372 files from 698 directories
read 50000 files from 1000 directories
DLL 2020-09-22 15:13:49.131802 - PARAMETER data : /data/image  data_backend : dali-cpu  arch : resnet50  model_config : fanin  num_classes : 1000  workers : 8  epochs : 1  run_epochs : -1  batch_size : 128  optimizer_batch_size : -1  lr : 1.024  lr_schedule : cosine  warmup : 8  label_smoothing : 0.1  mixup : 0.0  momentum : 0.125  weight_decay : 3.0517578125e-05  bn_weight_decay : False  nesterov : False  print_freq : 1  resume : None  pretrained_weights :   fp16 : False  static_loss_scale : 1  dynamic_loss_scale : False  prof : 150  amp : False  seed : None  gather_checkpoints : False  raport_file : /workspace/rn50/raport.json  evaluate : False  training_only : True  save_checkpoints : False  checkpoint_filename : checkpoint.pth.tar  workspace : /workspace/rn50  memory_format : nchw  distributed : True  local_rank : 0  gpu : 8  world_size : 16 
 ! Weight decay NOT applied to BN parameters 
98
63
VS002:89287:89287 [0] NCCL INFO Bootstrap : Using [0]ib0:10.11.0.2<0>
VS002:89287:89287 [0] NCCL INFO NET/Plugin : No plugin found (libnccl-net.so), using internal implementation
VS002:89287:89287 [0] NCCL INFO NET/IB : Using [0]mlx5_0:1/IB ; OOB ib0:10.11.0.2<0>
VS002:89287:89287 [0] NCCL INFO Using network IB
NCCL version 2.6.3+cuda10.2
VS002:89287:90087 [0] NCCL INFO Channel 00/02 :    0   3   2   6   7   4   5   1   8  11  10  14  15  12  13   9
VS002:89287:90087 [0] NCCL INFO Channel 01/02 :    0   3   2   6   7   4   5   1   8  11  10  14  15  12  13   9
VS002:89287:90087 [0] NCCL INFO threadThresholds 8/8/64 | 128/8/64 | 8/8/64
VS002:89287:90087 [0] NCCL INFO Trees [0] 1/-1/-1->0->-1|-1->0->1/-1/-1 [1] 1/-1/-1->0->9|9->0->1/-1/-1
VS002:89287:90087 [0] NCCL INFO Setting affinity for GPU 0 to 0f,ff000fff
VS002:89287:90087 [0] NCCL INFO Ring 00 : 9[1b000] -> 0[1a000] [receive] via NET/IB/0
VS002:89287:90087 [0] NCCL INFO Ring 00 : 0[1a000] -> 3[3e000] via P2P/IPC
VS002:89287:90087 [0] NCCL INFO Ring 00 : 0[1a000] -> 1[1b000] via P2P/IPC
VS002:89287:90087 [0] NCCL INFO Ring 01 : 9[1b000] -> 0[1a000] [receive] via NET/IB/0
VS002:89287:90087 [0] NCCL INFO Ring 01 : 0[1a000] -> 3[3e000] via P2P/IPC
VS002:89287:90087 [0] NCCL INFO Ring 01 : 0[1a000] -> 9[1b000] [send] via NET/IB/0
VS002:89287:90087 [0] NCCL INFO Ring 01 : 0[1a000] -> 1[1b000] via P2P/IPC
VS002:89287:90087 [0] NCCL INFO comm 0x7f4e5c006880 rank 0 nranks 16 cudaDev 0 busId 1a000 - Init COMPLETE
VS002:89287:89287 [0] NCCL INFO Launch mode Parallel
RUNNING EPOCHS FROM 0 TO 1
DLL 2020-09-22 15:14:07.024487 - Epoch: 0 Iteration: 1  train.loss : 7.08916  train.total_ips : 138.64 img/s
DLL 2020-09-22 15:14:08.045637 - Epoch: 0 Iteration: 2  train.loss : 6.94421  train.total_ips : 2005.65 img/s
DLL 2020-09-22 15:14:08.400534 - Epoch: 0 Iteration: 3  train.loss : 6.88948  train.total_ips : 5772.26 img/s
DLL 2020-09-22 15:14:08.756589 - Epoch: 0 Iteration: 4  train.loss : 6.83032  train.total_ips : 5753.76 img/s
DLL 2020-09-22 15:14:09.112479 - Epoch: 0 Iteration: 5  train.loss : 6.79109  train.total_ips : 5756.16 img/s
DLL 2020-09-22 15:14:09.483997 - Epoch: 0 Iteration: 6  train.loss : 6.76751  train.total_ips : 5514.36 img/s
DLL 2020-09-22 15:14:09.862988 - Epoch: 0 Iteration: 7  train.loss : 6.76568  train.total_ips : 5405.93 img/s
DLL 2020-09-22 15:14:10.253963 - Epoch: 0 Iteration: 8  train.loss : 6.76082  train.total_ips : 5240.00 img/s
DLL 2020-09-22 15:14:10.617020 - Epoch: 0 Iteration: 9  train.loss : 6.71398  train.total_ips : 5643.89 img/s
DLL 2020-09-22 15:14:11.008769 - Epoch: 0 Iteration: 10  train.loss : 6.71857  train.total_ips : 5230.76 img/s
DLL 2020-09-22 15:14:11.409841 - Epoch: 0 Iteration: 11  train.loss : 6.71634  train.total_ips : 5107.76 img/s
DLL 2020-09-22 15:14:11.767361 - Epoch: 0 Iteration: 12  train.loss : 6.70052  train.total_ips : 5731.46 img/s
DLL 2020-09-22 15:14:12.138971 - Epoch: 0 Iteration: 13  train.loss : 6.69247  train.total_ips : 5511.80 img/s
DLL 2020-09-22 15:14:12.495166 - Epoch: 0 Iteration: 14  train.loss : 6.69924  train.total_ips : 5752.27 img/s
DLL 2020-09-22 15:14:12.902059 - Epoch: 0 Iteration: 15  train.loss : 6.67603  train.total_ips : 5034.41 img/s
DLL 2020-09-22 15:14:13.258852 - Epoch: 0 Iteration: 16  train.loss : 6.67637  train.total_ips : 5741.39 img/s
DLL 2020-09-22 15:14:13.614950 - Epoch: 0 Iteration: 17  train.loss : 6.69742  train.total_ips : 5753.09 img/s
DLL 2020-09-22 15:14:13.989055 - Epoch: 0 Iteration: 18  train.loss : 6.66035  train.total_ips : 5476.27 img/s
DLL 2020-09-22 15:14:14.389986 - Epoch: 0 Iteration: 19  train.loss : 6.67413  train.total_ips : 5109.32 img/s
DLL 2020-09-22 15:14:14.746422 - Epoch: 0 Iteration: 20  train.loss : 6.67047  train.total_ips : 5746.80 img/s
DLL 2020-09-22 15:14:15.131202 - Epoch: 0 Iteration: 21  train.loss : 6.67045  train.total_ips : 5323.65 img/s
DLL 2020-09-22 15:14:15.525323 - Epoch: 0 Iteration: 22  train.loss : 6.65211  train.total_ips : 5197.57 img/s
DLL 2020-09-22 15:14:15.883843 - Epoch: 0 Iteration: 23  train.loss : 6.65999  train.total_ips : 5715.84 img/s
DLL 2020-09-22 15:14:16.275152 - Epoch: 0 Iteration: 24  train.loss : 6.65385  train.total_ips : 5234.72 img/s
DLL 2020-09-22 15:14:16.648140 - Epoch: 0 Iteration: 25  train.loss : 6.65763  train.total_ips : 5492.19 img/s
DLL 2020-09-22 15:14:17.036092 - Epoch: 0 Iteration: 26  train.loss : 6.66088  train.total_ips : 5280.32 img/s
DLL 2020-09-22 15:14:17.441524 - Epoch: 0 Iteration: 27  train.loss : 6.65110  train.total_ips : 5053.59 img/s
DLL 2020-09-22 15:14:17.825523 - Epoch: 0 Iteration: 28  train.loss : 6.65708  train.total_ips : 5334.08 img/s
DLL 2020-09-22 15:14:18.227935 - Epoch: 0 Iteration: 29  train.loss : 6.65730  train.total_ips : 5091.19 img/s
DLL 2020-09-22 15:14:18.611708 - Epoch: 0 Iteration: 30  train.loss : 6.65361  train.total_ips : 5337.61 img/s
DLL 2020-09-22 15:14:19.019139 - Epoch: 0 Iteration: 31  train.loss : 6.64420  train.total_ips : 5027.70 img/s
DLL 2020-09-22 15:14:19.399023 - Epoch: 0 Iteration: 32  train.loss : 6.65342  train.total_ips : 5392.65 img/s
DLL 2020-09-22 15:14:19.819442 - Epoch: 0 Iteration: 33  train.loss : 6.66024  train.total_ips : 4872.77 img/s
DLL 2020-09-22 15:14:20.182384 - Epoch: 0 Iteration: 34  train.loss : 6.66174  train.total_ips : 5644.66 img/s
DLL 2020-09-22 15:14:20.547060 - Epoch: 0 Iteration: 35  train.loss : 6.64735  train.total_ips : 5617.02 img/s
DLL 2020-09-22 15:14:20.913324 - Epoch: 0 Iteration: 36  train.loss : 6.65121  train.total_ips : 5592.97 img/s
DLL 2020-09-22 15:14:21.281416 - Epoch: 0 Iteration: 37  train.loss : 6.64779  train.total_ips : 5565.49 img/s
DLL 2020-09-22 15:14:21.639947 - Epoch: 0 Iteration: 38  train.loss : 6.65435  train.total_ips : 5714.58 img/s
DLL 2020-09-22 15:14:21.997468 - Epoch: 0 Iteration: 39  train.loss : 6.61327  train.total_ips : 5729.24 img/s
DLL 2020-09-22 15:14:22.353675 - Epoch: 0 Iteration: 40  train.loss : 6.63034  train.total_ips : 5750.96 img/s
DLL 2020-09-22 15:14:22.716297 - Epoch: 0 Iteration: 41  train.loss : 6.64447  train.total_ips : 5649.35 img/s
DLL 2020-09-22 15:14:23.096325 - Epoch: 0 Iteration: 42  train.loss : 6.61303  train.total_ips : 5390.63 img/s
DLL 2020-09-22 15:14:23.477505 - Epoch: 0 Iteration: 43  train.loss : 6.63673  train.total_ips : 5374.02 img/s
DLL 2020-09-22 15:14:23.837657 - Epoch: 0 Iteration: 44  train.loss : 6.64000  train.total_ips : 5688.06 img/s
DLL 2020-09-22 15:14:24.210664 - Epoch: 0 Iteration: 45  train.loss : 6.64505  train.total_ips : 5491.77 img/s
DLL 2020-09-22 15:14:24.581727 - Epoch: 0 Iteration: 46  train.loss : 6.64412  train.total_ips : 5521.80 img/s
DLL 2020-09-22 15:14:24.940723 - Epoch: 0 Iteration: 47  train.loss : 6.65717  train.total_ips : 5706.17 img/s
DLL 2020-09-22 15:14:25.325063 - Epoch: 0 Iteration: 48  train.loss : 6.64841  train.total_ips : 5330.02 img/s
DLL 2020-09-22 15:14:25.691324 - Epoch: 0 Iteration: 49  train.loss : 6.64081  train.total_ips : 5593.30 img/s
DLL 2020-09-22 15:14:26.072337 - Epoch: 0 Iteration: 50  train.loss : 6.63655  train.total_ips : 5376.89 img/s
DLL 2020-09-22 15:14:26.429634 - Epoch: 0 Iteration: 51  train.loss : 6.62116  train.total_ips : 5733.96 img/s
DLL 2020-09-22 15:14:26.815118 - Epoch: 0 Iteration: 52  train.loss : 6.65243  train.total_ips : 5315.26 img/s
DLL 2020-09-22 15:14:27.226027 - Epoch: 0 Iteration: 53  train.loss : 6.62946  train.total_ips : 4984.93 img/s
DLL 2020-09-22 15:14:27.582341 - Epoch: 0 Iteration: 54  train.loss : 6.65324  train.total_ips : 5749.19 img/s
DLL 2020-09-22 15:14:27.991060 - Epoch: 0 Iteration: 55  train.loss : 6.63114  train.total_ips : 5012.45 img/s
DLL 2020-09-22 15:14:28.362347 - Epoch: 0 Iteration: 56  train.loss : 6.62532  train.total_ips : 5517.51 img/s
DLL 2020-09-22 15:14:28.719021 - Epoch: 0 Iteration: 57  train.loss : 6.63309  train.total_ips : 5744.19 img/s
DLL 2020-09-22 15:14:29.130228 - Epoch: 0 Iteration: 58  train.loss : 6.66178  train.total_ips : 4981.79 img/s
DLL 2020-09-22 15:14:29.490189 - Epoch: 0 Iteration: 59  train.loss : 6.62280  train.total_ips : 5691.25 img/s
DLL 2020-09-22 15:14:29.846796 - Epoch: 0 Iteration: 60  train.loss : 6.62677  train.total_ips : 5744.36 img/s
DLL 2020-09-22 15:14:30.203873 - Epoch: 0 Iteration: 61  train.loss : 6.62130  train.total_ips : 5737.01 img/s
DLL 2020-09-22 15:14:30.583682 - Epoch: 0 Iteration: 62  train.loss : 6.62581  train.total_ips : 5393.60 img/s
DLL 2020-09-22 15:14:30.955027 - Epoch: 0 Iteration: 63  train.loss : 6.62655  train.total_ips : 5516.71 img/s
DLL 2020-09-22 15:14:31.312027 - Epoch: 0 Iteration: 64  train.loss : 6.61901  train.total_ips : 5738.82 img/s
DLL 2020-09-22 15:14:31.719378 - Epoch: 0 Iteration: 65  train.loss : 6.62082  train.total_ips : 5028.44 img/s
DLL 2020-09-22 15:14:32.081493 - Epoch: 0 Iteration: 66  train.loss : 6.61262  train.total_ips : 5657.61 img/s
DLL 2020-09-22 15:14:32.456783 - Epoch: 0 Iteration: 67  train.loss : 6.61045  train.total_ips : 5458.12 img/s
DLL 2020-09-22 15:14:32.814535 - Epoch: 0 Iteration: 68  train.loss : 6.61217  train.total_ips : 5726.91 img/s
DLL 2020-09-22 15:14:33.187162 - Epoch: 0 Iteration: 69  train.loss : 6.62173  train.total_ips : 5497.40 img/s
DLL 2020-09-22 15:14:33.545608 - Epoch: 0 Iteration: 70  train.loss : 6.60641  train.total_ips : 5714.99 img/s
DLL 2020-09-22 15:14:33.917990 - Epoch: 0 Iteration: 71  train.loss : 6.60769  train.total_ips : 5501.04 img/s
DLL 2020-09-22 15:14:34.275810 - Epoch: 0 Iteration: 72  train.loss : 6.59896  train.total_ips : 5724.93 img/s
DLL 2020-09-22 15:14:34.634555 - Epoch: 0 Iteration: 73  train.loss : 6.60714  train.total_ips : 5710.55 img/s
DLL 2020-09-22 15:14:34.992876 - Epoch: 0 Iteration: 74  train.loss : 6.61304  train.total_ips : 5717.68 img/s
DLL 2020-09-22 15:14:35.349759 - Epoch: 0 Iteration: 75  train.loss : 6.59732  train.total_ips : 5740.34 img/s
DLL 2020-09-22 15:14:35.744003 - Epoch: 0 Iteration: 76  train.loss : 6.60421  train.total_ips : 5196.74 img/s
DLL 2020-09-22 15:14:36.123028 - Epoch: 0 Iteration: 77  train.loss : 6.59582  train.total_ips : 5404.42 img/s
DLL 2020-09-22 15:14:36.480726 - Epoch: 0 Iteration: 78  train.loss : 6.59006  train.total_ips : 5727.10 img/s
DLL 2020-09-22 15:14:36.861590 - Epoch: 0 Iteration: 79  train.loss : 6.58985  train.total_ips : 5378.38 img/s
DLL 2020-09-22 15:14:37.235549 - Epoch: 0 Iteration: 80  train.loss : 6.59350  train.total_ips : 5477.95 img/s
DLL 2020-09-22 15:14:37.596469 - Epoch: 0 Iteration: 81  train.loss : 6.58580  train.total_ips : 5676.02 img/s
DLL 2020-09-22 15:14:37.971238 - Epoch: 0 Iteration: 82  train.loss : 6.56860  train.total_ips : 5466.09 img/s
DLL 2020-09-22 15:14:38.347726 - Epoch: 0 Iteration: 83  train.loss : 6.60461  train.total_ips : 5441.90 img/s
DLL 2020-09-22 15:14:38.707660 - Epoch: 0 Iteration: 84  train.loss : 6.59383  train.total_ips : 5691.30 img/s
DLL 2020-09-22 15:14:39.075327 - Epoch: 0 Iteration: 85  train.loss : 6.59919  train.total_ips : 5571.29 img/s
DLL 2020-09-22 15:14:39.433080 - Epoch: 0 Iteration: 86  train.loss : 6.58595  train.total_ips : 5726.05 img/s
DLL 2020-09-22 15:14:39.811562 - Epoch: 0 Iteration: 87  train.loss : 6.60302  train.total_ips : 5412.24 img/s
DLL 2020-09-22 15:14:40.168881 - Epoch: 0 Iteration: 88  train.loss : 6.58596  train.total_ips : 5733.04 img/s
DLL 2020-09-22 15:14:40.590647 - Epoch: 0 Iteration: 89  train.loss : 6.58371  train.total_ips : 4856.79 img/s
DLL 2020-09-22 15:14:40.974637 - Epoch: 0 Iteration: 90  train.loss : 6.56935  train.total_ips : 5334.70 img/s
DLL 2020-09-22 15:14:41.348846 - Epoch: 0 Iteration: 91  train.loss : 6.58479  train.total_ips : 5473.98 img/s
DLL 2020-09-22 15:14:41.731195 - Epoch: 0 Iteration: 92  train.loss : 6.55983  train.total_ips : 5357.74 img/s
DLL 2020-09-22 15:14:42.088837 - Epoch: 0 Iteration: 93  train.loss : 6.57035  train.total_ips : 5727.86 img/s
DLL 2020-09-22 15:14:42.464248 - Epoch: 0 Iteration: 94  train.loss : 6.58353  train.total_ips : 5456.62 img/s
DLL 2020-09-22 15:14:42.852510 - Epoch: 0 Iteration: 95  train.loss : 6.55981  train.total_ips : 5276.55 img/s
DLL 2020-09-22 15:14:43.209320 - Epoch: 0 Iteration: 96  train.loss : 6.56526  train.total_ips : 5741.22 img/s
DLL 2020-09-22 15:14:43.566348 - Epoch: 0 Iteration: 97  train.loss : 6.55190  train.total_ips : 5737.46 img/s
DLL 2020-09-22 15:14:43.923716 - Epoch: 0 Iteration: 98  train.loss : 6.56239  train.total_ips : 5732.19 img/s
DLL 2020-09-22 15:14:44.281767 - Epoch: 0 Iteration: 99  train.loss : 6.55778  train.total_ips : 5721.47 img/s
DLL 2020-09-22 15:14:44.640068 - Epoch: 0 Iteration: 100  train.loss : 6.56382  train.total_ips : 5717.35 img/s
DLL 2020-09-22 15:14:45.003561 - Epoch: 0 Iteration: 101  train.loss : 6.56813  train.total_ips : 5636.72 img/s
DLL 2020-09-22 15:14:45.361072 - Epoch: 0 Iteration: 102  train.loss : 6.56593  train.total_ips : 5730.19 img/s
DLL 2020-09-22 15:14:45.737590 - Epoch: 0 Iteration: 103  train.loss : 6.53256  train.total_ips : 5440.31 img/s
DLL 2020-09-22 15:14:46.098005 - Epoch: 0 Iteration: 104  train.loss : 6.55855  train.total_ips : 5683.68 img/s
DLL 2020-09-22 15:14:46.457355 - Epoch: 0 Iteration: 105  train.loss : 6.55652  train.total_ips : 5702.07 img/s
DLL 2020-09-22 15:14:46.829920 - Epoch: 0 Iteration: 106  train.loss : 6.57616  train.total_ips : 5498.02 img/s
DLL 2020-09-22 15:14:47.187962 - Epoch: 0 Iteration: 107  train.loss : 6.53544  train.total_ips : 5721.53 img/s
DLL 2020-09-22 15:14:47.550632 - Epoch: 0 Iteration: 108  train.loss : 6.57226  train.total_ips : 5648.80 img/s
DLL 2020-09-22 15:14:47.909770 - Epoch: 0 Iteration: 109  train.loss : 6.52825  train.total_ips : 5704.73 img/s
DLL 2020-09-22 15:14:48.300137 - Epoch: 0 Iteration: 110  train.loss : 6.52178  train.total_ips : 5247.66 img/s
DLL 2020-09-22 15:14:48.657905 - Epoch: 0 Iteration: 111  train.loss : 6.54293  train.total_ips : 5725.57 img/s
DLL 2020-09-22 15:14:49.016284 - Epoch: 0 Iteration: 112  train.loss : 6.54726  train.total_ips : 5715.99 img/s
DLL 2020-09-22 15:14:49.414821 - Epoch: 0 Iteration: 113  train.loss : 6.52732  train.total_ips : 5140.14 img/s
DLL 2020-09-22 15:14:49.772470 - Epoch: 0 Iteration: 114  train.loss : 6.52591  train.total_ips : 5727.69 img/s
DLL 2020-09-22 15:14:50.130530 - Epoch: 0 Iteration: 115  train.loss : 6.52555  train.total_ips : 5721.04 img/s
DLL 2020-09-22 15:14:50.494255 - Epoch: 0 Iteration: 116  train.loss : 6.50016  train.total_ips : 5631.93 img/s
DLL 2020-09-22 15:14:50.851783 - Epoch: 0 Iteration: 117  train.loss : 6.51536  train.total_ips : 5729.58 img/s
DLL 2020-09-22 15:14:51.209404 - Epoch: 0 Iteration: 118  train.loss : 6.52064  train.total_ips : 5727.94 img/s
DLL 2020-09-22 15:14:51.567335 - Epoch: 0 Iteration: 119  train.loss : 6.51652  train.total_ips : 5723.11 img/s
DLL 2020-09-22 15:14:51.925693 - Epoch: 0 Iteration: 120  train.loss : 6.51206  train.total_ips : 5716.19 img/s
DLL 2020-09-22 15:14:52.286028 - Epoch: 0 Iteration: 121  train.loss : 6.50723  train.total_ips : 5684.87 img/s
DLL 2020-09-22 15:14:52.697205 - Epoch: 0 Iteration: 122  train.loss : 6.49725  train.total_ips : 4982.46 img/s
DLL 2020-09-22 15:14:53.096402 - Epoch: 0 Iteration: 123  train.loss : 6.49664  train.total_ips : 5131.29 img/s
DLL 2020-09-22 15:14:53.500787 - Epoch: 0 Iteration: 124  train.loss : 6.49922  train.total_ips : 5065.53 img/s
DLL 2020-09-22 15:14:53.906887 - Epoch: 0 Iteration: 125  train.loss : 6.49268  train.total_ips : 5044.24 img/s
DLL 2020-09-22 15:14:54.264884 - Epoch: 0 Iteration: 126  train.loss : 6.50351  train.total_ips : 5722.21 img/s
DLL 2020-09-22 15:14:54.662716 - Epoch: 0 Iteration: 127  train.loss : 6.49817  train.total_ips : 5149.47 img/s
DLL 2020-09-22 15:14:55.022801 - Epoch: 0 Iteration: 128  train.loss : 6.49811  train.total_ips : 5690.47 img/s
DLL 2020-09-22 15:14:55.380209 - Epoch: 0 Iteration: 129  train.loss : 6.47799  train.total_ips : 5731.18 img/s
DLL 2020-09-22 15:14:55.736956 - Epoch: 0 Iteration: 130  train.loss : 6.48125  train.total_ips : 5742.68 img/s
DLL 2020-09-22 15:14:56.094485 - Epoch: 0 Iteration: 131  train.loss : 6.48803  train.total_ips : 5729.40 img/s
DLL 2020-09-22 15:14:56.452396 - Epoch: 0 Iteration: 132  train.loss : 6.48072  train.total_ips : 5723.89 img/s
DLL 2020-09-22 15:14:56.810897 - Epoch: 0 Iteration: 133  train.loss : 6.49000  train.total_ips : 5714.15 img/s
DLL 2020-09-22 15:14:57.168877 - Epoch: 0 Iteration: 134  train.loss : 6.48624  train.total_ips : 5722.32 img/s
DLL 2020-09-22 15:14:57.526561 - Epoch: 0 Iteration: 135  train.loss : 6.48673  train.total_ips : 5727.41 img/s
DLL 2020-09-22 15:14:57.914575 - Epoch: 0 Iteration: 136  train.loss : 6.47299  train.total_ips : 5279.33 img/s
DLL 2020-09-22 15:14:58.322691 - Epoch: 0 Iteration: 137  train.loss : 6.47408  train.total_ips : 5019.29 img/s
DLL 2020-09-22 15:14:58.681095 - Epoch: 0 Iteration: 138  train.loss : 6.47610  train.total_ips : 5715.54 img/s
DLL 2020-09-22 15:14:59.039505 - Epoch: 0 Iteration: 139  train.loss : 6.45335  train.total_ips : 5715.92 img/s
DLL 2020-09-22 15:14:59.398119 - Epoch: 0 Iteration: 140  train.loss : 6.48188  train.total_ips : 5713.63 img/s
DLL 2020-09-22 15:14:59.778460 - Epoch: 0 Iteration: 141  train.loss : 6.47731  train.total_ips : 5386.24 img/s
DLL 2020-09-22 15:15:00.153460 - Epoch: 0 Iteration: 142  train.loss : 6.43990  train.total_ips : 5462.42 img/s
DLL 2020-09-22 15:15:00.512143 - Epoch: 0 Iteration: 143  train.loss : 6.44453  train.total_ips : 5711.09 img/s
DLL 2020-09-22 15:15:00.884706 - Epoch: 0 Iteration: 144  train.loss : 6.46119  train.total_ips : 5499.09 img/s
DLL 2020-09-22 15:15:01.241775 - Epoch: 0 Iteration: 145  train.loss : 6.41999  train.total_ips : 5736.91 img/s
DLL 2020-09-22 15:15:01.600584 - Epoch: 0 Iteration: 146  train.loss : 6.42894  train.total_ips : 5709.31 img/s
DLL 2020-09-22 15:15:01.958507 - Epoch: 0 Iteration: 147  train.loss : 6.44148  train.total_ips : 5723.61 img/s
DLL 2020-09-22 15:15:02.316226 - Epoch: 0 Iteration: 148  train.loss : 6.44316  train.total_ips : 5727.75 img/s
DLL 2020-09-22 15:15:02.701828 - Epoch: 0 Iteration: 149  train.loss : 6.42462  train.total_ips : 5312.21 img/s
DLL 2020-09-22 15:15:03.059429 - Epoch: 0  train.loss : 6.59714  train.total_ips : 5463.12 img/s
DLL 2020-09-22 15:15:03.059585 - Epoch: 0  lr : 0.128  train.compute_ips : 5482.48 img/s train.data_time : 0.00285 s train.compute_time : 0.46910 s
DLL 2020-09-22 15:15:03.059733 - Summary: train.loss : 6.59714  train.total_ips : 5463.12 img/s
DLL 2020-09-22 15:15:03.059779 - Summary: lr : 0.128  train.compute_ips : 5482.48 img/s train.data_time : 0.00285 s train.compute_time : 0.46910 s
Experiment ended
['/opt/conda/bin/python', '-u', '/workspace/rn50/main.py', '--data-backend', 'dali-cpu', '--raport-file', '/workspace/rn50/raport.json', '-j8', '-p', '1', '--lr', '1.024', '--optimizer-batch-size', '-1', '--warmup', '8', '--arch', 'resnet50', '-c', 'fanin', '--label-smoothing', '0.1', '--lr-schedule', 'cosine', '--mom', '0.125', '--wd', '3.0517578125e-05', '--workspace', '/workspace/rn50', '-b', '128', '--epochs', '1', '--prof', '150', '--training-only', '--no-checkpoints', '/data/image']
['/opt/conda/bin/python', '-u', '/workspace/rn50/main.py', '--data-backend', 'dali-cpu', '--raport-file', '/workspace/rn50/raport.json', '-j8', '-p', '1', '--lr', '1.024', '--optimizer-batch-size', '-1', '--warmup', '8', '--arch', 'resnet50', '-c', 'fanin', '--label-smoothing', '0.1', '--lr-schedule', 'cosine', '--mom', '0.125', '--wd', '3.0517578125e-05', '--workspace', '/workspace/rn50', '-b', '128', '--epochs', '1', '--prof', '150', '--training-only', '--no-checkpoints', '/data/image']
['/opt/conda/bin/python', '-u', '/workspace/rn50/main.py', '--data-backend', 'dali-cpu', '--raport-file', '/workspace/rn50/raport.json', '-j8', '-p', '1', '--lr', '1.024', '--optimizer-batch-size', '-1', '--warmup', '8', '--arch', 'resnet50', '-c', 'fanin', '--label-smoothing', '0.1', '--lr-schedule', 'cosine', '--mom', '0.125', '--wd', '3.0517578125e-05', '--workspace', '/workspace/rn50', '-b', '128', '--epochs', '1', '--prof', '150', '--training-only', '--no-checkpoints', '/data/image']
['/opt/conda/bin/python', '-u', '/workspace/rn50/main.py', '--data-backend', 'dali-cpu', '--raport-file', '/workspace/rn50/raport.json', '-j8', '-p', '1', '--lr', '1.024', '--optimizer-batch-size', '-1', '--warmup', '8', '--arch', 'resnet50', '-c', 'fanin', '--label-smoothing', '0.1', '--lr-schedule', 'cosine', '--mom', '0.125', '--wd', '3.0517578125e-05', '--workspace', '/workspace/rn50', '-b', '128', '--epochs', '1', '--prof', '150', '--training-only', '--no-checkpoints', '/data/image']
['/opt/conda/bin/python', '-u', '/workspace/rn50/main.py', '--data-backend', 'dali-cpu', '--raport-file', '/workspace/rn50/raport.json', '-j8', '-p', '1', '--lr', '1.024', '--optimizer-batch-size', '-1', '--warmup', '8', '--arch', 'resnet50', '-c', 'fanin', '--label-smoothing', '0.1', '--lr-schedule', 'cosine', '--mom', '0.125', '--wd', '3.0517578125e-05', '--workspace', '/workspace/rn50', '-b', '128', '--epochs', '1', '--prof', '150', '--training-only', '--no-checkpoints', '/data/image']
['/opt/conda/bin/python', '-u', '/workspace/rn50/main.py', '--data-backend', 'dali-cpu', '--raport-file', '/workspace/rn50/raport.json', '-j8', '-p', '1', '--lr', '1.024', '--optimizer-batch-size', '-1', '--warmup', '8', '--arch', 'resnet50', '-c', 'fanin', '--label-smoothing', '0.1', '--lr-schedule', 'cosine', '--mom', '0.125', '--wd', '3.0517578125e-05', '--workspace', '/workspace/rn50', '-b', '128', '--epochs', '1', '--prof', '150', '--training-only', '--no-checkpoints', '/data/image']
['/opt/conda/bin/python', '-u', '/workspace/rn50/main.py', '--data-backend', 'dali-cpu', '--raport-file', '/workspace/rn50/raport.json', '-j8', '-p', '1', '--lr', '1.024', '--optimizer-batch-size', '-1', '--warmup', '8', '--arch', 'resnet50', '-c', 'fanin', '--label-smoothing', '0.1', '--lr-schedule', 'cosine', '--mom', '0.125', '--wd', '3.0517578125e-05', '--workspace', '/workspace/rn50', '-b', '128', '--epochs', '1', '--prof', '150', '--training-only', '--no-checkpoints', '/data/image']
['/opt/conda/bin/python', '-u', '/workspace/rn50/main.py', '--data-backend', 'dali-cpu', '--raport-file', '/workspace/rn50/raport.json', '-j8', '-p', '1', '--lr', '1.024', '--optimizer-batch-size', '-1', '--warmup', '8', '--arch', 'resnet50', '-c', 'fanin', '--label-smoothing', '0.1', '--lr-schedule', 'cosine', '--mom', '0.125', '--wd', '3.0517578125e-05', '--workspace', '/workspace/rn50', '-b', '128', '--epochs', '1', '--prof', '150', '--training-only', '--no-checkpoints', '/data/image']
