+ python /workspace/rn50/multiproc.py --nnodes 2 --node_rank 0 --nproc_per_node 8 --master_addr 10.11.0.2 --master_port=22333 /workspace/rn50/main.py --data-backend dali-cpu --raport-file /workspace/rn50/raport.json -j8 -p 1 --lr 1.024 --optimizer-batch-size -1 --warmup 8 --arch resnet50 -c fanin --label-smoothing 0.1 --lr-schedule cosine --mom 0.125 --wd 3.0517578125e-05 --workspace /workspace/rn50 -b 128 --epochs 1 --prof 150 --training-only --no-checkpoints /data/image
=> creating model '('resnet50', 'fanin', 1000)'
Version: {'net': <class 'image_classification.resnet.ResNet'>, 'block': <class 'image_classification.resnet.Bottleneck'>, 'layers': [3, 4, 6, 3], 'widths': [64, 128, 256, 512], 'expansion': 4}
Config: {'conv': <class 'torch.nn.modules.conv.Conv2d'>, 'conv_init': 'fan_in', 'nonlinearity': 'relu', 'last_bn_0_init': False, 'activation': <function <lambda> at 0x7fceb9fbd9d8>}
Num classes: 1000
i'm distributed in dali~~~~~~~~~~~~~~~~~
rank in dali:  0
world_size in dali:  16
read 886372 files from 698 directories
read 50000 files from 1000 directories
DLL 2020-09-22 15:09:57.558150 - PARAMETER data : /data/image  data_backend : dali-cpu  arch : resnet50  model_config : fanin  num_classes : 1000  workers : 8  epochs : 1  run_epochs : -1  batch_size : 128  optimizer_batch_size : -1  lr : 1.024  lr_schedule : cosine  warmup : 8  label_smoothing : 0.1  mixup : 0.0  momentum : 0.125  weight_decay : 3.0517578125e-05  bn_weight_decay : False  nesterov : False  print_freq : 1  resume : None  pretrained_weights :   fp16 : False  static_loss_scale : 1  dynamic_loss_scale : False  prof : 150  amp : False  seed : None  gather_checkpoints : False  raport_file : /workspace/rn50/raport.json  evaluate : False  training_only : True  save_checkpoints : False  checkpoint_filename : checkpoint.pth.tar  workspace : /workspace/rn50  memory_format : nchw  distributed : True  local_rank : 0  gpu : 8  world_size : 16 
 ! Weight decay NOT applied to BN parameters 
98
63
VS002:86595:86595 [0] NCCL INFO Bootstrap : Using [0]ib0:10.11.0.2<0>
VS002:86595:86595 [0] NCCL INFO NET/Plugin : No plugin found (libnccl-net.so), using internal implementation
VS002:86595:86595 [0] NCCL INFO NET/IB : Using [0]mlx5_0:1/IB ; OOB ib0:10.11.0.2<0>
VS002:86595:86595 [0] NCCL INFO Using network IB
NCCL version 2.6.3+cuda10.2
VS002:86595:87395 [0] NCCL INFO Channel 00/02 :    0   3   2   6   7   4   5   1   8  11  10  14  15  12  13   9
VS002:86595:87395 [0] NCCL INFO Channel 01/02 :    0   3   2   6   7   4   5   1   8  11  10  14  15  12  13   9
VS002:86595:87395 [0] NCCL INFO threadThresholds 8/8/64 | 128/8/64 | 8/8/64
VS002:86595:87395 [0] NCCL INFO Trees [0] 1/-1/-1->0->-1|-1->0->1/-1/-1 [1] 1/-1/-1->0->9|9->0->1/-1/-1
VS002:86595:87395 [0] NCCL INFO Setting affinity for GPU 0 to 0f,ff000fff
VS002:86595:87395 [0] NCCL INFO Ring 00 : 9[1b000] -> 0[1a000] [receive] via NET/IB/0
VS002:86595:87395 [0] NCCL INFO Ring 00 : 0[1a000] -> 3[3e000] via P2P/IPC
VS002:86595:87395 [0] NCCL INFO Ring 00 : 0[1a000] -> 1[1b000] via P2P/IPC
VS002:86595:87395 [0] NCCL INFO Ring 01 : 9[1b000] -> 0[1a000] [receive] via NET/IB/0
VS002:86595:87395 [0] NCCL INFO Ring 01 : 0[1a000] -> 3[3e000] via P2P/IPC
VS002:86595:87395 [0] NCCL INFO Ring 01 : 0[1a000] -> 9[1b000] [send] via NET/IB/0
VS002:86595:87395 [0] NCCL INFO Ring 01 : 0[1a000] -> 1[1b000] via P2P/IPC
VS002:86595:87395 [0] NCCL INFO comm 0x7fcc44006880 rank 0 nranks 16 cudaDev 0 busId 1a000 - Init COMPLETE
VS002:86595:86595 [0] NCCL INFO Launch mode Parallel
RUNNING EPOCHS FROM 0 TO 1
DLL 2020-09-22 15:10:14.480651 - Epoch: 0 Iteration: 1  train.loss : 7.07023  train.total_ips : 140.38 img/s
DLL 2020-09-22 15:10:15.449381 - Epoch: 0 Iteration: 2  train.loss : 6.95280  train.total_ips : 2114.16 img/s
DLL 2020-09-22 15:10:15.805396 - Epoch: 0 Iteration: 3  train.loss : 6.88231  train.total_ips : 5754.08 img/s
DLL 2020-09-22 15:10:16.177385 - Epoch: 0 Iteration: 4  train.loss : 6.80243  train.total_ips : 5506.68 img/s
DLL 2020-09-22 15:10:16.536518 - Epoch: 0 Iteration: 5  train.loss : 6.79204  train.total_ips : 5703.99 img/s
DLL 2020-09-22 15:10:16.892846 - Epoch: 0 Iteration: 6  train.loss : 6.76758  train.total_ips : 5749.04 img/s
DLL 2020-09-22 15:10:17.250146 - Epoch: 0 Iteration: 7  train.loss : 6.76166  train.total_ips : 5733.55 img/s
DLL 2020-09-22 15:10:17.638750 - Epoch: 0 Iteration: 8  train.loss : 6.74677  train.total_ips : 5271.34 img/s
DLL 2020-09-22 15:10:17.996198 - Epoch: 0 Iteration: 9  train.loss : 6.72699  train.total_ips : 5732.23 img/s
DLL 2020-09-22 15:10:18.386212 - Epoch: 0 Iteration: 10  train.loss : 6.71650  train.total_ips : 5251.67 img/s
DLL 2020-09-22 15:10:18.769922 - Epoch: 0 Iteration: 11  train.loss : 6.70114  train.total_ips : 5338.57 img/s
DLL 2020-09-22 15:10:19.126202 - Epoch: 0 Iteration: 12  train.loss : 6.70349  train.total_ips : 5749.69 img/s
DLL 2020-09-22 15:10:19.515646 - Epoch: 0 Iteration: 13  train.loss : 6.69720  train.total_ips : 5259.96 img/s
DLL 2020-09-22 15:10:19.880188 - Epoch: 0 Iteration: 14  train.loss : 6.70018  train.total_ips : 5619.21 img/s
DLL 2020-09-22 15:10:20.278042 - Epoch: 0 Iteration: 15  train.loss : 6.67690  train.total_ips : 5148.95 img/s
DLL 2020-09-22 15:10:20.671392 - Epoch: 0 Iteration: 16  train.loss : 6.67385  train.total_ips : 5207.71 img/s
DLL 2020-09-22 15:10:21.053014 - Epoch: 0 Iteration: 17  train.loss : 6.69485  train.total_ips : 5367.67 img/s
DLL 2020-09-22 15:10:21.409009 - Epoch: 0 Iteration: 18  train.loss : 6.65911  train.total_ips : 5754.17 img/s
DLL 2020-09-22 15:10:21.768292 - Epoch: 0 Iteration: 19  train.loss : 6.67690  train.total_ips : 5703.73 img/s
DLL 2020-09-22 15:10:22.125228 - Epoch: 0 Iteration: 20  train.loss : 6.67585  train.total_ips : 5738.79 img/s
DLL 2020-09-22 15:10:22.481152 - Epoch: 0 Iteration: 21  train.loss : 6.66863  train.total_ips : 5756.09 img/s
DLL 2020-09-22 15:10:22.847291 - Epoch: 0 Iteration: 22  train.loss : 6.64918  train.total_ips : 5596.09 img/s
DLL 2020-09-22 15:10:23.226094 - Epoch: 0 Iteration: 23  train.loss : 6.66211  train.total_ips : 5408.02 img/s
DLL 2020-09-22 15:10:23.589280 - Epoch: 0 Iteration: 24  train.loss : 6.65646  train.total_ips : 5641.52 img/s
DLL 2020-09-22 15:10:23.976865 - Epoch: 0 Iteration: 25  train.loss : 6.65893  train.total_ips : 5285.68 img/s
DLL 2020-09-22 15:10:24.349057 - Epoch: 0 Iteration: 26  train.loss : 6.66234  train.total_ips : 5503.64 img/s
DLL 2020-09-22 15:10:24.706565 - Epoch: 0 Iteration: 27  train.loss : 6.66397  train.total_ips : 5730.27 img/s
DLL 2020-09-22 15:10:25.087800 - Epoch: 0 Iteration: 28  train.loss : 6.66633  train.total_ips : 5373.66 img/s
DLL 2020-09-22 15:10:25.497349 - Epoch: 0 Iteration: 29  train.loss : 6.65573  train.total_ips : 5003.71 img/s
DLL 2020-09-22 15:10:25.920730 - Epoch: 0 Iteration: 30  train.loss : 6.65186  train.total_ips : 4837.15 img/s
DLL 2020-09-22 15:10:26.300595 - Epoch: 0 Iteration: 31  train.loss : 6.64248  train.total_ips : 5393.44 img/s
DLL 2020-09-22 15:10:26.706756 - Epoch: 0 Iteration: 32  train.loss : 6.65402  train.total_ips : 5043.01 img/s
DLL 2020-09-22 15:10:27.090752 - Epoch: 0 Iteration: 33  train.loss : 6.65730  train.total_ips : 5334.64 img/s
DLL 2020-09-22 15:10:27.448329 - Epoch: 0 Iteration: 34  train.loss : 6.64051  train.total_ips : 5730.23 img/s
DLL 2020-09-22 15:10:27.810861 - Epoch: 0 Iteration: 35  train.loss : 6.64307  train.total_ips : 5650.31 img/s
DLL 2020-09-22 15:10:28.228005 - Epoch: 0 Iteration: 36  train.loss : 6.65235  train.total_ips : 4912.27 img/s
DLL 2020-09-22 15:10:28.612388 - Epoch: 0 Iteration: 37  train.loss : 6.64976  train.total_ips : 5329.28 img/s
DLL 2020-09-22 15:10:29.003672 - Epoch: 0 Iteration: 38  train.loss : 6.66389  train.total_ips : 5235.14 img/s
DLL 2020-09-22 15:10:29.393724 - Epoch: 0 Iteration: 39  train.loss : 6.62473  train.total_ips : 5251.92 img/s
DLL 2020-09-22 15:10:29.779510 - Epoch: 0 Iteration: 40  train.loss : 6.64575  train.total_ips : 5309.98 img/s
DLL 2020-09-22 15:10:30.137638 - Epoch: 0 Iteration: 41  train.loss : 6.65364  train.total_ips : 5720.51 img/s
DLL 2020-09-22 15:10:30.494595 - Epoch: 0 Iteration: 42  train.loss : 6.63293  train.total_ips : 5740.25 img/s
DLL 2020-09-22 15:10:30.902844 - Epoch: 0 Iteration: 43  train.loss : 6.63105  train.total_ips : 5017.82 img/s
DLL 2020-09-22 15:10:31.261295 - Epoch: 0 Iteration: 44  train.loss : 6.64832  train.total_ips : 5715.60 img/s
DLL 2020-09-22 15:10:31.618948 - Epoch: 0 Iteration: 45  train.loss : 6.63842  train.total_ips : 5728.16 img/s
DLL 2020-09-22 15:10:32.035033 - Epoch: 0 Iteration: 46  train.loss : 6.63844  train.total_ips : 4923.28 img/s
DLL 2020-09-22 15:10:32.402733 - Epoch: 0 Iteration: 47  train.loss : 6.65588  train.total_ips : 5572.46 img/s
DLL 2020-09-22 15:10:32.764336 - Epoch: 0 Iteration: 48  train.loss : 6.62811  train.total_ips : 5664.32 img/s
DLL 2020-09-22 15:10:33.132209 - Epoch: 0 Iteration: 49  train.loss : 6.63851  train.total_ips : 5568.36 img/s
DLL 2020-09-22 15:10:33.494982 - Epoch: 0 Iteration: 50  train.loss : 6.64493  train.total_ips : 5646.94 img/s
DLL 2020-09-22 15:10:33.853453 - Epoch: 0 Iteration: 51  train.loss : 6.62820  train.total_ips : 5714.40 img/s
DLL 2020-09-22 15:10:34.269366 - Epoch: 0 Iteration: 52  train.loss : 6.64209  train.total_ips : 4925.05 img/s
DLL 2020-09-22 15:10:34.626034 - Epoch: 0 Iteration: 53  train.loss : 6.62785  train.total_ips : 5743.44 img/s
DLL 2020-09-22 15:10:35.009093 - Epoch: 0 Iteration: 54  train.loss : 6.65200  train.total_ips : 5347.52 img/s
DLL 2020-09-22 15:10:35.404255 - Epoch: 0 Iteration: 55  train.loss : 6.62384  train.total_ips : 5183.73 img/s
DLL 2020-09-22 15:10:35.791142 - Epoch: 0 Iteration: 56  train.loss : 6.61896  train.total_ips : 5295.42 img/s
DLL 2020-09-22 15:10:36.172150 - Epoch: 0 Iteration: 57  train.loss : 6.62766  train.total_ips : 5376.30 img/s
DLL 2020-09-22 15:10:36.529655 - Epoch: 0 Iteration: 58  train.loss : 6.65148  train.total_ips : 5730.21 img/s
DLL 2020-09-22 15:10:36.954370 - Epoch: 0 Iteration: 59  train.loss : 6.62491  train.total_ips : 4823.12 img/s
DLL 2020-09-22 15:10:37.326195 - Epoch: 0 Iteration: 60  train.loss : 6.63116  train.total_ips : 5509.18 img/s
DLL 2020-09-22 15:10:37.682992 - Epoch: 0 Iteration: 61  train.loss : 6.61901  train.total_ips : 5742.33 img/s
DLL 2020-09-22 15:10:38.045482 - Epoch: 0 Iteration: 62  train.loss : 6.62453  train.total_ips : 5650.95 img/s
DLL 2020-09-22 15:10:38.409053 - Epoch: 0 Iteration: 63  train.loss : 6.62833  train.total_ips : 5637.55 img/s
DLL 2020-09-22 15:10:38.787493 - Epoch: 0 Iteration: 64  train.loss : 6.62698  train.total_ips : 5412.27 img/s
DLL 2020-09-22 15:10:39.161005 - Epoch: 0 Iteration: 65  train.loss : 6.62334  train.total_ips : 5484.48 img/s
DLL 2020-09-22 15:10:39.551469 - Epoch: 0 Iteration: 66  train.loss : 6.61188  train.total_ips : 5246.25 img/s
DLL 2020-09-22 15:10:39.919924 - Epoch: 0 Iteration: 67  train.loss : 6.60131  train.total_ips : 5561.13 img/s
DLL 2020-09-22 15:10:40.302766 - Epoch: 0 Iteration: 68  train.loss : 6.61657  train.total_ips : 5350.02 img/s
DLL 2020-09-22 15:10:40.670070 - Epoch: 0 Iteration: 69  train.loss : 6.63700  train.total_ips : 5576.94 img/s
DLL 2020-09-22 15:10:41.036139 - Epoch: 0 Iteration: 70  train.loss : 6.61157  train.total_ips : 5595.94 img/s
DLL 2020-09-22 15:10:41.393848 - Epoch: 0 Iteration: 71  train.loss : 6.61280  train.total_ips : 5726.70 img/s
DLL 2020-09-22 15:10:41.770108 - Epoch: 0 Iteration: 72  train.loss : 6.60104  train.total_ips : 5444.27 img/s
DLL 2020-09-22 15:10:42.141890 - Epoch: 0 Iteration: 73  train.loss : 6.61510  train.total_ips : 5509.83 img/s
DLL 2020-09-22 15:10:42.513302 - Epoch: 0 Iteration: 74  train.loss : 6.62347  train.total_ips : 5515.31 img/s
DLL 2020-09-22 15:10:42.871021 - Epoch: 0 Iteration: 75  train.loss : 6.60909  train.total_ips : 5726.35 img/s
DLL 2020-09-22 15:10:43.251949 - Epoch: 0 Iteration: 76  train.loss : 6.61070  train.total_ips : 5377.44 img/s
DLL 2020-09-22 15:10:43.646791 - Epoch: 0 Iteration: 77  train.loss : 6.60276  train.total_ips : 5188.11 img/s
DLL 2020-09-22 15:10:44.004004 - Epoch: 0 Iteration: 78  train.loss : 6.60518  train.total_ips : 5734.54 img/s
DLL 2020-09-22 15:10:44.368468 - Epoch: 0 Iteration: 79  train.loss : 6.59897  train.total_ips : 5623.47 img/s
DLL 2020-09-22 15:10:44.771297 - Epoch: 0 Iteration: 80  train.loss : 6.60256  train.total_ips : 5084.70 img/s
DLL 2020-09-22 15:10:45.145812 - Epoch: 0 Iteration: 81  train.loss : 6.59797  train.total_ips : 5469.66 img/s
DLL 2020-09-22 15:10:45.540882 - Epoch: 0 Iteration: 82  train.loss : 6.58188  train.total_ips : 5184.96 img/s
DLL 2020-09-22 15:10:45.942125 - Epoch: 0 Iteration: 83  train.loss : 6.61232  train.total_ips : 5105.39 img/s
DLL 2020-09-22 15:10:46.300605 - Epoch: 0 Iteration: 84  train.loss : 6.59653  train.total_ips : 5714.14 img/s
DLL 2020-09-22 15:10:46.657999 - Epoch: 0 Iteration: 85  train.loss : 6.60783  train.total_ips : 5731.58 img/s
DLL 2020-09-22 15:10:47.038089 - Epoch: 0 Iteration: 86  train.loss : 6.60584  train.total_ips : 5389.26 img/s
DLL 2020-09-22 15:10:47.414531 - Epoch: 0 Iteration: 87  train.loss : 6.59923  train.total_ips : 5441.60 img/s
DLL 2020-09-22 15:10:47.801657 - Epoch: 0 Iteration: 88  train.loss : 6.59363  train.total_ips : 5291.38 img/s
DLL 2020-09-22 15:10:48.160106 - Epoch: 0 Iteration: 89  train.loss : 6.58739  train.total_ips : 5715.16 img/s
DLL 2020-09-22 15:10:48.517654 - Epoch: 0 Iteration: 90  train.loss : 6.58119  train.total_ips : 5728.95 img/s
DLL 2020-09-22 15:10:48.904160 - Epoch: 0 Iteration: 91  train.loss : 6.59909  train.total_ips : 5299.83 img/s
DLL 2020-09-22 15:10:49.265619 - Epoch: 0 Iteration: 92  train.loss : 6.57577  train.total_ips : 5667.23 img/s
DLL 2020-09-22 15:10:49.624701 - Epoch: 0 Iteration: 93  train.loss : 6.56250  train.total_ips : 5705.21 img/s
DLL 2020-09-22 15:10:50.009259 - Epoch: 0 Iteration: 94  train.loss : 6.58857  train.total_ips : 5327.97 img/s
DLL 2020-09-22 15:10:50.407197 - Epoch: 0 Iteration: 95  train.loss : 6.55639  train.total_ips : 5147.46 img/s
DLL 2020-09-22 15:10:50.764284 - Epoch: 0 Iteration: 96  train.loss : 6.56949  train.total_ips : 5737.06 img/s
DLL 2020-09-22 15:10:51.123541 - Epoch: 0 Iteration: 97  train.loss : 6.55867  train.total_ips : 5704.63 img/s
DLL 2020-09-22 15:10:51.480322 - Epoch: 0 Iteration: 98  train.loss : 6.56135  train.total_ips : 5739.92 img/s
DLL 2020-09-22 15:10:51.883990 - Epoch: 0 Iteration: 99  train.loss : 6.56138  train.total_ips : 5074.72 img/s
DLL 2020-09-22 15:10:52.242545 - Epoch: 0 Iteration: 100  train.loss : 6.57493  train.total_ips : 5713.78 img/s
DLL 2020-09-22 15:10:52.609348 - Epoch: 0 Iteration: 101  train.loss : 6.56280  train.total_ips : 5584.61 img/s
DLL 2020-09-22 15:10:52.972770 - Epoch: 0 Iteration: 102  train.loss : 6.57491  train.total_ips : 5636.65 img/s
DLL 2020-09-22 15:10:53.333036 - Epoch: 0 Iteration: 103  train.loss : 6.54079  train.total_ips : 5686.83 img/s
DLL 2020-09-22 15:10:53.692820 - Epoch: 0 Iteration: 104  train.loss : 6.57234  train.total_ips : 5693.92 img/s
DLL 2020-09-22 15:10:54.052324 - Epoch: 0 Iteration: 105  train.loss : 6.55976  train.total_ips : 5699.46 img/s
DLL 2020-09-22 15:10:54.410647 - Epoch: 0 Iteration: 106  train.loss : 6.60447  train.total_ips : 5716.88 img/s
DLL 2020-09-22 15:10:54.873839 - Epoch: 0 Iteration: 107  train.loss : 6.56347  train.total_ips : 4422.60 img/s
DLL 2020-09-22 15:10:55.230736 - Epoch: 0 Iteration: 108  train.loss : 6.57255  train.total_ips : 5739.48 img/s
DLL 2020-09-22 15:10:55.601116 - Epoch: 0 Iteration: 109  train.loss : 6.54164  train.total_ips : 5530.76 img/s
DLL 2020-09-22 15:10:55.978842 - Epoch: 0 Iteration: 110  train.loss : 6.53577  train.total_ips : 5423.35 img/s
DLL 2020-09-22 15:10:56.383674 - Epoch: 0 Iteration: 111  train.loss : 6.54481  train.total_ips : 5061.89 img/s
DLL 2020-09-22 15:10:56.791397 - Epoch: 0 Iteration: 112  train.loss : 6.54999  train.total_ips : 5023.08 img/s
DLL 2020-09-22 15:10:57.155336 - Epoch: 0 Iteration: 113  train.loss : 6.55150  train.total_ips : 5628.65 img/s
DLL 2020-09-22 15:10:57.521044 - Epoch: 0 Iteration: 114  train.loss : 6.52930  train.total_ips : 5601.94 img/s
DLL 2020-09-22 15:10:57.903461 - Epoch: 0 Iteration: 115  train.loss : 6.52876  train.total_ips : 5356.53 img/s
DLL 2020-09-22 15:10:58.289663 - Epoch: 0 Iteration: 116  train.loss : 6.50060  train.total_ips : 5304.07 img/s
DLL 2020-09-22 15:10:58.667678 - Epoch: 0 Iteration: 117  train.loss : 6.52985  train.total_ips : 5418.99 img/s
DLL 2020-09-22 15:10:59.040624 - Epoch: 0 Iteration: 118  train.loss : 6.52424  train.total_ips : 5493.34 img/s
DLL 2020-09-22 15:10:59.398206 - Epoch: 0 Iteration: 119  train.loss : 6.52715  train.total_ips : 5728.55 img/s
DLL 2020-09-22 15:10:59.756935 - Epoch: 0 Iteration: 120  train.loss : 6.51756  train.total_ips : 5712.95 img/s
DLL 2020-09-22 15:11:00.116759 - Epoch: 0 Iteration: 121  train.loss : 6.51315  train.total_ips : 5692.36 img/s
DLL 2020-09-22 15:11:00.474050 - Epoch: 0 Iteration: 122  train.loss : 6.50510  train.total_ips : 5733.42 img/s
DLL 2020-09-22 15:11:00.831029 - Epoch: 0 Iteration: 123  train.loss : 6.50080  train.total_ips : 5738.32 img/s
DLL 2020-09-22 15:11:01.198946 - Epoch: 0 Iteration: 124  train.loss : 6.51389  train.total_ips : 5568.23 img/s
DLL 2020-09-22 15:11:01.575343 - Epoch: 0 Iteration: 125  train.loss : 6.49579  train.total_ips : 5444.82 img/s
DLL 2020-09-22 15:11:01.933005 - Epoch: 0 Iteration: 126  train.loss : 6.51494  train.total_ips : 5726.61 img/s
DLL 2020-09-22 15:11:02.307042 - Epoch: 0 Iteration: 127  train.loss : 6.50251  train.total_ips : 5476.66 img/s
DLL 2020-09-22 15:11:02.665977 - Epoch: 0 Iteration: 128  train.loss : 6.50196  train.total_ips : 5707.15 img/s
DLL 2020-09-22 15:11:03.025082 - Epoch: 0 Iteration: 129  train.loss : 6.48206  train.total_ips : 5704.35 img/s
DLL 2020-09-22 15:11:03.384404 - Epoch: 0 Iteration: 130  train.loss : 6.48478  train.total_ips : 5701.23 img/s
DLL 2020-09-22 15:11:03.742869 - Epoch: 0 Iteration: 131  train.loss : 6.49676  train.total_ips : 5714.23 img/s
DLL 2020-09-22 15:11:04.117407 - Epoch: 0 Iteration: 132  train.loss : 6.49104  train.total_ips : 5469.39 img/s
DLL 2020-09-22 15:11:04.484387 - Epoch: 0 Iteration: 133  train.loss : 6.48671  train.total_ips : 5581.90 img/s
DLL 2020-09-22 15:11:04.841478 - Epoch: 0 Iteration: 134  train.loss : 6.49565  train.total_ips : 5736.64 img/s
DLL 2020-09-22 15:11:05.238603 - Epoch: 0 Iteration: 135  train.loss : 6.48894  train.total_ips : 5158.29 img/s
DLL 2020-09-22 15:11:05.597281 - Epoch: 0 Iteration: 136  train.loss : 6.48159  train.total_ips : 5711.24 img/s
DLL 2020-09-22 15:11:05.979949 - Epoch: 0 Iteration: 137  train.loss : 6.47101  train.total_ips : 5352.65 img/s
DLL 2020-09-22 15:11:06.350772 - Epoch: 0 Iteration: 138  train.loss : 6.48586  train.total_ips : 5524.46 img/s
DLL 2020-09-22 15:11:06.715732 - Epoch: 0 Iteration: 139  train.loss : 6.45196  train.total_ips : 5612.45 img/s
DLL 2020-09-22 15:11:07.141849 - Epoch: 0 Iteration: 140  train.loss : 6.48596  train.total_ips : 4807.21 img/s
DLL 2020-09-22 15:11:07.506217 - Epoch: 0 Iteration: 141  train.loss : 6.47521  train.total_ips : 5622.16 img/s
DLL 2020-09-22 15:11:07.866065 - Epoch: 0 Iteration: 142  train.loss : 6.44865  train.total_ips : 5692.61 img/s
DLL 2020-09-22 15:11:08.244938 - Epoch: 0 Iteration: 143  train.loss : 6.44432  train.total_ips : 5410.29 img/s
DLL 2020-09-22 15:11:08.631633 - Epoch: 0 Iteration: 144  train.loss : 6.45942  train.total_ips : 5295.89 img/s
DLL 2020-09-22 15:11:08.995678 - Epoch: 0 Iteration: 145  train.loss : 6.42768  train.total_ips : 5626.90 img/s
DLL 2020-09-22 15:11:09.421208 - Epoch: 0 Iteration: 146  train.loss : 6.41924  train.total_ips : 4813.86 img/s
DLL 2020-09-22 15:11:09.815369 - Epoch: 0 Iteration: 147  train.loss : 6.43169  train.total_ips : 5196.89 img/s
DLL 2020-09-22 15:11:10.174055 - Epoch: 0 Iteration: 148  train.loss : 6.44318  train.total_ips : 5711.07 img/s
DLL 2020-09-22 15:11:10.541121 - Epoch: 0 Iteration: 149  train.loss : 6.41769  train.total_ips : 5580.69 img/s
DLL 2020-09-22 15:11:10.946262 - Epoch: 0  train.loss : 6.60029  train.total_ips : 5418.86 img/s
DLL 2020-09-22 15:11:10.946395 - Epoch: 0  lr : 0.128  train.compute_ips : 5436.79 img/s train.data_time : 0.00124 s train.compute_time : 0.47236 s
DLL 2020-09-22 15:11:10.946509 - Summary: train.loss : 6.60029  train.total_ips : 5418.86 img/s
DLL 2020-09-22 15:11:10.946555 - Summary: lr : 0.128  train.compute_ips : 5436.79 img/s train.data_time : 0.00124 s train.compute_time : 0.47236 s
Experiment ended
['/opt/conda/bin/python', '-u', '/workspace/rn50/main.py', '--data-backend', 'dali-cpu', '--raport-file', '/workspace/rn50/raport.json', '-j8', '-p', '1', '--lr', '1.024', '--optimizer-batch-size', '-1', '--warmup', '8', '--arch', 'resnet50', '-c', 'fanin', '--label-smoothing', '0.1', '--lr-schedule', 'cosine', '--mom', '0.125', '--wd', '3.0517578125e-05', '--workspace', '/workspace/rn50', '-b', '128', '--epochs', '1', '--prof', '150', '--training-only', '--no-checkpoints', '/data/image']
['/opt/conda/bin/python', '-u', '/workspace/rn50/main.py', '--data-backend', 'dali-cpu', '--raport-file', '/workspace/rn50/raport.json', '-j8', '-p', '1', '--lr', '1.024', '--optimizer-batch-size', '-1', '--warmup', '8', '--arch', 'resnet50', '-c', 'fanin', '--label-smoothing', '0.1', '--lr-schedule', 'cosine', '--mom', '0.125', '--wd', '3.0517578125e-05', '--workspace', '/workspace/rn50', '-b', '128', '--epochs', '1', '--prof', '150', '--training-only', '--no-checkpoints', '/data/image']
['/opt/conda/bin/python', '-u', '/workspace/rn50/main.py', '--data-backend', 'dali-cpu', '--raport-file', '/workspace/rn50/raport.json', '-j8', '-p', '1', '--lr', '1.024', '--optimizer-batch-size', '-1', '--warmup', '8', '--arch', 'resnet50', '-c', 'fanin', '--label-smoothing', '0.1', '--lr-schedule', 'cosine', '--mom', '0.125', '--wd', '3.0517578125e-05', '--workspace', '/workspace/rn50', '-b', '128', '--epochs', '1', '--prof', '150', '--training-only', '--no-checkpoints', '/data/image']
['/opt/conda/bin/python', '-u', '/workspace/rn50/main.py', '--data-backend', 'dali-cpu', '--raport-file', '/workspace/rn50/raport.json', '-j8', '-p', '1', '--lr', '1.024', '--optimizer-batch-size', '-1', '--warmup', '8', '--arch', 'resnet50', '-c', 'fanin', '--label-smoothing', '0.1', '--lr-schedule', 'cosine', '--mom', '0.125', '--wd', '3.0517578125e-05', '--workspace', '/workspace/rn50', '-b', '128', '--epochs', '1', '--prof', '150', '--training-only', '--no-checkpoints', '/data/image']
['/opt/conda/bin/python', '-u', '/workspace/rn50/main.py', '--data-backend', 'dali-cpu', '--raport-file', '/workspace/rn50/raport.json', '-j8', '-p', '1', '--lr', '1.024', '--optimizer-batch-size', '-1', '--warmup', '8', '--arch', 'resnet50', '-c', 'fanin', '--label-smoothing', '0.1', '--lr-schedule', 'cosine', '--mom', '0.125', '--wd', '3.0517578125e-05', '--workspace', '/workspace/rn50', '-b', '128', '--epochs', '1', '--prof', '150', '--training-only', '--no-checkpoints', '/data/image']
['/opt/conda/bin/python', '-u', '/workspace/rn50/main.py', '--data-backend', 'dali-cpu', '--raport-file', '/workspace/rn50/raport.json', '-j8', '-p', '1', '--lr', '1.024', '--optimizer-batch-size', '-1', '--warmup', '8', '--arch', 'resnet50', '-c', 'fanin', '--label-smoothing', '0.1', '--lr-schedule', 'cosine', '--mom', '0.125', '--wd', '3.0517578125e-05', '--workspace', '/workspace/rn50', '-b', '128', '--epochs', '1', '--prof', '150', '--training-only', '--no-checkpoints', '/data/image']
['/opt/conda/bin/python', '-u', '/workspace/rn50/main.py', '--data-backend', 'dali-cpu', '--raport-file', '/workspace/rn50/raport.json', '-j8', '-p', '1', '--lr', '1.024', '--optimizer-batch-size', '-1', '--warmup', '8', '--arch', 'resnet50', '-c', 'fanin', '--label-smoothing', '0.1', '--lr-schedule', 'cosine', '--mom', '0.125', '--wd', '3.0517578125e-05', '--workspace', '/workspace/rn50', '-b', '128', '--epochs', '1', '--prof', '150', '--training-only', '--no-checkpoints', '/data/image']
['/opt/conda/bin/python', '-u', '/workspace/rn50/main.py', '--data-backend', 'dali-cpu', '--raport-file', '/workspace/rn50/raport.json', '-j8', '-p', '1', '--lr', '1.024', '--optimizer-batch-size', '-1', '--warmup', '8', '--arch', 'resnet50', '-c', 'fanin', '--label-smoothing', '0.1', '--lr-schedule', 'cosine', '--mom', '0.125', '--wd', '3.0517578125e-05', '--workspace', '/workspace/rn50', '-b', '128', '--epochs', '1', '--prof', '150', '--training-only', '--no-checkpoints', '/data/image']
