+ python /workspace/rn50/multiproc.py --nnodes 2 --node_rank 0 --nproc_per_node 8 --master_addr 10.11.0.2 --master_port=22333 /workspace/rn50/main.py --data-backend dali-cpu --raport-file /workspace/rn50/raport.json -j8 -p 1 --lr 1.024 --optimizer-batch-size -1 --warmup 8 --arch resnet50 -c fanin --label-smoothing 0.1 --lr-schedule cosine --mom 0.125 --wd 3.0517578125e-05 --workspace /workspace/rn50 -b 128 --epochs 1 --prof 150 --training-only --no-checkpoints /data/image
=> creating model '('resnet50', 'fanin', 1000)'
Version: {'net': <class 'image_classification.resnet.ResNet'>, 'block': <class 'image_classification.resnet.Bottleneck'>, 'layers': [3, 4, 6, 3], 'widths': [64, 128, 256, 512], 'expansion': 4}
Config: {'conv': <class 'torch.nn.modules.conv.Conv2d'>, 'conv_init': 'fan_in', 'nonlinearity': 'relu', 'last_bn_0_init': False, 'activation': <function <lambda> at 0x7fdb9e2bd9d8>}
Num classes: 1000
i'm distributed in dali~~~~~~~~~~~~~~~~~
rank in dali:  0
world_size in dali:  16
read 886372 files from 698 directories
read 50000 files from 1000 directories
DLL 2020-09-22 15:06:04.051933 - PARAMETER data : /data/image  data_backend : dali-cpu  arch : resnet50  model_config : fanin  num_classes : 1000  workers : 8  epochs : 1  run_epochs : -1  batch_size : 128  optimizer_batch_size : -1  lr : 1.024  lr_schedule : cosine  warmup : 8  label_smoothing : 0.1  mixup : 0.0  momentum : 0.125  weight_decay : 3.0517578125e-05  bn_weight_decay : False  nesterov : False  print_freq : 1  resume : None  pretrained_weights :   fp16 : False  static_loss_scale : 1  dynamic_loss_scale : False  prof : 150  amp : False  seed : None  gather_checkpoints : False  raport_file : /workspace/rn50/raport.json  evaluate : False  training_only : True  save_checkpoints : False  checkpoint_filename : checkpoint.pth.tar  workspace : /workspace/rn50  memory_format : nchw  distributed : True  local_rank : 0  gpu : 8  world_size : 16 
 ! Weight decay NOT applied to BN parameters 
98
63
VS002:83855:83855 [0] NCCL INFO Bootstrap : Using [0]ib0:10.11.0.2<0>
VS002:83855:83855 [0] NCCL INFO NET/Plugin : No plugin found (libnccl-net.so), using internal implementation
VS002:83855:83855 [0] NCCL INFO NET/IB : Using [0]mlx5_0:1/IB ; OOB ib0:10.11.0.2<0>
VS002:83855:83855 [0] NCCL INFO Using network IB
NCCL version 2.6.3+cuda10.2
VS002:83855:84639 [0] NCCL INFO Channel 00/02 :    0   3   2   6   7   4   5   1   8  11  10  14  15  12  13   9
VS002:83855:84639 [0] NCCL INFO Channel 01/02 :    0   3   2   6   7   4   5   1   8  11  10  14  15  12  13   9
VS002:83855:84639 [0] NCCL INFO threadThresholds 8/8/64 | 128/8/64 | 8/8/64
VS002:83855:84639 [0] NCCL INFO Trees [0] 1/-1/-1->0->-1|-1->0->1/-1/-1 [1] 1/-1/-1->0->9|9->0->1/-1/-1
VS002:83855:84639 [0] NCCL INFO Setting affinity for GPU 0 to 0f,ff000fff
VS002:83855:84639 [0] NCCL INFO Ring 00 : 9[1b000] -> 0[1a000] [receive] via NET/IB/0
VS002:83855:84639 [0] NCCL INFO Ring 00 : 0[1a000] -> 3[3e000] via P2P/IPC
VS002:83855:84639 [0] NCCL INFO Ring 00 : 0[1a000] -> 1[1b000] via P2P/IPC
VS002:83855:84639 [0] NCCL INFO Ring 01 : 9[1b000] -> 0[1a000] [receive] via NET/IB/0
VS002:83855:84639 [0] NCCL INFO Ring 01 : 0[1a000] -> 3[3e000] via P2P/IPC
VS002:83855:84639 [0] NCCL INFO Ring 01 : 0[1a000] -> 9[1b000] [send] via NET/IB/0
VS002:83855:84639 [0] NCCL INFO Ring 01 : 0[1a000] -> 1[1b000] via P2P/IPC
VS002:83855:84639 [0] NCCL INFO comm 0x7fda10006880 rank 0 nranks 16 cudaDev 0 busId 1a000 - Init COMPLETE
VS002:83855:83855 [0] NCCL INFO Launch mode Parallel
RUNNING EPOCHS FROM 0 TO 1
DLL 2020-09-22 15:06:21.545956 - Epoch: 0 Iteration: 1  train.loss : 7.09658  train.total_ips : 141.91 img/s
DLL 2020-09-22 15:06:22.532852 - Epoch: 0 Iteration: 2  train.loss : 6.94253  train.total_ips : 2075.25 img/s
DLL 2020-09-22 15:06:22.889352 - Epoch: 0 Iteration: 3  train.loss : 6.88064  train.total_ips : 5746.52 img/s
DLL 2020-09-22 15:06:23.244254 - Epoch: 0 Iteration: 4  train.loss : 6.82075  train.total_ips : 5771.97 img/s
DLL 2020-09-22 15:06:23.612660 - Epoch: 0 Iteration: 5  train.loss : 6.78639  train.total_ips : 5573.27 img/s
DLL 2020-09-22 15:06:23.968434 - Epoch: 0 Iteration: 6  train.loss : 6.76505  train.total_ips : 5757.96 img/s
DLL 2020-09-22 15:06:24.363691 - Epoch: 0 Iteration: 7  train.loss : 6.75688  train.total_ips : 5182.80 img/s
DLL 2020-09-22 15:06:24.749736 - Epoch: 0 Iteration: 8  train.loss : 6.74866  train.total_ips : 5307.44 img/s
DLL 2020-09-22 15:06:25.148134 - Epoch: 0 Iteration: 9  train.loss : 6.71711  train.total_ips : 5142.20 img/s
DLL 2020-09-22 15:06:25.505777 - Epoch: 0 Iteration: 10  train.loss : 6.71390  train.total_ips : 5728.54 img/s
DLL 2020-09-22 15:06:25.860856 - Epoch: 0 Iteration: 11  train.loss : 6.70377  train.total_ips : 5769.35 img/s
DLL 2020-09-22 15:06:26.260415 - Epoch: 0 Iteration: 12  train.loss : 6.69375  train.total_ips : 5126.74 img/s
DLL 2020-09-22 15:06:26.675908 - Epoch: 0 Iteration: 13  train.loss : 6.69273  train.total_ips : 4930.66 img/s
DLL 2020-09-22 15:06:27.040661 - Epoch: 0 Iteration: 14  train.loss : 6.70309  train.total_ips : 5616.39 img/s
DLL 2020-09-22 15:06:27.422631 - Epoch: 0 Iteration: 15  train.loss : 6.68003  train.total_ips : 5364.19 img/s
DLL 2020-09-22 15:06:27.781386 - Epoch: 0 Iteration: 16  train.loss : 6.67845  train.total_ips : 5709.22 img/s
DLL 2020-09-22 15:06:28.162332 - Epoch: 0 Iteration: 17  train.loss : 6.68936  train.total_ips : 5377.79 img/s
DLL 2020-09-22 15:06:28.525866 - Epoch: 0 Iteration: 18  train.loss : 6.66637  train.total_ips : 5634.90 img/s
DLL 2020-09-22 15:06:28.926324 - Epoch: 0 Iteration: 19  train.loss : 6.68540  train.total_ips : 5115.60 img/s
DLL 2020-09-22 15:06:29.295546 - Epoch: 0 Iteration: 20  train.loss : 6.67189  train.total_ips : 5549.86 img/s
DLL 2020-09-22 15:06:29.653220 - Epoch: 0 Iteration: 21  train.loss : 6.67213  train.total_ips : 5727.23 img/s
DLL 2020-09-22 15:06:30.021252 - Epoch: 0 Iteration: 22  train.loss : 6.65811  train.total_ips : 5567.00 img/s
DLL 2020-09-22 15:06:30.419915 - Epoch: 0 Iteration: 23  train.loss : 6.66413  train.total_ips : 5138.45 img/s
DLL 2020-09-22 15:06:30.812444 - Epoch: 0 Iteration: 24  train.loss : 6.66125  train.total_ips : 5218.51 img/s
DLL 2020-09-22 15:06:31.168438 - Epoch: 0 Iteration: 25  train.loss : 6.65791  train.total_ips : 5754.61 img/s
DLL 2020-09-22 15:06:31.565655 - Epoch: 0 Iteration: 26  train.loss : 6.67251  train.total_ips : 5158.04 img/s
DLL 2020-09-22 15:06:31.921398 - Epoch: 0 Iteration: 27  train.loss : 6.65817  train.total_ips : 5758.29 img/s
DLL 2020-09-22 15:06:32.307534 - Epoch: 0 Iteration: 28  train.loss : 6.66798  train.total_ips : 5304.80 img/s
DLL 2020-09-22 15:06:32.664283 - Epoch: 0 Iteration: 29  train.loss : 6.65695  train.total_ips : 5742.27 img/s
DLL 2020-09-22 15:06:33.030342 - Epoch: 0 Iteration: 30  train.loss : 6.65087  train.total_ips : 5596.03 img/s
DLL 2020-09-22 15:06:33.429096 - Epoch: 0 Iteration: 31  train.loss : 6.64790  train.total_ips : 5137.18 img/s
DLL 2020-09-22 15:06:33.801286 - Epoch: 0 Iteration: 32  train.loss : 6.66121  train.total_ips : 5504.32 img/s
DLL 2020-09-22 15:06:34.199992 - Epoch: 0 Iteration: 33  train.loss : 6.65325  train.total_ips : 5137.65 img/s
DLL 2020-09-22 15:06:34.556623 - Epoch: 0 Iteration: 34  train.loss : 6.64728  train.total_ips : 5744.67 img/s
DLL 2020-09-22 15:06:34.962339 - Epoch: 0 Iteration: 35  train.loss : 6.63862  train.total_ips : 5049.41 img/s
DLL 2020-09-22 15:06:35.346286 - Epoch: 0 Iteration: 36  train.loss : 6.65800  train.total_ips : 5335.03 img/s
DLL 2020-09-22 15:06:35.702611 - Epoch: 0 Iteration: 37  train.loss : 6.64648  train.total_ips : 5748.72 img/s
DLL 2020-09-22 15:06:36.092570 - Epoch: 0 Iteration: 38  train.loss : 6.66414  train.total_ips : 5252.99 img/s
DLL 2020-09-22 15:06:36.485694 - Epoch: 0 Iteration: 39  train.loss : 6.62838  train.total_ips : 5210.68 img/s
DLL 2020-09-22 15:06:36.869034 - Epoch: 0 Iteration: 40  train.loss : 6.64994  train.total_ips : 5343.70 img/s
DLL 2020-09-22 15:06:37.252583 - Epoch: 0 Iteration: 41  train.loss : 6.66016  train.total_ips : 5341.02 img/s
DLL 2020-09-22 15:06:37.632014 - Epoch: 0 Iteration: 42  train.loss : 6.63110  train.total_ips : 5398.51 img/s
DLL 2020-09-22 15:06:37.994828 - Epoch: 0 Iteration: 43  train.loss : 6.63823  train.total_ips : 5646.18 img/s
DLL 2020-09-22 15:06:38.366518 - Epoch: 0 Iteration: 44  train.loss : 6.64621  train.total_ips : 5512.79 img/s
DLL 2020-09-22 15:06:38.727120 - Epoch: 0 Iteration: 45  train.loss : 6.63672  train.total_ips : 5680.55 img/s
DLL 2020-09-22 15:06:39.087400 - Epoch: 0 Iteration: 46  train.loss : 6.64000  train.total_ips : 5685.90 img/s
DLL 2020-09-22 15:06:39.478784 - Epoch: 0 Iteration: 47  train.loss : 6.66727  train.total_ips : 5235.17 img/s
DLL 2020-09-22 15:06:39.836054 - Epoch: 0 Iteration: 48  train.loss : 6.64197  train.total_ips : 5733.80 img/s
DLL 2020-09-22 15:06:40.213963 - Epoch: 0 Iteration: 49  train.loss : 6.64591  train.total_ips : 5421.26 img/s
DLL 2020-09-22 15:06:40.572418 - Epoch: 0 Iteration: 50  train.loss : 6.64742  train.total_ips : 5714.65 img/s
DLL 2020-09-22 15:06:40.940134 - Epoch: 0 Iteration: 51  train.loss : 6.63943  train.total_ips : 5571.14 img/s
DLL 2020-09-22 15:06:41.313830 - Epoch: 0 Iteration: 52  train.loss : 6.63777  train.total_ips : 5481.70 img/s
DLL 2020-09-22 15:06:41.691069 - Epoch: 0 Iteration: 53  train.loss : 6.62773  train.total_ips : 5430.14 img/s
DLL 2020-09-22 15:06:42.071933 - Epoch: 0 Iteration: 54  train.loss : 6.64551  train.total_ips : 5378.40 img/s
DLL 2020-09-22 15:06:42.436090 - Epoch: 0 Iteration: 55  train.loss : 6.63319  train.total_ips : 5625.23 img/s
DLL 2020-09-22 15:06:42.791875 - Epoch: 0 Iteration: 56  train.loss : 6.63263  train.total_ips : 5757.94 img/s
DLL 2020-09-22 15:06:43.168689 - Epoch: 0 Iteration: 57  train.loss : 6.63122  train.total_ips : 5436.04 img/s
DLL 2020-09-22 15:06:43.525437 - Epoch: 0 Iteration: 58  train.loss : 6.63796  train.total_ips : 5742.03 img/s
DLL 2020-09-22 15:06:43.923828 - Epoch: 0 Iteration: 59  train.loss : 6.63249  train.total_ips : 5141.77 img/s
DLL 2020-09-22 15:06:44.293187 - Epoch: 0 Iteration: 60  train.loss : 6.63945  train.total_ips : 5545.93 img/s
DLL 2020-09-22 15:06:44.670010 - Epoch: 0 Iteration: 61  train.loss : 6.62616  train.total_ips : 5437.06 img/s
DLL 2020-09-22 15:06:45.040426 - Epoch: 0 Iteration: 62  train.loss : 6.62789  train.total_ips : 5530.14 img/s
DLL 2020-09-22 15:06:45.418321 - Epoch: 0 Iteration: 63  train.loss : 6.63614  train.total_ips : 5422.21 img/s
DLL 2020-09-22 15:06:45.784672 - Epoch: 0 Iteration: 64  train.loss : 6.63521  train.total_ips : 5592.78 img/s
DLL 2020-09-22 15:06:46.209811 - Epoch: 0 Iteration: 65  train.loss : 6.62567  train.total_ips : 4818.11 img/s
DLL 2020-09-22 15:06:46.618808 - Epoch: 0 Iteration: 66  train.loss : 6.62512  train.total_ips : 5008.79 img/s
DLL 2020-09-22 15:06:47.012777 - Epoch: 0 Iteration: 67  train.loss : 6.60884  train.total_ips : 5200.17 img/s
DLL 2020-09-22 15:06:47.374385 - Epoch: 0 Iteration: 68  train.loss : 6.62173  train.total_ips : 5665.38 img/s
DLL 2020-09-22 15:06:47.730122 - Epoch: 0 Iteration: 69  train.loss : 6.62465  train.total_ips : 5760.08 img/s
DLL 2020-09-22 15:06:48.120582 - Epoch: 0 Iteration: 70  train.loss : 6.61157  train.total_ips : 5246.52 img/s
DLL 2020-09-22 15:06:48.490392 - Epoch: 0 Iteration: 71  train.loss : 6.62278  train.total_ips : 5539.30 img/s
DLL 2020-09-22 15:06:48.846322 - Epoch: 0 Iteration: 72  train.loss : 6.59948  train.total_ips : 5755.78 img/s
DLL 2020-09-22 15:06:49.231351 - Epoch: 0 Iteration: 73  train.loss : 6.62027  train.total_ips : 5320.55 img/s
DLL 2020-09-22 15:06:49.587548 - Epoch: 0 Iteration: 74  train.loss : 6.61564  train.total_ips : 5750.97 img/s
DLL 2020-09-22 15:06:49.947917 - Epoch: 0 Iteration: 75  train.loss : 6.60290  train.total_ips : 5684.23 img/s
DLL 2020-09-22 15:06:50.312116 - Epoch: 0 Iteration: 76  train.loss : 6.61113  train.total_ips : 5625.02 img/s
DLL 2020-09-22 15:06:50.714283 - Epoch: 0 Iteration: 77  train.loss : 6.60619  train.total_ips : 5096.11 img/s
DLL 2020-09-22 15:06:51.085437 - Epoch: 0 Iteration: 78  train.loss : 6.60425  train.total_ips : 5519.50 img/s
DLL 2020-09-22 15:06:51.450732 - Epoch: 0 Iteration: 79  train.loss : 6.60253  train.total_ips : 5608.23 img/s
DLL 2020-09-22 15:06:51.821441 - Epoch: 0 Iteration: 80  train.loss : 6.59933  train.total_ips : 5525.40 img/s
DLL 2020-09-22 15:06:52.178285 - Epoch: 0 Iteration: 81  train.loss : 6.59019  train.total_ips : 5740.77 img/s
DLL 2020-09-22 15:06:52.572292 - Epoch: 0 Iteration: 82  train.loss : 6.57876  train.total_ips : 5199.16 img/s
DLL 2020-09-22 15:06:52.928538 - Epoch: 0 Iteration: 83  train.loss : 6.60783  train.total_ips : 5750.86 img/s
DLL 2020-09-22 15:06:53.294878 - Epoch: 0 Iteration: 84  train.loss : 6.60079  train.total_ips : 5591.91 img/s
DLL 2020-09-22 15:06:53.651074 - Epoch: 0 Iteration: 85  train.loss : 6.59888  train.total_ips : 5753.05 img/s
DLL 2020-09-22 15:06:54.069054 - Epoch: 0 Iteration: 86  train.loss : 6.59437  train.total_ips : 4901.22 img/s
DLL 2020-09-22 15:06:54.442989 - Epoch: 0 Iteration: 87  train.loss : 6.59434  train.total_ips : 5478.05 img/s
DLL 2020-09-22 15:06:54.829165 - Epoch: 0 Iteration: 88  train.loss : 6.57645  train.total_ips : 5304.51 img/s
DLL 2020-09-22 15:06:55.187434 - Epoch: 0 Iteration: 89  train.loss : 6.58336  train.total_ips : 5718.50 img/s
DLL 2020-09-22 15:06:55.560863 - Epoch: 0 Iteration: 90  train.loss : 6.57638  train.total_ips : 5486.23 img/s
DLL 2020-09-22 15:06:55.936829 - Epoch: 0 Iteration: 91  train.loss : 6.60246  train.total_ips : 5448.21 img/s
DLL 2020-09-22 15:06:56.293161 - Epoch: 0 Iteration: 92  train.loss : 6.57274  train.total_ips : 5749.22 img/s
DLL 2020-09-22 15:06:56.650166 - Epoch: 0 Iteration: 93  train.loss : 6.56771  train.total_ips : 5737.94 img/s
DLL 2020-09-22 15:06:57.023465 - Epoch: 0 Iteration: 94  train.loss : 6.58735  train.total_ips : 5487.43 img/s
DLL 2020-09-22 15:06:57.412329 - Epoch: 0 Iteration: 95  train.loss : 6.56047  train.total_ips : 5267.79 img/s
DLL 2020-09-22 15:06:57.770023 - Epoch: 0 Iteration: 96  train.loss : 6.57158  train.total_ips : 5727.33 img/s
DLL 2020-09-22 15:06:58.128478 - Epoch: 0 Iteration: 97  train.loss : 6.56090  train.total_ips : 5714.74 img/s
DLL 2020-09-22 15:06:58.524460 - Epoch: 0 Iteration: 98  train.loss : 6.56492  train.total_ips : 5173.15 img/s
DLL 2020-09-22 15:06:58.893596 - Epoch: 0 Iteration: 99  train.loss : 6.56226  train.total_ips : 5549.37 img/s
DLL 2020-09-22 15:06:59.282265 - Epoch: 0 Iteration: 100  train.loss : 6.58220  train.total_ips : 5270.76 img/s
DLL 2020-09-22 15:06:59.639113 - Epoch: 0 Iteration: 101  train.loss : 6.56557  train.total_ips : 5740.53 img/s
DLL 2020-09-22 15:06:59.996111 - Epoch: 0 Iteration: 102  train.loss : 6.56899  train.total_ips : 5738.25 img/s
DLL 2020-09-22 15:07:00.370543 - Epoch: 0 Iteration: 103  train.loss : 6.54420  train.total_ips : 5471.39 img/s
DLL 2020-09-22 15:07:00.729644 - Epoch: 0 Iteration: 104  train.loss : 6.56932  train.total_ips : 5705.23 img/s
DLL 2020-09-22 15:07:01.105266 - Epoch: 0 Iteration: 105  train.loss : 6.55731  train.total_ips : 5454.37 img/s
DLL 2020-09-22 15:07:01.480289 - Epoch: 0 Iteration: 106  train.loss : 6.59750  train.total_ips : 5462.21 img/s
DLL 2020-09-22 15:07:01.874442 - Epoch: 0 Iteration: 107  train.loss : 6.55106  train.total_ips : 5199.54 img/s
DLL 2020-09-22 15:07:02.252017 - Epoch: 0 Iteration: 108  train.loss : 6.57484  train.total_ips : 5425.12 img/s
DLL 2020-09-22 15:07:02.629120 - Epoch: 0 Iteration: 109  train.loss : 6.53916  train.total_ips : 5431.87 img/s
DLL 2020-09-22 15:07:02.985605 - Epoch: 0 Iteration: 110  train.loss : 6.53025  train.total_ips : 5746.39 img/s
DLL 2020-09-22 15:07:03.343064 - Epoch: 0 Iteration: 111  train.loss : 6.55632  train.total_ips : 5730.81 img/s
DLL 2020-09-22 15:07:03.723579 - Epoch: 0 Iteration: 112  train.loss : 6.54619  train.total_ips : 5383.29 img/s
DLL 2020-09-22 15:07:04.087346 - Epoch: 0 Iteration: 113  train.loss : 6.54604  train.total_ips : 5631.28 img/s
DLL 2020-09-22 15:07:04.443869 - Epoch: 0 Iteration: 114  train.loss : 6.53264  train.total_ips : 5745.93 img/s
DLL 2020-09-22 15:07:04.826489 - Epoch: 0 Iteration: 115  train.loss : 6.54163  train.total_ips : 5353.68 img/s
DLL 2020-09-22 15:07:05.183571 - Epoch: 0 Iteration: 116  train.loss : 6.50623  train.total_ips : 5736.73 img/s
DLL 2020-09-22 15:07:05.549601 - Epoch: 0 Iteration: 117  train.loss : 6.53057  train.total_ips : 5596.75 img/s
DLL 2020-09-22 15:07:05.907169 - Epoch: 0 Iteration: 118  train.loss : 6.52545  train.total_ips : 5728.65 img/s
DLL 2020-09-22 15:07:06.263201 - Epoch: 0 Iteration: 119  train.loss : 6.53324  train.total_ips : 5753.72 img/s
DLL 2020-09-22 15:07:06.639932 - Epoch: 0 Iteration: 120  train.loss : 6.51631  train.total_ips : 5437.61 img/s
DLL 2020-09-22 15:07:06.995331 - Epoch: 0 Iteration: 121  train.loss : 6.52507  train.total_ips : 5763.83 img/s
DLL 2020-09-22 15:07:07.418048 - Epoch: 0 Iteration: 122  train.loss : 6.51470  train.total_ips : 4846.05 img/s
DLL 2020-09-22 15:07:07.777024 - Epoch: 0 Iteration: 123  train.loss : 6.51324  train.total_ips : 5707.87 img/s
DLL 2020-09-22 15:07:08.197469 - Epoch: 0 Iteration: 124  train.loss : 6.51675  train.total_ips : 4872.18 img/s
DLL 2020-09-22 15:07:08.566656 - Epoch: 0 Iteration: 125  train.loss : 6.50213  train.total_ips : 5550.36 img/s
DLL 2020-09-22 15:07:08.932407 - Epoch: 0 Iteration: 126  train.loss : 6.51458  train.total_ips : 5600.66 img/s
DLL 2020-09-22 15:07:09.312210 - Epoch: 0 Iteration: 127  train.loss : 6.51139  train.total_ips : 5393.23 img/s
DLL 2020-09-22 15:07:09.727088 - Epoch: 0 Iteration: 128  train.loss : 6.50859  train.total_ips : 4937.31 img/s
DLL 2020-09-22 15:07:10.131459 - Epoch: 0 Iteration: 129  train.loss : 6.48787  train.total_ips : 5066.01 img/s
DLL 2020-09-22 15:07:10.522790 - Epoch: 0 Iteration: 130  train.loss : 6.49882  train.total_ips : 5234.81 img/s
DLL 2020-09-22 15:07:10.880227 - Epoch: 0 Iteration: 131  train.loss : 6.49127  train.total_ips : 5730.64 img/s
DLL 2020-09-22 15:07:11.240731 - Epoch: 0 Iteration: 132  train.loss : 6.49436  train.total_ips : 5682.25 img/s
DLL 2020-09-22 15:07:11.597123 - Epoch: 0 Iteration: 133  train.loss : 6.49478  train.total_ips : 5747.74 img/s
DLL 2020-09-22 15:07:11.954661 - Epoch: 0 Iteration: 134  train.loss : 6.50053  train.total_ips : 5729.33 img/s
DLL 2020-09-22 15:07:12.312722 - Epoch: 0 Iteration: 135  train.loss : 6.49508  train.total_ips : 5721.12 img/s
DLL 2020-09-22 15:07:12.669996 - Epoch: 0 Iteration: 136  train.loss : 6.49018  train.total_ips : 5733.58 img/s
DLL 2020-09-22 15:07:13.026406 - Epoch: 0 Iteration: 137  train.loss : 6.48470  train.total_ips : 5747.70 img/s
DLL 2020-09-22 15:07:13.387111 - Epoch: 0 Iteration: 138  train.loss : 6.49133  train.total_ips : 5680.22 img/s
DLL 2020-09-22 15:07:13.785493 - Epoch: 0 Iteration: 139  train.loss : 6.46878  train.total_ips : 5142.83 img/s
DLL 2020-09-22 15:07:14.186893 - Epoch: 0 Iteration: 140  train.loss : 6.49392  train.total_ips : 5103.11 img/s
DLL 2020-09-22 15:07:14.557539 - Epoch: 0 Iteration: 141  train.loss : 6.49351  train.total_ips : 5527.75 img/s
DLL 2020-09-22 15:07:14.966639 - Epoch: 0 Iteration: 142  train.loss : 6.45146  train.total_ips : 5007.11 img/s
DLL 2020-09-22 15:07:15.330593 - Epoch: 0 Iteration: 143  train.loss : 6.45401  train.total_ips : 5628.35 img/s
DLL 2020-09-22 15:07:15.697107 - Epoch: 0 Iteration: 144  train.loss : 6.47051  train.total_ips : 5589.11 img/s
DLL 2020-09-22 15:07:16.055361 - Epoch: 0 Iteration: 145  train.loss : 6.43605  train.total_ips : 5718.24 img/s
DLL 2020-09-22 15:07:16.493896 - Epoch: 0 Iteration: 146  train.loss : 6.44486  train.total_ips : 4670.91 img/s
DLL 2020-09-22 15:07:16.853372 - Epoch: 0 Iteration: 147  train.loss : 6.44336  train.total_ips : 5699.71 img/s
DLL 2020-09-22 15:07:17.230509 - Epoch: 0 Iteration: 148  train.loss : 6.46073  train.total_ips : 5431.30 img/s
DLL 2020-09-22 15:07:17.590346 - Epoch: 0 Iteration: 149  train.loss : 6.42416  train.total_ips : 5692.91 img/s
DLL 2020-09-22 15:07:17.947878 - Epoch: 0  train.loss : 6.60294  train.total_ips : 5425.66 img/s
DLL 2020-09-22 15:07:17.948033 - Epoch: 0  lr : 0.128  train.compute_ips : 5445.41 img/s train.data_time : 0.00140 s train.compute_time : 0.47071 s
DLL 2020-09-22 15:07:17.948163 - Summary: train.loss : 6.60294  train.total_ips : 5425.66 img/s
DLL 2020-09-22 15:07:17.948218 - Summary: lr : 0.128  train.compute_ips : 5445.41 img/s train.data_time : 0.00140 s train.compute_time : 0.47071 s
Experiment ended
['/opt/conda/bin/python', '-u', '/workspace/rn50/main.py', '--data-backend', 'dali-cpu', '--raport-file', '/workspace/rn50/raport.json', '-j8', '-p', '1', '--lr', '1.024', '--optimizer-batch-size', '-1', '--warmup', '8', '--arch', 'resnet50', '-c', 'fanin', '--label-smoothing', '0.1', '--lr-schedule', 'cosine', '--mom', '0.125', '--wd', '3.0517578125e-05', '--workspace', '/workspace/rn50', '-b', '128', '--epochs', '1', '--prof', '150', '--training-only', '--no-checkpoints', '/data/image']
['/opt/conda/bin/python', '-u', '/workspace/rn50/main.py', '--data-backend', 'dali-cpu', '--raport-file', '/workspace/rn50/raport.json', '-j8', '-p', '1', '--lr', '1.024', '--optimizer-batch-size', '-1', '--warmup', '8', '--arch', 'resnet50', '-c', 'fanin', '--label-smoothing', '0.1', '--lr-schedule', 'cosine', '--mom', '0.125', '--wd', '3.0517578125e-05', '--workspace', '/workspace/rn50', '-b', '128', '--epochs', '1', '--prof', '150', '--training-only', '--no-checkpoints', '/data/image']
['/opt/conda/bin/python', '-u', '/workspace/rn50/main.py', '--data-backend', 'dali-cpu', '--raport-file', '/workspace/rn50/raport.json', '-j8', '-p', '1', '--lr', '1.024', '--optimizer-batch-size', '-1', '--warmup', '8', '--arch', 'resnet50', '-c', 'fanin', '--label-smoothing', '0.1', '--lr-schedule', 'cosine', '--mom', '0.125', '--wd', '3.0517578125e-05', '--workspace', '/workspace/rn50', '-b', '128', '--epochs', '1', '--prof', '150', '--training-only', '--no-checkpoints', '/data/image']
['/opt/conda/bin/python', '-u', '/workspace/rn50/main.py', '--data-backend', 'dali-cpu', '--raport-file', '/workspace/rn50/raport.json', '-j8', '-p', '1', '--lr', '1.024', '--optimizer-batch-size', '-1', '--warmup', '8', '--arch', 'resnet50', '-c', 'fanin', '--label-smoothing', '0.1', '--lr-schedule', 'cosine', '--mom', '0.125', '--wd', '3.0517578125e-05', '--workspace', '/workspace/rn50', '-b', '128', '--epochs', '1', '--prof', '150', '--training-only', '--no-checkpoints', '/data/image']
['/opt/conda/bin/python', '-u', '/workspace/rn50/main.py', '--data-backend', 'dali-cpu', '--raport-file', '/workspace/rn50/raport.json', '-j8', '-p', '1', '--lr', '1.024', '--optimizer-batch-size', '-1', '--warmup', '8', '--arch', 'resnet50', '-c', 'fanin', '--label-smoothing', '0.1', '--lr-schedule', 'cosine', '--mom', '0.125', '--wd', '3.0517578125e-05', '--workspace', '/workspace/rn50', '-b', '128', '--epochs', '1', '--prof', '150', '--training-only', '--no-checkpoints', '/data/image']
['/opt/conda/bin/python', '-u', '/workspace/rn50/main.py', '--data-backend', 'dali-cpu', '--raport-file', '/workspace/rn50/raport.json', '-j8', '-p', '1', '--lr', '1.024', '--optimizer-batch-size', '-1', '--warmup', '8', '--arch', 'resnet50', '-c', 'fanin', '--label-smoothing', '0.1', '--lr-schedule', 'cosine', '--mom', '0.125', '--wd', '3.0517578125e-05', '--workspace', '/workspace/rn50', '-b', '128', '--epochs', '1', '--prof', '150', '--training-only', '--no-checkpoints', '/data/image']
['/opt/conda/bin/python', '-u', '/workspace/rn50/main.py', '--data-backend', 'dali-cpu', '--raport-file', '/workspace/rn50/raport.json', '-j8', '-p', '1', '--lr', '1.024', '--optimizer-batch-size', '-1', '--warmup', '8', '--arch', 'resnet50', '-c', 'fanin', '--label-smoothing', '0.1', '--lr-schedule', 'cosine', '--mom', '0.125', '--wd', '3.0517578125e-05', '--workspace', '/workspace/rn50', '-b', '128', '--epochs', '1', '--prof', '150', '--training-only', '--no-checkpoints', '/data/image']
['/opt/conda/bin/python', '-u', '/workspace/rn50/main.py', '--data-backend', 'dali-cpu', '--raport-file', '/workspace/rn50/raport.json', '-j8', '-p', '1', '--lr', '1.024', '--optimizer-batch-size', '-1', '--warmup', '8', '--arch', 'resnet50', '-c', 'fanin', '--label-smoothing', '0.1', '--lr-schedule', 'cosine', '--mom', '0.125', '--wd', '3.0517578125e-05', '--workspace', '/workspace/rn50', '-b', '128', '--epochs', '1', '--prof', '150', '--training-only', '--no-checkpoints', '/data/image']
