+ python /workspace/rn50/multiproc.py --nnodes 2 --node_rank 0 --nproc_per_node 8 --master_addr 10.11.0.2 --master_port=22333 /workspace/rn50/main.py --data-backend dali-cpu --raport-file /workspace/rn50/raport.json -j8 -p 1 --lr 1.024 --optimizer-batch-size -1 --warmup 8 --arch resnet50 -c fanin --label-smoothing 0.1 --lr-schedule cosine --mom 0.125 --wd 3.0517578125e-05 --workspace /workspace/rn50 -b 128 --epochs 1 --prof 150 --training-only --no-checkpoints /data/image
=> creating model '('resnet50', 'fanin', 1000)'
Version: {'net': <class 'image_classification.resnet.ResNet'>, 'block': <class 'image_classification.resnet.Bottleneck'>, 'layers': [3, 4, 6, 3], 'widths': [64, 128, 256, 512], 'expansion': 4}
Config: {'conv': <class 'torch.nn.modules.conv.Conv2d'>, 'conv_init': 'fan_in', 'nonlinearity': 'relu', 'last_bn_0_init': False, 'activation': <function <lambda> at 0x7f21562f99d8>}
Num classes: 1000
i'm distributed in dali~~~~~~~~~~~~~~~~~
rank in dali:  0
world_size in dali:  16
read 886372 files from 698 directories
read 50000 files from 1000 directories
DLL 2020-09-22 15:08:00.561448 - PARAMETER data : /data/image  data_backend : dali-cpu  arch : resnet50  model_config : fanin  num_classes : 1000  workers : 8  epochs : 1  run_epochs : -1  batch_size : 128  optimizer_batch_size : -1  lr : 1.024  lr_schedule : cosine  warmup : 8  label_smoothing : 0.1  mixup : 0.0  momentum : 0.125  weight_decay : 3.0517578125e-05  bn_weight_decay : False  nesterov : False  print_freq : 1  resume : None  pretrained_weights :   fp16 : False  static_loss_scale : 1  dynamic_loss_scale : False  prof : 150  amp : False  seed : None  gather_checkpoints : False  raport_file : /workspace/rn50/raport.json  evaluate : False  training_only : True  save_checkpoints : False  checkpoint_filename : checkpoint.pth.tar  workspace : /workspace/rn50  memory_format : nchw  distributed : True  local_rank : 0  gpu : 8  world_size : 16 
 ! Weight decay NOT applied to BN parameters 
98
63
VS002:85232:85232 [0] NCCL INFO Bootstrap : Using [0]ib0:10.11.0.2<0>
VS002:85232:85232 [0] NCCL INFO NET/Plugin : No plugin found (libnccl-net.so), using internal implementation
VS002:85232:85232 [0] NCCL INFO NET/IB : Using [0]mlx5_0:1/IB ; OOB ib0:10.11.0.2<0>
VS002:85232:85232 [0] NCCL INFO Using network IB
NCCL version 2.6.3+cuda10.2
VS002:85232:86040 [0] NCCL INFO Channel 00/02 :    0   3   2   6   7   4   5   1   8  11  10  14  15  12  13   9
VS002:85232:86040 [0] NCCL INFO Channel 01/02 :    0   3   2   6   7   4   5   1   8  11  10  14  15  12  13   9
VS002:85232:86040 [0] NCCL INFO threadThresholds 8/8/64 | 128/8/64 | 8/8/64
VS002:85232:86040 [0] NCCL INFO Trees [0] 1/-1/-1->0->-1|-1->0->1/-1/-1 [1] 1/-1/-1->0->9|9->0->1/-1/-1
VS002:85232:86040 [0] NCCL INFO Setting affinity for GPU 0 to 0f,ff000fff
VS002:85232:86040 [0] NCCL INFO Ring 00 : 9[1b000] -> 0[1a000] [receive] via NET/IB/0
VS002:85232:86040 [0] NCCL INFO Ring 00 : 0[1a000] -> 3[3e000] via P2P/IPC
VS002:85232:86040 [0] NCCL INFO Ring 00 : 0[1a000] -> 1[1b000] via P2P/IPC
VS002:85232:86040 [0] NCCL INFO Ring 01 : 9[1b000] -> 0[1a000] [receive] via NET/IB/0
VS002:85232:86040 [0] NCCL INFO Ring 01 : 0[1a000] -> 3[3e000] via P2P/IPC
VS002:85232:86040 [0] NCCL INFO Ring 01 : 0[1a000] -> 9[1b000] [send] via NET/IB/0
VS002:85232:86040 [0] NCCL INFO Ring 01 : 0[1a000] -> 1[1b000] via P2P/IPC
VS002:85232:86040 [0] NCCL INFO comm 0x7f1edc006880 rank 0 nranks 16 cudaDev 0 busId 1a000 - Init COMPLETE
VS002:85232:85232 [0] NCCL INFO Launch mode Parallel
RUNNING EPOCHS FROM 0 TO 1
DLL 2020-09-22 15:08:18.168457 - Epoch: 0 Iteration: 1  train.loss : 7.10822  train.total_ips : 140.73 img/s
DLL 2020-09-22 15:08:19.118379 - Epoch: 0 Iteration: 2  train.loss : 6.96244  train.total_ips : 2156.03 img/s
DLL 2020-09-22 15:08:19.473728 - Epoch: 0 Iteration: 3  train.loss : 6.87177  train.total_ips : 5765.25 img/s
DLL 2020-09-22 15:08:19.829078 - Epoch: 0 Iteration: 4  train.loss : 6.81087  train.total_ips : 5765.05 img/s
DLL 2020-09-22 15:08:20.186884 - Epoch: 0 Iteration: 5  train.loss : 6.78890  train.total_ips : 5725.42 img/s
DLL 2020-09-22 15:08:20.544304 - Epoch: 0 Iteration: 6  train.loss : 6.76243  train.total_ips : 5732.01 img/s
DLL 2020-09-22 15:08:20.908073 - Epoch: 0 Iteration: 7  train.loss : 6.76082  train.total_ips : 5630.86 img/s
DLL 2020-09-22 15:08:21.293619 - Epoch: 0 Iteration: 8  train.loss : 6.73832  train.total_ips : 5314.13 img/s
DLL 2020-09-22 15:08:21.675645 - Epoch: 0 Iteration: 9  train.loss : 6.71702  train.total_ips : 5362.16 img/s
DLL 2020-09-22 15:08:22.040579 - Epoch: 0 Iteration: 10  train.loss : 6.71205  train.total_ips : 5613.40 img/s
DLL 2020-09-22 15:08:22.443766 - Epoch: 0 Iteration: 11  train.loss : 6.70010  train.total_ips : 5080.73 img/s
DLL 2020-09-22 15:08:22.800222 - Epoch: 0 Iteration: 12  train.loss : 6.69786  train.total_ips : 5747.13 img/s
DLL 2020-09-22 15:08:23.170296 - Epoch: 0 Iteration: 13  train.loss : 6.70299  train.total_ips : 5536.05 img/s
DLL 2020-09-22 15:08:23.537288 - Epoch: 0 Iteration: 14  train.loss : 6.69852  train.total_ips : 5581.97 img/s
DLL 2020-09-22 15:08:23.944729 - Epoch: 0 Iteration: 15  train.loss : 6.67937  train.total_ips : 5028.22 img/s
DLL 2020-09-22 15:08:24.309053 - Epoch: 0 Iteration: 16  train.loss : 6.67548  train.total_ips : 5624.98 img/s
DLL 2020-09-22 15:08:24.714421 - Epoch: 0 Iteration: 17  train.loss : 6.69569  train.total_ips : 5053.70 img/s
DLL 2020-09-22 15:08:25.093645 - Epoch: 0 Iteration: 18  train.loss : 6.66584  train.total_ips : 5401.60 img/s
DLL 2020-09-22 15:08:25.485336 - Epoch: 0 Iteration: 19  train.loss : 6.67333  train.total_ips : 5229.74 img/s
DLL 2020-09-22 15:08:25.892071 - Epoch: 0 Iteration: 20  train.loss : 6.67606  train.total_ips : 5036.29 img/s
DLL 2020-09-22 15:08:26.248076 - Epoch: 0 Iteration: 21  train.loss : 6.67142  train.total_ips : 5754.28 img/s
DLL 2020-09-22 15:08:26.603442 - Epoch: 0 Iteration: 22  train.loss : 6.66081  train.total_ips : 5764.55 img/s
DLL 2020-09-22 15:08:26.986836 - Epoch: 0 Iteration: 23  train.loss : 6.66331  train.total_ips : 5343.50 img/s
DLL 2020-09-22 15:08:27.384565 - Epoch: 0 Iteration: 24  train.loss : 6.66211  train.total_ips : 5150.71 img/s
DLL 2020-09-22 15:08:27.744215 - Epoch: 0 Iteration: 25  train.loss : 6.65772  train.total_ips : 5695.69 img/s
DLL 2020-09-22 15:08:28.114114 - Epoch: 0 Iteration: 26  train.loss : 6.66083  train.total_ips : 5537.97 img/s
DLL 2020-09-22 15:08:28.503443 - Epoch: 0 Iteration: 27  train.loss : 6.65339  train.total_ips : 5261.67 img/s
DLL 2020-09-22 15:08:28.912724 - Epoch: 0 Iteration: 28  train.loss : 6.65306  train.total_ips : 5004.79 img/s
DLL 2020-09-22 15:08:29.276904 - Epoch: 0 Iteration: 29  train.loss : 6.65643  train.total_ips : 5624.86 img/s
DLL 2020-09-22 15:08:29.633006 - Epoch: 0 Iteration: 30  train.loss : 6.64784  train.total_ips : 5753.44 img/s
DLL 2020-09-22 15:08:29.989237 - Epoch: 0 Iteration: 31  train.loss : 6.63533  train.total_ips : 5750.86 img/s
DLL 2020-09-22 15:08:30.365537 - Epoch: 0 Iteration: 32  train.loss : 6.66036  train.total_ips : 5443.63 img/s
DLL 2020-09-22 15:08:30.763135 - Epoch: 0 Iteration: 33  train.loss : 6.65188  train.total_ips : 5152.01 img/s
DLL 2020-09-22 15:08:31.119315 - Epoch: 0 Iteration: 34  train.loss : 6.65017  train.total_ips : 5751.39 img/s
DLL 2020-09-22 15:08:31.492205 - Epoch: 0 Iteration: 35  train.loss : 6.64727  train.total_ips : 5493.56 img/s
DLL 2020-09-22 15:08:31.853117 - Epoch: 0 Iteration: 36  train.loss : 6.65426  train.total_ips : 5675.96 img/s
DLL 2020-09-22 15:08:32.210849 - Epoch: 0 Iteration: 37  train.loss : 6.64988  train.total_ips : 5726.38 img/s
DLL 2020-09-22 15:08:32.572717 - Epoch: 0 Iteration: 38  train.loss : 6.65252  train.total_ips : 5661.73 img/s
DLL 2020-09-22 15:08:32.969733 - Epoch: 0 Iteration: 39  train.loss : 6.62348  train.total_ips : 5160.51 img/s
DLL 2020-09-22 15:08:33.326535 - Epoch: 0 Iteration: 40  train.loss : 6.63954  train.total_ips : 5740.71 img/s
DLL 2020-09-22 15:08:33.684526 - Epoch: 0 Iteration: 41  train.loss : 6.65408  train.total_ips : 5722.18 img/s
DLL 2020-09-22 15:08:34.068789 - Epoch: 0 Iteration: 42  train.loss : 6.62823  train.total_ips : 5330.94 img/s
DLL 2020-09-22 15:08:34.430614 - Epoch: 0 Iteration: 43  train.loss : 6.63747  train.total_ips : 5661.69 img/s
DLL 2020-09-22 15:08:34.786041 - Epoch: 0 Iteration: 44  train.loss : 6.65089  train.total_ips : 5763.47 img/s
DLL 2020-09-22 15:08:35.142751 - Epoch: 0 Iteration: 45  train.loss : 6.63870  train.total_ips : 5742.83 img/s
DLL 2020-09-22 15:08:35.527448 - Epoch: 0 Iteration: 46  train.loss : 6.63915  train.total_ips : 5324.88 img/s
DLL 2020-09-22 15:08:35.914986 - Epoch: 0 Iteration: 47  train.loss : 6.65988  train.total_ips : 5285.77 img/s
DLL 2020-09-22 15:08:36.285705 - Epoch: 0 Iteration: 48  train.loss : 6.63221  train.total_ips : 5525.58 img/s
DLL 2020-09-22 15:08:36.674340 - Epoch: 0 Iteration: 49  train.loss : 6.64650  train.total_ips : 5271.99 img/s
DLL 2020-09-22 15:08:37.041600 - Epoch: 0 Iteration: 50  train.loss : 6.64317  train.total_ips : 5577.23 img/s
DLL 2020-09-22 15:08:37.398378 - Epoch: 0 Iteration: 51  train.loss : 6.63006  train.total_ips : 5741.69 img/s
DLL 2020-09-22 15:08:37.771990 - Epoch: 0 Iteration: 52  train.loss : 6.64388  train.total_ips : 5482.77 img/s
DLL 2020-09-22 15:08:38.128588 - Epoch: 0 Iteration: 53  train.loss : 6.62879  train.total_ips : 5744.47 img/s
DLL 2020-09-22 15:08:38.546757 - Epoch: 0 Iteration: 54  train.loss : 6.65138  train.total_ips : 4898.67 img/s
DLL 2020-09-22 15:08:38.905387 - Epoch: 0 Iteration: 55  train.loss : 6.63200  train.total_ips : 5712.18 img/s
DLL 2020-09-22 15:08:39.289082 - Epoch: 0 Iteration: 56  train.loss : 6.62156  train.total_ips : 5338.72 img/s
DLL 2020-09-22 15:08:39.687085 - Epoch: 0 Iteration: 57  train.loss : 6.62140  train.total_ips : 5146.72 img/s
DLL 2020-09-22 15:08:40.058534 - Epoch: 0 Iteration: 58  train.loss : 6.63582  train.total_ips : 5514.90 img/s
DLL 2020-09-22 15:08:40.415730 - Epoch: 0 Iteration: 59  train.loss : 6.61922  train.total_ips : 5734.82 img/s
DLL 2020-09-22 15:08:40.790094 - Epoch: 0 Iteration: 60  train.loss : 6.61720  train.total_ips : 5471.88 img/s
DLL 2020-09-22 15:08:41.148718 - Epoch: 0 Iteration: 61  train.loss : 6.61143  train.total_ips : 5712.00 img/s
DLL 2020-09-22 15:08:41.518446 - Epoch: 0 Iteration: 62  train.loss : 6.62375  train.total_ips : 5541.12 img/s
DLL 2020-09-22 15:08:41.874094 - Epoch: 0 Iteration: 63  train.loss : 6.62106  train.total_ips : 5759.56 img/s
DLL 2020-09-22 15:08:42.311965 - Epoch: 0 Iteration: 64  train.loss : 6.62117  train.total_ips : 4678.05 img/s
DLL 2020-09-22 15:08:42.680346 - Epoch: 0 Iteration: 65  train.loss : 6.61993  train.total_ips : 5560.71 img/s
DLL 2020-09-22 15:08:43.038497 - Epoch: 0 Iteration: 66  train.loss : 6.60954  train.total_ips : 5719.88 img/s
DLL 2020-09-22 15:08:43.415722 - Epoch: 0 Iteration: 67  train.loss : 6.60006  train.total_ips : 5430.18 img/s
DLL 2020-09-22 15:08:43.772372 - Epoch: 0 Iteration: 68  train.loss : 6.61418  train.total_ips : 5743.74 img/s
DLL 2020-09-22 15:08:44.159886 - Epoch: 0 Iteration: 69  train.loss : 6.62104  train.total_ips : 5286.21 img/s
DLL 2020-09-22 15:08:44.516568 - Epoch: 0 Iteration: 70  train.loss : 6.60541  train.total_ips : 5743.15 img/s
DLL 2020-09-22 15:08:44.904721 - Epoch: 0 Iteration: 71  train.loss : 6.60684  train.total_ips : 5277.56 img/s
DLL 2020-09-22 15:08:45.272004 - Epoch: 0 Iteration: 72  train.loss : 6.59719  train.total_ips : 5577.29 img/s
DLL 2020-09-22 15:08:45.660586 - Epoch: 0 Iteration: 73  train.loss : 6.60886  train.total_ips : 5271.81 img/s
DLL 2020-09-22 15:08:46.055649 - Epoch: 0 Iteration: 74  train.loss : 6.61292  train.total_ips : 5185.05 img/s
DLL 2020-09-22 15:08:46.418412 - Epoch: 0 Iteration: 75  train.loss : 6.59879  train.total_ips : 5646.76 img/s
DLL 2020-09-22 15:08:46.808549 - Epoch: 0 Iteration: 76  train.loss : 6.60838  train.total_ips : 5250.59 img/s
DLL 2020-09-22 15:08:47.166205 - Epoch: 0 Iteration: 77  train.loss : 6.59771  train.total_ips : 5727.51 img/s
DLL 2020-09-22 15:08:47.522620 - Epoch: 0 Iteration: 78  train.loss : 6.59253  train.total_ips : 5747.37 img/s
DLL 2020-09-22 15:08:47.896691 - Epoch: 0 Iteration: 79  train.loss : 6.59867  train.total_ips : 5476.07 img/s
DLL 2020-09-22 15:08:48.257020 - Epoch: 0 Iteration: 80  train.loss : 6.59476  train.total_ips : 5685.45 img/s
DLL 2020-09-22 15:08:48.648924 - Epoch: 0 Iteration: 81  train.loss : 6.59208  train.total_ips : 5226.94 img/s
DLL 2020-09-22 15:08:49.006494 - Epoch: 0 Iteration: 82  train.loss : 6.58047  train.total_ips : 5728.71 img/s
DLL 2020-09-22 15:08:49.363143 - Epoch: 0 Iteration: 83  train.loss : 6.61370  train.total_ips : 5743.67 img/s
DLL 2020-09-22 15:08:49.746967 - Epoch: 0 Iteration: 84  train.loss : 6.59881  train.total_ips : 5337.07 img/s
DLL 2020-09-22 15:08:50.143228 - Epoch: 0 Iteration: 85  train.loss : 6.59868  train.total_ips : 5170.14 img/s
DLL 2020-09-22 15:08:50.499355 - Epoch: 0 Iteration: 86  train.loss : 6.60104  train.total_ips : 5751.66 img/s
DLL 2020-09-22 15:08:50.857732 - Epoch: 0 Iteration: 87  train.loss : 6.60153  train.total_ips : 5715.96 img/s
DLL 2020-09-22 15:08:51.311558 - Epoch: 0 Iteration: 88  train.loss : 6.58558  train.total_ips : 4513.75 img/s
DLL 2020-09-22 15:08:51.669237 - Epoch: 0 Iteration: 89  train.loss : 6.58552  train.total_ips : 5726.94 img/s
DLL 2020-09-22 15:08:52.026545 - Epoch: 0 Iteration: 90  train.loss : 6.56872  train.total_ips : 5733.07 img/s
DLL 2020-09-22 15:08:52.393221 - Epoch: 0 Iteration: 91  train.loss : 6.58145  train.total_ips : 5587.71 img/s
DLL 2020-09-22 15:08:52.750868 - Epoch: 0 Iteration: 92  train.loss : 6.56943  train.total_ips : 5727.28 img/s
DLL 2020-09-22 15:08:53.107324 - Epoch: 0 Iteration: 93  train.loss : 6.56795  train.total_ips : 5746.83 img/s
DLL 2020-09-22 15:08:53.474350 - Epoch: 0 Iteration: 94  train.loss : 6.59162  train.total_ips : 5581.29 img/s
DLL 2020-09-22 15:08:53.851058 - Epoch: 0 Iteration: 95  train.loss : 6.56312  train.total_ips : 5437.82 img/s
DLL 2020-09-22 15:08:54.277397 - Epoch: 0 Iteration: 96  train.loss : 6.56914  train.total_ips : 4804.79 img/s
DLL 2020-09-22 15:08:54.651097 - Epoch: 0 Iteration: 97  train.loss : 6.55506  train.total_ips : 5481.50 img/s
DLL 2020-09-22 15:08:55.007861 - Epoch: 0 Iteration: 98  train.loss : 6.56131  train.total_ips : 5742.10 img/s
DLL 2020-09-22 15:08:55.386490 - Epoch: 0 Iteration: 99  train.loss : 6.55918  train.total_ips : 5410.28 img/s
DLL 2020-09-22 15:08:55.795741 - Epoch: 0 Iteration: 100  train.loss : 6.57655  train.total_ips : 5005.32 img/s
DLL 2020-09-22 15:08:56.165496 - Epoch: 0 Iteration: 101  train.loss : 6.56806  train.total_ips : 5540.13 img/s
DLL 2020-09-22 15:08:56.521880 - Epoch: 0 Iteration: 102  train.loss : 6.56566  train.total_ips : 5747.87 img/s
DLL 2020-09-22 15:08:56.903491 - Epoch: 0 Iteration: 103  train.loss : 6.53411  train.total_ips : 5367.91 img/s
DLL 2020-09-22 15:08:57.262082 - Epoch: 0 Iteration: 104  train.loss : 6.56673  train.total_ips : 5712.48 img/s
DLL 2020-09-22 15:08:57.618808 - Epoch: 0 Iteration: 105  train.loss : 6.55463  train.total_ips : 5742.54 img/s
DLL 2020-09-22 15:08:57.986615 - Epoch: 0 Iteration: 106  train.loss : 6.59373  train.total_ips : 5569.37 img/s
DLL 2020-09-22 15:08:58.343479 - Epoch: 0 Iteration: 107  train.loss : 6.54982  train.total_ips : 5740.45 img/s
DLL 2020-09-22 15:08:58.736492 - Epoch: 0 Iteration: 108  train.loss : 6.57610  train.total_ips : 5212.41 img/s
DLL 2020-09-22 15:08:59.093808 - Epoch: 0 Iteration: 109  train.loss : 6.54020  train.total_ips : 5732.93 img/s
DLL 2020-09-22 15:08:59.452851 - Epoch: 0 Iteration: 110  train.loss : 6.54009  train.total_ips : 5705.48 img/s
DLL 2020-09-22 15:08:59.841482 - Epoch: 0 Iteration: 111  train.loss : 6.55619  train.total_ips : 5272.17 img/s
DLL 2020-09-22 15:09:00.198960 - Epoch: 0 Iteration: 112  train.loss : 6.55354  train.total_ips : 5730.33 img/s
DLL 2020-09-22 15:09:00.577160 - Epoch: 0 Iteration: 113  train.loss : 6.54825  train.total_ips : 5416.07 img/s
DLL 2020-09-22 15:09:00.961470 - Epoch: 0 Iteration: 114  train.loss : 6.54647  train.total_ips : 5330.14 img/s
DLL 2020-09-22 15:09:01.318616 - Epoch: 0 Iteration: 115  train.loss : 6.54297  train.total_ips : 5735.64 img/s
DLL 2020-09-22 15:09:01.689719 - Epoch: 0 Iteration: 116  train.loss : 6.50880  train.total_ips : 5519.87 img/s
DLL 2020-09-22 15:09:02.047221 - Epoch: 0 Iteration: 117  train.loss : 6.54750  train.total_ips : 5730.24 img/s
DLL 2020-09-22 15:09:02.405006 - Epoch: 0 Iteration: 118  train.loss : 6.52079  train.total_ips : 5725.28 img/s
DLL 2020-09-22 15:09:02.811650 - Epoch: 0 Iteration: 119  train.loss : 6.52554  train.total_ips : 5037.49 img/s
DLL 2020-09-22 15:09:03.171955 - Epoch: 0 Iteration: 120  train.loss : 6.52889  train.total_ips : 5685.41 img/s
DLL 2020-09-22 15:09:03.529503 - Epoch: 0 Iteration: 121  train.loss : 6.52433  train.total_ips : 5729.22 img/s
DLL 2020-09-22 15:09:03.904813 - Epoch: 0 Iteration: 122  train.loss : 6.51720  train.total_ips : 5458.06 img/s
DLL 2020-09-22 15:09:04.312758 - Epoch: 0 Iteration: 123  train.loss : 6.52162  train.total_ips : 5021.27 img/s
DLL 2020-09-22 15:09:04.670135 - Epoch: 0 Iteration: 124  train.loss : 6.51501  train.total_ips : 5732.01 img/s
DLL 2020-09-22 15:09:05.053956 - Epoch: 0 Iteration: 125  train.loss : 6.50236  train.total_ips : 5336.96 img/s
DLL 2020-09-22 15:09:05.428881 - Epoch: 0 Iteration: 126  train.loss : 6.53133  train.total_ips : 5463.70 img/s
DLL 2020-09-22 15:09:05.799443 - Epoch: 0 Iteration: 127  train.loss : 6.51218  train.total_ips : 5528.14 img/s
DLL 2020-09-22 15:09:06.155623 - Epoch: 0 Iteration: 128  train.loss : 6.51342  train.total_ips : 5751.29 img/s
DLL 2020-09-22 15:09:06.533581 - Epoch: 0 Iteration: 129  train.loss : 6.50654  train.total_ips : 5419.93 img/s
DLL 2020-09-22 15:09:06.891369 - Epoch: 0 Iteration: 130  train.loss : 6.50333  train.total_ips : 5725.20 img/s
DLL 2020-09-22 15:09:07.260314 - Epoch: 0 Iteration: 131  train.loss : 6.50023  train.total_ips : 5553.63 img/s
DLL 2020-09-22 15:09:07.652326 - Epoch: 0 Iteration: 132  train.loss : 6.49922  train.total_ips : 5224.85 img/s
DLL 2020-09-22 15:09:08.010288 - Epoch: 0 Iteration: 133  train.loss : 6.51064  train.total_ips : 5723.62 img/s
DLL 2020-09-22 15:09:08.378437 - Epoch: 0 Iteration: 134  train.loss : 6.50975  train.total_ips : 5563.91 img/s
DLL 2020-09-22 15:09:08.735799 - Epoch: 0 Iteration: 135  train.loss : 6.50777  train.total_ips : 5732.42 img/s
DLL 2020-09-22 15:09:09.092652 - Epoch: 0 Iteration: 136  train.loss : 6.48960  train.total_ips : 5740.15 img/s
DLL 2020-09-22 15:09:09.554276 - Epoch: 0 Iteration: 137  train.loss : 6.48629  train.total_ips : 4437.35 img/s
DLL 2020-09-22 15:09:09.944645 - Epoch: 0 Iteration: 138  train.loss : 6.49823  train.total_ips : 5247.36 img/s
DLL 2020-09-22 15:09:10.301887 - Epoch: 0 Iteration: 139  train.loss : 6.47568  train.total_ips : 5734.18 img/s
DLL 2020-09-22 15:09:10.658593 - Epoch: 0 Iteration: 140  train.loss : 6.50340  train.total_ips : 5743.02 img/s
DLL 2020-09-22 15:09:11.035546 - Epoch: 0 Iteration: 141  train.loss : 6.49605  train.total_ips : 5434.07 img/s
DLL 2020-09-22 15:09:11.392770 - Epoch: 0 Iteration: 142  train.loss : 6.46466  train.total_ips : 5734.49 img/s
DLL 2020-09-22 15:09:11.750104 - Epoch: 0 Iteration: 143  train.loss : 6.46356  train.total_ips : 5732.60 img/s
DLL 2020-09-22 15:09:12.114366 - Epoch: 0 Iteration: 144  train.loss : 6.47807  train.total_ips : 5623.74 img/s
DLL 2020-09-22 15:09:12.471028 - Epoch: 0 Iteration: 145  train.loss : 6.44515  train.total_ips : 5744.33 img/s
DLL 2020-09-22 15:09:12.837920 - Epoch: 0 Iteration: 146  train.loss : 6.44785  train.total_ips : 5582.86 img/s
DLL 2020-09-22 15:09:13.210245 - Epoch: 0 Iteration: 147  train.loss : 6.45361  train.total_ips : 5501.82 img/s
DLL 2020-09-22 15:09:13.567444 - Epoch: 0 Iteration: 148  train.loss : 6.46616  train.total_ips : 5734.96 img/s
DLL 2020-09-22 15:09:13.938279 - Epoch: 0 Iteration: 149  train.loss : 6.43975  train.total_ips : 5524.42 img/s
DLL 2020-09-22 15:09:14.322115 - Epoch: 0  train.loss : 6.60258  train.total_ips : 5448.21 img/s
DLL 2020-09-22 15:09:14.322254 - Epoch: 0  lr : 0.128  train.compute_ips : 5466.06 img/s train.data_time : 0.00124 s train.compute_time : 0.47004 s
DLL 2020-09-22 15:09:14.322388 - Summary: train.loss : 6.60258  train.total_ips : 5448.21 img/s
DLL 2020-09-22 15:09:14.322434 - Summary: lr : 0.128  train.compute_ips : 5466.06 img/s train.data_time : 0.00124 s train.compute_time : 0.47004 s
Experiment ended
['/opt/conda/bin/python', '-u', '/workspace/rn50/main.py', '--data-backend', 'dali-cpu', '--raport-file', '/workspace/rn50/raport.json', '-j8', '-p', '1', '--lr', '1.024', '--optimizer-batch-size', '-1', '--warmup', '8', '--arch', 'resnet50', '-c', 'fanin', '--label-smoothing', '0.1', '--lr-schedule', 'cosine', '--mom', '0.125', '--wd', '3.0517578125e-05', '--workspace', '/workspace/rn50', '-b', '128', '--epochs', '1', '--prof', '150', '--training-only', '--no-checkpoints', '/data/image']
['/opt/conda/bin/python', '-u', '/workspace/rn50/main.py', '--data-backend', 'dali-cpu', '--raport-file', '/workspace/rn50/raport.json', '-j8', '-p', '1', '--lr', '1.024', '--optimizer-batch-size', '-1', '--warmup', '8', '--arch', 'resnet50', '-c', 'fanin', '--label-smoothing', '0.1', '--lr-schedule', 'cosine', '--mom', '0.125', '--wd', '3.0517578125e-05', '--workspace', '/workspace/rn50', '-b', '128', '--epochs', '1', '--prof', '150', '--training-only', '--no-checkpoints', '/data/image']
['/opt/conda/bin/python', '-u', '/workspace/rn50/main.py', '--data-backend', 'dali-cpu', '--raport-file', '/workspace/rn50/raport.json', '-j8', '-p', '1', '--lr', '1.024', '--optimizer-batch-size', '-1', '--warmup', '8', '--arch', 'resnet50', '-c', 'fanin', '--label-smoothing', '0.1', '--lr-schedule', 'cosine', '--mom', '0.125', '--wd', '3.0517578125e-05', '--workspace', '/workspace/rn50', '-b', '128', '--epochs', '1', '--prof', '150', '--training-only', '--no-checkpoints', '/data/image']
['/opt/conda/bin/python', '-u', '/workspace/rn50/main.py', '--data-backend', 'dali-cpu', '--raport-file', '/workspace/rn50/raport.json', '-j8', '-p', '1', '--lr', '1.024', '--optimizer-batch-size', '-1', '--warmup', '8', '--arch', 'resnet50', '-c', 'fanin', '--label-smoothing', '0.1', '--lr-schedule', 'cosine', '--mom', '0.125', '--wd', '3.0517578125e-05', '--workspace', '/workspace/rn50', '-b', '128', '--epochs', '1', '--prof', '150', '--training-only', '--no-checkpoints', '/data/image']
['/opt/conda/bin/python', '-u', '/workspace/rn50/main.py', '--data-backend', 'dali-cpu', '--raport-file', '/workspace/rn50/raport.json', '-j8', '-p', '1', '--lr', '1.024', '--optimizer-batch-size', '-1', '--warmup', '8', '--arch', 'resnet50', '-c', 'fanin', '--label-smoothing', '0.1', '--lr-schedule', 'cosine', '--mom', '0.125', '--wd', '3.0517578125e-05', '--workspace', '/workspace/rn50', '-b', '128', '--epochs', '1', '--prof', '150', '--training-only', '--no-checkpoints', '/data/image']
['/opt/conda/bin/python', '-u', '/workspace/rn50/main.py', '--data-backend', 'dali-cpu', '--raport-file', '/workspace/rn50/raport.json', '-j8', '-p', '1', '--lr', '1.024', '--optimizer-batch-size', '-1', '--warmup', '8', '--arch', 'resnet50', '-c', 'fanin', '--label-smoothing', '0.1', '--lr-schedule', 'cosine', '--mom', '0.125', '--wd', '3.0517578125e-05', '--workspace', '/workspace/rn50', '-b', '128', '--epochs', '1', '--prof', '150', '--training-only', '--no-checkpoints', '/data/image']
['/opt/conda/bin/python', '-u', '/workspace/rn50/main.py', '--data-backend', 'dali-cpu', '--raport-file', '/workspace/rn50/raport.json', '-j8', '-p', '1', '--lr', '1.024', '--optimizer-batch-size', '-1', '--warmup', '8', '--arch', 'resnet50', '-c', 'fanin', '--label-smoothing', '0.1', '--lr-schedule', 'cosine', '--mom', '0.125', '--wd', '3.0517578125e-05', '--workspace', '/workspace/rn50', '-b', '128', '--epochs', '1', '--prof', '150', '--training-only', '--no-checkpoints', '/data/image']
['/opt/conda/bin/python', '-u', '/workspace/rn50/main.py', '--data-backend', 'dali-cpu', '--raport-file', '/workspace/rn50/raport.json', '-j8', '-p', '1', '--lr', '1.024', '--optimizer-batch-size', '-1', '--warmup', '8', '--arch', 'resnet50', '-c', 'fanin', '--label-smoothing', '0.1', '--lr-schedule', 'cosine', '--mom', '0.125', '--wd', '3.0517578125e-05', '--workspace', '/workspace/rn50', '-b', '128', '--epochs', '1', '--prof', '150', '--training-only', '--no-checkpoints', '/data/image']
