+ python /workspace/rn50/multiproc.py --nnodes 1 --node_rank 0 --nproc_per_node 8 --master_addr 127.0.0.1 --master_port=29500 /workspace/rn50/main.py --data-backend dali-cpu --raport-file /workspace/rn50/raport.json -j8 -p 1 --lr 2.048 --optimizer-batch-size -1 --warmup 8 --arch resnet50 -c fanin --label-smoothing 0.1 --lr-schedule cosine --mom 0.125 --wd 3.0517578125e-05 --workspace /workspace/rn50 -b 256 --epochs 1 --prof 150 --training-only --no-checkpoints --amp --dynamic-loss-scale /data/image
=> creating model '('resnet50', 'fanin', 1000)'
Version: {'net': <class 'image_classification.resnet.ResNet'>, 'block': <class 'image_classification.resnet.Bottleneck'>, 'layers': [3, 4, 6, 3], 'widths': [64, 128, 256, 512], 'expansion': 4}
Config: {'conv': <class 'torch.nn.modules.conv.Conv2d'>, 'conv_init': 'fan_in', 'nonlinearity': 'relu', 'last_bn_0_init': False, 'activation': <function <lambda> at 0x7fef7abe19d8>}
Num classes: 1000
i'm distributed in dali~~~~~~~~~~~~~~~~~
rank in dali:  0
world_size in dali:  8
/opt/dali/dali/image/jpeg_mem.cc:338: Premature end of JPEG data. Stopped at line 272/440
read 886372 files from 698 directories
read 50000 files from 1000 directories
DLL 2020-09-22 12:26:11.278292 - PARAMETER data : /data/image  data_backend : dali-cpu  arch : resnet50  model_config : fanin  num_classes : 1000  workers : 8  epochs : 1  run_epochs : -1  batch_size : 256  optimizer_batch_size : -1  lr : 2.048  lr_schedule : cosine  warmup : 8  label_smoothing : 0.1  mixup : 0.0  momentum : 0.125  weight_decay : 3.0517578125e-05  bn_weight_decay : False  nesterov : False  print_freq : 1  resume : None  pretrained_weights :   fp16 : False  static_loss_scale : 1  dynamic_loss_scale : True  prof : 150  amp : True  seed : None  gather_checkpoints : False  raport_file : /workspace/rn50/raport.json  evaluate : False  training_only : True  save_checkpoints : False  checkpoint_filename : checkpoint.pth.tar  workspace : /workspace/rn50  memory_format : nchw  distributed : True  local_rank : 0  gpu : 8  world_size : 8 
 ! Weight decay NOT applied to BN parameters 
98
63
Selected optimization level O1:  Insert automatic casts around Pytorch functions and Tensor methods.

Defaults for this optimization level are:
enabled                : True
opt_level              : O1
cast_model_type        : None
patch_torch_functions  : True
keep_batchnorm_fp32    : None
master_weights         : None
loss_scale             : dynamic
Processing user overrides (additional kwargs that are not None)...
After processing overrides, optimization options are:
enabled                : True
opt_level              : O1
cast_model_type        : None
patch_torch_functions  : True
keep_batchnorm_fp32    : None
master_weights         : None
loss_scale             : dynamic
RUNNING EPOCHS FROM 0 TO 1
DLL 2020-09-22 12:26:29.623979 - Epoch: 0 Iteration: 1  train.loss : 7.12370  train.total_ips : 125.86 img/s
DLL 2020-09-22 12:26:30.330177 - Epoch: 0 Iteration: 2  train.loss : 6.88702  train.total_ips : 2900.02 img/s
DLL 2020-09-22 12:26:30.838592 - Epoch: 0 Iteration: 3  train.loss : 6.92064  train.total_ips : 4028.90 img/s
DLL 2020-09-22 12:26:31.176320 - Epoch: 0 Iteration: 4  train.loss : 6.99820  train.total_ips : 6066.30 img/s
DLL 2020-09-22 12:26:31.510953 - Epoch: 0 Iteration: 5  train.loss : 6.90330  train.total_ips : 6122.25 img/s
DLL 2020-09-22 12:26:31.847458 - Epoch: 0 Iteration: 6  train.loss : 6.93355  train.total_ips : 6088.17 img/s
DLL 2020-09-22 12:26:32.213380 - Epoch: 0 Iteration: 7  train.loss : 6.84261  train.total_ips : 5598.44 img/s
DLL 2020-09-22 12:26:32.542360 - Epoch: 0 Iteration: 8  train.loss : 6.88560  train.total_ips : 6227.09 img/s
DLL 2020-09-22 12:26:32.998587 - Epoch: 0 Iteration: 9  train.loss : 6.85752  train.total_ips : 4492.52 img/s
DLL 2020-09-22 12:26:33.354709 - Epoch: 0 Iteration: 10  train.loss : 6.84922  train.total_ips : 5751.36 img/s
DLL 2020-09-22 12:26:33.807604 - Epoch: 0 Iteration: 11  train.loss : 6.80944  train.total_ips : 4522.57 img/s
DLL 2020-09-22 12:26:34.167303 - Epoch: 0 Iteration: 12  train.loss : 6.84343  train.total_ips : 5697.21 img/s
DLL 2020-09-22 12:26:34.507859 - Epoch: 0 Iteration: 13  train.loss : 6.80875  train.total_ips : 6014.98 img/s
DLL 2020-09-22 12:26:34.925547 - Epoch: 0 Iteration: 14  train.loss : 6.78538  train.total_ips : 4904.47 img/s
DLL 2020-09-22 12:26:35.446753 - Epoch: 0 Iteration: 15  train.loss : 6.79356  train.total_ips : 3929.79 img/s
DLL 2020-09-22 12:26:35.808522 - Epoch: 0 Iteration: 16  train.loss : 6.79676  train.total_ips : 5662.49 img/s
DLL 2020-09-22 12:26:36.132336 - Epoch: 0 Iteration: 17  train.loss : 6.82106  train.total_ips : 6325.97 img/s
DLL 2020-09-22 12:26:36.577434 - Epoch: 0 Iteration: 18  train.loss : 6.77140  train.total_ips : 4602.05 img/s
DLL 2020-09-22 12:26:36.943437 - Epoch: 0 Iteration: 19  train.loss : 6.77449  train.total_ips : 5596.91 img/s
DLL 2020-09-22 12:26:37.269067 - Epoch: 0 Iteration: 20  train.loss : 6.76851  train.total_ips : 6290.95 img/s
DLL 2020-09-22 12:26:37.601846 - Epoch: 0 Iteration: 21  train.loss : 6.77297  train.total_ips : 6155.50 img/s
DLL 2020-09-22 12:26:37.975033 - Epoch: 0 Iteration: 22  train.loss : 6.81718  train.total_ips : 5489.14 img/s
DLL 2020-09-22 12:26:38.319622 - Epoch: 0 Iteration: 23  train.loss : 6.74948  train.total_ips : 5945.61 img/s
DLL 2020-09-22 12:26:38.656389 - Epoch: 0 Iteration: 24  train.loss : 6.78842  train.total_ips : 6083.30 img/s
DLL 2020-09-22 12:26:39.073865 - Epoch: 0 Iteration: 25  train.loss : 6.75009  train.total_ips : 4906.59 img/s
DLL 2020-09-22 12:26:39.398573 - Epoch: 0 Iteration: 26  train.loss : 6.76002  train.total_ips : 6308.85 img/s
DLL 2020-09-22 12:26:39.733375 - Epoch: 0 Iteration: 27  train.loss : 6.74055  train.total_ips : 6119.19 img/s
DLL 2020-09-22 12:26:40.060219 - Epoch: 0 Iteration: 28  train.loss : 6.72938  train.total_ips : 6267.60 img/s
DLL 2020-09-22 12:26:40.417845 - Epoch: 0 Iteration: 29  train.loss : 6.74926  train.total_ips : 5727.78 img/s
DLL 2020-09-22 12:26:40.747100 - Epoch: 0 Iteration: 30  train.loss : 6.73559  train.total_ips : 6223.53 img/s
DLL 2020-09-22 12:26:41.234975 - Epoch: 0 Iteration: 31  train.loss : 6.70290  train.total_ips : 4198.43 img/s
DLL 2020-09-22 12:26:41.566036 - Epoch: 0 Iteration: 32  train.loss : 6.71671  train.total_ips : 6188.37 img/s
DLL 2020-09-22 12:26:41.893932 - Epoch: 0 Iteration: 33  train.loss : 6.72972  train.total_ips : 6248.62 img/s
DLL 2020-09-22 12:26:42.294654 - Epoch: 0 Iteration: 34  train.loss : 6.71824  train.total_ips : 5111.91 img/s
DLL 2020-09-22 12:26:42.643944 - Epoch: 0 Iteration: 35  train.loss : 6.73484  train.total_ips : 5865.08 img/s
DLL 2020-09-22 12:26:43.042881 - Epoch: 0 Iteration: 36  train.loss : 6.72366  train.total_ips : 5134.54 img/s
DLL 2020-09-22 12:26:43.484460 - Epoch: 0 Iteration: 37  train.loss : 6.69738  train.total_ips : 4640.14 img/s
DLL 2020-09-22 12:26:43.979952 - Epoch: 0 Iteration: 38  train.loss : 6.71382  train.total_ips : 4134.21 img/s
DLL 2020-09-22 12:26:44.354144 - Epoch: 0 Iteration: 39  train.loss : 6.68472  train.total_ips : 5474.19 img/s
DLL 2020-09-22 12:26:44.826867 - Epoch: 0 Iteration: 40  train.loss : 6.71731  train.total_ips : 4332.96 img/s
DLL 2020-09-22 12:26:45.174061 - Epoch: 0 Iteration: 41  train.loss : 6.72309  train.total_ips : 5900.06 img/s
DLL 2020-09-22 12:26:45.513374 - Epoch: 0 Iteration: 42  train.loss : 6.71879  train.total_ips : 6039.27 img/s
DLL 2020-09-22 12:26:45.862314 - Epoch: 0 Iteration: 43  train.loss : 6.74113  train.total_ips : 5870.13 img/s
DLL 2020-09-22 12:26:46.218141 - Epoch: 0 Iteration: 44  train.loss : 6.70954  train.total_ips : 5757.24 img/s
DLL 2020-09-22 12:26:46.551856 - Epoch: 0 Iteration: 45  train.loss : 6.73606  train.total_ips : 6138.59 img/s
DLL 2020-09-22 12:26:46.883073 - Epoch: 0 Iteration: 46  train.loss : 6.71417  train.total_ips : 6184.81 img/s
DLL 2020-09-22 12:26:47.222074 - Epoch: 0 Iteration: 47  train.loss : 6.70957  train.total_ips : 6043.70 img/s
DLL 2020-09-22 12:26:47.561516 - Epoch: 0 Iteration: 48  train.loss : 6.72901  train.total_ips : 6034.64 img/s
DLL 2020-09-22 12:26:47.908015 - Epoch: 0 Iteration: 49  train.loss : 6.71468  train.total_ips : 5913.53 img/s
DLL 2020-09-22 12:26:48.294096 - Epoch: 0 Iteration: 50  train.loss : 6.71520  train.total_ips : 5305.56 img/s
DLL 2020-09-22 12:26:48.738101 - Epoch: 0 Iteration: 51  train.loss : 6.70311  train.total_ips : 4613.33 img/s
DLL 2020-09-22 12:26:49.171569 - Epoch: 0 Iteration: 52  train.loss : 6.69341  train.total_ips : 4725.66 img/s
DLL 2020-09-22 12:26:49.563058 - Epoch: 0 Iteration: 53  train.loss : 6.69116  train.total_ips : 5232.28 img/s
DLL 2020-09-22 12:26:49.892897 - Epoch: 0 Iteration: 54  train.loss : 6.68822  train.total_ips : 6210.83 img/s
DLL 2020-09-22 12:26:50.231051 - Epoch: 0 Iteration: 55  train.loss : 6.67882  train.total_ips : 6057.35 img/s
DLL 2020-09-22 12:26:50.564640 - Epoch: 0 Iteration: 56  train.loss : 6.68646  train.total_ips : 6141.58 img/s
DLL 2020-09-22 12:26:50.892845 - Epoch: 0 Iteration: 57  train.loss : 6.68369  train.total_ips : 6241.30 img/s
DLL 2020-09-22 12:26:51.284411 - Epoch: 0 Iteration: 58  train.loss : 6.66563  train.total_ips : 5231.23 img/s
DLL 2020-09-22 12:26:51.669626 - Epoch: 0 Iteration: 59  train.loss : 6.66944  train.total_ips : 5317.48 img/s
DLL 2020-09-22 12:26:52.033166 - Epoch: 0 Iteration: 60  train.loss : 6.64263  train.total_ips : 5634.73 img/s
DLL 2020-09-22 12:26:52.401504 - Epoch: 0 Iteration: 61  train.loss : 6.63079  train.total_ips : 5561.53 img/s
DLL 2020-09-22 12:26:52.738640 - Epoch: 0 Iteration: 62  train.loss : 6.72171  train.total_ips : 6076.45 img/s
DLL 2020-09-22 12:26:53.073826 - Epoch: 0 Iteration: 63  train.loss : 6.69820  train.total_ips : 6112.85 img/s
DLL 2020-09-22 12:26:53.445755 - Epoch: 0 Iteration: 64  train.loss : 6.68888  train.total_ips : 5508.03 img/s
DLL 2020-09-22 12:26:53.862846 - Epoch: 0 Iteration: 65  train.loss : 6.68503  train.total_ips : 4911.28 img/s
DLL 2020-09-22 12:26:54.187633 - Epoch: 0 Iteration: 66  train.loss : 6.72352  train.total_ips : 6307.26 img/s
DLL 2020-09-22 12:26:54.648960 - Epoch: 0 Iteration: 67  train.loss : 6.64447  train.total_ips : 4440.10 img/s
DLL 2020-09-22 12:26:54.999647 - Epoch: 0 Iteration: 68  train.loss : 6.73371  train.total_ips : 5841.41 img/s
DLL 2020-09-22 12:26:55.335838 - Epoch: 0 Iteration: 69  train.loss : 6.70571  train.total_ips : 6093.92 img/s
DLL 2020-09-22 12:26:55.672636 - Epoch: 0 Iteration: 70  train.loss : 6.66285  train.total_ips : 6082.59 img/s
DLL 2020-09-22 12:26:55.995629 - Epoch: 0 Iteration: 71  train.loss : 6.62578  train.total_ips : 6343.41 img/s
DLL 2020-09-22 12:26:56.339701 - Epoch: 0 Iteration: 72  train.loss : 6.61750  train.total_ips : 5954.35 img/s
DLL 2020-09-22 12:26:56.683259 - Epoch: 0 Iteration: 73  train.loss : 6.59951  train.total_ips : 5962.15 img/s
DLL 2020-09-22 12:26:57.036702 - Epoch: 0 Iteration: 74  train.loss : 6.60397  train.total_ips : 5795.88 img/s
DLL 2020-09-22 12:26:57.460374 - Epoch: 0 Iteration: 75  train.loss : 6.62270  train.total_ips : 4834.70 img/s
DLL 2020-09-22 12:26:57.788712 - Epoch: 0 Iteration: 76  train.loss : 6.55956  train.total_ips : 6239.12 img/s
DLL 2020-09-22 12:26:58.126296 - Epoch: 0 Iteration: 77  train.loss : 6.59252  train.total_ips : 6068.25 img/s
DLL 2020-09-22 12:26:58.453013 - Epoch: 0 Iteration: 78  train.loss : 6.54975  train.total_ips : 6269.92 img/s
DLL 2020-09-22 12:26:58.793034 - Epoch: 0 Iteration: 79  train.loss : 6.60073  train.total_ips : 6025.14 img/s
DLL 2020-09-22 12:26:59.127408 - Epoch: 0 Iteration: 80  train.loss : 6.54838  train.total_ips : 6126.88 img/s
DLL 2020-09-22 12:26:59.462554 - Epoch: 0 Iteration: 81  train.loss : 6.54267  train.total_ips : 6112.79 img/s
DLL 2020-09-22 12:26:59.898711 - Epoch: 0 Iteration: 82  train.loss : 6.52161  train.total_ips : 4696.29 img/s
DLL 2020-09-22 12:27:00.260841 - Epoch: 0 Iteration: 83  train.loss : 6.51973  train.total_ips : 5656.88 img/s
DLL 2020-09-22 12:27:00.668096 - Epoch: 0 Iteration: 84  train.loss : 6.52466  train.total_ips : 5029.80 img/s
DLL 2020-09-22 12:27:01.086099 - Epoch: 0 Iteration: 85  train.loss : 6.50339  train.total_ips : 4900.34 img/s
DLL 2020-09-22 12:27:01.412952 - Epoch: 0 Iteration: 86  train.loss : 6.51516  train.total_ips : 6309.73 img/s
DLL 2020-09-22 12:27:01.742909 - Epoch: 0 Iteration: 87  train.loss : 6.50693  train.total_ips : 6210.19 img/s
DLL 2020-09-22 12:27:02.149200 - Epoch: 0 Iteration: 88  train.loss : 6.53056  train.total_ips : 5041.43 img/s
DLL 2020-09-22 12:27:02.478399 - Epoch: 0 Iteration: 89  train.loss : 6.49601  train.total_ips : 6223.91 img/s
DLL 2020-09-22 12:27:02.803389 - Epoch: 0 Iteration: 90  train.loss : 6.45169  train.total_ips : 6303.35 img/s
DLL 2020-09-22 12:27:03.135783 - Epoch: 0 Iteration: 91  train.loss : 6.47990  train.total_ips : 6163.37 img/s
DLL 2020-09-22 12:27:03.507346 - Epoch: 0 Iteration: 92  train.loss : 6.46683  train.total_ips : 5513.00 img/s
DLL 2020-09-22 12:27:03.837078 - Epoch: 0 Iteration: 93  train.loss : 6.48317  train.total_ips : 6213.48 img/s
DLL 2020-09-22 12:27:04.161669 - Epoch: 0 Iteration: 94  train.loss : 6.48713  train.total_ips : 6310.94 img/s
DLL 2020-09-22 12:27:04.491461 - Epoch: 0 Iteration: 95  train.loss : 6.51247  train.total_ips : 6211.51 img/s
DLL 2020-09-22 12:27:04.831905 - Epoch: 0 Iteration: 96  train.loss : 6.45650  train.total_ips : 6018.02 img/s
DLL 2020-09-22 12:27:05.226231 - Epoch: 0 Iteration: 97  train.loss : 6.45625  train.total_ips : 5194.35 img/s
DLL 2020-09-22 12:27:05.560565 - Epoch: 0 Iteration: 98  train.loss : 6.46833  train.total_ips : 6127.43 img/s
DLL 2020-09-22 12:27:05.895350 - Epoch: 0 Iteration: 99  train.loss : 6.44288  train.total_ips : 6119.04 img/s
DLL 2020-09-22 12:27:06.258465 - Epoch: 0 Iteration: 100  train.loss : 6.45398  train.total_ips : 5642.12 img/s
DLL 2020-09-22 12:27:06.622853 - Epoch: 0 Iteration: 101  train.loss : 6.46990  train.total_ips : 5621.43 img/s
DLL 2020-09-22 12:27:06.950873 - Epoch: 0 Iteration: 102  train.loss : 6.45800  train.total_ips : 6244.90 img/s
DLL 2020-09-22 12:27:07.282381 - Epoch: 0 Iteration: 103  train.loss : 6.43646  train.total_ips : 6180.39 img/s
DLL 2020-09-22 12:27:07.609816 - Epoch: 0 Iteration: 104  train.loss : 6.46920  train.total_ips : 6255.81 img/s
DLL 2020-09-22 12:27:08.001307 - Epoch: 0 Iteration: 105  train.loss : 6.45241  train.total_ips : 5232.20 img/s
DLL 2020-09-22 12:27:08.332795 - Epoch: 0 Iteration: 106  train.loss : 6.49300  train.total_ips : 6181.74 img/s
DLL 2020-09-22 12:27:08.665413 - Epoch: 0 Iteration: 107  train.loss : 6.42460  train.total_ips : 6158.42 img/s
DLL 2020-09-22 12:27:08.998031 - Epoch: 0 Iteration: 108  train.loss : 6.43540  train.total_ips : 6159.91 img/s
DLL 2020-09-22 12:27:09.340642 - Epoch: 0 Iteration: 109  train.loss : 6.47451  train.total_ips : 5978.55 img/s
DLL 2020-09-22 12:27:09.666593 - Epoch: 0 Iteration: 110  train.loss : 6.46485  train.total_ips : 6288.08 img/s
DLL 2020-09-22 12:27:09.997147 - Epoch: 0 Iteration: 111  train.loss : 6.48128  train.total_ips : 6198.19 img/s
DLL 2020-09-22 12:27:10.328733 - Epoch: 0 Iteration: 112  train.loss : 6.42273  train.total_ips : 6177.85 img/s
DLL 2020-09-22 12:27:10.662777 - Epoch: 0 Iteration: 113  train.loss : 6.41750  train.total_ips : 6132.76 img/s
DLL 2020-09-22 12:27:11.003139 - Epoch: 0 Iteration: 114  train.loss : 6.44378  train.total_ips : 6019.63 img/s
DLL 2020-09-22 12:27:11.422316 - Epoch: 0 Iteration: 115  train.loss : 6.39637  train.total_ips : 4886.85 img/s
DLL 2020-09-22 12:27:11.832879 - Epoch: 0 Iteration: 116  train.loss : 6.39544  train.total_ips : 4989.36 img/s
DLL 2020-09-22 12:27:12.157651 - Epoch: 0 Iteration: 117  train.loss : 6.39645  train.total_ips : 6307.61 img/s
DLL 2020-09-22 12:27:12.544763 - Epoch: 0 Iteration: 118  train.loss : 6.38760  train.total_ips : 5291.52 img/s
DLL 2020-09-22 12:27:13.018651 - Epoch: 0 Iteration: 119  train.loss : 6.39719  train.total_ips : 4322.44 img/s
DLL 2020-09-22 12:27:13.345464 - Epoch: 0 Iteration: 120  train.loss : 6.36875  train.total_ips : 6268.88 img/s
DLL 2020-09-22 12:27:13.738582 - Epoch: 0 Iteration: 121  train.loss : 6.40428  train.total_ips : 5211.43 img/s
DLL 2020-09-22 12:27:14.097100 - Epoch: 0 Iteration: 122  train.loss : 6.39190  train.total_ips : 5714.11 img/s
DLL 2020-09-22 12:27:14.449582 - Epoch: 0 Iteration: 123  train.loss : 6.39483  train.total_ips : 5811.82 img/s
DLL 2020-09-22 12:27:14.784135 - Epoch: 0 Iteration: 124  train.loss : 6.43834  train.total_ips : 6123.04 img/s
DLL 2020-09-22 12:27:15.165602 - Epoch: 0 Iteration: 125  train.loss : 6.36792  train.total_ips : 5370.03 img/s
DLL 2020-09-22 12:27:15.492326 - Epoch: 0 Iteration: 126  train.loss : 6.38436  train.total_ips : 6270.23 img/s
DLL 2020-09-22 12:27:15.819445 - Epoch: 0 Iteration: 127  train.loss : 6.35534  train.total_ips : 6262.78 img/s
DLL 2020-09-22 12:27:16.144528 - Epoch: 0 Iteration: 128  train.loss : 6.34237  train.total_ips : 6301.49 img/s
DLL 2020-09-22 12:27:16.536159 - Epoch: 0 Iteration: 129  train.loss : 6.38942  train.total_ips : 5231.67 img/s
DLL 2020-09-22 12:27:16.924727 - Epoch: 0 Iteration: 130  train.loss : 6.35632  train.total_ips : 5273.84 img/s
DLL 2020-09-22 12:27:17.255381 - Epoch: 0 Iteration: 131  train.loss : 6.38106  train.total_ips : 6194.50 img/s
DLL 2020-09-22 12:27:17.586854 - Epoch: 0 Iteration: 132  train.loss : 6.34780  train.total_ips : 6180.58 img/s
DLL 2020-09-22 12:27:17.915531 - Epoch: 0 Iteration: 133  train.loss : 6.34062  train.total_ips : 6232.10 img/s
DLL 2020-09-22 12:27:18.252829 - Epoch: 0 Iteration: 134  train.loss : 6.33157  train.total_ips : 6073.60 img/s
DLL 2020-09-22 12:27:18.578971 - Epoch: 0 Iteration: 135  train.loss : 6.33451  train.total_ips : 6281.79 img/s
DLL 2020-09-22 12:27:18.919686 - Epoch: 0 Iteration: 136  train.loss : 6.32926  train.total_ips : 6012.50 img/s
DLL 2020-09-22 12:27:19.245577 - Epoch: 0 Iteration: 137  train.loss : 6.33760  train.total_ips : 6285.77 img/s
DLL 2020-09-22 12:27:19.586936 - Epoch: 0 Iteration: 138  train.loss : 6.31684  train.total_ips : 6001.65 img/s
DLL 2020-09-22 12:27:19.910222 - Epoch: 0 Iteration: 139  train.loss : 6.34639  train.total_ips : 6336.30 img/s
DLL 2020-09-22 12:27:20.246245 - Epoch: 0 Iteration: 140  train.loss : 6.36302  train.total_ips : 6096.87 img/s
DLL 2020-09-22 12:27:20.573477 - Epoch: 0 Iteration: 141  train.loss : 6.32727  train.total_ips : 6261.25 img/s
DLL 2020-09-22 12:27:21.000599 - Epoch: 0 Iteration: 142  train.loss : 6.32910  train.total_ips : 4795.54 img/s
DLL 2020-09-22 12:27:21.453694 - Epoch: 0 Iteration: 143  train.loss : 6.30653  train.total_ips : 4523.48 img/s
DLL 2020-09-22 12:27:21.783042 - Epoch: 0 Iteration: 144  train.loss : 6.29849  train.total_ips : 6218.64 img/s
DLL 2020-09-22 12:27:22.110043 - Epoch: 0 Iteration: 145  train.loss : 6.31595  train.total_ips : 6265.03 img/s
DLL 2020-09-22 12:27:22.435209 - Epoch: 0 Iteration: 146  train.loss : 6.30156  train.total_ips : 6299.66 img/s
DLL 2020-09-22 12:27:22.768044 - Epoch: 0 Iteration: 147  train.loss : 6.30281  train.total_ips : 6158.24 img/s
DLL 2020-09-22 12:27:23.165167 - Epoch: 0 Iteration: 148  train.loss : 6.27835  train.total_ips : 5157.64 img/s
DLL 2020-09-22 12:27:23.496408 - Epoch: 0 Iteration: 149  train.loss : 6.24695  train.total_ips : 6185.88 img/s
DLL 2020-09-22 12:27:23.971666 - Epoch: 0  train.loss : 6.58308  train.total_ips : 5673.26 img/s
DLL 2020-09-22 12:27:23.971825 - Epoch: 0  lr : 0.256  train.compute_ips : 5697.11 img/s train.data_time : 0.00152 s train.compute_time : 0.46916 s
DLL 2020-09-22 12:27:23.971940 - Summary: train.loss : 6.58308  train.total_ips : 5673.26 img/s
DLL 2020-09-22 12:27:23.971984 - Summary: lr : 0.256  train.compute_ips : 5697.11 img/s train.data_time : 0.00152 s train.compute_time : 0.46916 s
Experiment ended
['/opt/conda/bin/python', '-u', '/workspace/rn50/main.py', '--data-backend', 'dali-cpu', '--raport-file', '/workspace/rn50/raport.json', '-j8', '-p', '1', '--lr', '2.048', '--optimizer-batch-size', '-1', '--warmup', '8', '--arch', 'resnet50', '-c', 'fanin', '--label-smoothing', '0.1', '--lr-schedule', 'cosine', '--mom', '0.125', '--wd', '3.0517578125e-05', '--workspace', '/workspace/rn50', '-b', '256', '--epochs', '1', '--prof', '150', '--training-only', '--no-checkpoints', '--amp', '--dynamic-loss-scale', '/data/image']
['/opt/conda/bin/python', '-u', '/workspace/rn50/main.py', '--data-backend', 'dali-cpu', '--raport-file', '/workspace/rn50/raport.json', '-j8', '-p', '1', '--lr', '2.048', '--optimizer-batch-size', '-1', '--warmup', '8', '--arch', 'resnet50', '-c', 'fanin', '--label-smoothing', '0.1', '--lr-schedule', 'cosine', '--mom', '0.125', '--wd', '3.0517578125e-05', '--workspace', '/workspace/rn50', '-b', '256', '--epochs', '1', '--prof', '150', '--training-only', '--no-checkpoints', '--amp', '--dynamic-loss-scale', '/data/image']
['/opt/conda/bin/python', '-u', '/workspace/rn50/main.py', '--data-backend', 'dali-cpu', '--raport-file', '/workspace/rn50/raport.json', '-j8', '-p', '1', '--lr', '2.048', '--optimizer-batch-size', '-1', '--warmup', '8', '--arch', 'resnet50', '-c', 'fanin', '--label-smoothing', '0.1', '--lr-schedule', 'cosine', '--mom', '0.125', '--wd', '3.0517578125e-05', '--workspace', '/workspace/rn50', '-b', '256', '--epochs', '1', '--prof', '150', '--training-only', '--no-checkpoints', '--amp', '--dynamic-loss-scale', '/data/image']
['/opt/conda/bin/python', '-u', '/workspace/rn50/main.py', '--data-backend', 'dali-cpu', '--raport-file', '/workspace/rn50/raport.json', '-j8', '-p', '1', '--lr', '2.048', '--optimizer-batch-size', '-1', '--warmup', '8', '--arch', 'resnet50', '-c', 'fanin', '--label-smoothing', '0.1', '--lr-schedule', 'cosine', '--mom', '0.125', '--wd', '3.0517578125e-05', '--workspace', '/workspace/rn50', '-b', '256', '--epochs', '1', '--prof', '150', '--training-only', '--no-checkpoints', '--amp', '--dynamic-loss-scale', '/data/image']
['/opt/conda/bin/python', '-u', '/workspace/rn50/main.py', '--data-backend', 'dali-cpu', '--raport-file', '/workspace/rn50/raport.json', '-j8', '-p', '1', '--lr', '2.048', '--optimizer-batch-size', '-1', '--warmup', '8', '--arch', 'resnet50', '-c', 'fanin', '--label-smoothing', '0.1', '--lr-schedule', 'cosine', '--mom', '0.125', '--wd', '3.0517578125e-05', '--workspace', '/workspace/rn50', '-b', '256', '--epochs', '1', '--prof', '150', '--training-only', '--no-checkpoints', '--amp', '--dynamic-loss-scale', '/data/image']
['/opt/conda/bin/python', '-u', '/workspace/rn50/main.py', '--data-backend', 'dali-cpu', '--raport-file', '/workspace/rn50/raport.json', '-j8', '-p', '1', '--lr', '2.048', '--optimizer-batch-size', '-1', '--warmup', '8', '--arch', 'resnet50', '-c', 'fanin', '--label-smoothing', '0.1', '--lr-schedule', 'cosine', '--mom', '0.125', '--wd', '3.0517578125e-05', '--workspace', '/workspace/rn50', '-b', '256', '--epochs', '1', '--prof', '150', '--training-only', '--no-checkpoints', '--amp', '--dynamic-loss-scale', '/data/image']
['/opt/conda/bin/python', '-u', '/workspace/rn50/main.py', '--data-backend', 'dali-cpu', '--raport-file', '/workspace/rn50/raport.json', '-j8', '-p', '1', '--lr', '2.048', '--optimizer-batch-size', '-1', '--warmup', '8', '--arch', 'resnet50', '-c', 'fanin', '--label-smoothing', '0.1', '--lr-schedule', 'cosine', '--mom', '0.125', '--wd', '3.0517578125e-05', '--workspace', '/workspace/rn50', '-b', '256', '--epochs', '1', '--prof', '150', '--training-only', '--no-checkpoints', '--amp', '--dynamic-loss-scale', '/data/image']
['/opt/conda/bin/python', '-u', '/workspace/rn50/main.py', '--data-backend', 'dali-cpu', '--raport-file', '/workspace/rn50/raport.json', '-j8', '-p', '1', '--lr', '2.048', '--optimizer-batch-size', '-1', '--warmup', '8', '--arch', 'resnet50', '-c', 'fanin', '--label-smoothing', '0.1', '--lr-schedule', 'cosine', '--mom', '0.125', '--wd', '3.0517578125e-05', '--workspace', '/workspace/rn50', '-b', '256', '--epochs', '1', '--prof', '150', '--training-only', '--no-checkpoints', '--amp', '--dynamic-loss-scale', '/data/image']
