+ python /workspace/rn50/multiproc.py --nnodes 1 --node_rank 0 --nproc_per_node 8 --master_addr 127.0.0.1 --master_port=29500 /workspace/rn50/main.py --data-backend dali-cpu --raport-file /workspace/rn50/raport.json -j8 -p 1 --lr 2.048 --optimizer-batch-size -1 --warmup 8 --arch resnet50 -c fanin --label-smoothing 0.1 --lr-schedule cosine --mom 0.125 --wd 3.0517578125e-05 --workspace /workspace/rn50 -b 256 --epochs 1 --prof 150 --training-only --no-checkpoints --amp --dynamic-loss-scale /data/image
=> creating model '('resnet50', 'fanin', 1000)'
Version: {'net': <class 'image_classification.resnet.ResNet'>, 'block': <class 'image_classification.resnet.Bottleneck'>, 'layers': [3, 4, 6, 3], 'widths': [64, 128, 256, 512], 'expansion': 4}
Config: {'conv': <class 'torch.nn.modules.conv.Conv2d'>, 'conv_init': 'fan_in', 'nonlinearity': 'relu', 'last_bn_0_init': False, 'activation': <function <lambda> at 0x7fc99d2eb9d8>}
Num classes: 1000
i'm distributed in dali~~~~~~~~~~~~~~~~~
rank in dali:  0
world_size in dali:  8
/opt/dali/dali/image/jpeg_mem.cc:338: Premature end of JPEG data. Stopped at line 272/440
read 886372 files from 698 directories
read 50000 files from 1000 directories
DLL 2020-09-22 12:28:05.200817 - PARAMETER data : /data/image  data_backend : dali-cpu  arch : resnet50  model_config : fanin  num_classes : 1000  workers : 8  epochs : 1  run_epochs : -1  batch_size : 256  optimizer_batch_size : -1  lr : 2.048  lr_schedule : cosine  warmup : 8  label_smoothing : 0.1  mixup : 0.0  momentum : 0.125  weight_decay : 3.0517578125e-05  bn_weight_decay : False  nesterov : False  print_freq : 1  resume : None  pretrained_weights :   fp16 : False  static_loss_scale : 1  dynamic_loss_scale : True  prof : 150  amp : True  seed : None  gather_checkpoints : False  raport_file : /workspace/rn50/raport.json  evaluate : False  training_only : True  save_checkpoints : False  checkpoint_filename : checkpoint.pth.tar  workspace : /workspace/rn50  memory_format : nchw  distributed : True  local_rank : 0  gpu : 8  world_size : 8 
 ! Weight decay NOT applied to BN parameters 
98
63
Selected optimization level O1:  Insert automatic casts around Pytorch functions and Tensor methods.

Defaults for this optimization level are:
enabled                : True
opt_level              : O1
cast_model_type        : None
patch_torch_functions  : True
keep_batchnorm_fp32    : None
master_weights         : None
loss_scale             : dynamic
Processing user overrides (additional kwargs that are not None)...
After processing overrides, optimization options are:
enabled                : True
opt_level              : O1
cast_model_type        : None
patch_torch_functions  : True
keep_batchnorm_fp32    : None
master_weights         : None
loss_scale             : dynamic
RUNNING EPOCHS FROM 0 TO 1
DLL 2020-09-22 12:28:23.457317 - Epoch: 0 Iteration: 1  train.loss : 7.11575  train.total_ips : 130.25 img/s
DLL 2020-09-22 12:28:24.177329 - Epoch: 0 Iteration: 2  train.loss : 6.89017  train.total_ips : 2844.24 img/s
DLL 2020-09-22 12:28:24.792727 - Epoch: 0 Iteration: 3  train.loss : 6.93502  train.total_ips : 3328.39 img/s
DLL 2020-09-22 12:28:25.243462 - Epoch: 0 Iteration: 4  train.loss : 7.02415  train.total_ips : 4544.58 img/s
DLL 2020-09-22 12:28:25.575930 - Epoch: 0 Iteration: 5  train.loss : 6.92935  train.total_ips : 6161.84 img/s
DLL 2020-09-22 12:28:25.908428 - Epoch: 0 Iteration: 6  train.loss : 6.93997  train.total_ips : 6161.47 img/s
DLL 2020-09-22 12:28:26.248413 - Epoch: 0 Iteration: 7  train.loss : 6.83479  train.total_ips : 6026.28 img/s
DLL 2020-09-22 12:28:26.711529 - Epoch: 0 Iteration: 8  train.loss : 6.82302  train.total_ips : 4426.09 img/s
DLL 2020-09-22 12:28:27.178561 - Epoch: 0 Iteration: 9  train.loss : 6.82839  train.total_ips : 4385.56 img/s
DLL 2020-09-22 12:28:27.525887 - Epoch: 0 Iteration: 10  train.loss : 6.81224  train.total_ips : 5898.08 img/s
DLL 2020-09-22 12:28:27.859905 - Epoch: 0 Iteration: 11  train.loss : 6.83517  train.total_ips : 6133.50 img/s
DLL 2020-09-22 12:28:28.340596 - Epoch: 0 Iteration: 12  train.loss : 6.87836  train.total_ips : 4261.48 img/s
DLL 2020-09-22 12:28:28.697854 - Epoch: 0 Iteration: 13  train.loss : 6.77642  train.total_ips : 5737.05 img/s
DLL 2020-09-22 12:28:29.128330 - Epoch: 0 Iteration: 14  train.loss : 6.77194  train.total_ips : 4758.02 img/s
DLL 2020-09-22 12:28:29.527015 - Epoch: 0 Iteration: 15  train.loss : 6.78040  train.total_ips : 5137.96 img/s
DLL 2020-09-22 12:28:29.860231 - Epoch: 0 Iteration: 16  train.loss : 6.76940  train.total_ips : 6148.59 img/s
DLL 2020-09-22 12:28:30.257677 - Epoch: 0 Iteration: 17  train.loss : 6.78046  train.total_ips : 5157.05 img/s
DLL 2020-09-22 12:28:30.603290 - Epoch: 0 Iteration: 18  train.loss : 6.75589  train.total_ips : 5926.94 img/s
DLL 2020-09-22 12:28:30.937690 - Epoch: 0 Iteration: 19  train.loss : 6.77471  train.total_ips : 6127.00 img/s
DLL 2020-09-22 12:28:31.287258 - Epoch: 0 Iteration: 20  train.loss : 6.74133  train.total_ips : 5862.05 img/s
DLL 2020-09-22 12:28:31.628037 - Epoch: 0 Iteration: 21  train.loss : 6.74765  train.total_ips : 6013.67 img/s
DLL 2020-09-22 12:28:32.015017 - Epoch: 0 Iteration: 22  train.loss : 6.73984  train.total_ips : 5293.54 img/s
DLL 2020-09-22 12:28:32.361131 - Epoch: 0 Iteration: 23  train.loss : 6.72061  train.total_ips : 5920.46 img/s
DLL 2020-09-22 12:28:32.700354 - Epoch: 0 Iteration: 24  train.loss : 6.75361  train.total_ips : 6038.32 img/s
DLL 2020-09-22 12:28:33.055882 - Epoch: 0 Iteration: 25  train.loss : 6.75051  train.total_ips : 5762.70 img/s
DLL 2020-09-22 12:28:33.403290 - Epoch: 0 Iteration: 26  train.loss : 6.75307  train.total_ips : 5896.60 img/s
DLL 2020-09-22 12:28:33.740439 - Epoch: 0 Iteration: 27  train.loss : 6.74640  train.total_ips : 6077.17 img/s
DLL 2020-09-22 12:28:34.146257 - Epoch: 0 Iteration: 28  train.loss : 6.74657  train.total_ips : 5048.56 img/s
DLL 2020-09-22 12:28:34.475820 - Epoch: 0 Iteration: 29  train.loss : 6.77221  train.total_ips : 6215.95 img/s
DLL 2020-09-22 12:28:34.816130 - Epoch: 0 Iteration: 30  train.loss : 6.77597  train.total_ips : 6020.49 img/s
DLL 2020-09-22 12:28:35.194999 - Epoch: 0 Iteration: 31  train.loss : 6.71009  train.total_ips : 5407.39 img/s
DLL 2020-09-22 12:28:35.533152 - Epoch: 0 Iteration: 32  train.loss : 6.73969  train.total_ips : 6059.75 img/s
DLL 2020-09-22 12:28:35.870738 - Epoch: 0 Iteration: 33  train.loss : 6.72029  train.total_ips : 6069.36 img/s
DLL 2020-09-22 12:28:36.379070 - Epoch: 0 Iteration: 34  train.loss : 6.70786  train.total_ips : 4029.18 img/s
DLL 2020-09-22 12:28:36.826572 - Epoch: 0 Iteration: 35  train.loss : 6.73213  train.total_ips : 4577.34 img/s
DLL 2020-09-22 12:28:37.208135 - Epoch: 0 Iteration: 36  train.loss : 6.68841  train.total_ips : 5370.00 img/s
DLL 2020-09-22 12:28:37.540095 - Epoch: 0 Iteration: 37  train.loss : 6.68186  train.total_ips : 6171.49 img/s
DLL 2020-09-22 12:28:37.872301 - Epoch: 0 Iteration: 38  train.loss : 6.70306  train.total_ips : 6167.74 img/s
DLL 2020-09-22 12:28:38.205440 - Epoch: 0 Iteration: 39  train.loss : 6.66703  train.total_ips : 6151.68 img/s
DLL 2020-09-22 12:28:38.537786 - Epoch: 0 Iteration: 40  train.loss : 6.69041  train.total_ips : 6164.34 img/s
DLL 2020-09-22 12:28:38.896406 - Epoch: 0 Iteration: 41  train.loss : 6.70396  train.total_ips : 5711.86 img/s
DLL 2020-09-22 12:28:39.258013 - Epoch: 0 Iteration: 42  train.loss : 6.69102  train.total_ips : 5665.53 img/s
DLL 2020-09-22 12:28:39.742354 - Epoch: 0 Iteration: 43  train.loss : 6.69812  train.total_ips : 4229.16 img/s
DLL 2020-09-22 12:28:40.095152 - Epoch: 0 Iteration: 44  train.loss : 6.69048  train.total_ips : 5806.96 img/s
DLL 2020-09-22 12:28:40.425712 - Epoch: 0 Iteration: 45  train.loss : 6.67827  train.total_ips : 6197.73 img/s
DLL 2020-09-22 12:28:40.783281 - Epoch: 0 Iteration: 46  train.loss : 6.65650  train.total_ips : 5733.89 img/s
DLL 2020-09-22 12:28:41.123052 - Epoch: 0 Iteration: 47  train.loss : 6.65194  train.total_ips : 6031.59 img/s
DLL 2020-09-22 12:28:41.515751 - Epoch: 0 Iteration: 48  train.loss : 6.65375  train.total_ips : 5215.76 img/s
DLL 2020-09-22 12:28:41.873455 - Epoch: 0 Iteration: 49  train.loss : 6.65918  train.total_ips : 5727.91 img/s
DLL 2020-09-22 12:28:42.207897 - Epoch: 0 Iteration: 50  train.loss : 6.66595  train.total_ips : 6125.74 img/s
DLL 2020-09-22 12:28:42.538956 - Epoch: 0 Iteration: 51  train.loss : 6.67464  train.total_ips : 6187.79 img/s
DLL 2020-09-22 12:28:42.973967 - Epoch: 0 Iteration: 52  train.loss : 6.68035  train.total_ips : 4709.61 img/s
DLL 2020-09-22 12:28:43.438442 - Epoch: 0 Iteration: 53  train.loss : 6.67367  train.total_ips : 4409.90 img/s
DLL 2020-09-22 12:28:43.841794 - Epoch: 0 Iteration: 54  train.loss : 6.66975  train.total_ips : 5078.41 img/s
DLL 2020-09-22 12:28:44.194859 - Epoch: 0 Iteration: 55  train.loss : 6.64272  train.total_ips : 5804.91 img/s
DLL 2020-09-22 12:28:44.591326 - Epoch: 0 Iteration: 56  train.loss : 6.68100  train.total_ips : 5166.26 img/s
DLL 2020-09-22 12:28:45.017826 - Epoch: 0 Iteration: 57  train.loss : 6.63598  train.total_ips : 4803.39 img/s
DLL 2020-09-22 12:28:45.439685 - Epoch: 0 Iteration: 58  train.loss : 6.65987  train.total_ips : 4855.92 img/s
DLL 2020-09-22 12:28:45.930484 - Epoch: 0 Iteration: 59  train.loss : 6.62789  train.total_ips : 4173.27 img/s
DLL 2020-09-22 12:28:46.337956 - Epoch: 0 Iteration: 60  train.loss : 6.60126  train.total_ips : 5027.42 img/s
DLL 2020-09-22 12:28:46.677971 - Epoch: 0 Iteration: 61  train.loss : 6.62003  train.total_ips : 6024.97 img/s
DLL 2020-09-22 12:28:47.043470 - Epoch: 0 Iteration: 62  train.loss : 6.60172  train.total_ips : 5605.59 img/s
DLL 2020-09-22 12:28:47.369253 - Epoch: 0 Iteration: 63  train.loss : 6.59759  train.total_ips : 6289.90 img/s
DLL 2020-09-22 12:28:47.731222 - Epoch: 0 Iteration: 64  train.loss : 6.62826  train.total_ips : 5659.67 img/s
DLL 2020-09-22 12:28:48.101501 - Epoch: 0 Iteration: 65  train.loss : 6.60841  train.total_ips : 5532.11 img/s
DLL 2020-09-22 12:28:48.563010 - Epoch: 0 Iteration: 66  train.loss : 6.59539  train.total_ips : 4438.49 img/s
DLL 2020-09-22 12:28:48.896994 - Epoch: 0 Iteration: 67  train.loss : 6.57246  train.total_ips : 6133.65 img/s
DLL 2020-09-22 12:28:49.236261 - Epoch: 0 Iteration: 68  train.loss : 6.60707  train.total_ips : 6039.58 img/s
DLL 2020-09-22 12:28:49.699622 - Epoch: 0 Iteration: 69  train.loss : 6.57260  train.total_ips : 4422.41 img/s
DLL 2020-09-22 12:28:50.089040 - Epoch: 0 Iteration: 70  train.loss : 6.60038  train.total_ips : 5260.73 img/s
DLL 2020-09-22 12:28:50.423427 - Epoch: 0 Iteration: 71  train.loss : 6.55152  train.total_ips : 6126.13 img/s
DLL 2020-09-22 12:28:50.758008 - Epoch: 0 Iteration: 72  train.loss : 6.55582  train.total_ips : 6123.87 img/s
DLL 2020-09-22 12:28:51.092365 - Epoch: 0 Iteration: 73  train.loss : 6.53506  train.total_ips : 6126.37 img/s
DLL 2020-09-22 12:28:51.526066 - Epoch: 0 Iteration: 74  train.loss : 6.54788  train.total_ips : 4723.67 img/s
DLL 2020-09-22 12:28:51.855609 - Epoch: 0 Iteration: 75  train.loss : 6.56127  train.total_ips : 6216.14 img/s
DLL 2020-09-22 12:28:52.229615 - Epoch: 0 Iteration: 76  train.loss : 6.54037  train.total_ips : 5477.14 img/s
DLL 2020-09-22 12:28:52.578454 - Epoch: 0 Iteration: 77  train.loss : 6.56302  train.total_ips : 5872.32 img/s
DLL 2020-09-22 12:28:52.919938 - Epoch: 0 Iteration: 78  train.loss : 6.52636  train.total_ips : 5999.05 img/s
DLL 2020-09-22 12:28:53.253032 - Epoch: 0 Iteration: 79  train.loss : 6.53731  train.total_ips : 6150.20 img/s
DLL 2020-09-22 12:28:53.595469 - Epoch: 0 Iteration: 80  train.loss : 6.53706  train.total_ips : 5983.37 img/s
DLL 2020-09-22 12:28:54.039548 - Epoch: 0 Iteration: 81  train.loss : 6.53817  train.total_ips : 4613.14 img/s
DLL 2020-09-22 12:28:54.374390 - Epoch: 0 Iteration: 82  train.loss : 6.50250  train.total_ips : 6118.15 img/s
DLL 2020-09-22 12:28:54.715963 - Epoch: 0 Iteration: 83  train.loss : 6.50063  train.total_ips : 5997.54 img/s
DLL 2020-09-22 12:28:55.057162 - Epoch: 0 Iteration: 84  train.loss : 6.50548  train.total_ips : 6004.68 img/s
DLL 2020-09-22 12:28:55.380150 - Epoch: 0 Iteration: 85  train.loss : 6.48981  train.total_ips : 6342.22 img/s
DLL 2020-09-22 12:28:55.828152 - Epoch: 0 Iteration: 86  train.loss : 6.49675  train.total_ips : 4572.86 img/s
DLL 2020-09-22 12:28:56.256531 - Epoch: 0 Iteration: 87  train.loss : 6.48604  train.total_ips : 4781.87 img/s
DLL 2020-09-22 12:28:56.728846 - Epoch: 0 Iteration: 88  train.loss : 6.51289  train.total_ips : 4337.24 img/s
DLL 2020-09-22 12:28:57.053008 - Epoch: 0 Iteration: 89  train.loss : 6.48380  train.total_ips : 6319.68 img/s
DLL 2020-09-22 12:28:57.386791 - Epoch: 0 Iteration: 90  train.loss : 6.44427  train.total_ips : 6138.61 img/s
DLL 2020-09-22 12:28:57.738246 - Epoch: 0 Iteration: 91  train.loss : 6.46864  train.total_ips : 5829.08 img/s
DLL 2020-09-22 12:28:58.224917 - Epoch: 0 Iteration: 92  train.loss : 6.44963  train.total_ips : 4209.52 img/s
DLL 2020-09-22 12:28:58.609646 - Epoch: 0 Iteration: 93  train.loss : 6.48102  train.total_ips : 5326.26 img/s
DLL 2020-09-22 12:28:58.974908 - Epoch: 0 Iteration: 94  train.loss : 6.45873  train.total_ips : 5608.39 img/s
DLL 2020-09-22 12:28:59.299851 - Epoch: 0 Iteration: 95  train.loss : 6.46987  train.total_ips : 6305.15 img/s
DLL 2020-09-22 12:28:59.638761 - Epoch: 0 Iteration: 96  train.loss : 6.44370  train.total_ips : 6044.41 img/s
DLL 2020-09-22 12:28:59.973838 - Epoch: 0 Iteration: 97  train.loss : 6.46445  train.total_ips : 6114.36 img/s
DLL 2020-09-22 12:29:00.323399 - Epoch: 0 Iteration: 98  train.loss : 6.47079  train.total_ips : 5861.30 img/s
DLL 2020-09-22 12:29:00.871766 - Epoch: 0 Iteration: 99  train.loss : 6.45079  train.total_ips : 3736.14 img/s
DLL 2020-09-22 12:29:01.223739 - Epoch: 0 Iteration: 100  train.loss : 6.43971  train.total_ips : 5820.82 img/s
DLL 2020-09-22 12:29:01.613266 - Epoch: 0 Iteration: 101  train.loss : 6.45344  train.total_ips : 5260.27 img/s
DLL 2020-09-22 12:29:01.998458 - Epoch: 0 Iteration: 102  train.loss : 6.44408  train.total_ips : 5317.75 img/s
DLL 2020-09-22 12:29:02.493818 - Epoch: 0 Iteration: 103  train.loss : 6.42531  train.total_ips : 4135.75 img/s
DLL 2020-09-22 12:29:02.968230 - Epoch: 0 Iteration: 104  train.loss : 6.45670  train.total_ips : 4317.88 img/s
DLL 2020-09-22 12:29:03.291532 - Epoch: 0 Iteration: 105  train.loss : 6.44737  train.total_ips : 6336.20 img/s
DLL 2020-09-22 12:29:03.682085 - Epoch: 0 Iteration: 106  train.loss : 6.48239  train.total_ips : 5246.40 img/s
DLL 2020-09-22 12:29:04.017045 - Epoch: 0 Iteration: 107  train.loss : 6.40153  train.total_ips : 6115.90 img/s
DLL 2020-09-22 12:29:04.341106 - Epoch: 0 Iteration: 108  train.loss : 6.43891  train.total_ips : 6324.01 img/s
DLL 2020-09-22 12:29:04.706653 - Epoch: 0 Iteration: 109  train.loss : 6.43599  train.total_ips : 5604.07 img/s
DLL 2020-09-22 12:29:05.074519 - Epoch: 0 Iteration: 110  train.loss : 6.44354  train.total_ips : 5569.83 img/s
DLL 2020-09-22 12:29:05.477302 - Epoch: 0 Iteration: 111  train.loss : 6.43386  train.total_ips : 5086.32 img/s
DLL 2020-09-22 12:29:05.801106 - Epoch: 0 Iteration: 112  train.loss : 6.39275  train.total_ips : 6326.40 img/s
DLL 2020-09-22 12:29:06.133548 - Epoch: 0 Iteration: 113  train.loss : 6.39818  train.total_ips : 6164.46 img/s
DLL 2020-09-22 12:29:06.548405 - Epoch: 0 Iteration: 114  train.loss : 6.40352  train.total_ips : 4937.86 img/s
DLL 2020-09-22 12:29:06.966862 - Epoch: 0 Iteration: 115  train.loss : 6.36977  train.total_ips : 4895.06 img/s
DLL 2020-09-22 12:29:07.302971 - Epoch: 0 Iteration: 116  train.loss : 6.36181  train.total_ips : 6096.54 img/s
DLL 2020-09-22 12:29:07.733100 - Epoch: 0 Iteration: 117  train.loss : 6.35047  train.total_ips : 4762.87 img/s
DLL 2020-09-22 12:29:08.063134 - Epoch: 0 Iteration: 118  train.loss : 6.37173  train.total_ips : 6208.15 img/s
DLL 2020-09-22 12:29:08.459494 - Epoch: 0 Iteration: 119  train.loss : 6.36989  train.total_ips : 5169.56 img/s
DLL 2020-09-22 12:29:08.786127 - Epoch: 0 Iteration: 120  train.loss : 6.34317  train.total_ips : 6274.73 img/s
DLL 2020-09-22 12:29:09.124997 - Epoch: 0 Iteration: 121  train.loss : 6.36285  train.total_ips : 6045.44 img/s
DLL 2020-09-22 12:29:09.452860 - Epoch: 0 Iteration: 122  train.loss : 6.35796  train.total_ips : 6248.45 img/s
DLL 2020-09-22 12:29:09.781493 - Epoch: 0 Iteration: 123  train.loss : 6.36914  train.total_ips : 6233.78 img/s
DLL 2020-09-22 12:29:10.169598 - Epoch: 0 Iteration: 124  train.loss : 6.38423  train.total_ips : 5278.95 img/s
DLL 2020-09-22 12:29:10.494535 - Epoch: 0 Iteration: 125  train.loss : 6.32012  train.total_ips : 6303.99 img/s
DLL 2020-09-22 12:29:10.822974 - Epoch: 0 Iteration: 126  train.loss : 6.34398  train.total_ips : 6237.08 img/s
DLL 2020-09-22 12:29:11.159502 - Epoch: 0 Iteration: 127  train.loss : 6.31051  train.total_ips : 6087.83 img/s
DLL 2020-09-22 12:29:11.548525 - Epoch: 0 Iteration: 128  train.loss : 6.30823  train.total_ips : 5265.98 img/s
DLL 2020-09-22 12:29:12.009853 - Epoch: 0 Iteration: 129  train.loss : 6.34696  train.total_ips : 4441.79 img/s
DLL 2020-09-22 12:29:12.446169 - Epoch: 0 Iteration: 130  train.loss : 6.32577  train.total_ips : 4695.29 img/s
DLL 2020-09-22 12:29:12.783996 - Epoch: 0 Iteration: 131  train.loss : 6.32657  train.total_ips : 6063.87 img/s
DLL 2020-09-22 12:29:13.162002 - Epoch: 0 Iteration: 132  train.loss : 6.32476  train.total_ips : 5420.02 img/s
DLL 2020-09-22 12:29:13.513898 - Epoch: 0 Iteration: 133  train.loss : 6.31018  train.total_ips : 5822.07 img/s
DLL 2020-09-22 12:29:13.969065 - Epoch: 0 Iteration: 134  train.loss : 6.28828  train.total_ips : 4501.27 img/s
DLL 2020-09-22 12:29:14.319285 - Epoch: 0 Iteration: 135  train.loss : 6.30310  train.total_ips : 5849.23 img/s
DLL 2020-09-22 12:29:14.652488 - Epoch: 0 Iteration: 136  train.loss : 6.28937  train.total_ips : 6147.86 img/s
DLL 2020-09-22 12:29:14.987261 - Epoch: 0 Iteration: 137  train.loss : 6.30330  train.total_ips : 6119.93 img/s
DLL 2020-09-22 12:29:15.324889 - Epoch: 0 Iteration: 138  train.loss : 6.28087  train.total_ips : 6068.62 img/s
DLL 2020-09-22 12:29:15.695249 - Epoch: 0 Iteration: 139  train.loss : 6.28885  train.total_ips : 5531.07 img/s
DLL 2020-09-22 12:29:16.032112 - Epoch: 0 Iteration: 140  train.loss : 6.31726  train.total_ips : 6083.32 img/s
DLL 2020-09-22 12:29:16.364803 - Epoch: 0 Iteration: 141  train.loss : 6.28401  train.total_ips : 6157.97 img/s
DLL 2020-09-22 12:29:16.702006 - Epoch: 0 Iteration: 142  train.loss : 6.28151  train.total_ips : 6077.13 img/s
DLL 2020-09-22 12:29:17.164837 - Epoch: 0 Iteration: 143  train.loss : 6.26985  train.total_ips : 4425.85 img/s
DLL 2020-09-22 12:29:17.510952 - Epoch: 0 Iteration: 144  train.loss : 6.27113  train.total_ips : 5919.01 img/s
DLL 2020-09-22 12:29:17.883993 - Epoch: 0 Iteration: 145  train.loss : 6.27062  train.total_ips : 5492.36 img/s
DLL 2020-09-22 12:29:18.228398 - Epoch: 0 Iteration: 146  train.loss : 6.27634  train.total_ips : 5950.46 img/s
DLL 2020-09-22 12:29:18.554305 - Epoch: 0 Iteration: 147  train.loss : 6.26901  train.total_ips : 6286.26 img/s
DLL 2020-09-22 12:29:18.943709 - Epoch: 0 Iteration: 148  train.loss : 6.24915  train.total_ips : 5260.13 img/s
DLL 2020-09-22 12:29:19.338088 - Epoch: 0 Iteration: 149  train.loss : 6.21320  train.total_ips : 5194.21 img/s
DLL 2020-09-22 12:29:19.667493 - Epoch: 0  train.loss : 6.55442  train.total_ips : 5507.61 img/s
DLL 2020-09-22 12:29:19.667633 - Epoch: 0  lr : 0.256  train.compute_ips : 5530.77 img/s train.data_time : 0.00157 s train.compute_time : 0.47786 s
DLL 2020-09-22 12:29:19.667806 - Summary: train.loss : 6.55442  train.total_ips : 5507.61 img/s
DLL 2020-09-22 12:29:19.667872 - Summary: lr : 0.256  train.compute_ips : 5530.77 img/s train.data_time : 0.00157 s train.compute_time : 0.47786 s
Experiment ended
['/opt/conda/bin/python', '-u', '/workspace/rn50/main.py', '--data-backend', 'dali-cpu', '--raport-file', '/workspace/rn50/raport.json', '-j8', '-p', '1', '--lr', '2.048', '--optimizer-batch-size', '-1', '--warmup', '8', '--arch', 'resnet50', '-c', 'fanin', '--label-smoothing', '0.1', '--lr-schedule', 'cosine', '--mom', '0.125', '--wd', '3.0517578125e-05', '--workspace', '/workspace/rn50', '-b', '256', '--epochs', '1', '--prof', '150', '--training-only', '--no-checkpoints', '--amp', '--dynamic-loss-scale', '/data/image']
['/opt/conda/bin/python', '-u', '/workspace/rn50/main.py', '--data-backend', 'dali-cpu', '--raport-file', '/workspace/rn50/raport.json', '-j8', '-p', '1', '--lr', '2.048', '--optimizer-batch-size', '-1', '--warmup', '8', '--arch', 'resnet50', '-c', 'fanin', '--label-smoothing', '0.1', '--lr-schedule', 'cosine', '--mom', '0.125', '--wd', '3.0517578125e-05', '--workspace', '/workspace/rn50', '-b', '256', '--epochs', '1', '--prof', '150', '--training-only', '--no-checkpoints', '--amp', '--dynamic-loss-scale', '/data/image']
['/opt/conda/bin/python', '-u', '/workspace/rn50/main.py', '--data-backend', 'dali-cpu', '--raport-file', '/workspace/rn50/raport.json', '-j8', '-p', '1', '--lr', '2.048', '--optimizer-batch-size', '-1', '--warmup', '8', '--arch', 'resnet50', '-c', 'fanin', '--label-smoothing', '0.1', '--lr-schedule', 'cosine', '--mom', '0.125', '--wd', '3.0517578125e-05', '--workspace', '/workspace/rn50', '-b', '256', '--epochs', '1', '--prof', '150', '--training-only', '--no-checkpoints', '--amp', '--dynamic-loss-scale', '/data/image']
['/opt/conda/bin/python', '-u', '/workspace/rn50/main.py', '--data-backend', 'dali-cpu', '--raport-file', '/workspace/rn50/raport.json', '-j8', '-p', '1', '--lr', '2.048', '--optimizer-batch-size', '-1', '--warmup', '8', '--arch', 'resnet50', '-c', 'fanin', '--label-smoothing', '0.1', '--lr-schedule', 'cosine', '--mom', '0.125', '--wd', '3.0517578125e-05', '--workspace', '/workspace/rn50', '-b', '256', '--epochs', '1', '--prof', '150', '--training-only', '--no-checkpoints', '--amp', '--dynamic-loss-scale', '/data/image']
['/opt/conda/bin/python', '-u', '/workspace/rn50/main.py', '--data-backend', 'dali-cpu', '--raport-file', '/workspace/rn50/raport.json', '-j8', '-p', '1', '--lr', '2.048', '--optimizer-batch-size', '-1', '--warmup', '8', '--arch', 'resnet50', '-c', 'fanin', '--label-smoothing', '0.1', '--lr-schedule', 'cosine', '--mom', '0.125', '--wd', '3.0517578125e-05', '--workspace', '/workspace/rn50', '-b', '256', '--epochs', '1', '--prof', '150', '--training-only', '--no-checkpoints', '--amp', '--dynamic-loss-scale', '/data/image']
['/opt/conda/bin/python', '-u', '/workspace/rn50/main.py', '--data-backend', 'dali-cpu', '--raport-file', '/workspace/rn50/raport.json', '-j8', '-p', '1', '--lr', '2.048', '--optimizer-batch-size', '-1', '--warmup', '8', '--arch', 'resnet50', '-c', 'fanin', '--label-smoothing', '0.1', '--lr-schedule', 'cosine', '--mom', '0.125', '--wd', '3.0517578125e-05', '--workspace', '/workspace/rn50', '-b', '256', '--epochs', '1', '--prof', '150', '--training-only', '--no-checkpoints', '--amp', '--dynamic-loss-scale', '/data/image']
['/opt/conda/bin/python', '-u', '/workspace/rn50/main.py', '--data-backend', 'dali-cpu', '--raport-file', '/workspace/rn50/raport.json', '-j8', '-p', '1', '--lr', '2.048', '--optimizer-batch-size', '-1', '--warmup', '8', '--arch', 'resnet50', '-c', 'fanin', '--label-smoothing', '0.1', '--lr-schedule', 'cosine', '--mom', '0.125', '--wd', '3.0517578125e-05', '--workspace', '/workspace/rn50', '-b', '256', '--epochs', '1', '--prof', '150', '--training-only', '--no-checkpoints', '--amp', '--dynamic-loss-scale', '/data/image']
['/opt/conda/bin/python', '-u', '/workspace/rn50/main.py', '--data-backend', 'dali-cpu', '--raport-file', '/workspace/rn50/raport.json', '-j8', '-p', '1', '--lr', '2.048', '--optimizer-batch-size', '-1', '--warmup', '8', '--arch', 'resnet50', '-c', 'fanin', '--label-smoothing', '0.1', '--lr-schedule', 'cosine', '--mom', '0.125', '--wd', '3.0517578125e-05', '--workspace', '/workspace/rn50', '-b', '256', '--epochs', '1', '--prof', '150', '--training-only', '--no-checkpoints', '--amp', '--dynamic-loss-scale', '/data/image']
