+ python /workspace/rn50/multiproc.py --nnodes 1 --node_rank 0 --nproc_per_node 8 --master_addr 127.0.0.1 --master_port=29500 /workspace/rn50/main.py --data-backend dali-cpu --raport-file /workspace/rn50/raport.json -j8 -p 1 --lr 2.048 --optimizer-batch-size -1 --warmup 8 --arch resnet50 -c fanin --label-smoothing 0.1 --lr-schedule cosine --mom 0.125 --wd 3.0517578125e-05 --workspace /workspace/rn50 -b 256 --epochs 1 --prof 150 --training-only --no-checkpoints --amp --dynamic-loss-scale /data/image
=> creating model '('resnet50', 'fanin', 1000)'
Version: {'net': <class 'image_classification.resnet.ResNet'>, 'block': <class 'image_classification.resnet.Bottleneck'>, 'layers': [3, 4, 6, 3], 'widths': [64, 128, 256, 512], 'expansion': 4}
Config: {'conv': <class 'torch.nn.modules.conv.Conv2d'>, 'conv_init': 'fan_in', 'nonlinearity': 'relu', 'last_bn_0_init': False, 'activation': <function <lambda> at 0x7f44f43709d8>}
Num classes: 1000
i'm distributed in dali~~~~~~~~~~~~~~~~~
rank in dali:  0
world_size in dali:  8
read 886372 files from 698 directories
/opt/dali/dali/image/jpeg_mem.cc:338: Premature end of JPEG data. Stopped at line 272/440
read 50000 files from 1000 directories
DLL 2020-09-22 12:22:19.877445 - PARAMETER data : /data/image  data_backend : dali-cpu  arch : resnet50  model_config : fanin  num_classes : 1000  workers : 8  epochs : 1  run_epochs : -1  batch_size : 256  optimizer_batch_size : -1  lr : 2.048  lr_schedule : cosine  warmup : 8  label_smoothing : 0.1  mixup : 0.0  momentum : 0.125  weight_decay : 3.0517578125e-05  bn_weight_decay : False  nesterov : False  print_freq : 1  resume : None  pretrained_weights :   fp16 : False  static_loss_scale : 1  dynamic_loss_scale : True  prof : 150  amp : True  seed : None  gather_checkpoints : False  raport_file : /workspace/rn50/raport.json  evaluate : False  training_only : True  save_checkpoints : False  checkpoint_filename : checkpoint.pth.tar  workspace : /workspace/rn50  memory_format : nchw  distributed : True  local_rank : 0  gpu : 8  world_size : 8 
 ! Weight decay NOT applied to BN parameters 
98
63
Selected optimization level O1:  Insert automatic casts around Pytorch functions and Tensor methods.

Defaults for this optimization level are:
enabled                : True
opt_level              : O1
cast_model_type        : None
patch_torch_functions  : True
keep_batchnorm_fp32    : None
master_weights         : None
loss_scale             : dynamic
Processing user overrides (additional kwargs that are not None)...
After processing overrides, optimization options are:
enabled                : True
opt_level              : O1
cast_model_type        : None
patch_torch_functions  : True
keep_batchnorm_fp32    : None
master_weights         : None
loss_scale             : dynamic
RUNNING EPOCHS FROM 0 TO 1
DLL 2020-09-22 12:22:38.820776 - Epoch: 0 Iteration: 1  train.loss : 7.09492  train.total_ips : 125.20 img/s
DLL 2020-09-22 12:22:39.550585 - Epoch: 0 Iteration: 2  train.loss : 6.88845  train.total_ips : 2806.67 img/s
DLL 2020-09-22 12:22:39.925225 - Epoch: 0 Iteration: 3  train.loss : 6.88987  train.total_ips : 5467.45 img/s
DLL 2020-09-22 12:22:40.248524 - Epoch: 0 Iteration: 4  train.loss : 6.95206  train.total_ips : 6336.67 img/s
DLL 2020-09-22 12:22:40.589690 - Epoch: 0 Iteration: 5  train.loss : 6.94502  train.total_ips : 6006.05 img/s
DLL 2020-09-22 12:22:40.924147 - Epoch: 0 Iteration: 6  train.loss : 6.95349  train.total_ips : 6125.16 img/s
DLL 2020-09-22 12:22:41.374800 - Epoch: 0 Iteration: 7  train.loss : 6.86569  train.total_ips : 4545.47 img/s
DLL 2020-09-22 12:22:41.710789 - Epoch: 0 Iteration: 8  train.loss : 6.92369  train.total_ips : 6097.67 img/s
DLL 2020-09-22 12:22:42.036883 - Epoch: 0 Iteration: 9  train.loss : 6.91107  train.total_ips : 6281.96 img/s
DLL 2020-09-22 12:22:42.375975 - Epoch: 0 Iteration: 10  train.loss : 6.87998  train.total_ips : 6041.97 img/s
DLL 2020-09-22 12:22:42.744668 - Epoch: 0 Iteration: 11  train.loss : 6.94990  train.total_ips : 5555.86 img/s
DLL 2020-09-22 12:22:43.074367 - Epoch: 0 Iteration: 12  train.loss : 6.93545  train.total_ips : 6214.47 img/s
DLL 2020-09-22 12:22:43.401310 - Epoch: 0 Iteration: 13  train.loss : 6.84559  train.total_ips : 6271.07 img/s
DLL 2020-09-22 12:22:43.741374 - Epoch: 0 Iteration: 14  train.loss : 6.82217  train.total_ips : 6024.73 img/s
DLL 2020-09-22 12:22:44.075665 - Epoch: 0 Iteration: 15  train.loss : 6.77814  train.total_ips : 6128.32 img/s
DLL 2020-09-22 12:22:44.432446 - Epoch: 0 Iteration: 16  train.loss : 6.86895  train.total_ips : 5741.84 img/s
DLL 2020-09-22 12:22:44.861402 - Epoch: 0 Iteration: 17  train.loss : 6.83184  train.total_ips : 4775.44 img/s
DLL 2020-09-22 12:22:45.270154 - Epoch: 0 Iteration: 18  train.loss : 6.84112  train.total_ips : 5013.40 img/s
DLL 2020-09-22 12:22:45.673258 - Epoch: 0 Iteration: 19  train.loss : 6.89038  train.total_ips : 5081.79 img/s
DLL 2020-09-22 12:22:46.007369 - Epoch: 0 Iteration: 20  train.loss : 6.74694  train.total_ips : 6130.90 img/s
DLL 2020-09-22 12:22:46.383143 - Epoch: 0 Iteration: 21  train.loss : 6.79877  train.total_ips : 5452.12 img/s
DLL 2020-09-22 12:22:46.798820 - Epoch: 0 Iteration: 22  train.loss : 6.90391  train.total_ips : 4932.02 img/s
DLL 2020-09-22 12:22:47.137871 - Epoch: 0 Iteration: 23  train.loss : 6.84391  train.total_ips : 6043.97 img/s
DLL 2020-09-22 12:22:47.536620 - Epoch: 0 Iteration: 24  train.loss : 6.85312  train.total_ips : 5136.65 img/s
DLL 2020-09-22 12:22:47.878158 - Epoch: 0 Iteration: 25  train.loss : 6.78326  train.total_ips : 5997.92 img/s
DLL 2020-09-22 12:22:48.275953 - Epoch: 0 Iteration: 26  train.loss : 6.80068  train.total_ips : 5149.72 img/s
DLL 2020-09-22 12:22:48.655670 - Epoch: 0 Iteration: 27  train.loss : 6.77882  train.total_ips : 5395.96 img/s
DLL 2020-09-22 12:22:49.060453 - Epoch: 0 Iteration: 28  train.loss : 6.75336  train.total_ips : 5061.23 img/s
DLL 2020-09-22 12:22:49.385061 - Epoch: 0 Iteration: 29  train.loss : 6.82220  train.total_ips : 6310.50 img/s
DLL 2020-09-22 12:22:49.757383 - Epoch: 0 Iteration: 30  train.loss : 6.79915  train.total_ips : 5502.03 img/s
DLL 2020-09-22 12:22:50.142693 - Epoch: 0 Iteration: 31  train.loss : 6.72824  train.total_ips : 5316.50 img/s
DLL 2020-09-22 12:22:50.475818 - Epoch: 0 Iteration: 32  train.loss : 6.76779  train.total_ips : 6154.23 img/s
DLL 2020-09-22 12:22:50.949611 - Epoch: 0 Iteration: 33  train.loss : 6.76246  train.total_ips : 4323.20 img/s
DLL 2020-09-22 12:22:51.284962 - Epoch: 0 Iteration: 34  train.loss : 6.75625  train.total_ips : 6108.59 img/s
DLL 2020-09-22 12:22:51.628806 - Epoch: 0 Iteration: 35  train.loss : 6.73111  train.total_ips : 5957.36 img/s
DLL 2020-09-22 12:22:52.052071 - Epoch: 0 Iteration: 36  train.loss : 6.71195  train.total_ips : 4839.60 img/s
DLL 2020-09-22 12:22:52.383346 - Epoch: 0 Iteration: 37  train.loss : 6.72846  train.total_ips : 6183.94 img/s
DLL 2020-09-22 12:22:52.723943 - Epoch: 0 Iteration: 38  train.loss : 6.71407  train.total_ips : 6015.40 img/s
DLL 2020-09-22 12:22:53.143693 - Epoch: 0 Iteration: 39  train.loss : 6.69860  train.total_ips : 4880.65 img/s
DLL 2020-09-22 12:22:53.542221 - Epoch: 0 Iteration: 40  train.loss : 6.70820  train.total_ips : 5139.70 img/s
DLL 2020-09-22 12:22:53.977002 - Epoch: 0 Iteration: 41  train.loss : 6.68998  train.total_ips : 4711.19 img/s
DLL 2020-09-22 12:22:54.399821 - Epoch: 0 Iteration: 42  train.loss : 6.70298  train.total_ips : 4844.69 img/s
DLL 2020-09-22 12:22:54.724678 - Epoch: 0 Iteration: 43  train.loss : 6.73403  train.total_ips : 6305.95 img/s
DLL 2020-09-22 12:22:55.050896 - Epoch: 0 Iteration: 44  train.loss : 6.72478  train.total_ips : 6279.94 img/s
DLL 2020-09-22 12:22:55.391635 - Epoch: 0 Iteration: 45  train.loss : 6.69981  train.total_ips : 6012.35 img/s
DLL 2020-09-22 12:22:55.761552 - Epoch: 0 Iteration: 46  train.loss : 6.66640  train.total_ips : 5537.40 img/s
DLL 2020-09-22 12:22:56.116554 - Epoch: 0 Iteration: 47  train.loss : 6.66909  train.total_ips : 5771.20 img/s
DLL 2020-09-22 12:22:56.445414 - Epoch: 0 Iteration: 48  train.loss : 6.66619  train.total_ips : 6229.40 img/s
DLL 2020-09-22 12:22:56.811728 - Epoch: 0 Iteration: 49  train.loss : 6.67607  train.total_ips : 5592.89 img/s
DLL 2020-09-22 12:22:57.170746 - Epoch: 0 Iteration: 50  train.loss : 6.68495  train.total_ips : 5705.73 img/s
DLL 2020-09-22 12:22:57.613110 - Epoch: 0 Iteration: 51  train.loss : 6.65095  train.total_ips : 4630.67 img/s
DLL 2020-09-22 12:22:57.949538 - Epoch: 0 Iteration: 52  train.loss : 6.66363  train.total_ips : 6088.82 img/s
DLL 2020-09-22 12:22:58.286233 - Epoch: 0 Iteration: 53  train.loss : 6.65907  train.total_ips : 6084.32 img/s
DLL 2020-09-22 12:22:58.621181 - Epoch: 0 Iteration: 54  train.loss : 6.66662  train.total_ips : 6116.58 img/s
DLL 2020-09-22 12:22:59.075838 - Epoch: 0 Iteration: 55  train.loss : 6.63267  train.total_ips : 4505.25 img/s
DLL 2020-09-22 12:22:59.400774 - Epoch: 0 Iteration: 56  train.loss : 6.67659  train.total_ips : 6305.96 img/s
DLL 2020-09-22 12:22:59.787421 - Epoch: 0 Iteration: 57  train.loss : 6.63953  train.total_ips : 5297.77 img/s
DLL 2020-09-22 12:23:00.113030 - Epoch: 0 Iteration: 58  train.loss : 6.65828  train.total_ips : 6291.39 img/s
DLL 2020-09-22 12:23:00.454045 - Epoch: 0 Iteration: 59  train.loss : 6.64572  train.total_ips : 6007.88 img/s
DLL 2020-09-22 12:23:00.844790 - Epoch: 0 Iteration: 60  train.loss : 6.61501  train.total_ips : 5242.96 img/s
DLL 2020-09-22 12:23:01.256018 - Epoch: 0 Iteration: 61  train.loss : 6.63243  train.total_ips : 4981.16 img/s
DLL 2020-09-22 12:23:01.582872 - Epoch: 0 Iteration: 62  train.loss : 6.60645  train.total_ips : 6267.56 img/s
DLL 2020-09-22 12:23:01.953553 - Epoch: 0 Iteration: 63  train.loss : 6.58498  train.total_ips : 5526.42 img/s
DLL 2020-09-22 12:23:02.338620 - Epoch: 0 Iteration: 64  train.loss : 6.64093  train.total_ips : 5319.70 img/s
DLL 2020-09-22 12:23:02.728523 - Epoch: 0 Iteration: 65  train.loss : 6.63350  train.total_ips : 5254.71 img/s
DLL 2020-09-22 12:23:03.080838 - Epoch: 0 Iteration: 66  train.loss : 6.62164  train.total_ips : 5814.29 img/s
DLL 2020-09-22 12:23:03.412437 - Epoch: 0 Iteration: 67  train.loss : 6.58999  train.total_ips : 6177.59 img/s
DLL 2020-09-22 12:23:03.763640 - Epoch: 0 Iteration: 68  train.loss : 6.61373  train.total_ips : 5832.65 img/s
DLL 2020-09-22 12:23:04.089669 - Epoch: 0 Iteration: 69  train.loss : 6.58329  train.total_ips : 6285.06 img/s
DLL 2020-09-22 12:23:04.435356 - Epoch: 0 Iteration: 70  train.loss : 6.60500  train.total_ips : 5925.22 img/s
DLL 2020-09-22 12:23:04.764264 - Epoch: 0 Iteration: 71  train.loss : 6.57795  train.total_ips : 6231.27 img/s
DLL 2020-09-22 12:23:05.094882 - Epoch: 0 Iteration: 72  train.loss : 6.55755  train.total_ips : 6195.36 img/s
DLL 2020-09-22 12:23:05.465987 - Epoch: 0 Iteration: 73  train.loss : 6.54353  train.total_ips : 5519.76 img/s
DLL 2020-09-22 12:23:05.806659 - Epoch: 0 Iteration: 74  train.loss : 6.55700  train.total_ips : 6013.26 img/s
DLL 2020-09-22 12:23:06.141444 - Epoch: 0 Iteration: 75  train.loss : 6.58045  train.total_ips : 6118.79 img/s
DLL 2020-09-22 12:23:06.498530 - Epoch: 0 Iteration: 76  train.loss : 6.52880  train.total_ips : 5736.62 img/s
DLL 2020-09-22 12:23:06.830374 - Epoch: 0 Iteration: 77  train.loss : 6.55230  train.total_ips : 6173.79 img/s
DLL 2020-09-22 12:23:07.183467 - Epoch: 0 Iteration: 78  train.loss : 6.53074  train.total_ips : 5801.45 img/s
DLL 2020-09-22 12:23:07.511809 - Epoch: 0 Iteration: 79  train.loss : 6.53810  train.total_ips : 6242.44 img/s
DLL 2020-09-22 12:23:07.880353 - Epoch: 0 Iteration: 80  train.loss : 6.52008  train.total_ips : 5557.93 img/s
DLL 2020-09-22 12:23:08.214686 - Epoch: 0 Iteration: 81  train.loss : 6.51944  train.total_ips : 6127.55 img/s
DLL 2020-09-22 12:23:08.569958 - Epoch: 0 Iteration: 82  train.loss : 6.50238  train.total_ips : 5765.42 img/s
DLL 2020-09-22 12:23:08.950590 - Epoch: 0 Iteration: 83  train.loss : 6.50006  train.total_ips : 5381.83 img/s
DLL 2020-09-22 12:23:09.282436 - Epoch: 0 Iteration: 84  train.loss : 6.50611  train.total_ips : 6173.05 img/s
DLL 2020-09-22 12:23:09.614117 - Epoch: 0 Iteration: 85  train.loss : 6.48365  train.total_ips : 6177.91 img/s
DLL 2020-09-22 12:23:10.079376 - Epoch: 0 Iteration: 86  train.loss : 6.50019  train.total_ips : 4403.42 img/s
DLL 2020-09-22 12:23:10.515374 - Epoch: 0 Iteration: 87  train.loss : 6.48596  train.total_ips : 4697.94 img/s
DLL 2020-09-22 12:23:10.854709 - Epoch: 0 Iteration: 88  train.loss : 6.50157  train.total_ips : 6036.85 img/s
DLL 2020-09-22 12:23:11.199747 - Epoch: 0 Iteration: 89  train.loss : 6.47401  train.total_ips : 5938.02 img/s
DLL 2020-09-22 12:23:11.587080 - Epoch: 0 Iteration: 90  train.loss : 6.44107  train.total_ips : 5288.42 img/s
DLL 2020-09-22 12:23:11.914739 - Epoch: 0 Iteration: 91  train.loss : 6.47335  train.total_ips : 6252.15 img/s
DLL 2020-09-22 12:23:12.240169 - Epoch: 0 Iteration: 92  train.loss : 6.44583  train.total_ips : 6295.83 img/s
DLL 2020-09-22 12:23:12.695353 - Epoch: 0 Iteration: 93  train.loss : 6.46749  train.total_ips : 4499.93 img/s
DLL 2020-09-22 12:23:13.140876 - Epoch: 0 Iteration: 94  train.loss : 6.46440  train.total_ips : 4597.55 img/s
DLL 2020-09-22 12:23:13.516567 - Epoch: 0 Iteration: 95  train.loss : 6.46286  train.total_ips : 5452.38 img/s
DLL 2020-09-22 12:23:13.848844 - Epoch: 0 Iteration: 96  train.loss : 6.43531  train.total_ips : 6165.09 img/s
DLL 2020-09-22 12:23:14.173598 - Epoch: 0 Iteration: 97  train.loss : 6.47471  train.total_ips : 6307.96 img/s
DLL 2020-09-22 12:23:14.596176 - Epoch: 0 Iteration: 98  train.loss : 6.49394  train.total_ips : 4848.22 img/s
DLL 2020-09-22 12:23:15.043814 - Epoch: 0 Iteration: 99  train.loss : 6.44207  train.total_ips : 4575.77 img/s
DLL 2020-09-22 12:23:15.413889 - Epoch: 0 Iteration: 100  train.loss : 6.44599  train.total_ips : 5535.16 img/s
DLL 2020-09-22 12:23:15.896199 - Epoch: 0 Iteration: 101  train.loss : 6.45311  train.total_ips : 4246.90 img/s
DLL 2020-09-22 12:23:16.256033 - Epoch: 0 Iteration: 102  train.loss : 6.42585  train.total_ips : 5692.93 img/s
DLL 2020-09-22 12:23:16.583178 - Epoch: 0 Iteration: 103  train.loss : 6.43113  train.total_ips : 6261.73 img/s
DLL 2020-09-22 12:23:16.918877 - Epoch: 0 Iteration: 104  train.loss : 6.44722  train.total_ips : 6105.98 img/s
DLL 2020-09-22 12:23:17.254326 - Epoch: 0 Iteration: 105  train.loss : 6.44489  train.total_ips : 6107.54 img/s
DLL 2020-09-22 12:23:17.673738 - Epoch: 0 Iteration: 106  train.loss : 6.49339  train.total_ips : 4884.36 img/s
DLL 2020-09-22 12:23:18.022369 - Epoch: 0 Iteration: 107  train.loss : 6.41522  train.total_ips : 5875.52 img/s
DLL 2020-09-22 12:23:18.354400 - Epoch: 0 Iteration: 108  train.loss : 6.42874  train.total_ips : 6170.50 img/s
DLL 2020-09-22 12:23:18.684805 - Epoch: 0 Iteration: 109  train.loss : 6.43245  train.total_ips : 6199.59 img/s
DLL 2020-09-22 12:23:19.057650 - Epoch: 0 Iteration: 110  train.loss : 6.44439  train.total_ips : 5494.22 img/s
DLL 2020-09-22 12:23:19.471023 - Epoch: 0 Iteration: 111  train.loss : 6.44125  train.total_ips : 4956.81 img/s
DLL 2020-09-22 12:23:19.857430 - Epoch: 0 Iteration: 112  train.loss : 6.38453  train.total_ips : 5301.59 img/s
DLL 2020-09-22 12:23:20.243274 - Epoch: 0 Iteration: 113  train.loss : 6.40956  train.total_ips : 5308.68 img/s
DLL 2020-09-22 12:23:20.575972 - Epoch: 0 Iteration: 114  train.loss : 6.40425  train.total_ips : 6158.23 img/s
DLL 2020-09-22 12:23:20.908133 - Epoch: 0 Iteration: 115  train.loss : 6.37659  train.total_ips : 6167.88 img/s
DLL 2020-09-22 12:23:21.261637 - Epoch: 0 Iteration: 116  train.loss : 6.36066  train.total_ips : 5795.71 img/s
DLL 2020-09-22 12:23:21.596467 - Epoch: 0 Iteration: 117  train.loss : 6.35726  train.total_ips : 6117.52 img/s
DLL 2020-09-22 12:23:21.938897 - Epoch: 0 Iteration: 118  train.loss : 6.37152  train.total_ips : 5982.83 img/s
DLL 2020-09-22 12:23:22.390397 - Epoch: 0 Iteration: 119  train.loss : 6.35287  train.total_ips : 4537.03 img/s
DLL 2020-09-22 12:23:22.789115 - Epoch: 0 Iteration: 120  train.loss : 6.34579  train.total_ips : 5138.44 img/s
DLL 2020-09-22 12:23:23.241896 - Epoch: 0 Iteration: 121  train.loss : 6.33733  train.total_ips : 4523.69 img/s
DLL 2020-09-22 12:23:23.568978 - Epoch: 0 Iteration: 122  train.loss : 6.33202  train.total_ips : 6263.15 img/s
DLL 2020-09-22 12:23:24.029809 - Epoch: 0 Iteration: 123  train.loss : 6.33558  train.total_ips : 4444.95 img/s
DLL 2020-09-22 12:23:24.355373 - Epoch: 0 Iteration: 124  train.loss : 6.33225  train.total_ips : 6292.38 img/s
DLL 2020-09-22 12:23:24.752879 - Epoch: 0 Iteration: 125  train.loss : 6.31932  train.total_ips : 5153.14 img/s
DLL 2020-09-22 12:23:25.126434 - Epoch: 0 Iteration: 126  train.loss : 6.31737  train.total_ips : 5483.57 img/s
DLL 2020-09-22 12:23:25.479208 - Epoch: 0 Iteration: 127  train.loss : 6.29466  train.total_ips : 5806.69 img/s
DLL 2020-09-22 12:23:25.816926 - Epoch: 0 Iteration: 128  train.loss : 6.27346  train.total_ips : 6067.49 img/s
DLL 2020-09-22 12:23:26.142172 - Epoch: 0 Iteration: 129  train.loss : 6.31757  train.total_ips : 6297.93 img/s
DLL 2020-09-22 12:23:26.467214 - Epoch: 0 Iteration: 130  train.loss : 6.31128  train.total_ips : 6304.01 img/s
DLL 2020-09-22 12:23:26.798236 - Epoch: 0 Iteration: 131  train.loss : 6.31782  train.total_ips : 6188.83 img/s
DLL 2020-09-22 12:23:27.225455 - Epoch: 0 Iteration: 132  train.loss : 6.29910  train.total_ips : 4794.96 img/s
DLL 2020-09-22 12:23:27.652358 - Epoch: 0 Iteration: 133  train.loss : 6.29246  train.total_ips : 4798.65 img/s
DLL 2020-09-22 12:23:28.072852 - Epoch: 0 Iteration: 134  train.loss : 6.28989  train.total_ips : 4871.60 img/s
DLL 2020-09-22 12:23:28.418559 - Epoch: 0 Iteration: 135  train.loss : 6.28788  train.total_ips : 5925.36 img/s
DLL 2020-09-22 12:23:28.743884 - Epoch: 0 Iteration: 136  train.loss : 6.26892  train.total_ips : 6296.90 img/s
DLL 2020-09-22 12:23:29.140899 - Epoch: 0 Iteration: 137  train.loss : 6.27496  train.total_ips : 5159.62 img/s
DLL 2020-09-22 12:23:29.581509 - Epoch: 0 Iteration: 138  train.loss : 6.26174  train.total_ips : 4648.87 img/s
DLL 2020-09-22 12:23:29.906005 - Epoch: 0 Iteration: 139  train.loss : 6.28771  train.total_ips : 6312.93 img/s
DLL 2020-09-22 12:23:30.243023 - Epoch: 0 Iteration: 140  train.loss : 6.30098  train.total_ips : 6081.19 img/s
DLL 2020-09-22 12:23:30.668455 - Epoch: 0 Iteration: 141  train.loss : 6.26402  train.total_ips : 4815.55 img/s
DLL 2020-09-22 12:23:31.128515 - Epoch: 0 Iteration: 142  train.loss : 6.27299  train.total_ips : 4451.99 img/s
DLL 2020-09-22 12:23:31.471745 - Epoch: 0 Iteration: 143  train.loss : 6.26804  train.total_ips : 5969.03 img/s
DLL 2020-09-22 12:23:31.901581 - Epoch: 0 Iteration: 144  train.loss : 6.24443  train.total_ips : 4765.33 img/s
DLL 2020-09-22 12:23:32.384657 - Epoch: 0 Iteration: 145  train.loss : 6.27838  train.total_ips : 4240.18 img/s
DLL 2020-09-22 12:23:32.717843 - Epoch: 0 Iteration: 146  train.loss : 6.26488  train.total_ips : 6148.00 img/s
DLL 2020-09-22 12:23:33.120426 - Epoch: 0 Iteration: 147  train.loss : 6.24338  train.total_ips : 5089.47 img/s
DLL 2020-09-22 12:23:33.508435 - Epoch: 0 Iteration: 148  train.loss : 6.24463  train.total_ips : 5279.62 img/s
DLL 2020-09-22 12:23:33.878995 - Epoch: 0 Iteration: 149  train.loss : 6.18697  train.total_ips : 5527.82 img/s
DLL 2020-09-22 12:23:34.224466 - Epoch: 0  train.loss : 6.56375  train.total_ips : 5561.13 img/s
DLL 2020-09-22 12:23:34.224660 - Epoch: 0  lr : 0.256  train.compute_ips : 5587.84 img/s train.data_time : 0.00182 s train.compute_time : 0.47648 s
DLL 2020-09-22 12:23:34.224779 - Summary: train.loss : 6.56375  train.total_ips : 5561.13 img/s
DLL 2020-09-22 12:23:34.224821 - Summary: lr : 0.256  train.compute_ips : 5587.84 img/s train.data_time : 0.00182 s train.compute_time : 0.47648 s
Experiment ended
['/opt/conda/bin/python', '-u', '/workspace/rn50/main.py', '--data-backend', 'dali-cpu', '--raport-file', '/workspace/rn50/raport.json', '-j8', '-p', '1', '--lr', '2.048', '--optimizer-batch-size', '-1', '--warmup', '8', '--arch', 'resnet50', '-c', 'fanin', '--label-smoothing', '0.1', '--lr-schedule', 'cosine', '--mom', '0.125', '--wd', '3.0517578125e-05', '--workspace', '/workspace/rn50', '-b', '256', '--epochs', '1', '--prof', '150', '--training-only', '--no-checkpoints', '--amp', '--dynamic-loss-scale', '/data/image']
['/opt/conda/bin/python', '-u', '/workspace/rn50/main.py', '--data-backend', 'dali-cpu', '--raport-file', '/workspace/rn50/raport.json', '-j8', '-p', '1', '--lr', '2.048', '--optimizer-batch-size', '-1', '--warmup', '8', '--arch', 'resnet50', '-c', 'fanin', '--label-smoothing', '0.1', '--lr-schedule', 'cosine', '--mom', '0.125', '--wd', '3.0517578125e-05', '--workspace', '/workspace/rn50', '-b', '256', '--epochs', '1', '--prof', '150', '--training-only', '--no-checkpoints', '--amp', '--dynamic-loss-scale', '/data/image']
['/opt/conda/bin/python', '-u', '/workspace/rn50/main.py', '--data-backend', 'dali-cpu', '--raport-file', '/workspace/rn50/raport.json', '-j8', '-p', '1', '--lr', '2.048', '--optimizer-batch-size', '-1', '--warmup', '8', '--arch', 'resnet50', '-c', 'fanin', '--label-smoothing', '0.1', '--lr-schedule', 'cosine', '--mom', '0.125', '--wd', '3.0517578125e-05', '--workspace', '/workspace/rn50', '-b', '256', '--epochs', '1', '--prof', '150', '--training-only', '--no-checkpoints', '--amp', '--dynamic-loss-scale', '/data/image']
['/opt/conda/bin/python', '-u', '/workspace/rn50/main.py', '--data-backend', 'dali-cpu', '--raport-file', '/workspace/rn50/raport.json', '-j8', '-p', '1', '--lr', '2.048', '--optimizer-batch-size', '-1', '--warmup', '8', '--arch', 'resnet50', '-c', 'fanin', '--label-smoothing', '0.1', '--lr-schedule', 'cosine', '--mom', '0.125', '--wd', '3.0517578125e-05', '--workspace', '/workspace/rn50', '-b', '256', '--epochs', '1', '--prof', '150', '--training-only', '--no-checkpoints', '--amp', '--dynamic-loss-scale', '/data/image']
['/opt/conda/bin/python', '-u', '/workspace/rn50/main.py', '--data-backend', 'dali-cpu', '--raport-file', '/workspace/rn50/raport.json', '-j8', '-p', '1', '--lr', '2.048', '--optimizer-batch-size', '-1', '--warmup', '8', '--arch', 'resnet50', '-c', 'fanin', '--label-smoothing', '0.1', '--lr-schedule', 'cosine', '--mom', '0.125', '--wd', '3.0517578125e-05', '--workspace', '/workspace/rn50', '-b', '256', '--epochs', '1', '--prof', '150', '--training-only', '--no-checkpoints', '--amp', '--dynamic-loss-scale', '/data/image']
['/opt/conda/bin/python', '-u', '/workspace/rn50/main.py', '--data-backend', 'dali-cpu', '--raport-file', '/workspace/rn50/raport.json', '-j8', '-p', '1', '--lr', '2.048', '--optimizer-batch-size', '-1', '--warmup', '8', '--arch', 'resnet50', '-c', 'fanin', '--label-smoothing', '0.1', '--lr-schedule', 'cosine', '--mom', '0.125', '--wd', '3.0517578125e-05', '--workspace', '/workspace/rn50', '-b', '256', '--epochs', '1', '--prof', '150', '--training-only', '--no-checkpoints', '--amp', '--dynamic-loss-scale', '/data/image']
['/opt/conda/bin/python', '-u', '/workspace/rn50/main.py', '--data-backend', 'dali-cpu', '--raport-file', '/workspace/rn50/raport.json', '-j8', '-p', '1', '--lr', '2.048', '--optimizer-batch-size', '-1', '--warmup', '8', '--arch', 'resnet50', '-c', 'fanin', '--label-smoothing', '0.1', '--lr-schedule', 'cosine', '--mom', '0.125', '--wd', '3.0517578125e-05', '--workspace', '/workspace/rn50', '-b', '256', '--epochs', '1', '--prof', '150', '--training-only', '--no-checkpoints', '--amp', '--dynamic-loss-scale', '/data/image']
['/opt/conda/bin/python', '-u', '/workspace/rn50/main.py', '--data-backend', 'dali-cpu', '--raport-file', '/workspace/rn50/raport.json', '-j8', '-p', '1', '--lr', '2.048', '--optimizer-batch-size', '-1', '--warmup', '8', '--arch', 'resnet50', '-c', 'fanin', '--label-smoothing', '0.1', '--lr-schedule', 'cosine', '--mom', '0.125', '--wd', '3.0517578125e-05', '--workspace', '/workspace/rn50', '-b', '256', '--epochs', '1', '--prof', '150', '--training-only', '--no-checkpoints', '--amp', '--dynamic-loss-scale', '/data/image']
