+ python /workspace/rn50/multiproc.py --nnodes 2 --node_rank 0 --nproc_per_node 8 --master_addr 10.11.0.2 --master_port=22333 /workspace/rn50/main.py --data-backend dali-cpu --raport-file /workspace/rn50/raport.json -j8 -p 1 --lr 2.048 --optimizer-batch-size -1 --warmup 8 --arch resnet50 -c fanin --label-smoothing 0.1 --lr-schedule cosine --mom 0.125 --wd 3.0517578125e-05 --workspace /workspace/rn50 -b 256 --epochs 1 --prof 150 --training-only --no-checkpoints --amp --dynamic-loss-scale /data/image
=> creating model '('resnet50', 'fanin', 1000)'
Version: {'net': <class 'image_classification.resnet.ResNet'>, 'block': <class 'image_classification.resnet.Bottleneck'>, 'layers': [3, 4, 6, 3], 'widths': [64, 128, 256, 512], 'expansion': 4}
Config: {'conv': <class 'torch.nn.modules.conv.Conv2d'>, 'conv_init': 'fan_in', 'nonlinearity': 'relu', 'last_bn_0_init': False, 'activation': <function <lambda> at 0x7fbedf8cc9d8>}
Num classes: 1000
i'm distributed in dali~~~~~~~~~~~~~~~~~
rank in dali:  0
world_size in dali:  16
read 886372 files from 698 directories
read 50000 files from 1000 directories
DLL 2020-09-22 12:43:11.473089 - PARAMETER data : /data/image  data_backend : dali-cpu  arch : resnet50  model_config : fanin  num_classes : 1000  workers : 8  epochs : 1  run_epochs : -1  batch_size : 256  optimizer_batch_size : -1  lr : 2.048  lr_schedule : cosine  warmup : 8  label_smoothing : 0.1  mixup : 0.0  momentum : 0.125  weight_decay : 3.0517578125e-05  bn_weight_decay : False  nesterov : False  print_freq : 1  resume : None  pretrained_weights :   fp16 : False  static_loss_scale : 1  dynamic_loss_scale : True  prof : 150  amp : True  seed : None  gather_checkpoints : False  raport_file : /workspace/rn50/raport.json  evaluate : False  training_only : True  save_checkpoints : False  checkpoint_filename : checkpoint.pth.tar  workspace : /workspace/rn50  memory_format : nchw  distributed : True  local_rank : 0  gpu : 8  world_size : 16 
 ! Weight decay NOT applied to BN parameters 
98
63
Selected optimization level O1:  Insert automatic casts around Pytorch functions and Tensor methods.

Defaults for this optimization level are:
enabled                : True
opt_level              : O1
cast_model_type        : None
patch_torch_functions  : True
keep_batchnorm_fp32    : None
master_weights         : None
loss_scale             : dynamic
Processing user overrides (additional kwargs that are not None)...
After processing overrides, optimization options are:
enabled                : True
opt_level              : O1
cast_model_type        : None
patch_torch_functions  : True
keep_batchnorm_fp32    : None
master_weights         : None
loss_scale             : dynamic
VS002:6532:6532 [0] NCCL INFO Bootstrap : Using [0]ib0:10.11.0.2<0>
VS002:6532:6532 [0] NCCL INFO NET/Plugin : No plugin found (libnccl-net.so), using internal implementation
VS002:6532:6532 [0] NCCL INFO NET/IB : Using [0]mlx5_0:1/IB ; OOB ib0:10.11.0.2<0>
VS002:6532:6532 [0] NCCL INFO Using network IB
NCCL version 2.6.3+cuda10.2
VS002:6532:7332 [0] NCCL INFO Channel 00/02 :    0   3   2   6   7   4   5   1   8  11  10  14  15  12  13   9
VS002:6532:7332 [0] NCCL INFO Channel 01/02 :    0   3   2   6   7   4   5   1   8  11  10  14  15  12  13   9
VS002:6532:7332 [0] NCCL INFO threadThresholds 8/8/64 | 128/8/64 | 8/8/64
VS002:6532:7332 [0] NCCL INFO Trees [0] 1/-1/-1->0->-1|-1->0->1/-1/-1 [1] 1/-1/-1->0->9|9->0->1/-1/-1
VS002:6532:7332 [0] NCCL INFO Setting affinity for GPU 0 to 0f,ff000fff
VS002:6532:7332 [0] NCCL INFO Ring 00 : 9[1b000] -> 0[1a000] [receive] via NET/IB/0
VS002:6532:7332 [0] NCCL INFO Ring 00 : 0[1a000] -> 3[3e000] via P2P/IPC
VS002:6532:7332 [0] NCCL INFO Ring 00 : 0[1a000] -> 1[1b000] via P2P/IPC
VS002:6532:7332 [0] NCCL INFO Ring 01 : 9[1b000] -> 0[1a000] [receive] via NET/IB/0
VS002:6532:7332 [0] NCCL INFO Ring 01 : 0[1a000] -> 3[3e000] via P2P/IPC
VS002:6532:7332 [0] NCCL INFO Ring 01 : 0[1a000] -> 9[1b000] [send] via NET/IB/0
VS002:6532:7332 [0] NCCL INFO Ring 01 : 0[1a000] -> 1[1b000] via P2P/IPC
VS002:6532:7332 [0] NCCL INFO comm 0x7fbc14006880 rank 0 nranks 16 cudaDev 0 busId 1a000 - Init COMPLETE
VS002:6532:6532 [0] NCCL INFO Launch mode Parallel
RUNNING EPOCHS FROM 0 TO 1
DLL 2020-09-22 12:43:32.869739 - Epoch: 0 Iteration: 1  train.loss : 7.08139  train.total_ips : 225.39 img/s
DLL 2020-09-22 12:43:33.779938 - Epoch: 0 Iteration: 2  train.loss : 6.87851  train.total_ips : 4500.01 img/s
DLL 2020-09-22 12:43:34.417913 - Epoch: 0 Iteration: 3  train.loss : 6.82465  train.total_ips : 6421.28 img/s
DLL 2020-09-22 12:43:34.804901 - Epoch: 0 Iteration: 4  train.loss : 6.79806  train.total_ips : 10586.06 img/s
DLL 2020-09-22 12:43:35.157780 - Epoch: 0 Iteration: 5  train.loss : 6.78612  train.total_ips : 11611.69 img/s
DLL 2020-09-22 12:43:35.570327 - Epoch: 0 Iteration: 6  train.loss : 6.80968  train.total_ips : 9930.76 img/s
DLL 2020-09-22 12:43:35.951736 - Epoch: 0 Iteration: 7  train.loss : 6.78642  train.total_ips : 10745.96 img/s
DLL 2020-09-22 12:43:36.308248 - Epoch: 0 Iteration: 8  train.loss : 6.74003  train.total_ips : 11491.27 img/s
DLL 2020-09-22 12:43:36.711812 - Epoch: 0 Iteration: 9  train.loss : 6.74658  train.total_ips : 10151.69 img/s
DLL 2020-09-22 12:43:37.105639 - Epoch: 0 Iteration: 10  train.loss : 6.75082  train.total_ips : 10402.43 img/s
DLL 2020-09-22 12:43:37.443976 - Epoch: 0 Iteration: 11  train.loss : 6.75366  train.total_ips : 12109.47 img/s
DLL 2020-09-22 12:43:37.793406 - Epoch: 0 Iteration: 12  train.loss : 6.71156  train.total_ips : 11726.60 img/s
DLL 2020-09-22 12:43:38.139983 - Epoch: 0 Iteration: 13  train.loss : 6.71075  train.total_ips : 11824.65 img/s
DLL 2020-09-22 12:43:38.500532 - Epoch: 0 Iteration: 14  train.loss : 6.72451  train.total_ips : 11362.22 img/s
DLL 2020-09-22 12:43:38.934246 - Epoch: 0 Iteration: 15  train.loss : 6.75154  train.total_ips : 9446.56 img/s
DLL 2020-09-22 12:43:39.447971 - Epoch: 0 Iteration: 16  train.loss : 6.72365  train.total_ips : 7975.44 img/s
DLL 2020-09-22 12:43:39.951886 - Epoch: 0 Iteration: 17  train.loss : 6.69181  train.total_ips : 8129.44 img/s
DLL 2020-09-22 12:43:40.396919 - Epoch: 0 Iteration: 18  train.loss : 6.70785  train.total_ips : 9206.23 img/s
DLL 2020-09-22 12:43:40.807255 - Epoch: 0 Iteration: 19  train.loss : 6.69384  train.total_ips : 9987.09 img/s
DLL 2020-09-22 12:43:41.189925 - Epoch: 0 Iteration: 20  train.loss : 6.67715  train.total_ips : 10704.78 img/s
DLL 2020-09-22 12:43:41.535920 - Epoch: 0 Iteration: 21  train.loss : 6.67379  train.total_ips : 11842.22 img/s
DLL 2020-09-22 12:43:41.908523 - Epoch: 0 Iteration: 22  train.loss : 6.69716  train.total_ips : 10998.75 img/s
DLL 2020-09-22 12:43:42.247822 - Epoch: 0 Iteration: 23  train.loss : 6.67789  train.total_ips : 12074.68 img/s
DLL 2020-09-22 12:43:42.591702 - Epoch: 0 Iteration: 24  train.loss : 6.69314  train.total_ips : 11914.49 img/s
DLL 2020-09-22 12:43:42.938900 - Epoch: 0 Iteration: 25  train.loss : 6.73064  train.total_ips : 11801.32 img/s
DLL 2020-09-22 12:43:43.373491 - Epoch: 0 Iteration: 26  train.loss : 6.68389  train.total_ips : 9428.93 img/s
DLL 2020-09-22 12:43:43.714375 - Epoch: 0 Iteration: 27  train.loss : 6.69622  train.total_ips : 12018.03 img/s
DLL 2020-09-22 12:43:44.074685 - Epoch: 0 Iteration: 28  train.loss : 6.66467  train.total_ips : 11374.09 img/s
DLL 2020-09-22 12:43:44.426615 - Epoch: 0 Iteration: 29  train.loss : 6.68800  train.total_ips : 11641.63 img/s
DLL 2020-09-22 12:43:44.773205 - Epoch: 0 Iteration: 30  train.loss : 6.67512  train.total_ips : 11822.03 img/s
DLL 2020-09-22 12:43:45.138456 - Epoch: 0 Iteration: 31  train.loss : 6.64905  train.total_ips : 11221.89 img/s
DLL 2020-09-22 12:43:45.595399 - Epoch: 0 Iteration: 32  train.loss : 6.66159  train.total_ips : 8966.01 img/s
DLL 2020-09-22 12:43:46.139642 - Epoch: 0 Iteration: 33  train.loss : 6.66202  train.total_ips : 7527.93 img/s
DLL 2020-09-22 12:43:46.480978 - Epoch: 0 Iteration: 34  train.loss : 6.65514  train.total_ips : 12003.03 img/s
DLL 2020-09-22 12:43:46.817854 - Epoch: 0 Iteration: 35  train.loss : 6.64473  train.total_ips : 12161.78 img/s
DLL 2020-09-22 12:43:47.182096 - Epoch: 0 Iteration: 36  train.loss : 6.64237  train.total_ips : 11247.87 img/s
DLL 2020-09-22 12:43:47.569369 - Epoch: 0 Iteration: 37  train.loss : 6.63854  train.total_ips : 10580.27 img/s
DLL 2020-09-22 12:43:47.923560 - Epoch: 0 Iteration: 38  train.loss : 6.63997  train.total_ips : 11569.68 img/s
DLL 2020-09-22 12:43:48.266097 - Epoch: 0 Iteration: 39  train.loss : 6.63657  train.total_ips : 11965.59 img/s
DLL 2020-09-22 12:43:48.664816 - Epoch: 0 Iteration: 40  train.loss : 6.62938  train.total_ips : 10277.94 img/s
DLL 2020-09-22 12:43:49.015883 - Epoch: 0 Iteration: 41  train.loss : 6.61444  train.total_ips : 11670.20 img/s
DLL 2020-09-22 12:43:49.356692 - Epoch: 0 Iteration: 42  train.loss : 6.64221  train.total_ips : 12020.64 img/s
DLL 2020-09-22 12:43:49.704579 - Epoch: 0 Iteration: 43  train.loss : 6.63603  train.total_ips : 11779.82 img/s
DLL 2020-09-22 12:43:50.049869 - Epoch: 0 Iteration: 44  train.loss : 6.63134  train.total_ips : 11864.10 img/s
DLL 2020-09-22 12:43:50.478253 - Epoch: 0 Iteration: 45  train.loss : 6.64910  train.total_ips : 9565.69 img/s
DLL 2020-09-22 12:43:50.826440 - Epoch: 0 Iteration: 46  train.loss : 6.66967  train.total_ips : 11768.20 img/s
DLL 2020-09-22 12:43:51.163130 - Epoch: 0 Iteration: 47  train.loss : 6.64769  train.total_ips : 12170.12 img/s
DLL 2020-09-22 12:43:51.507343 - Epoch: 0 Iteration: 48  train.loss : 6.65881  train.total_ips : 11902.50 img/s
DLL 2020-09-22 12:43:52.033964 - Epoch: 0 Iteration: 49  train.loss : 6.63727  train.total_ips : 7779.33 img/s
DLL 2020-09-22 12:43:52.377452 - Epoch: 0 Iteration: 50  train.loss : 6.65841  train.total_ips : 11927.46 img/s
DLL 2020-09-22 12:43:52.766180 - Epoch: 0 Iteration: 51  train.loss : 6.66569  train.total_ips : 10539.37 img/s
DLL 2020-09-22 12:43:53.150010 - Epoch: 0 Iteration: 52  train.loss : 6.62768  train.total_ips : 10676.04 img/s
DLL 2020-09-22 12:43:53.609891 - Epoch: 0 Iteration: 53  train.loss : 6.62737  train.total_ips : 8908.80 img/s
DLL 2020-09-22 12:43:53.942685 - Epoch: 0 Iteration: 54  train.loss : 6.63020  train.total_ips : 12310.91 img/s
DLL 2020-09-22 12:43:54.291001 - Epoch: 0 Iteration: 55  train.loss : 6.60119  train.total_ips : 11763.83 img/s
DLL 2020-09-22 12:43:54.634392 - Epoch: 0 Iteration: 56  train.loss : 6.59475  train.total_ips : 11930.61 img/s
DLL 2020-09-22 12:43:54.982850 - Epoch: 0 Iteration: 57  train.loss : 6.60455  train.total_ips : 11757.32 img/s
DLL 2020-09-22 12:43:55.476044 - Epoch: 0 Iteration: 58  train.loss : 6.59558  train.total_ips : 8310.13 img/s
DLL 2020-09-22 12:43:55.971889 - Epoch: 0 Iteration: 59  train.loss : 6.58188  train.total_ips : 8261.10 img/s
DLL 2020-09-22 12:43:56.416004 - Epoch: 0 Iteration: 60  train.loss : 6.57645  train.total_ips : 9232.58 img/s
DLL 2020-09-22 12:43:56.759843 - Epoch: 0 Iteration: 61  train.loss : 6.56764  train.total_ips : 11911.80 img/s
DLL 2020-09-22 12:43:57.105776 - Epoch: 0 Iteration: 62  train.loss : 6.56009  train.total_ips : 11845.89 img/s
DLL 2020-09-22 12:43:57.462880 - Epoch: 0 Iteration: 63  train.loss : 6.55096  train.total_ips : 11473.20 img/s
DLL 2020-09-22 12:43:57.848705 - Epoch: 0 Iteration: 64  train.loss : 6.56733  train.total_ips : 10618.04 img/s
DLL 2020-09-22 12:43:58.190547 - Epoch: 0 Iteration: 65  train.loss : 6.55054  train.total_ips : 11989.98 img/s
DLL 2020-09-22 12:43:58.684450 - Epoch: 0 Iteration: 66  train.loss : 6.54803  train.total_ips : 8298.76 img/s
DLL 2020-09-22 12:43:59.150891 - Epoch: 0 Iteration: 67  train.loss : 6.54860  train.total_ips : 8781.70 img/s
DLL 2020-09-22 12:43:59.480572 - Epoch: 0 Iteration: 68  train.loss : 6.54751  train.total_ips : 12427.19 img/s
DLL 2020-09-22 12:43:59.840100 - Epoch: 0 Iteration: 69  train.loss : 6.53939  train.total_ips : 11397.48 img/s
DLL 2020-09-22 12:44:00.295271 - Epoch: 0 Iteration: 70  train.loss : 6.52825  train.total_ips : 9000.10 img/s
DLL 2020-09-22 12:44:00.712197 - Epoch: 0 Iteration: 71  train.loss : 6.51191  train.total_ips : 9827.70 img/s
DLL 2020-09-22 12:44:01.044906 - Epoch: 0 Iteration: 72  train.loss : 6.51720  train.total_ips : 12313.61 img/s
DLL 2020-09-22 12:44:01.388892 - Epoch: 0 Iteration: 73  train.loss : 6.50164  train.total_ips : 11914.96 img/s
DLL 2020-09-22 12:44:01.743098 - Epoch: 0 Iteration: 74  train.loss : 6.49823  train.total_ips : 11567.14 img/s
DLL 2020-09-22 12:44:02.133153 - Epoch: 0 Iteration: 75  train.loss : 6.48546  train.total_ips : 10502.76 img/s
DLL 2020-09-22 12:44:02.471788 - Epoch: 0 Iteration: 76  train.loss : 6.48519  train.total_ips : 12098.47 img/s
DLL 2020-09-22 12:44:02.904020 - Epoch: 0 Iteration: 77  train.loss : 6.47774  train.total_ips : 9479.25 img/s
DLL 2020-09-22 12:44:03.289551 - Epoch: 0 Iteration: 78  train.loss : 6.50600  train.total_ips : 10626.21 img/s
DLL 2020-09-22 12:44:03.661300 - Epoch: 0 Iteration: 79  train.loss : 6.48463  train.total_ips : 11021.75 img/s
DLL 2020-09-22 12:44:04.003632 - Epoch: 0 Iteration: 80  train.loss : 6.46392  train.total_ips : 11971.07 img/s
DLL 2020-09-22 12:44:04.334801 - Epoch: 0 Iteration: 81  train.loss : 6.48599  train.total_ips : 12371.30 img/s
DLL 2020-09-22 12:44:04.687066 - Epoch: 0 Iteration: 82  train.loss : 6.46647  train.total_ips : 11631.75 img/s
DLL 2020-09-22 12:44:05.019382 - Epoch: 0 Iteration: 83  train.loss : 6.43537  train.total_ips : 12329.35 img/s
/opt/dali/dali/image/jpeg_mem.cc:338: Premature end of JPEG data. Stopped at line 272/440
DLL 2020-09-22 12:44:05.390076 - Epoch: 0 Iteration: 84  train.loss : 6.46163  train.total_ips : 11052.15 img/s
DLL 2020-09-22 12:44:05.747082 - Epoch: 0 Iteration: 85  train.loss : 6.45048  train.total_ips : 11478.45 img/s
DLL 2020-09-22 12:44:06.096742 - Epoch: 0 Iteration: 86  train.loss : 6.44187  train.total_ips : 11721.50 img/s
DLL 2020-09-22 12:44:06.442804 - Epoch: 0 Iteration: 87  train.loss : 6.45664  train.total_ips : 11843.31 img/s
DLL 2020-09-22 12:44:06.860934 - Epoch: 0 Iteration: 88  train.loss : 6.43020  train.total_ips : 9804.05 img/s
DLL 2020-09-22 12:44:07.278562 - Epoch: 0 Iteration: 89  train.loss : 6.46010  train.total_ips : 9811.01 img/s
DLL 2020-09-22 12:44:07.612513 - Epoch: 0 Iteration: 90  train.loss : 6.43946  train.total_ips : 12270.71 img/s
DLL 2020-09-22 12:44:07.960894 - Epoch: 0 Iteration: 91  train.loss : 6.44934  train.total_ips : 11765.29 img/s
DLL 2020-09-22 12:44:08.390540 - Epoch: 0 Iteration: 92  train.loss : 6.44377  train.total_ips : 9535.20 img/s
DLL 2020-09-22 12:44:09.059951 - Epoch: 0 Iteration: 93  train.loss : 6.41423  train.total_ips : 6120.14 img/s
DLL 2020-09-22 12:44:09.455374 - Epoch: 0 Iteration: 94  train.loss : 6.40779  train.total_ips : 10360.97 img/s
DLL 2020-09-22 12:44:09.873899 - Epoch: 0 Iteration: 95  train.loss : 6.42432  train.total_ips : 9788.78 img/s
DLL 2020-09-22 12:44:10.217580 - Epoch: 0 Iteration: 96  train.loss : 6.40551  train.total_ips : 11926.46 img/s
DLL 2020-09-22 12:44:10.622435 - Epoch: 0 Iteration: 97  train.loss : 6.41103  train.total_ips : 10118.77 img/s
DLL 2020-09-22 12:44:11.102893 - Epoch: 0 Iteration: 98  train.loss : 6.39689  train.total_ips : 8526.45 img/s
DLL 2020-09-22 12:44:11.438019 - Epoch: 0 Iteration: 99  train.loss : 6.40708  train.total_ips : 12225.66 img/s
DLL 2020-09-22 12:44:11.784484 - Epoch: 0 Iteration: 100  train.loss : 6.38373  train.total_ips : 11825.29 img/s
DLL 2020-09-22 12:44:12.132123 - Epoch: 0 Iteration: 101  train.loss : 6.38300  train.total_ips : 11789.64 img/s
DLL 2020-09-22 12:44:12.474795 - Epoch: 0 Iteration: 102  train.loss : 6.36473  train.total_ips : 11956.94 img/s
DLL 2020-09-22 12:44:12.809366 - Epoch: 0 Iteration: 103  train.loss : 6.36987  train.total_ips : 12244.90 img/s
DLL 2020-09-22 12:44:13.192873 - Epoch: 0 Iteration: 104  train.loss : 6.34540  train.total_ips : 10686.20 img/s
DLL 2020-09-22 12:44:13.612058 - Epoch: 0 Iteration: 105  train.loss : 6.37079  train.total_ips : 9775.63 img/s
DLL 2020-09-22 12:44:13.978688 - Epoch: 0 Iteration: 106  train.loss : 6.36294  train.total_ips : 11176.70 img/s
DLL 2020-09-22 12:44:14.313656 - Epoch: 0 Iteration: 107  train.loss : 6.35192  train.total_ips : 12229.89 img/s
DLL 2020-09-22 12:44:14.672515 - Epoch: 0 Iteration: 108  train.loss : 6.35765  train.total_ips : 11416.16 img/s
DLL 2020-09-22 12:44:15.014923 - Epoch: 0 Iteration: 109  train.loss : 6.34832  train.total_ips : 11969.56 img/s
DLL 2020-09-22 12:44:15.357526 - Epoch: 0 Iteration: 110  train.loss : 6.32508  train.total_ips : 11958.53 img/s
DLL 2020-09-22 12:44:15.723200 - Epoch: 0 Iteration: 111  train.loss : 6.35102  train.total_ips : 11212.37 img/s
DLL 2020-09-22 12:44:16.127058 - Epoch: 0 Iteration: 112  train.loss : 6.36909  train.total_ips : 10142.25 img/s
DLL 2020-09-22 12:44:16.460385 - Epoch: 0 Iteration: 113  train.loss : 6.34113  train.total_ips : 12291.96 img/s
DLL 2020-09-22 12:44:16.802320 - Epoch: 0 Iteration: 114  train.loss : 6.34089  train.total_ips : 11981.49 img/s
DLL 2020-09-22 12:44:17.142033 - Epoch: 0 Iteration: 115  train.loss : 6.33185  train.total_ips : 12062.14 img/s
DLL 2020-09-22 12:44:17.483310 - Epoch: 0 Iteration: 116  train.loss : 6.33640  train.total_ips : 12004.64 img/s
DLL 2020-09-22 12:44:17.853283 - Epoch: 0 Iteration: 117  train.loss : 6.34624  train.total_ips : 11073.89 img/s
DLL 2020-09-22 12:44:18.288598 - Epoch: 0 Iteration: 118  train.loss : 6.31581  train.total_ips : 9411.96 img/s
DLL 2020-09-22 12:44:18.630672 - Epoch: 0 Iteration: 119  train.loss : 6.31198  train.total_ips : 11981.81 img/s
DLL 2020-09-22 12:44:19.029424 - Epoch: 0 Iteration: 120  train.loss : 6.31760  train.total_ips : 10275.77 img/s
DLL 2020-09-22 12:44:19.369982 - Epoch: 0 Iteration: 121  train.loss : 6.30225  train.total_ips : 12030.86 img/s
DLL 2020-09-22 12:44:19.777835 - Epoch: 0 Iteration: 122  train.loss : 6.29753  train.total_ips : 10044.81 img/s
DLL 2020-09-22 12:44:20.119598 - Epoch: 0 Iteration: 123  train.loss : 6.30391  train.total_ips : 11987.62 img/s
DLL 2020-09-22 12:44:20.466164 - Epoch: 0 Iteration: 124  train.loss : 6.29380  train.total_ips : 11826.92 img/s
DLL 2020-09-22 12:44:20.842023 - Epoch: 0 Iteration: 125  train.loss : 6.32131  train.total_ips : 10902.36 img/s
DLL 2020-09-22 12:44:21.297338 - Epoch: 0 Iteration: 126  train.loss : 6.30153  train.total_ips : 8997.10 img/s
DLL 2020-09-22 12:44:21.643620 - Epoch: 0 Iteration: 127  train.loss : 6.28793  train.total_ips : 11835.93 img/s
DLL 2020-09-22 12:44:21.994954 - Epoch: 0 Iteration: 128  train.loss : 6.28746  train.total_ips : 11661.85 img/s
DLL 2020-09-22 12:44:22.417236 - Epoch: 0 Iteration: 129  train.loss : 6.27452  train.total_ips : 9703.26 img/s
DLL 2020-09-22 12:44:22.776759 - Epoch: 0 Iteration: 130  train.loss : 6.26770  train.total_ips : 11399.80 img/s
DLL 2020-09-22 12:44:23.120319 - Epoch: 0 Iteration: 131  train.loss : 6.28229  train.total_ips : 11929.78 img/s
DLL 2020-09-22 12:44:23.457058 - Epoch: 0 Iteration: 132  train.loss : 6.28268  train.total_ips : 12164.64 img/s
DLL 2020-09-22 12:44:23.828951 - Epoch: 0 Iteration: 133  train.loss : 6.25890  train.total_ips : 11017.69 img/s
DLL 2020-09-22 12:44:24.185864 - Epoch: 0 Iteration: 134  train.loss : 6.26998  train.total_ips : 11480.24 img/s
DLL 2020-09-22 12:44:24.553070 - Epoch: 0 Iteration: 135  train.loss : 6.23977  train.total_ips : 11159.29 img/s
DLL 2020-09-22 12:44:24.897246 - Epoch: 0 Iteration: 136  train.loss : 6.27527  train.total_ips : 11902.95 img/s
DLL 2020-09-22 12:44:25.358746 - Epoch: 0 Iteration: 137  train.loss : 6.26101  train.total_ips : 8877.44 img/s
DLL 2020-09-22 12:44:25.751077 - Epoch: 0 Iteration: 138  train.loss : 6.25135  train.total_ips : 10442.87 img/s
DLL 2020-09-22 12:44:26.098100 - Epoch: 0 Iteration: 139  train.loss : 6.26475  train.total_ips : 11805.79 img/s
DLL 2020-09-22 12:44:26.441951 - Epoch: 0 Iteration: 140  train.loss : 6.23182  train.total_ips : 11917.43 img/s
DLL 2020-09-22 12:44:26.839545 - Epoch: 0 Iteration: 141  train.loss : 6.22222  train.total_ips : 10303.50 img/s
DLL 2020-09-22 12:44:27.179769 - Epoch: 0 Iteration: 142  train.loss : 6.25086  train.total_ips : 12042.16 img/s
DLL 2020-09-22 12:44:27.527761 - Epoch: 0 Iteration: 143  train.loss : 6.24488  train.total_ips : 11773.03 img/s
DLL 2020-09-22 12:44:27.877032 - Epoch: 0 Iteration: 144  train.loss : 6.24509  train.total_ips : 11733.70 img/s
DLL 2020-09-22 12:44:28.293939 - Epoch: 0 Iteration: 145  train.loss : 6.26018  train.total_ips : 9826.45 img/s
DLL 2020-09-22 12:44:28.677972 - Epoch: 0 Iteration: 146  train.loss : 6.24655  train.total_ips : 10668.24 img/s
DLL 2020-09-22 12:44:29.110639 - Epoch: 0 Iteration: 147  train.loss : 6.24744  train.total_ips : 9468.65 img/s
DLL 2020-09-22 12:44:29.513612 - Epoch: 0 Iteration: 148  train.loss : 6.23986  train.total_ips : 10171.15 img/s
DLL 2020-09-22 12:44:29.877703 - Epoch: 0 Iteration: 149  train.loss : 6.22378  train.total_ips : 11252.55 img/s
DLL 2020-09-22 12:44:30.214344 - Epoch: 0  train.loss : 6.50165  train.total_ips : 10818.89 img/s
DLL 2020-09-22 12:44:30.214553 - Epoch: 0  lr : 0.256  train.compute_ips : 10866.17 img/s train.data_time : 0.00180 s train.compute_time : 0.50152 s
DLL 2020-09-22 12:44:30.214710 - Summary: train.loss : 6.50165  train.total_ips : 10818.89 img/s
DLL 2020-09-22 12:44:30.214780 - Summary: lr : 0.256  train.compute_ips : 10866.17 img/s train.data_time : 0.00180 s train.compute_time : 0.50152 s
Experiment ended
['/opt/conda/bin/python', '-u', '/workspace/rn50/main.py', '--data-backend', 'dali-cpu', '--raport-file', '/workspace/rn50/raport.json', '-j8', '-p', '1', '--lr', '2.048', '--optimizer-batch-size', '-1', '--warmup', '8', '--arch', 'resnet50', '-c', 'fanin', '--label-smoothing', '0.1', '--lr-schedule', 'cosine', '--mom', '0.125', '--wd', '3.0517578125e-05', '--workspace', '/workspace/rn50', '-b', '256', '--epochs', '1', '--prof', '150', '--training-only', '--no-checkpoints', '--amp', '--dynamic-loss-scale', '/data/image']
['/opt/conda/bin/python', '-u', '/workspace/rn50/main.py', '--data-backend', 'dali-cpu', '--raport-file', '/workspace/rn50/raport.json', '-j8', '-p', '1', '--lr', '2.048', '--optimizer-batch-size', '-1', '--warmup', '8', '--arch', 'resnet50', '-c', 'fanin', '--label-smoothing', '0.1', '--lr-schedule', 'cosine', '--mom', '0.125', '--wd', '3.0517578125e-05', '--workspace', '/workspace/rn50', '-b', '256', '--epochs', '1', '--prof', '150', '--training-only', '--no-checkpoints', '--amp', '--dynamic-loss-scale', '/data/image']
['/opt/conda/bin/python', '-u', '/workspace/rn50/main.py', '--data-backend', 'dali-cpu', '--raport-file', '/workspace/rn50/raport.json', '-j8', '-p', '1', '--lr', '2.048', '--optimizer-batch-size', '-1', '--warmup', '8', '--arch', 'resnet50', '-c', 'fanin', '--label-smoothing', '0.1', '--lr-schedule', 'cosine', '--mom', '0.125', '--wd', '3.0517578125e-05', '--workspace', '/workspace/rn50', '-b', '256', '--epochs', '1', '--prof', '150', '--training-only', '--no-checkpoints', '--amp', '--dynamic-loss-scale', '/data/image']
['/opt/conda/bin/python', '-u', '/workspace/rn50/main.py', '--data-backend', 'dali-cpu', '--raport-file', '/workspace/rn50/raport.json', '-j8', '-p', '1', '--lr', '2.048', '--optimizer-batch-size', '-1', '--warmup', '8', '--arch', 'resnet50', '-c', 'fanin', '--label-smoothing', '0.1', '--lr-schedule', 'cosine', '--mom', '0.125', '--wd', '3.0517578125e-05', '--workspace', '/workspace/rn50', '-b', '256', '--epochs', '1', '--prof', '150', '--training-only', '--no-checkpoints', '--amp', '--dynamic-loss-scale', '/data/image']
['/opt/conda/bin/python', '-u', '/workspace/rn50/main.py', '--data-backend', 'dali-cpu', '--raport-file', '/workspace/rn50/raport.json', '-j8', '-p', '1', '--lr', '2.048', '--optimizer-batch-size', '-1', '--warmup', '8', '--arch', 'resnet50', '-c', 'fanin', '--label-smoothing', '0.1', '--lr-schedule', 'cosine', '--mom', '0.125', '--wd', '3.0517578125e-05', '--workspace', '/workspace/rn50', '-b', '256', '--epochs', '1', '--prof', '150', '--training-only', '--no-checkpoints', '--amp', '--dynamic-loss-scale', '/data/image']
['/opt/conda/bin/python', '-u', '/workspace/rn50/main.py', '--data-backend', 'dali-cpu', '--raport-file', '/workspace/rn50/raport.json', '-j8', '-p', '1', '--lr', '2.048', '--optimizer-batch-size', '-1', '--warmup', '8', '--arch', 'resnet50', '-c', 'fanin', '--label-smoothing', '0.1', '--lr-schedule', 'cosine', '--mom', '0.125', '--wd', '3.0517578125e-05', '--workspace', '/workspace/rn50', '-b', '256', '--epochs', '1', '--prof', '150', '--training-only', '--no-checkpoints', '--amp', '--dynamic-loss-scale', '/data/image']
['/opt/conda/bin/python', '-u', '/workspace/rn50/main.py', '--data-backend', 'dali-cpu', '--raport-file', '/workspace/rn50/raport.json', '-j8', '-p', '1', '--lr', '2.048', '--optimizer-batch-size', '-1', '--warmup', '8', '--arch', 'resnet50', '-c', 'fanin', '--label-smoothing', '0.1', '--lr-schedule', 'cosine', '--mom', '0.125', '--wd', '3.0517578125e-05', '--workspace', '/workspace/rn50', '-b', '256', '--epochs', '1', '--prof', '150', '--training-only', '--no-checkpoints', '--amp', '--dynamic-loss-scale', '/data/image']
['/opt/conda/bin/python', '-u', '/workspace/rn50/main.py', '--data-backend', 'dali-cpu', '--raport-file', '/workspace/rn50/raport.json', '-j8', '-p', '1', '--lr', '2.048', '--optimizer-batch-size', '-1', '--warmup', '8', '--arch', 'resnet50', '-c', 'fanin', '--label-smoothing', '0.1', '--lr-schedule', 'cosine', '--mom', '0.125', '--wd', '3.0517578125e-05', '--workspace', '/workspace/rn50', '-b', '256', '--epochs', '1', '--prof', '150', '--training-only', '--no-checkpoints', '--amp', '--dynamic-loss-scale', '/data/image']
