+ python /workspace/rn50/multiproc.py --nnodes 2 --node_rank 0 --nproc_per_node 8 --master_addr 10.11.0.2 --master_port=22333 /workspace/rn50/main.py --data-backend dali-cpu --raport-file /workspace/rn50/raport.json -j8 -p 1 --lr 2.048 --optimizer-batch-size -1 --warmup 8 --arch resnet50 -c fanin --label-smoothing 0.1 --lr-schedule cosine --mom 0.125 --wd 3.0517578125e-05 --workspace /workspace/rn50 -b 256 --epochs 1 --prof 150 --training-only --no-checkpoints --amp --dynamic-loss-scale /data/image
=> creating model '('resnet50', 'fanin', 1000)'
Version: {'net': <class 'image_classification.resnet.ResNet'>, 'block': <class 'image_classification.resnet.Bottleneck'>, 'layers': [3, 4, 6, 3], 'widths': [64, 128, 256, 512], 'expansion': 4}
Config: {'conv': <class 'torch.nn.modules.conv.Conv2d'>, 'conv_init': 'fan_in', 'nonlinearity': 'relu', 'last_bn_0_init': False, 'activation': <function <lambda> at 0x7f8aacb9e9d8>}
Num classes: 1000
i'm distributed in dali~~~~~~~~~~~~~~~~~
rank in dali:  0
world_size in dali:  16
read 886372 files from 698 directories
read 50000 files from 1000 directories
DLL 2020-09-22 12:41:05.681750 - PARAMETER data : /data/image  data_backend : dali-cpu  arch : resnet50  model_config : fanin  num_classes : 1000  workers : 8  epochs : 1  run_epochs : -1  batch_size : 256  optimizer_batch_size : -1  lr : 2.048  lr_schedule : cosine  warmup : 8  label_smoothing : 0.1  mixup : 0.0  momentum : 0.125  weight_decay : 3.0517578125e-05  bn_weight_decay : False  nesterov : False  print_freq : 1  resume : None  pretrained_weights :   fp16 : False  static_loss_scale : 1  dynamic_loss_scale : True  prof : 150  amp : True  seed : None  gather_checkpoints : False  raport_file : /workspace/rn50/raport.json  evaluate : False  training_only : True  save_checkpoints : False  checkpoint_filename : checkpoint.pth.tar  workspace : /workspace/rn50  memory_format : nchw  distributed : True  local_rank : 0  gpu : 8  world_size : 16 
 ! Weight decay NOT applied to BN parameters 
98
63
Selected optimization level O1:  Insert automatic casts around Pytorch functions and Tensor methods.

Defaults for this optimization level are:
enabled                : True
opt_level              : O1
cast_model_type        : None
patch_torch_functions  : True
keep_batchnorm_fp32    : None
master_weights         : None
loss_scale             : dynamic
Processing user overrides (additional kwargs that are not None)...
After processing overrides, optimization options are:
enabled                : True
opt_level              : O1
cast_model_type        : None
patch_torch_functions  : True
keep_batchnorm_fp32    : None
master_weights         : None
loss_scale             : dynamic
VS002:5004:5004 [0] NCCL INFO Bootstrap : Using [0]ib0:10.11.0.2<0>
VS002:5004:5004 [0] NCCL INFO NET/Plugin : No plugin found (libnccl-net.so), using internal implementation
VS002:5004:5004 [0] NCCL INFO NET/IB : Using [0]mlx5_0:1/IB ; OOB ib0:10.11.0.2<0>
VS002:5004:5004 [0] NCCL INFO Using network IB
NCCL version 2.6.3+cuda10.2
VS002:5004:5804 [0] NCCL INFO Channel 00/02 :    0   3   2   6   7   4   5   1   8  11  10  14  15  12  13   9
VS002:5004:5804 [0] NCCL INFO Channel 01/02 :    0   3   2   6   7   4   5   1   8  11  10  14  15  12  13   9
VS002:5004:5804 [0] NCCL INFO threadThresholds 8/8/64 | 128/8/64 | 8/8/64
VS002:5004:5804 [0] NCCL INFO Trees [0] 1/-1/-1->0->-1|-1->0->1/-1/-1 [1] 1/-1/-1->0->9|9->0->1/-1/-1
VS002:5004:5804 [0] NCCL INFO Setting affinity for GPU 0 to 0f,ff000fff
VS002:5004:5804 [0] NCCL INFO Ring 00 : 9[1b000] -> 0[1a000] [receive] via NET/IB/0
VS002:5004:5804 [0] NCCL INFO Ring 00 : 0[1a000] -> 3[3e000] via P2P/IPC
VS002:5004:5804 [0] NCCL INFO Ring 00 : 0[1a000] -> 1[1b000] via P2P/IPC
VS002:5004:5804 [0] NCCL INFO Ring 01 : 9[1b000] -> 0[1a000] [receive] via NET/IB/0
VS002:5004:5804 [0] NCCL INFO Ring 01 : 0[1a000] -> 3[3e000] via P2P/IPC
VS002:5004:5804 [0] NCCL INFO Ring 01 : 0[1a000] -> 9[1b000] [send] via NET/IB/0
VS002:5004:5804 [0] NCCL INFO Ring 01 : 0[1a000] -> 1[1b000] via P2P/IPC
VS002:5004:5804 [0] NCCL INFO comm 0x7f88dc006880 rank 0 nranks 16 cudaDev 0 busId 1a000 - Init COMPLETE
VS002:5004:5004 [0] NCCL INFO Launch mode Parallel
RUNNING EPOCHS FROM 0 TO 1
DLL 2020-09-22 12:41:30.502479 - Epoch: 0 Iteration: 1  train.loss : 7.07215  train.total_ips : 228.90 img/s
DLL 2020-09-22 12:41:31.596183 - Epoch: 0 Iteration: 2  train.loss : 6.88114  train.total_ips : 3745.17 img/s
DLL 2020-09-22 12:41:32.144105 - Epoch: 0 Iteration: 3  train.loss : 6.83890  train.total_ips : 7476.65 img/s
DLL 2020-09-22 12:41:32.518152 - Epoch: 0 Iteration: 4  train.loss : 6.78158  train.total_ips : 10952.87 img/s
DLL 2020-09-22 12:41:32.870479 - Epoch: 0 Iteration: 5  train.loss : 6.79905  train.total_ips : 11630.55 img/s
DLL 2020-09-22 12:41:33.234168 - Epoch: 0 Iteration: 6  train.loss : 6.77690  train.total_ips : 11264.89 img/s
DLL 2020-09-22 12:41:33.638664 - Epoch: 0 Iteration: 7  train.loss : 6.80261  train.total_ips : 10127.98 img/s
DLL 2020-09-22 12:41:34.328002 - Epoch: 0 Iteration: 8  train.loss : 6.74721  train.total_ips : 5943.06 img/s
DLL 2020-09-22 12:41:34.752370 - Epoch: 0 Iteration: 9  train.loss : 6.74297  train.total_ips : 9657.96 img/s
DLL 2020-09-22 12:41:35.210564 - Epoch: 0 Iteration: 10  train.loss : 6.74887  train.total_ips : 8941.81 img/s
DLL 2020-09-22 12:41:35.550824 - Epoch: 0 Iteration: 11  train.loss : 6.76157  train.total_ips : 12041.29 img/s
DLL 2020-09-22 12:41:35.994555 - Epoch: 0 Iteration: 12  train.loss : 6.71137  train.total_ips : 9232.32 img/s
DLL 2020-09-22 12:41:36.328432 - Epoch: 0 Iteration: 13  train.loss : 6.71822  train.total_ips : 12271.33 img/s
DLL 2020-09-22 12:41:36.681207 - Epoch: 0 Iteration: 14  train.loss : 6.71852  train.total_ips : 11614.82 img/s
DLL 2020-09-22 12:41:37.035082 - Epoch: 0 Iteration: 15  train.loss : 6.71970  train.total_ips : 11584.86 img/s
DLL 2020-09-22 12:41:37.372596 - Epoch: 0 Iteration: 16  train.loss : 6.72113  train.total_ips : 12132.74 img/s
DLL 2020-09-22 12:41:37.735627 - Epoch: 0 Iteration: 17  train.loss : 6.67934  train.total_ips : 11288.28 img/s
DLL 2020-09-22 12:41:38.072619 - Epoch: 0 Iteration: 18  train.loss : 6.66678  train.total_ips : 12156.90 img/s
DLL 2020-09-22 12:41:38.428965 - Epoch: 0 Iteration: 19  train.loss : 6.69060  train.total_ips : 11498.82 img/s
DLL 2020-09-22 12:41:38.774124 - Epoch: 0 Iteration: 20  train.loss : 6.67287  train.total_ips : 11873.52 img/s
DLL 2020-09-22 12:41:39.217472 - Epoch: 0 Iteration: 21  train.loss : 6.67099  train.total_ips : 9239.94 img/s
DLL 2020-09-22 12:41:39.589702 - Epoch: 0 Iteration: 22  train.loss : 6.67096  train.total_ips : 11006.26 img/s
DLL 2020-09-22 12:41:39.971646 - Epoch: 0 Iteration: 23  train.loss : 6.66909  train.total_ips : 10726.68 img/s
DLL 2020-09-22 12:41:40.317244 - Epoch: 0 Iteration: 24  train.loss : 6.67158  train.total_ips : 11854.60 img/s
DLL 2020-09-22 12:41:40.664046 - Epoch: 0 Iteration: 25  train.loss : 6.70454  train.total_ips : 11813.31 img/s
DLL 2020-09-22 12:41:41.034084 - Epoch: 0 Iteration: 26  train.loss : 6.66374  train.total_ips : 11073.47 img/s
DLL 2020-09-22 12:41:41.437041 - Epoch: 0 Iteration: 27  train.loss : 6.66982  train.total_ips : 10168.38 img/s
DLL 2020-09-22 12:41:41.784183 - Epoch: 0 Iteration: 28  train.loss : 6.65795  train.total_ips : 11802.06 img/s
DLL 2020-09-22 12:41:42.202099 - Epoch: 0 Iteration: 29  train.loss : 6.67249  train.total_ips : 9802.83 img/s
DLL 2020-09-22 12:41:42.661190 - Epoch: 0 Iteration: 30  train.loss : 6.65532  train.total_ips : 8923.44 img/s
DLL 2020-09-22 12:41:43.040375 - Epoch: 0 Iteration: 31  train.loss : 6.64198  train.total_ips : 10804.23 img/s
DLL 2020-09-22 12:41:43.386661 - Epoch: 0 Iteration: 32  train.loss : 6.65553  train.total_ips : 11830.94 img/s
DLL 2020-09-22 12:41:43.978006 - Epoch: 0 Iteration: 33  train.loss : 6.65190  train.total_ips : 6927.49 img/s
DLL 2020-09-22 12:41:44.361793 - Epoch: 0 Iteration: 34  train.loss : 6.63418  train.total_ips : 10674.68 img/s
DLL 2020-09-22 12:41:44.697684 - Epoch: 0 Iteration: 35  train.loss : 6.62972  train.total_ips : 12197.17 img/s
DLL 2020-09-22 12:41:45.231318 - Epoch: 0 Iteration: 36  train.loss : 6.62018  train.total_ips : 7676.80 img/s
DLL 2020-09-22 12:41:45.578765 - Epoch: 0 Iteration: 37  train.loss : 6.62270  train.total_ips : 11792.38 img/s
DLL 2020-09-22 12:41:45.925863 - Epoch: 0 Iteration: 38  train.loss : 6.62104  train.total_ips : 11804.54 img/s
DLL 2020-09-22 12:41:46.390748 - Epoch: 0 Iteration: 39  train.loss : 6.62280  train.total_ips : 8812.16 img/s
DLL 2020-09-22 12:41:46.810880 - Epoch: 0 Iteration: 40  train.loss : 6.60792  train.total_ips : 9751.13 img/s
DLL 2020-09-22 12:41:47.193613 - Epoch: 0 Iteration: 41  train.loss : 6.59574  train.total_ips : 10704.03 img/s
DLL 2020-09-22 12:41:47.584428 - Epoch: 0 Iteration: 42  train.loss : 6.61136  train.total_ips : 10482.72 img/s
DLL 2020-09-22 12:41:47.924628 - Epoch: 0 Iteration: 43  train.loss : 6.60601  train.total_ips : 12042.70 img/s
DLL 2020-09-22 12:41:48.258513 - Epoch: 0 Iteration: 44  train.loss : 6.60577  train.total_ips : 12272.92 img/s
DLL 2020-09-22 12:41:48.612202 - Epoch: 0 Iteration: 45  train.loss : 6.62867  train.total_ips : 11582.45 img/s
DLL 2020-09-22 12:41:48.994663 - Epoch: 0 Iteration: 46  train.loss : 6.63563  train.total_ips : 10714.22 img/s
DLL 2020-09-22 12:41:49.432922 - Epoch: 0 Iteration: 47  train.loss : 6.59812  train.total_ips : 9349.20 img/s
DLL 2020-09-22 12:41:49.932331 - Epoch: 0 Iteration: 48  train.loss : 6.61616  train.total_ips : 8202.60 img/s
DLL 2020-09-22 12:41:50.276250 - Epoch: 0 Iteration: 49  train.loss : 6.59384  train.total_ips : 11912.44 img/s
DLL 2020-09-22 12:41:50.720788 - Epoch: 0 Iteration: 50  train.loss : 6.61469  train.total_ips : 9215.56 img/s
DLL 2020-09-22 12:41:51.405511 - Epoch: 0 Iteration: 51  train.loss : 6.62579  train.total_ips : 5982.67 img/s
DLL 2020-09-22 12:41:51.813724 - Epoch: 0 Iteration: 52  train.loss : 6.60273  train.total_ips : 10035.91 img/s
DLL 2020-09-22 12:41:52.152881 - Epoch: 0 Iteration: 53  train.loss : 6.59439  train.total_ips : 12081.54 img/s
DLL 2020-09-22 12:41:52.490877 - Epoch: 0 Iteration: 54  train.loss : 6.57956  train.total_ips : 12120.76 img/s
DLL 2020-09-22 12:41:52.962576 - Epoch: 0 Iteration: 55  train.loss : 6.55474  train.total_ips : 8685.62 img/s
DLL 2020-09-22 12:41:53.301131 - Epoch: 0 Iteration: 56  train.loss : 6.53982  train.total_ips : 12102.30 img/s
DLL 2020-09-22 12:41:53.634132 - Epoch: 0 Iteration: 57  train.loss : 6.53301  train.total_ips : 12302.93 img/s
DLL 2020-09-22 12:41:53.986647 - Epoch: 0 Iteration: 58  train.loss : 6.53439  train.total_ips : 11622.60 img/s
DLL 2020-09-22 12:41:54.341716 - Epoch: 0 Iteration: 59  train.loss : 6.53023  train.total_ips : 11543.62 img/s
DLL 2020-09-22 12:41:54.690155 - Epoch: 0 Iteration: 60  train.loss : 6.53662  train.total_ips : 11758.31 img/s
DLL 2020-09-22 12:41:55.051725 - Epoch: 0 Iteration: 61  train.loss : 6.51846  train.total_ips : 11332.32 img/s
DLL 2020-09-22 12:41:55.392737 - Epoch: 0 Iteration: 62  train.loss : 6.51652  train.total_ips : 12014.93 img/s
DLL 2020-09-22 12:41:55.738643 - Epoch: 0 Iteration: 63  train.loss : 6.48884  train.total_ips : 11843.37 img/s
DLL 2020-09-22 12:41:56.073960 - Epoch: 0 Iteration: 64  train.loss : 6.50588  train.total_ips : 12218.06 img/s
DLL 2020-09-22 12:41:56.413931 - Epoch: 0 Iteration: 65  train.loss : 6.49849  train.total_ips : 12051.13 img/s
DLL 2020-09-22 12:41:56.758611 - Epoch: 0 Iteration: 66  train.loss : 6.48939  train.total_ips : 11886.61 img/s
DLL 2020-09-22 12:41:57.121417 - Epoch: 0 Iteration: 67  train.loss : 6.48072  train.total_ips : 11292.03 img/s
DLL 2020-09-22 12:41:57.548530 - Epoch: 0 Iteration: 68  train.loss : 6.47756  train.total_ips : 9591.73 img/s
DLL 2020-09-22 12:41:57.912847 - Epoch: 0 Iteration: 69  train.loss : 6.47009  train.total_ips : 11245.64 img/s
DLL 2020-09-22 12:41:58.258732 - Epoch: 0 Iteration: 70  train.loss : 6.46240  train.total_ips : 11845.37 img/s
DLL 2020-09-22 12:41:58.602097 - Epoch: 0 Iteration: 71  train.loss : 6.45606  train.total_ips : 11932.96 img/s
DLL 2020-09-22 12:41:58.971663 - Epoch: 0 Iteration: 72  train.loss : 6.44801  train.total_ips : 11085.40 img/s
DLL 2020-09-22 12:41:59.320072 - Epoch: 0 Iteration: 73  train.loss : 6.42440  train.total_ips : 11761.02 img/s
DLL 2020-09-22 12:41:59.677465 - Epoch: 0 Iteration: 74  train.loss : 6.42778  train.total_ips : 11462.80 img/s
DLL 2020-09-22 12:42:00.118232 - Epoch: 0 Iteration: 75  train.loss : 6.42646  train.total_ips : 9294.73 img/s
DLL 2020-09-22 12:42:00.485474 - Epoch: 0 Iteration: 76  train.loss : 6.41818  train.total_ips : 11156.05 img/s
DLL 2020-09-22 12:42:00.932572 - Epoch: 0 Iteration: 77  train.loss : 6.40488  train.total_ips : 9164.56 img/s
DLL 2020-09-22 12:42:01.324815 - Epoch: 0 Iteration: 78  train.loss : 6.43820  train.total_ips : 10444.37 img/s
DLL 2020-09-22 12:42:01.656963 - Epoch: 0 Iteration: 79  train.loss : 6.42681  train.total_ips : 12334.51 img/s
DLL 2020-09-22 12:42:02.003422 - Epoch: 0 Iteration: 80  train.loss : 6.40473  train.total_ips : 11825.85 img/s
DLL 2020-09-22 12:42:02.347719 - Epoch: 0 Iteration: 81  train.loss : 6.42249  train.total_ips : 11899.71 img/s
DLL 2020-09-22 12:42:02.744799 - Epoch: 0 Iteration: 82  train.loss : 6.41108  train.total_ips : 10321.22 img/s
DLL 2020-09-22 12:42:03.193100 - Epoch: 0 Iteration: 83  train.loss : 6.38300  train.total_ips : 9138.60 img/s
/opt/dali/dali/image/jpeg_mem.cc:338: Premature end of JPEG data. Stopped at line 272/440
DLL 2020-09-22 12:42:03.549246 - Epoch: 0 Iteration: 84  train.loss : 6.37895  train.total_ips : 11502.83 img/s
DLL 2020-09-22 12:42:03.933320 - Epoch: 0 Iteration: 85  train.loss : 6.39031  train.total_ips : 10666.71 img/s
DLL 2020-09-22 12:42:04.287529 - Epoch: 0 Iteration: 86  train.loss : 6.37845  train.total_ips : 11570.55 img/s
DLL 2020-09-22 12:42:04.723825 - Epoch: 0 Iteration: 87  train.loss : 6.37674  train.total_ips : 9389.15 img/s
DLL 2020-09-22 12:42:05.099073 - Epoch: 0 Iteration: 88  train.loss : 6.35808  train.total_ips : 10918.24 img/s
DLL 2020-09-22 12:42:05.449355 - Epoch: 0 Iteration: 89  train.loss : 6.36524  train.total_ips : 11697.53 img/s
DLL 2020-09-22 12:42:05.871493 - Epoch: 0 Iteration: 90  train.loss : 6.36490  train.total_ips : 9704.68 img/s
DLL 2020-09-22 12:42:06.214791 - Epoch: 0 Iteration: 91  train.loss : 6.37045  train.total_ips : 11934.64 img/s
DLL 2020-09-22 12:42:06.555927 - Epoch: 0 Iteration: 92  train.loss : 6.36795  train.total_ips : 12011.41 img/s
DLL 2020-09-22 12:42:06.893404 - Epoch: 0 Iteration: 93  train.loss : 6.34853  train.total_ips : 12142.25 img/s
DLL 2020-09-22 12:42:07.283015 - Epoch: 0 Iteration: 94  train.loss : 6.34730  train.total_ips : 10514.30 img/s
DLL 2020-09-22 12:42:07.653358 - Epoch: 0 Iteration: 95  train.loss : 6.36855  train.total_ips : 11065.67 img/s
DLL 2020-09-22 12:42:08.084205 - Epoch: 0 Iteration: 96  train.loss : 6.34231  train.total_ips : 9509.60 img/s
DLL 2020-09-22 12:42:08.560146 - Epoch: 0 Iteration: 97  train.loss : 6.34984  train.total_ips : 8608.25 img/s
DLL 2020-09-22 12:42:08.938410 - Epoch: 0 Iteration: 98  train.loss : 6.33125  train.total_ips : 10830.07 img/s
DLL 2020-09-22 12:42:09.810355 - Epoch: 0 Iteration: 99  train.loss : 6.33900  train.total_ips : 4697.96 img/s
DLL 2020-09-22 12:42:10.182544 - Epoch: 0 Iteration: 100  train.loss : 6.33128  train.total_ips : 11007.48 img/s
DLL 2020-09-22 12:42:10.551652 - Epoch: 0 Iteration: 101  train.loss : 6.32182  train.total_ips : 11099.46 img/s
DLL 2020-09-22 12:42:10.957252 - Epoch: 0 Iteration: 102  train.loss : 6.30461  train.total_ips : 10101.43 img/s
DLL 2020-09-22 12:42:11.375238 - Epoch: 0 Iteration: 103  train.loss : 6.31249  train.total_ips : 9800.84 img/s
DLL 2020-09-22 12:42:11.720749 - Epoch: 0 Iteration: 104  train.loss : 6.28838  train.total_ips : 11857.70 img/s
DLL 2020-09-22 12:42:12.064713 - Epoch: 0 Iteration: 105  train.loss : 6.30597  train.total_ips : 11910.80 img/s
DLL 2020-09-22 12:42:12.448382 - Epoch: 0 Iteration: 106  train.loss : 6.30251  train.total_ips : 10677.93 img/s
DLL 2020-09-22 12:42:12.809802 - Epoch: 0 Iteration: 107  train.loss : 6.29433  train.total_ips : 11335.47 img/s
DLL 2020-09-22 12:42:13.159825 - Epoch: 0 Iteration: 108  train.loss : 6.30023  train.total_ips : 11706.70 img/s
DLL 2020-09-22 12:42:13.551947 - Epoch: 0 Iteration: 109  train.loss : 6.27781  train.total_ips : 10447.28 img/s
DLL 2020-09-22 12:42:13.884955 - Epoch: 0 Iteration: 110  train.loss : 6.26969  train.total_ips : 12302.83 img/s
DLL 2020-09-22 12:42:14.253837 - Epoch: 0 Iteration: 111  train.loss : 6.28718  train.total_ips : 11106.29 img/s
DLL 2020-09-22 12:42:14.624058 - Epoch: 0 Iteration: 112  train.loss : 6.31039  train.total_ips : 11067.36 img/s
DLL 2020-09-22 12:42:14.962222 - Epoch: 0 Iteration: 113  train.loss : 6.27534  train.total_ips : 12116.74 img/s
DLL 2020-09-22 12:42:15.298970 - Epoch: 0 Iteration: 114  train.loss : 6.27113  train.total_ips : 12166.30 img/s
DLL 2020-09-22 12:42:15.641967 - Epoch: 0 Iteration: 115  train.loss : 6.26046  train.total_ips : 11944.26 img/s
DLL 2020-09-22 12:42:16.087842 - Epoch: 0 Iteration: 116  train.loss : 6.26737  train.total_ips : 9188.82 img/s
DLL 2020-09-22 12:42:16.452218 - Epoch: 0 Iteration: 117  train.loss : 6.28460  train.total_ips : 11243.87 img/s
DLL 2020-09-22 12:42:16.835349 - Epoch: 0 Iteration: 118  train.loss : 6.25446  train.total_ips : 10692.86 img/s
DLL 2020-09-22 12:42:17.191542 - Epoch: 0 Iteration: 119  train.loss : 6.26138  train.total_ips : 11503.15 img/s
DLL 2020-09-22 12:42:17.519695 - Epoch: 0 Iteration: 120  train.loss : 6.27116  train.total_ips : 12484.54 img/s
DLL 2020-09-22 12:42:17.877501 - Epoch: 0 Iteration: 121  train.loss : 6.25678  train.total_ips : 11450.43 img/s
DLL 2020-09-22 12:42:18.239820 - Epoch: 0 Iteration: 122  train.loss : 6.25677  train.total_ips : 11307.23 img/s
DLL 2020-09-22 12:42:18.667469 - Epoch: 0 Iteration: 123  train.loss : 6.25679  train.total_ips : 9579.68 img/s
DLL 2020-09-22 12:42:19.058652 - Epoch: 0 Iteration: 124  train.loss : 6.24028  train.total_ips : 10472.94 img/s
DLL 2020-09-22 12:42:19.557621 - Epoch: 0 Iteration: 125  train.loss : 6.27374  train.total_ips : 8211.27 img/s
DLL 2020-09-22 12:42:20.079467 - Epoch: 0 Iteration: 126  train.loss : 6.22637  train.total_ips : 7849.97 img/s
DLL 2020-09-22 12:42:20.564271 - Epoch: 0 Iteration: 127  train.loss : 6.24524  train.total_ips : 8450.60 img/s
DLL 2020-09-22 12:42:20.924577 - Epoch: 0 Iteration: 128  train.loss : 6.23701  train.total_ips : 11371.37 img/s
DLL 2020-09-22 12:42:21.259898 - Epoch: 0 Iteration: 129  train.loss : 6.24319  train.total_ips : 12218.08 img/s
DLL 2020-09-22 12:42:21.601695 - Epoch: 0 Iteration: 130  train.loss : 6.21014  train.total_ips : 11986.75 img/s
DLL 2020-09-22 12:42:21.945790 - Epoch: 0 Iteration: 131  train.loss : 6.22999  train.total_ips : 11906.28 img/s
DLL 2020-09-22 12:42:22.334542 - Epoch: 0 Iteration: 132  train.loss : 6.21563  train.total_ips : 10538.33 img/s
DLL 2020-09-22 12:42:22.676871 - Epoch: 0 Iteration: 133  train.loss : 6.21285  train.total_ips : 11967.77 img/s
DLL 2020-09-22 12:42:23.033544 - Epoch: 0 Iteration: 134  train.loss : 6.23960  train.total_ips : 11486.50 img/s
DLL 2020-09-22 12:42:23.497411 - Epoch: 0 Iteration: 135  train.loss : 6.19369  train.total_ips : 8831.49 img/s
DLL 2020-09-22 12:42:23.832711 - Epoch: 0 Iteration: 136  train.loss : 6.22302  train.total_ips : 12218.79 img/s
DLL 2020-09-22 12:42:24.177812 - Epoch: 0 Iteration: 137  train.loss : 6.20269  train.total_ips : 11871.88 img/s
DLL 2020-09-22 12:42:24.568532 - Epoch: 0 Iteration: 138  train.loss : 6.19890  train.total_ips : 10485.52 img/s
DLL 2020-09-22 12:42:24.917647 - Epoch: 0 Iteration: 139  train.loss : 6.22757  train.total_ips : 11736.49 img/s
DLL 2020-09-22 12:42:25.253781 - Epoch: 0 Iteration: 140  train.loss : 6.20740  train.total_ips : 12189.04 img/s
DLL 2020-09-22 12:42:25.590255 - Epoch: 0 Iteration: 141  train.loss : 6.17139  train.total_ips : 12175.70 img/s
DLL 2020-09-22 12:42:25.989907 - Epoch: 0 Iteration: 142  train.loss : 6.19147  train.total_ips : 10251.08 img/s
DLL 2020-09-22 12:42:26.360388 - Epoch: 0 Iteration: 143  train.loss : 6.19003  train.total_ips : 11058.02 img/s
DLL 2020-09-22 12:42:26.721751 - Epoch: 0 Iteration: 144  train.loss : 6.18345  train.total_ips : 11337.71 img/s
DLL 2020-09-22 12:42:27.070478 - Epoch: 0 Iteration: 145  train.loss : 6.18948  train.total_ips : 11748.73 img/s
DLL 2020-09-22 12:42:27.423090 - Epoch: 0 Iteration: 146  train.loss : 6.16925  train.total_ips : 11623.00 img/s
DLL 2020-09-22 12:42:27.778754 - Epoch: 0 Iteration: 147  train.loss : 6.20359  train.total_ips : 11520.33 img/s
DLL 2020-09-22 12:42:28.134088 - Epoch: 0 Iteration: 148  train.loss : 6.20721  train.total_ips : 11529.16 img/s
DLL 2020-09-22 12:42:28.486360 - Epoch: 0 Iteration: 149  train.loss : 6.16976  train.total_ips : 11631.69 img/s
DLL 2020-09-22 12:42:28.849628 - Epoch: 0  train.loss : 6.45795  train.total_ips : 10726.78 img/s
DLL 2020-09-22 12:42:28.849762 - Epoch: 0  lr : 0.256  train.compute_ips : 10761.94 img/s train.data_time : 0.00122 s train.compute_time : 0.50696 s
DLL 2020-09-22 12:42:28.849884 - Summary: train.loss : 6.45795  train.total_ips : 10726.78 img/s
DLL 2020-09-22 12:42:28.849929 - Summary: lr : 0.256  train.compute_ips : 10761.94 img/s train.data_time : 0.00122 s train.compute_time : 0.50696 s
Experiment ended
['/opt/conda/bin/python', '-u', '/workspace/rn50/main.py', '--data-backend', 'dali-cpu', '--raport-file', '/workspace/rn50/raport.json', '-j8', '-p', '1', '--lr', '2.048', '--optimizer-batch-size', '-1', '--warmup', '8', '--arch', 'resnet50', '-c', 'fanin', '--label-smoothing', '0.1', '--lr-schedule', 'cosine', '--mom', '0.125', '--wd', '3.0517578125e-05', '--workspace', '/workspace/rn50', '-b', '256', '--epochs', '1', '--prof', '150', '--training-only', '--no-checkpoints', '--amp', '--dynamic-loss-scale', '/data/image']
['/opt/conda/bin/python', '-u', '/workspace/rn50/main.py', '--data-backend', 'dali-cpu', '--raport-file', '/workspace/rn50/raport.json', '-j8', '-p', '1', '--lr', '2.048', '--optimizer-batch-size', '-1', '--warmup', '8', '--arch', 'resnet50', '-c', 'fanin', '--label-smoothing', '0.1', '--lr-schedule', 'cosine', '--mom', '0.125', '--wd', '3.0517578125e-05', '--workspace', '/workspace/rn50', '-b', '256', '--epochs', '1', '--prof', '150', '--training-only', '--no-checkpoints', '--amp', '--dynamic-loss-scale', '/data/image']
['/opt/conda/bin/python', '-u', '/workspace/rn50/main.py', '--data-backend', 'dali-cpu', '--raport-file', '/workspace/rn50/raport.json', '-j8', '-p', '1', '--lr', '2.048', '--optimizer-batch-size', '-1', '--warmup', '8', '--arch', 'resnet50', '-c', 'fanin', '--label-smoothing', '0.1', '--lr-schedule', 'cosine', '--mom', '0.125', '--wd', '3.0517578125e-05', '--workspace', '/workspace/rn50', '-b', '256', '--epochs', '1', '--prof', '150', '--training-only', '--no-checkpoints', '--amp', '--dynamic-loss-scale', '/data/image']
['/opt/conda/bin/python', '-u', '/workspace/rn50/main.py', '--data-backend', 'dali-cpu', '--raport-file', '/workspace/rn50/raport.json', '-j8', '-p', '1', '--lr', '2.048', '--optimizer-batch-size', '-1', '--warmup', '8', '--arch', 'resnet50', '-c', 'fanin', '--label-smoothing', '0.1', '--lr-schedule', 'cosine', '--mom', '0.125', '--wd', '3.0517578125e-05', '--workspace', '/workspace/rn50', '-b', '256', '--epochs', '1', '--prof', '150', '--training-only', '--no-checkpoints', '--amp', '--dynamic-loss-scale', '/data/image']
['/opt/conda/bin/python', '-u', '/workspace/rn50/main.py', '--data-backend', 'dali-cpu', '--raport-file', '/workspace/rn50/raport.json', '-j8', '-p', '1', '--lr', '2.048', '--optimizer-batch-size', '-1', '--warmup', '8', '--arch', 'resnet50', '-c', 'fanin', '--label-smoothing', '0.1', '--lr-schedule', 'cosine', '--mom', '0.125', '--wd', '3.0517578125e-05', '--workspace', '/workspace/rn50', '-b', '256', '--epochs', '1', '--prof', '150', '--training-only', '--no-checkpoints', '--amp', '--dynamic-loss-scale', '/data/image']
['/opt/conda/bin/python', '-u', '/workspace/rn50/main.py', '--data-backend', 'dali-cpu', '--raport-file', '/workspace/rn50/raport.json', '-j8', '-p', '1', '--lr', '2.048', '--optimizer-batch-size', '-1', '--warmup', '8', '--arch', 'resnet50', '-c', 'fanin', '--label-smoothing', '0.1', '--lr-schedule', 'cosine', '--mom', '0.125', '--wd', '3.0517578125e-05', '--workspace', '/workspace/rn50', '-b', '256', '--epochs', '1', '--prof', '150', '--training-only', '--no-checkpoints', '--amp', '--dynamic-loss-scale', '/data/image']
['/opt/conda/bin/python', '-u', '/workspace/rn50/main.py', '--data-backend', 'dali-cpu', '--raport-file', '/workspace/rn50/raport.json', '-j8', '-p', '1', '--lr', '2.048', '--optimizer-batch-size', '-1', '--warmup', '8', '--arch', 'resnet50', '-c', 'fanin', '--label-smoothing', '0.1', '--lr-schedule', 'cosine', '--mom', '0.125', '--wd', '3.0517578125e-05', '--workspace', '/workspace/rn50', '-b', '256', '--epochs', '1', '--prof', '150', '--training-only', '--no-checkpoints', '--amp', '--dynamic-loss-scale', '/data/image']
['/opt/conda/bin/python', '-u', '/workspace/rn50/main.py', '--data-backend', 'dali-cpu', '--raport-file', '/workspace/rn50/raport.json', '-j8', '-p', '1', '--lr', '2.048', '--optimizer-batch-size', '-1', '--warmup', '8', '--arch', 'resnet50', '-c', 'fanin', '--label-smoothing', '0.1', '--lr-schedule', 'cosine', '--mom', '0.125', '--wd', '3.0517578125e-05', '--workspace', '/workspace/rn50', '-b', '256', '--epochs', '1', '--prof', '150', '--training-only', '--no-checkpoints', '--amp', '--dynamic-loss-scale', '/data/image']
