+ python /workspace/rn50/multiproc.py --nnodes 2 --node_rank 0 --nproc_per_node 8 --master_addr 10.11.0.2 --master_port=22333 /workspace/rn50/main.py --data-backend dali-cpu --raport-file /workspace/rn50/raport.json -j8 -p 1 --lr 2.048 --optimizer-batch-size -1 --warmup 8 --arch resnet50 -c fanin --label-smoothing 0.1 --lr-schedule cosine --mom 0.125 --wd 3.0517578125e-05 --workspace /workspace/rn50 -b 256 --epochs 1 --prof 150 --training-only --no-checkpoints --amp --dynamic-loss-scale /data/image
=> creating model '('resnet50', 'fanin', 1000)'
Version: {'net': <class 'image_classification.resnet.ResNet'>, 'block': <class 'image_classification.resnet.Bottleneck'>, 'layers': [3, 4, 6, 3], 'widths': [64, 128, 256, 512], 'expansion': 4}
Config: {'conv': <class 'torch.nn.modules.conv.Conv2d'>, 'conv_init': 'fan_in', 'nonlinearity': 'relu', 'last_bn_0_init': False, 'activation': <function <lambda> at 0x7f1cd2cb39d8>}
Num classes: 1000
i'm distributed in dali~~~~~~~~~~~~~~~~~
rank in dali:  0
world_size in dali:  16
read 886372 files from 698 directories
read 50000 files from 1000 directories
DLL 2020-09-22 12:47:14.031475 - PARAMETER data : /data/image  data_backend : dali-cpu  arch : resnet50  model_config : fanin  num_classes : 1000  workers : 8  epochs : 1  run_epochs : -1  batch_size : 256  optimizer_batch_size : -1  lr : 2.048  lr_schedule : cosine  warmup : 8  label_smoothing : 0.1  mixup : 0.0  momentum : 0.125  weight_decay : 3.0517578125e-05  bn_weight_decay : False  nesterov : False  print_freq : 1  resume : None  pretrained_weights :   fp16 : False  static_loss_scale : 1  dynamic_loss_scale : True  prof : 150  amp : True  seed : None  gather_checkpoints : False  raport_file : /workspace/rn50/raport.json  evaluate : False  training_only : True  save_checkpoints : False  checkpoint_filename : checkpoint.pth.tar  workspace : /workspace/rn50  memory_format : nchw  distributed : True  local_rank : 0  gpu : 8  world_size : 16 
 ! Weight decay NOT applied to BN parameters 
98
63
Selected optimization level O1:  Insert automatic casts around Pytorch functions and Tensor methods.

Defaults for this optimization level are:
enabled                : True
opt_level              : O1
cast_model_type        : None
patch_torch_functions  : True
keep_batchnorm_fp32    : None
master_weights         : None
loss_scale             : dynamic
Processing user overrides (additional kwargs that are not None)...
After processing overrides, optimization options are:
enabled                : True
opt_level              : O1
cast_model_type        : None
patch_torch_functions  : True
keep_batchnorm_fp32    : None
master_weights         : None
loss_scale             : dynamic
VS002:9518:9518 [0] NCCL INFO Bootstrap : Using [0]ib0:10.11.0.2<0>
VS002:9518:9518 [0] NCCL INFO NET/Plugin : No plugin found (libnccl-net.so), using internal implementation
VS002:9518:9518 [0] NCCL INFO NET/IB : Using [0]mlx5_0:1/IB ; OOB ib0:10.11.0.2<0>
VS002:9518:9518 [0] NCCL INFO Using network IB
NCCL version 2.6.3+cuda10.2
VS002:9518:10311 [0] NCCL INFO Channel 00/02 :    0   3   2   6   7   4   5   1   8  11  10  14  15  12  13   9
VS002:9518:10311 [0] NCCL INFO Channel 01/02 :    0   3   2   6   7   4   5   1   8  11  10  14  15  12  13   9
VS002:9518:10311 [0] NCCL INFO threadThresholds 8/8/64 | 128/8/64 | 8/8/64
VS002:9518:10311 [0] NCCL INFO Trees [0] 1/-1/-1->0->-1|-1->0->1/-1/-1 [1] 1/-1/-1->0->9|9->0->1/-1/-1
VS002:9518:10311 [0] NCCL INFO Setting affinity for GPU 0 to 0f,ff000fff
VS002:9518:10311 [0] NCCL INFO Ring 00 : 9[1b000] -> 0[1a000] [receive] via NET/IB/0
VS002:9518:10311 [0] NCCL INFO Ring 00 : 0[1a000] -> 3[3e000] via P2P/IPC
VS002:9518:10311 [0] NCCL INFO Ring 00 : 0[1a000] -> 1[1b000] via P2P/IPC
VS002:9518:10311 [0] NCCL INFO Ring 01 : 9[1b000] -> 0[1a000] [receive] via NET/IB/0
VS002:9518:10311 [0] NCCL INFO Ring 01 : 0[1a000] -> 3[3e000] via P2P/IPC
VS002:9518:10311 [0] NCCL INFO Ring 01 : 0[1a000] -> 9[1b000] [send] via NET/IB/0
VS002:9518:10311 [0] NCCL INFO Ring 01 : 0[1a000] -> 1[1b000] via P2P/IPC
VS002:9518:10311 [0] NCCL INFO comm 0x7f1a1c006880 rank 0 nranks 16 cudaDev 0 busId 1a000 - Init COMPLETE
VS002:9518:9518 [0] NCCL INFO Launch mode Parallel
RUNNING EPOCHS FROM 0 TO 1
DLL 2020-09-22 12:47:37.173672 - Epoch: 0 Iteration: 1  train.loss : 7.10016  train.total_ips : 229.53 img/s
DLL 2020-09-22 12:47:37.877254 - Epoch: 0 Iteration: 2  train.loss : 6.86607  train.total_ips : 5821.48 img/s
DLL 2020-09-22 12:47:38.458927 - Epoch: 0 Iteration: 3  train.loss : 6.81596  train.total_ips : 7043.00 img/s
DLL 2020-09-22 12:47:38.793645 - Epoch: 0 Iteration: 4  train.loss : 6.77171  train.total_ips : 12240.20 img/s
DLL 2020-09-22 12:47:39.229833 - Epoch: 0 Iteration: 5  train.loss : 6.81185  train.total_ips : 9392.38 img/s
DLL 2020-09-22 12:47:39.586489 - Epoch: 0 Iteration: 6  train.loss : 6.75732  train.total_ips : 11490.33 img/s
DLL 2020-09-22 12:47:39.926687 - Epoch: 0 Iteration: 7  train.loss : 6.77360  train.total_ips : 12044.54 img/s
DLL 2020-09-22 12:47:40.332858 - Epoch: 0 Iteration: 8  train.loss : 6.73385  train.total_ips : 10086.22 img/s
DLL 2020-09-22 12:47:40.779971 - Epoch: 0 Iteration: 9  train.loss : 6.74118  train.total_ips : 9162.82 img/s
DLL 2020-09-22 12:47:41.249625 - Epoch: 0 Iteration: 10  train.loss : 6.73419  train.total_ips : 8722.88 img/s
DLL 2020-09-22 12:47:41.664137 - Epoch: 0 Iteration: 11  train.loss : 6.73188  train.total_ips : 9885.15 img/s
DLL 2020-09-22 12:47:41.998434 - Epoch: 0 Iteration: 12  train.loss : 6.69971  train.total_ips : 12255.19 img/s
DLL 2020-09-22 12:47:42.337762 - Epoch: 0 Iteration: 13  train.loss : 6.70461  train.total_ips : 12073.70 img/s
DLL 2020-09-22 12:47:42.718230 - Epoch: 0 Iteration: 14  train.loss : 6.70850  train.total_ips : 10769.57 img/s
DLL 2020-09-22 12:47:43.148393 - Epoch: 0 Iteration: 15  train.loss : 6.70148  train.total_ips : 9523.52 img/s
DLL 2020-09-22 12:47:43.487979 - Epoch: 0 Iteration: 16  train.loss : 6.69701  train.total_ips : 12067.07 img/s
DLL 2020-09-22 12:47:43.955708 - Epoch: 0 Iteration: 17  train.loss : 6.67410  train.total_ips : 8758.52 img/s
DLL 2020-09-22 12:47:44.289382 - Epoch: 0 Iteration: 18  train.loss : 6.66594  train.total_ips : 12278.33 img/s
DLL 2020-09-22 12:47:44.656900 - Epoch: 0 Iteration: 19  train.loss : 6.67562  train.total_ips : 11150.97 img/s
DLL 2020-09-22 12:47:45.080213 - Epoch: 0 Iteration: 20  train.loss : 6.66141  train.total_ips : 9679.73 img/s
DLL 2020-09-22 12:47:45.503028 - Epoch: 0 Iteration: 21  train.loss : 6.67309  train.total_ips : 9692.30 img/s
DLL 2020-09-22 12:47:45.978138 - Epoch: 0 Iteration: 22  train.loss : 6.69810  train.total_ips : 8621.99 img/s
DLL 2020-09-22 12:47:46.321155 - Epoch: 0 Iteration: 23  train.loss : 6.71696  train.total_ips : 11943.66 img/s
DLL 2020-09-22 12:47:46.686880 - Epoch: 0 Iteration: 24  train.loss : 6.69283  train.total_ips : 11204.20 img/s
DLL 2020-09-22 12:47:47.052195 - Epoch: 0 Iteration: 25  train.loss : 6.70105  train.total_ips : 11214.25 img/s
DLL 2020-09-22 12:47:47.445265 - Epoch: 0 Iteration: 26  train.loss : 6.67907  train.total_ips : 10422.56 img/s
DLL 2020-09-22 12:47:47.795872 - Epoch: 0 Iteration: 27  train.loss : 6.66389  train.total_ips : 11691.20 img/s
DLL 2020-09-22 12:47:48.125768 - Epoch: 0 Iteration: 28  train.loss : 6.65136  train.total_ips : 12418.39 img/s
DLL 2020-09-22 12:47:48.574927 - Epoch: 0 Iteration: 29  train.loss : 6.67377  train.total_ips : 9120.96 img/s
DLL 2020-09-22 12:47:49.002348 - Epoch: 0 Iteration: 30  train.loss : 6.64422  train.total_ips : 9584.81 img/s
DLL 2020-09-22 12:47:49.382779 - Epoch: 0 Iteration: 31  train.loss : 6.64839  train.total_ips : 10770.53 img/s
DLL 2020-09-22 12:47:49.776241 - Epoch: 0 Iteration: 32  train.loss : 6.65986  train.total_ips : 10412.01 img/s
DLL 2020-09-22 12:47:50.348989 - Epoch: 0 Iteration: 33  train.loss : 6.65462  train.total_ips : 7153.28 img/s
DLL 2020-09-22 12:47:50.780683 - Epoch: 0 Iteration: 34  train.loss : 6.64735  train.total_ips : 9489.25 img/s
DLL 2020-09-22 12:47:51.199280 - Epoch: 0 Iteration: 35  train.loss : 6.64592  train.total_ips : 9787.24 img/s
DLL 2020-09-22 12:47:51.539199 - Epoch: 0 Iteration: 36  train.loss : 6.63511  train.total_ips : 12052.90 img/s
DLL 2020-09-22 12:47:51.883058 - Epoch: 0 Iteration: 37  train.loss : 6.63953  train.total_ips : 11921.03 img/s
DLL 2020-09-22 12:47:52.245746 - Epoch: 0 Iteration: 38  train.loss : 6.63543  train.total_ips : 11292.17 img/s
DLL 2020-09-22 12:47:52.666346 - Epoch: 0 Iteration: 39  train.loss : 6.63696  train.total_ips : 9740.47 img/s
DLL 2020-09-22 12:47:53.001754 - Epoch: 0 Iteration: 40  train.loss : 6.62998  train.total_ips : 12218.13 img/s
DLL 2020-09-22 12:47:53.346053 - Epoch: 0 Iteration: 41  train.loss : 6.62167  train.total_ips : 11900.19 img/s
DLL 2020-09-22 12:47:53.970488 - Epoch: 0 Iteration: 42  train.loss : 6.64850  train.total_ips : 6561.72 img/s
DLL 2020-09-22 12:47:54.432870 - Epoch: 0 Iteration: 43  train.loss : 6.64878  train.total_ips : 8859.42 img/s
DLL 2020-09-22 12:47:54.789994 - Epoch: 0 Iteration: 44  train.loss : 6.62530  train.total_ips : 11471.91 img/s
DLL 2020-09-22 12:47:55.124970 - Epoch: 0 Iteration: 45  train.loss : 6.62892  train.total_ips : 12234.07 img/s
DLL 2020-09-22 12:47:55.463739 - Epoch: 0 Iteration: 46  train.loss : 6.64052  train.total_ips : 12096.59 img/s
DLL 2020-09-22 12:47:55.811337 - Epoch: 0 Iteration: 47  train.loss : 6.62006  train.total_ips : 11786.85 img/s
DLL 2020-09-22 12:47:56.369767 - Epoch: 0 Iteration: 48  train.loss : 6.62392  train.total_ips : 7335.82 img/s
DLL 2020-09-22 12:47:56.752467 - Epoch: 0 Iteration: 49  train.loss : 6.60054  train.total_ips : 10705.20 img/s
DLL 2020-09-22 12:47:57.088003 - Epoch: 0 Iteration: 50  train.loss : 6.61892  train.total_ips : 12210.27 img/s
DLL 2020-09-22 12:47:57.436948 - Epoch: 0 Iteration: 51  train.loss : 6.63013  train.total_ips : 11743.45 img/s
DLL 2020-09-22 12:47:57.865709 - Epoch: 0 Iteration: 52  train.loss : 6.61168  train.total_ips : 9555.21 img/s
DLL 2020-09-22 12:47:58.227440 - Epoch: 0 Iteration: 53  train.loss : 6.61764  train.total_ips : 11325.24 img/s
DLL 2020-09-22 12:47:58.705945 - Epoch: 0 Iteration: 54  train.loss : 6.62284  train.total_ips : 8562.48 img/s
DLL 2020-09-22 12:47:59.042625 - Epoch: 0 Iteration: 55  train.loss : 6.59582  train.total_ips : 12169.86 img/s
DLL 2020-09-22 12:47:59.427320 - Epoch: 0 Iteration: 56  train.loss : 6.59059  train.total_ips : 10652.89 img/s
DLL 2020-09-22 12:47:59.901213 - Epoch: 0 Iteration: 57  train.loss : 6.59568  train.total_ips : 8646.91 img/s
DLL 2020-09-22 12:48:00.327040 - Epoch: 0 Iteration: 58  train.loss : 6.58257  train.total_ips : 9623.80 img/s
DLL 2020-09-22 12:48:00.731209 - Epoch: 0 Iteration: 59  train.loss : 6.56450  train.total_ips : 10139.71 img/s
DLL 2020-09-22 12:48:01.079220 - Epoch: 0 Iteration: 60  train.loss : 6.56593  train.total_ips : 11777.38 img/s
DLL 2020-09-22 12:48:01.429412 - Epoch: 0 Iteration: 61  train.loss : 6.56818  train.total_ips : 11700.64 img/s
DLL 2020-09-22 12:48:01.922219 - Epoch: 0 Iteration: 62  train.loss : 6.55152  train.total_ips : 8320.44 img/s
DLL 2020-09-22 12:48:02.297300 - Epoch: 0 Iteration: 63  train.loss : 6.55040  train.total_ips : 10920.81 img/s
DLL 2020-09-22 12:48:02.753396 - Epoch: 0 Iteration: 64  train.loss : 6.56458  train.total_ips : 8983.66 img/s
DLL 2020-09-22 12:48:03.142222 - Epoch: 0 Iteration: 65  train.loss : 6.55174  train.total_ips : 10538.21 img/s
DLL 2020-09-22 12:48:03.471025 - Epoch: 0 Iteration: 66  train.loss : 6.55193  train.total_ips : 12461.15 img/s
DLL 2020-09-22 12:48:03.921735 - Epoch: 0 Iteration: 67  train.loss : 6.55583  train.total_ips : 9094.30 img/s
DLL 2020-09-22 12:48:04.407231 - Epoch: 0 Iteration: 68  train.loss : 6.55238  train.total_ips : 8440.96 img/s
DLL 2020-09-22 12:48:04.849176 - Epoch: 0 Iteration: 69  train.loss : 6.55027  train.total_ips : 9270.95 img/s
DLL 2020-09-22 12:48:05.181973 - Epoch: 0 Iteration: 70  train.loss : 6.53815  train.total_ips : 12311.23 img/s
DLL 2020-09-22 12:48:05.524281 - Epoch: 0 Iteration: 71  train.loss : 6.53387  train.total_ips : 11970.36 img/s
DLL 2020-09-22 12:48:05.867167 - Epoch: 0 Iteration: 72  train.loss : 6.52592  train.total_ips : 11951.35 img/s
DLL 2020-09-22 12:48:06.228957 - Epoch: 0 Iteration: 73  train.loss : 6.50602  train.total_ips : 11326.00 img/s
DLL 2020-09-22 12:48:06.702691 - Epoch: 0 Iteration: 74  train.loss : 6.49815  train.total_ips : 8648.77 img/s
DLL 2020-09-22 12:48:07.092955 - Epoch: 0 Iteration: 75  train.loss : 6.49435  train.total_ips : 10497.63 img/s
DLL 2020-09-22 12:48:07.541711 - Epoch: 0 Iteration: 76  train.loss : 6.49906  train.total_ips : 9131.61 img/s
DLL 2020-09-22 12:48:07.923444 - Epoch: 0 Iteration: 77  train.loss : 6.49741  train.total_ips : 10733.16 img/s
DLL 2020-09-22 12:48:08.261221 - Epoch: 0 Iteration: 78  train.loss : 6.51300  train.total_ips : 12133.40 img/s
DLL 2020-09-22 12:48:08.613396 - Epoch: 0 Iteration: 79  train.loss : 6.48074  train.total_ips : 11632.60 img/s
DLL 2020-09-22 12:48:08.975498 - Epoch: 0 Iteration: 80  train.loss : 6.46432  train.total_ips : 11318.26 img/s
DLL 2020-09-22 12:48:09.347383 - Epoch: 0 Iteration: 81  train.loss : 6.49122  train.total_ips : 11017.07 img/s
DLL 2020-09-22 12:48:09.738989 - Epoch: 0 Iteration: 82  train.loss : 6.46307  train.total_ips : 10462.36 img/s
DLL 2020-09-22 12:48:10.114064 - Epoch: 0 Iteration: 83  train.loss : 6.44687  train.total_ips : 10923.90 img/s
/opt/dali/dali/image/jpeg_mem.cc:338: Premature end of JPEG data. Stopped at line 272/440
DLL 2020-09-22 12:48:10.450057 - Epoch: 0 Iteration: 84  train.loss : 6.45941  train.total_ips : 12196.59 img/s
DLL 2020-09-22 12:48:10.802417 - Epoch: 0 Iteration: 85  train.loss : 6.46184  train.total_ips : 11638.27 img/s
DLL 2020-09-22 12:48:11.158400 - Epoch: 0 Iteration: 86  train.loss : 6.45794  train.total_ips : 11509.73 img/s
DLL 2020-09-22 12:48:11.640378 - Epoch: 0 Iteration: 87  train.loss : 6.46324  train.total_ips : 8499.83 img/s
DLL 2020-09-22 12:48:12.012022 - Epoch: 0 Iteration: 88  train.loss : 6.44696  train.total_ips : 11023.63 img/s
DLL 2020-09-22 12:48:12.360837 - Epoch: 0 Iteration: 89  train.loss : 6.45738  train.total_ips : 11747.59 img/s
DLL 2020-09-22 12:48:12.847609 - Epoch: 0 Iteration: 90  train.loss : 6.44098  train.total_ips : 8416.09 img/s
DLL 2020-09-22 12:48:13.244654 - Epoch: 0 Iteration: 91  train.loss : 6.44824  train.total_ips : 10319.70 img/s
DLL 2020-09-22 12:48:13.578099 - Epoch: 0 Iteration: 92  train.loss : 6.44185  train.total_ips : 12291.53 img/s
DLL 2020-09-22 12:48:14.262063 - Epoch: 0 Iteration: 93  train.loss : 6.41873  train.total_ips : 5989.31 img/s
DLL 2020-09-22 12:48:14.631597 - Epoch: 0 Iteration: 94  train.loss : 6.41221  train.total_ips : 11091.59 img/s
DLL 2020-09-22 12:48:14.976340 - Epoch: 0 Iteration: 95  train.loss : 6.43203  train.total_ips : 11883.00 img/s
DLL 2020-09-22 12:48:15.351225 - Epoch: 0 Iteration: 96  train.loss : 6.40848  train.total_ips : 10929.18 img/s
DLL 2020-09-22 12:48:15.705226 - Epoch: 0 Iteration: 97  train.loss : 6.41692  train.total_ips : 11573.84 img/s
DLL 2020-09-22 12:48:16.172568 - Epoch: 0 Iteration: 98  train.loss : 6.41171  train.total_ips : 8766.17 img/s
DLL 2020-09-22 12:48:16.508341 - Epoch: 0 Iteration: 99  train.loss : 6.41279  train.total_ips : 12204.48 img/s
DLL 2020-09-22 12:48:16.906608 - Epoch: 0 Iteration: 100  train.loss : 6.40543  train.total_ips : 10292.38 img/s
DLL 2020-09-22 12:48:17.244805 - Epoch: 0 Iteration: 101  train.loss : 6.38588  train.total_ips : 12118.14 img/s
DLL 2020-09-22 12:48:17.622719 - Epoch: 0 Iteration: 102  train.loss : 6.37849  train.total_ips : 10841.91 img/s
DLL 2020-09-22 12:48:17.961974 - Epoch: 0 Iteration: 103  train.loss : 6.38468  train.total_ips : 12077.24 img/s
DLL 2020-09-22 12:48:18.457516 - Epoch: 0 Iteration: 104  train.loss : 6.35631  train.total_ips : 8267.04 img/s
DLL 2020-09-22 12:48:18.795811 - Epoch: 0 Iteration: 105  train.loss : 6.38164  train.total_ips : 12112.66 img/s
DLL 2020-09-22 12:48:19.142509 - Epoch: 0 Iteration: 106  train.loss : 6.37687  train.total_ips : 11819.70 img/s
DLL 2020-09-22 12:48:19.529886 - Epoch: 0 Iteration: 107  train.loss : 6.36399  train.total_ips : 10575.70 img/s
DLL 2020-09-22 12:48:19.913016 - Epoch: 0 Iteration: 108  train.loss : 6.36384  train.total_ips : 10695.19 img/s
DLL 2020-09-22 12:48:20.249210 - Epoch: 0 Iteration: 109  train.loss : 6.36526  train.total_ips : 12186.65 img/s
DLL 2020-09-22 12:48:20.592956 - Epoch: 0 Iteration: 110  train.loss : 6.33759  train.total_ips : 11919.23 img/s
DLL 2020-09-22 12:48:20.997344 - Epoch: 0 Iteration: 111  train.loss : 6.36083  train.total_ips : 10132.13 img/s
DLL 2020-09-22 12:48:21.357783 - Epoch: 0 Iteration: 112  train.loss : 6.38078  train.total_ips : 11368.05 img/s
DLL 2020-09-22 12:48:21.707260 - Epoch: 0 Iteration: 113  train.loss : 6.34746  train.total_ips : 11725.22 img/s
DLL 2020-09-22 12:48:22.054380 - Epoch: 0 Iteration: 114  train.loss : 6.35652  train.total_ips : 11804.86 img/s
DLL 2020-09-22 12:48:22.528879 - Epoch: 0 Iteration: 115  train.loss : 6.33248  train.total_ips : 8636.22 img/s
DLL 2020-09-22 12:48:22.905685 - Epoch: 0 Iteration: 116  train.loss : 6.35279  train.total_ips : 10876.01 img/s
DLL 2020-09-22 12:48:23.387229 - Epoch: 0 Iteration: 117  train.loss : 6.35258  train.total_ips : 8507.53 img/s
DLL 2020-09-22 12:48:23.717933 - Epoch: 0 Iteration: 118  train.loss : 6.32434  train.total_ips : 12389.92 img/s
DLL 2020-09-22 12:48:24.059459 - Epoch: 0 Iteration: 119  train.loss : 6.32802  train.total_ips : 11996.31 img/s
DLL 2020-09-22 12:48:24.409719 - Epoch: 0 Iteration: 120  train.loss : 6.33416  train.total_ips : 11698.63 img/s
DLL 2020-09-22 12:48:24.761806 - Epoch: 0 Iteration: 121  train.loss : 6.31415  train.total_ips : 11636.50 img/s
DLL 2020-09-22 12:48:25.100910 - Epoch: 0 Iteration: 122  train.loss : 6.32130  train.total_ips : 12083.02 img/s
DLL 2020-09-22 12:48:25.446156 - Epoch: 0 Iteration: 123  train.loss : 6.31347  train.total_ips : 11866.71 img/s
DLL 2020-09-22 12:48:25.870651 - Epoch: 0 Iteration: 124  train.loss : 6.30522  train.total_ips : 9652.35 img/s
DLL 2020-09-22 12:48:26.225673 - Epoch: 0 Iteration: 125  train.loss : 6.34095  train.total_ips : 11541.07 img/s
DLL 2020-09-22 12:48:26.568814 - Epoch: 0 Iteration: 126  train.loss : 6.31307  train.total_ips : 11941.33 img/s
DLL 2020-09-22 12:48:27.037638 - Epoch: 0 Iteration: 127  train.loss : 6.29994  train.total_ips : 8739.24 img/s
DLL 2020-09-22 12:48:27.502605 - Epoch: 0 Iteration: 128  train.loss : 6.31309  train.total_ips : 8810.62 img/s
DLL 2020-09-22 12:48:27.916387 - Epoch: 0 Iteration: 129  train.loss : 6.29046  train.total_ips : 9901.22 img/s
DLL 2020-09-22 12:48:28.257953 - Epoch: 0 Iteration: 130  train.loss : 6.28204  train.total_ips : 11995.56 img/s
DLL 2020-09-22 12:48:28.634653 - Epoch: 0 Iteration: 131  train.loss : 6.29280  train.total_ips : 10880.13 img/s
DLL 2020-09-22 12:48:28.998578 - Epoch: 0 Iteration: 132  train.loss : 6.29617  train.total_ips : 11257.64 img/s
DLL 2020-09-22 12:48:29.328630 - Epoch: 0 Iteration: 133  train.loss : 6.26847  train.total_ips : 12413.16 img/s
DLL 2020-09-22 12:48:29.679538 - Epoch: 0 Iteration: 134  train.loss : 6.27353  train.total_ips : 11678.13 img/s
DLL 2020-09-22 12:48:30.013430 - Epoch: 0 Iteration: 135  train.loss : 6.24197  train.total_ips : 12269.53 img/s
DLL 2020-09-22 12:48:30.369569 - Epoch: 0 Iteration: 136  train.loss : 6.28451  train.total_ips : 11504.16 img/s
DLL 2020-09-22 12:48:30.727949 - Epoch: 0 Iteration: 137  train.loss : 6.27854  train.total_ips : 11432.73 img/s
DLL 2020-09-22 12:48:31.076731 - Epoch: 0 Iteration: 138  train.loss : 6.25896  train.total_ips : 11748.06 img/s
DLL 2020-09-22 12:48:31.409172 - Epoch: 0 Iteration: 139  train.loss : 6.26825  train.total_ips : 12332.07 img/s
DLL 2020-09-22 12:48:31.754125 - Epoch: 0 Iteration: 140  train.loss : 6.26266  train.total_ips : 11876.69 img/s
DLL 2020-09-22 12:48:32.103447 - Epoch: 0 Iteration: 141  train.loss : 6.26172  train.total_ips : 11728.61 img/s
DLL 2020-09-22 12:48:32.599561 - Epoch: 0 Iteration: 142  train.loss : 6.27963  train.total_ips : 8257.58 img/s
DLL 2020-09-22 12:48:32.987696 - Epoch: 0 Iteration: 143  train.loss : 6.25532  train.total_ips : 10555.59 img/s
DLL 2020-09-22 12:48:33.326280 - Epoch: 0 Iteration: 144  train.loss : 6.25130  train.total_ips : 12103.69 img/s
DLL 2020-09-22 12:48:33.680082 - Epoch: 0 Iteration: 145  train.loss : 6.24698  train.total_ips : 11581.09 img/s
DLL 2020-09-22 12:48:34.016749 - Epoch: 0 Iteration: 146  train.loss : 6.23306  train.total_ips : 12170.69 img/s
DLL 2020-09-22 12:48:34.353539 - Epoch: 0 Iteration: 147  train.loss : 6.23553  train.total_ips : 12165.06 img/s
DLL 2020-09-22 12:48:34.728522 - Epoch: 0 Iteration: 148  train.loss : 6.22570  train.total_ips : 10928.09 img/s
DLL 2020-09-22 12:48:35.290332 - Epoch: 0 Iteration: 149  train.loss : 6.22062  train.total_ips : 7291.34 img/s
DLL 2020-09-22 12:48:35.673717 - Epoch: 0  train.loss : 6.50185  train.total_ips : 10624.83 img/s
DLL 2020-09-22 12:48:35.673857 - Epoch: 0  lr : 0.256  train.compute_ips : 10676.86 img/s train.data_time : 0.00180 s train.compute_time : 0.50704 s
DLL 2020-09-22 12:48:35.673981 - Summary: train.loss : 6.50185  train.total_ips : 10624.83 img/s
DLL 2020-09-22 12:48:35.674028 - Summary: lr : 0.256  train.compute_ips : 10676.86 img/s train.data_time : 0.00180 s train.compute_time : 0.50704 s
Experiment ended
['/opt/conda/bin/python', '-u', '/workspace/rn50/main.py', '--data-backend', 'dali-cpu', '--raport-file', '/workspace/rn50/raport.json', '-j8', '-p', '1', '--lr', '2.048', '--optimizer-batch-size', '-1', '--warmup', '8', '--arch', 'resnet50', '-c', 'fanin', '--label-smoothing', '0.1', '--lr-schedule', 'cosine', '--mom', '0.125', '--wd', '3.0517578125e-05', '--workspace', '/workspace/rn50', '-b', '256', '--epochs', '1', '--prof', '150', '--training-only', '--no-checkpoints', '--amp', '--dynamic-loss-scale', '/data/image']
['/opt/conda/bin/python', '-u', '/workspace/rn50/main.py', '--data-backend', 'dali-cpu', '--raport-file', '/workspace/rn50/raport.json', '-j8', '-p', '1', '--lr', '2.048', '--optimizer-batch-size', '-1', '--warmup', '8', '--arch', 'resnet50', '-c', 'fanin', '--label-smoothing', '0.1', '--lr-schedule', 'cosine', '--mom', '0.125', '--wd', '3.0517578125e-05', '--workspace', '/workspace/rn50', '-b', '256', '--epochs', '1', '--prof', '150', '--training-only', '--no-checkpoints', '--amp', '--dynamic-loss-scale', '/data/image']
['/opt/conda/bin/python', '-u', '/workspace/rn50/main.py', '--data-backend', 'dali-cpu', '--raport-file', '/workspace/rn50/raport.json', '-j8', '-p', '1', '--lr', '2.048', '--optimizer-batch-size', '-1', '--warmup', '8', '--arch', 'resnet50', '-c', 'fanin', '--label-smoothing', '0.1', '--lr-schedule', 'cosine', '--mom', '0.125', '--wd', '3.0517578125e-05', '--workspace', '/workspace/rn50', '-b', '256', '--epochs', '1', '--prof', '150', '--training-only', '--no-checkpoints', '--amp', '--dynamic-loss-scale', '/data/image']
['/opt/conda/bin/python', '-u', '/workspace/rn50/main.py', '--data-backend', 'dali-cpu', '--raport-file', '/workspace/rn50/raport.json', '-j8', '-p', '1', '--lr', '2.048', '--optimizer-batch-size', '-1', '--warmup', '8', '--arch', 'resnet50', '-c', 'fanin', '--label-smoothing', '0.1', '--lr-schedule', 'cosine', '--mom', '0.125', '--wd', '3.0517578125e-05', '--workspace', '/workspace/rn50', '-b', '256', '--epochs', '1', '--prof', '150', '--training-only', '--no-checkpoints', '--amp', '--dynamic-loss-scale', '/data/image']
['/opt/conda/bin/python', '-u', '/workspace/rn50/main.py', '--data-backend', 'dali-cpu', '--raport-file', '/workspace/rn50/raport.json', '-j8', '-p', '1', '--lr', '2.048', '--optimizer-batch-size', '-1', '--warmup', '8', '--arch', 'resnet50', '-c', 'fanin', '--label-smoothing', '0.1', '--lr-schedule', 'cosine', '--mom', '0.125', '--wd', '3.0517578125e-05', '--workspace', '/workspace/rn50', '-b', '256', '--epochs', '1', '--prof', '150', '--training-only', '--no-checkpoints', '--amp', '--dynamic-loss-scale', '/data/image']
['/opt/conda/bin/python', '-u', '/workspace/rn50/main.py', '--data-backend', 'dali-cpu', '--raport-file', '/workspace/rn50/raport.json', '-j8', '-p', '1', '--lr', '2.048', '--optimizer-batch-size', '-1', '--warmup', '8', '--arch', 'resnet50', '-c', 'fanin', '--label-smoothing', '0.1', '--lr-schedule', 'cosine', '--mom', '0.125', '--wd', '3.0517578125e-05', '--workspace', '/workspace/rn50', '-b', '256', '--epochs', '1', '--prof', '150', '--training-only', '--no-checkpoints', '--amp', '--dynamic-loss-scale', '/data/image']
['/opt/conda/bin/python', '-u', '/workspace/rn50/main.py', '--data-backend', 'dali-cpu', '--raport-file', '/workspace/rn50/raport.json', '-j8', '-p', '1', '--lr', '2.048', '--optimizer-batch-size', '-1', '--warmup', '8', '--arch', 'resnet50', '-c', 'fanin', '--label-smoothing', '0.1', '--lr-schedule', 'cosine', '--mom', '0.125', '--wd', '3.0517578125e-05', '--workspace', '/workspace/rn50', '-b', '256', '--epochs', '1', '--prof', '150', '--training-only', '--no-checkpoints', '--amp', '--dynamic-loss-scale', '/data/image']
['/opt/conda/bin/python', '-u', '/workspace/rn50/main.py', '--data-backend', 'dali-cpu', '--raport-file', '/workspace/rn50/raport.json', '-j8', '-p', '1', '--lr', '2.048', '--optimizer-batch-size', '-1', '--warmup', '8', '--arch', 'resnet50', '-c', 'fanin', '--label-smoothing', '0.1', '--lr-schedule', 'cosine', '--mom', '0.125', '--wd', '3.0517578125e-05', '--workspace', '/workspace/rn50', '-b', '256', '--epochs', '1', '--prof', '150', '--training-only', '--no-checkpoints', '--amp', '--dynamic-loss-scale', '/data/image']
