+ python /workspace/rn50/multiproc.py --nnodes 1 --node_rank 0 --nproc_per_node 1 --master_addr 127.0.0.1 --master_port=29500 /workspace/rn50/main.py --data-backend dali-cpu --raport-file /workspace/rn50/raport.json -j8 -p 1 --lr 0.256 --optimizer-batch-size -1 --warmup 8 --arch resnet50 -c fanin --label-smoothing 0.1 --lr-schedule cosine --mom 0.125 --wd 3.0517578125e-05 --workspace /workspace/rn50 -b 256 --epochs 1 --prof 150 --training-only --no-checkpoints --amp --dynamic-loss-scale /data/image
=> creating model '('resnet50', 'fanin', 1000)'
Version: {'net': <class 'image_classification.resnet.ResNet'>, 'block': <class 'image_classification.resnet.Bottleneck'>, 'layers': [3, 4, 6, 3], 'widths': [64, 128, 256, 512], 'expansion': 4}
Config: {'conv': <class 'torch.nn.modules.conv.Conv2d'>, 'conv_init': 'fan_in', 'nonlinearity': 'relu', 'last_bn_0_init': False, 'activation': <function <lambda> at 0x7faf8d4459d8>}
Num classes: 1000
i'm not distributed in dali
read 3545488 files from 2792 directories
read 50000 files from 1000 directories
DLL 2020-09-28 13:09:39.746399 - PARAMETER data : /data/image  data_backend : dali-cpu  arch : resnet50  model_config : fanin  num_classes : 1000  workers : 8  epochs : 1  run_epochs : -1  batch_size : 256  optimizer_batch_size : -1  lr : 0.256  lr_schedule : cosine  warmup : 8  label_smoothing : 0.1  mixup : 0.0  momentum : 0.125  weight_decay : 3.0517578125e-05  bn_weight_decay : False  nesterov : False  print_freq : 1  resume : None  pretrained_weights :   fp16 : False  static_loss_scale : 1  dynamic_loss_scale : True  prof : 150  amp : True  seed : None  gather_checkpoints : False  raport_file : /workspace/rn50/raport.json  evaluate : False  training_only : True  save_checkpoints : False  checkpoint_filename : checkpoint.pth.tar  workspace : /workspace/rn50  memory_format : nchw  distributed : False  local_rank : 0  gpu : 0  world_size : 1 
 ! Weight decay NOT applied to BN parameters 
98
63
Selected optimization level O1:  Insert automatic casts around Pytorch functions and Tensor methods.

Defaults for this optimization level are:
enabled                : True
opt_level              : O1
cast_model_type        : None
patch_torch_functions  : True
keep_batchnorm_fp32    : None
master_weights         : None
loss_scale             : dynamic
Processing user overrides (additional kwargs that are not None)...
After processing overrides, optimization options are:
enabled                : True
opt_level              : O1
cast_model_type        : None
patch_torch_functions  : True
keep_batchnorm_fp32    : None
master_weights         : None
loss_scale             : dynamic
RUNNING EPOCHS FROM 0 TO 1
DLL 2020-09-28 13:09:51.616217 - Epoch: 0 Iteration: 1  train.loss : 7.02825  train.total_ips : 21.62 img/s
DLL 2020-09-28 13:09:52.168069 - Epoch: 0 Iteration: 2  train.loss : 6.99176  train.total_ips : 463.96 img/s
DLL 2020-09-28 13:09:52.757291 - Epoch: 0 Iteration: 3  train.loss : 6.98283  train.total_ips : 434.57 img/s
DLL 2020-09-28 13:09:53.192947 - Epoch: 0 Iteration: 4  train.loss : 7.05810  train.total_ips : 587.73 img/s
DLL 2020-09-28 13:09:53.550949 - Epoch: 0 Iteration: 5  train.loss : 6.97810  train.total_ips : 715.28 img/s
DLL 2020-09-28 13:09:53.888220 - Epoch: 0 Iteration: 6  train.loss : 7.02463  train.total_ips : 759.33 img/s
DLL 2020-09-28 13:09:54.238537 - Epoch: 0 Iteration: 7  train.loss : 6.98523  train.total_ips : 731.10 img/s
DLL 2020-09-28 13:09:54.590026 - Epoch: 0 Iteration: 8  train.loss : 7.00817  train.total_ips : 728.54 img/s
DLL 2020-09-28 13:09:54.935164 - Epoch: 0 Iteration: 9  train.loss : 6.96346  train.total_ips : 741.88 img/s
DLL 2020-09-28 13:09:55.276214 - Epoch: 0 Iteration: 10  train.loss : 6.95537  train.total_ips : 750.91 img/s
DLL 2020-09-28 13:09:55.603850 - Epoch: 0 Iteration: 11  train.loss : 6.99960  train.total_ips : 784.37 img/s
DLL 2020-09-28 13:09:55.931665 - Epoch: 0 Iteration: 12  train.loss : 6.98316  train.total_ips : 781.16 img/s
DLL 2020-09-28 13:09:56.249795 - Epoch: 0 Iteration: 13  train.loss : 6.94237  train.total_ips : 804.94 img/s
DLL 2020-09-28 13:09:56.566721 - Epoch: 0 Iteration: 14  train.loss : 6.99969  train.total_ips : 807.96 img/s
DLL 2020-09-28 13:09:56.887084 - Epoch: 0 Iteration: 15  train.loss : 6.96739  train.total_ips : 799.37 img/s
DLL 2020-09-28 13:09:57.203224 - Epoch: 0 Iteration: 16  train.loss : 6.97410  train.total_ips : 810.09 img/s
DLL 2020-09-28 13:09:57.521173 - Epoch: 0 Iteration: 17  train.loss : 6.97234  train.total_ips : 805.78 img/s
DLL 2020-09-28 13:09:57.839478 - Epoch: 0 Iteration: 18  train.loss : 6.95036  train.total_ips : 804.33 img/s
DLL 2020-09-28 13:09:58.156665 - Epoch: 0 Iteration: 19  train.loss : 6.94460  train.total_ips : 807.56 img/s
DLL 2020-09-28 13:09:58.474373 - Epoch: 0 Iteration: 20  train.loss : 6.97015  train.total_ips : 806.09 img/s
DLL 2020-09-28 13:09:58.790836 - Epoch: 0 Iteration: 21  train.loss : 6.93220  train.total_ips : 809.04 img/s
DLL 2020-09-28 13:09:59.110611 - Epoch: 0 Iteration: 22  train.loss : 6.94758  train.total_ips : 800.71 img/s
DLL 2020-09-28 13:09:59.429178 - Epoch: 0 Iteration: 23  train.loss : 6.93893  train.total_ips : 803.78 img/s
DLL 2020-09-28 13:09:59.746300 - Epoch: 0 Iteration: 24  train.loss : 6.98889  train.total_ips : 807.42 img/s
DLL 2020-09-28 13:10:00.064402 - Epoch: 0 Iteration: 25  train.loss : 6.95803  train.total_ips : 805.45 img/s
DLL 2020-09-28 13:10:00.381646 - Epoch: 0 Iteration: 26  train.loss : 6.95258  train.total_ips : 806.88 img/s
DLL 2020-09-28 13:10:00.700765 - Epoch: 0 Iteration: 27  train.loss : 6.95136  train.total_ips : 802.45 img/s
DLL 2020-09-28 13:10:01.017701 - Epoch: 0 Iteration: 28  train.loss : 6.98537  train.total_ips : 807.90 img/s
DLL 2020-09-28 13:10:01.336638 - Epoch: 0 Iteration: 29  train.loss : 6.95446  train.total_ips : 802.86 img/s
DLL 2020-09-28 13:10:01.653068 - Epoch: 0 Iteration: 30  train.loss : 6.96776  train.total_ips : 809.18 img/s
DLL 2020-09-28 13:10:01.969879 - Epoch: 0 Iteration: 31  train.loss : 6.92755  train.total_ips : 808.21 img/s
DLL 2020-09-28 13:10:02.286445 - Epoch: 0 Iteration: 32  train.loss : 6.94889  train.total_ips : 809.08 img/s
DLL 2020-09-28 13:10:02.604022 - Epoch: 0 Iteration: 33  train.loss : 6.93809  train.total_ips : 806.32 img/s
DLL 2020-09-28 13:10:02.920988 - Epoch: 0 Iteration: 34  train.loss : 6.92906  train.total_ips : 807.82 img/s
DLL 2020-09-28 13:10:03.237167 - Epoch: 0 Iteration: 35  train.loss : 6.91817  train.total_ips : 809.85 img/s
DLL 2020-09-28 13:10:03.553435 - Epoch: 0 Iteration: 36  train.loss : 6.91689  train.total_ips : 809.77 img/s
DLL 2020-09-28 13:10:03.869835 - Epoch: 0 Iteration: 37  train.loss : 6.90638  train.total_ips : 809.43 img/s
DLL 2020-09-28 13:10:04.189538 - Epoch: 0 Iteration: 38  train.loss : 6.94763  train.total_ips : 800.84 img/s
DLL 2020-09-28 13:10:04.506008 - Epoch: 0 Iteration: 39  train.loss : 7.00164  train.total_ips : 809.08 img/s
DLL 2020-09-28 13:10:04.822272 - Epoch: 0 Iteration: 40  train.loss : 6.91473  train.total_ips : 809.61 img/s
DLL 2020-09-28 13:10:05.138818 - Epoch: 0 Iteration: 41  train.loss : 6.96015  train.total_ips : 809.00 img/s
DLL 2020-09-28 13:10:05.460730 - Epoch: 0 Iteration: 42  train.loss : 6.97416  train.total_ips : 795.43 img/s
DLL 2020-09-28 13:10:05.776649 - Epoch: 0 Iteration: 43  train.loss : 6.98443  train.total_ips : 810.48 img/s
DLL 2020-09-28 13:10:06.093617 - Epoch: 0 Iteration: 44  train.loss : 6.93646  train.total_ips : 807.82 img/s
DLL 2020-09-28 13:10:06.409900 - Epoch: 0 Iteration: 45  train.loss : 6.93522  train.total_ips : 809.58 img/s
DLL 2020-09-28 13:10:06.726170 - Epoch: 0 Iteration: 46  train.loss : 6.93861  train.total_ips : 809.61 img/s
DLL 2020-09-28 13:10:07.044744 - Epoch: 0 Iteration: 47  train.loss : 6.96635  train.total_ips : 803.76 img/s
DLL 2020-09-28 13:10:07.361327 - Epoch: 0 Iteration: 48  train.loss : 6.93927  train.total_ips : 808.79 img/s
DLL 2020-09-28 13:10:07.678315 - Epoch: 0 Iteration: 49  train.loss : 6.94613  train.total_ips : 807.76 img/s
DLL 2020-09-28 13:10:07.995428 - Epoch: 0 Iteration: 50  train.loss : 6.90103  train.total_ips : 807.59 img/s
DLL 2020-09-28 13:10:08.312261 - Epoch: 0 Iteration: 51  train.loss : 6.96566  train.total_ips : 808.09 img/s
DLL 2020-09-28 13:10:08.628420 - Epoch: 0 Iteration: 52  train.loss : 6.95064  train.total_ips : 810.08 img/s
DLL 2020-09-28 13:10:08.945530 - Epoch: 0 Iteration: 53  train.loss : 6.95684  train.total_ips : 807.50 img/s
DLL 2020-09-28 13:10:09.262091 - Epoch: 0 Iteration: 54  train.loss : 6.94718  train.total_ips : 808.86 img/s
DLL 2020-09-28 13:10:09.578086 - Epoch: 0 Iteration: 55  train.loss : 6.88218  train.total_ips : 810.29 img/s
DLL 2020-09-28 13:10:09.894427 - Epoch: 0 Iteration: 56  train.loss : 6.95901  train.total_ips : 809.42 img/s
DLL 2020-09-28 13:10:10.211070 - Epoch: 0 Iteration: 57  train.loss : 6.96120  train.total_ips : 808.65 img/s
DLL 2020-09-28 13:10:10.527581 - Epoch: 0 Iteration: 58  train.loss : 6.96022  train.total_ips : 809.00 img/s
DLL 2020-09-28 13:10:10.845902 - Epoch: 0 Iteration: 59  train.loss : 6.94521  train.total_ips : 804.42 img/s
DLL 2020-09-28 13:10:11.161836 - Epoch: 0 Iteration: 60  train.loss : 6.90173  train.total_ips : 810.47 img/s
DLL 2020-09-28 13:10:11.478479 - Epoch: 0 Iteration: 61  train.loss : 6.95072  train.total_ips : 808.64 img/s
DLL 2020-09-28 13:10:11.795238 - Epoch: 0 Iteration: 62  train.loss : 6.92718  train.total_ips : 808.59 img/s
DLL 2020-09-28 13:10:12.111959 - Epoch: 0 Iteration: 63  train.loss : 6.92851  train.total_ips : 808.49 img/s
DLL 2020-09-28 13:10:12.428404 - Epoch: 0 Iteration: 64  train.loss : 6.91409  train.total_ips : 809.15 img/s
DLL 2020-09-28 13:10:12.744003 - Epoch: 0 Iteration: 65  train.loss : 6.94481  train.total_ips : 811.34 img/s
DLL 2020-09-28 13:10:13.060612 - Epoch: 0 Iteration: 66  train.loss : 6.98703  train.total_ips : 808.90 img/s
DLL 2020-09-28 13:10:13.376844 - Epoch: 0 Iteration: 67  train.loss : 6.94060  train.total_ips : 809.63 img/s
DLL 2020-09-28 13:10:13.693815 - Epoch: 0 Iteration: 68  train.loss : 6.92705  train.total_ips : 807.81 img/s
DLL 2020-09-28 13:10:14.010420 - Epoch: 0 Iteration: 69  train.loss : 6.96035  train.total_ips : 808.73 img/s
DLL 2020-09-28 13:10:14.326489 - Epoch: 0 Iteration: 70  train.loss : 6.96389  train.total_ips : 810.10 img/s
DLL 2020-09-28 13:10:14.645868 - Epoch: 0 Iteration: 71  train.loss : 6.92298  train.total_ips : 801.77 img/s
DLL 2020-09-28 13:10:14.962081 - Epoch: 0 Iteration: 72  train.loss : 6.97225  train.total_ips : 809.74 img/s
DLL 2020-09-28 13:10:15.278800 - Epoch: 0 Iteration: 73  train.loss : 6.92913  train.total_ips : 808.51 img/s
DLL 2020-09-28 13:10:15.595538 - Epoch: 0 Iteration: 74  train.loss : 6.99585  train.total_ips : 808.40 img/s
DLL 2020-09-28 13:10:15.912299 - Epoch: 0 Iteration: 75  train.loss : 6.96849  train.total_ips : 808.35 img/s
DLL 2020-09-28 13:10:16.229492 - Epoch: 0 Iteration: 76  train.loss : 6.92454  train.total_ips : 807.23 img/s
DLL 2020-09-28 13:10:16.545928 - Epoch: 0 Iteration: 77  train.loss : 6.96624  train.total_ips : 809.19 img/s
DLL 2020-09-28 13:10:16.862421 - Epoch: 0 Iteration: 78  train.loss : 6.94521  train.total_ips : 809.03 img/s
DLL 2020-09-28 13:10:17.179796 - Epoch: 0 Iteration: 79  train.loss : 6.90571  train.total_ips : 806.79 img/s
DLL 2020-09-28 13:10:17.499316 - Epoch: 0 Iteration: 80  train.loss : 6.91391  train.total_ips : 801.38 img/s
DLL 2020-09-28 13:10:17.817718 - Epoch: 0 Iteration: 81  train.loss : 6.96334  train.total_ips : 804.16 img/s
DLL 2020-09-28 13:10:18.134398 - Epoch: 0 Iteration: 82  train.loss : 6.91136  train.total_ips : 808.54 img/s
DLL 2020-09-28 13:10:18.452639 - Epoch: 0 Iteration: 83  train.loss : 6.95180  train.total_ips : 804.61 img/s
DLL 2020-09-28 13:10:18.769342 - Epoch: 0 Iteration: 84  train.loss : 6.90109  train.total_ips : 808.47 img/s
DLL 2020-09-28 13:10:19.086342 - Epoch: 0 Iteration: 85  train.loss : 6.92579  train.total_ips : 807.76 img/s
DLL 2020-09-28 13:10:19.403491 - Epoch: 0 Iteration: 86  train.loss : 6.99088  train.total_ips : 807.35 img/s
DLL 2020-09-28 13:10:19.723529 - Epoch: 0 Iteration: 87  train.loss : 6.92438  train.total_ips : 800.27 img/s
DLL 2020-09-28 13:10:20.043518 - Epoch: 0 Iteration: 88  train.loss : 6.92202  train.total_ips : 800.17 img/s
DLL 2020-09-28 13:10:20.359974 - Epoch: 0 Iteration: 89  train.loss : 6.94527  train.total_ips : 809.13 img/s
DLL 2020-09-28 13:10:20.676437 - Epoch: 0 Iteration: 90  train.loss : 6.91232  train.total_ips : 809.10 img/s
DLL 2020-09-28 13:10:20.993096 - Epoch: 0 Iteration: 91  train.loss : 6.91201  train.total_ips : 808.60 img/s
DLL 2020-09-28 13:10:21.309565 - Epoch: 0 Iteration: 92  train.loss : 6.95993  train.total_ips : 809.10 img/s
DLL 2020-09-28 13:10:21.625900 - Epoch: 0 Iteration: 93  train.loss : 6.92953  train.total_ips : 809.42 img/s
DLL 2020-09-28 13:10:21.942573 - Epoch: 0 Iteration: 94  train.loss : 6.95295  train.total_ips : 808.59 img/s
DLL 2020-09-28 13:10:22.258632 - Epoch: 0 Iteration: 95  train.loss : 6.94480  train.total_ips : 810.12 img/s
DLL 2020-09-28 13:10:22.574870 - Epoch: 0 Iteration: 96  train.loss : 6.94132  train.total_ips : 809.70 img/s
DLL 2020-09-28 13:10:22.891264 - Epoch: 0 Iteration: 97  train.loss : 6.90237  train.total_ips : 809.28 img/s
DLL 2020-09-28 13:10:23.208344 - Epoch: 0 Iteration: 98  train.loss : 6.98223  train.total_ips : 807.52 img/s
DLL 2020-09-28 13:10:23.525490 - Epoch: 0 Iteration: 99  train.loss : 6.98146  train.total_ips : 807.53 img/s
DLL 2020-09-28 13:10:23.841997 - Epoch: 0 Iteration: 100  train.loss : 6.96432  train.total_ips : 808.92 img/s
DLL 2020-09-28 13:10:24.158274 - Epoch: 0 Iteration: 101  train.loss : 6.93918  train.total_ips : 809.57 img/s
DLL 2020-09-28 13:10:24.477486 - Epoch: 0 Iteration: 102  train.loss : 6.92353  train.total_ips : 802.15 img/s
DLL 2020-09-28 13:10:24.794300 - Epoch: 0 Iteration: 103  train.loss : 6.92155  train.total_ips : 808.21 img/s
DLL 2020-09-28 13:10:25.109794 - Epoch: 0 Iteration: 104  train.loss : 6.98089  train.total_ips : 811.56 img/s
DLL 2020-09-28 13:10:25.425889 - Epoch: 0 Iteration: 105  train.loss : 6.88052  train.total_ips : 810.04 img/s
DLL 2020-09-28 13:10:25.741788 - Epoch: 0 Iteration: 106  train.loss : 6.93326  train.total_ips : 810.54 img/s
DLL 2020-09-28 13:10:26.058206 - Epoch: 0 Iteration: 107  train.loss : 6.89523  train.total_ips : 809.21 img/s
DLL 2020-09-28 13:10:26.374406 - Epoch: 0 Iteration: 108  train.loss : 6.95327  train.total_ips : 809.77 img/s
DLL 2020-09-28 13:10:26.690906 - Epoch: 0 Iteration: 109  train.loss : 6.92377  train.total_ips : 809.01 img/s
DLL 2020-09-28 13:10:27.008137 - Epoch: 0 Iteration: 110  train.loss : 6.95556  train.total_ips : 807.13 img/s
DLL 2020-09-28 13:10:27.325767 - Epoch: 0 Iteration: 111  train.loss : 6.91094  train.total_ips : 806.12 img/s
DLL 2020-09-28 13:10:27.642694 - Epoch: 0 Iteration: 112  train.loss : 6.94294  train.total_ips : 807.93 img/s
DLL 2020-09-28 13:10:27.959492 - Epoch: 0 Iteration: 113  train.loss : 6.91141  train.total_ips : 808.27 img/s
DLL 2020-09-28 13:10:28.276309 - Epoch: 0 Iteration: 114  train.loss : 6.98048  train.total_ips : 808.17 img/s
DLL 2020-09-28 13:10:28.592964 - Epoch: 0 Iteration: 115  train.loss : 6.95958  train.total_ips : 808.61 img/s
DLL 2020-09-28 13:10:28.909673 - Epoch: 0 Iteration: 116  train.loss : 7.00303  train.total_ips : 808.47 img/s
DLL 2020-09-28 13:10:29.226295 - Epoch: 0 Iteration: 117  train.loss : 7.00066  train.total_ips : 808.70 img/s
DLL 2020-09-28 13:10:29.542841 - Epoch: 0 Iteration: 118  train.loss : 6.87930  train.total_ips : 808.90 img/s
DLL 2020-09-28 13:10:29.859032 - Epoch: 0 Iteration: 119  train.loss : 6.91093  train.total_ips : 809.81 img/s
DLL 2020-09-28 13:10:30.175280 - Epoch: 0 Iteration: 120  train.loss : 6.90999  train.total_ips : 809.66 img/s
DLL 2020-09-28 13:10:30.491298 - Epoch: 0 Iteration: 121  train.loss : 6.96685  train.total_ips : 810.26 img/s
DLL 2020-09-28 13:10:30.807608 - Epoch: 0 Iteration: 122  train.loss : 6.94647  train.total_ips : 809.49 img/s
DLL 2020-09-28 13:10:31.123648 - Epoch: 0 Iteration: 123  train.loss : 6.94949  train.total_ips : 810.18 img/s
DLL 2020-09-28 13:10:31.440195 - Epoch: 0 Iteration: 124  train.loss : 6.94508  train.total_ips : 808.91 img/s
DLL 2020-09-28 13:10:31.756774 - Epoch: 0 Iteration: 125  train.loss : 6.93087  train.total_ips : 808.83 img/s
DLL 2020-09-28 13:10:32.073390 - Epoch: 0 Iteration: 126  train.loss : 6.90139  train.total_ips : 808.93 img/s
DLL 2020-09-28 13:10:32.389777 - Epoch: 0 Iteration: 127  train.loss : 6.96484  train.total_ips : 809.34 img/s
DLL 2020-09-28 13:10:32.707195 - Epoch: 0 Iteration: 128  train.loss : 6.90558  train.total_ips : 806.81 img/s
DLL 2020-09-28 13:10:33.024305 - Epoch: 0 Iteration: 129  train.loss : 6.91360  train.total_ips : 807.41 img/s
DLL 2020-09-28 13:10:33.341200 - Epoch: 0 Iteration: 130  train.loss : 6.93370  train.total_ips : 807.97 img/s
DLL 2020-09-28 13:10:33.667717 - Epoch: 0 Iteration: 131  train.loss : 6.92283  train.total_ips : 784.20 img/s
DLL 2020-09-28 13:10:33.988192 - Epoch: 0 Iteration: 132  train.loss : 6.90342  train.total_ips : 799.01 img/s
DLL 2020-09-28 13:10:34.305310 - Epoch: 0 Iteration: 133  train.loss : 6.89621  train.total_ips : 807.42 img/s
DLL 2020-09-28 13:10:34.624989 - Epoch: 0 Iteration: 134  train.loss : 6.92940  train.total_ips : 800.95 img/s
DLL 2020-09-28 13:10:34.941193 - Epoch: 0 Iteration: 135  train.loss : 6.90777  train.total_ips : 809.78 img/s
DLL 2020-09-28 13:10:35.260774 - Epoch: 0 Iteration: 136  train.loss : 6.95329  train.total_ips : 801.23 img/s
DLL 2020-09-28 13:10:35.578141 - Epoch: 0 Iteration: 137  train.loss : 6.91339  train.total_ips : 806.82 img/s
DLL 2020-09-28 13:10:35.896099 - Epoch: 0 Iteration: 138  train.loss : 6.95940  train.total_ips : 805.32 img/s
DLL 2020-09-28 13:10:36.216123 - Epoch: 0 Iteration: 139  train.loss : 6.95384  train.total_ips : 800.11 img/s
DLL 2020-09-28 13:10:36.533753 - Epoch: 0 Iteration: 140  train.loss : 6.88382  train.total_ips : 806.34 img/s
DLL 2020-09-28 13:10:36.850135 - Epoch: 0 Iteration: 141  train.loss : 6.93531  train.total_ips : 809.31 img/s
DLL 2020-09-28 13:10:37.166692 - Epoch: 0 Iteration: 142  train.loss : 6.84526  train.total_ips : 808.85 img/s
DLL 2020-09-28 13:10:37.483807 - Epoch: 0 Iteration: 143  train.loss : 6.94010  train.total_ips : 807.44 img/s
DLL 2020-09-28 13:10:37.800935 - Epoch: 0 Iteration: 144  train.loss : 6.90465  train.total_ips : 807.40 img/s
DLL 2020-09-28 13:10:38.118107 - Epoch: 0 Iteration: 145  train.loss : 6.95662  train.total_ips : 807.29 img/s
DLL 2020-09-28 13:10:38.435409 - Epoch: 0 Iteration: 146  train.loss : 6.91840  train.total_ips : 806.96 img/s
DLL 2020-09-28 13:10:38.764763 - Epoch: 0 Iteration: 147  train.loss : 6.89910  train.total_ips : 777.45 img/s
DLL 2020-09-28 13:10:39.082350 - Epoch: 0 Iteration: 148  train.loss : 6.94968  train.total_ips : 806.25 img/s
DLL 2020-09-28 13:10:39.400067 - Epoch: 0 Iteration: 149  train.loss : 6.91915  train.total_ips : 805.95 img/s
DLL 2020-09-28 13:10:39.716771 - Epoch: 0  train.loss : 6.94502  train.total_ips : 792.51 img/s
DLL 2020-09-28 13:10:39.716924 - Epoch: 0  lr : 0.032  train.compute_ips : 795.71 img/s train.data_time : 0.00130 s train.compute_time : 0.39824 s
DLL 2020-09-28 13:10:39.717026 - Summary: train.loss : 6.94502  train.total_ips : 792.51 img/s
DLL 2020-09-28 13:10:39.717068 - Summary: lr : 0.032  train.compute_ips : 795.71 img/s train.data_time : 0.00130 s train.compute_time : 0.39824 s
Experiment ended
['/opt/conda/bin/python', '-u', '/workspace/rn50/main.py', '--data-backend', 'dali-cpu', '--raport-file', '/workspace/rn50/raport.json', '-j8', '-p', '1', '--lr', '0.256', '--optimizer-batch-size', '-1', '--warmup', '8', '--arch', 'resnet50', '-c', 'fanin', '--label-smoothing', '0.1', '--lr-schedule', 'cosine', '--mom', '0.125', '--wd', '3.0517578125e-05', '--workspace', '/workspace/rn50', '-b', '256', '--epochs', '1', '--prof', '150', '--training-only', '--no-checkpoints', '--amp', '--dynamic-loss-scale', '/data/image']
