+ python /workspace/rn50/multiproc.py --nnodes 1 --node_rank 0 --nproc_per_node 1 --master_addr 127.0.0.1 --master_port=29500 /workspace/rn50/main.py --data-backend dali-cpu --raport-file /workspace/rn50/raport.json -j8 -p 1 --lr 0.256 --optimizer-batch-size -1 --warmup 8 --arch resnet50 -c fanin --label-smoothing 0.1 --lr-schedule cosine --mom 0.125 --wd 3.0517578125e-05 --workspace /workspace/rn50 -b 256 --epochs 1 --prof 150 --training-only --no-checkpoints --amp --dynamic-loss-scale /data/image
=> creating model '('resnet50', 'fanin', 1000)'
Version: {'net': <class 'image_classification.resnet.ResNet'>, 'block': <class 'image_classification.resnet.Bottleneck'>, 'layers': [3, 4, 6, 3], 'widths': [64, 128, 256, 512], 'expansion': 4}
Config: {'conv': <class 'torch.nn.modules.conv.Conv2d'>, 'conv_init': 'fan_in', 'nonlinearity': 'relu', 'last_bn_0_init': False, 'activation': <function <lambda> at 0x7f81ed5fe9d8>}
Num classes: 1000
i'm not distributed in dali
read 3545488 files from 2792 directories
read 50000 files from 1000 directories
DLL 2020-09-28 13:16:20.663824 - PARAMETER data : /data/image  data_backend : dali-cpu  arch : resnet50  model_config : fanin  num_classes : 1000  workers : 8  epochs : 1  run_epochs : -1  batch_size : 256  optimizer_batch_size : -1  lr : 0.256  lr_schedule : cosine  warmup : 8  label_smoothing : 0.1  mixup : 0.0  momentum : 0.125  weight_decay : 3.0517578125e-05  bn_weight_decay : False  nesterov : False  print_freq : 1  resume : None  pretrained_weights :   fp16 : False  static_loss_scale : 1  dynamic_loss_scale : True  prof : 150  amp : True  seed : None  gather_checkpoints : False  raport_file : /workspace/rn50/raport.json  evaluate : False  training_only : True  save_checkpoints : False  checkpoint_filename : checkpoint.pth.tar  workspace : /workspace/rn50  memory_format : nchw  distributed : False  local_rank : 0  gpu : 0  world_size : 1 
 ! Weight decay NOT applied to BN parameters 
98
63
Selected optimization level O1:  Insert automatic casts around Pytorch functions and Tensor methods.

Defaults for this optimization level are:
enabled                : True
opt_level              : O1
cast_model_type        : None
patch_torch_functions  : True
keep_batchnorm_fp32    : None
master_weights         : None
loss_scale             : dynamic
Processing user overrides (additional kwargs that are not None)...
After processing overrides, optimization options are:
enabled                : True
opt_level              : O1
cast_model_type        : None
patch_torch_functions  : True
keep_batchnorm_fp32    : None
master_weights         : None
loss_scale             : dynamic
RUNNING EPOCHS FROM 0 TO 1
DLL 2020-09-28 13:16:32.073551 - Epoch: 0 Iteration: 1  train.loss : 7.08428  train.total_ips : 22.48 img/s
DLL 2020-09-28 13:16:32.411199 - Epoch: 0 Iteration: 2  train.loss : 7.05662  train.total_ips : 758.29 img/s
DLL 2020-09-28 13:16:32.733485 - Epoch: 0 Iteration: 3  train.loss : 7.00812  train.total_ips : 794.50 img/s
DLL 2020-09-28 13:16:33.052665 - Epoch: 0 Iteration: 4  train.loss : 7.00521  train.total_ips : 802.17 img/s
DLL 2020-09-28 13:16:33.368625 - Epoch: 0 Iteration: 5  train.loss : 6.99716  train.total_ips : 810.39 img/s
DLL 2020-09-28 13:16:33.688628 - Epoch: 0 Iteration: 6  train.loss : 6.99562  train.total_ips : 800.19 img/s
DLL 2020-09-28 13:16:34.015717 - Epoch: 0 Iteration: 7  train.loss : 7.01473  train.total_ips : 782.90 img/s
DLL 2020-09-28 13:16:34.338544 - Epoch: 0 Iteration: 8  train.loss : 7.01506  train.total_ips : 793.16 img/s
DLL 2020-09-28 13:16:34.667629 - Epoch: 0 Iteration: 9  train.loss : 6.97367  train.total_ips : 778.18 img/s
DLL 2020-09-28 13:16:35.001856 - Epoch: 0 Iteration: 10  train.loss : 6.95766  train.total_ips : 766.06 img/s
DLL 2020-09-28 13:16:35.323406 - Epoch: 0 Iteration: 11  train.loss : 6.97050  train.total_ips : 796.29 img/s
DLL 2020-09-28 13:16:35.644706 - Epoch: 0 Iteration: 12  train.loss : 6.96977  train.total_ips : 796.94 img/s
DLL 2020-09-28 13:16:35.966412 - Epoch: 0 Iteration: 13  train.loss : 6.93705  train.total_ips : 795.97 img/s
DLL 2020-09-28 13:16:36.288403 - Epoch: 0 Iteration: 14  train.loss : 7.00939  train.total_ips : 795.39 img/s
DLL 2020-09-28 13:16:36.610422 - Epoch: 0 Iteration: 15  train.loss : 6.94675  train.total_ips : 795.12 img/s
DLL 2020-09-28 13:16:36.931786 - Epoch: 0 Iteration: 16  train.loss : 6.96936  train.total_ips : 796.76 img/s
DLL 2020-09-28 13:16:37.252135 - Epoch: 0 Iteration: 17  train.loss : 6.98849  train.total_ips : 799.31 img/s
DLL 2020-09-28 13:16:37.572578 - Epoch: 0 Iteration: 18  train.loss : 6.97111  train.total_ips : 799.05 img/s
DLL 2020-09-28 13:16:37.893580 - Epoch: 0 Iteration: 19  train.loss : 6.90911  train.total_ips : 797.67 img/s
DLL 2020-09-28 13:16:38.215328 - Epoch: 0 Iteration: 20  train.loss : 6.98673  train.total_ips : 795.82 img/s
DLL 2020-09-28 13:16:38.536383 - Epoch: 0 Iteration: 21  train.loss : 6.94947  train.total_ips : 797.55 img/s
DLL 2020-09-28 13:16:38.857305 - Epoch: 0 Iteration: 22  train.loss : 6.93982  train.total_ips : 797.90 img/s
DLL 2020-09-28 13:16:39.179327 - Epoch: 0 Iteration: 23  train.loss : 6.96023  train.total_ips : 795.13 img/s
DLL 2020-09-28 13:16:39.500505 - Epoch: 0 Iteration: 24  train.loss : 6.97566  train.total_ips : 797.35 img/s
DLL 2020-09-28 13:16:39.822327 - Epoch: 0 Iteration: 25  train.loss : 6.96962  train.total_ips : 795.61 img/s
DLL 2020-09-28 13:16:40.142660 - Epoch: 0 Iteration: 26  train.loss : 6.96937  train.total_ips : 799.35 img/s
DLL 2020-09-28 13:16:40.463297 - Epoch: 0 Iteration: 27  train.loss : 6.94823  train.total_ips : 798.57 img/s
DLL 2020-09-28 13:16:40.783709 - Epoch: 0 Iteration: 28  train.loss : 6.99222  train.total_ips : 799.13 img/s
DLL 2020-09-28 13:16:41.104825 - Epoch: 0 Iteration: 29  train.loss : 6.93569  train.total_ips : 797.39 img/s
DLL 2020-09-28 13:16:41.425195 - Epoch: 0 Iteration: 30  train.loss : 6.96986  train.total_ips : 799.24 img/s
DLL 2020-09-28 13:16:41.745283 - Epoch: 0 Iteration: 31  train.loss : 6.91532  train.total_ips : 799.94 img/s
DLL 2020-09-28 13:16:42.065893 - Epoch: 0 Iteration: 32  train.loss : 6.95531  train.total_ips : 798.66 img/s
DLL 2020-09-28 13:16:42.386755 - Epoch: 0 Iteration: 33  train.loss : 6.94774  train.total_ips : 798.08 img/s
DLL 2020-09-28 13:16:42.707435 - Epoch: 0 Iteration: 34  train.loss : 6.92197  train.total_ips : 798.43 img/s
DLL 2020-09-28 13:16:43.028483 - Epoch: 0 Iteration: 35  train.loss : 6.94659  train.total_ips : 797.56 img/s
DLL 2020-09-28 13:16:43.349963 - Epoch: 0 Iteration: 36  train.loss : 6.91058  train.total_ips : 796.61 img/s
DLL 2020-09-28 13:16:43.670757 - Epoch: 0 Iteration: 37  train.loss : 6.90814  train.total_ips : 798.21 img/s
DLL 2020-09-28 13:16:43.994130 - Epoch: 0 Iteration: 38  train.loss : 6.95150  train.total_ips : 791.88 img/s
DLL 2020-09-28 13:16:44.315086 - Epoch: 0 Iteration: 39  train.loss : 6.97769  train.total_ips : 797.78 img/s
DLL 2020-09-28 13:16:44.636773 - Epoch: 0 Iteration: 40  train.loss : 6.93058  train.total_ips : 795.98 img/s
DLL 2020-09-28 13:16:44.958048 - Epoch: 0 Iteration: 41  train.loss : 6.98202  train.total_ips : 796.99 img/s
DLL 2020-09-28 13:16:45.278251 - Epoch: 0 Iteration: 42  train.loss : 6.96766  train.total_ips : 799.65 img/s
DLL 2020-09-28 13:16:45.599405 - Epoch: 0 Iteration: 43  train.loss : 6.98518  train.total_ips : 797.29 img/s
DLL 2020-09-28 13:16:45.920589 - Epoch: 0 Iteration: 44  train.loss : 6.95200  train.total_ips : 797.21 img/s
DLL 2020-09-28 13:16:46.242391 - Epoch: 0 Iteration: 45  train.loss : 6.95018  train.total_ips : 795.68 img/s
DLL 2020-09-28 13:16:46.563300 - Epoch: 0 Iteration: 46  train.loss : 6.92688  train.total_ips : 797.91 img/s
DLL 2020-09-28 13:16:46.884636 - Epoch: 0 Iteration: 47  train.loss : 6.95188  train.total_ips : 796.85 img/s
DLL 2020-09-28 13:16:47.205868 - Epoch: 0 Iteration: 48  train.loss : 6.93859  train.total_ips : 797.10 img/s
DLL 2020-09-28 13:16:47.526932 - Epoch: 0 Iteration: 49  train.loss : 6.95074  train.total_ips : 797.54 img/s
DLL 2020-09-28 13:16:47.848927 - Epoch: 0 Iteration: 50  train.loss : 6.91588  train.total_ips : 795.22 img/s
DLL 2020-09-28 13:16:48.170285 - Epoch: 0 Iteration: 51  train.loss : 6.96917  train.total_ips : 796.77 img/s
DLL 2020-09-28 13:16:48.491675 - Epoch: 0 Iteration: 52  train.loss : 6.97309  train.total_ips : 796.73 img/s
DLL 2020-09-28 13:16:48.814141 - Epoch: 0 Iteration: 53  train.loss : 6.94755  train.total_ips : 794.05 img/s
DLL 2020-09-28 13:16:49.135762 - Epoch: 0 Iteration: 54  train.loss : 6.93148  train.total_ips : 796.13 img/s
DLL 2020-09-28 13:16:49.456850 - Epoch: 0 Iteration: 55  train.loss : 6.88315  train.total_ips : 797.46 img/s
DLL 2020-09-28 13:16:49.777855 - Epoch: 0 Iteration: 56  train.loss : 6.93749  train.total_ips : 797.71 img/s
DLL 2020-09-28 13:16:50.098692 - Epoch: 0 Iteration: 57  train.loss : 6.95548  train.total_ips : 798.08 img/s
DLL 2020-09-28 13:16:50.419158 - Epoch: 0 Iteration: 58  train.loss : 6.95563  train.total_ips : 798.98 img/s
DLL 2020-09-28 13:16:50.739761 - Epoch: 0 Iteration: 59  train.loss : 6.92998  train.total_ips : 798.66 img/s
DLL 2020-09-28 13:16:51.060643 - Epoch: 0 Iteration: 60  train.loss : 6.90111  train.total_ips : 798.01 img/s
DLL 2020-09-28 13:16:51.381796 - Epoch: 0 Iteration: 61  train.loss : 6.97097  train.total_ips : 797.28 img/s
DLL 2020-09-28 13:16:51.703517 - Epoch: 0 Iteration: 62  train.loss : 6.93875  train.total_ips : 795.89 img/s
DLL 2020-09-28 13:16:52.024689 - Epoch: 0 Iteration: 63  train.loss : 6.92064  train.total_ips : 797.24 img/s
DLL 2020-09-28 13:16:52.345713 - Epoch: 0 Iteration: 64  train.loss : 6.90574  train.total_ips : 797.61 img/s
DLL 2020-09-28 13:16:52.666922 - Epoch: 0 Iteration: 65  train.loss : 6.93000  train.total_ips : 797.15 img/s
DLL 2020-09-28 13:16:52.989893 - Epoch: 0 Iteration: 66  train.loss : 6.99327  train.total_ips : 792.82 img/s
DLL 2020-09-28 13:16:53.310739 - Epoch: 0 Iteration: 67  train.loss : 6.93603  train.total_ips : 798.09 img/s
DLL 2020-09-28 13:16:53.632074 - Epoch: 0 Iteration: 68  train.loss : 6.90762  train.total_ips : 796.84 img/s
DLL 2020-09-28 13:16:53.953195 - Epoch: 0 Iteration: 69  train.loss : 6.95031  train.total_ips : 797.37 img/s
DLL 2020-09-28 13:16:54.273728 - Epoch: 0 Iteration: 70  train.loss : 6.97272  train.total_ips : 798.83 img/s
DLL 2020-09-28 13:16:54.594254 - Epoch: 0 Iteration: 71  train.loss : 6.95270  train.total_ips : 798.84 img/s
DLL 2020-09-28 13:16:54.915317 - Epoch: 0 Iteration: 72  train.loss : 6.96906  train.total_ips : 797.51 img/s
DLL 2020-09-28 13:16:55.236685 - Epoch: 0 Iteration: 73  train.loss : 6.90249  train.total_ips : 797.01 img/s
DLL 2020-09-28 13:16:55.558667 - Epoch: 0 Iteration: 74  train.loss : 6.99052  train.total_ips : 795.24 img/s
DLL 2020-09-28 13:16:55.882132 - Epoch: 0 Iteration: 75  train.loss : 6.96406  train.total_ips : 791.60 img/s
DLL 2020-09-28 13:16:56.198904 - Epoch: 0 Iteration: 76  train.loss : 6.94607  train.total_ips : 808.43 img/s
DLL 2020-09-28 13:16:56.519420 - Epoch: 0 Iteration: 77  train.loss : 6.96974  train.total_ips : 798.90 img/s
DLL 2020-09-28 13:16:56.836225 - Epoch: 0 Iteration: 78  train.loss : 6.94815  train.total_ips : 808.16 img/s
DLL 2020-09-28 13:16:57.152697 - Epoch: 0 Iteration: 79  train.loss : 6.90858  train.total_ips : 809.08 img/s
DLL 2020-09-28 13:16:57.469510 - Epoch: 0 Iteration: 80  train.loss : 6.91737  train.total_ips : 808.26 img/s
DLL 2020-09-28 13:16:57.786127 - Epoch: 0 Iteration: 81  train.loss : 6.94354  train.total_ips : 808.68 img/s
DLL 2020-09-28 13:16:58.102461 - Epoch: 0 Iteration: 82  train.loss : 6.91840  train.total_ips : 809.45 img/s
DLL 2020-09-28 13:16:58.419063 - Epoch: 0 Iteration: 83  train.loss : 6.96628  train.total_ips : 808.75 img/s
DLL 2020-09-28 13:16:58.734969 - Epoch: 0 Iteration: 84  train.loss : 6.91124  train.total_ips : 810.53 img/s
DLL 2020-09-28 13:16:59.051076 - Epoch: 0 Iteration: 85  train.loss : 6.92383  train.total_ips : 810.01 img/s
DLL 2020-09-28 13:16:59.367383 - Epoch: 0 Iteration: 86  train.loss : 6.97115  train.total_ips : 809.50 img/s
DLL 2020-09-28 13:16:59.683869 - Epoch: 0 Iteration: 87  train.loss : 6.93815  train.total_ips : 809.06 img/s
DLL 2020-09-28 13:17:00.003091 - Epoch: 0 Iteration: 88  train.loss : 6.91109  train.total_ips : 802.14 img/s
DLL 2020-09-28 13:17:00.319727 - Epoch: 0 Iteration: 89  train.loss : 6.95417  train.total_ips : 808.65 img/s
DLL 2020-09-28 13:17:00.636303 - Epoch: 0 Iteration: 90  train.loss : 6.90850  train.total_ips : 808.82 img/s
DLL 2020-09-28 13:17:00.952065 - Epoch: 0 Iteration: 91  train.loss : 6.92065  train.total_ips : 810.90 img/s
DLL 2020-09-28 13:17:01.268886 - Epoch: 0 Iteration: 92  train.loss : 6.98440  train.total_ips : 808.21 img/s
DLL 2020-09-28 13:17:01.586583 - Epoch: 0 Iteration: 93  train.loss : 6.91960  train.total_ips : 806.05 img/s
DLL 2020-09-28 13:17:01.903330 - Epoch: 0 Iteration: 94  train.loss : 6.95421  train.total_ips : 808.37 img/s
DLL 2020-09-28 13:17:02.219886 - Epoch: 0 Iteration: 95  train.loss : 6.94689  train.total_ips : 808.84 img/s
DLL 2020-09-28 13:17:02.535838 - Epoch: 0 Iteration: 96  train.loss : 6.94691  train.total_ips : 810.40 img/s
DLL 2020-09-28 13:17:02.854573 - Epoch: 0 Iteration: 97  train.loss : 6.90095  train.total_ips : 803.36 img/s
DLL 2020-09-28 13:17:03.172171 - Epoch: 0 Iteration: 98  train.loss : 6.98282  train.total_ips : 806.20 img/s
DLL 2020-09-28 13:17:03.489086 - Epoch: 0 Iteration: 99  train.loss : 6.98376  train.total_ips : 807.96 img/s
DLL 2020-09-28 13:17:03.805861 - Epoch: 0 Iteration: 100  train.loss : 6.96346  train.total_ips : 808.30 img/s
DLL 2020-09-28 13:17:04.122569 - Epoch: 0 Iteration: 101  train.loss : 6.95026  train.total_ips : 808.47 img/s
DLL 2020-09-28 13:17:04.439355 - Epoch: 0 Iteration: 102  train.loss : 6.91355  train.total_ips : 808.26 img/s
DLL 2020-09-28 13:17:04.755335 - Epoch: 0 Iteration: 103  train.loss : 6.93988  train.total_ips : 810.34 img/s
DLL 2020-09-28 13:17:05.071451 - Epoch: 0 Iteration: 104  train.loss : 6.95796  train.total_ips : 809.99 img/s
DLL 2020-09-28 13:17:05.388058 - Epoch: 0 Iteration: 105  train.loss : 6.87454  train.total_ips : 808.73 img/s
DLL 2020-09-28 13:17:05.704602 - Epoch: 0 Iteration: 106  train.loss : 6.92876  train.total_ips : 808.88 img/s
DLL 2020-09-28 13:17:06.021060 - Epoch: 0 Iteration: 107  train.loss : 6.88965  train.total_ips : 809.11 img/s
DLL 2020-09-28 13:17:06.337416 - Epoch: 0 Iteration: 108  train.loss : 6.96331  train.total_ips : 809.38 img/s
DLL 2020-09-28 13:17:06.653952 - Epoch: 0 Iteration: 109  train.loss : 6.92992  train.total_ips : 808.90 img/s
DLL 2020-09-28 13:17:06.970919 - Epoch: 0 Iteration: 110  train.loss : 6.94833  train.total_ips : 807.81 img/s
DLL 2020-09-28 13:17:07.290891 - Epoch: 0 Iteration: 111  train.loss : 6.93633  train.total_ips : 800.25 img/s
DLL 2020-09-28 13:17:07.608102 - Epoch: 0 Iteration: 112  train.loss : 6.95358  train.total_ips : 807.19 img/s
DLL 2020-09-28 13:17:07.924648 - Epoch: 0 Iteration: 113  train.loss : 6.89650  train.total_ips : 808.90 img/s
DLL 2020-09-28 13:17:08.240909 - Epoch: 0 Iteration: 114  train.loss : 6.97449  train.total_ips : 809.62 img/s
DLL 2020-09-28 13:17:08.556575 - Epoch: 0 Iteration: 115  train.loss : 6.93919  train.total_ips : 811.15 img/s
DLL 2020-09-28 13:17:08.873477 - Epoch: 0 Iteration: 116  train.loss : 7.01397  train.total_ips : 807.98 img/s
DLL 2020-09-28 13:17:09.190850 - Epoch: 0 Iteration: 117  train.loss : 6.98902  train.total_ips : 806.79 img/s
DLL 2020-09-28 13:17:09.508701 - Epoch: 0 Iteration: 118  train.loss : 6.87774  train.total_ips : 805.58 img/s
DLL 2020-09-28 13:17:09.825523 - Epoch: 0 Iteration: 119  train.loss : 6.92018  train.total_ips : 808.28 img/s
DLL 2020-09-28 13:17:10.143242 - Epoch: 0 Iteration: 120  train.loss : 6.93023  train.total_ips : 805.89 img/s
DLL 2020-09-28 13:17:10.462372 - Epoch: 0 Iteration: 121  train.loss : 6.96341  train.total_ips : 802.35 img/s
DLL 2020-09-28 13:17:10.778774 - Epoch: 0 Iteration: 122  train.loss : 6.94158  train.total_ips : 809.26 img/s
DLL 2020-09-28 13:17:11.095450 - Epoch: 0 Iteration: 123  train.loss : 6.94324  train.total_ips : 808.56 img/s
DLL 2020-09-28 13:17:11.411657 - Epoch: 0 Iteration: 124  train.loss : 6.93903  train.total_ips : 809.74 img/s
DLL 2020-09-28 13:17:11.727683 - Epoch: 0 Iteration: 125  train.loss : 6.93306  train.total_ips : 810.22 img/s
DLL 2020-09-28 13:17:12.044260 - Epoch: 0 Iteration: 126  train.loss : 6.89846  train.total_ips : 808.80 img/s
DLL 2020-09-28 13:17:12.360715 - Epoch: 0 Iteration: 127  train.loss : 6.94903  train.total_ips : 809.11 img/s
DLL 2020-09-28 13:17:12.677567 - Epoch: 0 Iteration: 128  train.loss : 6.91930  train.total_ips : 808.10 img/s
DLL 2020-09-28 13:17:12.993826 - Epoch: 0 Iteration: 129  train.loss : 6.92903  train.total_ips : 809.61 img/s
DLL 2020-09-28 13:17:13.310081 - Epoch: 0 Iteration: 130  train.loss : 6.93758  train.total_ips : 809.62 img/s
DLL 2020-09-28 13:17:13.626585 - Epoch: 0 Iteration: 131  train.loss : 6.92605  train.total_ips : 808.99 img/s
DLL 2020-09-28 13:17:13.946754 - Epoch: 0 Iteration: 132  train.loss : 6.92037  train.total_ips : 799.79 img/s
DLL 2020-09-28 13:17:14.262834 - Epoch: 0 Iteration: 133  train.loss : 6.90035  train.total_ips : 810.07 img/s
DLL 2020-09-28 13:17:14.579527 - Epoch: 0 Iteration: 134  train.loss : 6.93551  train.total_ips : 808.53 img/s
DLL 2020-09-28 13:17:14.896914 - Epoch: 0 Iteration: 135  train.loss : 6.93145  train.total_ips : 806.74 img/s
DLL 2020-09-28 13:17:15.213304 - Epoch: 0 Iteration: 136  train.loss : 6.94273  train.total_ips : 809.28 img/s
DLL 2020-09-28 13:17:15.529902 - Epoch: 0 Iteration: 137  train.loss : 6.91675  train.total_ips : 808.74 img/s
DLL 2020-09-28 13:17:15.847579 - Epoch: 0 Iteration: 138  train.loss : 6.99376  train.total_ips : 806.04 img/s
DLL 2020-09-28 13:17:16.164119 - Epoch: 0 Iteration: 139  train.loss : 6.97155  train.total_ips : 808.90 img/s
DLL 2020-09-28 13:17:16.481333 - Epoch: 0 Iteration: 140  train.loss : 6.88538  train.total_ips : 807.18 img/s
DLL 2020-09-28 13:17:16.800881 - Epoch: 0 Iteration: 141  train.loss : 6.93243  train.total_ips : 801.32 img/s
DLL 2020-09-28 13:17:17.117775 - Epoch: 0 Iteration: 142  train.loss : 6.84424  train.total_ips : 807.98 img/s
DLL 2020-09-28 13:17:17.434963 - Epoch: 0 Iteration: 143  train.loss : 6.93982  train.total_ips : 807.24 img/s
DLL 2020-09-28 13:17:17.751414 - Epoch: 0 Iteration: 144  train.loss : 6.91140  train.total_ips : 809.12 img/s
DLL 2020-09-28 13:17:18.068728 - Epoch: 0 Iteration: 145  train.loss : 6.94443  train.total_ips : 806.93 img/s
DLL 2020-09-28 13:17:18.385457 - Epoch: 0 Iteration: 146  train.loss : 6.92115  train.total_ips : 808.66 img/s
DLL 2020-09-28 13:17:18.702589 - Epoch: 0 Iteration: 147  train.loss : 6.90312  train.total_ips : 807.38 img/s
DLL 2020-09-28 13:17:19.019505 - Epoch: 0 Iteration: 148  train.loss : 6.95691  train.total_ips : 807.94 img/s
DLL 2020-09-28 13:17:19.336200 - Epoch: 0 Iteration: 149  train.loss : 6.91796  train.total_ips : 808.50 img/s
DLL 2020-09-28 13:17:19.653273 - Epoch: 0  train.loss : 6.94691  train.total_ips : 796.74 img/s
DLL 2020-09-28 13:17:19.653406 - Epoch: 0  lr : 0.032  train.compute_ips : 799.42 img/s train.data_time : 0.00107 s train.compute_time : 0.39198 s
DLL 2020-09-28 13:17:19.653506 - Summary: train.loss : 6.94691  train.total_ips : 796.74 img/s
DLL 2020-09-28 13:17:19.653550 - Summary: lr : 0.032  train.compute_ips : 799.42 img/s train.data_time : 0.00107 s train.compute_time : 0.39198 s
Experiment ended
['/opt/conda/bin/python', '-u', '/workspace/rn50/main.py', '--data-backend', 'dali-cpu', '--raport-file', '/workspace/rn50/raport.json', '-j8', '-p', '1', '--lr', '0.256', '--optimizer-batch-size', '-1', '--warmup', '8', '--arch', 'resnet50', '-c', 'fanin', '--label-smoothing', '0.1', '--lr-schedule', 'cosine', '--mom', '0.125', '--wd', '3.0517578125e-05', '--workspace', '/workspace/rn50', '-b', '256', '--epochs', '1', '--prof', '150', '--training-only', '--no-checkpoints', '--amp', '--dynamic-loss-scale', '/data/image']
