+ python /workspace/rn50/multiproc.py --nnodes 1 --node_rank 0 --nproc_per_node 1 --master_addr 127.0.0.1 --master_port=29500 /workspace/rn50/main.py --data-backend dali-cpu --raport-file /workspace/rn50/raport.json -j8 -p 1 --lr 0.256 --optimizer-batch-size -1 --warmup 8 --arch resnet50 -c fanin --label-smoothing 0.1 --lr-schedule cosine --mom 0.125 --wd 3.0517578125e-05 --workspace /workspace/rn50 -b 256 --epochs 1 --prof 150 --training-only --no-checkpoints --amp --dynamic-loss-scale /data/image
=> creating model '('resnet50', 'fanin', 1000)'
Version: {'net': <class 'image_classification.resnet.ResNet'>, 'block': <class 'image_classification.resnet.Bottleneck'>, 'layers': [3, 4, 6, 3], 'widths': [64, 128, 256, 512], 'expansion': 4}
Config: {'conv': <class 'torch.nn.modules.conv.Conv2d'>, 'conv_init': 'fan_in', 'nonlinearity': 'relu', 'last_bn_0_init': False, 'activation': <function <lambda> at 0x7f88cb3709d8>}
Num classes: 1000
i'm not distributed in dali
read 3545488 files from 2792 directories
read 50000 files from 1000 directories
DLL 2020-09-28 13:14:41.156852 - PARAMETER data : /data/image  data_backend : dali-cpu  arch : resnet50  model_config : fanin  num_classes : 1000  workers : 8  epochs : 1  run_epochs : -1  batch_size : 256  optimizer_batch_size : -1  lr : 0.256  lr_schedule : cosine  warmup : 8  label_smoothing : 0.1  mixup : 0.0  momentum : 0.125  weight_decay : 3.0517578125e-05  bn_weight_decay : False  nesterov : False  print_freq : 1  resume : None  pretrained_weights :   fp16 : False  static_loss_scale : 1  dynamic_loss_scale : True  prof : 150  amp : True  seed : None  gather_checkpoints : False  raport_file : /workspace/rn50/raport.json  evaluate : False  training_only : True  save_checkpoints : False  checkpoint_filename : checkpoint.pth.tar  workspace : /workspace/rn50  memory_format : nchw  distributed : False  local_rank : 0  gpu : 0  world_size : 1 
 ! Weight decay NOT applied to BN parameters 
98
63
Selected optimization level O1:  Insert automatic casts around Pytorch functions and Tensor methods.

Defaults for this optimization level are:
enabled                : True
opt_level              : O1
cast_model_type        : None
patch_torch_functions  : True
keep_batchnorm_fp32    : None
master_weights         : None
loss_scale             : dynamic
Processing user overrides (additional kwargs that are not None)...
After processing overrides, optimization options are:
enabled                : True
opt_level              : O1
cast_model_type        : None
patch_torch_functions  : True
keep_batchnorm_fp32    : None
master_weights         : None
loss_scale             : dynamic
RUNNING EPOCHS FROM 0 TO 1
DLL 2020-09-28 13:14:52.584189 - Epoch: 0 Iteration: 1  train.loss : 6.99873  train.total_ips : 22.44 img/s
DLL 2020-09-28 13:14:52.908973 - Epoch: 0 Iteration: 2  train.loss : 7.08745  train.total_ips : 788.19 img/s
DLL 2020-09-28 13:14:53.227094 - Epoch: 0 Iteration: 3  train.loss : 6.99104  train.total_ips : 804.92 img/s
DLL 2020-09-28 13:14:53.554309 - Epoch: 0 Iteration: 4  train.loss : 6.97823  train.total_ips : 782.59 img/s
DLL 2020-09-28 13:14:53.871611 - Epoch: 0 Iteration: 5  train.loss : 6.97237  train.total_ips : 806.98 img/s
DLL 2020-09-28 13:14:54.193652 - Epoch: 0 Iteration: 6  train.loss : 7.02351  train.total_ips : 795.14 img/s
DLL 2020-09-28 13:14:54.509942 - Epoch: 0 Iteration: 7  train.loss : 6.96941  train.total_ips : 809.52 img/s
DLL 2020-09-28 13:14:54.843692 - Epoch: 0 Iteration: 8  train.loss : 7.04026  train.total_ips : 767.25 img/s
DLL 2020-09-28 13:14:55.164951 - Epoch: 0 Iteration: 9  train.loss : 6.96398  train.total_ips : 797.23 img/s
DLL 2020-09-28 13:14:55.489582 - Epoch: 0 Iteration: 10  train.loss : 6.91860  train.total_ips : 788.87 img/s
DLL 2020-09-28 13:14:55.806062 - Epoch: 0 Iteration: 11  train.loss : 6.99805  train.total_ips : 809.37 img/s
DLL 2020-09-28 13:14:56.136252 - Epoch: 0 Iteration: 12  train.loss : 6.97251  train.total_ips : 775.49 img/s
DLL 2020-09-28 13:14:56.455960 - Epoch: 0 Iteration: 13  train.loss : 6.98437  train.total_ips : 800.86 img/s
DLL 2020-09-28 13:14:56.775165 - Epoch: 0 Iteration: 14  train.loss : 7.01011  train.total_ips : 802.13 img/s
DLL 2020-09-28 13:14:57.094504 - Epoch: 0 Iteration: 15  train.loss : 6.94065  train.total_ips : 801.87 img/s
DLL 2020-09-28 13:14:57.411411 - Epoch: 0 Iteration: 16  train.loss : 6.99558  train.total_ips : 808.15 img/s
DLL 2020-09-28 13:14:57.728466 - Epoch: 0 Iteration: 17  train.loss : 6.97067  train.total_ips : 807.54 img/s
DLL 2020-09-28 13:14:58.044843 - Epoch: 0 Iteration: 18  train.loss : 6.95228  train.total_ips : 809.32 img/s
DLL 2020-09-28 13:14:58.360621 - Epoch: 0 Iteration: 19  train.loss : 6.94783  train.total_ips : 810.85 img/s
DLL 2020-09-28 13:14:58.677299 - Epoch: 0 Iteration: 20  train.loss : 6.98521  train.total_ips : 808.72 img/s
DLL 2020-09-28 13:14:58.993958 - Epoch: 0 Iteration: 21  train.loss : 6.93893  train.total_ips : 808.58 img/s
DLL 2020-09-28 13:14:59.310924 - Epoch: 0 Iteration: 22  train.loss : 6.91766  train.total_ips : 807.83 img/s
DLL 2020-09-28 13:14:59.628358 - Epoch: 0 Iteration: 23  train.loss : 6.96033  train.total_ips : 806.65 img/s
DLL 2020-09-28 13:14:59.943680 - Epoch: 0 Iteration: 24  train.loss : 6.97680  train.total_ips : 812.01 img/s
DLL 2020-09-28 13:15:00.261063 - Epoch: 0 Iteration: 25  train.loss : 6.95708  train.total_ips : 807.36 img/s
DLL 2020-09-28 13:15:00.578641 - Epoch: 0 Iteration: 26  train.loss : 6.93786  train.total_ips : 806.02 img/s
DLL 2020-09-28 13:15:00.895192 - Epoch: 0 Iteration: 27  train.loss : 6.95324  train.total_ips : 808.86 img/s
DLL 2020-09-28 13:15:01.211570 - Epoch: 0 Iteration: 28  train.loss : 6.98139  train.total_ips : 809.31 img/s
DLL 2020-09-28 13:15:01.528345 - Epoch: 0 Iteration: 29  train.loss : 6.91802  train.total_ips : 808.33 img/s
DLL 2020-09-28 13:15:01.844339 - Epoch: 0 Iteration: 30  train.loss : 6.99616  train.total_ips : 810.29 img/s
DLL 2020-09-28 13:15:02.163316 - Epoch: 0 Iteration: 31  train.loss : 6.91265  train.total_ips : 802.80 img/s
DLL 2020-09-28 13:15:02.479601 - Epoch: 0 Iteration: 32  train.loss : 6.95882  train.total_ips : 809.56 img/s
DLL 2020-09-28 13:15:02.798716 - Epoch: 0 Iteration: 33  train.loss : 6.95344  train.total_ips : 802.44 img/s
DLL 2020-09-28 13:15:03.115139 - Epoch: 0 Iteration: 34  train.loss : 6.93311  train.total_ips : 809.15 img/s
DLL 2020-09-28 13:15:03.433741 - Epoch: 0 Iteration: 35  train.loss : 6.92870  train.total_ips : 803.69 img/s
DLL 2020-09-28 13:15:03.750320 - Epoch: 0 Iteration: 36  train.loss : 6.89957  train.total_ips : 808.78 img/s
DLL 2020-09-28 13:15:04.066308 - Epoch: 0 Iteration: 37  train.loss : 6.91494  train.total_ips : 810.34 img/s
DLL 2020-09-28 13:15:04.385124 - Epoch: 0 Iteration: 38  train.loss : 6.96728  train.total_ips : 803.14 img/s
DLL 2020-09-28 13:15:04.701469 - Epoch: 0 Iteration: 39  train.loss : 6.99089  train.total_ips : 809.54 img/s
DLL 2020-09-28 13:15:05.018362 - Epoch: 0 Iteration: 40  train.loss : 6.92208  train.total_ips : 807.94 img/s
DLL 2020-09-28 13:15:05.335338 - Epoch: 0 Iteration: 41  train.loss : 6.96154  train.total_ips : 807.81 img/s
DLL 2020-09-28 13:15:05.651872 - Epoch: 0 Iteration: 42  train.loss : 6.97510  train.total_ips : 808.91 img/s
DLL 2020-09-28 13:15:05.967503 - Epoch: 0 Iteration: 43  train.loss : 6.96729  train.total_ips : 811.23 img/s
DLL 2020-09-28 13:15:06.284776 - Epoch: 0 Iteration: 44  train.loss : 6.92570  train.total_ips : 807.07 img/s
DLL 2020-09-28 13:15:06.601093 - Epoch: 0 Iteration: 45  train.loss : 6.93535  train.total_ips : 809.46 img/s
DLL 2020-09-28 13:15:06.917742 - Epoch: 0 Iteration: 46  train.loss : 6.92914  train.total_ips : 808.62 img/s
DLL 2020-09-28 13:15:07.235961 - Epoch: 0 Iteration: 47  train.loss : 6.95232  train.total_ips : 804.65 img/s
DLL 2020-09-28 13:15:07.551451 - Epoch: 0 Iteration: 48  train.loss : 6.93057  train.total_ips : 811.58 img/s
DLL 2020-09-28 13:15:07.867722 - Epoch: 0 Iteration: 49  train.loss : 6.94557  train.total_ips : 809.59 img/s
DLL 2020-09-28 13:15:08.187001 - Epoch: 0 Iteration: 50  train.loss : 6.91265  train.total_ips : 802.00 img/s
DLL 2020-09-28 13:15:08.503401 - Epoch: 0 Iteration: 51  train.loss : 6.97946  train.total_ips : 809.25 img/s
DLL 2020-09-28 13:15:08.819732 - Epoch: 0 Iteration: 52  train.loss : 6.95848  train.total_ips : 809.43 img/s
DLL 2020-09-28 13:15:09.135509 - Epoch: 0 Iteration: 53  train.loss : 6.94970  train.total_ips : 810.87 img/s
DLL 2020-09-28 13:15:09.451323 - Epoch: 0 Iteration: 54  train.loss : 6.95691  train.total_ips : 810.74 img/s
DLL 2020-09-28 13:15:09.767908 - Epoch: 0 Iteration: 55  train.loss : 6.90455  train.total_ips : 808.81 img/s
DLL 2020-09-28 13:15:10.084843 - Epoch: 0 Iteration: 56  train.loss : 6.93449  train.total_ips : 807.91 img/s
DLL 2020-09-28 13:15:10.401896 - Epoch: 0 Iteration: 57  train.loss : 6.95050  train.total_ips : 807.59 img/s
DLL 2020-09-28 13:15:10.718671 - Epoch: 0 Iteration: 58  train.loss : 6.96501  train.total_ips : 808.31 img/s
DLL 2020-09-28 13:15:11.035120 - Epoch: 0 Iteration: 59  train.loss : 6.92304  train.total_ips : 809.13 img/s
DLL 2020-09-28 13:15:11.351276 - Epoch: 0 Iteration: 60  train.loss : 6.92411  train.total_ips : 809.91 img/s
DLL 2020-09-28 13:15:11.668086 - Epoch: 0 Iteration: 61  train.loss : 6.97130  train.total_ips : 808.23 img/s
DLL 2020-09-28 13:15:11.984524 - Epoch: 0 Iteration: 62  train.loss : 6.94544  train.total_ips : 809.15 img/s
DLL 2020-09-28 13:15:12.300744 - Epoch: 0 Iteration: 63  train.loss : 6.92735  train.total_ips : 809.72 img/s
DLL 2020-09-28 13:15:12.619946 - Epoch: 0 Iteration: 64  train.loss : 6.92068  train.total_ips : 802.17 img/s
DLL 2020-09-28 13:15:12.936542 - Epoch: 0 Iteration: 65  train.loss : 6.93191  train.total_ips : 808.76 img/s
DLL 2020-09-28 13:15:13.253171 - Epoch: 0 Iteration: 66  train.loss : 6.97901  train.total_ips : 808.68 img/s
DLL 2020-09-28 13:15:13.569933 - Epoch: 0 Iteration: 67  train.loss : 6.95050  train.total_ips : 808.35 img/s
DLL 2020-09-28 13:15:13.886608 - Epoch: 0 Iteration: 68  train.loss : 6.90748  train.total_ips : 808.64 img/s
DLL 2020-09-28 13:15:14.204993 - Epoch: 0 Iteration: 69  train.loss : 6.95161  train.total_ips : 804.25 img/s
DLL 2020-09-28 13:15:14.521620 - Epoch: 0 Iteration: 70  train.loss : 6.97007  train.total_ips : 808.63 img/s
DLL 2020-09-28 13:15:14.838396 - Epoch: 0 Iteration: 71  train.loss : 6.99259  train.total_ips : 808.30 img/s
DLL 2020-09-28 13:15:15.154742 - Epoch: 0 Iteration: 72  train.loss : 6.97665  train.total_ips : 809.42 img/s
DLL 2020-09-28 13:15:15.471046 - Epoch: 0 Iteration: 73  train.loss : 6.92624  train.total_ips : 809.51 img/s
DLL 2020-09-28 13:15:15.787459 - Epoch: 0 Iteration: 74  train.loss : 6.99074  train.total_ips : 809.24 img/s
DLL 2020-09-28 13:15:16.104999 - Epoch: 0 Iteration: 75  train.loss : 6.95527  train.total_ips : 806.35 img/s
DLL 2020-09-28 13:15:16.421524 - Epoch: 0 Iteration: 76  train.loss : 6.93010  train.total_ips : 808.94 img/s
DLL 2020-09-28 13:15:16.737660 - Epoch: 0 Iteration: 77  train.loss : 6.95224  train.total_ips : 809.93 img/s
DLL 2020-09-28 13:15:17.054124 - Epoch: 0 Iteration: 78  train.loss : 6.94427  train.total_ips : 809.08 img/s
DLL 2020-09-28 13:15:17.370100 - Epoch: 0 Iteration: 79  train.loss : 6.89447  train.total_ips : 810.34 img/s
DLL 2020-09-28 13:15:17.686597 - Epoch: 0 Iteration: 80  train.loss : 6.91768  train.total_ips : 809.01 img/s
DLL 2020-09-28 13:15:18.003284 - Epoch: 0 Iteration: 81  train.loss : 6.96048  train.total_ips : 808.59 img/s
DLL 2020-09-28 13:15:18.319808 - Epoch: 0 Iteration: 82  train.loss : 6.93573  train.total_ips : 808.93 img/s
DLL 2020-09-28 13:15:18.635810 - Epoch: 0 Iteration: 83  train.loss : 6.95373  train.total_ips : 810.27 img/s
DLL 2020-09-28 13:15:18.952406 - Epoch: 0 Iteration: 84  train.loss : 6.90659  train.total_ips : 808.76 img/s
DLL 2020-09-28 13:15:19.269302 - Epoch: 0 Iteration: 85  train.loss : 6.92563  train.total_ips : 807.98 img/s
DLL 2020-09-28 13:15:19.584920 - Epoch: 0 Iteration: 86  train.loss : 6.98721  train.total_ips : 811.25 img/s
DLL 2020-09-28 13:15:19.901551 - Epoch: 0 Iteration: 87  train.loss : 6.93363  train.total_ips : 808.66 img/s
DLL 2020-09-28 13:15:20.218050 - Epoch: 0 Iteration: 88  train.loss : 6.91029  train.total_ips : 809.00 img/s
DLL 2020-09-28 13:15:20.534201 - Epoch: 0 Iteration: 89  train.loss : 6.92185  train.total_ips : 809.90 img/s
DLL 2020-09-28 13:15:20.851025 - Epoch: 0 Iteration: 90  train.loss : 6.90251  train.total_ips : 808.20 img/s
DLL 2020-09-28 13:15:21.166920 - Epoch: 0 Iteration: 91  train.loss : 6.92874  train.total_ips : 810.57 img/s
DLL 2020-09-28 13:15:21.482967 - Epoch: 0 Iteration: 92  train.loss : 6.94699  train.total_ips : 810.15 img/s
DLL 2020-09-28 13:15:21.799286 - Epoch: 0 Iteration: 93  train.loss : 6.92679  train.total_ips : 809.47 img/s
DLL 2020-09-28 13:15:22.123379 - Epoch: 0 Iteration: 94  train.loss : 6.93862  train.total_ips : 790.16 img/s
DLL 2020-09-28 13:15:22.440379 - Epoch: 0 Iteration: 95  train.loss : 6.96134  train.total_ips : 807.66 img/s
DLL 2020-09-28 13:15:22.756704 - Epoch: 0 Iteration: 96  train.loss : 6.94472  train.total_ips : 809.47 img/s
DLL 2020-09-28 13:15:23.075234 - Epoch: 0 Iteration: 97  train.loss : 6.88400  train.total_ips : 803.87 img/s
DLL 2020-09-28 13:15:23.391816 - Epoch: 0 Iteration: 98  train.loss : 6.99138  train.total_ips : 808.78 img/s
DLL 2020-09-28 13:15:23.707874 - Epoch: 0 Iteration: 99  train.loss : 6.99091  train.total_ips : 810.13 img/s
DLL 2020-09-28 13:15:24.024599 - Epoch: 0 Iteration: 100  train.loss : 6.96065  train.total_ips : 808.41 img/s
DLL 2020-09-28 13:15:24.340903 - Epoch: 0 Iteration: 101  train.loss : 6.93172  train.total_ips : 809.49 img/s
DLL 2020-09-28 13:15:24.657314 - Epoch: 0 Iteration: 102  train.loss : 6.92178  train.total_ips : 809.23 img/s
DLL 2020-09-28 13:15:24.974109 - Epoch: 0 Iteration: 103  train.loss : 6.93832  train.total_ips : 808.24 img/s
DLL 2020-09-28 13:15:25.290941 - Epoch: 0 Iteration: 104  train.loss : 6.97222  train.total_ips : 808.15 img/s
DLL 2020-09-28 13:15:25.607491 - Epoch: 0 Iteration: 105  train.loss : 6.89559  train.total_ips : 808.86 img/s
DLL 2020-09-28 13:15:25.924143 - Epoch: 0 Iteration: 106  train.loss : 6.93536  train.total_ips : 808.60 img/s
DLL 2020-09-28 13:15:26.241923 - Epoch: 0 Iteration: 107  train.loss : 6.87755  train.total_ips : 805.81 img/s
DLL 2020-09-28 13:15:26.562713 - Epoch: 0 Iteration: 108  train.loss : 6.97074  train.total_ips : 798.22 img/s
DLL 2020-09-28 13:15:26.881804 - Epoch: 0 Iteration: 109  train.loss : 6.92683  train.total_ips : 802.43 img/s
DLL 2020-09-28 13:15:27.204721 - Epoch: 0 Iteration: 110  train.loss : 6.96558  train.total_ips : 792.97 img/s
DLL 2020-09-28 13:15:27.524506 - Epoch: 0 Iteration: 111  train.loss : 6.93536  train.total_ips : 800.69 img/s
DLL 2020-09-28 13:15:27.841171 - Epoch: 0 Iteration: 112  train.loss : 6.93302  train.total_ips : 808.59 img/s
DLL 2020-09-28 13:15:28.157741 - Epoch: 0 Iteration: 113  train.loss : 6.91390  train.total_ips : 808.96 img/s
DLL 2020-09-28 13:15:28.474959 - Epoch: 0 Iteration: 114  train.loss : 6.96946  train.total_ips : 807.13 img/s
DLL 2020-09-28 13:15:28.791632 - Epoch: 0 Iteration: 115  train.loss : 6.92655  train.total_ips : 808.62 img/s
DLL 2020-09-28 13:15:29.108103 - Epoch: 0 Iteration: 116  train.loss : 6.98815  train.total_ips : 809.05 img/s
DLL 2020-09-28 13:15:29.424422 - Epoch: 0 Iteration: 117  train.loss : 7.00509  train.total_ips : 809.48 img/s
DLL 2020-09-28 13:15:29.744857 - Epoch: 0 Iteration: 118  train.loss : 6.88606  train.total_ips : 799.12 img/s
DLL 2020-09-28 13:15:30.065247 - Epoch: 0 Iteration: 119  train.loss : 6.91815  train.total_ips : 799.21 img/s
DLL 2020-09-28 13:15:30.384942 - Epoch: 0 Iteration: 120  train.loss : 6.91212  train.total_ips : 800.98 img/s
DLL 2020-09-28 13:15:30.701727 - Epoch: 0 Iteration: 121  train.loss : 6.96528  train.total_ips : 808.25 img/s
DLL 2020-09-28 13:15:31.030134 - Epoch: 0 Iteration: 122  train.loss : 6.95915  train.total_ips : 779.79 img/s
DLL 2020-09-28 13:15:31.350118 - Epoch: 0 Iteration: 123  train.loss : 6.95985  train.total_ips : 800.15 img/s
DLL 2020-09-28 13:15:31.667399 - Epoch: 0 Iteration: 124  train.loss : 6.93429  train.total_ips : 807.08 img/s
DLL 2020-09-28 13:15:31.983340 - Epoch: 0 Iteration: 125  train.loss : 6.93770  train.total_ips : 810.42 img/s
DLL 2020-09-28 13:15:32.301910 - Epoch: 0 Iteration: 126  train.loss : 6.91989  train.total_ips : 803.74 img/s
DLL 2020-09-28 13:15:32.619617 - Epoch: 0 Iteration: 127  train.loss : 6.97315  train.total_ips : 805.92 img/s
DLL 2020-09-28 13:15:32.935931 - Epoch: 0 Iteration: 128  train.loss : 6.91597  train.total_ips : 809.52 img/s
DLL 2020-09-28 13:15:33.252848 - Epoch: 0 Iteration: 129  train.loss : 6.92110  train.total_ips : 808.07 img/s
DLL 2020-09-28 13:15:33.569829 - Epoch: 0 Iteration: 130  train.loss : 6.93314  train.total_ips : 807.78 img/s
DLL 2020-09-28 13:15:33.886463 - Epoch: 0 Iteration: 131  train.loss : 6.91297  train.total_ips : 808.63 img/s
DLL 2020-09-28 13:15:34.203448 - Epoch: 0 Iteration: 132  train.loss : 6.92124  train.total_ips : 807.76 img/s
DLL 2020-09-28 13:15:34.520755 - Epoch: 0 Iteration: 133  train.loss : 6.90908  train.total_ips : 807.03 img/s
DLL 2020-09-28 13:15:34.839531 - Epoch: 0 Iteration: 134  train.loss : 6.93657  train.total_ips : 803.22 img/s
DLL 2020-09-28 13:15:35.156638 - Epoch: 0 Iteration: 135  train.loss : 6.91337  train.total_ips : 807.45 img/s
DLL 2020-09-28 13:15:35.473597 - Epoch: 0 Iteration: 136  train.loss : 6.93953  train.total_ips : 807.83 img/s
DLL 2020-09-28 13:15:35.791490 - Epoch: 0 Iteration: 137  train.loss : 6.91238  train.total_ips : 805.47 img/s
DLL 2020-09-28 13:15:36.108566 - Epoch: 0 Iteration: 138  train.loss : 6.96574  train.total_ips : 807.53 img/s
DLL 2020-09-28 13:15:36.425330 - Epoch: 0 Iteration: 139  train.loss : 6.96070  train.total_ips : 808.36 img/s
DLL 2020-09-28 13:15:36.741472 - Epoch: 0 Iteration: 140  train.loss : 6.89809  train.total_ips : 810.05 img/s
DLL 2020-09-28 13:15:37.058106 - Epoch: 0 Iteration: 141  train.loss : 6.91525  train.total_ips : 808.60 img/s
DLL 2020-09-28 13:15:37.374760 - Epoch: 0 Iteration: 142  train.loss : 6.85501  train.total_ips : 808.62 img/s
DLL 2020-09-28 13:15:37.694066 - Epoch: 0 Iteration: 143  train.loss : 6.91886  train.total_ips : 801.92 img/s
DLL 2020-09-28 13:15:38.011259 - Epoch: 0 Iteration: 144  train.loss : 6.90668  train.total_ips : 807.23 img/s
DLL 2020-09-28 13:15:38.333320 - Epoch: 0 Iteration: 145  train.loss : 6.95409  train.total_ips : 797.38 img/s
DLL 2020-09-28 13:15:38.653769 - Epoch: 0 Iteration: 146  train.loss : 6.92406  train.total_ips : 799.12 img/s
DLL 2020-09-28 13:15:38.973916 - Epoch: 0 Iteration: 147  train.loss : 6.90452  train.total_ips : 799.79 img/s
DLL 2020-09-28 13:15:39.290514 - Epoch: 0 Iteration: 148  train.loss : 6.94607  train.total_ips : 808.76 img/s
DLL 2020-09-28 13:15:39.607630 - Epoch: 0 Iteration: 149  train.loss : 6.91714  train.total_ips : 807.46 img/s
DLL 2020-09-28 13:15:39.924693 - Epoch: 0  train.loss : 6.94581  train.total_ips : 800.76 img/s
DLL 2020-09-28 13:15:39.924900 - Epoch: 0  lr : 0.032  train.compute_ips : 803.64 img/s train.data_time : 0.00113 s train.compute_time : 0.39043 s
DLL 2020-09-28 13:15:39.925027 - Summary: train.loss : 6.94581  train.total_ips : 800.76 img/s
DLL 2020-09-28 13:15:39.925073 - Summary: lr : 0.032  train.compute_ips : 803.64 img/s train.data_time : 0.00113 s train.compute_time : 0.39043 s
Experiment ended
['/opt/conda/bin/python', '-u', '/workspace/rn50/main.py', '--data-backend', 'dali-cpu', '--raport-file', '/workspace/rn50/raport.json', '-j8', '-p', '1', '--lr', '0.256', '--optimizer-batch-size', '-1', '--warmup', '8', '--arch', 'resnet50', '-c', 'fanin', '--label-smoothing', '0.1', '--lr-schedule', 'cosine', '--mom', '0.125', '--wd', '3.0517578125e-05', '--workspace', '/workspace/rn50', '-b', '256', '--epochs', '1', '--prof', '150', '--training-only', '--no-checkpoints', '--amp', '--dynamic-loss-scale', '/data/image']
