+ python /workspace/rn50/multiproc.py --nnodes 1 --node_rank 0 --nproc_per_node 1 --master_addr 127.0.0.1 --master_port=29500 /workspace/rn50/main.py --data-backend dali-cpu --raport-file /workspace/rn50/raport.json -j5 -p 1 --lr 0.128 --optimizer-batch-size -1 --warmup 8 --arch resnet50 -c fanin --label-smoothing 0.1 --lr-schedule cosine --mom 0.125 --wd 3.0517578125e-05 --workspace /workspace/rn50 -b 128 --epochs 1 --prof 150 --training-only --no-checkpoints /data/image
=> creating model '('resnet50', 'fanin', 1000)'
Version: {'net': <class 'image_classification.resnet.ResNet'>, 'block': <class 'image_classification.resnet.Bottleneck'>, 'layers': [3, 4, 6, 3], 'widths': [64, 128, 256, 512], 'expansion': 4}
Config: {'conv': <class 'torch.nn.modules.conv.Conv2d'>, 'conv_init': 'fan_in', 'nonlinearity': 'relu', 'last_bn_0_init': False, 'activation': <function <lambda> at 0x7f109bdaa9d8>}
Num classes: 1000
i'm not distributed in dali
read 3545488 files from 2792 directories
read 50000 files from 1000 directories
DLL 2020-10-03 22:57:32.011467 - PARAMETER data : /data/image  data_backend : dali-cpu  arch : resnet50  model_config : fanin  num_classes : 1000  workers : 5  epochs : 1  run_epochs : -1  batch_size : 128  optimizer_batch_size : -1  lr : 0.128  lr_schedule : cosine  warmup : 8  label_smoothing : 0.1  mixup : 0.0  momentum : 0.125  weight_decay : 3.0517578125e-05  bn_weight_decay : False  nesterov : False  print_freq : 1  resume : None  pretrained_weights :   fp16 : False  static_loss_scale : 1  dynamic_loss_scale : False  prof : 150  amp : False  seed : None  gather_checkpoints : False  raport_file : /workspace/rn50/raport.json  evaluate : False  training_only : True  save_checkpoints : False  checkpoint_filename : checkpoint.pth.tar  workspace : /workspace/rn50  memory_format : nchw  distributed : False  local_rank : 0  gpu : 0  world_size : 1 
 ! Weight decay NOT applied to BN parameters 
98
63
RUNNING EPOCHS FROM 0 TO 1
DLL 2020-10-03 22:57:39.635187 - Epoch: 0 Iteration: 1  train.loss : 7.03444  train.total_ips : 16.81 img/s
DLL 2020-10-03 22:57:39.989565 - Epoch: 0 Iteration: 2  train.loss : 6.98140  train.total_ips : 361.20 img/s
DLL 2020-10-03 22:57:40.338664 - Epoch: 0 Iteration: 3  train.loss : 6.99134  train.total_ips : 366.72 img/s
DLL 2020-10-03 22:57:40.686013 - Epoch: 0 Iteration: 4  train.loss : 7.00524  train.total_ips : 368.54 img/s
DLL 2020-10-03 22:57:41.033492 - Epoch: 0 Iteration: 5  train.loss : 6.99776  train.total_ips : 368.43 img/s
DLL 2020-10-03 22:57:41.378005 - Epoch: 0 Iteration: 6  train.loss : 6.93059  train.total_ips : 371.59 img/s
DLL 2020-10-03 22:57:41.726227 - Epoch: 0 Iteration: 7  train.loss : 7.01985  train.total_ips : 367.64 img/s
DLL 2020-10-03 22:57:42.072866 - Epoch: 0 Iteration: 8  train.loss : 6.96232  train.total_ips : 369.38 img/s
DLL 2020-10-03 22:57:42.419515 - Epoch: 0 Iteration: 9  train.loss : 6.94426  train.total_ips : 369.34 img/s
DLL 2020-10-03 22:57:42.766243 - Epoch: 0 Iteration: 10  train.loss : 6.96229  train.total_ips : 369.35 img/s
DLL 2020-10-03 22:57:43.115258 - Epoch: 0 Iteration: 11  train.loss : 7.02220  train.total_ips : 366.85 img/s
DLL 2020-10-03 22:57:43.462689 - Epoch: 0 Iteration: 12  train.loss : 6.98246  train.total_ips : 368.50 img/s
DLL 2020-10-03 22:57:43.810129 - Epoch: 0 Iteration: 13  train.loss : 7.03849  train.total_ips : 368.51 img/s
DLL 2020-10-03 22:57:44.157635 - Epoch: 0 Iteration: 14  train.loss : 6.93077  train.total_ips : 368.54 img/s
DLL 2020-10-03 22:57:44.504890 - Epoch: 0 Iteration: 15  train.loss : 6.95268  train.total_ips : 368.72 img/s
DLL 2020-10-03 22:57:44.854742 - Epoch: 0 Iteration: 16  train.loss : 6.95147  train.total_ips : 365.91 img/s
DLL 2020-10-03 22:57:45.203567 - Epoch: 0 Iteration: 17  train.loss : 6.93642  train.total_ips : 368.04 img/s
DLL 2020-10-03 22:57:45.551970 - Epoch: 0 Iteration: 18  train.loss : 6.92788  train.total_ips : 366.54 img/s
DLL 2020-10-03 22:57:45.900713 - Epoch: 0 Iteration: 19  train.loss : 6.93348  train.total_ips : 367.18 img/s
DLL 2020-10-03 22:57:46.249140 - Epoch: 0 Iteration: 20  train.loss : 6.91039  train.total_ips : 367.48 img/s
DLL 2020-10-03 22:57:46.597375 - Epoch: 0 Iteration: 21  train.loss : 6.91769  train.total_ips : 367.64 img/s
DLL 2020-10-03 22:57:46.944503 - Epoch: 0 Iteration: 22  train.loss : 6.97835  train.total_ips : 368.82 img/s
DLL 2020-10-03 22:57:47.291736 - Epoch: 0 Iteration: 23  train.loss : 6.90930  train.total_ips : 368.72 img/s
DLL 2020-10-03 22:57:47.639851 - Epoch: 0 Iteration: 24  train.loss : 7.01088  train.total_ips : 367.78 img/s
DLL 2020-10-03 22:57:47.988324 - Epoch: 0 Iteration: 25  train.loss : 6.93684  train.total_ips : 367.47 img/s
DLL 2020-10-03 22:57:48.337593 - Epoch: 0 Iteration: 26  train.loss : 6.95290  train.total_ips : 366.61 img/s
DLL 2020-10-03 22:57:48.686094 - Epoch: 0 Iteration: 27  train.loss : 6.89031  train.total_ips : 367.35 img/s
DLL 2020-10-03 22:57:49.034784 - Epoch: 0 Iteration: 28  train.loss : 6.98047  train.total_ips : 367.21 img/s
DLL 2020-10-03 22:57:49.383015 - Epoch: 0 Iteration: 29  train.loss : 6.89644  train.total_ips : 367.65 img/s
DLL 2020-10-03 22:57:49.730174 - Epoch: 0 Iteration: 30  train.loss : 6.89752  train.total_ips : 368.79 img/s
DLL 2020-10-03 22:57:50.078366 - Epoch: 0 Iteration: 31  train.loss : 6.98463  train.total_ips : 367.82 img/s
DLL 2020-10-03 22:57:50.424816 - Epoch: 0 Iteration: 32  train.loss : 6.97803  train.total_ips : 369.50 img/s
DLL 2020-10-03 22:57:50.771814 - Epoch: 0 Iteration: 33  train.loss : 6.97010  train.total_ips : 368.96 img/s
DLL 2020-10-03 22:57:51.118861 - Epoch: 0 Iteration: 34  train.loss : 6.90025  train.total_ips : 368.90 img/s
DLL 2020-10-03 22:57:51.467283 - Epoch: 0 Iteration: 35  train.loss : 6.94959  train.total_ips : 367.44 img/s
DLL 2020-10-03 22:57:51.813970 - Epoch: 0 Iteration: 36  train.loss : 6.94559  train.total_ips : 369.30 img/s
DLL 2020-10-03 22:57:52.162262 - Epoch: 0 Iteration: 37  train.loss : 7.03706  train.total_ips : 367.58 img/s
DLL 2020-10-03 22:57:52.508470 - Epoch: 0 Iteration: 38  train.loss : 6.90062  train.total_ips : 369.91 img/s
DLL 2020-10-03 22:57:52.855790 - Epoch: 0 Iteration: 39  train.loss : 6.88543  train.total_ips : 368.57 img/s
DLL 2020-10-03 22:57:53.205833 - Epoch: 0 Iteration: 40  train.loss : 6.98169  train.total_ips : 365.78 img/s
DLL 2020-10-03 22:57:53.555044 - Epoch: 0 Iteration: 41  train.loss : 6.94033  train.total_ips : 366.61 img/s
DLL 2020-10-03 22:57:53.902091 - Epoch: 0 Iteration: 42  train.loss : 6.93571  train.total_ips : 368.90 img/s
DLL 2020-10-03 22:57:54.249671 - Epoch: 0 Iteration: 43  train.loss : 6.88075  train.total_ips : 368.33 img/s
DLL 2020-10-03 22:57:54.595703 - Epoch: 0 Iteration: 44  train.loss : 6.90718  train.total_ips : 369.98 img/s
DLL 2020-10-03 22:57:54.944864 - Epoch: 0 Iteration: 45  train.loss : 6.97857  train.total_ips : 366.67 img/s
DLL 2020-10-03 22:57:55.293426 - Epoch: 0 Iteration: 46  train.loss : 6.91367  train.total_ips : 367.30 img/s
DLL 2020-10-03 22:57:55.641782 - Epoch: 0 Iteration: 47  train.loss : 6.88087  train.total_ips : 367.52 img/s
DLL 2020-10-03 22:57:55.987851 - Epoch: 0 Iteration: 48  train.loss : 7.00907  train.total_ips : 369.95 img/s
DLL 2020-10-03 22:57:56.338419 - Epoch: 0 Iteration: 49  train.loss : 6.96226  train.total_ips : 365.21 img/s
DLL 2020-10-03 22:57:56.685917 - Epoch: 0 Iteration: 50  train.loss : 6.92938  train.total_ips : 368.42 img/s
DLL 2020-10-03 22:57:57.036040 - Epoch: 0 Iteration: 51  train.loss : 6.89934  train.total_ips : 365.67 img/s
DLL 2020-10-03 22:57:57.383345 - Epoch: 0 Iteration: 52  train.loss : 6.94301  train.total_ips : 368.69 img/s
DLL 2020-10-03 22:57:57.731433 - Epoch: 0 Iteration: 53  train.loss : 6.87851  train.total_ips : 367.77 img/s
DLL 2020-10-03 22:57:58.079941 - Epoch: 0 Iteration: 54  train.loss : 6.94534  train.total_ips : 367.39 img/s
DLL 2020-10-03 22:57:58.427149 - Epoch: 0 Iteration: 55  train.loss : 7.02330  train.total_ips : 368.73 img/s
DLL 2020-10-03 22:57:58.775518 - Epoch: 0 Iteration: 56  train.loss : 6.93021  train.total_ips : 367.50 img/s
DLL 2020-10-03 22:57:59.123055 - Epoch: 0 Iteration: 57  train.loss : 6.86149  train.total_ips : 368.38 img/s
DLL 2020-10-03 22:57:59.471713 - Epoch: 0 Iteration: 58  train.loss : 6.94404  train.total_ips : 367.20 img/s
DLL 2020-10-03 22:57:59.817625 - Epoch: 0 Iteration: 59  train.loss : 6.95360  train.total_ips : 370.11 img/s
DLL 2020-10-03 22:58:00.165910 - Epoch: 0 Iteration: 60  train.loss : 6.97145  train.total_ips : 367.60 img/s
DLL 2020-10-03 22:58:00.514403 - Epoch: 0 Iteration: 61  train.loss : 6.94735  train.total_ips : 367.36 img/s
DLL 2020-10-03 22:58:00.861645 - Epoch: 0 Iteration: 62  train.loss : 6.89852  train.total_ips : 368.69 img/s
DLL 2020-10-03 22:58:01.208692 - Epoch: 0 Iteration: 63  train.loss : 6.95585  train.total_ips : 368.91 img/s
DLL 2020-10-03 22:58:01.559357 - Epoch: 0 Iteration: 64  train.loss : 6.89307  train.total_ips : 365.09 img/s
DLL 2020-10-03 22:58:01.907408 - Epoch: 0 Iteration: 65  train.loss : 6.89173  train.total_ips : 367.85 img/s
DLL 2020-10-03 22:58:02.255199 - Epoch: 0 Iteration: 66  train.loss : 6.91347  train.total_ips : 368.10 img/s
DLL 2020-10-03 22:58:02.603883 - Epoch: 0 Iteration: 67  train.loss : 6.98244  train.total_ips : 367.17 img/s
DLL 2020-10-03 22:58:02.953722 - Epoch: 0 Iteration: 68  train.loss : 6.89119  train.total_ips : 366.02 img/s
DLL 2020-10-03 22:58:03.303365 - Epoch: 0 Iteration: 69  train.loss : 6.90810  train.total_ips : 366.13 img/s
DLL 2020-10-03 22:58:03.653240 - Epoch: 0 Iteration: 70  train.loss : 6.86999  train.total_ips : 365.92 img/s
DLL 2020-10-03 22:58:04.000297 - Epoch: 0 Iteration: 71  train.loss : 6.86037  train.total_ips : 368.89 img/s
DLL 2020-10-03 22:58:04.346705 - Epoch: 0 Iteration: 72  train.loss : 6.92684  train.total_ips : 369.59 img/s
DLL 2020-10-03 22:58:04.696041 - Epoch: 0 Iteration: 73  train.loss : 6.82807  train.total_ips : 366.50 img/s
DLL 2020-10-03 22:58:05.042600 - Epoch: 0 Iteration: 74  train.loss : 6.91585  train.total_ips : 369.41 img/s
DLL 2020-10-03 22:58:05.389846 - Epoch: 0 Iteration: 75  train.loss : 6.98735  train.total_ips : 368.69 img/s
DLL 2020-10-03 22:58:05.736259 - Epoch: 0 Iteration: 76  train.loss : 6.95631  train.total_ips : 369.57 img/s
DLL 2020-10-03 22:58:06.086279 - Epoch: 0 Iteration: 77  train.loss : 6.95573  train.total_ips : 365.76 img/s
DLL 2020-10-03 22:58:06.434995 - Epoch: 0 Iteration: 78  train.loss : 7.02881  train.total_ips : 367.14 img/s
DLL 2020-10-03 22:58:06.783661 - Epoch: 0 Iteration: 79  train.loss : 6.88068  train.total_ips : 367.18 img/s
DLL 2020-10-03 22:58:07.134106 - Epoch: 0 Iteration: 80  train.loss : 6.96242  train.total_ips : 365.32 img/s
DLL 2020-10-03 22:58:07.484613 - Epoch: 0 Iteration: 81  train.loss : 6.90051  train.total_ips : 365.26 img/s
DLL 2020-10-03 22:58:07.835469 - Epoch: 0 Iteration: 82  train.loss : 7.02352  train.total_ips : 364.90 img/s
DLL 2020-10-03 22:58:08.184590 - Epoch: 0 Iteration: 83  train.loss : 6.99256  train.total_ips : 366.70 img/s
DLL 2020-10-03 22:58:08.533645 - Epoch: 0 Iteration: 84  train.loss : 6.89299  train.total_ips : 366.83 img/s
DLL 2020-10-03 22:58:08.881231 - Epoch: 0 Iteration: 85  train.loss : 6.94082  train.total_ips : 368.33 img/s
DLL 2020-10-03 22:58:09.230130 - Epoch: 0 Iteration: 86  train.loss : 6.94325  train.total_ips : 366.94 img/s
DLL 2020-10-03 22:58:09.576580 - Epoch: 0 Iteration: 87  train.loss : 6.96785  train.total_ips : 369.54 img/s
DLL 2020-10-03 22:58:09.925006 - Epoch: 0 Iteration: 88  train.loss : 6.92432  train.total_ips : 367.44 img/s
DLL 2020-10-03 22:58:10.273645 - Epoch: 0 Iteration: 89  train.loss : 6.95169  train.total_ips : 367.27 img/s
DLL 2020-10-03 22:58:10.623762 - Epoch: 0 Iteration: 90  train.loss : 6.92201  train.total_ips : 365.63 img/s
DLL 2020-10-03 22:58:10.970813 - Epoch: 0 Iteration: 91  train.loss : 6.94805  train.total_ips : 368.94 img/s
DLL 2020-10-03 22:58:11.319500 - Epoch: 0 Iteration: 92  train.loss : 6.91500  train.total_ips : 367.20 img/s
DLL 2020-10-03 22:58:11.669128 - Epoch: 0 Iteration: 93  train.loss : 6.89698  train.total_ips : 366.16 img/s
DLL 2020-10-03 22:58:12.016815 - Epoch: 0 Iteration: 94  train.loss : 6.95245  train.total_ips : 368.41 img/s
DLL 2020-10-03 22:58:12.364956 - Epoch: 0 Iteration: 95  train.loss : 6.97381  train.total_ips : 367.72 img/s
DLL 2020-10-03 22:58:12.713947 - Epoch: 0 Iteration: 96  train.loss : 6.86427  train.total_ips : 366.84 img/s
DLL 2020-10-03 22:58:13.060969 - Epoch: 0 Iteration: 97  train.loss : 6.93227  train.total_ips : 368.96 img/s
DLL 2020-10-03 22:58:13.410069 - Epoch: 0 Iteration: 98  train.loss : 6.94288  train.total_ips : 366.72 img/s
DLL 2020-10-03 22:58:13.760012 - Epoch: 0 Iteration: 99  train.loss : 6.98890  train.total_ips : 365.88 img/s
DLL 2020-10-03 22:58:14.110911 - Epoch: 0 Iteration: 100  train.loss : 6.78593  train.total_ips : 364.86 img/s
DLL 2020-10-03 22:58:14.458879 - Epoch: 0 Iteration: 101  train.loss : 7.00413  train.total_ips : 367.93 img/s
DLL 2020-10-03 22:58:14.807139 - Epoch: 0 Iteration: 102  train.loss : 6.97902  train.total_ips : 367.63 img/s
DLL 2020-10-03 22:58:15.154808 - Epoch: 0 Iteration: 103  train.loss : 6.90837  train.total_ips : 368.33 img/s
DLL 2020-10-03 22:58:15.505133 - Epoch: 0 Iteration: 104  train.loss : 6.89175  train.total_ips : 365.42 img/s
DLL 2020-10-03 22:58:15.853424 - Epoch: 0 Iteration: 105  train.loss : 6.86247  train.total_ips : 367.58 img/s
DLL 2020-10-03 22:58:16.201588 - Epoch: 0 Iteration: 106  train.loss : 6.92904  train.total_ips : 367.71 img/s
DLL 2020-10-03 22:58:16.551234 - Epoch: 0 Iteration: 107  train.loss : 6.89993  train.total_ips : 366.16 img/s
DLL 2020-10-03 22:58:16.900796 - Epoch: 0 Iteration: 108  train.loss : 6.91506  train.total_ips : 366.24 img/s
DLL 2020-10-03 22:58:17.249519 - Epoch: 0 Iteration: 109  train.loss : 6.85150  train.total_ips : 367.12 img/s
DLL 2020-10-03 22:58:17.599982 - Epoch: 0 Iteration: 110  train.loss : 6.83558  train.total_ips : 365.30 img/s
DLL 2020-10-03 22:58:17.948261 - Epoch: 0 Iteration: 111  train.loss : 6.85832  train.total_ips : 367.59 img/s
DLL 2020-10-03 22:58:18.294986 - Epoch: 0 Iteration: 112  train.loss : 6.94374  train.total_ips : 369.25 img/s
DLL 2020-10-03 22:58:18.645260 - Epoch: 0 Iteration: 113  train.loss : 6.91419  train.total_ips : 365.50 img/s
DLL 2020-10-03 22:58:18.993731 - Epoch: 0 Iteration: 114  train.loss : 6.94245  train.total_ips : 367.39 img/s
DLL 2020-10-03 22:58:19.344243 - Epoch: 0 Iteration: 115  train.loss : 6.88718  train.total_ips : 365.26 img/s
DLL 2020-10-03 22:58:19.691911 - Epoch: 0 Iteration: 116  train.loss : 6.96212  train.total_ips : 368.32 img/s
DLL 2020-10-03 22:58:20.040274 - Epoch: 0 Iteration: 117  train.loss : 6.89859  train.total_ips : 367.50 img/s
DLL 2020-10-03 22:58:20.389588 - Epoch: 0 Iteration: 118  train.loss : 6.89867  train.total_ips : 366.50 img/s
DLL 2020-10-03 22:58:20.738803 - Epoch: 0 Iteration: 119  train.loss : 6.86494  train.total_ips : 366.62 img/s
DLL 2020-10-03 22:58:21.087983 - Epoch: 0 Iteration: 120  train.loss : 6.86221  train.total_ips : 366.66 img/s
DLL 2020-10-03 22:58:21.438157 - Epoch: 0 Iteration: 121  train.loss : 6.98015  train.total_ips : 365.61 img/s
DLL 2020-10-03 22:58:21.786264 - Epoch: 0 Iteration: 122  train.loss : 6.94713  train.total_ips : 367.78 img/s
DLL 2020-10-03 22:58:22.135246 - Epoch: 0 Iteration: 123  train.loss : 6.82948  train.total_ips : 366.94 img/s
DLL 2020-10-03 22:58:22.486214 - Epoch: 0 Iteration: 124  train.loss : 6.87985  train.total_ips : 364.74 img/s
DLL 2020-10-03 22:58:22.832868 - Epoch: 0 Iteration: 125  train.loss : 6.91853  train.total_ips : 369.32 img/s
DLL 2020-10-03 22:58:23.183167 - Epoch: 0 Iteration: 126  train.loss : 6.88977  train.total_ips : 365.48 img/s
DLL 2020-10-03 22:58:23.529788 - Epoch: 0 Iteration: 127  train.loss : 6.86855  train.total_ips : 369.36 img/s
DLL 2020-10-03 22:58:23.882121 - Epoch: 0 Iteration: 128  train.loss : 6.88595  train.total_ips : 363.37 img/s
DLL 2020-10-03 22:58:24.229853 - Epoch: 0 Iteration: 129  train.loss : 6.91148  train.total_ips : 368.16 img/s
DLL 2020-10-03 22:58:24.579464 - Epoch: 0 Iteration: 130  train.loss : 6.85848  train.total_ips : 366.20 img/s
DLL 2020-10-03 22:58:24.927851 - Epoch: 0 Iteration: 131  train.loss : 6.91857  train.total_ips : 367.45 img/s
DLL 2020-10-03 22:58:25.277795 - Epoch: 0 Iteration: 132  train.loss : 7.01797  train.total_ips : 365.82 img/s
DLL 2020-10-03 22:58:25.626976 - Epoch: 0 Iteration: 133  train.loss : 6.85462  train.total_ips : 366.63 img/s
DLL 2020-10-03 22:58:25.973902 - Epoch: 0 Iteration: 134  train.loss : 6.93031  train.total_ips : 369.00 img/s
DLL 2020-10-03 22:58:26.321491 - Epoch: 0 Iteration: 135  train.loss : 6.93778  train.total_ips : 368.31 img/s
DLL 2020-10-03 22:58:26.670490 - Epoch: 0 Iteration: 136  train.loss : 6.87056  train.total_ips : 366.85 img/s
DLL 2020-10-03 22:58:27.019944 - Epoch: 0 Iteration: 137  train.loss : 6.88486  train.total_ips : 366.37 img/s
DLL 2020-10-03 22:58:27.366581 - Epoch: 0 Iteration: 138  train.loss : 6.92520  train.total_ips : 369.35 img/s
DLL 2020-10-03 22:58:27.715006 - Epoch: 0 Iteration: 139  train.loss : 6.92245  train.total_ips : 367.57 img/s
DLL 2020-10-03 22:58:28.062892 - Epoch: 0 Iteration: 140  train.loss : 6.96080  train.total_ips : 367.96 img/s
DLL 2020-10-03 22:58:28.410973 - Epoch: 0 Iteration: 141  train.loss : 6.87625  train.total_ips : 367.85 img/s
DLL 2020-10-03 22:58:28.759877 - Epoch: 0 Iteration: 142  train.loss : 6.91766  train.total_ips : 366.93 img/s
DLL 2020-10-03 22:58:29.110310 - Epoch: 0 Iteration: 143  train.loss : 6.99161  train.total_ips : 365.34 img/s
DLL 2020-10-03 22:58:29.458544 - Epoch: 0 Iteration: 144  train.loss : 6.98242  train.total_ips : 367.66 img/s
DLL 2020-10-03 22:58:29.808676 - Epoch: 0 Iteration: 145  train.loss : 6.90246  train.total_ips : 365.77 img/s
DLL 2020-10-03 22:58:30.157902 - Epoch: 0 Iteration: 146  train.loss : 6.88058  train.total_ips : 366.70 img/s
DLL 2020-10-03 22:58:30.507223 - Epoch: 0 Iteration: 147  train.loss : 7.02961  train.total_ips : 366.48 img/s
DLL 2020-10-03 22:58:30.857546 - Epoch: 0 Iteration: 148  train.loss : 6.97578  train.total_ips : 365.47 img/s
DLL 2020-10-03 22:58:31.208336 - Epoch: 0 Iteration: 149  train.loss : 6.90622  train.total_ips : 364.96 img/s
DLL 2020-10-03 22:58:31.558210 - Epoch: 0  train.loss : 6.93195  train.total_ips : 365.07 img/s
DLL 2020-10-03 22:58:31.558481 - Epoch: 0  lr : 0.016  train.compute_ips : 366.09 img/s train.data_time : 0.00097 s train.compute_time : 0.39588 s
DLL 2020-10-03 22:58:31.558609 - Summary: train.loss : 6.93195  train.total_ips : 365.07 img/s
DLL 2020-10-03 22:58:31.558677 - Summary: lr : 0.016  train.compute_ips : 366.09 img/s train.data_time : 0.00097 s train.compute_time : 0.39588 s
Experiment ended
['/opt/conda/bin/python', '-u', '/workspace/rn50/main.py', '--data-backend', 'dali-cpu', '--raport-file', '/workspace/rn50/raport.json', '-j5', '-p', '1', '--lr', '0.128', '--optimizer-batch-size', '-1', '--warmup', '8', '--arch', 'resnet50', '-c', 'fanin', '--label-smoothing', '0.1', '--lr-schedule', 'cosine', '--mom', '0.125', '--wd', '3.0517578125e-05', '--workspace', '/workspace/rn50', '-b', '128', '--epochs', '1', '--prof', '150', '--training-only', '--no-checkpoints', '/data/image']
