+ python /workspace/rn50/multiproc.py --nnodes 1 --node_rank 0 --nproc_per_node 1 --master_addr 127.0.0.1 --master_port=29500 /workspace/rn50/main.py --data-backend dali-cpu --raport-file /workspace/rn50/raport.json -j5 -p 1 --lr 0.128 --optimizer-batch-size -1 --warmup 8 --arch resnet50 -c fanin --label-smoothing 0.1 --lr-schedule cosine --mom 0.125 --wd 3.0517578125e-05 --workspace /workspace/rn50 -b 128 --epochs 1 --prof 150 --training-only --no-checkpoints /data/image
=> creating model '('resnet50', 'fanin', 1000)'
Version: {'net': <class 'image_classification.resnet.ResNet'>, 'block': <class 'image_classification.resnet.Bottleneck'>, 'layers': [3, 4, 6, 3], 'widths': [64, 128, 256, 512], 'expansion': 4}
Config: {'conv': <class 'torch.nn.modules.conv.Conv2d'>, 'conv_init': 'fan_in', 'nonlinearity': 'relu', 'last_bn_0_init': False, 'activation': <function <lambda> at 0x7fe2a7ef69d8>}
Num classes: 1000
i'm not distributed in dali
read 3545488 files from 2792 directories
read 50000 files from 1000 directories
DLL 2020-10-03 22:52:34.210554 - PARAMETER data : /data/image  data_backend : dali-cpu  arch : resnet50  model_config : fanin  num_classes : 1000  workers : 5  epochs : 1  run_epochs : -1  batch_size : 128  optimizer_batch_size : -1  lr : 0.128  lr_schedule : cosine  warmup : 8  label_smoothing : 0.1  mixup : 0.0  momentum : 0.125  weight_decay : 3.0517578125e-05  bn_weight_decay : False  nesterov : False  print_freq : 1  resume : None  pretrained_weights :   fp16 : False  static_loss_scale : 1  dynamic_loss_scale : False  prof : 150  amp : False  seed : None  gather_checkpoints : False  raport_file : /workspace/rn50/raport.json  evaluate : False  training_only : True  save_checkpoints : False  checkpoint_filename : checkpoint.pth.tar  workspace : /workspace/rn50  memory_format : nchw  distributed : False  local_rank : 0  gpu : 0  world_size : 1 
 ! Weight decay NOT applied to BN parameters 
98
63
RUNNING EPOCHS FROM 0 TO 1
DLL 2020-10-03 22:52:41.785973 - Epoch: 0 Iteration: 1  train.loss : 7.02774  train.total_ips : 16.92 img/s
DLL 2020-10-03 22:52:42.136239 - Epoch: 0 Iteration: 2  train.loss : 7.05541  train.total_ips : 365.38 img/s
DLL 2020-10-03 22:52:42.483424 - Epoch: 0 Iteration: 3  train.loss : 6.92190  train.total_ips : 368.74 img/s
DLL 2020-10-03 22:52:42.830377 - Epoch: 0 Iteration: 4  train.loss : 6.95444  train.total_ips : 368.97 img/s
DLL 2020-10-03 22:52:43.177328 - Epoch: 0 Iteration: 5  train.loss : 7.04911  train.total_ips : 368.97 img/s
DLL 2020-10-03 22:52:43.527286 - Epoch: 0 Iteration: 6  train.loss : 6.92539  train.total_ips : 365.82 img/s
DLL 2020-10-03 22:52:43.875053 - Epoch: 0 Iteration: 7  train.loss : 7.07242  train.total_ips : 368.12 img/s
DLL 2020-10-03 22:52:44.223778 - Epoch: 0 Iteration: 8  train.loss : 7.00692  train.total_ips : 367.14 img/s
DLL 2020-10-03 22:52:44.574507 - Epoch: 0 Iteration: 9  train.loss : 6.95987  train.total_ips : 365.06 img/s
DLL 2020-10-03 22:52:44.923726 - Epoch: 0 Iteration: 10  train.loss : 6.95885  train.total_ips : 366.76 img/s
DLL 2020-10-03 22:52:45.272966 - Epoch: 0 Iteration: 11  train.loss : 7.00905  train.total_ips : 366.57 img/s
DLL 2020-10-03 22:52:45.621837 - Epoch: 0 Iteration: 12  train.loss : 6.95261  train.total_ips : 366.98 img/s
DLL 2020-10-03 22:52:45.971402 - Epoch: 0 Iteration: 13  train.loss : 7.05000  train.total_ips : 366.26 img/s
DLL 2020-10-03 22:52:46.320062 - Epoch: 0 Iteration: 14  train.loss : 6.98180  train.total_ips : 367.35 img/s
DLL 2020-10-03 22:52:46.668571 - Epoch: 0 Iteration: 15  train.loss : 6.88481  train.total_ips : 367.45 img/s
DLL 2020-10-03 22:52:47.017002 - Epoch: 0 Iteration: 16  train.loss : 6.97286  train.total_ips : 367.45 img/s
DLL 2020-10-03 22:52:47.366387 - Epoch: 0 Iteration: 17  train.loss : 6.98926  train.total_ips : 366.47 img/s
DLL 2020-10-03 22:52:47.713894 - Epoch: 0 Iteration: 18  train.loss : 6.87142  train.total_ips : 368.46 img/s
DLL 2020-10-03 22:52:48.063529 - Epoch: 0 Iteration: 19  train.loss : 6.97201  train.total_ips : 366.55 img/s
DLL 2020-10-03 22:52:48.412971 - Epoch: 0 Iteration: 20  train.loss : 6.90899  train.total_ips : 366.22 img/s
DLL 2020-10-03 22:52:48.762902 - Epoch: 0 Iteration: 21  train.loss : 6.92631  train.total_ips : 366.06 img/s
DLL 2020-10-03 22:52:49.114140 - Epoch: 0 Iteration: 22  train.loss : 6.93508  train.total_ips : 364.51 img/s
DLL 2020-10-03 22:52:49.461973 - Epoch: 0 Iteration: 23  train.loss : 6.85025  train.total_ips : 368.09 img/s
DLL 2020-10-03 22:52:49.810085 - Epoch: 0 Iteration: 24  train.loss : 6.99356  train.total_ips : 367.76 img/s
DLL 2020-10-03 22:52:50.160380 - Epoch: 0 Iteration: 25  train.loss : 6.95910  train.total_ips : 365.48 img/s
DLL 2020-10-03 22:52:50.508545 - Epoch: 0 Iteration: 26  train.loss : 6.92446  train.total_ips : 367.71 img/s
DLL 2020-10-03 22:52:50.862371 - Epoch: 0 Iteration: 27  train.loss : 6.92120  train.total_ips : 362.45 img/s
DLL 2020-10-03 22:52:51.210989 - Epoch: 0 Iteration: 28  train.loss : 6.97050  train.total_ips : 367.50 img/s
DLL 2020-10-03 22:52:51.561661 - Epoch: 0 Iteration: 29  train.loss : 6.88083  train.total_ips : 365.14 img/s
DLL 2020-10-03 22:52:51.911125 - Epoch: 0 Iteration: 30  train.loss : 6.96630  train.total_ips : 366.32 img/s
DLL 2020-10-03 22:52:52.259559 - Epoch: 0 Iteration: 31  train.loss : 6.99680  train.total_ips : 367.45 img/s
DLL 2020-10-03 22:52:52.609528 - Epoch: 0 Iteration: 32  train.loss : 7.00943  train.total_ips : 365.82 img/s
DLL 2020-10-03 22:52:52.958637 - Epoch: 0 Iteration: 33  train.loss : 6.95397  train.total_ips : 366.73 img/s
DLL 2020-10-03 22:52:53.307183 - Epoch: 0 Iteration: 34  train.loss : 6.91408  train.total_ips : 367.41 img/s
DLL 2020-10-03 22:52:53.654442 - Epoch: 0 Iteration: 35  train.loss : 6.96280  train.total_ips : 368.68 img/s
DLL 2020-10-03 22:52:54.004354 - Epoch: 0 Iteration: 36  train.loss : 6.95922  train.total_ips : 365.88 img/s
DLL 2020-10-03 22:52:54.353268 - Epoch: 0 Iteration: 37  train.loss : 6.97832  train.total_ips : 366.93 img/s
DLL 2020-10-03 22:52:54.703955 - Epoch: 0 Iteration: 38  train.loss : 6.90118  train.total_ips : 365.15 img/s
DLL 2020-10-03 22:52:55.053438 - Epoch: 0 Iteration: 39  train.loss : 6.86257  train.total_ips : 366.36 img/s
DLL 2020-10-03 22:52:55.404401 - Epoch: 0 Iteration: 40  train.loss : 7.00180  train.total_ips : 364.83 img/s
DLL 2020-10-03 22:52:55.753169 - Epoch: 0 Iteration: 41  train.loss : 6.96726  train.total_ips : 367.21 img/s
DLL 2020-10-03 22:52:56.104055 - Epoch: 0 Iteration: 42  train.loss : 6.92632  train.total_ips : 364.96 img/s
DLL 2020-10-03 22:52:56.452995 - Epoch: 0 Iteration: 43  train.loss : 6.89121  train.total_ips : 366.87 img/s
DLL 2020-10-03 22:52:56.803099 - Epoch: 0 Iteration: 44  train.loss : 6.94609  train.total_ips : 365.85 img/s
DLL 2020-10-03 22:52:57.155639 - Epoch: 0 Iteration: 45  train.loss : 6.95076  train.total_ips : 363.13 img/s
DLL 2020-10-03 22:52:57.507460 - Epoch: 0 Iteration: 46  train.loss : 6.92881  train.total_ips : 363.89 img/s
DLL 2020-10-03 22:52:57.856959 - Epoch: 0 Iteration: 47  train.loss : 6.88199  train.total_ips : 366.37 img/s
DLL 2020-10-03 22:52:58.205501 - Epoch: 0 Iteration: 48  train.loss : 6.96124  train.total_ips : 367.28 img/s
DLL 2020-10-03 22:52:58.553172 - Epoch: 0 Iteration: 49  train.loss : 6.92085  train.total_ips : 368.22 img/s
DLL 2020-10-03 22:52:58.902483 - Epoch: 0 Iteration: 50  train.loss : 6.92634  train.total_ips : 366.49 img/s
DLL 2020-10-03 22:52:59.250061 - Epoch: 0 Iteration: 51  train.loss : 6.90128  train.total_ips : 368.32 img/s
DLL 2020-10-03 22:52:59.599959 - Epoch: 0 Iteration: 52  train.loss : 6.94438  train.total_ips : 365.98 img/s
DLL 2020-10-03 22:52:59.949742 - Epoch: 0 Iteration: 53  train.loss : 6.94567  train.total_ips : 365.93 img/s
DLL 2020-10-03 22:53:00.298480 - Epoch: 0 Iteration: 54  train.loss : 6.91251  train.total_ips : 367.11 img/s
DLL 2020-10-03 22:53:00.649624 - Epoch: 0 Iteration: 55  train.loss : 7.01647  train.total_ips : 364.60 img/s
DLL 2020-10-03 22:53:00.999240 - Epoch: 0 Iteration: 56  train.loss : 6.89750  train.total_ips : 366.19 img/s
DLL 2020-10-03 22:53:01.349224 - Epoch: 0 Iteration: 57  train.loss : 6.88880  train.total_ips : 365.81 img/s
DLL 2020-10-03 22:53:01.698755 - Epoch: 0 Iteration: 58  train.loss : 6.98098  train.total_ips : 366.26 img/s
DLL 2020-10-03 22:53:02.047144 - Epoch: 0 Iteration: 59  train.loss : 6.93276  train.total_ips : 367.52 img/s
DLL 2020-10-03 22:53:02.394761 - Epoch: 0 Iteration: 60  train.loss : 6.94806  train.total_ips : 368.32 img/s
DLL 2020-10-03 22:53:02.744193 - Epoch: 0 Iteration: 61  train.loss : 6.91878  train.total_ips : 366.36 img/s
DLL 2020-10-03 22:53:03.091089 - Epoch: 0 Iteration: 62  train.loss : 6.93737  train.total_ips : 369.08 img/s
DLL 2020-10-03 22:53:03.441240 - Epoch: 0 Iteration: 63  train.loss : 6.97978  train.total_ips : 365.74 img/s
DLL 2020-10-03 22:53:03.789555 - Epoch: 0 Iteration: 64  train.loss : 6.94048  train.total_ips : 367.50 img/s
DLL 2020-10-03 22:53:04.139868 - Epoch: 0 Iteration: 65  train.loss : 6.90320  train.total_ips : 365.49 img/s
DLL 2020-10-03 22:53:04.492198 - Epoch: 0 Iteration: 66  train.loss : 6.94645  train.total_ips : 363.39 img/s
DLL 2020-10-03 22:53:04.843140 - Epoch: 0 Iteration: 67  train.loss : 6.97337  train.total_ips : 364.80 img/s
DLL 2020-10-03 22:53:05.192500 - Epoch: 0 Iteration: 68  train.loss : 6.90557  train.total_ips : 366.45 img/s
DLL 2020-10-03 22:53:05.542749 - Epoch: 0 Iteration: 69  train.loss : 6.95212  train.total_ips : 365.53 img/s
DLL 2020-10-03 22:53:05.893753 - Epoch: 0 Iteration: 70  train.loss : 6.88840  train.total_ips : 364.74 img/s
DLL 2020-10-03 22:53:06.242107 - Epoch: 0 Iteration: 71  train.loss : 6.82294  train.total_ips : 367.51 img/s
DLL 2020-10-03 22:53:06.592580 - Epoch: 0 Iteration: 72  train.loss : 6.90066  train.total_ips : 365.29 img/s
DLL 2020-10-03 22:53:06.940422 - Epoch: 0 Iteration: 73  train.loss : 6.81872  train.total_ips : 368.05 img/s
DLL 2020-10-03 22:53:07.289424 - Epoch: 0 Iteration: 74  train.loss : 6.91370  train.total_ips : 366.84 img/s
DLL 2020-10-03 22:53:07.639253 - Epoch: 0 Iteration: 75  train.loss : 6.99268  train.total_ips : 366.01 img/s
DLL 2020-10-03 22:53:07.989547 - Epoch: 0 Iteration: 76  train.loss : 6.93508  train.total_ips : 365.50 img/s
DLL 2020-10-03 22:53:08.338280 - Epoch: 0 Iteration: 77  train.loss : 6.92677  train.total_ips : 367.15 img/s
DLL 2020-10-03 22:53:08.688743 - Epoch: 0 Iteration: 78  train.loss : 7.01601  train.total_ips : 365.35 img/s
DLL 2020-10-03 22:53:09.037799 - Epoch: 0 Iteration: 79  train.loss : 6.94117  train.total_ips : 366.87 img/s
DLL 2020-10-03 22:53:09.389104 - Epoch: 0 Iteration: 80  train.loss : 6.94781  train.total_ips : 364.39 img/s
DLL 2020-10-03 22:53:09.738450 - Epoch: 0 Iteration: 81  train.loss : 6.90769  train.total_ips : 366.50 img/s
DLL 2020-10-03 22:53:10.089788 - Epoch: 0 Iteration: 82  train.loss : 6.98576  train.total_ips : 364.39 img/s
DLL 2020-10-03 22:53:10.442489 - Epoch: 0 Iteration: 83  train.loss : 7.01936  train.total_ips : 363.01 img/s
DLL 2020-10-03 22:53:10.794142 - Epoch: 0 Iteration: 84  train.loss : 6.89162  train.total_ips : 364.08 img/s
DLL 2020-10-03 22:53:11.146244 - Epoch: 0 Iteration: 85  train.loss : 6.93360  train.total_ips : 363.60 img/s
DLL 2020-10-03 22:53:11.494185 - Epoch: 0 Iteration: 86  train.loss : 6.99954  train.total_ips : 367.94 img/s
DLL 2020-10-03 22:53:11.843438 - Epoch: 0 Iteration: 87  train.loss : 6.98052  train.total_ips : 366.57 img/s
DLL 2020-10-03 22:53:12.195067 - Epoch: 0 Iteration: 88  train.loss : 6.90235  train.total_ips : 364.09 img/s
DLL 2020-10-03 22:53:12.545483 - Epoch: 0 Iteration: 89  train.loss : 6.93966  train.total_ips : 365.35 img/s
DLL 2020-10-03 22:53:12.893241 - Epoch: 0 Iteration: 90  train.loss : 6.92444  train.total_ips : 368.15 img/s
DLL 2020-10-03 22:53:13.243727 - Epoch: 0 Iteration: 91  train.loss : 6.95254  train.total_ips : 365.36 img/s
DLL 2020-10-03 22:53:13.593730 - Epoch: 0 Iteration: 92  train.loss : 6.91283  train.total_ips : 365.78 img/s
DLL 2020-10-03 22:53:13.944369 - Epoch: 0 Iteration: 93  train.loss : 6.93187  train.total_ips : 365.19 img/s
DLL 2020-10-03 22:53:14.293522 - Epoch: 0 Iteration: 94  train.loss : 6.95507  train.total_ips : 366.75 img/s
DLL 2020-10-03 22:53:14.643696 - Epoch: 0 Iteration: 95  train.loss : 6.95111  train.total_ips : 365.70 img/s
DLL 2020-10-03 22:53:14.992170 - Epoch: 0 Iteration: 96  train.loss : 6.86867  train.total_ips : 367.34 img/s
DLL 2020-10-03 22:53:15.341954 - Epoch: 0 Iteration: 97  train.loss : 6.90502  train.total_ips : 366.06 img/s
DLL 2020-10-03 22:53:15.689857 - Epoch: 0 Iteration: 98  train.loss : 6.94498  train.total_ips : 367.99 img/s
DLL 2020-10-03 22:53:16.041583 - Epoch: 0 Iteration: 99  train.loss : 6.97303  train.total_ips : 364.01 img/s
DLL 2020-10-03 22:53:16.391855 - Epoch: 0 Iteration: 100  train.loss : 6.81945  train.total_ips : 365.59 img/s
DLL 2020-10-03 22:53:16.744476 - Epoch: 0 Iteration: 101  train.loss : 6.97816  train.total_ips : 363.17 img/s
DLL 2020-10-03 22:53:17.094859 - Epoch: 0 Iteration: 102  train.loss : 6.94736  train.total_ips : 365.37 img/s
DLL 2020-10-03 22:53:17.446102 - Epoch: 0 Iteration: 103  train.loss : 6.89536  train.total_ips : 364.50 img/s
DLL 2020-10-03 22:53:17.797620 - Epoch: 0 Iteration: 104  train.loss : 6.90117  train.total_ips : 364.19 img/s
DLL 2020-10-03 22:53:18.147698 - Epoch: 0 Iteration: 105  train.loss : 6.86444  train.total_ips : 365.71 img/s
DLL 2020-10-03 22:53:18.497926 - Epoch: 0 Iteration: 106  train.loss : 6.91020  train.total_ips : 365.55 img/s
DLL 2020-10-03 22:53:18.851649 - Epoch: 0 Iteration: 107  train.loss : 6.91863  train.total_ips : 361.92 img/s
DLL 2020-10-03 22:53:19.202790 - Epoch: 0 Iteration: 108  train.loss : 6.91516  train.total_ips : 364.63 img/s
DLL 2020-10-03 22:53:19.553229 - Epoch: 0 Iteration: 109  train.loss : 6.89860  train.total_ips : 365.31 img/s
DLL 2020-10-03 22:53:19.903893 - Epoch: 0 Iteration: 110  train.loss : 6.82936  train.total_ips : 365.08 img/s
DLL 2020-10-03 22:53:20.251656 - Epoch: 0 Iteration: 111  train.loss : 6.85650  train.total_ips : 368.13 img/s
DLL 2020-10-03 22:53:20.601734 - Epoch: 0 Iteration: 112  train.loss : 6.94315  train.total_ips : 365.70 img/s
DLL 2020-10-03 22:53:20.949853 - Epoch: 0 Iteration: 113  train.loss : 6.90511  train.total_ips : 367.75 img/s
DLL 2020-10-03 22:53:21.300890 - Epoch: 0 Iteration: 114  train.loss : 6.97456  train.total_ips : 364.74 img/s
DLL 2020-10-03 22:53:21.649228 - Epoch: 0 Iteration: 115  train.loss : 6.89075  train.total_ips : 367.54 img/s
DLL 2020-10-03 22:53:22.000604 - Epoch: 0 Iteration: 116  train.loss : 6.97929  train.total_ips : 364.37 img/s
DLL 2020-10-03 22:53:22.348653 - Epoch: 0 Iteration: 117  train.loss : 6.90352  train.total_ips : 367.92 img/s
DLL 2020-10-03 22:53:22.700227 - Epoch: 0 Iteration: 118  train.loss : 6.89695  train.total_ips : 364.21 img/s
DLL 2020-10-03 22:53:23.050190 - Epoch: 0 Iteration: 119  train.loss : 6.84384  train.total_ips : 365.85 img/s
DLL 2020-10-03 22:53:23.401937 - Epoch: 0 Iteration: 120  train.loss : 6.88152  train.total_ips : 363.99 img/s
DLL 2020-10-03 22:53:23.751933 - Epoch: 0 Iteration: 121  train.loss : 7.00824  train.total_ips : 365.81 img/s
DLL 2020-10-03 22:53:24.103332 - Epoch: 0 Iteration: 122  train.loss : 6.92903  train.total_ips : 364.34 img/s
DLL 2020-10-03 22:53:24.454025 - Epoch: 0 Iteration: 123  train.loss : 6.86167  train.total_ips : 365.07 img/s
DLL 2020-10-03 22:53:24.803806 - Epoch: 0 Iteration: 124  train.loss : 6.90622  train.total_ips : 366.14 img/s
DLL 2020-10-03 22:53:25.153903 - Epoch: 0 Iteration: 125  train.loss : 6.90887  train.total_ips : 365.67 img/s
DLL 2020-10-03 22:53:25.502669 - Epoch: 0 Iteration: 126  train.loss : 6.88833  train.total_ips : 367.26 img/s
DLL 2020-10-03 22:53:25.853379 - Epoch: 0 Iteration: 127  train.loss : 6.85796  train.total_ips : 365.05 img/s
DLL 2020-10-03 22:53:26.203625 - Epoch: 0 Iteration: 128  train.loss : 6.88158  train.total_ips : 365.55 img/s
DLL 2020-10-03 22:53:26.554461 - Epoch: 0 Iteration: 129  train.loss : 6.90558  train.total_ips : 364.93 img/s
DLL 2020-10-03 22:53:26.904072 - Epoch: 0 Iteration: 130  train.loss : 6.86199  train.total_ips : 366.21 img/s
DLL 2020-10-03 22:53:27.255548 - Epoch: 0 Iteration: 131  train.loss : 6.90882  train.total_ips : 364.27 img/s
DLL 2020-10-03 22:53:27.608365 - Epoch: 0 Iteration: 132  train.loss : 7.02247  train.total_ips : 363.05 img/s
DLL 2020-10-03 22:53:27.960515 - Epoch: 0 Iteration: 133  train.loss : 6.85346  train.total_ips : 363.82 img/s
DLL 2020-10-03 22:53:28.310841 - Epoch: 0 Iteration: 134  train.loss : 6.93174  train.total_ips : 365.32 img/s
DLL 2020-10-03 22:53:28.660084 - Epoch: 0 Iteration: 135  train.loss : 6.87649  train.total_ips : 366.58 img/s
DLL 2020-10-03 22:53:29.009825 - Epoch: 0 Iteration: 136  train.loss : 6.83246  train.total_ips : 366.06 img/s
DLL 2020-10-03 22:53:29.359818 - Epoch: 0 Iteration: 137  train.loss : 6.87033  train.total_ips : 365.88 img/s
DLL 2020-10-03 22:53:29.711936 - Epoch: 0 Iteration: 138  train.loss : 6.91749  train.total_ips : 363.52 img/s
DLL 2020-10-03 22:53:30.062614 - Epoch: 0 Iteration: 139  train.loss : 6.89411  train.total_ips : 365.08 img/s
DLL 2020-10-03 22:53:30.413893 - Epoch: 0 Iteration: 140  train.loss : 6.96799  train.total_ips : 364.46 img/s
DLL 2020-10-03 22:53:30.764367 - Epoch: 0 Iteration: 141  train.loss : 6.91736  train.total_ips : 365.30 img/s
DLL 2020-10-03 22:53:31.115770 - Epoch: 0 Iteration: 142  train.loss : 6.86523  train.total_ips : 364.34 img/s
DLL 2020-10-03 22:53:31.466473 - Epoch: 0 Iteration: 143  train.loss : 6.95589  train.total_ips : 365.15 img/s
DLL 2020-10-03 22:53:31.817839 - Epoch: 0 Iteration: 144  train.loss : 6.97084  train.total_ips : 364.46 img/s
DLL 2020-10-03 22:53:32.168793 - Epoch: 0 Iteration: 145  train.loss : 6.87732  train.total_ips : 365.36 img/s
DLL 2020-10-03 22:53:32.519021 - Epoch: 0 Iteration: 146  train.loss : 6.88749  train.total_ips : 365.54 img/s
DLL 2020-10-03 22:53:32.869121 - Epoch: 0 Iteration: 147  train.loss : 6.99442  train.total_ips : 365.72 img/s
DLL 2020-10-03 22:53:33.218133 - Epoch: 0 Iteration: 148  train.loss : 6.97504  train.total_ips : 366.82 img/s
DLL 2020-10-03 22:53:33.567283 - Epoch: 0 Iteration: 149  train.loss : 6.94563  train.total_ips : 366.69 img/s
DLL 2020-10-03 22:53:33.916613 - Epoch: 0  train.loss : 6.93222  train.total_ips : 363.64 img/s
DLL 2020-10-03 22:53:33.916836 - Epoch: 0  lr : 0.016  train.compute_ips : 364.70 img/s train.data_time : 0.00102 s train.compute_time : 0.39686 s
DLL 2020-10-03 22:53:33.916946 - Summary: train.loss : 6.93222  train.total_ips : 363.64 img/s
DLL 2020-10-03 22:53:33.917006 - Summary: lr : 0.016  train.compute_ips : 364.70 img/s train.data_time : 0.00102 s train.compute_time : 0.39686 s
Experiment ended
['/opt/conda/bin/python', '-u', '/workspace/rn50/main.py', '--data-backend', 'dali-cpu', '--raport-file', '/workspace/rn50/raport.json', '-j5', '-p', '1', '--lr', '0.128', '--optimizer-batch-size', '-1', '--warmup', '8', '--arch', 'resnet50', '-c', 'fanin', '--label-smoothing', '0.1', '--lr-schedule', 'cosine', '--mom', '0.125', '--wd', '3.0517578125e-05', '--workspace', '/workspace/rn50', '-b', '128', '--epochs', '1', '--prof', '150', '--training-only', '--no-checkpoints', '/data/image']
