+ python /workspace/rn50/multiproc.py --nnodes 1 --node_rank 0 --nproc_per_node 1 --master_addr 127.0.0.1 --master_port=29500 /workspace/rn50/main.py --data-backend dali-cpu --raport-file /workspace/rn50/raport.json -j5 -p 1 --lr 0.256 --optimizer-batch-size -1 --warmup 8 --arch resnet50 -c fanin --label-smoothing 0.1 --lr-schedule cosine --mom 0.125 --wd 3.0517578125e-05 --workspace /workspace/rn50 -b 256 --epochs 1 --prof 150 --training-only --no-checkpoints --amp --dynamic-loss-scale /data/image
world_size in env:  1
distributed in env:  False
loca_rank in env:  0
=> creating model '('resnet50', 'fanin', 1000)'
Version: {'net': <class 'image_classification.resnet.ResNet'>, 'block': <class 'image_classification.resnet.Bottleneck'>, 'layers': [3, 4, 6, 3], 'widths': [64, 128, 256, 512], 'expansion': 4}
Config: {'conv': <class 'torch.nn.modules.conv.Conv2d'>, 'conv_init': 'fan_in', 'nonlinearity': 'relu', 'last_bn_0_init': False, 'activation': <function <lambda> at 0x7f23908c49d8>}
Num classes: 1000
device_count():  8
device_id:  0
read 3545488 files from 2792 directories
read 50000 files from 1000 directories
DLL 2020-09-28 10:15:23.858485 - PARAMETER data : /data/image  data_backend : dali-cpu  arch : resnet50  model_config : fanin  num_classes : 1000  workers : 5  epochs : 1  run_epochs : -1  batch_size : 256  optimizer_batch_size : -1  lr : 0.256  lr_schedule : cosine  warmup : 8  label_smoothing : 0.1  mixup : 0.0  momentum : 0.125  weight_decay : 3.0517578125e-05  bn_weight_decay : False  nesterov : False  print_freq : 1  resume : None  pretrained_weights :   fp16 : False  static_loss_scale : 1  dynamic_loss_scale : True  prof : 150  amp : True  seed : None  gather_checkpoints : False  raport_file : /workspace/rn50/raport.json  evaluate : False  training_only : True  save_checkpoints : False  checkpoint_filename : checkpoint.pth.tar  workspace : /workspace/rn50  memory_format : nchw  distributed : False  local_rank : 0  gpu : 0  world_size : 1 
 ! Weight decay NOT applied to BN parameters 
98
63
Selected optimization level O1:  Insert automatic casts around Pytorch functions and Tensor methods.

Defaults for this optimization level are:
enabled                : True
opt_level              : O1
cast_model_type        : None
patch_torch_functions  : True
keep_batchnorm_fp32    : None
master_weights         : None
loss_scale             : dynamic
Processing user overrides (additional kwargs that are not None)...
After processing overrides, optimization options are:
enabled                : True
opt_level              : O1
cast_model_type        : None
patch_torch_functions  : True
keep_batchnorm_fp32    : None
master_weights         : None
loss_scale             : dynamic
RUNNING EPOCHS FROM 0 TO 1
DLL 2020-09-28 10:15:30.652767 - Epoch: 0 Iteration: 1  train.loss : 7.06730  train.total_ips : 37.78 img/s
DLL 2020-09-28 10:15:30.974050 - Epoch: 0 Iteration: 2  train.loss : 7.05259  train.total_ips : 796.85 img/s
DLL 2020-09-28 10:15:31.294835 - Epoch: 0 Iteration: 3  train.loss : 7.06152  train.total_ips : 798.46 img/s
DLL 2020-09-28 10:15:31.614586 - Epoch: 0 Iteration: 4  train.loss : 7.04136  train.total_ips : 800.79 img/s
DLL 2020-09-28 10:15:31.932842 - Epoch: 0 Iteration: 5  train.loss : 6.98534  train.total_ips : 804.52 img/s
DLL 2020-09-28 10:15:32.261300 - Epoch: 0 Iteration: 6  train.loss : 7.04025  train.total_ips : 779.61 img/s
DLL 2020-09-28 10:15:32.584034 - Epoch: 0 Iteration: 7  train.loss : 6.94467  train.total_ips : 793.36 img/s
DLL 2020-09-28 10:15:32.907282 - Epoch: 0 Iteration: 8  train.loss : 6.99140  train.total_ips : 792.09 img/s
DLL 2020-09-28 10:15:33.233301 - Epoch: 0 Iteration: 9  train.loss : 6.95927  train.total_ips : 785.37 img/s
DLL 2020-09-28 10:15:33.555494 - Epoch: 0 Iteration: 10  train.loss : 6.95203  train.total_ips : 794.71 img/s
DLL 2020-09-28 10:15:33.878226 - Epoch: 0 Iteration: 11  train.loss : 6.94959  train.total_ips : 793.37 img/s
DLL 2020-09-28 10:15:34.199974 - Epoch: 0 Iteration: 12  train.loss : 7.00899  train.total_ips : 795.80 img/s
DLL 2020-09-28 10:15:34.522788 - Epoch: 0 Iteration: 13  train.loss : 6.90319  train.total_ips : 793.17 img/s
DLL 2020-09-28 10:15:34.845213 - Epoch: 0 Iteration: 14  train.loss : 7.01221  train.total_ips : 794.13 img/s
DLL 2020-09-28 10:15:35.167706 - Epoch: 0 Iteration: 15  train.loss : 6.97702  train.total_ips : 793.99 img/s
DLL 2020-09-28 10:15:35.491967 - Epoch: 0 Iteration: 16  train.loss : 6.94924  train.total_ips : 789.65 img/s
DLL 2020-09-28 10:15:35.809810 - Epoch: 0 Iteration: 17  train.loss : 6.95918  train.total_ips : 805.59 img/s
DLL 2020-09-28 10:15:36.128045 - Epoch: 0 Iteration: 18  train.loss : 6.99109  train.total_ips : 804.57 img/s
DLL 2020-09-28 10:15:36.447348 - Epoch: 0 Iteration: 19  train.loss : 6.95801  train.total_ips : 801.93 img/s
DLL 2020-09-28 10:15:36.766497 - Epoch: 0 Iteration: 20  train.loss : 6.98547  train.total_ips : 802.38 img/s
DLL 2020-09-28 10:15:37.095965 - Epoch: 0 Iteration: 21  train.loss : 6.96571  train.total_ips : 777.19 img/s
Gradient overflow.  Skipping step, loss scaler 0 reducing loss scale to 32768.0
DLL 2020-09-28 10:15:37.407557 - Epoch: 0 Iteration: 22  train.loss : 6.95720  train.total_ips : 821.70 img/s
DLL 2020-09-28 10:15:37.725957 - Epoch: 0 Iteration: 23  train.loss : 6.97600  train.total_ips : 804.37 img/s
DLL 2020-09-28 10:15:38.046749 - Epoch: 0 Iteration: 24  train.loss : 6.96911  train.total_ips : 798.17 img/s
DLL 2020-09-28 10:15:38.365642 - Epoch: 0 Iteration: 25  train.loss : 6.95857  train.total_ips : 802.95 img/s
DLL 2020-09-28 10:15:38.684445 - Epoch: 0 Iteration: 26  train.loss : 6.95472  train.total_ips : 803.14 img/s
DLL 2020-09-28 10:15:39.001873 - Epoch: 0 Iteration: 27  train.loss : 6.96472  train.total_ips : 806.62 img/s
DLL 2020-09-28 10:15:39.320037 - Epoch: 0 Iteration: 28  train.loss : 6.96943  train.total_ips : 805.04 img/s
DLL 2020-09-28 10:15:39.639125 - Epoch: 0 Iteration: 29  train.loss : 6.94767  train.total_ips : 802.45 img/s
DLL 2020-09-28 10:15:39.966539 - Epoch: 0 Iteration: 30  train.loss : 6.98104  train.total_ips : 782.09 img/s
DLL 2020-09-28 10:15:40.288378 - Epoch: 0 Iteration: 31  train.loss : 6.95241  train.total_ips : 796.09 img/s
DLL 2020-09-28 10:15:40.610927 - Epoch: 0 Iteration: 32  train.loss : 6.97437  train.total_ips : 793.78 img/s
DLL 2020-09-28 10:15:40.933509 - Epoch: 0 Iteration: 33  train.loss : 6.97112  train.total_ips : 793.73 img/s
DLL 2020-09-28 10:15:41.252809 - Epoch: 0 Iteration: 34  train.loss : 6.94734  train.total_ips : 801.89 img/s
DLL 2020-09-28 10:15:41.571278 - Epoch: 0 Iteration: 35  train.loss : 6.91510  train.total_ips : 804.10 img/s
DLL 2020-09-28 10:15:41.892339 - Epoch: 0 Iteration: 36  train.loss : 6.92543  train.total_ips : 797.48 img/s
DLL 2020-09-28 10:15:42.212447 - Epoch: 0 Iteration: 37  train.loss : 6.91608  train.total_ips : 800.06 img/s
DLL 2020-09-28 10:15:42.530234 - Epoch: 0 Iteration: 38  train.loss : 6.98308  train.total_ips : 805.70 img/s
DLL 2020-09-28 10:15:42.851704 - Epoch: 0 Iteration: 39  train.loss : 6.99347  train.total_ips : 796.77 img/s
DLL 2020-09-28 10:15:43.169308 - Epoch: 0 Iteration: 40  train.loss : 6.92698  train.total_ips : 806.18 img/s
DLL 2020-09-28 10:15:43.489677 - Epoch: 0 Iteration: 41  train.loss : 7.00598  train.total_ips : 799.34 img/s
DLL 2020-09-28 10:15:43.810580 - Epoch: 0 Iteration: 42  train.loss : 6.95203  train.total_ips : 798.57 img/s
DLL 2020-09-28 10:15:44.136694 - Epoch: 0 Iteration: 43  train.loss : 6.98738  train.total_ips : 785.09 img/s
DLL 2020-09-28 10:15:44.459129 - Epoch: 0 Iteration: 44  train.loss : 6.95158  train.total_ips : 794.09 img/s
DLL 2020-09-28 10:15:44.775506 - Epoch: 0 Iteration: 45  train.loss : 6.93751  train.total_ips : 809.28 img/s
DLL 2020-09-28 10:15:45.101398 - Epoch: 0 Iteration: 46  train.loss : 6.95094  train.total_ips : 785.67 img/s
DLL 2020-09-28 10:15:45.423350 - Epoch: 0 Iteration: 47  train.loss : 6.95725  train.total_ips : 795.29 img/s
DLL 2020-09-28 10:15:45.745615 - Epoch: 0 Iteration: 48  train.loss : 6.94455  train.total_ips : 794.52 img/s
DLL 2020-09-28 10:15:46.071422 - Epoch: 0 Iteration: 49  train.loss : 6.92605  train.total_ips : 785.89 img/s
DLL 2020-09-28 10:15:46.393851 - Epoch: 0 Iteration: 50  train.loss : 6.92469  train.total_ips : 794.14 img/s
DLL 2020-09-28 10:15:46.716517 - Epoch: 0 Iteration: 51  train.loss : 6.98488  train.total_ips : 793.56 img/s
DLL 2020-09-28 10:15:47.038398 - Epoch: 0 Iteration: 52  train.loss : 6.95510  train.total_ips : 795.46 img/s
DLL 2020-09-28 10:15:47.364211 - Epoch: 0 Iteration: 53  train.loss : 6.94838  train.total_ips : 785.89 img/s
DLL 2020-09-28 10:15:47.690871 - Epoch: 0 Iteration: 54  train.loss : 6.93906  train.total_ips : 784.02 img/s
DLL 2020-09-28 10:15:48.013380 - Epoch: 0 Iteration: 55  train.loss : 6.89994  train.total_ips : 793.90 img/s
DLL 2020-09-28 10:15:48.339274 - Epoch: 0 Iteration: 56  train.loss : 6.94284  train.total_ips : 785.67 img/s
DLL 2020-09-28 10:15:48.665422 - Epoch: 0 Iteration: 57  train.loss : 6.94198  train.total_ips : 785.06 img/s
DLL 2020-09-28 10:15:48.988111 - Epoch: 0 Iteration: 58  train.loss : 6.95858  train.total_ips : 793.52 img/s
DLL 2020-09-28 10:15:49.311761 - Epoch: 0 Iteration: 59  train.loss : 6.92793  train.total_ips : 791.25 img/s
DLL 2020-09-28 10:15:49.634544 - Epoch: 0 Iteration: 60  train.loss : 6.92416  train.total_ips : 793.20 img/s
DLL 2020-09-28 10:15:49.960583 - Epoch: 0 Iteration: 61  train.loss : 6.97461  train.total_ips : 785.31 img/s
DLL 2020-09-28 10:15:50.277562 - Epoch: 0 Iteration: 62  train.loss : 6.96398  train.total_ips : 807.83 img/s
DLL 2020-09-28 10:15:50.600414 - Epoch: 0 Iteration: 63  train.loss : 6.91807  train.total_ips : 793.07 img/s
DLL 2020-09-28 10:15:50.925219 - Epoch: 0 Iteration: 64  train.loss : 6.97844  train.total_ips : 788.33 img/s
DLL 2020-09-28 10:15:51.250899 - Epoch: 0 Iteration: 65  train.loss : 6.93658  train.total_ips : 786.20 img/s
DLL 2020-09-28 10:15:51.577093 - Epoch: 0 Iteration: 66  train.loss : 6.99890  train.total_ips : 784.93 img/s
DLL 2020-09-28 10:15:51.899819 - Epoch: 0 Iteration: 67  train.loss : 6.93165  train.total_ips : 793.38 img/s
DLL 2020-09-28 10:15:52.221897 - Epoch: 0 Iteration: 68  train.loss : 6.90403  train.total_ips : 794.98 img/s
DLL 2020-09-28 10:15:52.544434 - Epoch: 0 Iteration: 69  train.loss : 7.00611  train.total_ips : 793.90 img/s
DLL 2020-09-28 10:15:52.866860 - Epoch: 0 Iteration: 70  train.loss : 6.96303  train.total_ips : 794.11 img/s
DLL 2020-09-28 10:15:53.188935 - Epoch: 0 Iteration: 71  train.loss : 6.91406  train.total_ips : 795.01 img/s
DLL 2020-09-28 10:15:53.523029 - Epoch: 0 Iteration: 72  train.loss : 6.98073  train.total_ips : 766.47 img/s
DLL 2020-09-28 10:15:53.845565 - Epoch: 0 Iteration: 73  train.loss : 6.91707  train.total_ips : 793.84 img/s
DLL 2020-09-28 10:15:54.167842 - Epoch: 0 Iteration: 74  train.loss : 7.00517  train.total_ips : 794.51 img/s
DLL 2020-09-28 10:15:54.490250 - Epoch: 0 Iteration: 75  train.loss : 6.97773  train.total_ips : 794.20 img/s
DLL 2020-09-28 10:15:54.812117 - Epoch: 0 Iteration: 76  train.loss : 6.92900  train.total_ips : 795.76 img/s
DLL 2020-09-28 10:15:55.134255 - Epoch: 0 Iteration: 77  train.loss : 6.98835  train.total_ips : 794.83 img/s
DLL 2020-09-28 10:15:55.456344 - Epoch: 0 Iteration: 78  train.loss : 6.96537  train.total_ips : 795.20 img/s
DLL 2020-09-28 10:15:55.786363 - Epoch: 0 Iteration: 79  train.loss : 6.90132  train.total_ips : 775.87 img/s
DLL 2020-09-28 10:15:56.108397 - Epoch: 0 Iteration: 80  train.loss : 6.91088  train.total_ips : 795.08 img/s
DLL 2020-09-28 10:15:56.431310 - Epoch: 0 Iteration: 81  train.loss : 6.95354  train.total_ips : 792.93 img/s
DLL 2020-09-28 10:15:56.753946 - Epoch: 0 Iteration: 82  train.loss : 6.91332  train.total_ips : 793.61 img/s
DLL 2020-09-28 10:15:57.076289 - Epoch: 0 Iteration: 83  train.loss : -509274575318682697728.00000  train.total_ips : 794.33 img/s
DLL 2020-09-28 10:15:57.397788 - Epoch: 0 Iteration: 84  train.loss : 6.92672  train.total_ips : 796.41 img/s
DLL 2020-09-28 10:15:57.719562 - Epoch: 0 Iteration: 85  train.loss : 6.92977  train.total_ips : 795.75 img/s
DLL 2020-09-28 10:15:58.042098 - Epoch: 0 Iteration: 86  train.loss : 6.96036  train.total_ips : 793.85 img/s
DLL 2020-09-28 10:15:58.363447 - Epoch: 0 Iteration: 87  train.loss : 6.95609  train.total_ips : 796.77 img/s
DLL 2020-09-28 10:15:58.683602 - Epoch: 0 Iteration: 88  train.loss : 6.92087  train.total_ips : 799.70 img/s
DLL 2020-09-28 10:15:59.005439 - Epoch: 0 Iteration: 89  train.loss : 6.98651  train.total_ips : 795.64 img/s
DLL 2020-09-28 10:15:59.328069 - Epoch: 0 Iteration: 90  train.loss : 6.89997  train.total_ips : 793.77 img/s
DLL 2020-09-28 10:15:59.645349 - Epoch: 0 Iteration: 91  train.loss : 6.91885  train.total_ips : 807.54 img/s
DLL 2020-09-28 10:15:59.968109 - Epoch: 0 Iteration: 92  train.loss : 6.96066  train.total_ips : 793.21 img/s
DLL 2020-09-28 10:16:00.291925 - Epoch: 0 Iteration: 93  train.loss : 6.92633  train.total_ips : 790.80 img/s
DLL 2020-09-28 10:16:00.613819 - Epoch: 0 Iteration: 94  train.loss : 6.96030  train.total_ips : 795.43 img/s
DLL 2020-09-28 10:16:00.938014 - Epoch: 0 Iteration: 95  train.loss : 6.94668  train.total_ips : 789.79 img/s
DLL 2020-09-28 10:16:01.259897 - Epoch: 0 Iteration: 96  train.loss : 6.94389  train.total_ips : 795.45 img/s
DLL 2020-09-28 10:16:01.582254 - Epoch: 0 Iteration: 97  train.loss : 6.87314  train.total_ips : 794.31 img/s
DLL 2020-09-28 10:16:01.905301 - Epoch: 0 Iteration: 98  train.loss : 6.97111  train.total_ips : 792.87 img/s
DLL 2020-09-28 10:16:02.231616 - Epoch: 0 Iteration: 99  train.loss : 6.99289  train.total_ips : 784.65 img/s
DLL 2020-09-28 10:16:02.554470 - Epoch: 0 Iteration: 100  train.loss : 6.99999  train.total_ips : 793.07 img/s
DLL 2020-09-28 10:16:02.880759 - Epoch: 0 Iteration: 101  train.loss : 6.95701  train.total_ips : 784.72 img/s
DLL 2020-09-28 10:16:03.205042 - Epoch: 0 Iteration: 102  train.loss : 6.95913  train.total_ips : 789.58 img/s
DLL 2020-09-28 10:16:03.525321 - Epoch: 0 Iteration: 103  train.loss : 6.93426  train.total_ips : 799.47 img/s
DLL 2020-09-28 10:16:03.844058 - Epoch: 0 Iteration: 104  train.loss : 6.95320  train.total_ips : 803.33 img/s
DLL 2020-09-28 10:16:04.162143 - Epoch: 0 Iteration: 105  train.loss : 6.87529  train.total_ips : 804.94 img/s
DLL 2020-09-28 10:16:04.480642 - Epoch: 0 Iteration: 106  train.loss : 6.92971  train.total_ips : 803.92 img/s
DLL 2020-09-28 10:16:04.802019 - Epoch: 0 Iteration: 107  train.loss : 6.88005  train.total_ips : 796.70 img/s
DLL 2020-09-28 10:16:05.120293 - Epoch: 0 Iteration: 108  train.loss : 7.01241  train.total_ips : 804.48 img/s
DLL 2020-09-28 10:16:05.439028 - Epoch: 0 Iteration: 109  train.loss : 6.93184  train.total_ips : 803.35 img/s
DLL 2020-09-28 10:16:05.757212 - Epoch: 0 Iteration: 110  train.loss : 6.97799  train.total_ips : 804.70 img/s
DLL 2020-09-28 10:16:06.093858 - Epoch: 0 Iteration: 111  train.loss : 6.90730  train.total_ips : 760.65 img/s
DLL 2020-09-28 10:16:06.427072 - Epoch: 0 Iteration: 112  train.loss : 6.95425  train.total_ips : 768.61 img/s
DLL 2020-09-28 10:16:06.751493 - Epoch: 0 Iteration: 113  train.loss : 6.90354  train.total_ips : 789.17 img/s
DLL 2020-09-28 10:16:07.075219 - Epoch: 0 Iteration: 114  train.loss : 7.00395  train.total_ips : 791.02 img/s
DLL 2020-09-28 10:16:07.400006 - Epoch: 0 Iteration: 115  train.loss : 6.93370  train.total_ips : 788.37 img/s
DLL 2020-09-28 10:16:07.723384 - Epoch: 0 Iteration: 116  train.loss : 7.00893  train.total_ips : 791.78 img/s
DLL 2020-09-28 10:16:08.045181 - Epoch: 0 Iteration: 117  train.loss : 7.00152  train.total_ips : 795.69 img/s
DLL 2020-09-28 10:16:08.367936 - Epoch: 0 Iteration: 118  train.loss : 6.87871  train.total_ips : 793.32 img/s
DLL 2020-09-28 10:16:08.690388 - Epoch: 0 Iteration: 119  train.loss : 6.88799  train.total_ips : 794.06 img/s
DLL 2020-09-28 10:16:09.012459 - Epoch: 0 Iteration: 120  train.loss : 6.93819  train.total_ips : 795.01 img/s
DLL 2020-09-28 10:16:09.334463 - Epoch: 0 Iteration: 121  train.loss : 6.97473  train.total_ips : 795.18 img/s
DLL 2020-09-28 10:16:09.657393 - Epoch: 0 Iteration: 122  train.loss : 6.94527  train.total_ips : 792.91 img/s
DLL 2020-09-28 10:16:09.980621 - Epoch: 0 Iteration: 123  train.loss : 6.93532  train.total_ips : 792.16 img/s
DLL 2020-09-28 10:16:10.308144 - Epoch: 0 Iteration: 124  train.loss : 6.93911  train.total_ips : 781.82 img/s
DLL 2020-09-28 10:16:10.626882 - Epoch: 0 Iteration: 125  train.loss : 6.95281  train.total_ips : 803.29 img/s
DLL 2020-09-28 10:16:10.946257 - Epoch: 0 Iteration: 126  train.loss : 6.92156  train.total_ips : 801.74 img/s
DLL 2020-09-28 10:16:11.264529 - Epoch: 0 Iteration: 127  train.loss : 6.95940  train.total_ips : 804.47 img/s
DLL 2020-09-28 10:16:11.583041 - Epoch: 0 Iteration: 128  train.loss : 6.93228  train.total_ips : 803.88 img/s
DLL 2020-09-28 10:16:11.904045 - Epoch: 0 Iteration: 129  train.loss : 6.92347  train.total_ips : 797.63 img/s
DLL 2020-09-28 10:16:12.231401 - Epoch: 0 Iteration: 130  train.loss : 6.92326  train.total_ips : 782.24 img/s
DLL 2020-09-28 10:16:12.550256 - Epoch: 0 Iteration: 131  train.loss : 6.92164  train.total_ips : 803.03 img/s
DLL 2020-09-28 10:16:12.868770 - Epoch: 0 Iteration: 132  train.loss : 6.90537  train.total_ips : 803.87 img/s
DLL 2020-09-28 10:16:13.187215 - Epoch: 0 Iteration: 133  train.loss : 6.91617  train.total_ips : 804.06 img/s
DLL 2020-09-28 10:16:13.504908 - Epoch: 0 Iteration: 134  train.loss : 6.94868  train.total_ips : 805.95 img/s
DLL 2020-09-28 10:16:13.835892 - Epoch: 0 Iteration: 135  train.loss : 6.93628  train.total_ips : 773.72 img/s
DLL 2020-09-28 10:16:14.163261 - Epoch: 0 Iteration: 136  train.loss : 6.97528  train.total_ips : 782.09 img/s
DLL 2020-09-28 10:16:14.489245 - Epoch: 0 Iteration: 137  train.loss : 6.89536  train.total_ips : 785.45 img/s
DLL 2020-09-28 10:16:14.812905 - Epoch: 0 Iteration: 138  train.loss : 6.98889  train.total_ips : 791.16 img/s
DLL 2020-09-28 10:16:15.135813 - Epoch: 0 Iteration: 139  train.loss : 6.96260  train.total_ips : 792.93 img/s
DLL 2020-09-28 10:16:15.460114 - Epoch: 0 Iteration: 140  train.loss : 6.87826  train.total_ips : 789.57 img/s
DLL 2020-09-28 10:16:15.786599 - Epoch: 0 Iteration: 141  train.loss : 6.93148  train.total_ips : 784.26 img/s
DLL 2020-09-28 10:16:16.110113 - Epoch: 0 Iteration: 142  train.loss : 6.83792  train.total_ips : 791.56 img/s
DLL 2020-09-28 10:16:16.436346 - Epoch: 0 Iteration: 143  train.loss : 6.93250  train.total_ips : 784.86 img/s
DLL 2020-09-28 10:16:16.764526 - Epoch: 0 Iteration: 144  train.loss : 6.92324  train.total_ips : 780.21 img/s
DLL 2020-09-28 10:16:17.090833 - Epoch: 0 Iteration: 145  train.loss : 6.94891  train.total_ips : 784.68 img/s
DLL 2020-09-28 10:16:17.414295 - Epoch: 0 Iteration: 146  train.loss : 6.93020  train.total_ips : 791.59 img/s
DLL 2020-09-28 10:16:17.737629 - Epoch: 0 Iteration: 147  train.loss : 6.94628  train.total_ips : 791.89 img/s
DLL 2020-09-28 10:16:18.064031 - Epoch: 0 Iteration: 148  train.loss : 6.96490  train.total_ips : 784.44 img/s
DLL 2020-09-28 10:16:18.384125 - Epoch: 0 Iteration: 149  train.loss : 6.93011  train.total_ips : 800.64 img/s
DLL 2020-09-28 10:16:18.707541 - Epoch: 0  train.loss : -3395163835457884672.00000  train.total_ips : 789.00 img/s
DLL 2020-09-28 10:16:18.707676 - Epoch: 0  lr : 0.032  train.compute_ips : 791.68 img/s train.data_time : 0.00109 s train.compute_time : 0.36437 s
DLL 2020-09-28 10:16:18.707783 - Summary: train.loss : -3395163835457884672.00000  train.total_ips : 789.00 img/s
DLL 2020-09-28 10:16:18.707827 - Summary: lr : 0.032  train.compute_ips : 791.68 img/s train.data_time : 0.00109 s train.compute_time : 0.36437 s
Experiment ended
dist_rank:  0
['/opt/conda/bin/python', '-u', '/workspace/rn50/main.py', '--data-backend', 'dali-cpu', '--raport-file', '/workspace/rn50/raport.json', '-j5', '-p', '1', '--lr', '0.256', '--optimizer-batch-size', '-1', '--warmup', '8', '--arch', 'resnet50', '-c', 'fanin', '--label-smoothing', '0.1', '--lr-schedule', 'cosine', '--mom', '0.125', '--wd', '3.0517578125e-05', '--workspace', '/workspace/rn50', '-b', '256', '--epochs', '1', '--prof', '150', '--training-only', '--no-checkpoints', '--amp', '--dynamic-loss-scale', '/data/image']
