+ python /workspace/rn50/multiproc.py --nnodes 1 --node_rank 0 --nproc_per_node 1 --master_addr 127.0.0.1 --master_port=29500 /workspace/rn50/main.py --data-backend dali-cpu --raport-file /workspace/rn50/raport.json -j5 -p 1 --lr 0.256 --optimizer-batch-size -1 --warmup 8 --arch resnet50 -c fanin --label-smoothing 0.1 --lr-schedule cosine --mom 0.125 --wd 3.0517578125e-05 --workspace /workspace/rn50 -b 256 --epochs 1 --prof 150 --training-only --no-checkpoints --amp --dynamic-loss-scale /data/image
world_size in env:  1
distributed in env:  False
loca_rank in env:  0
=> creating model '('resnet50', 'fanin', 1000)'
Version: {'net': <class 'image_classification.resnet.ResNet'>, 'block': <class 'image_classification.resnet.Bottleneck'>, 'layers': [3, 4, 6, 3], 'widths': [64, 128, 256, 512], 'expansion': 4}
Config: {'conv': <class 'torch.nn.modules.conv.Conv2d'>, 'conv_init': 'fan_in', 'nonlinearity': 'relu', 'last_bn_0_init': False, 'activation': <function <lambda> at 0x7fe3ce68d9d8>}
Num classes: 1000
device_count():  8
device_id:  0
read 3545488 files from 2792 directories
read 50000 files from 1000 directories
DLL 2020-09-28 10:18:25.891965 - PARAMETER data : /data/image  data_backend : dali-cpu  arch : resnet50  model_config : fanin  num_classes : 1000  workers : 5  epochs : 1  run_epochs : -1  batch_size : 256  optimizer_batch_size : -1  lr : 0.256  lr_schedule : cosine  warmup : 8  label_smoothing : 0.1  mixup : 0.0  momentum : 0.125  weight_decay : 3.0517578125e-05  bn_weight_decay : False  nesterov : False  print_freq : 1  resume : None  pretrained_weights :   fp16 : False  static_loss_scale : 1  dynamic_loss_scale : True  prof : 150  amp : True  seed : None  gather_checkpoints : False  raport_file : /workspace/rn50/raport.json  evaluate : False  training_only : True  save_checkpoints : False  checkpoint_filename : checkpoint.pth.tar  workspace : /workspace/rn50  memory_format : nchw  distributed : False  local_rank : 0  gpu : 0  world_size : 1 
 ! Weight decay NOT applied to BN parameters 
98
63
Selected optimization level O1:  Insert automatic casts around Pytorch functions and Tensor methods.

Defaults for this optimization level are:
enabled                : True
opt_level              : O1
cast_model_type        : None
patch_torch_functions  : True
keep_batchnorm_fp32    : None
master_weights         : None
loss_scale             : dynamic
Processing user overrides (additional kwargs that are not None)...
After processing overrides, optimization options are:
enabled                : True
opt_level              : O1
cast_model_type        : None
patch_torch_functions  : True
keep_batchnorm_fp32    : None
master_weights         : None
loss_scale             : dynamic
RUNNING EPOCHS FROM 0 TO 1
DLL 2020-09-28 10:18:32.575271 - Epoch: 0 Iteration: 1  train.loss : 7.02739  train.total_ips : 38.41 img/s
DLL 2020-09-28 10:18:32.983016 - Epoch: 0 Iteration: 2  train.loss : 7.03287  train.total_ips : 627.98 img/s
DLL 2020-09-28 10:18:33.305144 - Epoch: 0 Iteration: 3  train.loss : 6.93506  train.total_ips : 795.10 img/s
DLL 2020-09-28 10:18:33.625551 - Epoch: 0 Iteration: 4  train.loss : 6.98824  train.total_ips : 799.12 img/s
DLL 2020-09-28 10:18:33.943163 - Epoch: 0 Iteration: 5  train.loss : 7.02348  train.total_ips : 806.21 img/s
DLL 2020-09-28 10:18:34.259755 - Epoch: 0 Iteration: 6  train.loss : 6.99957  train.total_ips : 808.75 img/s
DLL 2020-09-28 10:18:34.576906 - Epoch: 0 Iteration: 7  train.loss : 6.95156  train.total_ips : 807.37 img/s
DLL 2020-09-28 10:18:34.895687 - Epoch: 0 Iteration: 8  train.loss : 6.99732  train.total_ips : 803.22 img/s
DLL 2020-09-28 10:18:35.212861 - Epoch: 0 Iteration: 9  train.loss : 6.97076  train.total_ips : 807.31 img/s
DLL 2020-09-28 10:18:35.530475 - Epoch: 0 Iteration: 10  train.loss : 6.97232  train.total_ips : 806.19 img/s
DLL 2020-09-28 10:18:35.847543 - Epoch: 0 Iteration: 11  train.loss : 6.98465  train.total_ips : 807.55 img/s
DLL 2020-09-28 10:18:36.165025 - Epoch: 0 Iteration: 12  train.loss : 6.96565  train.total_ips : 806.51 img/s
DLL 2020-09-28 10:18:36.485745 - Epoch: 0 Iteration: 13  train.loss : 6.96091  train.total_ips : 798.30 img/s
DLL 2020-09-28 10:18:36.805523 - Epoch: 0 Iteration: 14  train.loss : 6.98892  train.total_ips : 800.66 img/s
DLL 2020-09-28 10:18:37.125622 - Epoch: 0 Iteration: 15  train.loss : 6.95255  train.total_ips : 799.86 img/s
DLL 2020-09-28 10:18:37.446962 - Epoch: 0 Iteration: 16  train.loss : 6.97687  train.total_ips : 796.85 img/s
DLL 2020-09-28 10:18:37.767679 - Epoch: 0 Iteration: 17  train.loss : 7.01749  train.total_ips : 798.30 img/s
DLL 2020-09-28 10:18:38.093226 - Epoch: 0 Iteration: 18  train.loss : 6.96240  train.total_ips : 786.47 img/s
DLL 2020-09-28 10:18:38.413787 - Epoch: 0 Iteration: 19  train.loss : 6.95043  train.total_ips : 798.71 img/s
DLL 2020-09-28 10:18:38.734303 - Epoch: 0 Iteration: 20  train.loss : 6.95597  train.total_ips : 798.82 img/s
DLL 2020-09-28 10:18:39.054895 - Epoch: 0 Iteration: 21  train.loss : 6.94514  train.total_ips : 798.65 img/s
DLL 2020-09-28 10:18:39.375478 - Epoch: 0 Iteration: 22  train.loss : 6.92998  train.total_ips : 798.65 img/s
DLL 2020-09-28 10:18:39.695661 - Epoch: 0 Iteration: 23  train.loss : 6.96370  train.total_ips : 799.65 img/s
DLL 2020-09-28 10:18:40.015413 - Epoch: 0 Iteration: 24  train.loss : 6.97260  train.total_ips : 800.73 img/s
DLL 2020-09-28 10:18:40.335091 - Epoch: 0 Iteration: 25  train.loss : 6.98023  train.total_ips : 800.93 img/s
DLL 2020-09-28 10:18:40.655029 - Epoch: 0 Iteration: 26  train.loss : 6.94242  train.total_ips : 800.25 img/s
DLL 2020-09-28 10:18:40.975447 - Epoch: 0 Iteration: 27  train.loss : 6.94086  train.total_ips : 799.06 img/s
DLL 2020-09-28 10:18:41.292154 - Epoch: 0 Iteration: 28  train.loss : 6.98008  train.total_ips : 808.54 img/s
DLL 2020-09-28 10:18:41.614493 - Epoch: 0 Iteration: 29  train.loss : 6.94135  train.total_ips : 794.33 img/s
DLL 2020-09-28 10:18:41.940345 - Epoch: 0 Iteration: 30  train.loss : 6.97657  train.total_ips : 785.78 img/s
DLL 2020-09-28 10:18:42.264196 - Epoch: 0 Iteration: 31  train.loss : 6.92906  train.total_ips : 790.61 img/s
DLL 2020-09-28 10:18:42.580802 - Epoch: 0 Iteration: 32  train.loss : 6.95013  train.total_ips : 809.11 img/s
DLL 2020-09-28 10:18:42.903097 - Epoch: 0 Iteration: 33  train.loss : 6.95237  train.total_ips : 794.64 img/s
DLL 2020-09-28 10:18:43.226415 - Epoch: 0 Iteration: 34  train.loss : 6.94053  train.total_ips : 791.95 img/s
DLL 2020-09-28 10:18:43.547966 - Epoch: 0 Iteration: 35  train.loss : 6.93983  train.total_ips : 796.44 img/s
DLL 2020-09-28 10:18:43.864137 - Epoch: 0 Iteration: 36  train.loss : 6.91362  train.total_ips : 809.87 img/s
DLL 2020-09-28 10:18:44.180048 - Epoch: 0 Iteration: 37  train.loss : 6.92239  train.total_ips : 810.44 img/s
DLL 2020-09-28 10:18:44.496260 - Epoch: 0 Iteration: 38  train.loss : 6.95457  train.total_ips : 809.69 img/s
DLL 2020-09-28 10:18:44.812261 - Epoch: 0 Iteration: 39  train.loss : 7.01943  train.total_ips : 810.22 img/s
DLL 2020-09-28 10:18:45.128520 - Epoch: 0 Iteration: 40  train.loss : 6.92172  train.total_ips : 809.56 img/s
DLL 2020-09-28 10:18:45.444139 - Epoch: 0 Iteration: 41  train.loss : 6.95393  train.total_ips : 811.20 img/s
DLL 2020-09-28 10:18:45.760672 - Epoch: 0 Iteration: 42  train.loss : 6.96841  train.total_ips : 808.86 img/s
DLL 2020-09-28 10:18:46.080339 - Epoch: 0 Iteration: 43  train.loss : 6.97447  train.total_ips : 800.93 img/s
DLL 2020-09-28 10:18:46.396504 - Epoch: 0 Iteration: 44  train.loss : 6.95293  train.total_ips : 809.80 img/s
DLL 2020-09-28 10:18:46.712447 - Epoch: 0 Iteration: 45  train.loss : 6.94735  train.total_ips : 810.37 img/s
DLL 2020-09-28 10:18:47.028510 - Epoch: 0 Iteration: 46  train.loss : 6.93439  train.total_ips : 810.06 img/s
DLL 2020-09-28 10:18:47.345572 - Epoch: 0 Iteration: 47  train.loss : 6.96816  train.total_ips : 808.81 img/s
DLL 2020-09-28 10:18:47.661559 - Epoch: 0 Iteration: 48  train.loss : 6.94803  train.total_ips : 810.26 img/s
DLL 2020-09-28 10:18:47.977874 - Epoch: 0 Iteration: 49  train.loss : 6.96102  train.total_ips : 809.42 img/s
DLL 2020-09-28 10:18:48.298048 - Epoch: 0 Iteration: 50  train.loss : 6.90721  train.total_ips : 799.78 img/s
DLL 2020-09-28 10:18:48.620080 - Epoch: 0 Iteration: 51  train.loss : 6.97705  train.total_ips : 795.07 img/s
DLL 2020-09-28 10:18:48.937179 - Epoch: 0 Iteration: 52  train.loss : 6.94243  train.total_ips : 807.47 img/s
DLL 2020-09-28 10:18:49.257815 - Epoch: 0 Iteration: 53  train.loss : 6.95860  train.total_ips : 798.53 img/s
DLL 2020-09-28 10:18:49.577684 - Epoch: 0 Iteration: 54  train.loss : 6.92757  train.total_ips : 800.89 img/s
DLL 2020-09-28 10:18:49.897715 - Epoch: 0 Iteration: 55  train.loss : 6.88799  train.total_ips : 799.99 img/s
DLL 2020-09-28 10:18:50.214636 - Epoch: 0 Iteration: 56  train.loss : 6.94661  train.total_ips : 807.98 img/s
DLL 2020-09-28 10:18:50.535200 - Epoch: 0 Iteration: 57  train.loss : 6.94900  train.total_ips : 798.73 img/s
DLL 2020-09-28 10:18:50.853172 - Epoch: 0 Iteration: 58  train.loss : 6.95201  train.total_ips : 805.30 img/s
DLL 2020-09-28 10:18:51.169904 - Epoch: 0 Iteration: 59  train.loss : 6.92785  train.total_ips : 808.41 img/s
DLL 2020-09-28 10:18:51.486923 - Epoch: 0 Iteration: 60  train.loss : 6.89582  train.total_ips : 807.65 img/s
DLL 2020-09-28 10:18:51.804120 - Epoch: 0 Iteration: 61  train.loss : 6.95895  train.total_ips : 807.21 img/s
DLL 2020-09-28 10:18:52.121122 - Epoch: 0 Iteration: 62  train.loss : 6.93158  train.total_ips : 807.75 img/s
DLL 2020-09-28 10:18:52.445054 - Epoch: 0 Iteration: 63  train.loss : 6.93584  train.total_ips : 790.39 img/s
DLL 2020-09-28 10:18:52.761683 - Epoch: 0 Iteration: 64  train.loss : 6.93091  train.total_ips : 808.62 img/s
DLL 2020-09-28 10:18:53.082484 - Epoch: 0 Iteration: 65  train.loss : 6.93138  train.total_ips : 798.19 img/s
DLL 2020-09-28 10:18:53.399402 - Epoch: 0 Iteration: 66  train.loss : 6.99893  train.total_ips : 807.93 img/s
DLL 2020-09-28 10:18:53.720593 - Epoch: 0 Iteration: 67  train.loss : 6.94110  train.total_ips : 797.14 img/s
DLL 2020-09-28 10:18:54.047081 - Epoch: 0 Iteration: 68  train.loss : 6.93281  train.total_ips : 784.30 img/s
DLL 2020-09-28 10:18:54.364123 - Epoch: 0 Iteration: 69  train.loss : 6.95613  train.total_ips : 807.61 img/s
DLL 2020-09-28 10:18:54.681521 - Epoch: 0 Iteration: 70  train.loss : 6.95161  train.total_ips : 806.72 img/s
DLL 2020-09-28 10:18:55.000656 - Epoch: 0 Iteration: 71  train.loss : 6.90869  train.total_ips : 802.58 img/s
DLL 2020-09-28 10:18:55.322413 - Epoch: 0 Iteration: 72  train.loss : 6.97188  train.total_ips : 796.24 img/s
DLL 2020-09-28 10:18:55.640995 - Epoch: 0 Iteration: 73  train.loss : 6.94280  train.total_ips : 803.80 img/s
DLL 2020-09-28 10:18:55.959951 - Epoch: 0 Iteration: 74  train.loss : 6.98767  train.total_ips : 802.65 img/s
DLL 2020-09-28 10:18:56.280997 - Epoch: 0 Iteration: 75  train.loss : 6.94162  train.total_ips : 797.53 img/s
DLL 2020-09-28 10:18:56.599634 - Epoch: 0 Iteration: 76  train.loss : 6.92508  train.total_ips : 803.82 img/s
DLL 2020-09-28 10:18:56.917593 - Epoch: 0 Iteration: 77  train.loss : 6.96694  train.total_ips : 805.23 img/s
DLL 2020-09-28 10:18:57.237910 - Epoch: 0 Iteration: 78  train.loss : 6.93642  train.total_ips : 799.63 img/s
DLL 2020-09-28 10:18:57.556432 - Epoch: 0 Iteration: 79  train.loss : 6.91651  train.total_ips : 803.87 img/s
DLL 2020-09-28 10:18:57.874127 - Epoch: 0 Iteration: 80  train.loss : 6.90033  train.total_ips : 805.95 img/s
DLL 2020-09-28 10:18:58.191643 - Epoch: 0 Iteration: 81  train.loss : 6.96977  train.total_ips : 806.40 img/s
DLL 2020-09-28 10:18:58.509777 - Epoch: 0 Iteration: 82  train.loss : 6.92638  train.total_ips : 804.89 img/s
DLL 2020-09-28 10:18:58.828218 - Epoch: 0 Iteration: 83  train.loss : 6.97280  train.total_ips : 804.07 img/s
DLL 2020-09-28 10:18:59.145448 - Epoch: 0 Iteration: 84  train.loss : 6.91204  train.total_ips : 807.13 img/s
DLL 2020-09-28 10:18:59.463491 - Epoch: 0 Iteration: 85  train.loss : 6.93410  train.total_ips : 805.58 img/s
DLL 2020-09-28 10:18:59.781051 - Epoch: 0 Iteration: 86  train.loss : 7.00161  train.total_ips : 806.22 img/s
DLL 2020-09-28 10:19:00.098110 - Epoch: 0 Iteration: 87  train.loss : 6.94516  train.total_ips : 807.56 img/s
DLL 2020-09-28 10:19:00.418217 - Epoch: 0 Iteration: 88  train.loss : 6.89618  train.total_ips : 799.94 img/s
DLL 2020-09-28 10:19:00.736904 - Epoch: 0 Iteration: 89  train.loss : 6.95486  train.total_ips : 804.72 img/s
DLL 2020-09-28 10:19:01.061441 - Epoch: 0 Iteration: 90  train.loss : 6.89375  train.total_ips : 788.98 img/s
DLL 2020-09-28 10:19:01.378889 - Epoch: 0 Iteration: 91  train.loss : 6.92541  train.total_ips : 806.57 img/s
DLL 2020-09-28 10:19:01.696137 - Epoch: 0 Iteration: 92  train.loss : 6.95243  train.total_ips : 807.07 img/s
DLL 2020-09-28 10:19:02.013736 - Epoch: 0 Iteration: 93  train.loss : 6.91945  train.total_ips : 806.20 img/s
DLL 2020-09-28 10:19:02.332804 - Epoch: 0 Iteration: 94  train.loss : 6.93391  train.total_ips : 803.54 img/s
DLL 2020-09-28 10:19:02.654079 - Epoch: 0 Iteration: 95  train.loss : 6.95268  train.total_ips : 797.00 img/s
DLL 2020-09-28 10:19:02.971725 - Epoch: 0 Iteration: 96  train.loss : 6.93147  train.total_ips : 806.23 img/s
DLL 2020-09-28 10:19:03.294539 - Epoch: 0 Iteration: 97  train.loss : 6.91231  train.total_ips : 793.18 img/s
DLL 2020-09-28 10:19:03.612304 - Epoch: 0 Iteration: 98  train.loss : 6.98060  train.total_ips : 805.89 img/s
DLL 2020-09-28 10:19:03.932364 - Epoch: 0 Iteration: 99  train.loss : 6.98291  train.total_ips : 799.99 img/s
DLL 2020-09-28 10:19:04.250228 - Epoch: 0 Iteration: 100  train.loss : 6.95695  train.total_ips : 805.51 img/s
DLL 2020-09-28 10:19:04.567601 - Epoch: 0 Iteration: 101  train.loss : 6.90539  train.total_ips : 806.76 img/s
DLL 2020-09-28 10:19:04.885509 - Epoch: 0 Iteration: 102  train.loss : 6.93386  train.total_ips : 805.42 img/s
DLL 2020-09-28 10:19:05.202550 - Epoch: 0 Iteration: 103  train.loss : 6.95385  train.total_ips : 807.61 img/s
DLL 2020-09-28 10:19:05.526934 - Epoch: 0 Iteration: 104  train.loss : 6.96184  train.total_ips : 789.43 img/s
DLL 2020-09-28 10:19:05.853603 - Epoch: 0 Iteration: 105  train.loss : 6.88302  train.total_ips : 783.89 img/s
DLL 2020-09-28 10:19:06.170634 - Epoch: 0 Iteration: 106  train.loss : 6.93333  train.total_ips : 807.57 img/s
DLL 2020-09-28 10:19:06.487438 - Epoch: 0 Iteration: 107  train.loss : 6.87472  train.total_ips : 808.22 img/s
DLL 2020-09-28 10:19:06.804178 - Epoch: 0 Iteration: 108  train.loss : 6.94879  train.total_ips : 808.55 img/s
DLL 2020-09-28 10:19:07.125728 - Epoch: 0 Iteration: 109  train.loss : 6.94110  train.total_ips : 796.27 img/s
DLL 2020-09-28 10:19:07.443742 - Epoch: 0 Iteration: 110  train.loss : 6.94221  train.total_ips : 805.17 img/s
DLL 2020-09-28 10:19:07.760917 - Epoch: 0 Iteration: 111  train.loss : 6.94361  train.total_ips : 807.23 img/s
DLL 2020-09-28 10:19:08.089811 - Epoch: 0 Iteration: 112  train.loss : 6.90762  train.total_ips : 778.50 img/s
DLL 2020-09-28 10:19:08.407238 - Epoch: 0 Iteration: 113  train.loss : 6.92876  train.total_ips : 806.63 img/s
DLL 2020-09-28 10:19:08.724804 - Epoch: 0 Iteration: 114  train.loss : 6.96624  train.total_ips : 806.27 img/s
DLL 2020-09-28 10:19:09.042351 - Epoch: 0 Iteration: 115  train.loss : 6.92957  train.total_ips : 806.35 img/s
DLL 2020-09-28 10:19:09.359021 - Epoch: 0 Iteration: 116  train.loss : 6.98977  train.total_ips : 808.55 img/s
DLL 2020-09-28 10:19:09.676674 - Epoch: 0 Iteration: 117  train.loss : 6.98820  train.total_ips : 806.05 img/s
DLL 2020-09-28 10:19:09.995807 - Epoch: 0 Iteration: 118  train.loss : 6.89229  train.total_ips : 802.30 img/s
DLL 2020-09-28 10:19:10.319532 - Epoch: 0 Iteration: 119  train.loss : 6.91858  train.total_ips : 790.99 img/s
DLL 2020-09-28 10:19:10.638432 - Epoch: 0 Iteration: 120  train.loss : 6.92024  train.total_ips : 802.89 img/s
DLL 2020-09-28 10:19:10.957871 - Epoch: 0 Iteration: 121  train.loss : 6.96594  train.total_ips : 801.58 img/s
DLL 2020-09-28 10:19:11.281567 - Epoch: 0 Iteration: 122  train.loss : 6.95311  train.total_ips : 791.15 img/s
DLL 2020-09-28 10:19:11.599626 - Epoch: 0 Iteration: 123  train.loss : 6.95572  train.total_ips : 805.05 img/s
DLL 2020-09-28 10:19:11.917585 - Epoch: 0 Iteration: 124  train.loss : 6.94398  train.total_ips : 805.26 img/s
DLL 2020-09-28 10:19:12.235447 - Epoch: 0 Iteration: 125  train.loss : 6.93695  train.total_ips : 805.51 img/s
DLL 2020-09-28 10:19:12.551710 - Epoch: 0 Iteration: 126  train.loss : 6.93306  train.total_ips : 809.59 img/s
DLL 2020-09-28 10:19:12.869313 - Epoch: 0 Iteration: 127  train.loss : 6.97568  train.total_ips : 806.21 img/s
DLL 2020-09-28 10:19:13.186218 - Epoch: 0 Iteration: 128  train.loss : 6.90567  train.total_ips : 807.95 img/s
DLL 2020-09-28 10:19:13.508970 - Epoch: 0 Iteration: 129  train.loss : 6.91190  train.total_ips : 793.38 img/s
DLL 2020-09-28 10:19:13.834909 - Epoch: 0 Iteration: 130  train.loss : 6.94195  train.total_ips : 785.52 img/s
DLL 2020-09-28 10:19:14.156800 - Epoch: 0 Iteration: 131  train.loss : 6.91230  train.total_ips : 795.48 img/s
DLL 2020-09-28 10:19:14.473641 - Epoch: 0 Iteration: 132  train.loss : 6.91134  train.total_ips : 808.09 img/s
DLL 2020-09-28 10:19:14.791315 - Epoch: 0 Iteration: 133  train.loss : 6.91613  train.total_ips : 806.04 img/s
DLL 2020-09-28 10:19:15.108670 - Epoch: 0 Iteration: 134  train.loss : 6.94182  train.total_ips : 806.76 img/s
DLL 2020-09-28 10:19:15.426410 - Epoch: 0 Iteration: 135  train.loss : 6.93571  train.total_ips : 805.82 img/s
DLL 2020-09-28 10:19:15.743336 - Epoch: 0 Iteration: 136  train.loss : 6.95864  train.total_ips : 807.94 img/s
DLL 2020-09-28 10:19:16.060729 - Epoch: 0 Iteration: 137  train.loss : 6.90723  train.total_ips : 806.70 img/s
DLL 2020-09-28 10:19:16.377743 - Epoch: 0 Iteration: 138  train.loss : 6.96890  train.total_ips : 807.94 img/s
DLL 2020-09-28 10:19:16.694222 - Epoch: 0 Iteration: 139  train.loss : 6.96460  train.total_ips : 809.03 img/s
DLL 2020-09-28 10:19:17.021767 - Epoch: 0 Iteration: 140  train.loss : 6.87109  train.total_ips : 781.76 img/s
DLL 2020-09-28 10:19:17.338664 - Epoch: 0 Iteration: 141  train.loss : 6.92935  train.total_ips : 807.99 img/s
DLL 2020-09-28 10:19:17.655417 - Epoch: 0 Iteration: 142  train.loss : 6.83499  train.total_ips : 808.32 img/s
DLL 2020-09-28 10:19:17.977546 - Epoch: 0 Iteration: 143  train.loss : 6.94888  train.total_ips : 794.91 img/s
DLL 2020-09-28 10:19:18.295615 - Epoch: 0 Iteration: 144  train.loss : 6.92061  train.total_ips : 805.03 img/s
DLL 2020-09-28 10:19:18.614161 - Epoch: 0 Iteration: 145  train.loss : 6.94302  train.total_ips : 803.80 img/s
DLL 2020-09-28 10:19:18.943436 - Epoch: 0 Iteration: 146  train.loss : 6.90550  train.total_ips : 777.58 img/s
DLL 2020-09-28 10:19:19.260612 - Epoch: 0 Iteration: 147  train.loss : 6.89225  train.total_ips : 807.27 img/s
DLL 2020-09-28 10:19:19.578427 - Epoch: 0 Iteration: 148  train.loss : 6.93783  train.total_ips : 805.64 img/s
DLL 2020-09-28 10:19:19.895624 - Epoch: 0 Iteration: 149  train.loss : 6.93676  train.total_ips : 807.22 img/s
DLL 2020-09-28 10:19:20.212919 - Epoch: 0  train.loss : 6.94555  train.total_ips : 796.20 img/s
DLL 2020-09-28 10:19:20.213057 - Epoch: 0  lr : 0.032  train.compute_ips : 798.87 img/s train.data_time : 0.00107 s train.compute_time : 0.36088 s
DLL 2020-09-28 10:19:20.213177 - Summary: train.loss : 6.94555  train.total_ips : 796.20 img/s
DLL 2020-09-28 10:19:20.213218 - Summary: lr : 0.032  train.compute_ips : 798.87 img/s train.data_time : 0.00107 s train.compute_time : 0.36088 s
Experiment ended
dist_rank:  0
['/opt/conda/bin/python', '-u', '/workspace/rn50/main.py', '--data-backend', 'dali-cpu', '--raport-file', '/workspace/rn50/raport.json', '-j5', '-p', '1', '--lr', '0.256', '--optimizer-batch-size', '-1', '--warmup', '8', '--arch', 'resnet50', '-c', 'fanin', '--label-smoothing', '0.1', '--lr-schedule', 'cosine', '--mom', '0.125', '--wd', '3.0517578125e-05', '--workspace', '/workspace/rn50', '-b', '256', '--epochs', '1', '--prof', '150', '--training-only', '--no-checkpoints', '--amp', '--dynamic-loss-scale', '/data/image']
