+ python /workspace/rn50/multiproc.py --nnodes 1 --node_rank 0 --nproc_per_node 4 --master_addr 127.0.0.1 --master_port=29500 /workspace/rn50/main.py --data-backend dali-cpu --raport-file /workspace/rn50/raport.json -j8 -p 1 --lr 1.024 --optimizer-batch-size -1 --warmup 8 --arch resnet50 -c fanin --label-smoothing 0.1 --lr-schedule cosine --mom 0.125 --wd 3.0517578125e-05 --workspace /workspace/rn50 -b 256 --epochs 1 --prof 150 --training-only --no-checkpoints --amp --dynamic-loss-scale /data/image
=> creating model '('resnet50', 'fanin', 1000)'
Version: {'net': <class 'image_classification.resnet.ResNet'>, 'block': <class 'image_classification.resnet.Bottleneck'>, 'layers': [3, 4, 6, 3], 'widths': [64, 128, 256, 512], 'expansion': 4}
Config: {'conv': <class 'torch.nn.modules.conv.Conv2d'>, 'conv_init': 'fan_in', 'nonlinearity': 'relu', 'last_bn_0_init': False, 'activation': <function <lambda> at 0x7f484f9229d8>}
Num classes: 1000
i'm distributed in dali~~~~~~~~~~~~~~~~~
rank in dali:  0
world_size in dali:  4
read 3545488 files from 2792 directories
read 50000 files from 1000 directories
DLL 2020-09-28 13:19:03.915635 - PARAMETER data : /data/image  data_backend : dali-cpu  arch : resnet50  model_config : fanin  num_classes : 1000  workers : 8  epochs : 1  run_epochs : -1  batch_size : 256  optimizer_batch_size : -1  lr : 1.024  lr_schedule : cosine  warmup : 8  label_smoothing : 0.1  mixup : 0.0  momentum : 0.125  weight_decay : 3.0517578125e-05  bn_weight_decay : False  nesterov : False  print_freq : 1  resume : None  pretrained_weights :   fp16 : False  static_loss_scale : 1  dynamic_loss_scale : True  prof : 150  amp : True  seed : None  gather_checkpoints : False  raport_file : /workspace/rn50/raport.json  evaluate : False  training_only : True  save_checkpoints : False  checkpoint_filename : checkpoint.pth.tar  workspace : /workspace/rn50  memory_format : nchw  distributed : True  local_rank : 0  gpu : 8  world_size : 4 
 ! Weight decay NOT applied to BN parameters 
98
63
Selected optimization level O1:  Insert automatic casts around Pytorch functions and Tensor methods.

Defaults for this optimization level are:
enabled                : True
opt_level              : O1
cast_model_type        : None
patch_torch_functions  : True
keep_batchnorm_fp32    : None
master_weights         : None
loss_scale             : dynamic
Processing user overrides (additional kwargs that are not None)...
After processing overrides, optimization options are:
enabled                : True
opt_level              : O1
cast_model_type        : None
patch_torch_functions  : True
keep_batchnorm_fp32    : None
master_weights         : None
loss_scale             : dynamic
RUNNING EPOCHS FROM 0 TO 1
DLL 2020-09-28 13:19:17.063217 - Epoch: 0 Iteration: 1  train.loss : 7.07248  train.total_ips : 85.80 img/s
DLL 2020-09-28 13:19:17.870351 - Epoch: 0 Iteration: 2  train.loss : 7.02760  train.total_ips : 1268.73 img/s
DLL 2020-09-28 13:19:18.433098 - Epoch: 0 Iteration: 3  train.loss : 6.98000  train.total_ips : 1819.87 img/s
DLL 2020-09-28 13:19:18.916871 - Epoch: 0 Iteration: 4  train.loss : 7.01462  train.total_ips : 2117.03 img/s
Traceback (most recent call last):
  File "/workspace/rn50/main.py", line 542, in <module>
    main(args)
  File "/workspace/rn50/main.py", line 527, in main
Traceback (most recent call last):
  File "/workspace/rn50/main.py", line 542, in <module>
    checkpoint_filename=args.checkpoint_filename,
  File "/workspace/rn50/image_classification/training.py", line 532, in train_loop
    main(args)
  File "/workspace/rn50/main.py", line 527, in main
    checkpoint_filename=args.checkpoint_filename,
  File "/workspace/rn50/image_classification/training.py", line 532, in train_loop
    batch_size_multiplier=batch_size_multiplier,
  File "/workspace/rn50/image_classification/training.py", line 340, in train
    batch_size_multiplier=batch_size_multiplier,
  File "/workspace/rn50/image_classification/training.py", line 340, in train
    loss = step(input, target, optimizer_step=optimizer_step)
  File "/workspace/rn50/image_classification/training.py", line 245, in _step
    scaled_loss.backward()
  File "/opt/conda/lib/python3.6/site-packages/torch/tensor.py", line 198, in backward
    torch.autograd.backward(self, gradient, retain_graph, create_graph)
  File "/opt/conda/lib/python3.6/site-packages/torch/autograd/__init__.py", line 99, in backward
    allow_unreachable=True)  # allow_unreachable flag
    loss = step(input, target, optimizer_step=optimizer_step)
RuntimeError: CUDA out of memory. Tried to allocate 982.00 MiB (GPU 3; 15.78 GiB total capacity; 6.83 GiB already allocated; 488.44 MiB free; 11.49 GiB reserved in total by PyTorch) (malloc at ../c10/cuda/CUDACachingAllocator.cpp:289)
frame #0: c10::Error::Error(c10::SourceLocation, std::__cxx11::basic_string<char, std::char_traits<char>, std::allocator<char> > const&) + 0x6c (0x7f8dde56536c in /opt/conda/lib/python3.6/site-packages/torch/lib/libc10.so)
frame #1: <unknown function> + 0x2575f (0x7f8dd701275f in /opt/conda/lib/python3.6/site-packages/torch/lib/libc10_cuda.so)
frame #2: c10::cuda::CUDACachingAllocator::raw_alloc(unsigned long) + 0x85 (0x7f8dd700b9e5 in /opt/conda/lib/python3.6/site-packages/torch/lib/libc10_cuda.so)
frame #3: <unknown function> + 0x319a61c (0x7f8cfdcab61c in /opt/conda/lib/python3.6/site-packages/torch/lib/libtorch_cuda.so)
frame #4: <unknown function> + 0x3192fb7 (0x7f8cfdca3fb7 in /opt/conda/lib/python3.6/site-packages/torch/lib/libtorch_cuda.so)
frame #5: <unknown function> + 0x3194016 (0x7f8cfdca5016 in /opt/conda/lib/python3.6/site-packages/torch/lib/libtorch_cuda.so)
frame #6: <unknown function> + 0x3196edc (0x7f8cfdca7edc in /opt/conda/lib/python3.6/site-packages/torch/lib/libtorch_cuda.so)
frame #7: at::native::cudnn_convolution_backward_input(c10::ArrayRef<long>, at::Tensor const&, at::Tensor const&, c10::ArrayRef<long>, c10::ArrayRef<long>, c10::ArrayRef<long>, long, bool, bool) + 0xc1 (0x7f8cfdca8471 in /opt/conda/lib/python3.6/site-packages/torch/lib/libtorch_cuda.so)
frame #8: <unknown function> + 0x31faa81 (0x7f8cfdd0ba81 in /opt/conda/lib/python3.6/site-packages/torch/lib/libtorch_cuda.so)
frame #9: <unknown function> + 0x325809c (0x7f8cfdd6909c in /opt/conda/lib/python3.6/site-packages/torch/lib/libtorch_cuda.so)
frame #10: at::native::cudnn_convolution_backward(at::Tensor const&, at::Tensor const&, at::Tensor const&, c10::ArrayRef<long>, c10::ArrayRef<long>, c10::ArrayRef<long>, long, bool, bool, std::array<bool, 2ul>) + 0x514 (0x7f8cfdca9b44 in /opt/conda/lib/python3.6/site-packages/torch/lib/libtorch_cuda.so)
frame #11: <unknown function> + 0x31fae5f (0x7f8cfdd0be5f in /opt/conda/lib/python3.6/site-packages/torch/lib/libtorch_cuda.so)
frame #12: <unknown function> + 0x3258118 (0x7f8cfdd69118 in /opt/conda/lib/python3.6/site-packages/torch/lib/libtorch_cuda.so)
frame #13: <unknown function> + 0x2ac4773 (0x7f8d5254c773 in /opt/conda/lib/python3.6/site-packages/torch/lib/libtorch_cpu.so)
frame #14: <unknown function> + 0x2b12208 (0x7f8d5259a208 in /opt/conda/lib/python3.6/site-packages/torch/lib/libtorch_cpu.so)
frame #15: torch::autograd::generated::CudnnConvolutionBackward::apply(std::vector<at::Tensor, std::allocator<at::Tensor> >&&) + 0x3bd (0x7f8d5216795d in /opt/conda/lib/python3.6/site-packages/torch/lib/libtorch_cpu.so)
frame #16: <unknown function> + 0x2bcbb1c (0x7f8d52653b1c in /opt/conda/lib/python3.6/site-packages/torch/lib/libtorch_cpu.so)
frame #17: torch::autograd::Engine::evaluate_function(std::shared_ptr<torch::autograd::GraphTask>&, torch::autograd::Node*, torch::autograd::InputBuffer&) + 0x169b (0x7f8d52650b8b in /opt/conda/lib/python3.6/site-packages/torch/lib/libtorch_cpu.so)
frame #18: torch::autograd::Engine::thread_main(std::shared_ptr<torch::autograd::GraphTask> const&, bool) + 0x579 (0x7f8d52651a89 in /opt/conda/lib/python3.6/site-packages/torch/lib/libtorch_cpu.so)
frame #19: torch::autograd::Engine::thread_init(int) + 0x49 (0x7f8d52649569 in /opt/conda/lib/python3.6/site-packages/torch/lib/libtorch_cpu.so)
frame #20: torch::autograd::python::PythonEngine::thread_init(int) + 0x48 (0x7f8dd7733608 in /opt/conda/lib/python3.6/site-packages/torch/lib/libtorch_python.so)
frame #21: <unknown function> + 0xc819d (0x7f8de0cf619d in /opt/conda/bin/../lib/libstdc++.so.6)
frame #22: <unknown function> + 0x76db (0x7f8df3af46db in /lib/x86_64-linux-gnu/libpthread.so.0)
frame #23: clone + 0x3f (0x7f8df381d88f in /lib/x86_64-linux-gnu/libc.so.6)

  File "/workspace/rn50/image_classification/training.py", line 245, in _step
    scaled_loss.backward()
  File "/opt/conda/lib/python3.6/site-packages/torch/tensor.py", line 198, in backward
    torch.autograd.backward(self, gradient, retain_graph, create_graph)
  File "/opt/conda/lib/python3.6/site-packages/torch/autograd/__init__.py", line 99, in backward
    allow_unreachable=True)  # allow_unreachable flag
RuntimeError: CUDA out of memory. Tried to allocate 982.00 MiB (GPU 2; 15.78 GiB total capacity; 6.83 GiB already allocated; 376.44 MiB free; 11.58 GiB reserved in total by PyTorch) (malloc at ../c10/cuda/CUDACachingAllocator.cpp:289)
frame #0: c10::Error::Error(c10::SourceLocation, std::__cxx11::basic_string<char, std::char_traits<char>, std::allocator<char> > const&) + 0x6c (0x7f569cb4436c in /opt/conda/lib/python3.6/site-packages/torch/lib/libc10.so)
frame #1: <unknown function> + 0x2575f (0x7f569c90575f in /opt/conda/lib/python3.6/site-packages/torch/lib/libc10_cuda.so)
frame #2: c10::cuda::CUDACachingAllocator::raw_alloc(unsigned long) + 0x85 (0x7f569c8fe9e5 in /opt/conda/lib/python3.6/site-packages/torch/lib/libc10_cuda.so)
frame #3: <unknown function> + 0x319a61c (0x7f55c1d7661c in /opt/conda/lib/python3.6/site-packages/torch/lib/libtorch_cuda.so)
frame #4: <unknown function> + 0x3192fb7 (0x7f55c1d6efb7 in /opt/conda/lib/python3.6/site-packages/torch/lib/libtorch_cuda.so)
frame #5: <unknown function> + 0x3194016 (0x7f55c1d70016 in /opt/conda/lib/python3.6/site-packages/torch/lib/libtorch_cuda.so)
frame #6: <unknown function> + 0x3196edc (0x7f55c1d72edc in /opt/conda/lib/python3.6/site-packages/torch/lib/libtorch_cuda.so)
frame #7: at::native::cudnn_convolution_backward_input(c10::ArrayRef<long>, at::Tensor const&, at::Tensor const&, c10::ArrayRef<long>, c10::ArrayRef<long>, c10::ArrayRef<long>, long, bool, bool) + 0xc1 (0x7f55c1d73471 in /opt/conda/lib/python3.6/site-packages/torch/lib/libtorch_cuda.so)
frame #8: <unknown function> + 0x31faa81 (0x7f55c1dd6a81 in /opt/conda/lib/python3.6/site-packages/torch/lib/libtorch_cuda.so)
frame #9: <unknown function> + 0x325809c (0x7f55c1e3409c in /opt/conda/lib/python3.6/site-packages/torch/lib/libtorch_cuda.so)
frame #10: at::native::cudnn_convolution_backward(at::Tensor const&, at::Tensor const&, at::Tensor const&, c10::ArrayRef<long>, c10::ArrayRef<long>, c10::ArrayRef<long>, long, bool, bool, std::array<bool, 2ul>) + 0x514 (0x7f55c1d74b44 in /opt/conda/lib/python3.6/site-packages/torch/lib/libtorch_cuda.so)
frame #11: <unknown function> + 0x31fae5f (0x7f55c1dd6e5f in /opt/conda/lib/python3.6/site-packages/torch/lib/libtorch_cuda.so)
frame #12: <unknown function> + 0x3258118 (0x7f55c1e34118 in /opt/conda/lib/python3.6/site-packages/torch/lib/libtorch_cuda.so)
frame #13: <unknown function> + 0x2ac4773 (0x7f5616617773 in /opt/conda/lib/python3.6/site-packages/torch/lib/libtorch_cpu.so)
frame #14: <unknown function> + 0x2b12208 (0x7f5616665208 in /opt/conda/lib/python3.6/site-packages/torch/lib/libtorch_cpu.so)
frame #15: torch::autograd::generated::CudnnConvolutionBackward::apply(std::vector<at::Tensor, std::allocator<at::Tensor> >&&) + 0x3bd (0x7f561623295d in /opt/conda/lib/python3.6/site-packages/torch/lib/libtorch_cpu.so)
frame #16: <unknown function> + 0x2bcbb1c (0x7f561671eb1c in /opt/conda/lib/python3.6/site-packages/torch/lib/libtorch_cpu.so)
frame #17: torch::autograd::Engine::evaluate_function(std::shared_ptr<torch::autograd::GraphTask>&, torch::autograd::Node*, torch::autograd::InputBuffer&) + 0x169b (0x7f561671bb8b in /opt/conda/lib/python3.6/site-packages/torch/lib/libtorch_cpu.so)
frame #18: torch::autograd::Engine::thread_main(std::shared_ptr<torch::autograd::GraphTask> const&, bool) + 0x579 (0x7f561671ca89 in /opt/conda/lib/python3.6/site-packages/torch/lib/libtorch_cpu.so)
frame #19: torch::autograd::Engine::thread_init(int) + 0x49 (0x7f5616714569 in /opt/conda/lib/python3.6/site-packages/torch/lib/libtorch_cpu.so)
frame #20: torch::autograd::python::PythonEngine::thread_init(int) + 0x48 (0x7f56197bf608 in /opt/conda/lib/python3.6/site-packages/torch/lib/libtorch_python.so)
frame #21: <unknown function> + 0xc819d (0x7f569d44219d in /opt/conda/bin/../lib/libstdc++.so.6)
frame #22: <unknown function> + 0x76db (0x7f56b56ad6db in /lib/x86_64-linux-gnu/libpthread.so.0)
frame #23: clone + 0x3f (0x7f56b53d688f in /lib/x86_64-linux-gnu/libc.so.6)

['/opt/conda/bin/python', '-u', '/workspace/rn50/main.py', '--data-backend', 'dali-cpu', '--raport-file', '/workspace/rn50/raport.json', '-j8', '-p', '1', '--lr', '1.024', '--optimizer-batch-size', '-1', '--warmup', '8', '--arch', 'resnet50', '-c', 'fanin', '--label-smoothing', '0.1', '--lr-schedule', 'cosine', '--mom', '0.125', '--wd', '3.0517578125e-05', '--workspace', '/workspace/rn50', '-b', '256', '--epochs', '1', '--prof', '150', '--training-only', '--no-checkpoints', '--amp', '--dynamic-loss-scale', '/data/image']
['/opt/conda/bin/python', '-u', '/workspace/rn50/main.py', '--data-backend', 'dali-cpu', '--raport-file', '/workspace/rn50/raport.json', '-j8', '-p', '1', '--lr', '1.024', '--optimizer-batch-size', '-1', '--warmup', '8', '--arch', 'resnet50', '-c', 'fanin', '--label-smoothing', '0.1', '--lr-schedule', 'cosine', '--mom', '0.125', '--wd', '3.0517578125e-05', '--workspace', '/workspace/rn50', '-b', '256', '--epochs', '1', '--prof', '150', '--training-only', '--no-checkpoints', '--amp', '--dynamic-loss-scale', '/data/image']
['/opt/conda/bin/python', '-u', '/workspace/rn50/main.py', '--data-backend', 'dali-cpu', '--raport-file', '/workspace/rn50/raport.json', '-j8', '-p', '1', '--lr', '1.024', '--optimizer-batch-size', '-1', '--warmup', '8', '--arch', 'resnet50', '-c', 'fanin', '--label-smoothing', '0.1', '--lr-schedule', 'cosine', '--mom', '0.125', '--wd', '3.0517578125e-05', '--workspace', '/workspace/rn50', '-b', '256', '--epochs', '1', '--prof', '150', '--training-only', '--no-checkpoints', '--amp', '--dynamic-loss-scale', '/data/image']
['/opt/conda/bin/python', '-u', '/workspace/rn50/main.py', '--data-backend', 'dali-cpu', '--raport-file', '/workspace/rn50/raport.json', '-j8', '-p', '1', '--lr', '1.024', '--optimizer-batch-size', '-1', '--warmup', '8', '--arch', 'resnet50', '-c', 'fanin', '--label-smoothing', '0.1', '--lr-schedule', 'cosine', '--mom', '0.125', '--wd', '3.0517578125e-05', '--workspace', '/workspace/rn50', '-b', '256', '--epochs', '1', '--prof', '150', '--training-only', '--no-checkpoints', '--amp', '--dynamic-loss-scale', '/data/image']
